ID_WEB;ID_JDN;CODEMAG;DATE_ASPI;URLPRODUIT
81454-73257;1443264;236;20170201;https://www.jardiland.com/maison-deco/beaute-bien-tre/cosmetiques/savon/81454-savon-pur-vegetal.html
32894-9918;1319695;236;20170201;https://www.jardiland.com/maison-deco/epicerie-fine/epicerie-sucree/confiserie/32894-tablette-de-chocolat.html
32856-41486;885280;236;20170201;https://www.jardiland.com/maison-deco/cache-pot-d-interieur/a-reserve-d-eau/resine/32856-pot-cubico-cottage.html
81701-73700;1014357;236;20170201;https://www.jardiland.com/maison-deco/cache-pot-d-interieur/a-reserve-d-eau/fibre/81701-pot-claire.html
82179-73699;1014341;236;20170201;https://www.jardiland.com/maison-deco/cache-pot-d-interieur/cache-pot-simple/pot-special-orchidee-et-accessoires/82179-pot-orchidee-d13-h14-1.html
32869-10403;1359856;236;20170201;https://www.jardiland.com/maison-deco/cache-pot-d-interieur/cache-pot-simple/ceramique/32869-cache-pot-rond-en-plastique-brussels-diamant.html
83481-79434;1486027;236;20170201;https://www.jardiland.com/maison-deco/objets-de-decoration/bougies-et-senteurs/parfum-d-ambiance-diffuseur-a-froid/83481-coffret-de-6-capsules-de-cire.html
83481-79433;1486028;236;20170201;https://www.jardiland.com/maison-deco/objets-de-decoration/bougies-et-senteurs/parfum-d-ambiance-diffuseur-a-froid/83481-coffret-de-6-capsules-de-cire.html
83481-79432;1486029;236;20170201;https://www.jardiland.com/maison-deco/objets-de-decoration/bougies-et-senteurs/parfum-d-ambiance-diffuseur-a-froid/83481-coffret-de-6-capsules-de-cire.html
83481-79389;1486024;236;20170201;https://www.jardiland.com/maison-deco/objets-de-decoration/bougies-et-senteurs/parfum-d-ambiance-diffuseur-a-froid/83481-coffret-de-6-capsules-de-cire.html
83481-79374;1486026;236;20170201;https://www.jardiland.com/maison-deco/objets-de-decoration/bougies-et-senteurs/parfum-d-ambiance-diffuseur-a-froid/83481-coffret-de-6-capsules-de-cire.html
81456-73533;1236393;236;20170201;https://www.jardiland.com/maison-deco/objets-de-decoration/bougies-et-senteurs/parfum-pour-le-linge/81456-brume-d-oreiller.html
81353-72910;1449244;236;20170201;https://www.jardiland.com/maison-deco/objets-de-decoration/bougies-et-senteurs/bougie-parfumee/81353-bougie-serviette-moelleuse.html
81256-72917;1449184;236;20170201;https://www.jardiland.com/maison-deco/objets-de-decoration/bougies-et-senteurs/bougie-parfumee/81256-bougie-marshmallow-grilles.html
81256-72916;1449185;236;20170201;https://www.jardiland.com/maison-deco/objets-de-decoration/bougies-et-senteurs/bougie-parfumee/81256-bougie-marshmallow-grilles.html
81455-72915;1449163;236;20170201;https://www.jardiland.com/maison-deco/objets-de-decoration/bougies-et-senteurs/bougie-parfumee/81455-bougie-lueur-hivernale.html
81172-72949;1449105;236;20170201;https://www.jardiland.com/maison-deco/objets-de-decoration/bougies-et-senteurs/bougie-parfumee/81172-bougie-framboise-rouge.html
81381-73548;1236516;236;20170201;https://www.jardiland.com/maison-deco/objets-de-decoration/bougies-et-senteurs/bougie-parfumee/81381-bougie-boite-alu.html
32316-28613;918052;236;20170201;https://www.jardiland.com/animaux/oiseau-de-la-nature/alimentation/32316-pain-de-graisse.html
57743-62880;1398661;236;20170201;https://www.jardiland.com/animaux/oiseau-de-la-nature/mangeoire-et-distributeur/57743-distributeur-de-graines-flip-top.html
81789-77585;737348;236;20170201;https://www.jardiland.com/animaux/reptiles-et-insectes/alimentation/boite-et-lyophilisee/81789-nourriture-sauterelles-sauvages.html
32291-30358;972176;236;20170201;https://www.jardiland.com/animaux/oiseau/cages-volieres-et-accessoires/cage/32291-pied-de-cage-toledo.html
81657-75652;1483563;236;20170201;https://www.jardiland.com/animaux/oiseau/alimentation-et-friandises/friandise/81657-crunchy-cake-oiseau-x6-1.html
81657-75651;1483564;236;20170201;https://www.jardiland.com/animaux/oiseau/alimentation-et-friandises/friandise/81657-crunchy-cake-oiseau-x6-1.html
32460-15344;544425;236;20170201;https://www.jardiland.com/animaux/poisson/entretien-et-soins/produit-pour-poisson/32460-tetra-general-tonic.html
32460-15342;544419;236;20170201;https://www.jardiland.com/animaux/poisson/entretien-et-soins/produit-pour-poisson/32460-tetra-general-tonic.html
81621-73025;1457276;236;20170201;https://www.jardiland.com/animaux/poisson/materiel-chauffage-filtres-et-pompes/aeration/81621-new-rena-air.html
82830-75470;1481079;236;20170201;https://www.jardiland.com/animaux/poisson/materiel-chauffage-filtres-et-pompes/filtre-exterieur/82830-jard-tuyau-predecoupe-2-5m.html
82766-74970;1473541;236;20170201;https://www.jardiland.com/animaux/poisson/materiel-chauffage-filtres-et-pompes/nettoyage-aquarium/82766-jard-epuisette-maille-fine.html
82766-74969;1473543;236;20170201;https://www.jardiland.com/animaux/poisson/materiel-chauffage-filtres-et-pompes/nettoyage-aquarium/82766-jard-epuisette-maille-fine.html
82481-75892;1475829;236;20170201;https://www.jardiland.com/animaux/poisson/materiel-chauffage-filtres-et-pompes/aeration/82481-jard-diffuseur-d-air-3cm.html
82481-75886;1475828;236;20170201;https://www.jardiland.com/animaux/poisson/materiel-chauffage-filtres-et-pompes/aeration/82481-jard-diffuseur-d-air-3cm.html
53248-53160;543688;236;20170201;https://www.jardiland.com/animaux/poisson/materiel-chauffage-filtres-et-pompes/masse-de-filtration/53248-ehfikarbon.html
32472-29868;957335;236;20170201;https://www.jardiland.com/animaux/poisson/materiel-chauffage-filtres-et-pompes/aeration/32472-diffuseur-d-air-barre.html
32472-29572;957333;236;20170201;https://www.jardiland.com/animaux/poisson/materiel-chauffage-filtres-et-pompes/aeration/32472-diffuseur-d-air-barre.html
81339-72806;1453027;236;20170201;https://www.jardiland.com/animaux/poisson/decoration-pour-aquarium/sable-et-autres-graviers/81339-quartz-fluo-pour-aquarium-1-kg.html
81339-72805;1453026;236;20170201;https://www.jardiland.com/animaux/poisson/decoration-pour-aquarium/sable-et-autres-graviers/81339-quartz-fluo-pour-aquarium-1-kg.html
81339-72804;1453023;236;20170201;https://www.jardiland.com/animaux/poisson/decoration-pour-aquarium/sable-et-autres-graviers/81339-quartz-fluo-pour-aquarium-1-kg.html
81339-72801;1453025;236;20170201;https://www.jardiland.com/animaux/poisson/decoration-pour-aquarium/sable-et-autres-graviers/81339-quartz-fluo-pour-aquarium-1-kg.html
81331-72803;1453015;236;20170201;https://www.jardiland.com/animaux/poisson/decoration-pour-aquarium/sable-et-autres-graviers/81331-jard-quartz-deco-1kg.html
50792-41431;543362;236;20170201;https://www.jardiland.com/animaux/poisson/aquariums/meuble-pour-aquarium/50792-meuble-rio-300-1.html
31833-9810;1315053;236;20170201;https://www.jardiland.com/animaux/chat/soins-antiparasitaires/insecticide/31833-advantage-40-pour-chat.html
31802-15210;542908;236;20170201;https://www.jardiland.com/animaux/chat/colliers-laisses-et-harnais/laisse/31802-laisse-pour-chat-tete-de-chat.html
81826-76502;1465563;236;20170201;https://www.jardiland.com/animaux/chat/colliers-laisses-et-harnais/laisse/81826-laisse-chat-ladycat-1m.html
81826-76501;1465562;236;20170201;https://www.jardiland.com/animaux/chat/colliers-laisses-et-harnais/laisse/81826-laisse-chat-ladycat-1m.html
81826-76500;1465561;236;20170201;https://www.jardiland.com/animaux/chat/colliers-laisses-et-harnais/laisse/81826-laisse-chat-ladycat-1m.html
31799-11891;1374695;236;20170201;https://www.jardiland.com/animaux/chat/colliers-laisses-et-harnais/harnais/31799-harnais-pour-chat-spring.html
81923-76510;1465565;236;20170201;https://www.jardiland.com/animaux/chat/colliers-laisses-et-harnais/harnais/81923-harnais-chat-ladycat-10mm.html
81923-76506;1465567;236;20170201;https://www.jardiland.com/animaux/chat/colliers-laisses-et-harnais/harnais/81923-harnais-chat-ladycat-10mm.html
81923-76504;1465566;236;20170201;https://www.jardiland.com/animaux/chat/colliers-laisses-et-harnais/harnais/81923-harnais-chat-ladycat-10mm.html
81830-76594;1465558;236;20170201;https://www.jardiland.com/animaux/chat/colliers-laisses-et-harnais/collier/81830-collier-chat-ladycat-30cm.html
81830-76593;1465557;236;20170201;https://www.jardiland.com/animaux/chat/colliers-laisses-et-harnais/collier/81830-collier-chat-ladycat-30cm.html
81830-76536;1465559;236;20170201;https://www.jardiland.com/animaux/chat/colliers-laisses-et-harnais/collier/81830-collier-chat-ladycat-30cm.html
62908-74375;1318616;236;20170201;https://www.jardiland.com/animaux/chat/alimentation-et-friandises/boite-et-sachet-fraicheur/62908-sterilised-cat-sachet-repas-85g.html
62895-62858;1439155;236;20170201;https://www.jardiland.com/animaux/chat/alimentation-et-friandises/boite-et-sachet-fraicheur/62895-schesir-patee-pour-chats-70-g.html
31711-15199;542532;236;20170201;https://www.jardiland.com/animaux/chat/alimentation-et-friandises/croquette-pour-chat/31711-proplan-cat-house-cat.html
32653-10999;1362760;236;20170201;https://www.jardiland.com/animaux/rongeurs-et-petits-mammiferes/hygiene-et-soins/terre-a-bain/32653-terre-a-bain-rody-sand-pour-rongeurs.html
32646-13200;1402800;236;20170201;https://www.jardiland.com/animaux/rongeurs-et-petits-mammiferes/hygiene-et-soins/autres-produits-d-hygiene/32646-bloc-mineral.html
43375-42957;660237;236;20170201;https://www.jardiland.com/animaux/rongeurs-et-petits-mammiferes/habitats-cages-et-accessoires/cage/43375-cage-deluxe.html
82747-74788;1474195;236;20170201;https://www.jardiland.com/animaux/rongeurs-et-petits-mammiferes/aliments-et-friandises/friandise/82747-crunchy-pearls-45g.html
82390-72257;1398782;236;20170201;https://www.jardiland.com/animaux/chien/hygiene-et-soins/soin-de-toilettage/82390-jd-brosse-magique.html
46041-52343;926801;236;20170201;https://www.jardiland.com/animaux/chien/colliers-laisses-et-vetements/laisse-pour-chien/46041-laisse-pour-chien-avec-bord-arrondi.html
82649-73304;1443679;236;20170201;https://www.jardiland.com/animaux/chien/colliers-laisses-et-vetements/harnais/82649-harnais-baudrier-confort.html
81764-78561;739599;236;20170201;https://www.jardiland.com/animaux/chien/colliers-laisses-et-vetements/collier-pour-chien/81764-col-chai-1-2-etrangleur-2-rang.html
81764-78559;739601;236;20170201;https://www.jardiland.com/animaux/chien/colliers-laisses-et-vetements/collier-pour-chien/81764-col-chai-1-2-etrangleur-2-rang.html
81764-78557;739603;236;20170201;https://www.jardiland.com/animaux/chien/colliers-laisses-et-vetements/collier-pour-chien/81764-col-chai-1-2-etrangleur-2-rang.html
32219-23532;716324;236;20170201;https://www.jardiland.com/animaux/chien/niches-couchage-et-transport/corbeille/32219-corbeille-pour-chien-siesta-deluxe-6-1.html
65030-65009;1485052;236;20170201;https://www.jardiland.com/animaux/chien/alimentation-et-friandises/biscuit/65030-petits-fourres-au-saumon-et-aux-algues-400-g.html
65030-64990;1485055;236;20170201;https://www.jardiland.com/animaux/chien/alimentation-et-friandises/biscuit/65030-petits-fourres-au-saumon-et-aux-algues-400-g.html
31984-7075;1209698;236;20170201;https://www.jardiland.com/animaux/chien/alimentation-et-friandises/friandise-bucco-dentaire/31984-os-au-fluor.html
65029-65008;1485045;236;20170201;https://www.jardiland.com/animaux/chien/alimentation-et-friandises/biscuit/65029-friandises-macarons-pour-chiens.html
65029-65007;1485044;236;20170201;https://www.jardiland.com/animaux/chien/alimentation-et-friandises/biscuit/65029-friandises-macarons-pour-chiens.html
83505-79550;1486143;236;20170201;https://www.jardiland.com/animaux/chien/alimentation-et-friandises/os-a-macher/83505-feedeez-os-presse.html
82284-75390;1469342;236;20170201;https://www.jardiland.com/animaux/chien/alimentation-et-friandises/biscuit/82284-feedeez-oreilles-porc.html
81801-77889;640025;236;20170201;https://www.jardiland.com/amenagement-du-jardin/bassins-et-jardin-aquatique/materiel/81801-tuyau-annele.html
31485-28957;924834;236;20170201;https://www.jardiland.com/amenagement-du-jardin/pots-bacs-jardinieres-et-supports/en-fibre/31485-plat-rectangle-en-fibre-dustwood.html
31499-9282;1294713;236;20170201;https://www.jardiland.com/amenagement-du-jardin/pots-bacs-jardinieres-et-supports/en-fibre/31499-plat-carre-en-fibre-dustwood.html
31527-9131;1292105;236;20170201;https://www.jardiland.com/amenagement-du-jardin/pots-bacs-jardinieres-et-supports/en-plastique/31527-soucoupe-en-plastique-san-remo.html
31557-9151;1292125;236;20170201;https://www.jardiland.com/amenagement-du-jardin/pots-bacs-jardinieres-et-supports/en-plastique/31557-soucoupe-en-plastique-samba.html
31565-10798;1360036;236;20170201;https://www.jardiland.com/amenagement-du-jardin/pots-bacs-jardinieres-et-supports/en-plastique/31565-pot-omega.html
31558-9145;1292119;236;20170201;https://www.jardiland.com/amenagement-du-jardin/pots-bacs-jardinieres-et-supports/en-plastique/31558-pot-en-plastique-samba.html
31524-6801;1017929;236;20170201;https://www.jardiland.com/amenagement-du-jardin/pots-bacs-jardinieres-et-supports/en-plastique/31524-jardiniere-jardinera-en-resine-de-polyethylene.html
31574-11219;1360620;236;20170201;https://www.jardiland.com/amenagement-du-jardin/pots-bacs-jardinieres-et-supports/en-plastique/31574-crochet-de-suspension.html
31218-12765;1396475;236;20170201;https://www.jardiland.com/amenagement-du-jardin/barbecues-cuisine-exterieur/au-charbon/31218-barbecue-au-charbon-master-touch-gbs-57-cm.html
31304-10724;1352248;236;20170201;https://www.jardiland.com/amenagement-du-jardin/eclairage-et-chauffage-d-exterieur/eclairage-solaire/31304-lanterne-solaire-marrakech.html
81417-72788;1379416;236;20170201;https://www.jardiland.com/jardinage/entretien-et-traitements/desherbants/autres-desherbants/81417-devitalisant-de-souches.html
32697-53142;1401615;236;20170201;https://www.jardiland.com/jardinage/entretien-et-traitements/engrais/engrais-pour-arbres-et-fleurs-du-jardin/32697-engrais-geraniums-et-balconnieres.html
59620-59530;1376819;236;20170201;https://www.jardiland.com/plantes/sapins-de-noel/sapins-de-noel-floques/59620-sapin-de-noel-epicea-commun-floque.html
59620-59525;1398914;236;20170201;https://www.jardiland.com/plantes/sapins-de-noel/sapins-de-noel-floques/59620-sapin-de-noel-epicea-commun-floque.html
82836-76042;1474997;236;20170201;https://www.jardiland.com/plantes/sapins-de-noel/sapins-de-noel-floques/82836-picea-pungens-super-blue.html
35589-28530;916973;236;20170201;https://www.jardiland.com/plantes/plantes-d-interieur/bonsais/ficus/35589-ficus-ginseng.html
82345-75897;1475796;236;20170201;https://www.jardiland.com/plantes/plantes-d-interieur/plantes-vertes/autres-plantes-vertes/82345-plante-verte-mixte.html
36066-7183;1217928;236;20170201;https://www.jardiland.com/plantes/plantes-d-interieur/plantes-vertes/nolina-beaucarnea/36066-pied-d-elephant.html
36068-7807;1246248;236;20170201;https://www.jardiland.com/plantes/plantes-d-interieur/plantes-vertes/pachira/36068-pachira-aquatica.html
84681-77558;679762;236;20170201;https://www.jardiland.com/plantes/plantes-d-interieur/plantes-vertes/hedera/84681-hedera.html
36014-55381;692322;236;20170201;https://www.jardiland.com/plantes/plantes-d-interieur/plantes-vertes/ficus/36014-ficus-benjamina-kinky.html
84696-77877;633835;236;20170201;https://www.jardiland.com/plantes/plantes-d-interieur/plantes-fleuries/kalanchoe/84696-kalanchoe-calandivar-a-fleurs-doubles.html
35784-20483;632097;236;20170201;https://www.jardiland.com/plantes/plantes-d-interieur/plantes-fleuries/gardenia/35784-gardenia-jasminoides-augusta.html
35587-38344;1404660;236;20170201;https://www.jardiland.com/plantes/graines-et-gazon/graines-potageres-et-aromatiques/haricots/35587-haricot-a-rames-montebello.html
35270-26696;856432;236;20170201;https://www.jardiland.com/plantes/bulbes-et-pommes-de-terre/bulbes-a-fleurs/lis/35270-lis-asiatique-lollypop.html
35224-26082;847086;236;20170201;https://www.jardiland.com/plantes/bulbes-et-pommes-de-terre/bulbes-a-fleurs/freesia/35224-freesia-double-en-melange.html
36562-6179;1004056;236;20170201;https://www.jardiland.com/plantes/potager-et-verger/fruitiers/vigne/36562-vigne-muscat-bleu.html
36522-18062;593789;236;20170201;https://www.jardiland.com/plantes/potager-et-verger/fruitiers/noisetier/36522-noisetier-fertile-de-coutard.html
36473-19782;609373;236;20170201;https://www.jardiland.com/plantes/potager-et-verger/fruitiers/groseillier-a-grappes/36473-groseillier-a-grappes-versailles-blanche.html
36441-8621;1281611;236;20170201;https://www.jardiland.com/plantes/potager-et-verger/fruitiers/framboisier/36441-framboisier.html
33393-24408;752670;236;20170201;https://www.jardiland.com/plantes/potager-et-verger/plantes-aromatiques/lavande/33393-lavande-papillon-willow-vale.html
33925-26589;852335;236;20170201;https://www.jardiland.com/plantes/arbres-et-arbustes-d-ornement/coniferes/chamaecyparis/33925-cypres-de-lawson-ellwoodii.html
33880-12968;1400259;236;20170201;https://www.jardiland.com/plantes/arbres-et-arbustes-d-ornement/buis-et-topiaires/photinia-en-topiaire/33880-photinia-x-fraseri-red-robin.html
33847-26823;872043;236;20170201;https://www.jardiland.com/plantes/arbres-et-arbustes-d-ornement/buis-et-topiaires/buis/33847-buis-commun.html
33847-7133;1212043;236;20170201;https://www.jardiland.com/plantes/arbres-et-arbustes-d-ornement/buis-et-topiaires/buis/33847-buis-commun.html
34441-22161;667704;236;20170201;https://www.jardiland.com/plantes/arbres-et-arbustes-d-ornement/plantes-grimpantes/glycine/34441-glycine-honbeni.html
34979-23631;719304;236;20170201;https://www.jardiland.com/plantes/arbres-et-arbustes-d-ornement/rosiers/rosiers-grimpants/34979-rosier-grimpant-a-grandes-fleurs.html
34979-21155;639410;236;20170201;https://www.jardiland.com/plantes/arbres-et-arbustes-d-ornement/rosiers/rosiers-grimpants/34979-rosier-grimpant-a-grandes-fleurs.html
34979-6020;1000928;236;20170201;https://www.jardiland.com/plantes/arbres-et-arbustes-d-ornement/rosiers/rosiers-grimpants/34979-rosier-grimpant-a-grandes-fleurs.html
34326-8154;1256838;236;20170201;https://www.jardiland.com/plantes/arbres-et-arbustes-d-ornement/plantes-de-terre-de-bruyere/rhododendron/34326-rhododendron-graziella-ponticum.html
41570-25623;823048;236;20170201;https://www.jardiland.com/plantes/arbres-et-arbustes-d-ornement/plantes-de-terre-de-bruyere/erable-du-japon/41570-erable-du-japon-orange-dream.html
41567-25361;823077;236;20170201;https://www.jardiland.com/plantes/arbres-et-arbustes-d-ornement/plantes-de-terre-de-bruyere/erable-du-japon/41567-erable-du-japon.html
34105-16237;582505;236;20170201;https://www.jardiland.com/plantes/arbres-et-arbustes-d-ornement/plantes-de-terre-de-bruyere/camelia/34105-camelia-preston-rose.html
33628-13005;1401063;236;20170201;https://www.jardiland.com/plantes/arbres-et-arbustes-d-ornement/arbres-et-arbustes/saule/33628-salix-udensis-sekka.html
33296-13786;1415786;236;20170201;https://www.jardiland.com/plantes/arbres-et-arbustes-d-ornement/arbres-et-arbustes/groseillier-a-fleurs/33296-ribes-odoratum.html
33514-55294;1474623;236;20170201;https://www.jardiland.com/plantes/arbres-et-arbustes-d-ornement/arbres-et-arbustes/photinia/33514-photinia-x-fraseri-pink-marbler-cassini.html
33511-18235;595091;236;20170201;https://www.jardiland.com/plantes/arbres-et-arbustes-d-ornement/arbres-et-arbustes/photinia/33511-photinia-x-fraseri-red-robin.html
33510-18281;595065;236;20170201;https://www.jardiland.com/plantes/arbres-et-arbustes-d-ornement/arbres-et-arbustes/photinia/33510-photinia-x-fraseri-red-robin.html
33113-17562;590496;236;20170201;https://www.jardiland.com/plantes/arbres-et-arbustes-d-ornement/arbres-et-arbustes/corete-du-japon/33113-kerria-japonica-pleniflora.html
33231-55467;746894;236;20170201;https://www.jardiland.com/plantes/arbres-et-arbustes-d-ornement/arbres-et-arbustes/forsythia/33231-forsythia-maree-d-orr-courtasol-pbr.html
43395-42705;1437842;236;20170201;https://www.jardiland.com/plantes/arbres-et-arbustes-d-ornement/arbres-et-arbustes/erable/43395-erable-platane-globosum.html
33190-26823;872043;236;20170201;https://www.jardiland.com/plantes/arbres-et-arbustes-d-ornement/arbres-et-arbustes/erable/33190-erable-champetre.html
33190-7133;1212043;236;20170201;https://www.jardiland.com/plantes/arbres-et-arbustes-d-ornement/arbres-et-arbustes/erable/33190-erable-champetre.html
33104-13797;1415976;236;20170201;https://www.jardiland.com/plantes/arbres-et-arbustes-d-ornement/arbres-et-arbustes/cognassier-du-japon/33104-cognassier-a-fleurs.html
33042-19747;609212;236;20170201;https://www.jardiland.com/plantes/arbres-et-arbustes-d-ornement/arbres-et-arbustes/callicarpa/33042-callicarpe-de-bodinier-profusion.html
33019-60556;581181;236;20170201;https://www.jardiland.com/plantes/arbres-et-arbustes-d-ornement/arbres-et-arbustes/bouleau/33019-bouleau-pleureur-youngii.html
32952-7722;1244515;236;20170201;https://www.jardiland.com/plantes/arbres-et-arbustes-d-ornement/arbres-et-arbustes/arbre-de-judee/32952-arbre-de-judee-avondale.html
32928-30510;974768;236;20170201;https://www.jardiland.com/plantes/arbres-et-arbustes-d-ornement/arbres-et-arbustes/abelia/32928-abelia-x-grandiflora-sunrise-pbr.html
