ID_WEB;ID_JDN;CODEMAG;DATE_ASPI;URLPRODUIT
67597-67597;1477638;185;20170124;https://www.jardiland.com/maison-deco/beaute-bien-tre/accessoires/coffret/67597-duo-mini-bqt-brins-noir-rose-verveine.html
67576-67576;1477659;185;20170124;https://www.jardiland.com/maison-deco/beaute-bien-tre/accessoires/coffret/67576-duo-mini-bqt-brins-noir-rose-paris-chic.html
67582-67582;1477653;185;20170124;https://www.jardiland.com/maison-deco/beaute-bien-tre/accessoires/coffret/67582-bouquet-parfume-anti-odeur-tabac.html
67581-67581;1477654;185;20170124;https://www.jardiland.com/maison-deco/beaute-bien-tre/accessoires/coffret/67581-bouquet-parfume-anti-odeur-salle-d-eau.html
67584-67584;1477651;185;20170124;https://www.jardiland.com/maison-deco/beaute-bien-tre/accessoires/coffret/67584-bouquet-parfume-anti-odeur-cuisine.html
67583-67583;1477652;185;20170124;https://www.jardiland.com/maison-deco/beaute-bien-tre/accessoires/coffret/67583-bouquet-parfume-anti-odeur-animaux.html
71236-71236;1321777;185;20170124;https://www.jardiland.com/maison-deco/beaute-bien-tre/cosmetiques/savon/71236-savon-rond-au-lait-d-aloe-vera.html
81454-78269;857156;185;20170124;https://www.jardiland.com/maison-deco/beaute-bien-tre/cosmetiques/savon/81454-savon-pur-vegetal.html
81454-78267;857153;185;20170124;https://www.jardiland.com/maison-deco/beaute-bien-tre/cosmetiques/savon/81454-savon-pur-vegetal.html
81454-78265;857160;185;20170124;https://www.jardiland.com/maison-deco/beaute-bien-tre/cosmetiques/savon/81454-savon-pur-vegetal.html
81454-78259;857144;185;20170124;https://www.jardiland.com/maison-deco/beaute-bien-tre/cosmetiques/savon/81454-savon-pur-vegetal.html
81454-72424;1407914;185;20170124;https://www.jardiland.com/maison-deco/beaute-bien-tre/cosmetiques/savon/81454-savon-pur-vegetal.html
68893-68893;1436117;185;20170124;https://www.jardiland.com/maison-deco/epicerie-fine/epicerie-sucree/confiserie/68893-sucre-d-orge-28g-framboise-seau-de-96-1.html
68800-68800;1439412;185;20170124;https://www.jardiland.com/maison-deco/art-de-la-table/linge-de-table/autres-textiles-de-cuisine/68800-tablier-nainconnu.html
69678-69678;1432050;185;20170124;https://www.jardiland.com/maison-deco/art-de-la-table/linge-de-table/set-de-table/69678-set-de-table-vert-33x48cm.html
69661-69661;1432067;185;20170124;https://www.jardiland.com/maison-deco/art-de-la-table/linge-de-table/set-de-table/69661-set-de-table-uni-vert-33x48cm.html
68794-68794;1439430;185;20170124;https://www.jardiland.com/maison-deco/art-de-la-table/linge-de-table/set-de-table/68794-dessous-de-verre-d9cm-nainconnu.html
69680-69680;1432048;185;20170124;https://www.jardiland.com/maison-deco/art-de-la-table/linge-de-table/chemin-de-table/69680-chemin-de-table-vert-40x140cm.html
69664-69664;1432064;185;20170124;https://www.jardiland.com/maison-deco/art-de-la-table/linge-de-table/chemin-de-table/69664-chemin-de-table-uni-vert-40x140cm.html
69679-69679;1432049;185;20170124;https://www.jardiland.com/maison-deco/art-de-la-table/linge-de-table/chemin-de-table/69679-chemin-de-table-gris-40x140cm.html
68795-68795;1439421;185;20170124;https://www.jardiland.com/maison-deco/art-de-la-table/vaisselle/verre/68795-verre-haut-maison-du-bonheur.html
68803-68803;1439405;185;20170124;https://www.jardiland.com/maison-deco/art-de-la-table/vaisselle/plat-de-service/68803-sel-poivre-nainconnu.html
68804-68804;1439399;185;20170124;https://www.jardiland.com/maison-deco/art-de-la-table/vaisselle/plateau-presentoir-et-set/68804-plateau-mel-50cm-nainconnu.html
68400-68400;1457220;185;20170124;https://www.jardiland.com/maison-deco/art-de-la-table/vaisselle/plateau-presentoir-et-set/68400-plateau-27x22-teo-jardinier.html
68788-68788;1439459;185;20170124;https://www.jardiland.com/maison-deco/art-de-la-table/vaisselle/plat-de-service/68788-pelle-tarte-nainconnu.html
68791-68791;1439449;185;20170124;https://www.jardiland.com/maison-deco/art-de-la-table/vaisselle/plateau-presentoir-et-set/68791-mini-plateau21x14-maison-bonhr.html
69257-69257;1430956;185;20170124;https://www.jardiland.com/maison-deco/art-de-la-table/vaisselle/couvert/69257-couverts-a-salade-blanc.html
68796-68796;1439419;185;20170124;https://www.jardiland.com/maison-deco/art-de-la-table/vaisselle/tasse-bol-et-mug/68796-bol-melam-14cm-nainconnu.html
68799-68799;1439414;185;20170124;https://www.jardiland.com/maison-deco/art-de-la-table/vaisselle/tasse-bol-et-mug/68799-bol-melam-14cm-maison-bonheur.html
69253-69253;1430975;185;20170124;https://www.jardiland.com/maison-deco/art-de-la-table/vaisselle/tasse-bol-et-mug/69253-bol-martele-gris-d15-2cm.html
69252-69252;1430976;185;20170124;https://www.jardiland.com/maison-deco/art-de-la-table/vaisselle/tasse-bol-et-mug/69252-bol-martele-blanc-d15-2cm.html
69254-69254;1430966;185;20170124;https://www.jardiland.com/maison-deco/art-de-la-table/vaisselle/tasse-bol-et-mug/69254-bol-bi-couleur-d14-2cm.html
82030-74221;1293870;185;20170124;https://www.jardiland.com/maison-deco/cache-pot-d-interieur/a-reserve-d-eau/fibre/82030-pot-trio-claire-d26-h14-1.html
82030-74219;1293867;185;20170124;https://www.jardiland.com/maison-deco/cache-pot-d-interieur/a-reserve-d-eau/fibre/82030-pot-trio-claire-d26-h14-1.html
82030-74218;1293866;185;20170124;https://www.jardiland.com/maison-deco/cache-pot-d-interieur/a-reserve-d-eau/fibre/82030-pot-trio-claire-d26-h14-1.html
82030-74217;1293865;185;20170124;https://www.jardiland.com/maison-deco/cache-pot-d-interieur/a-reserve-d-eau/fibre/82030-pot-trio-claire-d26-h14-1.html
81701-73698;1014336;185;20170124;https://www.jardiland.com/maison-deco/cache-pot-d-interieur/a-reserve-d-eau/fibre/81701-pot-claire.html
69063-69063;1433159;185;20170124;https://www.jardiland.com/maison-deco/cache-pot-d-interieur/cache-pot-simple/contenant-en-metal/69063-seau-zinc-blanc-motif-pissenlit-55x21x40-1.html
48244-47466;1405997;185;20170124;https://www.jardiland.com/maison-deco/cache-pot-d-interieur/cache-pot-simple/ceramique/48244-pot-b-for-soft-carre.html
32867-10491;1349828;185;20170124;https://www.jardiland.com/maison-deco/cache-pot-d-interieur/cache-pot-simple/cache-pot-aimante/32867-pot-aimante-cylindrique-kalamitica.html
36821-36821;1306250;185;20170124;https://www.jardiland.com/maison-deco/hygiene-de-la-maison/36821-pierre-multi-usages-blanche.html
71556-71556;1265481;185;20170124;https://www.jardiland.com/maison-deco/librairie-papeterie/librairie/livre-jardin/71556-bases-pour-jardiner-ne.html
69208-69208;1432402;185;20170124;https://www.jardiland.com/maison-deco/mobilier-d-interieur/69208-plateau-sur-pied-50x50x54-5cm.html
69170-69170;1432738;185;20170124;https://www.jardiland.com/maison-deco/objets-de-decoration/autres-objets-de-decoration/autres-objets-de-decoration/69170-vase-frances-26cm-transparent.html
69177-69177;1432714;185;20170124;https://www.jardiland.com/maison-deco/objets-de-decoration/autres-objets-de-decoration/autres-objets-de-decoration/69177-vase-bouteille-rioja-50cm-vert-pomme.html
52695-52695;1432945;185;20170124;https://www.jardiland.com/maison-deco/objets-de-decoration/autres-objets-de-decoration/plateau-et-serviteur/52695-sous-plateau-blanc.html
69137-69137;1433046;185;20170124;https://www.jardiland.com/maison-deco/objets-de-decoration/autres-objets-de-decoration/autres-objets-de-decoration/69137-pot-a-suspendre-vert-d17x17cm.html
68577-68577;1454791;185;20170124;https://www.jardiland.com/maison-deco/objets-de-decoration/autres-objets-de-decoration/fruit-et-legume-artificiel/68577-pomme-couleur-marsala-7-5-cm.html
68404-68404;1457211;185;20170124;https://www.jardiland.com/maison-deco/objets-de-decoration/autres-objets-de-decoration/sac/68404-cabas-gm-nainconnu-jaune.html
70458-70458;1395534;185;20170124;https://www.jardiland.com/maison-deco/objets-de-decoration/figurines-et-peluches/figurine/70458-oiseau-vert-en-fibre-27x19x25-1.html
70467-70467;1395525;185;20170124;https://www.jardiland.com/maison-deco/objets-de-decoration/figurines-et-peluches/figurine/70467-oiseau-blanc-en-fibre-36x19x24-1.html
70511-70511;1395369;185;20170124;https://www.jardiland.com/maison-deco/objets-de-decoration/figurines-et-peluches/figurine/70511-bain-d-oiseau-chocolat-32x20x15-1.html
67950-67950;1472856;185;20170124;https://www.jardiland.com/maison-deco/objets-de-decoration/rangement-boites-et-paniers/boite-fantaisie/67950-boite-embossee-a-gateaux-fait-maison.html
70986-70986;1351340;185;20170124;https://www.jardiland.com/maison-deco/objets-de-decoration/rangement-boites-et-paniers/coffret-et-boite-de-rangement/70986-boite-a-sel-de-ma-vie-bleu.html
70642-70642;1387414;185;20170124;https://www.jardiland.com/maison-deco/objets-de-decoration/rangement-boites-et-paniers/boite-fantaisie/70642-boite-a-pain-de-mie-j-adore-blanc.html
68555-68555;1454813;185;20170124;https://www.jardiland.com/maison-deco/objets-de-decoration/plantes-artificielles/tige-fleurie/68555-rose-rose-60cm.html
68553-68553;1454815;185;20170124;https://www.jardiland.com/maison-deco/objets-de-decoration/plantes-artificielles/tige-fleurie/68553-rose-argent-60cm.html
68567-68567;1454801;185;20170124;https://www.jardiland.com/maison-deco/objets-de-decoration/plantes-artificielles/tige-fleurie/68567-pompon-branche-bordeaux-80cm.html
70949-70949;1353630;185;20170124;https://www.jardiland.com/maison-deco/objets-de-decoration/plantes-artificielles/tige-fleurie/70949-pivoine-creme-vert-63cm.html
71141-71141;1337624;185;20170124;https://www.jardiland.com/maison-deco/objets-de-decoration/plantes-artificielles/bouquet-et-composition/71141-pensees-dans-pot-en-papier-20cm.html
68552-68552;1454816;185;20170124;https://www.jardiland.com/maison-deco/objets-de-decoration/plantes-artificielles/tige-fleurie/68552-orchidee-phalaeno-rose-77cm.html
68550-68550;1454818;185;20170124;https://www.jardiland.com/maison-deco/objets-de-decoration/plantes-artificielles/tige-fleurie/68550-orchidee-phalaeno-argent-77cm.html
70951-70951;1353584;185;20170124;https://www.jardiland.com/maison-deco/objets-de-decoration/plantes-artificielles/bouquet-et-composition/70951-orchidee-arrgt-en-coupe-lavande-28cm.html
70530-70530;1394864;185;20170124;https://www.jardiland.com/maison-deco/objets-de-decoration/plantes-artificielles/bouquet-et-composition/70530-mini-orchidee-coupe-asst-clrs-18cm.html
3441-3441;1434251;185;20170124;https://www.jardiland.com/maison-deco/objets-de-decoration/plantes-artificielles/tige-fleurie/3441-herbe-graminee-boule-vert-artificielle.html
68746-68746;1441342;185;20170124;https://www.jardiland.com/maison-deco/objets-de-decoration/plantes-artificielles/tige-fleurie/68746-fougere-branche-78cm-vert.html
69152-69152;1433021;185;20170124;https://www.jardiland.com/maison-deco/objets-de-decoration/vases-coupes-et-accessoires/pot-et-coupe/69152-vase-ceramique-vert-oiseau-brche-18x35cm.html
69149-69149;1433024;185;20170124;https://www.jardiland.com/maison-deco/objets-de-decoration/vases-coupes-et-accessoires/pot-et-coupe/69149-vase-ceramique-jaune-15x25cm.html
69778-69778;1415083;185;20170124;https://www.jardiland.com/maison-deco/objets-de-decoration/vases-coupes-et-accessoires/vase-et-coupe-en-verre/69778-vase-carafe-colonial-4l.html
69133-69133;1433061;185;20170124;https://www.jardiland.com/maison-deco/objets-de-decoration/vases-coupes-et-accessoires/pot-et-coupe/69133-pot-terracota-oiseau-sur-fil-2ast.html
70512-70512;1395366;185;20170124;https://www.jardiland.com/maison-deco/objets-de-decoration/vases-coupes-et-accessoires/pot-et-coupe/70512-pot-interieur-en-fibre-vert-d34-x-h61-1.html
70513-70513;1395355;185;20170124;https://www.jardiland.com/maison-deco/objets-de-decoration/vases-coupes-et-accessoires/pot-et-coupe/70513-pot-interieur-en-fibre-vert-d20-x-h30-1.html
69104-69104;1433109;185;20170124;https://www.jardiland.com/maison-deco/objets-de-decoration/vases-coupes-et-accessoires/pot-et-coupe/69104-pot-aromates-4-ast.html
66048-66048;840976;185;20170124;https://www.jardiland.com/maison-deco/objets-de-decoration/vases-coupes-et-accessoires/accessoires-de-composition-florale/66048-pinholder-x5-1.html
66036-66036;845662;185;20170124;https://www.jardiland.com/maison-deco/objets-de-decoration/vases-coupes-et-accessoires/accessoires-de-composition-florale/66036-gomme-adhesive.html
66035-66035;845667;185;20170124;https://www.jardiland.com/maison-deco/objets-de-decoration/vases-coupes-et-accessoires/accessoires-de-composition-florale/66035-floratape-vert.html
66605-66605;644387;185;20170124;https://www.jardiland.com/maison-deco/objets-de-decoration/bougies-et-senteurs/accessoires-pour-encens/66605-support-35-cm.html
32920-9957;1320743;185;20170124;https://www.jardiland.com/maison-deco/objets-de-decoration/bougies-et-senteurs/parfum-d-ambiance-diffuseur-a-froid/32920-recharge-parfum-goatier.html
67578-67578;1477657;185;20170124;https://www.jardiland.com/maison-deco/objets-de-decoration/bougies-et-senteurs/parfum-d-ambiance-diffuseur-a-froid/67578-recharge-anti-odeur-200ml-tabac.html
67577-67577;1477658;185;20170124;https://www.jardiland.com/maison-deco/objets-de-decoration/bougies-et-senteurs/parfum-d-ambiance-diffuseur-a-froid/67577-recharge-anti-odeur-200ml-salle-d-eau.html
67580-67580;1477655;185;20170124;https://www.jardiland.com/maison-deco/objets-de-decoration/bougies-et-senteurs/parfum-d-ambiance-diffuseur-a-froid/67580-recharge-anti-odeur-200ml-cuisine.html
67579-67579;1477656;185;20170124;https://www.jardiland.com/maison-deco/objets-de-decoration/bougies-et-senteurs/parfum-d-ambiance-diffuseur-a-froid/67579-recharge-anti-odeur-200ml-animaux.html
68719-68719;1443385;185;20170124;https://www.jardiland.com/maison-deco/objets-de-decoration/bougies-et-senteurs/parfum-d-ambiance-diffuseur-a-froid/68719-petale-de-cire-coloree-parfumee.html
81462-80471;932813;185;20170124;https://www.jardiland.com/maison-deco/objets-de-decoration/bougies-et-senteurs/diffuseur-de-parfum-et-recharge/81462-huile-parfumee-15ml.html
81462-80448;932837;185;20170124;https://www.jardiland.com/maison-deco/objets-de-decoration/bougies-et-senteurs/diffuseur-de-parfum-et-recharge/81462-huile-parfumee-15ml.html
81462-80445;932822;185;20170124;https://www.jardiland.com/maison-deco/objets-de-decoration/bougies-et-senteurs/diffuseur-de-parfum-et-recharge/81462-huile-parfumee-15ml.html
81462-73262;1443255;185;20170124;https://www.jardiland.com/maison-deco/objets-de-decoration/bougies-et-senteurs/diffuseur-de-parfum-et-recharge/81462-huile-parfumee-15ml.html
81462-73255;1443256;185;20170124;https://www.jardiland.com/maison-deco/objets-de-decoration/bougies-et-senteurs/diffuseur-de-parfum-et-recharge/81462-huile-parfumee-15ml.html
81462-73253;1443253;185;20170124;https://www.jardiland.com/maison-deco/objets-de-decoration/bougies-et-senteurs/diffuseur-de-parfum-et-recharge/81462-huile-parfumee-15ml.html
81462-73252;1443252;185;20170124;https://www.jardiland.com/maison-deco/objets-de-decoration/bougies-et-senteurs/diffuseur-de-parfum-et-recharge/81462-huile-parfumee-15ml.html
81462-73250;1443248;185;20170124;https://www.jardiland.com/maison-deco/objets-de-decoration/bougies-et-senteurs/diffuseur-de-parfum-et-recharge/81462-huile-parfumee-15ml.html
81462-73249;1443247;185;20170124;https://www.jardiland.com/maison-deco/objets-de-decoration/bougies-et-senteurs/diffuseur-de-parfum-et-recharge/81462-huile-parfumee-15ml.html
54734-54734;1320769;185;20170124;https://www.jardiland.com/maison-deco/objets-de-decoration/bougies-et-senteurs/parfum-d-ambiance-diffuseur-a-froid/54734-fleur-de-goatier-patchouli-cedrat.html
71237-71237;1321761;185;20170124;https://www.jardiland.com/maison-deco/objets-de-decoration/bougies-et-senteurs/diffuseur-de-parfum-et-recharge/71237-diffuseur-electrique-saturne.html
83514-79525;1484462;185;20170124;https://www.jardiland.com/maison-deco/objets-de-decoration/bougies-et-senteurs/parfum-d-ambiance-diffuseur-a-froid/83514-diffuseur-car-ultimate.html
83509-79559;1484457;185;20170124;https://www.jardiland.com/maison-deco/objets-de-decoration/bougies-et-senteurs/parfum-d-ambiance-diffuseur-a-froid/83509-diffuseur-car-jar.html
83522-79483;1484437;185;20170124;https://www.jardiland.com/maison-deco/objets-de-decoration/bougies-et-senteurs/bougie-parfumee/83522-clair-de-lune.html
83522-79482;1484438;185;20170124;https://www.jardiland.com/maison-deco/objets-de-decoration/bougies-et-senteurs/bougie-parfumee/83522-clair-de-lune.html
83522-79461;1484436;185;20170124;https://www.jardiland.com/maison-deco/objets-de-decoration/bougies-et-senteurs/bougie-parfumee/83522-clair-de-lune.html
83522-79455;1484433;185;20170124;https://www.jardiland.com/maison-deco/objets-de-decoration/bougies-et-senteurs/bougie-parfumee/83522-clair-de-lune.html
81336-72911;1449230;185;20170124;https://www.jardiland.com/maison-deco/objets-de-decoration/bougies-et-senteurs/diffuseur-de-parfum-et-recharge/81336-brule-parfum-petal-bowl.html
82203-72360;1391732;185;20170124;https://www.jardiland.com/maison-deco/objets-de-decoration/bougies-et-senteurs/bougie-non-parfumee/82203-bougie-votive-3848-1.html
81397-72938;1449117;185;20170124;https://www.jardiland.com/maison-deco/objets-de-decoration/bougies-et-senteurs/bougie-parfumee/81397-bougie-pamplemousse-rose.html
81230-72945;1449083;185;20170124;https://www.jardiland.com/maison-deco/objets-de-decoration/bougies-et-senteurs/bougie-parfumee/81230-bougie-orange-epice.html
81230-72944;1449084;185;20170124;https://www.jardiland.com/maison-deco/objets-de-decoration/bougies-et-senteurs/bougie-parfumee/81230-bougie-orange-epice.html
81431-72906;1449137;185;20170124;https://www.jardiland.com/maison-deco/objets-de-decoration/bougies-et-senteurs/bougie-parfumee/81431-bougie-noix-de-coco-noire.html
82584-72932;1449063;185;20170124;https://www.jardiland.com/maison-deco/objets-de-decoration/bougies-et-senteurs/bougie-parfumee/82584-bougie-mangue-peche.html
82584-72931;1449062;185;20170124;https://www.jardiland.com/maison-deco/objets-de-decoration/bougies-et-senteurs/bougie-parfumee/82584-bougie-mangue-peche.html
81455-72903;1449164;185;20170124;https://www.jardiland.com/maison-deco/objets-de-decoration/bougies-et-senteurs/bougie-parfumee/81455-bougie-lueur-hivernale.html
82599-72943;1449067;185;20170124;https://www.jardiland.com/maison-deco/objets-de-decoration/bougies-et-senteurs/bougie-parfumee/82599-bougie-lueur-de-miel.html
82599-72923;1449068;185;20170124;https://www.jardiland.com/maison-deco/objets-de-decoration/bougies-et-senteurs/bougie-parfumee/82599-bougie-lueur-de-miel.html
82200-72359;1391725;185;20170124;https://www.jardiland.com/maison-deco/objets-de-decoration/bougies-et-senteurs/bougie-non-parfumee/82200-bougie-cylindrique-70-150-1.html
81251-72947;1449076;185;20170124;https://www.jardiland.com/maison-deco/objets-de-decoration/bougies-et-senteurs/bougie-parfumee/81251-bougie-coucher-de-soleil-au-serengeti.html
81251-72946;1449077;185;20170124;https://www.jardiland.com/maison-deco/objets-de-decoration/bougies-et-senteurs/bougie-parfumee/81251-bougie-coucher-de-soleil-au-serengeti.html
81287-72942;1449099;185;20170124;https://www.jardiland.com/maison-deco/objets-de-decoration/bougies-et-senteurs/bougie-parfumee/81287-bougie-canneberge-mandarine.html
81287-72935;1449098;185;20170124;https://www.jardiland.com/maison-deco/objets-de-decoration/bougies-et-senteurs/bougie-parfumee/81287-bougie-canneberge-mandarine.html
82199-72717;1391671;185;20170124;https://www.jardiland.com/maison-deco/objets-de-decoration/bougies-et-senteurs/bougie-non-parfumee/82199-bougie-boule-80mm.html
81306-72909;1449251;185;20170124;https://www.jardiland.com/maison-deco/objets-de-decoration/bougies-et-senteurs/bougie-parfumee/81306-bougie-beurre-de-karite.html
68718-68718;1443403;185;20170124;https://www.jardiland.com/maison-deco/objets-de-decoration/bougies-et-senteurs/parfum-d-ambiance-diffuseur-a-froid/68718-boite-a-remplir-small-8-pc.html
68717-68717;1443404;185;20170124;https://www.jardiland.com/maison-deco/objets-de-decoration/bougies-et-senteurs/parfum-d-ambiance-diffuseur-a-froid/68717-boite-a-remplir-medium-13-pc.html
83510-79474;1484448;185;20170124;https://www.jardiland.com/maison-deco/objets-de-decoration/bougies-et-senteurs/parfum-d-ambiance-diffuseur-a-froid/83510-batonnet-voiture.html
52717-52717;1432919;185;20170124;https://www.jardiland.com/maison-deco/objets-de-decoration/bougeoirs-photophores-et-lanternes/lanterne/52717-photophore-jaune.html
2162-2162;1362406;185;20170124;https://www.jardiland.com/maison-deco/objets-de-decoration/bougeoirs-photophores-et-lanternes/bougeoir-et-photophore-deco/2162-lanterne-ronde.html
32325-12867;1398655;185;20170124;https://www.jardiland.com/animaux/oiseau-de-la-nature/alimentation/32325-mix-de-graines-toutes-saisons.html
57743-62880;1398661;185;20170124;https://www.jardiland.com/animaux/oiseau-de-la-nature/mangeoire-et-distributeur/57743-distributeur-de-graines-flip-top.html
67479-67479;1478917;185;20170124;https://www.jardiland.com/animaux/reptiles-et-insectes/soins-et-entretien/sable-et-substrat/67479-ext-substrat-jungle-earth-8-8l.html
67478-67478;1478918;185;20170124;https://www.jardiland.com/animaux/reptiles-et-insectes/soins-et-entretien/sable-et-substrat/67478-ext-substrat-jungl-earth-26-4l.html
67474-67474;1478922;185;20170124;https://www.jardiland.com/animaux/reptiles-et-insectes/soins-et-entretien/sable-et-substrat/67474-ex-t-substrat-rain-forest-26-4l.html
67477-67477;1478919;185;20170124;https://www.jardiland.com/animaux/reptiles-et-insectes/soins-et-entretien/sable-et-substrat/67477-coco-husk-10-litres-ex-t.html
68695-68695;1444855;185;20170124;https://www.jardiland.com/animaux/reptiles-et-insectes/terrariums-et-accessoires/equipement-de-terrarium/68695-set-accessoires-python-juvenile.html
67499-67499;1478568;185;20170124;https://www.jardiland.com/animaux/reptiles-et-insectes/terrariums-et-accessoires/decoration-de-terrarium/67499-exo-t-primate-skull-small.html
67489-67489;1478579;185;20170124;https://www.jardiland.com/animaux/reptiles-et-insectes/terrariums-et-accessoires/terrarium/67489-ex-t-bamboo-forest-habitat-l.html
67490-67490;1478578;185;20170124;https://www.jardiland.com/animaux/reptiles-et-insectes/terrariums-et-accessoires/terrarium/67490-ex-t-bamboo-forest-habit-small.html
81734-73126;1455307;185;20170124;https://www.jardiland.com/animaux/reptiles-et-insectes/alimentation/boite-et-lyophilisee/81734-sera-reptil-pro-herbivor.html
81789-77585;737348;185;20170124;https://www.jardiland.com/animaux/reptiles-et-insectes/alimentation/boite-et-lyophilisee/81789-nourriture-sauterelles-sauvages.html
81789-77584;737349;185;20170124;https://www.jardiland.com/animaux/reptiles-et-insectes/alimentation/boite-et-lyophilisee/81789-nourriture-sauterelles-sauvages.html
32543-24630;796390;185;20170124;https://www.jardiland.com/animaux/reptiles-et-insectes/alimentation/boite-et-lyophilisee/32543-jbl-nourriture-tortue.html
66866-66866;538822;185;20170124;https://www.jardiland.com/animaux/oiseau/hygiene-et-soins/soin-de-l-animal/66866-vitaperruche.html
66867-66867;538817;185;20170124;https://www.jardiland.com/animaux/oiseau/hygiene-et-soins/soin-de-l-animal/66867-special-bain-flacon-24ml.html
32291-30358;972176;185;20170124;https://www.jardiland.com/animaux/oiseau/cages-volieres-et-accessoires/cage/32291-pied-de-cage-toledo.html
32307-9705;1311066;185;20170124;https://www.jardiland.com/animaux/oiseau/cages-volieres-et-accessoires/equipement-de-cage-et-voliere/32307-mangeoire-en-metal-attache.html
1584-1584;1311071;185;20170124;https://www.jardiland.com/animaux/oiseau/cages-volieres-et-accessoires/equipement-de-cage-et-voliere/1584-carillon-de-coque-de-noix.html
32294-30361;972199;185;20170124;https://www.jardiland.com/animaux/oiseau/cages-volieres-et-accessoires/cage/32294-cage-elise.html
68811-68811;1439347;185;20170124;https://www.jardiland.com/animaux/oiseau/alimentation-et-friandises/friandise/68811-prest-sp-perroquets-exotic-light750g.html
68813-68813;1439345;185;20170124;https://www.jardiland.com/animaux/oiseau/alimentation-et-friandises/friandise/68813-prest-sp-hawai-sweetnoodle-parrot-400g.html
68815-68815;1439342;185;20170124;https://www.jardiland.com/animaux/oiseau/alimentation-et-friandises/alimentation-quotidienne/68815-prest-loro-parq-african-parakeet-1kg.html
68876-68876;1437424;185;20170124;https://www.jardiland.com/animaux/oiseau/alimentation-et-friandises/alimentation-quotidienne/68876-pic-or-melange-canaris-1kg-tyrol.html
68810-68810;1439348;185;20170124;https://www.jardiland.com/animaux/oiseau/alimentation-et-friandises/complement-nutritionnel/68810-orlux-gold-patee-perruche-250g.html
66869-66869;538537;185;20170124;https://www.jardiland.com/animaux/oiseau/alimentation-et-friandises/complement-nutritionnel/66869-orlux-gold-patee-colorante-250g.html
82541-73370;1440836;185;20170124;https://www.jardiland.com/animaux/oiseau/alimentation-et-friandises/friandise/82541-crunchy-stick-perruche.html
82541-73362;1440837;185;20170124;https://www.jardiland.com/animaux/oiseau/alimentation-et-friandises/friandise/82541-crunchy-stick-perruche.html
82541-73361;1440838;185;20170124;https://www.jardiland.com/animaux/oiseau/alimentation-et-friandises/friandise/82541-crunchy-stick-perruche.html
82538-73366;1440830;185;20170124;https://www.jardiland.com/animaux/oiseau/alimentation-et-friandises/friandise/82538-crunchy-stick-grande-perruche.html
82536-73367;1440828;185;20170124;https://www.jardiland.com/animaux/oiseau/alimentation-et-friandises/friandise/82536-crunchy-stick-exotique.html
82522-73369;1440825;185;20170124;https://www.jardiland.com/animaux/oiseau/alimentation-et-friandises/friandise/82522-crunchy-stick-canari.html
82522-73356;1440824;185;20170124;https://www.jardiland.com/animaux/oiseau/alimentation-et-friandises/friandise/82522-crunchy-stick-canari.html
3776-3776;544495;185;20170124;https://www.jardiland.com/animaux/poisson/entretien-et-soins/produit-pour-l-eau/3776-tetra-ph-kh-traitement-de-l-eau.html
68889-68889;1436798;185;20170124;https://www.jardiland.com/animaux/poisson/materiel-chauffage-filtres-et-pompes/filtre-interieur/68889-new-rena-superclean-90-1.html
68890-68890;1436797;185;20170124;https://www.jardiland.com/animaux/poisson/materiel-chauffage-filtres-et-pompes/filtre-interieur/68890-new-rena-superclean-60-1.html
81621-73025;1457276;185;20170124;https://www.jardiland.com/animaux/poisson/materiel-chauffage-filtres-et-pompes/aeration/81621-new-rena-air.html
81621-73024;1457275;185;20170124;https://www.jardiland.com/animaux/poisson/materiel-chauffage-filtres-et-pompes/aeration/81621-new-rena-air.html
42203-42203;837357;185;20170124;https://www.jardiland.com/animaux/poisson/materiel-chauffage-filtres-et-pompes/masse-de-filtration/42203-mousse-pre-filtration-coussin-ouate-professionel-3-1.html
68777-68777;1440479;185;20170124;https://www.jardiland.com/animaux/poisson/materiel-chauffage-filtres-et-pompes/masse-de-filtration/68777-mousse-foam-taille-m-x1-1.html
68880-68880;1436811;185;20170124;https://www.jardiland.com/animaux/poisson/materiel-chauffage-filtres-et-pompes/masse-de-filtration/68880-mousse-90-120-30ppi.html
68881-68881;1436810;185;20170124;https://www.jardiland.com/animaux/poisson/materiel-chauffage-filtres-et-pompes/masse-de-filtration/68881-mousse-40-60-30ppi.html
5594-5594;927409;185;20170124;https://www.jardiland.com/animaux/poisson/materiel-chauffage-filtres-et-pompes/masse-de-filtration/5594-jbl-clearmec.html
227-227;1014911;185;20170124;https://www.jardiland.com/animaux/poisson/materiel-chauffage-filtres-et-pompes/autres-accessoires/227-jbl-artemiopur.html
82830-75472;1481080;185;20170124;https://www.jardiland.com/animaux/poisson/materiel-chauffage-filtres-et-pompes/filtre-exterieur/82830-jard-tuyau-predecoupe-2-5m.html
82830-75470;1481079;185;20170124;https://www.jardiland.com/animaux/poisson/materiel-chauffage-filtres-et-pompes/filtre-exterieur/82830-jard-tuyau-predecoupe-2-5m.html
67605-67605;1476253;185;20170124;https://www.jardiland.com/animaux/poisson/materiel-chauffage-filtres-et-pompes/chauffage/67605-jard-thermometre-digital-exterieur.html
67548-67548;1477965;185;20170124;https://www.jardiland.com/animaux/poisson/materiel-chauffage-filtres-et-pompes/nettoyage-aquarium/67548-jard-siphon.html
67549-67549;1477960;185;20170124;https://www.jardiland.com/animaux/poisson/materiel-chauffage-filtres-et-pompes/aeration/67549-jard-repartiteur-2-sorties-x2-1.html
67941-67941;1473550;185;20170124;https://www.jardiland.com/animaux/poisson/materiel-chauffage-filtres-et-pompes/nettoyage-aquarium/67941-jard-epuisette-ronde-10cm.html
82766-74970;1473541;185;20170124;https://www.jardiland.com/animaux/poisson/materiel-chauffage-filtres-et-pompes/nettoyage-aquarium/82766-jard-epuisette-maille-fine.html
82766-74969;1473543;185;20170124;https://www.jardiland.com/animaux/poisson/materiel-chauffage-filtres-et-pompes/nettoyage-aquarium/82766-jard-epuisette-maille-fine.html
82478-75894;1475826;185;20170124;https://www.jardiland.com/animaux/poisson/materiel-chauffage-filtres-et-pompes/aeration/82478-jard-diffuseur-d-air-barre.html
82481-75892;1475829;185;20170124;https://www.jardiland.com/animaux/poisson/materiel-chauffage-filtres-et-pompes/aeration/82481-jard-diffuseur-d-air-3cm.html
82481-75886;1475828;185;20170124;https://www.jardiland.com/animaux/poisson/materiel-chauffage-filtres-et-pompes/aeration/82481-jard-diffuseur-d-air-3cm.html
67606-67606;1476251;185;20170124;https://www.jardiland.com/animaux/poisson/materiel-chauffage-filtres-et-pompes/nettoyage-aquarium/67606-jard-aspirateur-a-piles.html
82675-76170;1477947;185;20170124;https://www.jardiland.com/animaux/poisson/materiel-chauffage-filtres-et-pompes/nettoyage-aquarium/82675-jard-aimant-anti-algues.html
67626-67626;1475840;185;20170124;https://www.jardiland.com/animaux/poisson/materiel-chauffage-filtres-et-pompes/aeration/67626-jard-valve-anti-retour.html
67627-67627;1475836;185;20170124;https://www.jardiland.com/animaux/poisson/materiel-chauffage-filtres-et-pompes/autres-accessoires/67627-jard-pondoir-flottant.html
32536-29890;957388;185;20170124;https://www.jardiland.com/animaux/poisson/materiel-chauffage-filtres-et-pompes/nettoyage-aquarium/32536-epuisette-maille-fine.html
68268-68268;1463241;185;20170124;https://www.jardiland.com/animaux/poisson/materiel-chauffage-filtres-et-pompes/aeration/68268-diffuseur-air-cylind-3cm-x2-1.html
68883-68883;1436805;185;20170124;https://www.jardiland.com/animaux/poisson/materiel-chauffage-filtres-et-pompes/masse-de-filtration/68883-crystal-90-120-x6-1.html
68884-68884;1436804;185;20170124;https://www.jardiland.com/animaux/poisson/materiel-chauffage-filtres-et-pompes/masse-de-filtration/68884-crystal-90-120-x2-1.html
68885-68885;1436802;185;20170124;https://www.jardiland.com/animaux/poisson/materiel-chauffage-filtres-et-pompes/masse-de-filtration/68885-crystal-40-60-x2-1.html
68886-68886;1436801;185;20170124;https://www.jardiland.com/animaux/poisson/materiel-chauffage-filtres-et-pompes/masse-de-filtration/68886-crystal-20-x6-1.html
68887-68887;1436800;185;20170124;https://www.jardiland.com/animaux/poisson/materiel-chauffage-filtres-et-pompes/masse-de-filtration/68887-crystal-20-x2-1.html
68682-68682;1449618;185;20170124;https://www.jardiland.com/animaux/poisson/materiel-chauffage-filtres-et-pompes/nettoyage-aquarium/68682-cloche-de-nettoyage-25-40cm.html
68776-68776;1440485;185;20170124;https://www.jardiland.com/animaux/poisson/materiel-chauffage-filtres-et-pompes/masse-de-filtration/68776-cartouches-waterclear-taille-m-x1-1.html
68866-68866;1437453;185;20170124;https://www.jardiland.com/animaux/poisson/materiel-chauffage-filtres-et-pompes/masse-de-filtration/68866-cartouche-waterclear-taille-s-x2-1.html
81339-72806;1453027;185;20170124;https://www.jardiland.com/animaux/poisson/decoration-pour-aquarium/sable-et-autres-graviers/81339-quartz-fluo-pour-aquarium-1-kg.html
81339-72805;1453026;185;20170124;https://www.jardiland.com/animaux/poisson/decoration-pour-aquarium/sable-et-autres-graviers/81339-quartz-fluo-pour-aquarium-1-kg.html
81339-72804;1453023;185;20170124;https://www.jardiland.com/animaux/poisson/decoration-pour-aquarium/sable-et-autres-graviers/81339-quartz-fluo-pour-aquarium-1-kg.html
81339-72801;1453025;185;20170124;https://www.jardiland.com/animaux/poisson/decoration-pour-aquarium/sable-et-autres-graviers/81339-quartz-fluo-pour-aquarium-1-kg.html
32432-27123;867706;185;20170124;https://www.jardiland.com/animaux/poisson/decoration-pour-aquarium/sable-et-autres-graviers/32432-quartz-3-litres.html
68667-68667;1453039;185;20170124;https://www.jardiland.com/animaux/poisson/decoration-pour-aquarium/sable-et-autres-graviers/68667-jard-sable-blanc-fin-3l.html
68668-68668;1453038;185;20170124;https://www.jardiland.com/animaux/poisson/decoration-pour-aquarium/sable-et-autres-graviers/68668-jard-sable-blanc-fin-15kg.html
81331-72803;1453015;185;20170124;https://www.jardiland.com/animaux/poisson/decoration-pour-aquarium/sable-et-autres-graviers/81331-jard-quartz-deco-1kg.html
81807-73681;1014732;185;20170124;https://www.jardiland.com/animaux/poisson/decoration-pour-aquarium/plante-artificielle/81807-herbe-pm-17cm.html
68674-68674;1451105;185;20170124;https://www.jardiland.com/animaux/poisson/decoration-pour-aquarium/plante-artificielle/68674-display-decor-colore-ass.html
68675-68675;1451101;185;20170124;https://www.jardiland.com/animaux/poisson/decoration-pour-aquarium/plante-artificielle/68675-display-arbre-vert-mm.html
70774-70774;1365613;185;20170124;https://www.jardiland.com/animaux/poisson/decoration-pour-aquarium/plante-artificielle/70774-display-arbre-gm-par-26-1.html
32424-12380;1386365;185;20170124;https://www.jardiland.com/animaux/poisson/decoration-pour-aquarium/plante-artificielle/32424-decor-pour-aquarium-massif-colore.html
53684-53684;1438163;185;20170124;https://www.jardiland.com/animaux/poisson/decoration-pour-aquarium/decoration-d-aquarium/53684-decor-navire-a-voile.html
2903-2903;1403928;185;20170124;https://www.jardiland.com/animaux/poisson/decoration-pour-aquarium/decoration-d-aquarium/2903-amphore-xxii-slim-de-15cm.html
2904-2904;1403929;185;20170124;https://www.jardiland.com/animaux/poisson/decoration-pour-aquarium/decoration-d-aquarium/2904-amphore-xxii-slim-de-12-cm.html
62902-62872;543360;185;20170124;https://www.jardiland.com/animaux/poisson/aquariums/meuble-pour-aquarium/62902-meuble-rio-240-1.html
65031-78987;1487298;185;20170124;https://www.jardiland.com/animaux/poisson/aquariums/aquarium-pour-poisson-d-eau-froide/65031-aquarium-inwa-start40-pack-pur.html
71193-71193;1328650;185;20170124;https://www.jardiland.com/animaux/poisson/alimentation/pour-poisson-d-eau-chaude/71193-nourriture-guppy-100ml-aquaprime.html
53583-53583;543180;185;20170124;https://www.jardiland.com/animaux/poisson/alimentation/pour-poisson-d-eau-de-mer/53583-jbl-maris.html
52608-52608;1448422;185;20170124;https://www.jardiland.com/animaux/basse-cour/poulaillers-clapiers-et-accessoires/mangeoire-et-abreuvoir/52608-mangeoire-volailles-lineaire-pvc.html
68256-68256;1465507;185;20170124;https://www.jardiland.com/animaux/basse-cour/aliments/complement-nutritionnel/68256-pack-vers-o-net-volaille-2x250ml.html
68369-68369;1458563;185;20170124;https://www.jardiland.com/animaux/chat/soins-antiparasitaires/vermifuge/68369-vers-o-net-chat-15-comprimes.html
68326-68326;1460349;185;20170124;https://www.jardiland.com/animaux/chat/soins-antiparasitaires/vermifuge/68326-vermi-chat-essentiel-100ml.html
69474-69474;1418530;185;20170124;https://www.jardiland.com/animaux/chat/jeux-et-jouets/69474-souris-mecanique.html
69471-69471;1418533;185;20170124;https://www.jardiland.com/animaux/chat/jeux-et-jouets/69471-jouet-fluke-mich.html
68783-68783;1440198;185;20170124;https://www.jardiland.com/animaux/chat/arbres-a-chat-et-griffoirs/arbre-a-chat/68783-arbre-a-chat-pyramide-104cm.html
69470-69470;1418908;185;20170124;https://www.jardiland.com/animaux/chat/hygiene-soins-et-litieres/soins-pour-chat/69470-feliway-recharge-48ml.html
68856-68856;1437725;185;20170124;https://www.jardiland.com/animaux/chat/hygiene-soins-et-litieres/desodorisant-litiere/68856-detergent-desinfectant-ecolo-1l.html
68855-68855;1437726;185;20170124;https://www.jardiland.com/animaux/chat/hygiene-soins-et-litieres/desodorisant-litiere/68855-detergent-desinfectant-ecolo-spray-750ml.html
68822-68822;1438357;185;20170124;https://www.jardiland.com/animaux/chat/hygiene-soins-et-litieres/soins-pour-chat/68822-bogadent-water-additive-cat-250ml.html
68823-68823;1438353;185;20170124;https://www.jardiland.com/animaux/chat/hygiene-soins-et-litieres/soins-pour-chat/68823-bogadent-dental-lipo-gel-cat-50ml.html
68824-68824;1438352;185;20170124;https://www.jardiland.com/animaux/chat/hygiene-soins-et-litieres/soins-pour-chat/68824-bogadent-anti-plaque-finger-cat.html
67956-67956;1472404;185;20170124;https://www.jardiland.com/animaux/chat/alimentation-et-friandises/boite-et-sachet-fraicheur/67956-sheba-delice-jour-vol-poiss-6x50g.html
31707-25570;822197;185;20170124;https://www.jardiland.com/animaux/chat/alimentation-et-friandises/croquette-pour-chat/31707-cat-chow-adult-lapin.html
31696-13013;1401080;185;20170124;https://www.jardiland.com/animaux/chat/alimentation-et-friandises/boite-et-sachet-fraicheur/31696-almo-nature-rouge-label.html
31696-8251;1260298;185;20170124;https://www.jardiland.com/animaux/chat/alimentation-et-friandises/boite-et-sachet-fraicheur/31696-almo-nature-rouge-label.html
31696-8249;1260287;185;20170124;https://www.jardiland.com/animaux/chat/alimentation-et-friandises/boite-et-sachet-fraicheur/31696-almo-nature-rouge-label.html
31689-30302;971478;185;20170124;https://www.jardiland.com/animaux/chat/alimentation-et-friandises/boite-et-sachet-fraicheur/31689-almo-nature-daily-menu.html
70265-70265;1401962;185;20170124;https://www.jardiland.com/animaux/rongeurs-et-petits-mammiferes/hygiene-et-soins/soin-antiparasitaire/70265-spray-insecticide-cage-o-r-150ml.html
68669-68669;1452935;185;20170124;https://www.jardiland.com/animaux/rongeurs-et-petits-mammiferes/hygiene-et-soins/litiere/68669-smooz-paille-1kg.html
67953-67953;1472454;185;20170124;https://www.jardiland.com/animaux/rongeurs-et-petits-mammiferes/hygiene-et-soins/bois-a-ronger/67953-jard-buchettes-a-ronger.html
32657-7960;1250579;185;20170124;https://www.jardiland.com/animaux/rongeurs-et-petits-mammiferes/jouets-et-exercices/roue-tube-et-autres-accessoires-de-jeux/32657-roue-silencieuse-orbital.html
32591-12158;1377914;185;20170124;https://www.jardiland.com/animaux/rongeurs-et-petits-mammiferes/aliments-et-friandises/alimentation-quotidienne/32591-menu-complet-cochon-d-inde.html
68370-68370;1458562;185;20170124;https://www.jardiland.com/animaux/chien/soins-antiparasitaires/vermifuge/68370-vers-o-net-chien-30-comprimes.html
68325-68325;1460350;185;20170124;https://www.jardiland.com/animaux/chien/soins-antiparasitaires/vermifuge/68325-vermi-chien-essentiel-100ml.html
67952-67952;1472492;185;20170124;https://www.jardiland.com/animaux/chien/soins-antiparasitaires/accessoires-antiparasitaires/67952-peigne-plastique-a-puce.html
68989-68989;1441698;185;20170124;https://www.jardiland.com/animaux/chien/soins-antiparasitaires/insecticide/68989-e-shampooing-chat-et-chien-250ml.html
68139-68139;1467886;185;20170124;https://www.jardiland.com/animaux/chien/hygiene-et-soins/soin-de-toilettage/68139-slicker-plastiq-retractable.html
68158-68158;1466489;185;20170124;https://www.jardiland.com/animaux/chien/hygiene-et-soins/soin-de-toilettage/68158-slicker-metal-large.html
68137-68137;1467888;185;20170124;https://www.jardiland.com/animaux/chien/hygiene-et-soins/soin-de-toilettage/68137-peigne-plastique-fin.html
67630-67630;1475665;185;20170124;https://www.jardiland.com/animaux/chien/hygiene-et-soins/soin-de-toilettage/67630-lotion-extraits-capucine-chien-250ml.html
70291-70291;1398785;185;20170124;https://www.jardiland.com/animaux/chien/hygiene-et-soins/soin-de-toilettage/70291-jd-ciseaux-de-toilettage.html
82390-72257;1398782;185;20170124;https://www.jardiland.com/animaux/chien/hygiene-et-soins/soin-de-toilettage/82390-jd-brosse-magique.html
68134-68134;1468845;185;20170124;https://www.jardiland.com/animaux/chien/hygiene-et-soins/soin-de-toilettage/68134-etrille-retractable-20-dents.html
67526-67526;1478164;185;20170124;https://www.jardiland.com/animaux/chien/hygiene-et-soins/hygiene-et-soin/67526-dentifrice-en-poudre-70g.html
5750-5750;957283;185;20170124;https://www.jardiland.com/animaux/chien/hygiene-et-soins/soin-de-toilettage/5750-ciseaux-de-toilettage.html
68138-68138;1467887;185;20170124;https://www.jardiland.com/animaux/chien/hygiene-et-soins/soin-de-toilettage/68138-brosse-pneumatique-l.html
68136-68136;1467889;185;20170124;https://www.jardiland.com/animaux/chien/hygiene-et-soins/soin-de-toilettage/68136-brosse-plastique-douce-small.html
68135-68135;1468844;185;20170124;https://www.jardiland.com/animaux/chien/hygiene-et-soins/soin-de-toilettage/68135-brosse-plastique-double-large.html
5744-5744;957277;185;20170124;https://www.jardiland.com/animaux/chien/hygiene-et-soins/soin-de-toilettage/5744-brosse-douce.html
32162-29860;957272;185;20170124;https://www.jardiland.com/animaux/chien/hygiene-et-soins/soin-de-toilettage/32162-brosse-de-massage.html
69469-69469;1418912;185;20170124;https://www.jardiland.com/animaux/chien/hygiene-et-soins/hygiene-et-soin/69469-adaptil-spray-20ml.html
68990-68990;1441697;185;20170124;https://www.jardiland.com/animaux/chien/hygiene-et-soins/hygiene-et-soin/68990-adaptil-recharge-48ml.html
68988-68988;1441700;185;20170124;https://www.jardiland.com/animaux/chien/hygiene-et-soins/hygiene-et-soin/68988-adaptil-diffuseur-flacon-48ml.html
69467-69467;1418914;185;20170124;https://www.jardiland.com/animaux/chien/hygiene-et-soins/hygiene-et-soin/69467-adaptil-collier-70cm.html
69468-69468;1418913;185;20170124;https://www.jardiland.com/animaux/chien/hygiene-et-soins/hygiene-et-soin/69468-adaptil-collier-46-5cm.html
66862-66862;540804;185;20170124;https://www.jardiland.com/animaux/chien/colliers-laisses-et-vetements/tube-et-medaille-d-identite/66862-tube-adresse-nickele-2cm.html
69576-69576;1416816;185;20170124;https://www.jardiland.com/animaux/chien/colliers-laisses-et-vetements/tube-et-medaille-d-identite/69576-medaille-classic-os-grand-noir.html
69598-69598;1416794;185;20170124;https://www.jardiland.com/animaux/chien/colliers-laisses-et-vetements/tube-et-medaille-d-identite/69598-medaille-classic-grand-cercle-os-rose.html
69599-69599;1416793;185;20170124;https://www.jardiland.com/animaux/chien/colliers-laisses-et-vetements/tube-et-medaille-d-identite/69599-medaille-classic-grand-cercle-os-noir.html
67879-67879;1473667;185;20170124;https://www.jardiland.com/animaux/chien/colliers-laisses-et-vetements/tube-et-medaille-d-identite/67879-medaille-bronx-os-xl-rivets.html
67878-67878;1473668;185;20170124;https://www.jardiland.com/animaux/chien/colliers-laisses-et-vetements/tube-et-medaille-d-identite/67878-medaille-bronx-os-xl-plateforme.html
69604-69604;1416788;185;20170124;https://www.jardiland.com/animaux/chien/colliers-laisses-et-vetements/tube-et-medaille-d-identite/69604-medaille-basic-petit-os-laiton-dore.html
69616-69616;1416776;185;20170124;https://www.jardiland.com/animaux/chien/colliers-laisses-et-vetements/tube-et-medaille-d-identite/69616-medaille-basic-petit-os-laiton-chrome.html
69617-69617;1416775;185;20170124;https://www.jardiland.com/animaux/chien/colliers-laisses-et-vetements/tube-et-medaille-d-identite/69617-medaille-basic-petit-os-alu-violet.html
69580-69580;1416812;185;20170124;https://www.jardiland.com/animaux/chien/colliers-laisses-et-vetements/tube-et-medaille-d-identite/69580-medaille-basic-petit-os-alu-rouge.html
69592-69592;1416800;185;20170124;https://www.jardiland.com/animaux/chien/colliers-laisses-et-vetements/tube-et-medaille-d-identite/69592-medaille-basic-petit-os-alu-rose.html
69631-69631;1416761;185;20170124;https://www.jardiland.com/animaux/chien/colliers-laisses-et-vetements/tube-et-medaille-d-identite/69631-medaille-basic-petit-os-alu-noir.html
69618-69618;1416774;185;20170124;https://www.jardiland.com/animaux/chien/colliers-laisses-et-vetements/tube-et-medaille-d-identite/69618-medaille-basic-petit-os-alu-azur.html
69727-69727;1416700;185;20170124;https://www.jardiland.com/animaux/chien/colliers-laisses-et-vetements/tube-et-medaille-d-identite/69727-medaille-basic-petit-coeur-laiton-dore.html
69736-69736;1416688;185;20170124;https://www.jardiland.com/animaux/chien/colliers-laisses-et-vetements/tube-et-medaille-d-identite/69736-medaille-basic-petit-coeur-laiton-chrome.html
69602-69602;1416790;185;20170124;https://www.jardiland.com/animaux/chien/colliers-laisses-et-vetements/tube-et-medaille-d-identite/69602-medaille-basic-petit-coeur-alu-violet.html
69706-69706;1416724;185;20170124;https://www.jardiland.com/animaux/chien/colliers-laisses-et-vetements/tube-et-medaille-d-identite/69706-medaille-basic-petit-coeur-alu-rouge.html
69718-69718;1416712;185;20170124;https://www.jardiland.com/animaux/chien/colliers-laisses-et-vetements/tube-et-medaille-d-identite/69718-medaille-basic-petit-coeur-alu-rose.html
69626-69626;1416766;185;20170124;https://www.jardiland.com/animaux/chien/colliers-laisses-et-vetements/tube-et-medaille-d-identite/69626-medaille-basic-petit-coeur-alu-noir.html
69603-69603;1416789;185;20170124;https://www.jardiland.com/animaux/chien/colliers-laisses-et-vetements/tube-et-medaille-d-identite/69603-medaille-basic-petit-coeur-alu-azur.html
69536-69536;1416859;185;20170124;https://www.jardiland.com/animaux/chien/colliers-laisses-et-vetements/tube-et-medaille-d-identite/69536-medaille-basic-petit-cercle-laiton-dore.html
69613-69613;1416779;185;20170124;https://www.jardiland.com/animaux/chien/colliers-laisses-et-vetements/tube-et-medaille-d-identite/69613-medaille-basic-petit-cercle-alu-violet.html
69513-69513;1416883;185;20170124;https://www.jardiland.com/animaux/chien/colliers-laisses-et-vetements/tube-et-medaille-d-identite/69513-medaille-basic-petit-cercle-alu-rouge.html
69525-69525;1416871;185;20170124;https://www.jardiland.com/animaux/chien/colliers-laisses-et-vetements/tube-et-medaille-d-identite/69525-medaille-basic-petit-cercle-alu-rose.html
69628-69628;1416764;185;20170124;https://www.jardiland.com/animaux/chien/colliers-laisses-et-vetements/tube-et-medaille-d-identite/69628-medaille-basic-petit-cercle-alu-noir.html
69614-69614;1416778;185;20170124;https://www.jardiland.com/animaux/chien/colliers-laisses-et-vetements/tube-et-medaille-d-identite/69614-medaille-basic-petit-cercle-alu-azur.html
67882-67882;1473664;185;20170124;https://www.jardiland.com/animaux/chien/colliers-laisses-et-vetements/tube-et-medaille-d-identite/67882-medaille-basic-os-xl-alu-violet.html
67881-67881;1473665;185;20170124;https://www.jardiland.com/animaux/chien/colliers-laisses-et-vetements/tube-et-medaille-d-identite/67881-medaille-basic-os-xl-alu-noir.html
69624-69624;1416768;185;20170124;https://www.jardiland.com/animaux/chien/colliers-laisses-et-vetements/tube-et-medaille-d-identite/69624-medaille-basic-militaire-grande-chrome.html
69558-69558;1416836;185;20170124;https://www.jardiland.com/animaux/chien/colliers-laisses-et-vetements/tube-et-medaille-d-identite/69558-medaille-basic-grand-os-laiton-dore.html
69568-69568;1416824;185;20170124;https://www.jardiland.com/animaux/chien/colliers-laisses-et-vetements/tube-et-medaille-d-identite/69568-medaille-basic-grand-os-laiton-chrome.html
69621-69621;1416771;185;20170124;https://www.jardiland.com/animaux/chien/colliers-laisses-et-vetements/tube-et-medaille-d-identite/69621-medaille-basic-grand-os-alu-violet.html
69620-69620;1416772;185;20170124;https://www.jardiland.com/animaux/chien/colliers-laisses-et-vetements/tube-et-medaille-d-identite/69620-medaille-basic-grand-os-alu-orange.html
69629-69629;1416763;185;20170124;https://www.jardiland.com/animaux/chien/colliers-laisses-et-vetements/tube-et-medaille-d-identite/69629-medaille-basic-grand-os-alu-noir.html
69622-69622;1416770;185;20170124;https://www.jardiland.com/animaux/chien/colliers-laisses-et-vetements/tube-et-medaille-d-identite/69622-medaille-basic-grand-os-alu-azur.html
69606-69606;1416786;185;20170124;https://www.jardiland.com/animaux/chien/colliers-laisses-et-vetements/tube-et-medaille-d-identite/69606-medaille-basic-grand-coeur-alu-violet.html
69632-69632;1416760;185;20170124;https://www.jardiland.com/animaux/chien/colliers-laisses-et-vetements/tube-et-medaille-d-identite/69632-medaille-basic-grand-coeur-alu-rouge.html
69633-69633;1416759;185;20170124;https://www.jardiland.com/animaux/chien/colliers-laisses-et-vetements/tube-et-medaille-d-identite/69633-medaille-basic-grand-coeur-alu-rose.html
69625-69625;1416767;185;20170124;https://www.jardiland.com/animaux/chien/colliers-laisses-et-vetements/tube-et-medaille-d-identite/69625-medaille-basic-grand-coeur-alu-noir.html
69607-69607;1416785;185;20170124;https://www.jardiland.com/animaux/chien/colliers-laisses-et-vetements/tube-et-medaille-d-identite/69607-medaille-basic-grand-coeur-alu-azur.html
69503-69503;1416895;185;20170124;https://www.jardiland.com/animaux/chien/colliers-laisses-et-vetements/tube-et-medaille-d-identite/69503-medaille-basic-grand-cercle-laiton-chrom.html
69610-69610;1416782;185;20170124;https://www.jardiland.com/animaux/chien/colliers-laisses-et-vetements/tube-et-medaille-d-identite/69610-medaille-basic-grand-cercle-alu-violet.html
69746-69746;1416676;185;20170124;https://www.jardiland.com/animaux/chien/colliers-laisses-et-vetements/tube-et-medaille-d-identite/69746-medaille-basic-grand-cercle-alu-rouge.html
69627-69627;1416765;185;20170124;https://www.jardiland.com/animaux/chien/colliers-laisses-et-vetements/tube-et-medaille-d-identite/69627-medaille-basic-grand-cercle-alu-noir.html
69611-69611;1416781;185;20170124;https://www.jardiland.com/animaux/chien/colliers-laisses-et-vetements/tube-et-medaille-d-identite/69611-medaille-basic-grand-cercle-alu-azur.html
32070-6663;1016620;185;20170124;https://www.jardiland.com/animaux/chien/colliers-laisses-et-vetements/laisse-pour-chien/32070-laisse-pour-chien-connection.html
32067-28085;904211;185;20170124;https://www.jardiland.com/animaux/chien/colliers-laisses-et-vetements/laisse-pour-chien/32067-laisse-pour-chien-choco.html
32064-28872;921863;185;20170124;https://www.jardiland.com/animaux/chien/colliers-laisses-et-vetements/laisse-pour-chien/32064-laisse-pour-chien-camouflage.html
32064-28871;921862;185;20170124;https://www.jardiland.com/animaux/chien/colliers-laisses-et-vetements/laisse-pour-chien/32064-laisse-pour-chien-camouflage.html
32006-13311;1403925;185;20170124;https://www.jardiland.com/animaux/chien/colliers-laisses-et-vetements/accessoires/32006-laisse-de-jogging.html
62909-24212;739414;185;20170124;https://www.jardiland.com/animaux/chien/colliers-laisses-et-vetements/laisse-pour-chien/62909-laisse-confort-nylon.html
62909-24211;739410;185;20170124;https://www.jardiland.com/animaux/chien/colliers-laisses-et-vetements/laisse-pour-chien/62909-laisse-confort-nylon.html
62909-7995;1256754;185;20170124;https://www.jardiland.com/animaux/chien/colliers-laisses-et-vetements/laisse-pour-chien/62909-laisse-confort-nylon.html
62909-7992;1256750;185;20170124;https://www.jardiland.com/animaux/chien/colliers-laisses-et-vetements/laisse-pour-chien/62909-laisse-confort-nylon.html
81756-79441;1486456;185;20170124;https://www.jardiland.com/animaux/chien/colliers-laisses-et-vetements/laisse-pour-chien/81756-laisse-chaine-forte-nylon.html
81756-79440;1486457;185;20170124;https://www.jardiland.com/animaux/chien/colliers-laisses-et-vetements/laisse-pour-chien/81756-laisse-chaine-forte-nylon.html
81756-79438;1486459;185;20170124;https://www.jardiland.com/animaux/chien/colliers-laisses-et-vetements/laisse-pour-chien/81756-laisse-chaine-forte-nylon.html
32049-28081;904207;185;20170124;https://www.jardiland.com/animaux/chien/colliers-laisses-et-vetements/harnais/32049-harnais-reglable-pour-chien-choco.html
83476-79744;1486497;185;20170124;https://www.jardiland.com/animaux/chien/colliers-laisses-et-vetements/harnais/83476-harnais-reglable.html
32047-28870;921861;185;20170124;https://www.jardiland.com/animaux/chien/colliers-laisses-et-vetements/harnais/32047-harnais-pour-chien-camouflage.html
32047-28086;904218;185;20170124;https://www.jardiland.com/animaux/chien/colliers-laisses-et-vetements/harnais/32047-harnais-pour-chien-camouflage.html
32050-6662;1016617;185;20170124;https://www.jardiland.com/animaux/chien/colliers-laisses-et-vetements/harnais/32050-harnais-ajustable-pour-chien-connection.html
32050-6661;1016616;185;20170124;https://www.jardiland.com/animaux/chien/colliers-laisses-et-vetements/harnais/32050-harnais-ajustable-pour-chien-connection.html
32050-6660;1016613;185;20170124;https://www.jardiland.com/animaux/chien/colliers-laisses-et-vetements/harnais/32050-harnais-ajustable-pour-chien-connection.html
32050-6560;1016605;185;20170124;https://www.jardiland.com/animaux/chien/colliers-laisses-et-vetements/harnais/32050-harnais-ajustable-pour-chien-connection.html
65214-65214;970131;185;20170124;https://www.jardiland.com/animaux/chien/colliers-laisses-et-vetements/collier-pour-chien/65214-collier-torquatus-t65-metal.html
32023-11692;1372167;185;20170124;https://www.jardiland.com/animaux/chien/colliers-laisses-et-vetements/collier-pour-chien/32023-collier-pour-chien-disco-xs.html
32019-7787;1256757;185;20170124;https://www.jardiland.com/animaux/chien/colliers-laisses-et-vetements/collier-pour-chien/32019-collier-etrangleur-pour-chien-fluo.html
81761-80342;541579;185;20170124;https://www.jardiland.com/animaux/chien/colliers-laisses-et-vetements/collier-pour-chien/81761-collier-chaine-torquatus-metal.html
69600-69600;1416792;185;20170124;https://www.jardiland.com/animaux/chien/colliers-laisses-et-vetements/tube-et-medaille-d-identite/69600-attache-porte-cles.html
70283-70283;1398889;185;20170124;https://www.jardiland.com/animaux/chien/jeux-et-jouets/autres-jouets/70283-mini-dumbell-l.html
71307-71307;1310981;185;20170124;https://www.jardiland.com/animaux/chien/jeux-et-jouets/jouet-en-caoutchouc-et-latex/71307-kitty-souris-retrofriction.html
71308-71308;1310980;185;20170124;https://www.jardiland.com/animaux/chien/jeux-et-jouets/jouet-en-caoutchouc-et-latex/71308-kitty-magnet-plumes.html
81638-75739;1483763;185;20170124;https://www.jardiland.com/animaux/chien/jeux-et-jouets/peluche/81638-jouet-peluche-round-circus.html
81638-75738;1483764;185;20170124;https://www.jardiland.com/animaux/chien/jeux-et-jouets/peluche/81638-jouet-peluche-round-circus.html
81690-75718;1483825;185;20170124;https://www.jardiland.com/animaux/chien/jeux-et-jouets/jouet-en-caoutchouc-et-latex/81690-jouet-latex-stick-31cm.html
81690-75713;1483824;185;20170124;https://www.jardiland.com/animaux/chien/jeux-et-jouets/jouet-en-caoutchouc-et-latex/81690-jouet-latex-stick-31cm.html
81689-75720;1483821;185;20170124;https://www.jardiland.com/animaux/chien/jeux-et-jouets/jouet-en-caoutchouc-et-latex/81689-jouet-latex-slim-22cm.html
81689-75719;1483822;185;20170124;https://www.jardiland.com/animaux/chien/jeux-et-jouets/jouet-en-caoutchouc-et-latex/81689-jouet-latex-slim-22cm.html
81658-75722;1483818;185;20170124;https://www.jardiland.com/animaux/chien/jeux-et-jouets/jouet-en-caoutchouc-et-latex/81658-jouet-latex-poignee-15cm.html
81658-75721;1483819;185;20170124;https://www.jardiland.com/animaux/chien/jeux-et-jouets/jouet-en-caoutchouc-et-latex/81658-jouet-latex-poignee-15cm.html
81677-75742;1483815;185;20170124;https://www.jardiland.com/animaux/chien/jeux-et-jouets/jouet-en-caoutchouc-et-latex/81677-jouet-latex-glouton-18cm.html
81677-75723;1483816;185;20170124;https://www.jardiland.com/animaux/chien/jeux-et-jouets/jouet-en-caoutchouc-et-latex/81677-jouet-latex-glouton-18cm.html
32176-7288;1225084;185;20170124;https://www.jardiland.com/animaux/chien/jeux-et-jouets/corde/32176-balle-tennis-pour-chien.html
81340-72856;1454189;185;20170124;https://www.jardiland.com/animaux/chien/niches-couchage-et-transport/coussin-et-matelas/81340-coussin-plat-artic.html
81340-72855;1454190;185;20170124;https://www.jardiland.com/animaux/chien/niches-couchage-et-transport/coussin-et-matelas/81340-coussin-plat-artic.html
81340-72838;1454192;185;20170124;https://www.jardiland.com/animaux/chien/niches-couchage-et-transport/coussin-et-matelas/81340-coussin-plat-artic.html
32132-9389;1318334;185;20170124;https://www.jardiland.com/animaux/chien/gamelles-ecuelles-et-distributeurs/distributeur-d-eau-et-croquette/32132-distributeur-de-croquettes.html
2226-2226;1365850;185;20170124;https://www.jardiland.com/animaux/chien/gamelles-ecuelles-et-distributeurs/autres/2226-container-pour-croquettes.html
68685-68685;1449339;185;20170124;https://www.jardiland.com/animaux/chien/gamelles-ecuelles-et-distributeurs/autres/68685-container-feedeez-4-1l.html
67954-67954;1472407;185;20170124;https://www.jardiland.com/animaux/chien/alimentation-et-friandises/biscuit/67954-pedigree-schmackos-multi-varietes-86g.html
68820-68820;1438871;185;20170124;https://www.jardiland.com/animaux/chien/alimentation-et-friandises/biscuit/68820-pedigree-sa-recompense-bouchee-moel-130g.html
68821-68821;1438870;185;20170124;https://www.jardiland.com/animaux/chien/alimentation-et-friandises/biscuit/68821-pedigree-sa-recompense-bouchee-croqu-95g.html
66863-66863;539793;185;20170124;https://www.jardiland.com/animaux/chien/alimentation-et-friandises/friandise-bucco-dentaire/66863-pedigree-junior-tubos-chiot-3st-72g.html
82083-74543;1472399;185;20170124;https://www.jardiland.com/animaux/chien/alimentation-et-friandises/friandise-bucco-dentaire/82083-pedigree-dentastix.html
82083-74521;1472400;185;20170124;https://www.jardiland.com/animaux/chien/alimentation-et-friandises/friandise-bucco-dentaire/82083-pedigree-dentastix.html
82083-74520;1472401;185;20170124;https://www.jardiland.com/animaux/chien/alimentation-et-friandises/friandise-bucco-dentaire/82083-pedigree-dentastix.html
31990-7070;1209683;185;20170124;https://www.jardiland.com/animaux/chien/alimentation-et-friandises/os-a-macher/31990-os-presses.html
52463-52185;1209402;185;20170124;https://www.jardiland.com/animaux/chien/alimentation-et-friandises/os-a-macher/52463-os-presse.html
31984-7075;1209698;185;20170124;https://www.jardiland.com/animaux/chien/alimentation-et-friandises/friandise-bucco-dentaire/31984-os-au-fluor.html
83505-79561;1486141;185;20170124;https://www.jardiland.com/animaux/chien/alimentation-et-friandises/os-a-macher/83505-feedeez-os-presse.html
83505-79553;1486139;185;20170124;https://www.jardiland.com/animaux/chien/alimentation-et-friandises/os-a-macher/83505-feedeez-os-presse.html
83505-79550;1486143;185;20170124;https://www.jardiland.com/animaux/chien/alimentation-et-friandises/os-a-macher/83505-feedeez-os-presse.html
83505-79549;1486144;185;20170124;https://www.jardiland.com/animaux/chien/alimentation-et-friandises/os-a-macher/83505-feedeez-os-presse.html
83505-79548;1486146;185;20170124;https://www.jardiland.com/animaux/chien/alimentation-et-friandises/os-a-macher/83505-feedeez-os-presse.html
83529-79547;1486152;185;20170124;https://www.jardiland.com/animaux/chien/alimentation-et-friandises/os-a-macher/83529-feedeez-os-noue-blanc.html
83506-79546;1486137;185;20170124;https://www.jardiland.com/animaux/chien/alimentation-et-friandises/friandise-bucco-dentaire/83506-feedeez-os-au-fluor.html
68211-68211;1486156;185;20170124;https://www.jardiland.com/animaux/chien/alimentation-et-friandises/friandise-bucco-dentaire/68211-feedeez-batonnets-torsades-au-fluor-x15-1.html
83531-79571;1486155;185;20170124;https://www.jardiland.com/animaux/chien/alimentation-et-friandises/biscuit/83531-feedeez-batonnets-torsades.html
83531-79569;1486154;185;20170124;https://www.jardiland.com/animaux/chien/alimentation-et-friandises/biscuit/83531-feedeez-batonnets-torsades.html
82284-75393;1469341;185;20170124;https://www.jardiland.com/animaux/chien/alimentation-et-friandises/biscuit/82284-feedeez-oreilles-porc.html
82284-75390;1469342;185;20170124;https://www.jardiland.com/animaux/chien/alimentation-et-friandises/biscuit/82284-feedeez-oreilles-porc.html
68183-68183;1464124;185;20170124;https://www.jardiland.com/animaux/chien/alimentation-et-friandises/os-a-macher/68183-ava-os-noue-7cm-x6-1.html
81801-77889;640025;185;20170124;https://www.jardiland.com/amenagement-du-jardin/bassins-et-jardin-aquatique/materiel/81801-tuyau-annele.html
66609-66609;640094;185;20170124;https://www.jardiland.com/amenagement-du-jardin/bassins-et-jardin-aquatique/materiel/66609-pompe-elimax-4000-1.html
66610-66610;640093;185;20170124;https://www.jardiland.com/amenagement-du-jardin/bassins-et-jardin-aquatique/materiel/66610-pompe-elimax-2500-1.html
66612-66612;639977;185;20170124;https://www.jardiland.com/amenagement-du-jardin/bassins-et-jardin-aquatique/bassins/66612-lot-bassin-start1000-1.html
59655-59655;639972;185;20170124;https://www.jardiland.com/amenagement-du-jardin/bassins-et-jardin-aquatique/bassins/59655-bassin-iris-150-l.html
53318-53318;975375;185;20170124;https://www.jardiland.com/amenagement-du-jardin/loisirs-plein-air/piscines/53318-thermometre.html
65405-65405;952179;185;20170124;https://www.jardiland.com/amenagement-du-jardin/loisirs-plein-air/jouets/65405-30-ballons-classique-assortis.html
70311-70311;1397833;185;20170124;https://www.jardiland.com/amenagement-du-jardin/carre-potager/70311-carre-potager-en-fibre.html
2153-2153;1360636;185;20170124;https://www.jardiland.com/amenagement-du-jardin/decorations/autres-decorations/2153-tuteur-anthracite-chat.html
82365-73154;1432239;185;20170124;https://www.jardiland.com/amenagement-du-jardin/decorations/autres-decorations/82365-tapis-d-exterieur-270-cm.html
66523-66523;572572;185;20170124;https://www.jardiland.com/amenagement-du-jardin/decorations/autres-decorations/66523-girouette-chat-met-gris.html
81521-73743;1016701;185;20170124;https://www.jardiland.com/amenagement-du-jardin/pots-bacs-jardinieres-et-supports/tuteurs-et-supports-de-plante/pergola-arche-et-arceau/81521-arche-double-romantique-ht-2-50-m.html
31663-14373;566371;185;20170124;https://www.jardiland.com/amenagement-du-jardin/pots-bacs-jardinieres-et-supports/tuteurs-et-supports-de-plante/tuteur/31663-anneaux-tuteurs.html
69317-69317;1430657;185;20170124;https://www.jardiland.com/amenagement-du-jardin/pots-bacs-jardinieres-et-supports/autres-pots-et-jardinieres/pot-et-jardiniere-en-bois/69317-bac-seul-naturel-100x49x40-leolynn.html
81479-80936;972827;185;20170124;https://www.jardiland.com/amenagement-du-jardin/pots-bacs-jardinieres-et-supports/en-email/81479-soucoupe-deco.html
81479-80926;972822;185;20170124;https://www.jardiland.com/amenagement-du-jardin/pots-bacs-jardinieres-et-supports/en-email/81479-soucoupe-deco.html
81479-80909;972796;185;20170124;https://www.jardiland.com/amenagement-du-jardin/pots-bacs-jardinieres-et-supports/en-email/81479-soucoupe-deco.html
81479-80903;972797;185;20170124;https://www.jardiland.com/amenagement-du-jardin/pots-bacs-jardinieres-et-supports/en-email/81479-soucoupe-deco.html
81479-80800;923264;185;20170124;https://www.jardiland.com/amenagement-du-jardin/pots-bacs-jardinieres-et-supports/en-email/81479-soucoupe-deco.html
81479-78345;899998;185;20170124;https://www.jardiland.com/amenagement-du-jardin/pots-bacs-jardinieres-et-supports/en-email/81479-soucoupe-deco.html
81479-78332;900048;185;20170124;https://www.jardiland.com/amenagement-du-jardin/pots-bacs-jardinieres-et-supports/en-email/81479-soucoupe-deco.html
81479-77562;675487;185;20170124;https://www.jardiland.com/amenagement-du-jardin/pots-bacs-jardinieres-et-supports/en-email/81479-soucoupe-deco.html
81479-74193;1352463;185;20170124;https://www.jardiland.com/amenagement-du-jardin/pots-bacs-jardinieres-et-supports/en-email/81479-soucoupe-deco.html
81479-74160;1352467;185;20170124;https://www.jardiland.com/amenagement-du-jardin/pots-bacs-jardinieres-et-supports/en-email/81479-soucoupe-deco.html
31468-13335;1404004;185;20170124;https://www.jardiland.com/amenagement-du-jardin/pots-bacs-jardinieres-et-supports/en-email/31468-pot-en-email-maldives.html
81480-80900;972794;185;20170124;https://www.jardiland.com/amenagement-du-jardin/pots-bacs-jardinieres-et-supports/en-email/81480-godet-comete.html
81480-80899;972803;185;20170124;https://www.jardiland.com/amenagement-du-jardin/pots-bacs-jardinieres-et-supports/en-email/81480-godet-comete.html
69683-69683;1431113;185;20170124;https://www.jardiland.com/amenagement-du-jardin/pots-bacs-jardinieres-et-supports/en-email/69683-cuvier-mystery-assorti-35-h32cm.html
81481-80907;972817;185;20170124;https://www.jardiland.com/amenagement-du-jardin/pots-bacs-jardinieres-et-supports/en-email/81481-caluna-deco-perce.html
81481-80801;923271;185;20170124;https://www.jardiland.com/amenagement-du-jardin/pots-bacs-jardinieres-et-supports/en-email/81481-caluna-deco-perce.html
31622-13263;1403336;185;20170124;https://www.jardiland.com/amenagement-du-jardin/pots-bacs-jardinieres-et-supports/en-terre-cuite/31622-pot-en-terre-cuite-gea-deroma-o-19o9-1.html
1373-1373;1292387;185;20170124;https://www.jardiland.com/amenagement-du-jardin/pots-bacs-jardinieres-et-supports/en-terre-cuite/1373-pot-carre-droit-en-terre-cuite.html
82762-74564;1429980;185;20170124;https://www.jardiland.com/amenagement-du-jardin/pots-bacs-jardinieres-et-supports/en-plastique/82762-soucoupe-jardiniere-romeo.html
82762-74132;1429983;185;20170124;https://www.jardiland.com/amenagement-du-jardin/pots-bacs-jardinieres-et-supports/en-plastique/82762-soucoupe-jardiniere-romeo.html
82762-73246;1429993;185;20170124;https://www.jardiland.com/amenagement-du-jardin/pots-bacs-jardinieres-et-supports/en-plastique/82762-soucoupe-jardiniere-romeo.html
82762-73244;1429977;185;20170124;https://www.jardiland.com/amenagement-du-jardin/pots-bacs-jardinieres-et-supports/en-plastique/82762-soucoupe-jardiniere-romeo.html
82762-73240;1429972;185;20170124;https://www.jardiland.com/amenagement-du-jardin/pots-bacs-jardinieres-et-supports/en-plastique/82762-soucoupe-jardiniere-romeo.html
82762-73239;1429990;185;20170124;https://www.jardiland.com/amenagement-du-jardin/pots-bacs-jardinieres-et-supports/en-plastique/82762-soucoupe-jardiniere-romeo.html
82762-73238;1429971;185;20170124;https://www.jardiland.com/amenagement-du-jardin/pots-bacs-jardinieres-et-supports/en-plastique/82762-soucoupe-jardiniere-romeo.html
82762-73224;1429974;185;20170124;https://www.jardiland.com/amenagement-du-jardin/pots-bacs-jardinieres-et-supports/en-plastique/82762-soucoupe-jardiniere-romeo.html
31527-9133;1292107;185;20170124;https://www.jardiland.com/amenagement-du-jardin/pots-bacs-jardinieres-et-supports/en-plastique/31527-soucoupe-en-plastique-san-remo.html
31549-11089;1360504;185;20170124;https://www.jardiland.com/amenagement-du-jardin/pots-bacs-jardinieres-et-supports/en-plastique/31549-pot-romeo.html
31549-11083;1360498;185;20170124;https://www.jardiland.com/amenagement-du-jardin/pots-bacs-jardinieres-et-supports/en-plastique/31549-pot-romeo.html
31549-11077;1360492;185;20170124;https://www.jardiland.com/amenagement-du-jardin/pots-bacs-jardinieres-et-supports/en-plastique/31549-pot-romeo.html
82758-73232;1429965;185;20170124;https://www.jardiland.com/amenagement-du-jardin/pots-bacs-jardinieres-et-supports/en-plastique/82758-jardiniere-romeo.html
82758-73230;1429957;185;20170124;https://www.jardiland.com/amenagement-du-jardin/pots-bacs-jardinieres-et-supports/en-plastique/82758-jardiniere-romeo.html
82758-73229;1429953;185;20170124;https://www.jardiland.com/amenagement-du-jardin/pots-bacs-jardinieres-et-supports/en-plastique/82758-jardiniere-romeo.html
68784-68784;1440071;185;20170124;https://www.jardiland.com/amenagement-du-jardin/amenagement/gazon-synthetique/68784-prems-g-5326-coupon-1m-x-3m.html
31163-19504;604139;185;20170124;https://www.jardiland.com/amenagement-du-jardin/amenagement/bordures/31163-bordure-a-gazon.html
69259-69259;1430948;185;20170124;https://www.jardiland.com/amenagement-du-jardin/barbecues-cuisine-exterieur/autres/accessoires-de-barbecue/69259-poelle-paella-d46cm.html
69264-69264;1430943;185;20170124;https://www.jardiland.com/amenagement-du-jardin/barbecues-cuisine-exterieur/autres/accessoires-de-barbecue/69264-moufle-de-protection.html
69266-69266;1430941;185;20170124;https://www.jardiland.com/amenagement-du-jardin/barbecues-cuisine-exterieur/autres/accessoires-de-barbecue/69266-lot-5-plats-alu-322x263x38-mm.html
69308-69308;1430854;185;20170124;https://www.jardiland.com/amenagement-du-jardin/barbecues-cuisine-exterieur/autres/combustible/69308-liq-allume-feu-1l-orig-vegetal-estival.html
71854-71854;1352010;185;20170124;https://www.jardiland.com/amenagement-du-jardin/barbecues-cuisine-exterieur/autres/accessoires-de-barbecue/71854-jeu-6-brochettes-support-weber-original.html
70388-70388;1396483;185;20170124;https://www.jardiland.com/amenagement-du-jardin/barbecues-cuisine-exterieur/autres/accessoires-de-barbecue/70388-housse-luxe-pour-bbq-performer-original.html
69289-69289;1430918;185;20170124;https://www.jardiland.com/amenagement-du-jardin/barbecues-cuisine-exterieur/autres/accessoires-de-barbecue/69289-grille-simple-67x40cm.html
69297-69297;1430910;185;20170124;https://www.jardiland.com/amenagement-du-jardin/barbecues-cuisine-exterieur/autres/accessoires-de-barbecue/69297-grille-double-sur-pied-40x40cm.html
69291-69291;1430916;185;20170124;https://www.jardiland.com/amenagement-du-jardin/barbecues-cuisine-exterieur/autres/accessoires-de-barbecue/69291-grille-double-ajustable-32x25cm.html
69290-69290;1430917;185;20170124;https://www.jardiland.com/amenagement-du-jardin/barbecues-cuisine-exterieur/autres/accessoires-de-barbecue/69290-grille-double-acier-chrome-d41cm.html
69295-69295;1430912;185;20170124;https://www.jardiland.com/amenagement-du-jardin/barbecues-cuisine-exterieur/autres/accessoires-de-barbecue/69295-grille-double-a-saucisses-42x20cm.html
69292-69292;1430915;185;20170124;https://www.jardiland.com/amenagement-du-jardin/barbecues-cuisine-exterieur/autres/accessoires-de-barbecue/69292-grille-double-a-poisson-28x28cm.html
69293-69293;1430914;185;20170124;https://www.jardiland.com/amenagement-du-jardin/barbecues-cuisine-exterieur/autres/accessoires-de-barbecue/69293-grille-double-40x29cm.html
69261-69261;1430946;185;20170124;https://www.jardiland.com/amenagement-du-jardin/barbecues-cuisine-exterieur/autres/accessoires-de-barbecue/69261-grille-decoupable-70x40cm.html
69265-69265;1430942;185;20170124;https://www.jardiland.com/amenagement-du-jardin/barbecues-cuisine-exterieur/autres/accessoires-de-barbecue/69265-grille-anti-flamme-inox-32-5x24-5cm.html
69286-69286;1430921;185;20170124;https://www.jardiland.com/amenagement-du-jardin/barbecues-cuisine-exterieur/autres/accessoires-de-barbecue/69286-grille-57x30cm-barbecue-beton.html
69309-69309;1430853;185;20170124;https://www.jardiland.com/amenagement-du-jardin/barbecues-cuisine-exterieur/autres/combustible/69309-gel-allume-feu-naturel-estival.html
69271-69271;1430936;185;20170124;https://www.jardiland.com/amenagement-du-jardin/barbecues-cuisine-exterieur/autres/accessoires-de-barbecue/69271-gant-anti-chaleur.html
71008-71008;1350642;185;20170124;https://www.jardiland.com/amenagement-du-jardin/barbecues-cuisine-exterieur/autres/accessoires-de-barbecue/71008-flexible-butane-propane-1-5-m.html
70699-70699;1379166;185;20170124;https://www.jardiland.com/amenagement-du-jardin/barbecues-cuisine-exterieur/autres/accessoires-de-barbecue/70699-detendeur-twiny-propane-blister.html
70698-70698;1379167;185;20170124;https://www.jardiland.com/amenagement-du-jardin/barbecues-cuisine-exterieur/autres/accessoires-de-barbecue/70698-detendeur-twiny-butane-ac-tetine-blister.html
71006-71006;1350644;185;20170124;https://www.jardiland.com/amenagement-du-jardin/barbecues-cuisine-exterieur/autres/accessoires-de-barbecue/71006-detendeur-propane.html
71007-71007;1350643;185;20170124;https://www.jardiland.com/amenagement-du-jardin/barbecues-cuisine-exterieur/autres/accessoires-de-barbecue/71007-detendeur-butane-avec-tetine.html
69311-69311;1430851;185;20170124;https://www.jardiland.com/amenagement-du-jardin/barbecues-cuisine-exterieur/autres/combustible/69311-cubes-allumefeu-fsc-bois-cirex32-estival.html
69306-69306;1430858;185;20170124;https://www.jardiland.com/amenagement-du-jardin/barbecues-cuisine-exterieur/autres/combustible/69306-cubes-allume-feu-blanc-x32-estival.html
69281-69281;1430926;185;20170124;https://www.jardiland.com/amenagement-du-jardin/barbecues-cuisine-exterieur/autres/accessoires-de-barbecue/69281-brosse-inox-44-cm-manche-bois.html
69275-69275;1430932;185;20170124;https://www.jardiland.com/amenagement-du-jardin/barbecues-cuisine-exterieur/autres/accessoires-de-barbecue/69275-brosse-angle-multi-fonction.html
69274-69274;1430933;185;20170124;https://www.jardiland.com/amenagement-du-jardin/barbecues-cuisine-exterieur/autres/accessoires-de-barbecue/69274-brochettes-inox-40cm-x10-1.html
69273-69273;1430934;185;20170124;https://www.jardiland.com/amenagement-du-jardin/barbecues-cuisine-exterieur/autres/accessoires-de-barbecue/69273-brochettes-bambou-x100-1.html
68922-68922;1434191;185;20170124;https://www.jardiland.com/amenagement-du-jardin/barbecues-cuisine-exterieur/autres/combustible/68922-briquette-de-charbon-bois-sac-4kg.html
69310-69310;1430852;185;20170124;https://www.jardiland.com/amenagement-du-jardin/barbecues-cuisine-exterieur/autres/combustible/69310-allume-feu-laine-de-bois-fsc-x48-estival.html
69304-69304;1430864;185;20170124;https://www.jardiland.com/amenagement-du-jardin/barbecues-cuisine-exterieur/autres/combustible/69304-allume-feu-enflammettes-fsc-x20-estival.html
69305-69305;1430863;185;20170124;https://www.jardiland.com/amenagement-du-jardin/barbecues-cuisine-exterieur/autres/combustible/69305-65-allum-geantes-fsc-tube-deco-estival.html
69307-69307;1430855;185;20170124;https://www.jardiland.com/amenagement-du-jardin/barbecues-cuisine-exterieur/autres/combustible/69307-45-allumettes-9-5cm-en-tube-estival.html
31300-12976;1400657;185;20170124;https://www.jardiland.com/amenagement-du-jardin/eclairage-et-chauffage-d-exterieur/bougies-d-exterieur/31300-bougie-en-bocal-le-parfait-taille-s.html
70902-70902;1377074;185;20170124;https://www.jardiland.com/amenagement-du-jardin/eclairage-et-chauffage-d-exterieur/eclairage-solaire/70902-spots-bouddha.html
19-19;1013982;185;20170124;https://www.jardiland.com/amenagement-du-jardin/eclairage-et-chauffage-d-exterieur/eclairage-solaire/19-borne-a-led-solaire.html
68915-68915;1434291;185;20170124;https://www.jardiland.com/amenagement-du-jardin/eclairage-et-chauffage-d-exterieur/eclairage-solaire/68915-bocal-p-int-sur-pile-10x16cm.html
1180-1180;1296506;185;20170124;https://www.jardiland.com/amenagement-du-jardin/parasols-tonnelles-et-voiles-d-ombrage/parasols-et-accessoires/accessoires/1180-pied-de-parasol-en-bois-20-kg.html
31404-30737;979605;185;20170124;https://www.jardiland.com/amenagement-du-jardin/parasols-tonnelles-et-voiles-d-ombrage/parasols-et-accessoires/parasol-en-metal/31404-parasol-artico.html
66324-66324;684302;185;20170124;https://www.jardiland.com/amenagement-du-jardin/mobilier-de-jardin/bains-de-soleil-et-hamacs/hamac/66324-bois-ecartement-pour-hamacs-serie-102-1.html
2733-2733;1398247;185;20170124;https://www.jardiland.com/amenagement-du-jardin/mobilier-de-jardin/salon-de-jardin/salon-en-bi-matiere/2733-table-doris.html
66260-66260;715454;185;20170124;https://www.jardiland.com/amenagement-du-jardin/mobilier-de-jardin/salon-de-jardin/housse-de-protection/66260-protecteur-mobilier-resine-1l.html
66336-66336;683620;185;20170124;https://www.jardiland.com/amenagement-du-jardin/mobilier-de-jardin/salon-de-jardin/housse-de-protection/66336-nettoyant-mobilier-alu-et-osier-syntheti.html
36773-36773;577948;185;20170124;https://www.jardiland.com/jardinage/bricolage-droguerie/insecticides-menagers/insecticide-volant-et-rampant/36773-gel-appat-cafard.html
68731-68731;1442146;185;20170124;https://www.jardiland.com/jardinage/bricolage-droguerie/insecticides-menagers/insecticide-volant-et-rampant/68731-aerosol-nids-guepes-frelons-10-m.html
41034-41034;803266;185;20170124;https://www.jardiland.com/jardinage/arrosage/tuyaux-devidoirs-lances-et-pistolets/raccord/41034-nez-de-robinet-15x21-1.html
4896-4896;659144;185;20170124;https://www.jardiland.com/jardinage/arrosage/tuyaux-devidoirs-lances-et-pistolets/pistolet/4896-lance-d-arrosage-multijets-comfort.html
68991-68991;1441678;185;20170124;https://www.jardiland.com/jardinage/arrosage/tuyaux-devidoirs-lances-et-pistolets/devidoir/68991-devidoir-mural-retractable-30m-12-5mm.html
56514-56272;862853;185;20170124;https://www.jardiland.com/jardinage/arrosage/tuyaux-devidoirs-lances-et-pistolets/raccord/56514-coupleur-coup-eau.html
32668-49395;1403951;185;20170124;https://www.jardiland.com/jardinage/arrosage/arrosoirs/32668-arrosoir-parisien.html
32668-49394;1403950;185;20170124;https://www.jardiland.com/jardinage/arrosage/arrosoirs/32668-arrosoir-parisien.html
54696-54696;576409;185;20170124;https://www.jardiland.com/jardinage/arrosage/arrosoirs/54696-arrosoir-donna-2-l.html
5575-5575;924916;185;20170124;https://www.jardiland.com/jardinage/equipement-du-jardinier/vetements/5575-tablier-homme-tradition.html
71856-71856;1313946;185;20170124;https://www.jardiland.com/jardinage/entretien-et-traitements/traitements-des-plantes-et-lutte-bio/lutte-contre-les-insectes/71856-ver-du-poireau.html
81166-73952;1208945;185;20170124;https://www.jardiland.com/jardinage/entretien-et-traitements/traitements-des-plantes-et-lutte-bio/autres-traitements/81166-traitement-insectes-et-maladies.html
71518-71518;1282141;185;20170124;https://www.jardiland.com/jardinage/entretien-et-traitements/traitements-des-plantes-et-lutte-bio/autres-traitements/71518-nematodes-contre-les-vers-blancs.html
68779-68779;1440453;185;20170124;https://www.jardiland.com/jardinage/entretien-et-traitements/traitements-des-plantes-et-lutte-bio/lutte-contre-les-maladies/68779-maladies-des-rosiers-125ml.html
70713-70713;1374322;185;20170124;https://www.jardiland.com/jardinage/entretien-et-traitements/traitements-des-plantes-et-lutte-bio/lutte-contre-les-insectes/70713-insectes-fruits-et-legumes-pae-900ml.html
71855-71855;1313959;185;20170124;https://www.jardiland.com/jardinage/entretien-et-traitements/traitements-des-plantes-et-lutte-bio/lutte-contre-les-insectes/71855-cochenilles-systemique-aceta-pae-800ml.html
65782-65782;877389;185;20170124;https://www.jardiland.com/jardinage/entretien-et-traitements/traitements-des-plantes-et-lutte-bio/lutte-contre-les-maladies/65782-anti-pourritures-8x1-25g.html
70676-70676;1380294;185;20170124;https://www.jardiland.com/jardinage/entretien-et-traitements/traitements-des-plantes-et-lutte-bio/autres-traitements/70676-anti-germes-75g.html
82724-74482;1312758;185;20170124;https://www.jardiland.com/jardinage/entretien-et-traitements/desherbants/desherbant-total/82724-desherbant-radicalr.html
81702-73131;1434207;185;20170124;https://www.jardiland.com/jardinage/entretien-et-traitements/desherbants/desherbant-gazon/81702-desherbant-gazon-superbix.html
82691-74488;1313937;185;20170124;https://www.jardiland.com/jardinage/entretien-et-traitements/desherbants/anti-mousse/82691-desherbant-anti-repousse.html
82691-74472;1313935;185;20170124;https://www.jardiland.com/jardinage/entretien-et-traitements/desherbants/anti-mousse/82691-desherbant-anti-repousse.html
82544-73426;1249830;185;20170124;https://www.jardiland.com/jardinage/entretien-et-traitements/desherbants/autres-desherbants/82544-debroussaillant-roncese-chardons.html
32696-53143;1401612;185;20170124;https://www.jardiland.com/jardinage/entretien-et-traitements/engrais/engrais-pour-arbres-et-fleurs-du-jardin/32696-engrais-rosiers-et-arbustes-a-fleurs.html
32697-53142;1401615;185;20170124;https://www.jardiland.com/jardinage/entretien-et-traitements/engrais/engrais-pour-arbres-et-fleurs-du-jardin/32697-engrais-geraniums-et-balconnieres.html
82674-72901;1444421;185;20170124;https://www.jardiland.com/jardinage/entretien-et-traitements/engrais/engrais-pour-arbres-et-fleurs-du-jardin/82674-engrais-coniferes-et-arbustes.html
5999-24678;803509;185;20170124;https://www.jardiland.com/jardinage/entretien-et-traitements/engrais/engrais-pour-arbres-et-fleurs-du-jardin/5999-engrais-coniferes-et-arbres-jardiland.html
68728-68728;1442642;185;20170124;https://www.jardiland.com/jardinage/entretien-et-traitements/anti-nuisibles-pieges-et-repulsifs/lutte-contre-les-rats-souris-taupes-et-rongeurs/68728-souris-pate-200g.html
68726-68726;1442647;185;20170124;https://www.jardiland.com/jardinage/entretien-et-traitements/anti-nuisibles-pieges-et-repulsifs/lutte-contre-les-rats-souris-taupes-et-rongeurs/68726-rat-souris-cereale-decortiquee-200g.html
68727-68727;1442645;185;20170124;https://www.jardiland.com/jardinage/entretien-et-traitements/anti-nuisibles-pieges-et-repulsifs/lutte-contre-les-rats-souris-taupes-et-rongeurs/68727-rat-pate-500g.html
68725-68725;1442654;185;20170124;https://www.jardiland.com/jardinage/entretien-et-traitements/anti-nuisibles-pieges-et-repulsifs/lutte-contre-les-rats-souris-taupes-et-rongeurs/68725-mulot-cereale-decortiquee-200g.html
59624-59501;595623;185;20170124;https://www.jardiland.com/plantes/sapins-de-noel/sapins-de-noel-epicea/sapin-de-noel-epicea-en-faux-conteneur/59624-sapin-de-noel-epicea-omorika-en-faux-conteneur.html
59362-59539;595490;185;20170124;https://www.jardiland.com/plantes/sapins-de-noel/sapins-de-noel-epicea/sapin-de-noel-epicea-en-faux-conteneur/59362-sapin-de-noel-epicea-commun-en-faux-conteneur.html
59631-59566;997831;185;20170124;https://www.jardiland.com/plantes/sapins-de-noel/sapins-de-noel-nordmann-fraser-nobilis/sapin-de-noel-en-faux-conteneur/59631-sapin-de-noel-de-fraser-en-faux-conteneur.html
59630-59569;997744;185;20170124;https://www.jardiland.com/plantes/sapins-de-noel/sapins-de-noel-nordmann-fraser-nobilis/sapin-de-noel-coupe/59630-sapin-de-noel-de-fraser-coupe.html
40836-39493;706054;185;20170124;https://www.jardiland.com/plantes/sapins-de-noel/supports-pieds-et-accessoires-de-sapin/40836-pied-de-sapin-en-fer.html
40836-37923;1267739;185;20170124;https://www.jardiland.com/plantes/sapins-de-noel/supports-pieds-et-accessoires-de-sapin/40836-pied-de-sapin-en-fer.html
82836-76042;1474997;185;20170124;https://www.jardiland.com/plantes/sapins-de-noel/sapins-de-noel-floques/82836-picea-pungens-super-blue.html
82345-78972;1487176;185;20170124;https://www.jardiland.com/plantes/plantes-d-interieur/plantes-vertes/autres-plantes-vertes/82345-plante-verte-mixte.html
35992-20637;632774;185;20170124;https://www.jardiland.com/plantes/plantes-d-interieur/plantes-vertes/ficus/35992-ficus-pumila-mini-plante.html
35687-22897;691801;185;20170124;https://www.jardiland.com/plantes/plantes-d-interieur/orchidees/dendrobium/35687-orchidee-dendrobium.html
53816-53816;1254083;185;20170124;https://www.jardiland.com/plantes/graines-et-gazon/gazon-et-prairies-fleuries/prairie-fleurie/53816-prairie-fleurie-fleurs-des-pres.html
3946-3946;928141;185;20170124;https://www.jardiland.com/plantes/graines-et-gazon/gazon-et-prairies-fleuries/prairie-fleurie/3946-prairie-fleurie-abeilles-vivaces.html
46836-46836;1252920;185;20170124;https://www.jardiland.com/plantes/graines-et-gazon/gazon-et-prairies-fleuries/prairie-fleurie/46836-melange-pour-gibier-100-me.html
46676-46676;1252955;185;20170124;https://www.jardiland.com/plantes/graines-et-gazon/gazon-et-prairies-fleuries/prairie-fleurie/46676-melange-massif-baroque-25-me.html
788-788;1308350;185;20170124;https://www.jardiland.com/plantes/graines-et-gazon/graines-ludiques-et-kits/kits-pour-enfants/788-tete-a-pot-cochon.html
46335-46335;565294;185;20170124;https://www.jardiland.com/plantes/graines-et-gazon/graines-de-fleurs/fleurs-annuelles/46335-verveine-mammouth-variee.html
46516-46516;565280;185;20170124;https://www.jardiland.com/plantes/graines-et-gazon/graines-de-fleurs/fleurs-annuelles/46516-sauge-splendens-naine-presto.html
46517-46517;565279;185;20170124;https://www.jardiland.com/plantes/graines-et-gazon/graines-de-fleurs/fleurs-vivaces/46517-salvia-farinacea-victoria.html
46352-46352;565233;185;20170124;https://www.jardiland.com/plantes/graines-et-gazon/graines-de-fleurs/fleurs-annuelles/46352-petunia-nain-compact-melange.html
46526-46526;565231;185;20170124;https://www.jardiland.com/plantes/graines-et-gazon/graines-de-fleurs/fleurs-annuelles/46526-petunia-bleu-le-conseiller.html
46776-46776;565904;185;20170124;https://www.jardiland.com/plantes/graines-et-gazon/graines-de-fleurs/fleurs-bisannuelles/46776-pensee-suisse-crete-rouge.html
46365-46365;565129;185;20170124;https://www.jardiland.com/plantes/graines-et-gazon/graines-de-fleurs/fleurs-annuelles/46365-kochia-trichophylla.html
46373-46373;565085;185;20170124;https://www.jardiland.com/plantes/graines-et-gazon/graines-de-fleurs/melange-mixte/46373-graminees-ornementales-en-melange.html
46324-46324;565357;185;20170124;https://www.jardiland.com/plantes/graines-et-gazon/graines-de-fleurs/fleurs-vivaces/46324-edelweiss-des-alpes.html
46227-46227;876791;185;20170124;https://www.jardiland.com/plantes/graines-et-gazon/graines-de-fleurs/fleurs-annuelles/46227-coquelicot-double-varie.html
46369-46369;565119;185;20170124;https://www.jardiland.com/plantes/graines-et-gazon/graines-de-fleurs/fleurs-annuelles/46369-anthemis-frutescens-blanc.html
46294-46294;565811;185;20170124;https://www.jardiland.com/plantes/graines-et-gazon/graines-de-fleurs/fleurs-annuelles/46294-acroclinium-royal-double-varie.html
826-826;1251904;185;20170124;https://www.jardiland.com/plantes/graines-et-gazon/graines-potageres-et-aromatiques/autres-graines-potageres/826-mon-premier-potager-en-carre.html
35316-29501;947291;185;20170124;https://www.jardiland.com/plantes/bulbes-et-pommes-de-terre/bulbes-a-fleurs/pivoine/35316-pivoine-sarah-bernhardt.html
56627-56627;1470840;185;20170124;https://www.jardiland.com/plantes/bulbes-et-pommes-de-terre/bulbes-a-fleurs/crocus/56627-crocus-botanique-zwanenburg-bronze.html
35020-29219;931152;185;20170124;https://www.jardiland.com/plantes/bulbes-et-pommes-de-terre/bulbes-a-fleurs/amaryllis/35020-amaryllis.html
35032-29498;947283;185;20170124;https://www.jardiland.com/plantes/bulbes-et-pommes-de-terre/bulbes-a-fleurs/autres-bulbes-a-fleurs/35032-agapanthe-bleu.html
35073-29497;947282;185;20170124;https://www.jardiland.com/plantes/bulbes-et-pommes-de-terre/bulbes-a-fleurs/autres-bulbes-a-fleurs/35073-agapanthe-blanc.html
36524-22567;680375;185;20170124;https://www.jardiland.com/plantes/potager-et-verger/fruitiers/noisetier/36524-noisetier-merveille-de-bollwiller.html
36421-17148;587857;185;20170124;https://www.jardiland.com/plantes/potager-et-verger/fruitiers/figuier/36421-figuier-madeleine-blanche.html
33377-12656;1393600;185;20170124;https://www.jardiland.com/plantes/potager-et-verger/plantes-aromatiques/lavande/33377-lavande-munstead.html
34035-6208;1008088;185;20170124;https://www.jardiland.com/plantes/arbres-et-arbustes-d-ornement/coniferes/sapin/34035-sapin-de-coree-brillant.html
33941-24276;742234;185;20170124;https://www.jardiland.com/plantes/arbres-et-arbustes-d-ornement/coniferes/cypres/33941-cupressus-sempervirens-totem.html
33847-29509;948197;185;20170124;https://www.jardiland.com/plantes/arbres-et-arbustes-d-ornement/buis-et-topiaires/buis/33847-buis-commun.html
41587-17060;588761;185;20170124;https://www.jardiland.com/plantes/arbres-et-arbustes-d-ornement/plantes-grimpantes/lierre/41587-lierre-d-irlande.html
34468-8471;1267962;185;20170124;https://www.jardiland.com/plantes/arbres-et-arbustes-d-ornement/plantes-grimpantes/lierre/34468-lierre-commun.html
34462-17285;588613;185;20170124;https://www.jardiland.com/plantes/arbres-et-arbustes-d-ornement/plantes-grimpantes/lierre/34462-lierre-gloire-de-marengo.html
34434-11530;1374939;185;20170124;https://www.jardiland.com/plantes/arbres-et-arbustes-d-ornement/plantes-grimpantes/glycine/34434-glycine-amethyst-falls.html
34340-16958;586949;185;20170124;https://www.jardiland.com/plantes/arbres-et-arbustes-d-ornement/plantes-grimpantes/autres-plantes-grimpantes/34340-dregea-sinensis-wattakaka.html
34388-30621;981365;185;20170124;https://www.jardiland.com/plantes/arbres-et-arbustes-d-ornement/plantes-grimpantes/clematite/34388-clematite.html
34388-21725;665827;185;20170124;https://www.jardiland.com/plantes/arbres-et-arbustes-d-ornement/plantes-grimpantes/clematite/34388-clematite.html
34365-17616;592086;185;20170124;https://www.jardiland.com/plantes/arbres-et-arbustes-d-ornement/plantes-grimpantes/chevrefeuille/34365-chevrefeuille-de-henry.html
41614-38970;608151;185;20170124;https://www.jardiland.com/plantes/arbres-et-arbustes-d-ornement/rosiers/rosiers-buissons/41614-rosier-virgo-grandes-fleurs.html
34301-60925;994973;185;20170124;https://www.jardiland.com/plantes/arbres-et-arbustes-d-ornement/plantes-de-terre-de-bruyere/rhododendron/34301-rhododendron-christmas-cheer-grandes-fleurs.html
41584-45422;993889;185;20170124;https://www.jardiland.com/plantes/arbres-et-arbustes-d-ornement/plantes-de-terre-de-bruyere/rhododendron/41584-rhododendron.html
34233-17763;591630;185;20170124;https://www.jardiland.com/plantes/arbres-et-arbustes-d-ornement/plantes-de-terre-de-bruyere/leucothoe/34233-leucothoe-axillaris-curly-red-pbr.html
36135-12654;1393472;185;20170124;https://www.jardiland.com/plantes/arbres-et-arbustes-d-ornement/plantes-de-terre-de-bruyere/bruyere-erica/36135-bruyere-d-hiver.html
34663-7624;1238937;185;20170124;https://www.jardiland.com/plantes/arbres-et-arbustes-d-ornement/plantes-mediterraneennes/autres-plantes-mediterraneennes/34663-lilas-des-indes-saint-emilionr.html
34721-46999;1420372;185;20170124;https://www.jardiland.com/plantes/arbres-et-arbustes-d-ornement/plantes-mediterraneennes/autres-plantes-mediterraneennes/34721-callistemon-masotti-pbr.html
33590-30976;993920;185;20170124;https://www.jardiland.com/plantes/arbres-et-arbustes-d-ornement/arbres-et-arbustes/prunus/33590-prunus-triloba.html
33544-60795;839468;185;20170124;https://www.jardiland.com/plantes/arbres-et-arbustes-d-ornement/arbres-et-arbustes/pommier-d-ornement/33544-pommier-d-ornement-perpetur-evereste-pbr.html
33519-30937;992989;185;20170124;https://www.jardiland.com/plantes/arbres-et-arbustes-d-ornement/arbres-et-arbustes/photinia/33519-photinia-x-fraseri-little-red-robin.html
33648-51951;935016;185;20170124;https://www.jardiland.com/plantes/arbres-et-arbustes-d-ornement/arbres-et-arbustes/seringat/33648-philadelphus-coronarius.html
33648-38854;594795;185;20170124;https://www.jardiland.com/plantes/arbres-et-arbustes-d-ornement/arbres-et-arbustes/seringat/33648-philadelphus-coronarius.html
33645-43169;883871;185;20170124;https://www.jardiland.com/plantes/arbres-et-arbustes-d-ornement/arbres-et-arbustes/seringat/33645-philadelphus.html
33465-17480;589676;185;20170124;https://www.jardiland.com/plantes/arbres-et-arbustes-d-ornement/arbres-et-arbustes/millepertuis/33465-millepertuis-hidcote.html
41531-30330;971948;185;20170124;https://www.jardiland.com/plantes/arbres-et-arbustes-d-ornement/arbres-et-arbustes/laurier-palme/41531-laurier-du-portugal-angustifolia.html
33323-17304;588842;185;20170124;https://www.jardiland.com/plantes/arbres-et-arbustes-d-ornement/arbres-et-arbustes/hibiscus/33323-hibiscus-syriacus-hamabo.html
33228-27456;874377;185;20170124;https://www.jardiland.com/plantes/arbres-et-arbustes-d-ornement/arbres-et-arbustes/forsythia/33228-forsythia-spectabilis.html
33163-16923;586856;185;20170124;https://www.jardiland.com/plantes/arbres-et-arbustes-d-ornement/arbres-et-arbustes/deutzia/33163-deutzia-x-hybrida-perle-rose.html
33160-16917;586822;185;20170124;https://www.jardiland.com/plantes/arbres-et-arbustes-d-ornement/arbres-et-arbustes/deutzia/33160-deutzia-gracilis.html
33142-16734;586079;185;20170124;https://www.jardiland.com/plantes/arbres-et-arbustes-d-ornement/arbres-et-arbustes/cotoneaster/33142-cotoneaster-dammeri.html
33119-40128;899220;185;20170124;https://www.jardiland.com/plantes/arbres-et-arbustes-d-ornement/arbres-et-arbustes/cornouiller/33119-cornouiller-blanc-sibirica.html
33105-16514;583985;185;20170124;https://www.jardiland.com/plantes/arbres-et-arbustes-d-ornement/arbres-et-arbustes/cognassier-du-japon/33105-cognassier-a-fleurs-cameo.html
33013-16105;581073;185;20170124;https://www.jardiland.com/plantes/arbres-et-arbustes-d-ornement/arbres-et-arbustes/berberis/33013-berberis-thunbergii-rose-glow.html
32924-54350;739968;185;20170124;https://www.jardiland.com/plantes/arbres-et-arbustes-d-ornement/arbres-et-arbustes/abelia/32924-abelia-x-grandiflora-confettir-conti-pbr.html
32926-15838;578619;185;20170124;https://www.jardiland.com/plantes/arbres-et-arbustes-d-ornement/arbres-et-arbustes/abelia/32926-abelia-x-grandiflora-prostrata.html
32931-28167;897622;185;20170124;https://www.jardiland.com/plantes/arbres-et-arbustes-d-ornement/arbres-et-arbustes/abelia/32931-abelia-x-grandiflora-kaleidoscope.html
