ID_WEB;ID_JDN;CODEMAG;DATE_ASPI;URLPRODUIT
67586-67586;1477649;188;20170125;https://www.jardiland.com/maison-deco/beaute-bien-tre/accessoires/coffret/67586-coffret-satin-rouge.html
67587-67587;1477648;188;20170125;https://www.jardiland.com/maison-deco/beaute-bien-tre/accessoires/coffret/67587-coffret-satin-givre.html
67585-67585;1477650;188;20170125;https://www.jardiland.com/maison-deco/beaute-bien-tre/accessoires/coffret/67585-coffret-comete-noire.html
67582-67582;1477653;188;20170125;https://www.jardiland.com/maison-deco/beaute-bien-tre/accessoires/coffret/67582-bouquet-parfume-anti-odeur-tabac.html
67581-67581;1477654;188;20170125;https://www.jardiland.com/maison-deco/beaute-bien-tre/accessoires/coffret/67581-bouquet-parfume-anti-odeur-salle-d-eau.html
67584-67584;1477651;188;20170125;https://www.jardiland.com/maison-deco/beaute-bien-tre/accessoires/coffret/67584-bouquet-parfume-anti-odeur-cuisine.html
67583-67583;1477652;188;20170125;https://www.jardiland.com/maison-deco/beaute-bien-tre/accessoires/coffret/67583-bouquet-parfume-anti-odeur-animaux.html
71236-71236;1321777;188;20170125;https://www.jardiland.com/maison-deco/beaute-bien-tre/cosmetiques/savon/71236-savon-rond-au-lait-d-aloe-vera.html
81454-78269;857156;188;20170125;https://www.jardiland.com/maison-deco/beaute-bien-tre/cosmetiques/savon/81454-savon-pur-vegetal.html
81454-78265;857160;188;20170125;https://www.jardiland.com/maison-deco/beaute-bien-tre/cosmetiques/savon/81454-savon-pur-vegetal.html
81454-78259;857144;188;20170125;https://www.jardiland.com/maison-deco/beaute-bien-tre/cosmetiques/savon/81454-savon-pur-vegetal.html
81454-73260;1443271;188;20170125;https://www.jardiland.com/maison-deco/beaute-bien-tre/cosmetiques/savon/81454-savon-pur-vegetal.html
81454-72424;1407914;188;20170125;https://www.jardiland.com/maison-deco/beaute-bien-tre/cosmetiques/savon/81454-savon-pur-vegetal.html
68893-68893;1436117;188;20170125;https://www.jardiland.com/maison-deco/epicerie-fine/epicerie-sucree/confiserie/68893-sucre-d-orge-28g-framboise-seau-de-96-1.html
59660-59660;1469938;188;20170125;https://www.jardiland.com/maison-deco/epicerie-fine/epicerie-sucree/chocolat/59660-coffret-decouverte-chocolats-en-poudre.html
54587-54587;1436103;188;20170125;https://www.jardiland.com/maison-deco/epicerie-fine/epicerie-sucree/miel-et-derive/54587-coffret-decouverte-5-verrines-de-miel.html
58030-58030;1436690;188;20170125;https://www.jardiland.com/maison-deco/epicerie-fine/epicerie-sucree/chocolat/58030-coffret-de-chocolats-a-la-liqueur.html
68894-68894;1436113;188;20170125;https://www.jardiland.com/maison-deco/epicerie-fine/epicerie-sucree/confiserie/68894-canne-sucre-d-orge-fraise-28g-seau-28g.html
1925-1925;1328896;188;20170125;https://www.jardiland.com/maison-deco/epicerie-fine/epicerie-sucree/chocolat/1925-amandes-enrobees-de-chocolat-au-lait.html
69658-69658;1432070;188;20170125;https://www.jardiland.com/maison-deco/art-de-la-table/linge-de-table/set-de-table/69658-set-de-table-uni-orange-33x48cm.html
69680-69680;1432048;188;20170125;https://www.jardiland.com/maison-deco/art-de-la-table/linge-de-table/chemin-de-table/69680-chemin-de-table-vert-40x140cm.html
69255-69255;1430959;188;20170125;https://www.jardiland.com/maison-deco/art-de-la-table/vaisselle/verre/69255-verre-sur-pied-martele-transparent.html
69256-69256;1430958;188;20170125;https://www.jardiland.com/maison-deco/art-de-la-table/vaisselle/verre/69256-verre-haut-martele-transparent.html
68795-68795;1439421;188;20170125;https://www.jardiland.com/maison-deco/art-de-la-table/vaisselle/verre/68795-verre-haut-maison-du-bonheur.html
70649-70649;1386803;188;20170125;https://www.jardiland.com/maison-deco/art-de-la-table/vaisselle/verre/70649-verre-haut-chat-toit.html
68802-68802;1439406;188;20170125;https://www.jardiland.com/maison-deco/art-de-la-table/vaisselle/plateau-presentoir-et-set/68802-set-de-table-pvc-44x29-maison-bonheur.html
68407-68407;1457208;188;20170125;https://www.jardiland.com/maison-deco/art-de-la-table/vaisselle/plateau-presentoir-et-set/68407-set-de-table-pp-nain-connu-jaun.html
68399-68399;1457222;188;20170125;https://www.jardiland.com/maison-deco/art-de-la-table/vaisselle/plat-de-service/68399-set-couvert-teo-jardinier.html
52764-52764;1392267;188;20170125;https://www.jardiland.com/maison-deco/art-de-la-table/vaisselle/plateau-presentoir-et-set/52764-plateau-festonne-charlie.html
68400-68400;1457220;188;20170125;https://www.jardiland.com/maison-deco/art-de-la-table/vaisselle/plateau-presentoir-et-set/68400-plateau-27x22-teo-jardinier.html
68807-68807;1439395;188;20170125;https://www.jardiland.com/maison-deco/art-de-la-table/vaisselle/plateau-presentoir-et-set/68807-plateau-27x22-maison-bonheur.html
68808-68808;1439391;188;20170125;https://www.jardiland.com/maison-deco/art-de-la-table/vaisselle/plat-de-service/68808-plat-long-37x17-maison-bonheur.html
70647-70647;1386805;188;20170125;https://www.jardiland.com/maison-deco/art-de-la-table/vaisselle/plat-de-service/70647-plat-long-37x17-chat-toit.html
68789-68789;1439458;188;20170125;https://www.jardiland.com/maison-deco/art-de-la-table/vaisselle/plat-de-service/68789-pelle-tarte-maison-bonheur.html
70648-70648;1386804;188;20170125;https://www.jardiland.com/maison-deco/art-de-la-table/vaisselle/plat-de-service/70648-pelle-tarte-chat-toit.html
68634-68634;1454294;188;20170125;https://www.jardiland.com/maison-deco/art-de-la-table/vaisselle/tasse-bol-et-mug/68634-mug-piko-d8xh11cm-vert.html
70646-70646;1386813;188;20170125;https://www.jardiland.com/maison-deco/art-de-la-table/vaisselle/plateau-presentoir-et-set/70646-mini-plateau21x14-chat-toit.html
68393-68393;1457233;188;20170125;https://www.jardiland.com/maison-deco/art-de-la-table/vaisselle/tasse-bol-et-mug/68393-mini-mug-teo-jardinier.html
68792-68792;1439446;188;20170125;https://www.jardiland.com/maison-deco/art-de-la-table/vaisselle/tasse-bol-et-mug/68792-mini-mug-maison-bonheur.html
70645-70645;1386852;188;20170125;https://www.jardiland.com/maison-deco/art-de-la-table/vaisselle/tasse-bol-et-mug/70645-mini-mug-chat-toit.html
68396-68396;1457226;188;20170125;https://www.jardiland.com/maison-deco/art-de-la-table/vaisselle/autres/68396-dess-verre-d9cm-teo-jardinier.html
69257-69257;1430956;188;20170125;https://www.jardiland.com/maison-deco/art-de-la-table/vaisselle/couvert/69257-couverts-a-salade-blanc.html
70601-70601;1392252;188;20170125;https://www.jardiland.com/maison-deco/art-de-la-table/vaisselle/tasse-bol-et-mug/70601-coffrets-2-mugs-charlie.html
70602-70602;1392248;188;20170125;https://www.jardiland.com/maison-deco/art-de-la-table/vaisselle/tasse-bol-et-mug/70602-coffret-tasse-a-the-sous-tasse-charlie.html
70603-70603;1392243;188;20170125;https://www.jardiland.com/maison-deco/art-de-la-table/vaisselle/tasse-bol-et-mug/70603-coffret-dejeuner-charlie.html
52570-52570;1456686;188;20170125;https://www.jardiland.com/maison-deco/art-de-la-table/vaisselle/autres/52570-cave-a-saucisson-en-hetre-laguiole.html
68635-68635;1454293;188;20170125;https://www.jardiland.com/maison-deco/art-de-la-table/vaisselle/tasse-bol-et-mug/68635-bol-piko-d14cm-vert.html
68799-68799;1439414;188;20170125;https://www.jardiland.com/maison-deco/art-de-la-table/vaisselle/tasse-bol-et-mug/68799-bol-melam-14cm-maison-bonheur.html
69252-69252;1430976;188;20170125;https://www.jardiland.com/maison-deco/art-de-la-table/vaisselle/tasse-bol-et-mug/69252-bol-martele-blanc-d15-2cm.html
68700-68700;1444114;188;20170125;https://www.jardiland.com/maison-deco/art-de-la-table/vaisselle/autres/68700-boite-couteau-a-champignon-n-08-1.html
81305-72824;1454268;188;20170125;https://www.jardiland.com/maison-deco/art-de-la-table/vaisselle/assiette/81305-assiette-plate-piko-d27cm.html
81302-72825;1454271;188;20170125;https://www.jardiland.com/maison-deco/art-de-la-table/vaisselle/assiette/81302-assiette-dessert-piko-d21cm.html
68401-68401;1457217;188;20170125;https://www.jardiland.com/maison-deco/art-de-la-table/vaisselle/assiette/68401-assiett-mela20cm-teo-jardinier.html
2197-2197;1397387;188;20170125;https://www.jardiland.com/maison-deco/cache-pot-d-interieur/a-reserve-d-eau/autres-pots/2197-set-d-assemblage-cascadino.html
82030-74218;1293866;188;20170125;https://www.jardiland.com/maison-deco/cache-pot-d-interieur/a-reserve-d-eau/fibre/82030-pot-trio-claire-d26-h14-1.html
82855-74223;1293874;188;20170125;https://www.jardiland.com/maison-deco/cache-pot-d-interieur/a-reserve-d-eau/fibre/82855-pot-deca.html
82855-73888;1293877;188;20170125;https://www.jardiland.com/maison-deco/cache-pot-d-interieur/a-reserve-d-eau/fibre/82855-pot-deca.html
70560-70560;1393691;188;20170125;https://www.jardiland.com/maison-deco/cache-pot-d-interieur/cache-pot-simple/contenant-en-metal/70560-seau-oval-zinc-avec-poignee-38x26x24-1.html
69162-69162;1433008;188;20170125;https://www.jardiland.com/maison-deco/cache-pot-d-interieur/cache-pot-simple/contenant-en-metal/69162-pots-zinc-x4-s-plateau-gris-46x12x10cm.html
69059-69059;1433164;188;20170125;https://www.jardiland.com/maison-deco/cache-pot-d-interieur/cache-pot-simple/contenant-en-metal/69059-pot-zinc-gris-pissenlit-d18xh14-1.html
69058-69058;1433165;188;20170125;https://www.jardiland.com/maison-deco/cache-pot-d-interieur/cache-pot-simple/contenant-en-metal/69058-pot-zinc-gris-pissenlit-d16xh12-1.html
69057-69057;1433166;188;20170125;https://www.jardiland.com/maison-deco/cache-pot-d-interieur/cache-pot-simple/contenant-en-metal/69057-pot-zinc-gris-pissenlit-d14-5xh11-5-1.html
70469-70469;1395523;188;20170125;https://www.jardiland.com/maison-deco/cache-pot-d-interieur/cache-pot-simple/vannerie/70469-panier-rond-jacinthe-clair-d38-x-h32-1.html
70470-70470;1395522;188;20170125;https://www.jardiland.com/maison-deco/cache-pot-d-interieur/cache-pot-simple/vannerie/70470-panier-rond-jacinthe-clair-d32-x-h27-1.html
70471-70471;1395521;188;20170125;https://www.jardiland.com/maison-deco/cache-pot-d-interieur/cache-pot-simple/vannerie/70471-panier-rond-jacinthe-clair-d26-x-h21-1.html
70465-70465;1395527;188;20170125;https://www.jardiland.com/maison-deco/cache-pot-d-interieur/cache-pot-simple/vannerie/70465-panier-rond-en-jacinthe-d38-x-h32-1.html
70466-70466;1395526;188;20170125;https://www.jardiland.com/maison-deco/cache-pot-d-interieur/cache-pot-simple/vannerie/70466-panier-rond-en-jacinthe-d32-x-h27-1.html
70468-70468;1395524;188;20170125;https://www.jardiland.com/maison-deco/cache-pot-d-interieur/cache-pot-simple/vannerie/70468-panier-rond-en-jacinthe-d26-x-h21-1.html
70472-70472;1395520;188;20170125;https://www.jardiland.com/maison-deco/cache-pot-d-interieur/cache-pot-simple/vannerie/70472-panier-rond-clair-jacinthe-d38-x-h32-1.html
70473-70473;1395519;188;20170125;https://www.jardiland.com/maison-deco/cache-pot-d-interieur/cache-pot-simple/vannerie/70473-panier-rond-clair-jacinthe-d32-x-h27-1.html
70474-70474;1395518;188;20170125;https://www.jardiland.com/maison-deco/cache-pot-d-interieur/cache-pot-simple/vannerie/70474-panier-rond-clair-jacinthe-d26-x-h21-1.html
69052-69052;1433172;188;20170125;https://www.jardiland.com/maison-deco/cache-pot-d-interieur/cache-pot-simple/contenant-en-metal/69052-jardiniere-ovale-gris-clair-48x31x23-5cm.html
69050-69050;1433174;188;20170125;https://www.jardiland.com/maison-deco/cache-pot-d-interieur/cache-pot-simple/contenant-en-metal/69050-jardiniere-ovale-gris-clair-32x20x15cm.html
2649-2649;1395892;188;20170125;https://www.jardiland.com/maison-deco/cache-pot-d-interieur/cache-pot-simple/contenant-en-metal/2649-jardiniere-en-zinc-le-40-cm.html
70476-70476;1395516;188;20170125;https://www.jardiland.com/maison-deco/cache-pot-d-interieur/cache-pot-simple/vannerie/70476-cache-pot-rond-jacinthe-d38-x-h32-1.html
70477-70477;1395515;188;20170125;https://www.jardiland.com/maison-deco/cache-pot-d-interieur/cache-pot-simple/vannerie/70477-cache-pot-rond-jacinthe-d32-x-h27-1.html
70479-70479;1395513;188;20170125;https://www.jardiland.com/maison-deco/cache-pot-d-interieur/cache-pot-simple/vannerie/70479-cache-pot-clair-carre-jacinthe-38x38x32-1.html
70480-70480;1395512;188;20170125;https://www.jardiland.com/maison-deco/cache-pot-d-interieur/cache-pot-simple/vannerie/70480-cache-pot-clair-carre-jacinthe-32x32x27-1.html
70481-70481;1395511;188;20170125;https://www.jardiland.com/maison-deco/cache-pot-d-interieur/cache-pot-simple/vannerie/70481-cache-pot-clair-carre-jacinthe-26x26x21-1.html
70482-70482;1395510;188;20170125;https://www.jardiland.com/maison-deco/cache-pot-d-interieur/cache-pot-simple/vannerie/70482-cache-pot-carre-jacinthe-38x38x32-1.html
70483-70483;1395509;188;20170125;https://www.jardiland.com/maison-deco/cache-pot-d-interieur/cache-pot-simple/vannerie/70483-cache-pot-carre-jacinthe-32x32x27-1.html
70485-70485;1395507;188;20170125;https://www.jardiland.com/maison-deco/cache-pot-d-interieur/cache-pot-simple/vannerie/70485-cache-pot-carre-jacinthe-26x26x21-1.html
70459-70459;1395533;188;20170125;https://www.jardiland.com/maison-deco/cache-pot-d-interieur/cache-pot-simple/vannerie/70459-cache-pot-bambou-rond-d29-x-h31-1.html
70460-70460;1395532;188;20170125;https://www.jardiland.com/maison-deco/cache-pot-d-interieur/cache-pot-simple/vannerie/70460-cache-pot-bambou-rond-d24-x-h25-1.html
70455-70455;1395538;188;20170125;https://www.jardiland.com/maison-deco/cache-pot-d-interieur/cache-pot-simple/vannerie/70455-cache-pot-bambou-rectangulaire-43x43x17-1.html
70456-70456;1395537;188;20170125;https://www.jardiland.com/maison-deco/cache-pot-d-interieur/cache-pot-simple/vannerie/70456-cache-pot-bambou-rectangulaire-35x35x14-1.html
70457-70457;1395536;188;20170125;https://www.jardiland.com/maison-deco/cache-pot-d-interieur/cache-pot-simple/vannerie/70457-cache-pot-bambou-rectangulaire-27x27x11-1.html
70461-70461;1395531;188;20170125;https://www.jardiland.com/maison-deco/cache-pot-d-interieur/cache-pot-simple/vannerie/70461-cache-pot-bambou-carre-d37-x-h37-1.html
70462-70462;1395530;188;20170125;https://www.jardiland.com/maison-deco/cache-pot-d-interieur/cache-pot-simple/vannerie/70462-cache-pot-bambou-carre-d31-x-h31-1.html
70463-70463;1395529;188;20170125;https://www.jardiland.com/maison-deco/cache-pot-d-interieur/cache-pot-simple/vannerie/70463-cache-pot-bambou-carre-d26x26-1.html
65417-65417;948805;188;20170125;https://www.jardiland.com/maison-deco/hygiene-de-la-maison/65417-liquide-vaisselle-soluvert.html
130-130;1009239;188;20170125;https://www.jardiland.com/maison-deco/librairie-papeterie/musique-et-video/musique/130-petit-papa-noel.html
72058-72058;1010768;188;20170125;https://www.jardiland.com/maison-deco/librairie-papeterie/librairie/livre-jardin/72058-orchidees-mini.html
68184-68184;1464101;188;20170125;https://www.jardiland.com/maison-deco/librairie-papeterie/librairie/livre-jardin/68184-jardinez-avec-la-lune-2017-1.html
70607-70607;1391828;188;20170125;https://www.jardiland.com/maison-deco/librairie-papeterie/papeterie/carte/70607-cartes-doubles-annee-formidable.html
71887-71887;1229509;188;20170125;https://www.jardiland.com/maison-deco/librairie-papeterie/papeterie/carte/71887-carte-92x77mm-tout-simplement.html
65076-65076;992105;188;20170125;https://www.jardiland.com/maison-deco/librairie-papeterie/librairie/livre-jardin/65076-arbustes-mode-d-emploi-2e-ed.html
5490-5490;911923;188;20170125;https://www.jardiland.com/maison-deco/cheminee/accessoires-de-cheminee/accessoires/5490-soufflet-en-pin-blanc-ceruse-azur.html
5488-5488;911918;188;20170125;https://www.jardiland.com/maison-deco/cheminee/accessoires-de-cheminee/accessoires/5488-soufflet-en-cuir-et-pin-du-chili-blanc.html
5489-5489;911922;188;20170125;https://www.jardiland.com/maison-deco/cheminee/accessoires-de-cheminee/accessoires/5489-soufflet-de-cheminee-en-pin-blanc-ceruse-terre.html
69079-69079;1433141;188;20170125;https://www.jardiland.com/maison-deco/mobilier-d-interieur/69079-etagere-metalique-mosaique.html
70202-70202;1408187;188;20170125;https://www.jardiland.com/maison-deco/objets-de-decoration/autres-objets-de-decoration/autres-objets-de-decoration/70202-vase-verre-socle-ciment-25x25x41cm.html
69175-69175;1432719;188;20170125;https://www.jardiland.com/maison-deco/objets-de-decoration/autres-objets-de-decoration/autres-objets-de-decoration/69175-vase-tangerine-16cm-transparent.html
69172-69172;1432722;188;20170125;https://www.jardiland.com/maison-deco/objets-de-decoration/autres-objets-de-decoration/autres-objets-de-decoration/69172-vase-garden-19cm-vert-pomme.html
70118-70118;1408835;188;20170125;https://www.jardiland.com/maison-deco/objets-de-decoration/autres-objets-de-decoration/autres-objets-de-decoration/70118-support-etoile-4-photophores-noir-gm.html
69123-69123;1433088;188;20170125;https://www.jardiland.com/maison-deco/objets-de-decoration/autres-objets-de-decoration/autres-objets-de-decoration/69123-serre-metal-noir-grillage-40x20x40cm.html
69137-69137;1433046;188;20170125;https://www.jardiland.com/maison-deco/objets-de-decoration/autres-objets-de-decoration/autres-objets-de-decoration/69137-pot-a-suspendre-vert-d17x17cm.html
69139-69139;1433044;188;20170125;https://www.jardiland.com/maison-deco/objets-de-decoration/autres-objets-de-decoration/autres-objets-de-decoration/69139-pot-a-suspendre-orange-d17x17cm.html
69138-69138;1433045;188;20170125;https://www.jardiland.com/maison-deco/objets-de-decoration/autres-objets-de-decoration/autres-objets-de-decoration/69138-pot-a-suspendre-jaune-d17x17cm.html
69136-69136;1433047;188;20170125;https://www.jardiland.com/maison-deco/objets-de-decoration/autres-objets-de-decoration/autres-objets-de-decoration/69136-pot-a-suspendre-gris-d17x17cm.html
69805-69805;1409985;188;20170125;https://www.jardiland.com/maison-deco/objets-de-decoration/autres-objets-de-decoration/autres-objets-de-decoration/69805-pot-a-suspendre-d5x4cm.html
70501-70501;1395413;188;20170125;https://www.jardiland.com/maison-deco/objets-de-decoration/autres-objets-de-decoration/autres-objets-de-decoration/70501-pomme-blanche-en-fibre-25-5x27-1.html
70497-70497;1395422;188;20170125;https://www.jardiland.com/maison-deco/objets-de-decoration/autres-objets-de-decoration/autres-objets-de-decoration/70497-pomme-blanche-en-fibre-20x22-1.html
70515-70515;1395348;188;20170125;https://www.jardiland.com/maison-deco/objets-de-decoration/autres-objets-de-decoration/autres-objets-de-decoration/70515-plateau-4-pots-en-terre-cuite-31x31x14-1.html
70516-70516;1395346;188;20170125;https://www.jardiland.com/maison-deco/objets-de-decoration/autres-objets-de-decoration/autres-objets-de-decoration/70516-plateau-4-pots-en-terre-cuite-23x23x7-1.html
68394-68394;1457232;188;20170125;https://www.jardiland.com/maison-deco/objets-de-decoration/autres-objets-de-decoration/sac/68394-petit-sac-cabas-teo-jardinier.html
69857-69857;1409899;188;20170125;https://www.jardiland.com/maison-deco/objets-de-decoration/autres-objets-de-decoration/panier/69857-panieres-rectangulaires-pm.html
69856-69856;1409902;188;20170125;https://www.jardiland.com/maison-deco/objets-de-decoration/autres-objets-de-decoration/panier/69856-panieres-rectangulaires-gm.html
69094-69094;1433124;188;20170125;https://www.jardiland.com/maison-deco/objets-de-decoration/autres-objets-de-decoration/panier/69094-paniere-rotin-ractangulaire-40x30x12-1.html
69093-69093;1433125;188;20170125;https://www.jardiland.com/maison-deco/objets-de-decoration/autres-objets-de-decoration/panier/69093-paniere-rotin-ractangulaire-35x26x10-1.html
69092-69092;1433126;188;20170125;https://www.jardiland.com/maison-deco/objets-de-decoration/autres-objets-de-decoration/panier/69092-paniere-rotin-ractangulaire-30x22x8-1.html
70447-70447;1395593;188;20170125;https://www.jardiland.com/maison-deco/objets-de-decoration/autres-objets-de-decoration/panier/70447-paniere-ronde-en-jacinthe-d33-x-h22-1.html
69100-69100;1433114;188;20170125;https://www.jardiland.com/maison-deco/objets-de-decoration/autres-objets-de-decoration/panier/69100-paniere-ronde-deco-30x10cm.html
69099-69099;1433115;188;20170125;https://www.jardiland.com/maison-deco/objets-de-decoration/autres-objets-de-decoration/panier/69099-paniere-ronde-deco-25x9cm.html
69098-69098;1433116;188;20170125;https://www.jardiland.com/maison-deco/objets-de-decoration/autres-objets-de-decoration/panier/69098-paniere-ronde-deco-22x7cm.html
70502-70502;1395381;188;20170125;https://www.jardiland.com/maison-deco/objets-de-decoration/autres-objets-de-decoration/panier/70502-paniere-ronde-avec-ardoise-42x48-1.html
70503-70503;1395380;188;20170125;https://www.jardiland.com/maison-deco/objets-de-decoration/autres-objets-de-decoration/panier/70503-paniere-ronde-avec-ardoise-35x37-1.html
70505-70505;1395377;188;20170125;https://www.jardiland.com/maison-deco/objets-de-decoration/autres-objets-de-decoration/panier/70505-paniere-rectang-en-plastique-50x44x36-1.html
70508-70508;1395373;188;20170125;https://www.jardiland.com/maison-deco/objets-de-decoration/autres-objets-de-decoration/panier/70508-paniere-rectang-en-plastique-47x40x18-1.html
70509-70509;1395372;188;20170125;https://www.jardiland.com/maison-deco/objets-de-decoration/autres-objets-de-decoration/panier/70509-paniere-rectang-en-plastique-41x32x16-1.html
70506-70506;1395376;188;20170125;https://www.jardiland.com/maison-deco/objets-de-decoration/autres-objets-de-decoration/panier/70506-paniere-rectang-en-plastique-40x35x31-1.html
70507-70507;1395374;188;20170125;https://www.jardiland.com/maison-deco/objets-de-decoration/autres-objets-de-decoration/panier/70507-paniere-rectang-en-plastique-34x29x27-1.html
69091-69091;1433127;188;20170125;https://www.jardiland.com/maison-deco/objets-de-decoration/autres-objets-de-decoration/autres-objets-de-decoration/69091-paniere-rect-avec-poignee-noire.html
70498-70498;1395421;188;20170125;https://www.jardiland.com/maison-deco/objets-de-decoration/autres-objets-de-decoration/panier/70498-paniere-rde-jacinthe-poignee-cuir-45x31-1.html
69095-69095;1433120;188;20170125;https://www.jardiland.com/maison-deco/objets-de-decoration/autres-objets-de-decoration/autres-objets-de-decoration/69095-paniere-metal-a-suspendre-37x15x27cm.html
70487-70487;1395493;188;20170125;https://www.jardiland.com/maison-deco/objets-de-decoration/autres-objets-de-decoration/panier/70487-paniere-jaune-avec-poignee-35x49-1.html
70488-70488;1395492;188;20170125;https://www.jardiland.com/maison-deco/objets-de-decoration/autres-objets-de-decoration/panier/70488-paniere-jaune-avec-poignee-31x43-1.html
70489-70489;1395491;188;20170125;https://www.jardiland.com/maison-deco/objets-de-decoration/autres-objets-de-decoration/panier/70489-paniere-jaune-avec-poignee-26x37-1.html
69097-69097;1433118;188;20170125;https://www.jardiland.com/maison-deco/objets-de-decoration/autres-objets-de-decoration/panier/69097-paniere-en-osier-avec-couvercle-27-5x23-1.html
69126-69126;1433085;188;20170125;https://www.jardiland.com/maison-deco/objets-de-decoration/autres-objets-de-decoration/autres-objets-de-decoration/69126-panier-a-supendre-x3-25x140cm.html
69124-69124;1433087;188;20170125;https://www.jardiland.com/maison-deco/objets-de-decoration/autres-objets-de-decoration/autres-objets-de-decoration/69124-jardiniere-rect-a-suspendre-30x15x76cm.html
70514-70514;1395349;188;20170125;https://www.jardiland.com/maison-deco/objets-de-decoration/autres-objets-de-decoration/autres-objets-de-decoration/70514-jardiniere-bois-avec-3-pots-terre-cuite.html
70495-70495;1395425;188;20170125;https://www.jardiland.com/maison-deco/objets-de-decoration/autres-objets-de-decoration/autres-objets-de-decoration/70495-jardiniere-bois-3-pots-zinc-42x16x13-1.html
66801-66801;552013;188;20170125;https://www.jardiland.com/maison-deco/objets-de-decoration/autres-objets-de-decoration/panier/66801-corbeille-osier-brut-30cm.html
70203-70203;1408186;188;20170125;https://www.jardiland.com/maison-deco/objets-de-decoration/autres-objets-de-decoration/autres-objets-de-decoration/70203-cloche-verre-socle-ciment-22x22x22-5cm.html
70206-70206;1408183;188;20170125;https://www.jardiland.com/maison-deco/objets-de-decoration/autres-objets-de-decoration/autres-objets-de-decoration/70206-cloche-verre-socle-ciment-18-5x18-5x34-5-1.html
70205-70205;1408184;188;20170125;https://www.jardiland.com/maison-deco/objets-de-decoration/autres-objets-de-decoration/autres-objets-de-decoration/70205-cloche-verre-socle-ciment-15x15x28cm.html
69173-69173;1432721;188;20170125;https://www.jardiland.com/maison-deco/objets-de-decoration/autres-objets-de-decoration/autres-objets-de-decoration/69173-bougeoir-27-5cm-transparent.html
69174-69174;1432720;188;20170125;https://www.jardiland.com/maison-deco/objets-de-decoration/autres-objets-de-decoration/autres-objets-de-decoration/69174-bougeoir-19-5cm-transparent.html
70880-70880;1395469;188;20170125;https://www.jardiland.com/maison-deco/objets-de-decoration/figurines-et-peluches/figurine/70880-pomme-verte-en-fibre-25-5x27cm.html
70879-70879;1395479;188;20170125;https://www.jardiland.com/maison-deco/objets-de-decoration/figurines-et-peluches/figurine/70879-pomme-verte-en-fibre-20x22cm.html
70490-70490;1395489;188;20170125;https://www.jardiland.com/maison-deco/objets-de-decoration/figurines-et-peluches/figurine/70490-pomme-verte-en-fibre-15x17cm.html
70881-70881;1395433;188;20170125;https://www.jardiland.com/maison-deco/objets-de-decoration/figurines-et-peluches/figurine/70881-pomme-blanche-en-fibre-15x17-1.html
70484-70484;1395508;188;20170125;https://www.jardiland.com/maison-deco/objets-de-decoration/figurines-et-peluches/figurine/70484-oiseau-vert-en-fibre-36x19x24-1.html
70458-70458;1395534;188;20170125;https://www.jardiland.com/maison-deco/objets-de-decoration/figurines-et-peluches/figurine/70458-oiseau-vert-en-fibre-27x19x25-1.html
70475-70475;1395517;188;20170125;https://www.jardiland.com/maison-deco/objets-de-decoration/figurines-et-peluches/figurine/70475-oiseau-noir-en-fibre-36x19x24-1.html
70467-70467;1395525;188;20170125;https://www.jardiland.com/maison-deco/objets-de-decoration/figurines-et-peluches/figurine/70467-oiseau-blanc-en-fibre-36x19x24-1.html
69043-69043;1433527;188;20170125;https://www.jardiland.com/maison-deco/objets-de-decoration/figurines-et-peluches/figurine/69043-chouette-t-cuite-a-deco-2ass.html
70493-70493;1395427;188;20170125;https://www.jardiland.com/maison-deco/objets-de-decoration/figurines-et-peluches/figurine/70493-bain-d-oiseau-sur-pied-22x35-5-1.html
70511-70511;1395369;188;20170125;https://www.jardiland.com/maison-deco/objets-de-decoration/figurines-et-peluches/figurine/70511-bain-d-oiseau-chocolat-32x20x15-1.html
69820-69820;1409966;188;20170125;https://www.jardiland.com/maison-deco/objets-de-decoration/figurines-et-peluches/figurine/69820-animaux-en-ceramique-blanc.html
67948-67948;1472917;188;20170125;https://www.jardiland.com/maison-deco/objets-de-decoration/rangement-boites-et-paniers/boite-fantaisie/67948-repose-cuillere-saveur-bonheur.html
51040-51040;1416596;188;20170125;https://www.jardiland.com/maison-deco/objets-de-decoration/rangement-boites-et-paniers/boite-fantaisie/51040-plat-a-olives-pirogue-picholine-multicolore.html
69809-69809;1409981;188;20170125;https://www.jardiland.com/maison-deco/objets-de-decoration/rangement-boites-et-paniers/coffret-et-boite-de-rangement/69809-paniere-metal-noir-poignees-gm.html
70128-70128;1408825;188;20170125;https://www.jardiland.com/maison-deco/objets-de-decoration/rangement-boites-et-paniers/coffret-et-boite-de-rangement/70128-panier-grillage-noir-45x35x28-5cm.html
69142-69142;1433041;188;20170125;https://www.jardiland.com/maison-deco/objets-de-decoration/rangement-boites-et-paniers/coffret-et-boite-de-rangement/69142-panier-de-rangement-grillage-d16xh12cm.html
70127-70127;1408826;188;20170125;https://www.jardiland.com/maison-deco/objets-de-decoration/rangement-boites-et-paniers/coffret-et-boite-de-rangement/70127-corbeille-metal-noir-40x40x45-5cm.html
69237-69237;1432083;188;20170125;https://www.jardiland.com/maison-deco/objets-de-decoration/coussins-et-plaids/coussin/69237-coussin-gris-40x40cm.html
69245-69245;1432074;188;20170125;https://www.jardiland.com/maison-deco/objets-de-decoration/coussins-et-plaids/galette/69245-coussin-de-chaise-gris-40x40cm.html
68540-68540;1454828;188;20170125;https://www.jardiland.com/maison-deco/objets-de-decoration/plantes-artificielles/tige-fleurie/68540-tournesol-67-cm.html
71901-71901;1221831;188;20170125;https://www.jardiland.com/maison-deco/objets-de-decoration/plantes-artificielles/plante-et-fleur/71901-succulente-pot-zinc-ast-4-var.html
69331-69331;1429657;188;20170125;https://www.jardiland.com/maison-deco/objets-de-decoration/plantes-artificielles/plante-et-fleur/69331-pot-cyclamen-pm-ass-h25cm.html
70950-70950;1353627;188;20170125;https://www.jardiland.com/maison-deco/objets-de-decoration/plantes-artificielles/tige-fleurie/70950-pivoine-fuchsia-63cm.html
70949-70949;1353630;188;20170125;https://www.jardiland.com/maison-deco/objets-de-decoration/plantes-artificielles/tige-fleurie/70949-pivoine-creme-vert-63cm.html
71875-71875;1270717;188;20170125;https://www.jardiland.com/maison-deco/objets-de-decoration/plantes-artificielles/tige-fleurie/71875-pivoine-creme-2flrs-60cm.html
68538-68538;1454830;188;20170125;https://www.jardiland.com/maison-deco/objets-de-decoration/plantes-artificielles/tige-fleurie/68538-gypsophile-fleur-blanche-67-cm.html
68745-68745;1441343;188;20170125;https://www.jardiland.com/maison-deco/objets-de-decoration/plantes-artificielles/tige-fleurie/68745-fougere-branche-78cm-vert-fonce.html
66798-66798;555790;188;20170125;https://www.jardiland.com/maison-deco/objets-de-decoration/plantes-artificielles/funeraire/66798-compo-fune-n-41-40x58cm-ast-mve.html
66799-66799;555779;188;20170125;https://www.jardiland.com/maison-deco/objets-de-decoration/plantes-artificielles/funeraire/66799-compo-fune-n-29-h38cm-ast-vlt-org-rg-bl.html
69832-69832;1409943;188;20170125;https://www.jardiland.com/maison-deco/objets-de-decoration/vases-coupes-et-accessoires/pot-et-coupe/69832-vase-rouge-en-ceramique-anse-16x18cm.html
69834-69834;1409941;188;20170125;https://www.jardiland.com/maison-deco/objets-de-decoration/vases-coupes-et-accessoires/pot-et-coupe/69834-vase-rouge-en-ceramique-anse-14x15cm.html
70561-70561;1393581;188;20170125;https://www.jardiland.com/maison-deco/objets-de-decoration/vases-coupes-et-accessoires/pot-et-coupe/70561-vase-opale-fuseau-13x21-8cm.html
70562-70562;1393580;188;20170125;https://www.jardiland.com/maison-deco/objets-de-decoration/vases-coupes-et-accessoires/pot-et-coupe/70562-vase-opale-fuseau-12-5x31-7cm.html
70884-70884;1393579;188;20170125;https://www.jardiland.com/maison-deco/objets-de-decoration/vases-coupes-et-accessoires/pot-et-coupe/70884-vase-opale-fuseau-11-5x45cm.html
69130-69130;1433072;188;20170125;https://www.jardiland.com/maison-deco/objets-de-decoration/vases-coupes-et-accessoires/pot-et-coupe/69130-vase-medicis-noir-26x35cm.html
70452-70452;1395578;188;20170125;https://www.jardiland.com/maison-deco/objets-de-decoration/vases-coupes-et-accessoires/pot-et-coupe/70452-vase-medicis-noir-26x35-1.html
69129-69129;1433073;188;20170125;https://www.jardiland.com/maison-deco/objets-de-decoration/vases-coupes-et-accessoires/pot-et-coupe/69129-vase-medicis-noir-19x25cm.html
69128-69128;1433074;188;20170125;https://www.jardiland.com/maison-deco/objets-de-decoration/vases-coupes-et-accessoires/pot-et-coupe/69128-vase-medicis-noir-15cm.html
70446-70446;1395596;188;20170125;https://www.jardiland.com/maison-deco/objets-de-decoration/vases-coupes-et-accessoires/pot-et-coupe/70446-vase-medicis-noir-12x15-1.html
70888-70888;1393566;188;20170125;https://www.jardiland.com/maison-deco/objets-de-decoration/vases-coupes-et-accessoires/pot-et-coupe/70888-vase-en-verre-avec-corde-28-5x11-5cm.html
70887-70887;1393567;188;20170125;https://www.jardiland.com/maison-deco/objets-de-decoration/vases-coupes-et-accessoires/pot-et-coupe/70887-vase-en-verre-avec-corde-24x10-7cm.html
70454-70454;1395566;188;20170125;https://www.jardiland.com/maison-deco/objets-de-decoration/vases-coupes-et-accessoires/pot-et-coupe/70454-vase-en-ceramique-18x40-1.html
69119-69119;1433094;188;20170125;https://www.jardiland.com/maison-deco/objets-de-decoration/vases-coupes-et-accessoires/pot-et-coupe/69119-vase-ceramique-vert-25x32cm.html
69118-69118;1433095;188;20170125;https://www.jardiland.com/maison-deco/objets-de-decoration/vases-coupes-et-accessoires/pot-et-coupe/69118-vase-ceramique-vert-18x23cm.html
69884-69884;1409862;188;20170125;https://www.jardiland.com/maison-deco/objets-de-decoration/vases-coupes-et-accessoires/pot-et-coupe/69884-vase-ceramique-noir-et-blanc-d25x15cm.html
69889-69889;1409857;188;20170125;https://www.jardiland.com/maison-deco/objets-de-decoration/vases-coupes-et-accessoires/pot-et-coupe/69889-vase-ceramique-motif-marron-d19-5x34cm.html
69888-69888;1409858;188;20170125;https://www.jardiland.com/maison-deco/objets-de-decoration/vases-coupes-et-accessoires/pot-et-coupe/69888-vase-ceramique-motif-marron-d19-5x20cm.html
69875-69875;1409871;188;20170125;https://www.jardiland.com/maison-deco/objets-de-decoration/vases-coupes-et-accessoires/pot-et-coupe/69875-vase-ceramique-d13x35cm.html
69122-69122;1433089;188;20170125;https://www.jardiland.com/maison-deco/objets-de-decoration/vases-coupes-et-accessoires/pot-et-coupe/69122-vase-ceramique-corail-d20x40cm.html
69121-69121;1433092;188;20170125;https://www.jardiland.com/maison-deco/objets-de-decoration/vases-coupes-et-accessoires/pot-et-coupe/69121-vase-ceramique-corail-25x32cm.html
69120-69120;1433093;188;20170125;https://www.jardiland.com/maison-deco/objets-de-decoration/vases-coupes-et-accessoires/pot-et-coupe/69120-vase-ceramique-corail-18x23cm.html
69110-69110;1433103;188;20170125;https://www.jardiland.com/maison-deco/objets-de-decoration/vases-coupes-et-accessoires/pot-et-coupe/69110-vase-ceramique-corail-15x33cm.html
69109-69109;1433104;188;20170125;https://www.jardiland.com/maison-deco/objets-de-decoration/vases-coupes-et-accessoires/pot-et-coupe/69109-vase-ceramique-corail-10x23cm.html
69154-69154;1433019;188;20170125;https://www.jardiland.com/maison-deco/objets-de-decoration/vases-coupes-et-accessoires/pot-et-coupe/69154-vase-ceramique-blanc-noir-25x32cm.html
69153-69153;1433020;188;20170125;https://www.jardiland.com/maison-deco/objets-de-decoration/vases-coupes-et-accessoires/pot-et-coupe/69153-vase-ceramique-blanc-noir-18x23cm.html
69157-69157;1433015;188;20170125;https://www.jardiland.com/maison-deco/objets-de-decoration/vases-coupes-et-accessoires/pot-et-coupe/69157-vase-ceramique-blanc-noir-20x40cm.html
69147-69147;1433028;188;20170125;https://www.jardiland.com/maison-deco/objets-de-decoration/vases-coupes-et-accessoires/pot-et-coupe/69147-vase-ceramique-blanc-fond-beton-d15xh33-1.html
69146-69146;1433029;188;20170125;https://www.jardiland.com/maison-deco/objets-de-decoration/vases-coupes-et-accessoires/pot-et-coupe/69146-vase-ceramique-blanc-fond-beton-d10xh23-1.html
69885-69885;1409861;188;20170125;https://www.jardiland.com/maison-deco/objets-de-decoration/vases-coupes-et-accessoires/pot-et-coupe/69885-vase-ceramique-blanc-et-gris-d20x40cm.html
69155-69155;1433018;188;20170125;https://www.jardiland.com/maison-deco/objets-de-decoration/vases-coupes-et-accessoires/pot-et-coupe/69155-vase-ceramique-blanc-20x25cm.html
69156-69156;1433017;188;20170125;https://www.jardiland.com/maison-deco/objets-de-decoration/vases-coupes-et-accessoires/pot-et-coupe/69156-vase-ceramique-blanc-18x37cm.html
69127-69127;1433075;188;20170125;https://www.jardiland.com/maison-deco/objets-de-decoration/vases-coupes-et-accessoires/pot-et-coupe/69127-vase-ceramique-2ast-8-5x15cm.html
69883-69883;1409863;188;20170125;https://www.jardiland.com/maison-deco/objets-de-decoration/vases-coupes-et-accessoires/pot-et-coupe/69883-vase-blanc-en-ceramique-anse-d16x17-5cm.html
69882-69882;1409864;188;20170125;https://www.jardiland.com/maison-deco/objets-de-decoration/vases-coupes-et-accessoires/pot-et-coupe/69882-vase-blanc-en-ceramique-anse-d16x24cm.html
66034-66034;845698;188;20170125;https://www.jardiland.com/maison-deco/objets-de-decoration/vases-coupes-et-accessoires/accessoires-de-composition-florale/66034-raphia-naturel-50g.html
66590-66590;845700;188;20170125;https://www.jardiland.com/maison-deco/objets-de-decoration/vases-coupes-et-accessoires/accessoires-de-composition-florale/66590-raphia-marron-50g.html
66589-66589;845704;188;20170125;https://www.jardiland.com/maison-deco/objets-de-decoration/vases-coupes-et-accessoires/accessoires-de-composition-florale/66589-raphia-aubergine-50g.html
69135-69135;1433051;188;20170125;https://www.jardiland.com/maison-deco/objets-de-decoration/vases-coupes-et-accessoires/pot-et-coupe/69135-pots-motif-oiseau-x3-sur-support.html
69131-69131;1433063;188;20170125;https://www.jardiland.com/maison-deco/objets-de-decoration/vases-coupes-et-accessoires/pot-et-coupe/69131-pot-x4-aromates-vert-et-jaune-14x14cm.html
69132-69132;1433062;188;20170125;https://www.jardiland.com/maison-deco/objets-de-decoration/vases-coupes-et-accessoires/pot-et-coupe/69132-pot-x3-aromates-14x14cm.html
69105-69105;1433108;188;20170125;https://www.jardiland.com/maison-deco/objets-de-decoration/vases-coupes-et-accessoires/pot-et-coupe/69105-pot-terracota-pissenlit-2ast.html
69133-69133;1433061;188;20170125;https://www.jardiland.com/maison-deco/objets-de-decoration/vases-coupes-et-accessoires/pot-et-coupe/69133-pot-terracota-oiseau-sur-fil-2ast.html
69088-69088;1433131;188;20170125;https://www.jardiland.com/maison-deco/objets-de-decoration/vases-coupes-et-accessoires/pot-et-coupe/69088-pot-terracota-dans-panier-metal-34x17x40-1.html
52698-52698;1432942;188;20170125;https://www.jardiland.com/maison-deco/objets-de-decoration/vases-coupes-et-accessoires/pot-et-coupe/52698-pot-rond-blanc-12-5-cm.html
69134-69134;1433060;188;20170125;https://www.jardiland.com/maison-deco/objets-de-decoration/vases-coupes-et-accessoires/pot-et-coupe/69134-pot-motif-oiseau-sur-plateau-grillage.html
69087-69087;1433132;188;20170125;https://www.jardiland.com/maison-deco/objets-de-decoration/vases-coupes-et-accessoires/pot-et-coupe/69087-pot-metal-x3-dans-panier-metal-37x15x12-1.html
69161-69161;1433009;188;20170125;https://www.jardiland.com/maison-deco/objets-de-decoration/vases-coupes-et-accessoires/pot-et-coupe/69161-pot-fibre-orange-20x36cm.html
69103-69103;1433110;188;20170125;https://www.jardiland.com/maison-deco/objets-de-decoration/vases-coupes-et-accessoires/pot-et-coupe/69103-pot-ciment-le-jardin-2ast.html
69035-69035;1433644;188;20170125;https://www.jardiland.com/maison-deco/objets-de-decoration/vases-coupes-et-accessoires/pot-et-coupe/69035-pot-ceramique-blanc-oiseau-s-fil-d15x16-1.html
69104-69104;1433109;188;20170125;https://www.jardiland.com/maison-deco/objets-de-decoration/vases-coupes-et-accessoires/pot-et-coupe/69104-pot-aromates-4-ast.html
66048-66048;840976;188;20170125;https://www.jardiland.com/maison-deco/objets-de-decoration/vases-coupes-et-accessoires/accessoires-de-composition-florale/66048-pinholder-x5-1.html
71415-71415;1298731;188;20170125;https://www.jardiland.com/maison-deco/objets-de-decoration/vases-coupes-et-accessoires/vase-et-coupe-en-verre/71415-petit-vase-evase-en-verre-tigo-o-14o5-x-ho-14o5-cm.html
82256-78695;835214;188;20170125;https://www.jardiland.com/maison-deco/objets-de-decoration/vases-coupes-et-accessoires/accessoires-de-composition-florale/82256-papillon-7cm-x3pcs.html
82256-78694;835216;188;20170125;https://www.jardiland.com/maison-deco/objets-de-decoration/vases-coupes-et-accessoires/accessoires-de-composition-florale/82256-papillon-7cm-x3pcs.html
82256-78693;835218;188;20170125;https://www.jardiland.com/maison-deco/objets-de-decoration/vases-coupes-et-accessoires/accessoires-de-composition-florale/82256-papillon-7cm-x3pcs.html
82256-78687;835217;188;20170125;https://www.jardiland.com/maison-deco/objets-de-decoration/vases-coupes-et-accessoires/accessoires-de-composition-florale/82256-papillon-7cm-x3pcs.html
82224-81059;965190;188;20170125;https://www.jardiland.com/maison-deco/objets-de-decoration/vases-coupes-et-accessoires/accessoires-de-composition-florale/82224-oiseaux-clip-6cm-3ass.html
82224-81058;965189;188;20170125;https://www.jardiland.com/maison-deco/objets-de-decoration/vases-coupes-et-accessoires/accessoires-de-composition-florale/82224-oiseaux-clip-6cm-3ass.html
82224-74144;1361583;188;20170125;https://www.jardiland.com/maison-deco/objets-de-decoration/vases-coupes-et-accessoires/accessoires-de-composition-florale/82224-oiseaux-clip-6cm-3ass.html
82224-73859;1211306;188;20170125;https://www.jardiland.com/maison-deco/objets-de-decoration/vases-coupes-et-accessoires/accessoires-de-composition-florale/82224-oiseaux-clip-6cm-3ass.html
71551-71551;1273193;188;20170125;https://www.jardiland.com/maison-deco/objets-de-decoration/vases-coupes-et-accessoires/accessoires-de-composition-florale/71551-mica-fil-or-5m-tr-d2mm.html
67859-67859;1473703;188;20170125;https://www.jardiland.com/maison-deco/objets-de-decoration/vases-coupes-et-accessoires/vase-et-coupe-en-verre/67859-lotty-vase-carre-verre-10cm.html
82205-74145;1361841;188;20170125;https://www.jardiland.com/maison-deco/objets-de-decoration/vases-coupes-et-accessoires/sable-perle-d-eau-et-galet/82205-liquide-color-150ml.html
71676-71676;1241043;188;20170125;https://www.jardiland.com/maison-deco/objets-de-decoration/vases-coupes-et-accessoires/accessoires-de-composition-florale/71676-lichen-mica-vert-nature-50gr-ast.html
71206-71206;1327707;188;20170125;https://www.jardiland.com/maison-deco/objets-de-decoration/vases-coupes-et-accessoires/accessoires-de-composition-florale/71206-lichen-mica-naturelle-50gr.html
71930-71930;1211303;188;20170125;https://www.jardiland.com/maison-deco/objets-de-decoration/vases-coupes-et-accessoires/accessoires-de-composition-florale/71930-libellule-rose.html
70776-70776;1365417;188;20170125;https://www.jardiland.com/maison-deco/objets-de-decoration/vases-coupes-et-accessoires/accessoires-de-composition-florale/70776-hobby-brique-seche.html
82247-78327;899175;188;20170125;https://www.jardiland.com/maison-deco/objets-de-decoration/vases-coupes-et-accessoires/accessoires-de-composition-florale/82247-hobby-brique-20x10-2x7-7cm.html
82247-78320;899204;188;20170125;https://www.jardiland.com/maison-deco/objets-de-decoration/vases-coupes-et-accessoires/accessoires-de-composition-florale/82247-hobby-brique-20x10-2x7-7cm.html
82247-73991;1021982;188;20170125;https://www.jardiland.com/maison-deco/objets-de-decoration/vases-coupes-et-accessoires/accessoires-de-composition-florale/82247-hobby-brique-20x10-2x7-7cm.html
71207-71207;1327703;188;20170125;https://www.jardiland.com/maison-deco/objets-de-decoration/vases-coupes-et-accessoires/accessoires-de-composition-florale/71207-fil-mica-violet-5mtr-d2mm.html
71677-71677;1241022;188;20170125;https://www.jardiland.com/maison-deco/objets-de-decoration/vases-coupes-et-accessoires/accessoires-de-composition-florale/71677-fil-mica-turquoise-5mtrd2mm.html
71944-71944;1021987;188;20170125;https://www.jardiland.com/maison-deco/objets-de-decoration/vases-coupes-et-accessoires/accessoires-de-composition-florale/71944-coupe-tout-h15cm.html
66055-66055;834905;188;20170125;https://www.jardiland.com/maison-deco/objets-de-decoration/vases-coupes-et-accessoires/accessoires-de-composition-florale/66055-coupe-sandwich-26x12cm-vert.html
69334-69334;1429141;188;20170125;https://www.jardiland.com/maison-deco/objets-de-decoration/vases-coupes-et-accessoires/pot-et-coupe/69334-cloche-verre-sur-pied-20x20x24cm.html
67858-67858;1473706;188;20170125;https://www.jardiland.com/maison-deco/objets-de-decoration/vases-coupes-et-accessoires/vase-et-coupe-en-verre/67858-cilla-cylinder-verre-h40xd15cm.html
66053-66053;835242;188;20170125;https://www.jardiland.com/maison-deco/objets-de-decoration/vases-coupes-et-accessoires/accessoires-de-composition-florale/66053-cannelle-8cm-60-g.html
70792-70792;1360952;188;20170125;https://www.jardiland.com/maison-deco/objets-de-decoration/vases-coupes-et-accessoires/accessoires-de-composition-florale/70792-boule-fil-fer-3-5-8cm-vert-pomme.html
70790-70790;1361154;188;20170125;https://www.jardiland.com/maison-deco/objets-de-decoration/vases-coupes-et-accessoires/accessoires-de-composition-florale/70790-boule-fil-fer-3-5-8cm-argent.html
70567-70567;1393509;188;20170125;https://www.jardiland.com/maison-deco/objets-de-decoration/vases-coupes-et-accessoires/pot-et-coupe/70567-boule-en-verrea-suspendre-6x7-5cm.html
66037-66037;845639;188;20170125;https://www.jardiland.com/maison-deco/objets-de-decoration/vases-coupes-et-accessoires/accessoires-de-composition-florale/66037-ara-brique-ivoire-20x10-2x7-7cm.html
66605-66605;644387;188;20170125;https://www.jardiland.com/maison-deco/objets-de-decoration/bougies-et-senteurs/accessoires-pour-encens/66605-support-35-cm.html
82067-74711;1471666;188;20170125;https://www.jardiland.com/maison-deco/objets-de-decoration/bougies-et-senteurs/bougie-parfumee/82067-reveillon-de-noel.html
82067-74690;1471665;188;20170125;https://www.jardiland.com/maison-deco/objets-de-decoration/bougies-et-senteurs/bougie-parfumee/82067-reveillon-de-noel.html
32920-9957;1320743;188;20170125;https://www.jardiland.com/maison-deco/objets-de-decoration/bougies-et-senteurs/parfum-d-ambiance-diffuseur-a-froid/32920-recharge-parfum-goatier.html
67578-67578;1477657;188;20170125;https://www.jardiland.com/maison-deco/objets-de-decoration/bougies-et-senteurs/parfum-d-ambiance-diffuseur-a-froid/67578-recharge-anti-odeur-200ml-tabac.html
67577-67577;1477658;188;20170125;https://www.jardiland.com/maison-deco/objets-de-decoration/bougies-et-senteurs/parfum-d-ambiance-diffuseur-a-froid/67577-recharge-anti-odeur-200ml-salle-d-eau.html
67580-67580;1477655;188;20170125;https://www.jardiland.com/maison-deco/objets-de-decoration/bougies-et-senteurs/parfum-d-ambiance-diffuseur-a-froid/67580-recharge-anti-odeur-200ml-cuisine.html
67579-67579;1477656;188;20170125;https://www.jardiland.com/maison-deco/objets-de-decoration/bougies-et-senteurs/parfum-d-ambiance-diffuseur-a-froid/67579-recharge-anti-odeur-200ml-animaux.html
81378-77175;1462382;188;20170125;https://www.jardiland.com/maison-deco/objets-de-decoration/bougies-et-senteurs/parfum-d-ambiance-diffuseur-a-froid/81378-recharge-250-ml.html
83511-79481;1484440;188;20170125;https://www.jardiland.com/maison-deco/objets-de-decoration/bougies-et-senteurs/support-et-accessoires/83511-photophore-teal-vine.html
83538-79530;1484467;188;20170125;https://www.jardiland.com/maison-deco/objets-de-decoration/bougies-et-senteurs/support-et-accessoires/83538-photophore-starry-night-ceramic.html
83538-79522;1484466;188;20170125;https://www.jardiland.com/maison-deco/objets-de-decoration/bougies-et-senteurs/support-et-accessoires/83538-photophore-starry-night-ceramic.html
83538-79520;1484468;188;20170125;https://www.jardiland.com/maison-deco/objets-de-decoration/bougies-et-senteurs/support-et-accessoires/83538-photophore-starry-night-ceramic.html
83538-79519;1484469;188;20170125;https://www.jardiland.com/maison-deco/objets-de-decoration/bougies-et-senteurs/support-et-accessoires/83538-photophore-starry-night-ceramic.html
83515-79513;1484416;188;20170125;https://www.jardiland.com/maison-deco/objets-de-decoration/bougies-et-senteurs/support-et-accessoires/83515-photophore-sparkling-icicles.html
83515-79501;1484414;188;20170125;https://www.jardiland.com/maison-deco/objets-de-decoration/bougies-et-senteurs/support-et-accessoires/83515-photophore-sparkling-icicles.html
83515-79491;1484417;188;20170125;https://www.jardiland.com/maison-deco/objets-de-decoration/bougies-et-senteurs/support-et-accessoires/83515-photophore-sparkling-icicles.html
83515-79477;1484415;188;20170125;https://www.jardiland.com/maison-deco/objets-de-decoration/bougies-et-senteurs/support-et-accessoires/83515-photophore-sparkling-icicles.html
68719-68719;1443385;188;20170125;https://www.jardiland.com/maison-deco/objets-de-decoration/bougies-et-senteurs/parfum-d-ambiance-diffuseur-a-froid/68719-petale-de-cire-coloree-parfumee.html
83516-79514;1484408;188;20170125;https://www.jardiland.com/maison-deco/objets-de-decoration/bougies-et-senteurs/bougie-parfumee/83516-peche-gourmande.html
83516-79505;1484409;188;20170125;https://www.jardiland.com/maison-deco/objets-de-decoration/bougies-et-senteurs/bougie-parfumee/83516-peche-gourmande.html
83516-79504;1484410;188;20170125;https://www.jardiland.com/maison-deco/objets-de-decoration/bougies-et-senteurs/bougie-parfumee/83516-peche-gourmande.html
83516-79503;1484411;188;20170125;https://www.jardiland.com/maison-deco/objets-de-decoration/bougies-et-senteurs/bougie-parfumee/83516-peche-gourmande.html
83516-79502;1484412;188;20170125;https://www.jardiland.com/maison-deco/objets-de-decoration/bougies-et-senteurs/bougie-parfumee/83516-peche-gourmande.html
2007-2007;1345636;188;20170125;https://www.jardiland.com/maison-deco/objets-de-decoration/bougies-et-senteurs/parfum-d-ambiance-diffuseur-a-froid/2007-parfum-lampe-berger-herbes-folles.html
32918-9937;1320691;188;20170125;https://www.jardiland.com/maison-deco/objets-de-decoration/bougies-et-senteurs/parfum-d-ambiance-diffuseur-a-froid/32918-parfum-goatier-cocoon.html
68906-68906;1434876;188;20170125;https://www.jardiland.com/maison-deco/objets-de-decoration/bougies-et-senteurs/bougie-parfumee/68906-moyenne-bougie-320g-yuzu-fleur-d-oranger.html
68998-68998;1434874;188;20170125;https://www.jardiland.com/maison-deco/objets-de-decoration/bougies-et-senteurs/bougie-parfumee/68998-moyenne-bougie-320g-vanille.html
68904-68904;1434878;188;20170125;https://www.jardiland.com/maison-deco/objets-de-decoration/bougies-et-senteurs/bougie-parfumee/68904-moyenne-bougie-320g-framboise-vanillee.html
68905-68905;1434877;188;20170125;https://www.jardiland.com/maison-deco/objets-de-decoration/bougies-et-senteurs/bougie-parfumee/68905-moyenne-bougie-320g-embruns.html
68907-68907;1434875;188;20170125;https://www.jardiland.com/maison-deco/objets-de-decoration/bougies-et-senteurs/bougie-parfumee/68907-moyenne-bougie-320g-canelle-et-orange.html
81858-72540;1405009;188;20170125;https://www.jardiland.com/maison-deco/objets-de-decoration/bougies-et-senteurs/diffuseur-de-parfum-et-recharge/81858-lampe-quadri.html
81858-72526;1405007;188;20170125;https://www.jardiland.com/maison-deco/objets-de-decoration/bougies-et-senteurs/diffuseur-de-parfum-et-recharge/81858-lampe-quadri.html
68780-68780;1440220;188;20170125;https://www.jardiland.com/maison-deco/objets-de-decoration/bougies-et-senteurs/diffuseur-de-parfum-et-recharge/68780-lampe-originelle-transparente-anne-1905-1.html
67592-67592;1477643;188;20170125;https://www.jardiland.com/maison-deco/objets-de-decoration/bougies-et-senteurs/diffuseur-de-parfum-et-recharge/67592-lampe-athena-miel.html
67593-67593;1477642;188;20170125;https://www.jardiland.com/maison-deco/objets-de-decoration/bougies-et-senteurs/diffuseur-de-parfum-et-recharge/67593-lampe-athena-gris.html
81462-80470;932807;188;20170125;https://www.jardiland.com/maison-deco/objets-de-decoration/bougies-et-senteurs/diffuseur-de-parfum-et-recharge/81462-huile-parfumee-15ml.html
81462-80447;932830;188;20170125;https://www.jardiland.com/maison-deco/objets-de-decoration/bougies-et-senteurs/diffuseur-de-parfum-et-recharge/81462-huile-parfumee-15ml.html
81462-80446;932823;188;20170125;https://www.jardiland.com/maison-deco/objets-de-decoration/bougies-et-senteurs/diffuseur-de-parfum-et-recharge/81462-huile-parfumee-15ml.html
81462-80445;932822;188;20170125;https://www.jardiland.com/maison-deco/objets-de-decoration/bougies-et-senteurs/diffuseur-de-parfum-et-recharge/81462-huile-parfumee-15ml.html
81462-73253;1443253;188;20170125;https://www.jardiland.com/maison-deco/objets-de-decoration/bougies-et-senteurs/diffuseur-de-parfum-et-recharge/81462-huile-parfumee-15ml.html
81462-73250;1443248;188;20170125;https://www.jardiland.com/maison-deco/objets-de-decoration/bougies-et-senteurs/diffuseur-de-parfum-et-recharge/81462-huile-parfumee-15ml.html
81462-73249;1443247;188;20170125;https://www.jardiland.com/maison-deco/objets-de-decoration/bougies-et-senteurs/diffuseur-de-parfum-et-recharge/81462-huile-parfumee-15ml.html
82095-74717;1471671;188;20170125;https://www.jardiland.com/maison-deco/objets-de-decoration/bougies-et-senteurs/bougie-parfumee/82095-guirlande-de-noel.html
82095-74716;1471672;188;20170125;https://www.jardiland.com/maison-deco/objets-de-decoration/bougies-et-senteurs/bougie-parfumee/82095-guirlande-de-noel.html
82095-74714;1471674;188;20170125;https://www.jardiland.com/maison-deco/objets-de-decoration/bougies-et-senteurs/bougie-parfumee/82095-guirlande-de-noel.html
82095-74712;1471676;188;20170125;https://www.jardiland.com/maison-deco/objets-de-decoration/bougies-et-senteurs/bougie-parfumee/82095-guirlande-de-noel.html
82095-74705;1471675;188;20170125;https://www.jardiland.com/maison-deco/objets-de-decoration/bougies-et-senteurs/bougie-parfumee/82095-guirlande-de-noel.html
82066-72417;1406430;188;20170125;https://www.jardiland.com/maison-deco/objets-de-decoration/bougies-et-senteurs/parfum-d-ambiance-diffuseur-a-froid/82066-goatier-bul-200ml.html
81347-75461;1479850;188;20170125;https://www.jardiland.com/maison-deco/objets-de-decoration/bougies-et-senteurs/parfum-d-ambiance-diffuseur-a-froid/81347-diffuseur-parfum-ambiance-100-ml-rotin.html
81347-75460;1479851;188;20170125;https://www.jardiland.com/maison-deco/objets-de-decoration/bougies-et-senteurs/parfum-d-ambiance-diffuseur-a-froid/81347-diffuseur-parfum-ambiance-100-ml-rotin.html
81347-75459;1479852;188;20170125;https://www.jardiland.com/maison-deco/objets-de-decoration/bougies-et-senteurs/parfum-d-ambiance-diffuseur-a-froid/81347-diffuseur-parfum-ambiance-100-ml-rotin.html
81347-75458;1479853;188;20170125;https://www.jardiland.com/maison-deco/objets-de-decoration/bougies-et-senteurs/parfum-d-ambiance-diffuseur-a-froid/81347-diffuseur-parfum-ambiance-100-ml-rotin.html
81386-73525;1236475;188;20170125;https://www.jardiland.com/maison-deco/objets-de-decoration/bougies-et-senteurs/parfum-d-ambiance-diffuseur-a-froid/81386-diffuseur-encrier-rotin.html
71237-71237;1321761;188;20170125;https://www.jardiland.com/maison-deco/objets-de-decoration/bougies-et-senteurs/diffuseur-de-parfum-et-recharge/71237-diffuseur-electrique-saturne.html
71235-71235;1321855;188;20170125;https://www.jardiland.com/maison-deco/objets-de-decoration/bougies-et-senteurs/diffuseur-de-parfum-et-recharge/71235-diffuseur-electrique-kheops.html
83514-79528;1484459;188;20170125;https://www.jardiland.com/maison-deco/objets-de-decoration/bougies-et-senteurs/parfum-d-ambiance-diffuseur-a-froid/83514-diffuseur-car-ultimate.html
83514-79527;1484460;188;20170125;https://www.jardiland.com/maison-deco/objets-de-decoration/bougies-et-senteurs/parfum-d-ambiance-diffuseur-a-froid/83514-diffuseur-car-ultimate.html
83514-79526;1484461;188;20170125;https://www.jardiland.com/maison-deco/objets-de-decoration/bougies-et-senteurs/parfum-d-ambiance-diffuseur-a-froid/83514-diffuseur-car-ultimate.html
83514-79525;1484462;188;20170125;https://www.jardiland.com/maison-deco/objets-de-decoration/bougies-et-senteurs/parfum-d-ambiance-diffuseur-a-froid/83514-diffuseur-car-ultimate.html
83514-79524;1484463;188;20170125;https://www.jardiland.com/maison-deco/objets-de-decoration/bougies-et-senteurs/parfum-d-ambiance-diffuseur-a-froid/83514-diffuseur-car-ultimate.html
83514-79515;1484464;188;20170125;https://www.jardiland.com/maison-deco/objets-de-decoration/bougies-et-senteurs/parfum-d-ambiance-diffuseur-a-froid/83514-diffuseur-car-ultimate.html
83509-79560;1484456;188;20170125;https://www.jardiland.com/maison-deco/objets-de-decoration/bougies-et-senteurs/parfum-d-ambiance-diffuseur-a-froid/83509-diffuseur-car-jar.html
83509-79559;1484457;188;20170125;https://www.jardiland.com/maison-deco/objets-de-decoration/bougies-et-senteurs/parfum-d-ambiance-diffuseur-a-froid/83509-diffuseur-car-jar.html
83509-79516;1484453;188;20170125;https://www.jardiland.com/maison-deco/objets-de-decoration/bougies-et-senteurs/parfum-d-ambiance-diffuseur-a-froid/83509-diffuseur-car-jar.html
83509-79500;1484455;188;20170125;https://www.jardiland.com/maison-deco/objets-de-decoration/bougies-et-senteurs/parfum-d-ambiance-diffuseur-a-froid/83509-diffuseur-car-jar.html
83509-79471;1484452;188;20170125;https://www.jardiland.com/maison-deco/objets-de-decoration/bougies-et-senteurs/parfum-d-ambiance-diffuseur-a-froid/83509-diffuseur-car-jar.html
83509-79454;1484454;188;20170125;https://www.jardiland.com/maison-deco/objets-de-decoration/bougies-et-senteurs/parfum-d-ambiance-diffuseur-a-froid/83509-diffuseur-car-jar.html
66390-66390;678978;188;20170125;https://www.jardiland.com/maison-deco/objets-de-decoration/bougies-et-senteurs/encens/66390-cone-d-encens-vrac.html
82097-72435;1408576;188;20170125;https://www.jardiland.com/maison-deco/objets-de-decoration/bougies-et-senteurs/diffuseur-de-parfum-et-recharge/82097-coffret-bingo.html
67568-67568;1477794;188;20170125;https://www.jardiland.com/maison-deco/objets-de-decoration/bougies-et-senteurs/support-et-accessoires/67568-ceram-fleur-de-goatier-200ml-black.html
81456-73533;1236393;188;20170125;https://www.jardiland.com/maison-deco/objets-de-decoration/bougies-et-senteurs/parfum-pour-le-linge/81456-brume-d-oreiller.html
68713-68713;1443430;188;20170125;https://www.jardiland.com/maison-deco/objets-de-decoration/bougies-et-senteurs/diffuseur-de-parfum-et-recharge/68713-bruleur-porcelaine-fleurs-blue.html
81336-72912;1449228;188;20170125;https://www.jardiland.com/maison-deco/objets-de-decoration/bougies-et-senteurs/diffuseur-de-parfum-et-recharge/81336-brule-parfum-petal-bowl.html
81336-72911;1449230;188;20170125;https://www.jardiland.com/maison-deco/objets-de-decoration/bougies-et-senteurs/diffuseur-de-parfum-et-recharge/81336-brule-parfum-petal-bowl.html
70254-70254;1402883;188;20170125;https://www.jardiland.com/maison-deco/objets-de-decoration/bougies-et-senteurs/parfum-d-ambiance-diffuseur-a-froid/70254-bouquet-parfume-cube-zeste-de-verveine.html
82203-72360;1391732;188;20170125;https://www.jardiland.com/maison-deco/objets-de-decoration/bougies-et-senteurs/bougie-non-parfumee/82203-bougie-votive-3848-1.html
81290-72918;1449174;188;20170125;https://www.jardiland.com/maison-deco/objets-de-decoration/bougies-et-senteurs/bougie-parfumee/81290-bougie-trifle-aux-baies.html
81353-72910;1449244;188;20170125;https://www.jardiland.com/maison-deco/objets-de-decoration/bougies-et-senteurs/bougie-parfumee/81353-bougie-serviette-moelleuse.html
32910-10422;1347192;188;20170125;https://www.jardiland.com/maison-deco/objets-de-decoration/bougies-et-senteurs/bougie-non-parfumee/32910-bougie-rustique-o7-cm.html
81397-72938;1449117;188;20170125;https://www.jardiland.com/maison-deco/objets-de-decoration/bougies-et-senteurs/bougie-parfumee/81397-bougie-pamplemousse-rose.html
81326-72908;1449265;188;20170125;https://www.jardiland.com/maison-deco/objets-de-decoration/bougies-et-senteurs/bougie-parfumee/81326-bougie-pain-au-raisin.html
81230-72945;1449083;188;20170125;https://www.jardiland.com/maison-deco/objets-de-decoration/bougies-et-senteurs/bougie-parfumee/81230-bougie-orange-epice.html
81230-72944;1449084;188;20170125;https://www.jardiland.com/maison-deco/objets-de-decoration/bougies-et-senteurs/bougie-parfumee/81230-bougie-orange-epice.html
81431-72934;1449139;188;20170125;https://www.jardiland.com/maison-deco/objets-de-decoration/bougies-et-senteurs/bougie-parfumee/81431-bougie-noix-de-coco-noire.html
81431-72913;1449141;188;20170125;https://www.jardiland.com/maison-deco/objets-de-decoration/bougies-et-senteurs/bougie-parfumee/81431-bougie-noix-de-coco-noire.html
81431-72906;1449137;188;20170125;https://www.jardiland.com/maison-deco/objets-de-decoration/bougies-et-senteurs/bougie-parfumee/81431-bougie-noix-de-coco-noire.html
81256-72917;1449184;188;20170125;https://www.jardiland.com/maison-deco/objets-de-decoration/bougies-et-senteurs/bougie-parfumee/81256-bougie-marshmallow-grilles.html
81256-72916;1449185;188;20170125;https://www.jardiland.com/maison-deco/objets-de-decoration/bougies-et-senteurs/bougie-parfumee/81256-bougie-marshmallow-grilles.html
82584-72932;1449063;188;20170125;https://www.jardiland.com/maison-deco/objets-de-decoration/bougies-et-senteurs/bougie-parfumee/82584-bougie-mangue-peche.html
82584-72931;1449062;188;20170125;https://www.jardiland.com/maison-deco/objets-de-decoration/bougies-et-senteurs/bougie-parfumee/82584-bougie-mangue-peche.html
81455-72915;1449163;188;20170125;https://www.jardiland.com/maison-deco/objets-de-decoration/bougies-et-senteurs/bougie-parfumee/81455-bougie-lueur-hivernale.html
81455-72903;1449164;188;20170125;https://www.jardiland.com/maison-deco/objets-de-decoration/bougies-et-senteurs/bougie-parfumee/81455-bougie-lueur-hivernale.html
82599-72948;1449069;188;20170125;https://www.jardiland.com/maison-deco/objets-de-decoration/bougies-et-senteurs/bougie-parfumee/82599-bougie-lueur-de-miel.html
82599-72943;1449067;188;20170125;https://www.jardiland.com/maison-deco/objets-de-decoration/bougies-et-senteurs/bougie-parfumee/82599-bougie-lueur-de-miel.html
82599-72941;1449066;188;20170125;https://www.jardiland.com/maison-deco/objets-de-decoration/bougies-et-senteurs/bougie-parfumee/82599-bougie-lueur-de-miel.html
82599-72933;1449065;188;20170125;https://www.jardiland.com/maison-deco/objets-de-decoration/bougies-et-senteurs/bougie-parfumee/82599-bougie-lueur-de-miel.html
82599-72923;1449068;188;20170125;https://www.jardiland.com/maison-deco/objets-de-decoration/bougies-et-senteurs/bougie-parfumee/82599-bougie-lueur-de-miel.html
81382-72936;1449131;188;20170125;https://www.jardiland.com/maison-deco/objets-de-decoration/bougies-et-senteurs/bougie-parfumee/81382-bougie-lavande.html
32906-9983;1347163;188;20170125;https://www.jardiland.com/maison-deco/objets-de-decoration/bougies-et-senteurs/bougie-non-parfumee/32906-bougie-laque.html
81402-72937;1449127;188;20170125;https://www.jardiland.com/maison-deco/objets-de-decoration/bougies-et-senteurs/bougie-parfumee/81402-bougie-glace-d-ete.html
81167-72940;1449112;188;20170125;https://www.jardiland.com/maison-deco/objets-de-decoration/bougies-et-senteurs/bougie-parfumee/81167-bougie-fruit-du-dragon-rose.html
81167-72939;1449113;188;20170125;https://www.jardiland.com/maison-deco/objets-de-decoration/bougies-et-senteurs/bougie-parfumee/81167-bougie-fruit-du-dragon-rose.html
81172-72949;1449105;188;20170125;https://www.jardiland.com/maison-deco/objets-de-decoration/bougies-et-senteurs/bougie-parfumee/81172-bougie-framboise-rouge.html
68902-68902;1434903;188;20170125;https://www.jardiland.com/maison-deco/objets-de-decoration/bougies-et-senteurs/bougie-parfumee/68902-bougie-de-jardin-628g-pomme-verte.html
69000-69000;1434860;188;20170125;https://www.jardiland.com/maison-deco/objets-de-decoration/bougies-et-senteurs/bougie-parfumee/69000-bougie-de-jardin-628g-framboise-vanillee.html
68999-68999;1434863;188;20170125;https://www.jardiland.com/maison-deco/objets-de-decoration/bougies-et-senteurs/bougie-parfumee/68999-bougie-de-jardin-1kg-rcanelle-et-orange.html
82198-72358;1391718;188;20170125;https://www.jardiland.com/maison-deco/objets-de-decoration/bougies-et-senteurs/bougie-non-parfumee/82198-bougie-cylindrique-70-100-1.html
32901-24625;793304;188;20170125;https://www.jardiland.com/maison-deco/objets-de-decoration/bougies-et-senteurs/bougie-non-parfumee/32901-bougie-cylindre-o10-cm.html
81251-72947;1449076;188;20170125;https://www.jardiland.com/maison-deco/objets-de-decoration/bougies-et-senteurs/bougie-parfumee/81251-bougie-coucher-de-soleil-au-serengeti.html
81251-72946;1449077;188;20170125;https://www.jardiland.com/maison-deco/objets-de-decoration/bougies-et-senteurs/bougie-parfumee/81251-bougie-coucher-de-soleil-au-serengeti.html
81213-72920;1449167;188;20170125;https://www.jardiland.com/maison-deco/objets-de-decoration/bougies-et-senteurs/bougie-parfumee/81213-bougie-cookie-de-noel.html
81213-72919;1449170;188;20170125;https://www.jardiland.com/maison-deco/objets-de-decoration/bougies-et-senteurs/bougie-parfumee/81213-bougie-cookie-de-noel.html
81287-72935;1449098;188;20170125;https://www.jardiland.com/maison-deco/objets-de-decoration/bougies-et-senteurs/bougie-parfumee/81287-bougie-canneberge-mandarine.html
82199-72717;1391671;188;20170125;https://www.jardiland.com/maison-deco/objets-de-decoration/bougies-et-senteurs/bougie-non-parfumee/82199-bougie-boule-80mm.html
32909-10418;1347187;188;20170125;https://www.jardiland.com/maison-deco/objets-de-decoration/bougies-et-senteurs/bougie-non-parfumee/32909-bougie-boule-o6o5-cm.html
32909-10417;1347186;188;20170125;https://www.jardiland.com/maison-deco/objets-de-decoration/bougies-et-senteurs/bougie-non-parfumee/32909-bougie-boule-o6o5-cm.html
81381-73548;1236516;188;20170125;https://www.jardiland.com/maison-deco/objets-de-decoration/bougies-et-senteurs/bougie-parfumee/81381-bougie-boite-alu.html
81381-73543;1236469;188;20170125;https://www.jardiland.com/maison-deco/objets-de-decoration/bougies-et-senteurs/bougie-parfumee/81381-bougie-boite-alu.html
81381-73541;1236444;188;20170125;https://www.jardiland.com/maison-deco/objets-de-decoration/bougies-et-senteurs/bougie-parfumee/81381-bougie-boite-alu.html
81306-72909;1449251;188;20170125;https://www.jardiland.com/maison-deco/objets-de-decoration/bougies-et-senteurs/bougie-parfumee/81306-bougie-beurre-de-karite.html
81274-72922;1449192;188;20170125;https://www.jardiland.com/maison-deco/objets-de-decoration/bougies-et-senteurs/bougie-parfumee/81274-bougie-au-chaud-dans-la-neige.html
81274-72914;1449191;188;20170125;https://www.jardiland.com/maison-deco/objets-de-decoration/bougies-et-senteurs/bougie-parfumee/81274-bougie-au-chaud-dans-la-neige.html
81274-72907;1449188;188;20170125;https://www.jardiland.com/maison-deco/objets-de-decoration/bougies-et-senteurs/bougie-parfumee/81274-bougie-au-chaud-dans-la-neige.html
83510-79476;1484446;188;20170125;https://www.jardiland.com/maison-deco/objets-de-decoration/bougies-et-senteurs/parfum-d-ambiance-diffuseur-a-froid/83510-batonnet-voiture.html
83510-79474;1484448;188;20170125;https://www.jardiland.com/maison-deco/objets-de-decoration/bougies-et-senteurs/parfum-d-ambiance-diffuseur-a-froid/83510-batonnet-voiture.html
83510-79472;1484450;188;20170125;https://www.jardiland.com/maison-deco/objets-de-decoration/bougies-et-senteurs/parfum-d-ambiance-diffuseur-a-froid/83510-batonnet-voiture.html
83510-79469;1484445;188;20170125;https://www.jardiland.com/maison-deco/objets-de-decoration/bougies-et-senteurs/parfum-d-ambiance-diffuseur-a-froid/83510-batonnet-voiture.html
66603-66603;648995;188;20170125;https://www.jardiland.com/maison-deco/objets-de-decoration/bougies-et-senteurs/encens/66603-baton-d-encens-vrac.html
70123-70123;1408830;188;20170125;https://www.jardiland.com/maison-deco/objets-de-decoration/bougeoirs-photophores-et-lanternes/bougeoir-et-photophore-deco/70123-plateau-rond-avec-photophore-24x24x12cm.html
70124-70124;1408829;188;20170125;https://www.jardiland.com/maison-deco/objets-de-decoration/bougeoirs-photophores-et-lanternes/bougeoir-et-photophore-deco/70124-plateau-rect-avec-photophore-24x24x12cm.html
70126-70126;1408827;188;20170125;https://www.jardiland.com/maison-deco/objets-de-decoration/bougeoirs-photophores-et-lanternes/bougeoir-et-photophore-deco/70126-photopore-4-couleurs-sur-support.html
69811-69811;1409977;188;20170125;https://www.jardiland.com/maison-deco/objets-de-decoration/bougeoirs-photophores-et-lanternes/bougeoir-et-photophore-deco/69811-photophore-verre-socle-bois-15x17cm.html
70125-70125;1408828;188;20170125;https://www.jardiland.com/maison-deco/objets-de-decoration/bougeoirs-photophores-et-lanternes/bougeoir-et-photophore-deco/70125-photophore-support-metal-noir.html
52717-52717;1432919;188;20170125;https://www.jardiland.com/maison-deco/objets-de-decoration/bougeoirs-photophores-et-lanternes/lanterne/52717-photophore-jaune.html
69202-69202;1432416;188;20170125;https://www.jardiland.com/maison-deco/objets-de-decoration/bougeoirs-photophores-et-lanternes/bougeoir-et-photophore-deco/69202-photophore-hexagonal-en-verre-10x10cm.html
69221-69221;1432379;188;20170125;https://www.jardiland.com/maison-deco/objets-de-decoration/bougeoirs-photophores-et-lanternes/bougeoir-et-photophore-deco/69221-photophore-forme-verre-2-col-ast.html
69209-69209;1432401;188;20170125;https://www.jardiland.com/maison-deco/objets-de-decoration/bougeoirs-photophores-et-lanternes/bougeoir-et-photophore-deco/69209-photophore-en-verre-8x8x9cm.html
69225-69225;1432375;188;20170125;https://www.jardiland.com/maison-deco/objets-de-decoration/bougeoirs-photophores-et-lanternes/bougeoir-et-photophore-deco/69225-photophore-cage-12x12x25cm-3col-ast.html
69224-69224;1432376;188;20170125;https://www.jardiland.com/maison-deco/objets-de-decoration/bougeoirs-photophores-et-lanternes/bougeoir-et-photophore-deco/69224-photophore-cage-11-3x11-3x21-3cm-3col.html
70112-70112;1408844;188;20170125;https://www.jardiland.com/maison-deco/objets-de-decoration/bougeoirs-photophores-et-lanternes/bougeoir-et-photophore-deco/70112-photophore-arbre-metal-noir-40x36x58cm.html
69203-69203;1432415;188;20170125;https://www.jardiland.com/maison-deco/objets-de-decoration/bougeoirs-photophores-et-lanternes/lanterne/69203-lanterne-verre-3ast.html
69204-69204;1432414;188;20170125;https://www.jardiland.com/maison-deco/objets-de-decoration/bougeoirs-photophores-et-lanternes/lanterne/69204-lanterne-verre-2ast.html
69082-69082;1433137;188;20170125;https://www.jardiland.com/maison-deco/objets-de-decoration/bougeoirs-photophores-et-lanternes/lanterne/69082-lanterne-noir-d20x22cm.html
70121-70121;1408832;188;20170125;https://www.jardiland.com/maison-deco/objets-de-decoration/bougeoirs-photophores-et-lanternes/lanterne/70121-lanterne-mm-29x29x40cm.html
69086-69086;1433133;188;20170125;https://www.jardiland.com/maison-deco/objets-de-decoration/bougeoirs-photophores-et-lanternes/lanterne/69086-lanterne-metal-noir-d30-x-h20cm.html
69083-69083;1433136;188;20170125;https://www.jardiland.com/maison-deco/objets-de-decoration/bougeoirs-photophores-et-lanternes/lanterne/69083-lanterne-metal-noir-d20x23cm.html
70115-70115;1408841;188;20170125;https://www.jardiland.com/maison-deco/objets-de-decoration/bougeoirs-photophores-et-lanternes/lanterne/70115-lanterne-metal-cuivre-24x24x28cm.html
70116-70116;1408840;188;20170125;https://www.jardiland.com/maison-deco/objets-de-decoration/bougeoirs-photophores-et-lanternes/lanterne/70116-lanterne-metal-cuivre-17-5x17-5x20-2cm.html
70122-70122;1408831;188;20170125;https://www.jardiland.com/maison-deco/objets-de-decoration/bougeoirs-photophores-et-lanternes/lanterne/70122-lanterne-gm-33-5x33-5x50cm.html
69220-69220;1432380;188;20170125;https://www.jardiland.com/maison-deco/objets-de-decoration/bougeoirs-photophores-et-lanternes/lanterne/69220-lanterne-fer-noir-19-8x19-8x25cm.html
69081-69081;1433138;188;20170125;https://www.jardiland.com/maison-deco/objets-de-decoration/bougeoirs-photophores-et-lanternes/lanterne/69081-lanterne-corail-d20x22cm.html
69200-69200;1432418;188;20170125;https://www.jardiland.com/maison-deco/objets-de-decoration/bougeoirs-photophores-et-lanternes/lanterne/69200-lanterne-carree-en-verre-20x20x34-3cm.html
69216-69216;1432391;188;20170125;https://www.jardiland.com/maison-deco/objets-de-decoration/bougeoirs-photophores-et-lanternes/lanterne/69216-lanterne-bois-blanc-19x19x27cm.html
69212-69212;1432395;188;20170125;https://www.jardiland.com/maison-deco/objets-de-decoration/bougeoirs-photophores-et-lanternes/bougeoir-et-photophore-deco/69212-bougeoir-papillon-noir-13x13x21-5cm.html
69213-69213;1432394;188;20170125;https://www.jardiland.com/maison-deco/objets-de-decoration/bougeoirs-photophores-et-lanternes/bougeoir-et-photophore-deco/69213-bougeoir-papillon-noir-13x13x17cm.html
70132-70132;1408820;188;20170125;https://www.jardiland.com/maison-deco/objets-de-decoration/bougeoirs-photophores-et-lanternes/bougeoir-et-photophore-deco/70132-bougeoir-en-ceramique-12x12x36cm.html
81789-77585;737348;188;20170125;https://www.jardiland.com/animaux/reptiles-et-insectes/alimentation/boite-et-lyophilisee/81789-nourriture-sauterelles-sauvages.html
81789-77584;737349;188;20170125;https://www.jardiland.com/animaux/reptiles-et-insectes/alimentation/boite-et-lyophilisee/81789-nourriture-sauterelles-sauvages.html
66866-66866;538822;188;20170125;https://www.jardiland.com/animaux/oiseau/hygiene-et-soins/soin-de-l-animal/66866-vitaperruche.html
66867-66867;538817;188;20170125;https://www.jardiland.com/animaux/oiseau/hygiene-et-soins/soin-de-l-animal/66867-special-bain-flacon-24ml.html
68860-68860;1437656;188;20170125;https://www.jardiland.com/animaux/oiseau/hygiene-et-soins/soin-de-l-animal/68860-poudre-insectifuge-oiseaux-150g.html
67138-67138;1487292;188;20170125;https://www.jardiland.com/animaux/oiseau/hygiene-et-soins/soin-de-l-animal/67138-pou-net-oiseaux-de-cage-100ml.html
81917-72495;1402302;188;20170125;https://www.jardiland.com/animaux/oiseau/cages-volieres-et-accessoires/equipement-de-cage-et-voliere/81917-perchoir-droit-tyrol.html
81917-72486;1402303;188;20170125;https://www.jardiland.com/animaux/oiseau/cages-volieres-et-accessoires/equipement-de-cage-et-voliere/81917-perchoir-droit-tyrol.html
81924-72529;1402934;188;20170125;https://www.jardiland.com/animaux/oiseau/cages-volieres-et-accessoires/equipement-de-cage-et-voliere/81924-echelle-bois-et-corde.html
81924-72528;1402933;188;20170125;https://www.jardiland.com/animaux/oiseau/cages-volieres-et-accessoires/equipement-de-cage-et-voliere/81924-echelle-bois-et-corde.html
68812-68812;1439346;188;20170125;https://www.jardiland.com/animaux/oiseau/alimentation-et-friandises/friandise/68812-prest-sp-perroquets-exotic-nuts-750g.html
68811-68811;1439347;188;20170125;https://www.jardiland.com/animaux/oiseau/alimentation-et-friandises/friandise/68811-prest-sp-perroquets-exotic-light750g.html
68813-68813;1439345;188;20170125;https://www.jardiland.com/animaux/oiseau/alimentation-et-friandises/friandise/68813-prest-sp-hawai-sweetnoodle-parrot-400g.html
68815-68815;1439342;188;20170125;https://www.jardiland.com/animaux/oiseau/alimentation-et-friandises/alimentation-quotidienne/68815-prest-loro-parq-african-parakeet-1kg.html
68874-68874;1437426;188;20170125;https://www.jardiland.com/animaux/oiseau/alimentation-et-friandises/alimentation-quotidienne/68874-pic-or-melange-tourterelles-1-kg-tyrol.html
68876-68876;1437424;188;20170125;https://www.jardiland.com/animaux/oiseau/alimentation-et-friandises/alimentation-quotidienne/68876-pic-or-melange-canaris-1kg-tyrol.html
68810-68810;1439348;188;20170125;https://www.jardiland.com/animaux/oiseau/alimentation-et-friandises/complement-nutritionnel/68810-orlux-gold-patee-perruche-250g.html
66869-66869;538537;188;20170125;https://www.jardiland.com/animaux/oiseau/alimentation-et-friandises/complement-nutritionnel/66869-orlux-gold-patee-colorante-250g.html
82540-73363;1440834;188;20170125;https://www.jardiland.com/animaux/oiseau/alimentation-et-friandises/friandise/82540-crunchy-stick-perroquet.html
82540-73360;1440833;188;20170125;https://www.jardiland.com/animaux/oiseau/alimentation-et-friandises/friandise/82540-crunchy-stick-perroquet.html
82538-73366;1440830;188;20170125;https://www.jardiland.com/animaux/oiseau/alimentation-et-friandises/friandise/82538-crunchy-stick-grande-perruche.html
82538-73365;1440831;188;20170125;https://www.jardiland.com/animaux/oiseau/alimentation-et-friandises/friandise/82538-crunchy-stick-grande-perruche.html
82536-73368;1440827;188;20170125;https://www.jardiland.com/animaux/oiseau/alimentation-et-friandises/friandise/82536-crunchy-stick-exotique.html
82536-73367;1440828;188;20170125;https://www.jardiland.com/animaux/oiseau/alimentation-et-friandises/friandise/82536-crunchy-stick-exotique.html
82522-73364;1440823;188;20170125;https://www.jardiland.com/animaux/oiseau/alimentation-et-friandises/friandise/82522-crunchy-stick-canari.html
82522-73356;1440824;188;20170125;https://www.jardiland.com/animaux/oiseau/alimentation-et-friandises/friandise/82522-crunchy-stick-canari.html
68889-68889;1436798;188;20170125;https://www.jardiland.com/animaux/poisson/materiel-chauffage-filtres-et-pompes/filtre-interieur/68889-new-rena-superclean-90-1.html
68890-68890;1436797;188;20170125;https://www.jardiland.com/animaux/poisson/materiel-chauffage-filtres-et-pompes/filtre-interieur/68890-new-rena-superclean-60-1.html
68891-68891;1436795;188;20170125;https://www.jardiland.com/animaux/poisson/materiel-chauffage-filtres-et-pompes/filtre-interieur/68891-new-rena-superclean-20-1.html
81621-73026;1457277;188;20170125;https://www.jardiland.com/animaux/poisson/materiel-chauffage-filtres-et-pompes/aeration/81621-new-rena-air.html
81621-73024;1457275;188;20170125;https://www.jardiland.com/animaux/poisson/materiel-chauffage-filtres-et-pompes/aeration/81621-new-rena-air.html
68777-68777;1440479;188;20170125;https://www.jardiland.com/animaux/poisson/materiel-chauffage-filtres-et-pompes/masse-de-filtration/68777-mousse-foam-taille-m-x1-1.html
68880-68880;1436811;188;20170125;https://www.jardiland.com/animaux/poisson/materiel-chauffage-filtres-et-pompes/masse-de-filtration/68880-mousse-90-120-30ppi.html
68881-68881;1436810;188;20170125;https://www.jardiland.com/animaux/poisson/materiel-chauffage-filtres-et-pompes/masse-de-filtration/68881-mousse-40-60-30ppi.html
68882-68882;1436809;188;20170125;https://www.jardiland.com/animaux/poisson/materiel-chauffage-filtres-et-pompes/masse-de-filtration/68882-mousse-30ppi.html
82830-75472;1481080;188;20170125;https://www.jardiland.com/animaux/poisson/materiel-chauffage-filtres-et-pompes/filtre-exterieur/82830-jard-tuyau-predecoupe-2-5m.html
67605-67605;1476253;188;20170125;https://www.jardiland.com/animaux/poisson/materiel-chauffage-filtres-et-pompes/chauffage/67605-jard-thermometre-digital-exterieur.html
67941-67941;1473550;188;20170125;https://www.jardiland.com/animaux/poisson/materiel-chauffage-filtres-et-pompes/nettoyage-aquarium/67941-jard-epuisette-ronde-10cm.html
82675-76170;1477947;188;20170125;https://www.jardiland.com/animaux/poisson/materiel-chauffage-filtres-et-pompes/nettoyage-aquarium/82675-jard-aimant-anti-algues.html
68778-68778;1440470;188;20170125;https://www.jardiland.com/animaux/poisson/materiel-chauffage-filtres-et-pompes/filtre-interieur/68778-filtre-interieur-cf80-1.html
68883-68883;1436805;188;20170125;https://www.jardiland.com/animaux/poisson/materiel-chauffage-filtres-et-pompes/masse-de-filtration/68883-crystal-90-120-x6-1.html
68884-68884;1436804;188;20170125;https://www.jardiland.com/animaux/poisson/materiel-chauffage-filtres-et-pompes/masse-de-filtration/68884-crystal-90-120-x2-1.html
68885-68885;1436802;188;20170125;https://www.jardiland.com/animaux/poisson/materiel-chauffage-filtres-et-pompes/masse-de-filtration/68885-crystal-40-60-x2-1.html
68886-68886;1436801;188;20170125;https://www.jardiland.com/animaux/poisson/materiel-chauffage-filtres-et-pompes/masse-de-filtration/68886-crystal-20-x6-1.html
68887-68887;1436800;188;20170125;https://www.jardiland.com/animaux/poisson/materiel-chauffage-filtres-et-pompes/masse-de-filtration/68887-crystal-20-x2-1.html
32481-12995;1400974;188;20170125;https://www.jardiland.com/animaux/poisson/materiel-chauffage-filtres-et-pompes/chauffage/32481-chauffage-aquarium-tetra-proline.html
68866-68866;1437453;188;20170125;https://www.jardiland.com/animaux/poisson/materiel-chauffage-filtres-et-pompes/masse-de-filtration/68866-cartouche-waterclear-taille-s-x2-1.html
81806-73683;1014813;188;20170125;https://www.jardiland.com/animaux/poisson/decoration-pour-aquarium/plante-artificielle/81806-suspension-mm-3-brins.html
67559-67559;1477813;188;20170125;https://www.jardiland.com/animaux/poisson/decoration-pour-aquarium/plante-artificielle/67559-suspension-bambou.html
81339-72810;1453022;188;20170125;https://www.jardiland.com/animaux/poisson/decoration-pour-aquarium/sable-et-autres-graviers/81339-quartz-fluo-pour-aquarium-1-kg.html
81339-72805;1453026;188;20170125;https://www.jardiland.com/animaux/poisson/decoration-pour-aquarium/sable-et-autres-graviers/81339-quartz-fluo-pour-aquarium-1-kg.html
81339-72804;1453023;188;20170125;https://www.jardiland.com/animaux/poisson/decoration-pour-aquarium/sable-et-autres-graviers/81339-quartz-fluo-pour-aquarium-1-kg.html
81339-72801;1453025;188;20170125;https://www.jardiland.com/animaux/poisson/decoration-pour-aquarium/sable-et-autres-graviers/81339-quartz-fluo-pour-aquarium-1-kg.html
32432-27122;867705;188;20170125;https://www.jardiland.com/animaux/poisson/decoration-pour-aquarium/sable-et-autres-graviers/32432-quartz-3-litres.html
32432-27119;867701;188;20170125;https://www.jardiland.com/animaux/poisson/decoration-pour-aquarium/sable-et-autres-graviers/32432-quartz-3-litres.html
70209-70209;1407979;188;20170125;https://www.jardiland.com/animaux/poisson/decoration-pour-aquarium/plante-artificielle/70209-massif-mm-mauve.html
68668-68668;1453038;188;20170125;https://www.jardiland.com/animaux/poisson/decoration-pour-aquarium/sable-et-autres-graviers/68668-jard-sable-blanc-fin-15kg.html
72039-72039;1014825;188;20170125;https://www.jardiland.com/animaux/poisson/decoration-pour-aquarium/plante-artificielle/72039-feuillage-mm-2-brins-bambou.html
68675-68675;1451101;188;20170125;https://www.jardiland.com/animaux/poisson/decoration-pour-aquarium/plante-artificielle/68675-display-arbre-vert-mm.html
70774-70774;1365613;188;20170125;https://www.jardiland.com/animaux/poisson/decoration-pour-aquarium/plante-artificielle/70774-display-arbre-gm-par-26-1.html
68691-68691;1445590;188;20170125;https://www.jardiland.com/animaux/poisson/decoration-pour-aquarium/plante-artificielle/68691-decors-assortis.html
32410-6548;1014741;188;20170125;https://www.jardiland.com/animaux/poisson/decoration-pour-aquarium/plante-artificielle/32410-decor-pour-aquarium-buisson-fleur.html
70150-70150;1408758;188;20170125;https://www.jardiland.com/animaux/poisson/decoration-pour-aquarium/plante-artificielle/70150-decor-marin-bambou.html
67552-67552;1477828;188;20170125;https://www.jardiland.com/animaux/poisson/decoration-pour-aquarium/plante-artificielle/67552-decor-fluo.html
67551-67551;1477829;188;20170125;https://www.jardiland.com/animaux/poisson/decoration-pour-aquarium/plante-artificielle/67551-decor-ecrevisse.html
67555-67555;1477822;188;20170125;https://www.jardiland.com/animaux/poisson/decoration-pour-aquarium/plante-artificielle/67555-decor-corail.html
67553-67553;1477827;188;20170125;https://www.jardiland.com/animaux/poisson/decoration-pour-aquarium/plante-artificielle/67553-cabomba-mm.html
67550-67550;1477836;188;20170125;https://www.jardiland.com/animaux/poisson/decoration-pour-aquarium/plante-artificielle/67550-cabomba-gm.html
67566-67566;1477802;188;20170125;https://www.jardiland.com/animaux/poisson/decoration-pour-aquarium/plante-artificielle/67566-boule-pampa-gm.html
67554-67554;1477823;188;20170125;https://www.jardiland.com/animaux/poisson/decoration-pour-aquarium/plante-artificielle/67554-barre-sprengeri.html
65031-78987;1487298;188;20170125;https://www.jardiland.com/animaux/poisson/aquariums/aquarium-pour-poisson-d-eau-froide/65031-aquarium-inwa-start40-pack-pur.html
82671-73638;1254737;188;20170125;https://www.jardiland.com/animaux/poisson/aquariums/aquarium-decoratif/82671-aquarium-bombe-20x20x20cm-1-kg-de-sable.html
32378-9354;1295298;188;20170125;https://www.jardiland.com/animaux/poisson/aquariums/aquarium-decoratif/32378-aquarium-betta-life.html
