ID_WEB;ID_JDN;CODEMAG;DATE_ASPI;URLPRODUIT
81447-81046;982344;6;20170130;https://www.jardiland.com/maison-deco/beaute-bien-tre/cosmetiques/huile-essentielle/81447-huile-essentielle.html
68186-68186;1463870;6;20170130;https://www.jardiland.com/maison-deco/epicerie-fine/epicerie-sucree/confiserie/68186-sucette-ronde-noel-panache-25g.html
32896-15382;547088;6;20170130;https://www.jardiland.com/maison-deco/epicerie-fine/epicerie-sucree/confiture/32896-marmelade.html
69661-69661;1432067;6;20170130;https://www.jardiland.com/maison-deco/art-de-la-table/linge-de-table/set-de-table/69661-set-de-table-uni-vert-33x48cm.html
69659-69659;1432069;6;20170130;https://www.jardiland.com/maison-deco/art-de-la-table/linge-de-table/set-de-table/69659-set-de-table-uni-taupe-33x48cm.html
69658-69658;1432070;6;20170130;https://www.jardiland.com/maison-deco/art-de-la-table/linge-de-table/set-de-table/69658-set-de-table-uni-orange-33x48cm.html
69660-69660;1432068;6;20170130;https://www.jardiland.com/maison-deco/art-de-la-table/linge-de-table/set-de-table/69660-set-de-table-uni-gris-33x48cm.html
69677-69677;1432051;6;20170130;https://www.jardiland.com/maison-deco/art-de-la-table/linge-de-table/set-de-table/69677-set-de-table-gris-33x48cm.html
69679-69679;1432049;6;20170130;https://www.jardiland.com/maison-deco/art-de-la-table/linge-de-table/chemin-de-table/69679-chemin-de-table-gris-40x140cm.html
1903-1903;1327043;6;20170130;https://www.jardiland.com/maison-deco/art-de-la-table/vaisselle/vaisselle-decoree/1903-assiette-en-verre-o-18-cm.html
32844-9031;1294578;6;20170130;https://www.jardiland.com/maison-deco/cache-pot-d-interieur/a-reserve-d-eau/plastique/32844-pot-a-reserve-d-eau-doko.html
69056-69056;1433167;6;20170130;https://www.jardiland.com/maison-deco/cache-pot-d-interieur/cache-pot-simple/contenant-en-metal/69056-jardiniere-rect-gris-fonce-oiseau.html
70701-70701;1378790;6;20170130;https://www.jardiland.com/maison-deco/hygiene-de-la-maison/70701-pot-a-recettes-500ml.html
69855-69855;1409903;6;20170130;https://www.jardiland.com/maison-deco/mobilier-d-interieur/69855-chaise-49x40x92cm.html
69139-69139;1433044;6;20170130;https://www.jardiland.com/maison-deco/objets-de-decoration/autres-objets-de-decoration/autres-objets-de-decoration/69139-pot-a-suspendre-orange-d17x17cm.html
70497-70497;1395422;6;20170130;https://www.jardiland.com/maison-deco/objets-de-decoration/autres-objets-de-decoration/autres-objets-de-decoration/70497-pomme-blanche-en-fibre-20x22-1.html
68702-68702;1443611;6;20170130;https://www.jardiland.com/maison-deco/objets-de-decoration/autres-objets-de-decoration/mobile-carillon/68702-pluviometre-animaux-jungle-2-1.html
70515-70515;1395348;6;20170130;https://www.jardiland.com/maison-deco/objets-de-decoration/autres-objets-de-decoration/autres-objets-de-decoration/70515-plateau-4-pots-en-terre-cuite-31x31x14-1.html
69862-69862;1409886;6;20170130;https://www.jardiland.com/maison-deco/objets-de-decoration/autres-objets-de-decoration/panier/69862-panieres-ovales-gm.html
69095-69095;1433120;6;20170130;https://www.jardiland.com/maison-deco/objets-de-decoration/autres-objets-de-decoration/autres-objets-de-decoration/69095-paniere-metal-a-suspendre-37x15x27cm.html
70450-70450;1395589;6;20170130;https://www.jardiland.com/maison-deco/objets-de-decoration/autres-objets-de-decoration/panier/70450-paniere-en-jacinthe-bicolore-53x33x28-1.html
70451-70451;1395586;6;20170130;https://www.jardiland.com/maison-deco/objets-de-decoration/autres-objets-de-decoration/panier/70451-paniere-en-jacinthe-bicolore-39x26x22-1.html
69126-69126;1433085;6;20170130;https://www.jardiland.com/maison-deco/objets-de-decoration/autres-objets-de-decoration/autres-objets-de-decoration/69126-panier-a-supendre-x3-25x140cm.html
69124-69124;1433087;6;20170130;https://www.jardiland.com/maison-deco/objets-de-decoration/autres-objets-de-decoration/autres-objets-de-decoration/69124-jardiniere-rect-a-suspendre-30x15x76cm.html
70493-70493;1395427;6;20170130;https://www.jardiland.com/maison-deco/objets-de-decoration/figurines-et-peluches/figurine/70493-bain-d-oiseau-sur-pied-22x35-5-1.html
70986-70986;1351340;6;20170130;https://www.jardiland.com/maison-deco/objets-de-decoration/rangement-boites-et-paniers/coffret-et-boite-de-rangement/70986-boite-a-sel-de-ma-vie-bleu.html
70665-70665;1382986;6;20170130;https://www.jardiland.com/maison-deco/objets-de-decoration/plantes-artificielles/tige-fleurie/70665-bambou-50cm.html
69157-69157;1433015;6;20170130;https://www.jardiland.com/maison-deco/objets-de-decoration/vases-coupes-et-accessoires/pot-et-coupe/69157-vase-ceramique-blanc-noir-20x40cm.html
69334-69334;1429141;6;20170130;https://www.jardiland.com/maison-deco/objets-de-decoration/vases-coupes-et-accessoires/pot-et-coupe/69334-cloche-verre-sur-pied-20x20x24cm.html
81462-80471;932813;6;20170130;https://www.jardiland.com/maison-deco/objets-de-decoration/bougies-et-senteurs/diffuseur-de-parfum-et-recharge/81462-huile-parfumee-15ml.html
81462-80470;932807;6;20170130;https://www.jardiland.com/maison-deco/objets-de-decoration/bougies-et-senteurs/diffuseur-de-parfum-et-recharge/81462-huile-parfumee-15ml.html
81462-80468;932820;6;20170130;https://www.jardiland.com/maison-deco/objets-de-decoration/bougies-et-senteurs/diffuseur-de-parfum-et-recharge/81462-huile-parfumee-15ml.html
81462-80453;932818;6;20170130;https://www.jardiland.com/maison-deco/objets-de-decoration/bougies-et-senteurs/diffuseur-de-parfum-et-recharge/81462-huile-parfumee-15ml.html
81462-80449;932842;6;20170130;https://www.jardiland.com/maison-deco/objets-de-decoration/bougies-et-senteurs/diffuseur-de-parfum-et-recharge/81462-huile-parfumee-15ml.html
81462-80447;932830;6;20170130;https://www.jardiland.com/maison-deco/objets-de-decoration/bougies-et-senteurs/diffuseur-de-parfum-et-recharge/81462-huile-parfumee-15ml.html
81462-80446;932823;6;20170130;https://www.jardiland.com/maison-deco/objets-de-decoration/bougies-et-senteurs/diffuseur-de-parfum-et-recharge/81462-huile-parfumee-15ml.html
81462-73253;1443253;6;20170130;https://www.jardiland.com/maison-deco/objets-de-decoration/bougies-et-senteurs/diffuseur-de-parfum-et-recharge/81462-huile-parfumee-15ml.html
81462-73251;1443249;6;20170130;https://www.jardiland.com/maison-deco/objets-de-decoration/bougies-et-senteurs/diffuseur-de-parfum-et-recharge/81462-huile-parfumee-15ml.html
81462-73249;1443247;6;20170130;https://www.jardiland.com/maison-deco/objets-de-decoration/bougies-et-senteurs/diffuseur-de-parfum-et-recharge/81462-huile-parfumee-15ml.html
83514-79528;1484459;6;20170130;https://www.jardiland.com/maison-deco/objets-de-decoration/bougies-et-senteurs/parfum-d-ambiance-diffuseur-a-froid/83514-diffuseur-car-ultimate.html
83514-79526;1484461;6;20170130;https://www.jardiland.com/maison-deco/objets-de-decoration/bougies-et-senteurs/parfum-d-ambiance-diffuseur-a-froid/83514-diffuseur-car-ultimate.html
83514-79525;1484462;6;20170130;https://www.jardiland.com/maison-deco/objets-de-decoration/bougies-et-senteurs/parfum-d-ambiance-diffuseur-a-froid/83514-diffuseur-car-ultimate.html
83514-79524;1484463;6;20170130;https://www.jardiland.com/maison-deco/objets-de-decoration/bougies-et-senteurs/parfum-d-ambiance-diffuseur-a-froid/83514-diffuseur-car-ultimate.html
83509-79560;1484456;6;20170130;https://www.jardiland.com/maison-deco/objets-de-decoration/bougies-et-senteurs/parfum-d-ambiance-diffuseur-a-froid/83509-diffuseur-car-jar.html
83509-79559;1484457;6;20170130;https://www.jardiland.com/maison-deco/objets-de-decoration/bougies-et-senteurs/parfum-d-ambiance-diffuseur-a-froid/83509-diffuseur-car-jar.html
83509-79454;1484454;6;20170130;https://www.jardiland.com/maison-deco/objets-de-decoration/bougies-et-senteurs/parfum-d-ambiance-diffuseur-a-froid/83509-diffuseur-car-jar.html
81353-72910;1449244;6;20170130;https://www.jardiland.com/maison-deco/objets-de-decoration/bougies-et-senteurs/bougie-parfumee/81353-bougie-serviette-moelleuse.html
81326-72908;1449265;6;20170130;https://www.jardiland.com/maison-deco/objets-de-decoration/bougies-et-senteurs/bougie-parfumee/81326-bougie-pain-au-raisin.html
81256-72917;1449184;6;20170130;https://www.jardiland.com/maison-deco/objets-de-decoration/bougies-et-senteurs/bougie-parfumee/81256-bougie-marshmallow-grilles.html
81455-72915;1449163;6;20170130;https://www.jardiland.com/maison-deco/objets-de-decoration/bougies-et-senteurs/bougie-parfumee/81455-bougie-lueur-hivernale.html
82599-72948;1449069;6;20170130;https://www.jardiland.com/maison-deco/objets-de-decoration/bougies-et-senteurs/bougie-parfumee/82599-bougie-lueur-de-miel.html
82599-72941;1449066;6;20170130;https://www.jardiland.com/maison-deco/objets-de-decoration/bougies-et-senteurs/bougie-parfumee/82599-bougie-lueur-de-miel.html
82599-72933;1449065;6;20170130;https://www.jardiland.com/maison-deco/objets-de-decoration/bougies-et-senteurs/bougie-parfumee/82599-bougie-lueur-de-miel.html
81382-72921;1449134;6;20170130;https://www.jardiland.com/maison-deco/objets-de-decoration/bougies-et-senteurs/bougie-parfumee/81382-bougie-lavande.html
81167-72940;1449112;6;20170130;https://www.jardiland.com/maison-deco/objets-de-decoration/bougies-et-senteurs/bougie-parfumee/81167-bougie-fruit-du-dragon-rose.html
81167-72939;1449113;6;20170130;https://www.jardiland.com/maison-deco/objets-de-decoration/bougies-et-senteurs/bougie-parfumee/81167-bougie-fruit-du-dragon-rose.html
81172-72949;1449105;6;20170130;https://www.jardiland.com/maison-deco/objets-de-decoration/bougies-et-senteurs/bougie-parfumee/81172-bougie-framboise-rouge.html
81213-72919;1449170;6;20170130;https://www.jardiland.com/maison-deco/objets-de-decoration/bougies-et-senteurs/bougie-parfumee/81213-bougie-cookie-de-noel.html
81274-72922;1449192;6;20170130;https://www.jardiland.com/maison-deco/objets-de-decoration/bougies-et-senteurs/bougie-parfumee/81274-bougie-au-chaud-dans-la-neige.html
81274-72914;1449191;6;20170130;https://www.jardiland.com/maison-deco/objets-de-decoration/bougies-et-senteurs/bougie-parfumee/81274-bougie-au-chaud-dans-la-neige.html
81274-72907;1449188;6;20170130;https://www.jardiland.com/maison-deco/objets-de-decoration/bougies-et-senteurs/bougie-parfumee/81274-bougie-au-chaud-dans-la-neige.html
83510-79476;1484446;6;20170130;https://www.jardiland.com/maison-deco/objets-de-decoration/bougies-et-senteurs/parfum-d-ambiance-diffuseur-a-froid/83510-batonnet-voiture.html
83510-79474;1484448;6;20170130;https://www.jardiland.com/maison-deco/objets-de-decoration/bougies-et-senteurs/parfum-d-ambiance-diffuseur-a-froid/83510-batonnet-voiture.html
83510-79469;1484445;6;20170130;https://www.jardiland.com/maison-deco/objets-de-decoration/bougies-et-senteurs/parfum-d-ambiance-diffuseur-a-froid/83510-batonnet-voiture.html
2626-2626;1410327;6;20170130;https://www.jardiland.com/maison-deco/objets-de-decoration/bougeoirs-photophores-et-lanternes/bougeoir-et-photophore-deco/2626-set-photophores-et-plateau-filou.html
32324-12865;1398652;6;20170130;https://www.jardiland.com/animaux/oiseau-de-la-nature/alimentation/32324-granules-de-suif-aux-fruits-rouges.html
81734-73126;1455307;6;20170130;https://www.jardiland.com/animaux/reptiles-et-insectes/alimentation/boite-et-lyophilisee/81734-sera-reptil-pro-herbivor.html
82397-75058;1468974;6;20170130;https://www.jardiland.com/animaux/oiseau/cages-volieres-et-accessoires/voliere/82397-cage-arabesque-jeanne.html
82541-73370;1440836;6;20170130;https://www.jardiland.com/animaux/oiseau/alimentation-et-friandises/friandise/82541-crunchy-stick-perruche.html
82541-73362;1440837;6;20170130;https://www.jardiland.com/animaux/oiseau/alimentation-et-friandises/friandise/82541-crunchy-stick-perruche.html
82541-73361;1440838;6;20170130;https://www.jardiland.com/animaux/oiseau/alimentation-et-friandises/friandise/82541-crunchy-stick-perruche.html
82540-73363;1440834;6;20170130;https://www.jardiland.com/animaux/oiseau/alimentation-et-friandises/friandise/82540-crunchy-stick-perroquet.html
82540-73360;1440833;6;20170130;https://www.jardiland.com/animaux/oiseau/alimentation-et-friandises/friandise/82540-crunchy-stick-perroquet.html
82538-73366;1440830;6;20170130;https://www.jardiland.com/animaux/oiseau/alimentation-et-friandises/friandise/82538-crunchy-stick-grande-perruche.html
82538-73365;1440831;6;20170130;https://www.jardiland.com/animaux/oiseau/alimentation-et-friandises/friandise/82538-crunchy-stick-grande-perruche.html
82536-73368;1440827;6;20170130;https://www.jardiland.com/animaux/oiseau/alimentation-et-friandises/friandise/82536-crunchy-stick-exotique.html
82536-73367;1440828;6;20170130;https://www.jardiland.com/animaux/oiseau/alimentation-et-friandises/friandise/82536-crunchy-stick-exotique.html
82522-73364;1440823;6;20170130;https://www.jardiland.com/animaux/oiseau/alimentation-et-friandises/friandise/82522-crunchy-stick-canari.html
82522-73356;1440824;6;20170130;https://www.jardiland.com/animaux/oiseau/alimentation-et-friandises/friandise/82522-crunchy-stick-canari.html
68269-68269;1463240;6;20170130;https://www.jardiland.com/animaux/poisson/materiel-chauffage-filtres-et-pompes/aeration/68269-tuyau-a-air-cristal-2-5m.html
68266-68266;1463243;6;20170130;https://www.jardiland.com/animaux/poisson/materiel-chauffage-filtres-et-pompes/chauffage/68266-thermometre-de-precision.html
68891-68891;1436795;6;20170130;https://www.jardiland.com/animaux/poisson/materiel-chauffage-filtres-et-pompes/filtre-interieur/68891-new-rena-superclean-20-1.html
81621-73025;1457276;6;20170130;https://www.jardiland.com/animaux/poisson/materiel-chauffage-filtres-et-pompes/aeration/81621-new-rena-air.html
81621-73024;1457275;6;20170130;https://www.jardiland.com/animaux/poisson/materiel-chauffage-filtres-et-pompes/aeration/81621-new-rena-air.html
68880-68880;1436811;6;20170130;https://www.jardiland.com/animaux/poisson/materiel-chauffage-filtres-et-pompes/masse-de-filtration/68880-mousse-90-120-30ppi.html
82830-75472;1481080;6;20170130;https://www.jardiland.com/animaux/poisson/materiel-chauffage-filtres-et-pompes/filtre-exterieur/82830-jard-tuyau-predecoupe-2-5m.html
82830-75470;1481079;6;20170130;https://www.jardiland.com/animaux/poisson/materiel-chauffage-filtres-et-pompes/filtre-exterieur/82830-jard-tuyau-predecoupe-2-5m.html
67606-67606;1476251;6;20170130;https://www.jardiland.com/animaux/poisson/materiel-chauffage-filtres-et-pompes/nettoyage-aquarium/67606-jard-aspirateur-a-piles.html
68886-68886;1436801;6;20170130;https://www.jardiland.com/animaux/poisson/materiel-chauffage-filtres-et-pompes/masse-de-filtration/68886-crystal-20-x6-1.html
81339-72810;1453022;6;20170130;https://www.jardiland.com/animaux/poisson/decoration-pour-aquarium/sable-et-autres-graviers/81339-quartz-fluo-pour-aquarium-1-kg.html
81339-72806;1453027;6;20170130;https://www.jardiland.com/animaux/poisson/decoration-pour-aquarium/sable-et-autres-graviers/81339-quartz-fluo-pour-aquarium-1-kg.html
81339-72805;1453026;6;20170130;https://www.jardiland.com/animaux/poisson/decoration-pour-aquarium/sable-et-autres-graviers/81339-quartz-fluo-pour-aquarium-1-kg.html
81339-72804;1453023;6;20170130;https://www.jardiland.com/animaux/poisson/decoration-pour-aquarium/sable-et-autres-graviers/81339-quartz-fluo-pour-aquarium-1-kg.html
81339-72801;1453025;6;20170130;https://www.jardiland.com/animaux/poisson/decoration-pour-aquarium/sable-et-autres-graviers/81339-quartz-fluo-pour-aquarium-1-kg.html
81331-72803;1453015;6;20170130;https://www.jardiland.com/animaux/poisson/decoration-pour-aquarium/sable-et-autres-graviers/81331-jard-quartz-deco-1kg.html
65034-65011;1487307;6;20170130;https://www.jardiland.com/animaux/poisson/aquariums/aquarium-pour-poisson-d-eau-chaude/65034-aquarium-led-confort-60-1.html
65031-78987;1487298;6;20170130;https://www.jardiland.com/animaux/poisson/aquariums/aquarium-pour-poisson-d-eau-froide/65031-aquarium-inwa-start40-pack-pur.html
68256-68256;1465507;6;20170130;https://www.jardiland.com/animaux/basse-cour/aliments/complement-nutritionnel/68256-pack-vers-o-net-volaille-2x250ml.html
70290-70290;1398789;6;20170130;https://www.jardiland.com/animaux/chat/soins-antiparasitaires/accessoires-antiparasitaires/70290-jd-peigne-anti-puces-chat-double-rang.html
31804-15208;542906;6;20170130;https://www.jardiland.com/animaux/chat/colliers-laisses-et-harnais/laisse/31804-laisse-pour-chat-poisson.html
69473-69473;1418531;6;20170130;https://www.jardiland.com/animaux/chat/jeux-et-jouets/69473-canne-a-peche-rumy-55-cm.html
82468-73357;1440193;6;20170130;https://www.jardiland.com/animaux/chat/arbres-a-chat-et-griffoirs/griffoir/82468-griffoir-en-carton-46x22x20cm.html
69470-69470;1418908;6;20170130;https://www.jardiland.com/animaux/chat/hygiene-soins-et-litieres/soins-pour-chat/69470-feliway-recharge-48ml.html
81279-73162;1438356;6;20170130;https://www.jardiland.com/animaux/chat/hygiene-soins-et-litieres/soins-pour-chat/81279-bogadent-dental-enzyme-chips-cat-50g.html
62895-62858;1439155;6;20170130;https://www.jardiland.com/animaux/chat/alimentation-et-friandises/boite-et-sachet-fraicheur/62895-schesir-patee-pour-chats-70-g.html
82905-73163;1437836;6;20170130;https://www.jardiland.com/animaux/rongeurs-et-petits-mammiferes/jouets-et-exercices/roue-tube-et-autres-accessoires-de-jeux/82905-balle-avec-clochette.html
32611-14987;537282;6;20170130;https://www.jardiland.com/animaux/rongeurs-et-petits-mammiferes/habitats-cages-et-accessoires/abreuvoir-et-gamelle/32611-ecuelle-en-plastique.html
5280-5280;972186;6;20170130;https://www.jardiland.com/animaux/rongeurs-et-petits-mammiferes/habitats-cages-et-accessoires/cage/5280-cage-cochons-d-inde-nero-2-deluxe.html
82747-74794;1474197;6;20170130;https://www.jardiland.com/animaux/rongeurs-et-petits-mammiferes/aliments-et-friandises/friandise/82747-crunchy-pearls-45g.html
82747-74788;1474195;6;20170130;https://www.jardiland.com/animaux/rongeurs-et-petits-mammiferes/aliments-et-friandises/friandise/82747-crunchy-pearls-45g.html
1024-1024;1336281;6;20170130;https://www.jardiland.com/animaux/chien/hygiene-et-soins/soin-de-toilettage/1024-shampooing-anti-odeurs-pour-chien.html
70289-70289;1398797;6;20170130;https://www.jardiland.com/animaux/chien/hygiene-et-soins/soin-de-toilettage/70289-jd-brosse-de-massage.html
32162-29861;957273;6;20170130;https://www.jardiland.com/animaux/chien/hygiene-et-soins/soin-de-toilettage/32162-brosse-de-massage.html
32163-12879;1398777;6;20170130;https://www.jardiland.com/animaux/chien/hygiene-et-soins/soin-de-toilettage/32163-brosse-carde.html
54386-56071;1434630;6;20170130;https://www.jardiland.com/animaux/chien/colliers-laisses-et-vetements/collier-pour-chien/54386-collier-nylon.html
81785-81157;970129;6;20170130;https://www.jardiland.com/animaux/chien/colliers-laisses-et-vetements/collier-pour-chien/81785-collier-etrangleur-metal.html
50903-41355;1402296;6;20170130;https://www.jardiland.com/animaux/chien/niches-couchage-et-transport/corbeille/50903-corbeille-pour-chien-petra.html
65030-65009;1485052;6;20170130;https://www.jardiland.com/animaux/chien/alimentation-et-friandises/biscuit/65030-petits-fourres-au-saumon-et-aux-algues-400-g.html
65030-64990;1485055;6;20170130;https://www.jardiland.com/animaux/chien/alimentation-et-friandises/biscuit/65030-petits-fourres-au-saumon-et-aux-algues-400-g.html
68820-68820;1438871;6;20170130;https://www.jardiland.com/animaux/chien/alimentation-et-friandises/biscuit/68820-pedigree-sa-recompense-bouchee-moel-130g.html
65029-65008;1485045;6;20170130;https://www.jardiland.com/animaux/chien/alimentation-et-friandises/biscuit/65029-friandises-macarons-pour-chiens.html
65029-65007;1485044;6;20170130;https://www.jardiland.com/animaux/chien/alimentation-et-friandises/biscuit/65029-friandises-macarons-pour-chiens.html
82284-75390;1469342;6;20170130;https://www.jardiland.com/animaux/chien/alimentation-et-friandises/biscuit/82284-feedeez-oreilles-porc.html
40942-40942;1432755;6;20170130;https://www.jardiland.com/animaux/chien/alimentation-et-friandises/biscuit/40942-cube-de-biscuits-croquant-pour-chien-330-g.html
66609-66609;640094;6;20170130;https://www.jardiland.com/amenagement-du-jardin/bassins-et-jardin-aquatique/materiel/66609-pompe-elimax-4000-1.html
66274-66274;695309;6;20170130;https://www.jardiland.com/amenagement-du-jardin/pots-bacs-jardinieres-et-supports/tuteurs-et-supports-de-plante/treillage/66274-treil-durban-exobois-rouge-60x180cm.html
66529-66529;572471;6;20170130;https://www.jardiland.com/amenagement-du-jardin/pots-bacs-jardinieres-et-supports/tuteurs-et-supports-de-plante/support-pour-pot-et-balconniere/66529-sachet-4-roulettes-noir-d3-5-cm.html
36747-36747;1251401;6;20170130;https://www.jardiland.com/amenagement-du-jardin/pots-bacs-jardinieres-et-supports/tuteurs-et-supports-de-plante/treillage/36747-greenly.html
66496-66496;572816;6;20170130;https://www.jardiland.com/amenagement-du-jardin/pots-bacs-jardinieres-et-supports/tuteurs-et-supports-de-plante/tuteur/66496-fixation-murale-x2-1.html
66516-66516;572673;6;20170130;https://www.jardiland.com/amenagement-du-jardin/pots-bacs-jardinieres-et-supports/tuteurs-et-supports-de-plante/tuteur/66516-coupleur-wing-clip.html
66271-66271;697606;6;20170130;https://www.jardiland.com/amenagement-du-jardin/pots-bacs-jardinieres-et-supports/tuteurs-et-supports-de-plante/accessoires-de-fixation/66271-coupleur-6-trous-resine-vert.html
66272-66272;697528;6;20170130;https://www.jardiland.com/amenagement-du-jardin/pots-bacs-jardinieres-et-supports/tuteurs-et-supports-de-plante/tuteur/66272-anneau-central-1-3-cercle-60cm-metal-vt.html
82786-73235;1430012;6;20170130;https://www.jardiland.com/amenagement-du-jardin/pots-bacs-jardinieres-et-supports/en-plastique/82786-soucoupe-jard-granromeo.html
31512-6623;1015708;6;20170130;https://www.jardiland.com/amenagement-du-jardin/pots-bacs-jardinieres-et-supports/en-plastique/31512-soucoupe-en-plastique-granprisca.html
31549-14205;1429928;6;20170130;https://www.jardiland.com/amenagement-du-jardin/pots-bacs-jardinieres-et-supports/en-plastique/31549-pot-romeo.html
5604-5604;927995;6;20170130;https://www.jardiland.com/amenagement-du-jardin/amenagement/bordures/5604-bordure-en-pierre-imitation-bambou.html
71176-71176;1333072;6;20170130;https://www.jardiland.com/amenagement-du-jardin/barbecues-cuisine-exterieur/autres/accessoires-de-barbecue/71176-pierre-a-pizza-goumet.html
70389-70389;1396481;6;20170130;https://www.jardiland.com/amenagement-du-jardin/barbecues-cuisine-exterieur/autres/accessoires-de-barbecue/70389-housse-luxe-pour-spirit-3-bruleurs.html
5082-5082;730566;6;20170130;https://www.jardiland.com/amenagement-du-jardin/barbecues-cuisine-exterieur/autres/accessoires-de-barbecue/5082-housse-de-luxe-q300-3000-1.html
71008-71008;1350642;6;20170130;https://www.jardiland.com/amenagement-du-jardin/barbecues-cuisine-exterieur/autres/accessoires-de-barbecue/71008-flexible-butane-propane-1-5-m.html
66839-66839;545127;6;20170130;https://www.jardiland.com/amenagement-du-jardin/barbecues-cuisine-exterieur/autres/accessoires-de-barbecue/66839-double-manique-aluminisee-jean-noir.html
71006-71006;1350644;6;20170130;https://www.jardiland.com/amenagement-du-jardin/barbecues-cuisine-exterieur/autres/accessoires-de-barbecue/71006-detendeur-propane.html
71007-71007;1350643;6;20170130;https://www.jardiland.com/amenagement-du-jardin/barbecues-cuisine-exterieur/autres/accessoires-de-barbecue/71007-detendeur-butane-avec-tetine.html
2018-2018;1348750;6;20170130;https://www.jardiland.com/amenagement-du-jardin/barbecues-cuisine-exterieur/a-gaz/2018-barbecue-a-gaz-4-series-rbs-lxs.html
82142-72363;1394529;6;20170130;https://www.jardiland.com/amenagement-du-jardin/eclairage-et-chauffage-d-exterieur/bougies-d-exterieur/82142-bougie-pot-s.html
66260-66260;715454;6;20170130;https://www.jardiland.com/amenagement-du-jardin/mobilier-de-jardin/salon-de-jardin/housse-de-protection/66260-protecteur-mobilier-resine-1l.html
36786-36786;923000;6;20170130;https://www.jardiland.com/jardinage/outils-et-materiel-du-jardinier/grands-outils-de-jardin/binette-houe-et-serfouette/36786-binette-duo-pro.html
65782-65782;877389;6;20170130;https://www.jardiland.com/jardinage/entretien-et-traitements/traitements-des-plantes-et-lutte-bio/lutte-contre-les-maladies/65782-anti-pourritures-8x1-25g.html
82724-74482;1312758;6;20170130;https://www.jardiland.com/jardinage/entretien-et-traitements/desherbants/desherbant-total/82724-desherbant-radicalr.html
32697-53142;1401615;6;20170130;https://www.jardiland.com/jardinage/entretien-et-traitements/engrais/engrais-pour-arbres-et-fleurs-du-jardin/32697-engrais-geraniums-et-balconnieres.html
82678-72902;1444428;6;20170130;https://www.jardiland.com/jardinage/entretien-et-traitements/engrais/engrais-pour-gazon/82678-engrais-gazon.html
32778-53132;1373573;6;20170130;https://www.jardiland.com/jardinage/entretien-et-traitements/engrais/engrais-pour-arbres-et-fleurs-du-jardin/32778-engrais-complet-double-actions.html
66794-66794;556346;6;20170130;https://www.jardiland.com/plantes/sapins-de-noel/sapins-artificiels/sapin-artificiel-vert/66794-sapin-norway-vert-h60cm.html
82836-76042;1474997;6;20170130;https://www.jardiland.com/plantes/sapins-de-noel/sapins-de-noel-floques/82836-picea-pungens-super-blue.html
59622-60886;812625;6;20170130;https://www.jardiland.com/plantes/sapins-de-noel/supports-pieds-et-accessoires-de-sapin/59622-houx-coupe-ilex-aquifolium.html
36119-24098;735372;6;20170130;https://www.jardiland.com/plantes/plantes-d-interieur/plantes-vertes/tradescantia/36119-tradescantia.html
82345-75897;1475796;6;20170130;https://www.jardiland.com/plantes/plantes-d-interieur/plantes-vertes/autres-plantes-vertes/82345-plante-verte-mixte.html
82421-74311;1282235;6;20170130;https://www.jardiland.com/plantes/plantes-d-interieur/orchidees/phalaenopsis/82421-compos-int-phalaeno-165055-1.html
84349-77447;691058;6;20170130;https://www.jardiland.com/plantes/plantes-d-interieur/plantes-fleuries/nepenthes/84349-nepenthes.html
35784-20483;632097;6;20170130;https://www.jardiland.com/plantes/plantes-d-interieur/plantes-fleuries/gardenia/35784-gardenia-jasminoides-augusta.html
83330-78502;811540;6;20170130;https://www.jardiland.com/plantes/plantes-d-interieur/plantes-fleuries/campanule/83330-campanula-get-mee.html
53880-53880;1013828;6;20170130;https://www.jardiland.com/plantes/graines-et-gazon/gazon-et-prairies-fleuries/prairie-fleurie/53880-prairie-fleurie-talus.html
46836-46836;1252920;6;20170130;https://www.jardiland.com/plantes/graines-et-gazon/gazon-et-prairies-fleuries/prairie-fleurie/46836-melange-pour-gibier-100-me.html
36911-36911;682970;6;20170130;https://www.jardiland.com/plantes/graines-et-gazon/graines-ludiques-et-kits/kits-et-ludiques/36911-jardiniere-soucoupe-fraisiers.html
46406-46406;564551;6;20170130;https://www.jardiland.com/plantes/graines-et-gazon/graines-potageres-et-aromatiques/radis-navets-carottes-et-autres-racines/46406-navet-de-croissy.html
4351-4351;566033;6;20170130;https://www.jardiland.com/plantes/graines-et-gazon/graines-potageres-et-aromatiques/haricots/4351-haricot-nain-a-ecosser-tregor-200-g.html
46683-46683;1252075;6;20170130;https://www.jardiland.com/plantes/graines-et-gazon/graines-potageres-et-aromatiques/haricots/46683-haricot-nain-a-ecosser-antare-200-g.html
46490-46490;564352;6;20170130;https://www.jardiland.com/plantes/graines-et-gazon/graines-potageres-et-aromatiques/choux/46490-chou-navet-rutabaga-wilhemsburger-jaune-a-collet-vert.html
46431-46431;564497;6;20170130;https://www.jardiland.com/plantes/graines-et-gazon/graines-potageres-et-aromatiques/choux/46431-chou-fleur-mayfair-hybride-f1-1.html
46400-46400;564636;6;20170130;https://www.jardiland.com/plantes/graines-et-gazon/graines-potageres-et-aromatiques/choux/46400-chou-de-bruxelles-genius-hybride-f1-1.html
36562-6179;1004056;6;20170130;https://www.jardiland.com/plantes/potager-et-verger/fruitiers/vigne/36562-vigne-muscat-bleu.html
46085-45040;597607;6;20170130;https://www.jardiland.com/plantes/potager-et-verger/fruitiers/prunier/46085-prunier-mirabelle-de-nancy.html
42018-18024;593182;6;20170130;https://www.jardiland.com/plantes/potager-et-verger/fruitiers/nashi/42018-nashi-shinseiki.html
36486-30327;971886;6;20170130;https://www.jardiland.com/plantes/potager-et-verger/fruitiers/kiwai/36486-actinidia-arguta-femelle-kiwai.html
41975-15882;578810;6;20170130;https://www.jardiland.com/plantes/potager-et-verger/fruitiers/abricotier/41975-abricotier-polonais.html
33393-26456;847194;6;20170130;https://www.jardiland.com/plantes/potager-et-verger/plantes-aromatiques/lavande/33393-lavande-papillon-willow-vale.html
33376-48542;1427754;6;20170130;https://www.jardiland.com/plantes/potager-et-verger/plantes-aromatiques/lavande/33376-lavande-little-lady.html
33952-29632;951848;6;20170130;https://www.jardiland.com/plantes/arbres-et-arbustes-d-ornement/coniferes/cypres-de-leyland/33952-x-cupressocyparis-leylandii-2001-1.html
82483-77255;1462473;6;20170130;https://www.jardiland.com/plantes/arbres-et-arbustes-d-ornement/coniferes/thuya/82483-thuja-plic-martin.html
33982-17211;590253;6;20170130;https://www.jardiland.com/plantes/arbres-et-arbustes-d-ornement/coniferes/genevrier/33982-juniperus-x-pfitzeriana-mint-julep.html
33970-17521;590068;6;20170130;https://www.jardiland.com/plantes/arbres-et-arbustes-d-ornement/coniferes/genevrier/33970-juniperus-chinensis-stricta.html
33941-16871;586600;6;20170130;https://www.jardiland.com/plantes/arbres-et-arbustes-d-ornement/coniferes/cypres/33941-cupressus-sempervirens-totem.html
41559-16853;586456;6;20170130;https://www.jardiland.com/plantes/arbres-et-arbustes-d-ornement/coniferes/cypres/41559-cupressus-arizonica-fastigiata.html
33847-55760;1008225;6;20170130;https://www.jardiland.com/plantes/arbres-et-arbustes-d-ornement/buis-et-topiaires/buis/33847-buis-commun.html
33847-16174;581751;6;20170130;https://www.jardiland.com/plantes/arbres-et-arbustes-d-ornement/buis-et-topiaires/buis/33847-buis-commun.html
34468-8471;1267962;6;20170130;https://www.jardiland.com/plantes/arbres-et-arbustes-d-ornement/plantes-grimpantes/lierre/34468-lierre-commun.html
34439-19454;602502;6;20170130;https://www.jardiland.com/plantes/arbres-et-arbustes-d-ornement/plantes-grimpantes/glycine/34439-glycine-multijuga.html
34416-7432;1231204;6;20170130;https://www.jardiland.com/plantes/arbres-et-arbustes-d-ornement/plantes-grimpantes/clematite/34416-clematite-montana-vare-wilsonii.html
34388-7689;1243713;6;20170130;https://www.jardiland.com/plantes/arbres-et-arbustes-d-ornement/plantes-grimpantes/clematite/34388-clematite.html
34365-17616;592086;6;20170130;https://www.jardiland.com/plantes/arbres-et-arbustes-d-ornement/plantes-grimpantes/chevrefeuille/34365-chevrefeuille-de-henry.html
34349-16286;582849;6;20170130;https://www.jardiland.com/plantes/arbres-et-arbustes-d-ornement/plantes-grimpantes/bignone/34349-bignone-mme-galen.html
41846-37838;1227943;6;20170130;https://www.jardiland.com/plantes/arbres-et-arbustes-d-ornement/rosiers/rosiers-grimpants/41846-rosier-mon-jardin-ma-maisonr-meichavrin-grandes-fleurs.html
41606-30376;972253;6;20170130;https://www.jardiland.com/plantes/arbres-et-arbustes-d-ornement/rosiers/rosiers-buissons/41606-rosier-michelangelor-meitelov-grandes-fleurs.html
57266-57200;851972;6;20170130;https://www.jardiland.com/plantes/arbres-et-arbustes-d-ornement/rosiers/rosiers-buissons/57266-rosier-a-grandes-fleurs.html
41584-45422;993889;6;20170130;https://www.jardiland.com/plantes/arbres-et-arbustes-d-ornement/plantes-de-terre-de-bruyere/rhododendron/41584-rhododendron.html
34249-38820;592423;6;20170130;https://www.jardiland.com/plantes/arbres-et-arbustes-d-ornement/plantes-de-terre-de-bruyere/magnolia/34249-magnolia-susan.html
34249-38799;592418;6;20170130;https://www.jardiland.com/plantes/arbres-et-arbustes-d-ornement/plantes-de-terre-de-bruyere/magnolia/34249-magnolia-susan.html
41567-21114;644168;6;20170130;https://www.jardiland.com/plantes/arbres-et-arbustes-d-ornement/plantes-de-terre-de-bruyere/erable-du-japon/41567-erable-du-japon.html
34056-51975;586769;6;20170130;https://www.jardiland.com/plantes/arbres-et-arbustes-d-ornement/plantes-de-terre-de-bruyere/autres-plantes-de-terre-de-bruyere/34056-daboecia-cantabrica.html
36135-16820;587141;6;20170130;https://www.jardiland.com/plantes/arbres-et-arbustes-d-ornement/plantes-de-terre-de-bruyere/bruyere-erica/36135-bruyere-d-hiver.html
33366-30300;971462;6;20170130;https://www.jardiland.com/plantes/arbres-et-arbustes-d-ornement/arbres-et-arbustes/laurier-palme/33366-prunus-laurocerasus-caucasica-dart-s.html
33566-49791;597544;6;20170130;https://www.jardiland.com/plantes/arbres-et-arbustes-d-ornement/arbres-et-arbustes/potentille/33566-potentilla-fruticosa-red-ace.html
33649-51949;594809;6;20170130;https://www.jardiland.com/plantes/arbres-et-arbustes-d-ornement/arbres-et-arbustes/seringat/33649-philadelphus-lemoinei.html
41546-55879;1457432;6;20170130;https://www.jardiland.com/plantes/arbres-et-arbustes-d-ornement/arbres-et-arbustes/seringat/41546-philadelphus-belle-etoile.html
33313-24368;745838;6;20170130;https://www.jardiland.com/plantes/arbres-et-arbustes-d-ornement/arbres-et-arbustes/hetre/33313-hetre-pourpre-purpurea.html
33293-17232;588156;6;20170130;https://www.jardiland.com/plantes/arbres-et-arbustes-d-ornement/arbres-et-arbustes/genet/33293-genet-porlock.html
33263-22389;675950;6;20170130;https://www.jardiland.com/plantes/arbres-et-arbustes-d-ornement/arbres-et-arbustes/fusain/33263-euonymus-japonicus.html
33248-30325;971821;6;20170130;https://www.jardiland.com/plantes/arbres-et-arbustes-d-ornement/arbres-et-arbustes/fusain/33248-euonymus-fortunei.html
33190-55760;1008225;6;20170130;https://www.jardiland.com/plantes/arbres-et-arbustes-d-ornement/arbres-et-arbustes/erable/33190-erable-champetre.html
33175-16959;586962;6;20170130;https://www.jardiland.com/plantes/arbres-et-arbustes-d-ornement/arbres-et-arbustes/elaeagnus/33175-elaeagnus-x-ebbingei-eleadorr-lannou-pbr.html
33156-31081;997773;6;20170130;https://www.jardiland.com/plantes/arbres-et-arbustes-d-ornement/arbres-et-arbustes/cytise/33156-cytise-commun.html
33142-16734;586079;6;20170130;https://www.jardiland.com/plantes/arbres-et-arbustes-d-ornement/arbres-et-arbustes/cotoneaster/33142-cotoneaster-dammeri.html
33137-22325;674971;6;20170130;https://www.jardiland.com/plantes/arbres-et-arbustes-d-ornement/arbres-et-arbustes/cornouiller/33137-cornouiller-a-bois-jaune-flaviramea.html
