ID_WEB;ID_JDN;CODEMAG;DATE_ASPI;URLPRODUIT
2236-2236;1367544;107;20170115;https://www.jardiland.com/maison-deco/epicerie-fine/epicerie-sucree/biscuit/2236-sables-gourmands-cramberies.html
2235-2235;1367543;107;20170115;https://www.jardiland.com/maison-deco/epicerie-fine/epicerie-sucree/biscuit/2235-sables-gourmands-citron-pavot.html
1874-1874;1319675;107;20170115;https://www.jardiland.com/maison-deco/epicerie-fine/epicerie-sucree/cafe/1874-cafe-moka-d-ethiopie.html
1799-1799;1319666;107;20170115;https://www.jardiland.com/maison-deco/epicerie-fine/epicerie-sucree/cafe/1799-cafe-guatemala.html
437-437;1233761;107;20170115;https://www.jardiland.com/maison-deco/art-de-la-table/vaisselle/vaisselle-decoree/437-assiette-en-verre-a-relief-o-25-cm.html
48244-47466;1405997;107;20170115;https://www.jardiland.com/maison-deco/cache-pot-d-interieur/cache-pot-simple/ceramique/48244-pot-b-for-soft-carre.html
46639-46639;1356197;107;20170115;https://www.jardiland.com/maison-deco/cache-pot-d-interieur/cache-pot-simple/pot-special-bonsai/46639-bac-a-bonzai-rectangulaire.html
48963-48963;1306255;107;20170115;https://www.jardiland.com/maison-deco/hygiene-de-la-maison/48963-terres-de-sommieres.html
41158-41158;1306247;107;20170115;https://www.jardiland.com/maison-deco/hygiene-de-la-maison/41158-sel-d-oseille-acide-oxalique.html
41157-41157;1306241;107;20170115;https://www.jardiland.com/maison-deco/hygiene-de-la-maison/41157-savon-noir-a-l-huile-d-olive.html
41164-41164;1306260;107;20170115;https://www.jardiland.com/maison-deco/hygiene-de-la-maison/41164-savon-de-marseille-en-copeaux.html
48965-48965;1306233;107;20170115;https://www.jardiland.com/maison-deco/hygiene-de-la-maison/48965-bicarbonate-de-soude.html
41183-41183;948799;107;20170115;https://www.jardiland.com/maison-deco/hygiene-de-la-maison/41183-anti-moisissures-special-joints.html
1936-1936;1333880;107;20170115;https://www.jardiland.com/maison-deco/objets-de-decoration/autres-objets-de-decoration/autres-objets-de-decoration/1936-peluche-ours-couche-marron-50-cm.html
51002-51002;1456336;107;20170115;https://www.jardiland.com/maison-deco/objets-de-decoration/rangement-boites-et-paniers/boite-fantaisie/51002-porte-monnaie-faucon-fantastique-rose.html
3300-3300;1413985;107;20170115;https://www.jardiland.com/maison-deco/objets-de-decoration/coussins-et-plaids/coussin/3300-coussins-motifs-animaux.html
2466-2466;1384279;107;20170115;https://www.jardiland.com/maison-deco/objets-de-decoration/plantes-artificielles/bouquet-et-composition/2466-orchidee-glacee-blanche-23-cm.html
3379-3379;1414725;107;20170115;https://www.jardiland.com/maison-deco/objets-de-decoration/plantes-artificielles/tige-fleurie/3379-fleurs-glacees-creme-64-cm.html
32920-9957;1320743;107;20170115;https://www.jardiland.com/maison-deco/objets-de-decoration/bougies-et-senteurs/parfum-d-ambiance-diffuseur-a-froid/32920-recharge-parfum-goatier.html
52724-52724;1432909;107;20170115;https://www.jardiland.com/maison-deco/objets-de-decoration/bougeoirs-photophores-et-lanternes/bougeoir-et-photophore-deco/52724-myron-photophore-blanc.html
52723-52723;1432910;107;20170115;https://www.jardiland.com/maison-deco/objets-de-decoration/bougeoirs-photophores-et-lanternes/bougeoir-et-photophore-deco/52723-myron-photophore-blanc.html
32322-12859;1398626;107;20170115;https://www.jardiland.com/animaux/oiseau-de-la-nature/alimentation/32322-cylindre-de-graisse-avec-support.html
32322-12858;1398625;107;20170115;https://www.jardiland.com/animaux/oiseau-de-la-nature/alimentation/32322-cylindre-de-graisse-avec-support.html
32322-12856;1398623;107;20170115;https://www.jardiland.com/animaux/oiseau-de-la-nature/alimentation/32322-cylindre-de-graisse-avec-support.html
32551-24688;803561;107;20170115;https://www.jardiland.com/animaux/reptiles-et-insectes/soins-et-entretien/sable-et-substrat/32551-jbl-terrasand.html
32543-24630;796390;107;20170115;https://www.jardiland.com/animaux/reptiles-et-insectes/alimentation/boite-et-lyophilisee/32543-jbl-nourriture-tortue.html
32307-9705;1311066;107;20170115;https://www.jardiland.com/animaux/oiseau/cages-volieres-et-accessoires/equipement-de-cage-et-voliere/32307-mangeoire-en-metal-attache.html
32279-38635;538401;107;20170115;https://www.jardiland.com/animaux/oiseau/alimentation-et-friandises/alimentation-quotidienne/32279-menu-pour-tourterelle-prestige.html
42200-42200;544397;107;20170115;https://www.jardiland.com/animaux/poisson/entretien-et-soins/produit-pour-poisson/42200-sera-costapur.html
32494-29876;957351;107;20170115;https://www.jardiland.com/animaux/poisson/materiel-chauffage-filtres-et-pompes/filtre-exterieur/32494-ventouse-crochet-x4-1.html
53406-53406;627678;107;20170115;https://www.jardiland.com/animaux/poisson/materiel-chauffage-filtres-et-pompes/chauffage/53406-thermometre-flottant-pour-aquarium.html
5594-5594;927409;107;20170115;https://www.jardiland.com/animaux/poisson/materiel-chauffage-filtres-et-pompes/masse-de-filtration/5594-jbl-clearmec.html
48914-48876;917518;107;20170115;https://www.jardiland.com/animaux/poisson/materiel-chauffage-filtres-et-pompes/filtre-interieur/48914-filtre-interieur-superclean.html
32536-29890;957388;107;20170115;https://www.jardiland.com/animaux/poisson/materiel-chauffage-filtres-et-pompes/nettoyage-aquarium/32536-epuisette-maille-fine.html
32536-29889;957387;107;20170115;https://www.jardiland.com/animaux/poisson/materiel-chauffage-filtres-et-pompes/nettoyage-aquarium/32536-epuisette-maille-fine.html
53617-53617;1453592;107;20170115;https://www.jardiland.com/animaux/poisson/materiel-chauffage-filtres-et-pompes/aeration/53617-diffuseur-d-air-rectangulaire-14-5-cm.html
32485-14999;537695;107;20170115;https://www.jardiland.com/animaux/poisson/materiel-chauffage-filtres-et-pompes/eclairage/32485-ballast-visilux-1-tube.html
58073-58073;1392935;107;20170115;https://www.jardiland.com/animaux/poisson/decoration-pour-aquarium/decoration-d-aquarium/58073-urne-decor-hieroglyphe.html
32429-27130;867714;107;20170115;https://www.jardiland.com/animaux/poisson/decoration-pour-aquarium/sable-et-autres-graviers/32429-quartz-fluo-1-kg.html
32433-8280;1260997;107;20170115;https://www.jardiland.com/animaux/poisson/decoration-pour-aquarium/sable-et-autres-graviers/32433-quartz-couleur-deco-1-kg.html
32406-9663;1307207;107;20170115;https://www.jardiland.com/animaux/poisson/decoration-pour-aquarium/decoration-d-aquarium/32406-decoration-pour-aquarium-amphore-elephant.html
32420-9594;1304962;107;20170115;https://www.jardiland.com/animaux/poisson/decoration-pour-aquarium/plante-artificielle/32420-decor-pour-aquarium-salicorne.html
32421-9596;1304965;107;20170115;https://www.jardiland.com/animaux/poisson/decoration-pour-aquarium/plante-artificielle/32421-decor-pour-aquarium-salicorne.html
32412-6553;1014794;107;20170115;https://www.jardiland.com/animaux/poisson/decoration-pour-aquarium/plante-artificielle/32412-decor-pour-aquarium-herbe-fine-17-1.html
32423-12377;1386361;107;20170115;https://www.jardiland.com/animaux/poisson/decoration-pour-aquarium/plante-artificielle/32423-decor-pour-aquarium-herbe-algue.html
2059-2059;1350505;107;20170115;https://www.jardiland.com/animaux/poisson/decoration-pour-aquarium/decoration-d-aquarium/2059-decor-pour-aquarium-baignade-interdit.html
32415-29921;958021;107;20170115;https://www.jardiland.com/animaux/poisson/decoration-pour-aquarium/plante-artificielle/32415-decor-bambou-plante-sur-fond.html
2904-2904;1403929;107;20170115;https://www.jardiland.com/animaux/poisson/decoration-pour-aquarium/decoration-d-aquarium/2904-amphore-xxii-slim-de-12-cm.html
32375-9598;1305060;107;20170115;https://www.jardiland.com/animaux/poisson/aquariums/aquarium-decoratif/32375-aquarium-spec-3-1.html
65032-64980;1487301;107;20170115;https://www.jardiland.com/animaux/poisson/aquariums/aquarium-pour-poisson-d-eau-froide/65032-aquarium-led-inwa-start40-pack-pur.html
65032-64979;1487302;107;20170115;https://www.jardiland.com/animaux/poisson/aquariums/aquarium-pour-poisson-d-eau-froide/65032-aquarium-led-inwa-start40-pack-pur.html
32378-10932;1369797;107;20170115;https://www.jardiland.com/animaux/poisson/aquariums/aquarium-decoratif/32378-aquarium-betta-life.html
1137-1137;1256396;107;20170115;https://www.jardiland.com/animaux/poisson/alimentation/pour-poisson-d-eau-chaude/1137-api-guppy-flocons.html
31833-9810;1315053;107;20170115;https://www.jardiland.com/animaux/chat/soins-antiparasitaires/insecticide/31833-advantage-40-pour-chat.html
1295-1295;1288868;107;20170115;https://www.jardiland.com/animaux/chat/jeux-et-jouets/1295-tortue-mecanique.html
467-467;1248167;107;20170115;https://www.jardiland.com/animaux/chat/jeux-et-jouets/467-mix-safari-avec-grelot.html
42165-42165;1283376;107;20170115;https://www.jardiland.com/animaux/chat/jeux-et-jouets/42165-jouet-pour-chat-kitty-fish.html
42164-42164;1283370;107;20170115;https://www.jardiland.com/animaux/chat/jeux-et-jouets/42164-jouet-pour-chat-kitty-balles.html
48686-48686;1436369;107;20170115;https://www.jardiland.com/animaux/chat/hygiene-soins-et-litieres/bac-a-litiere-et-maison-de-toilette/48686-maison-de-toilette-taupe-3-cats.html
54757-54757;1467388;107;20170115;https://www.jardiland.com/animaux/chat/hygiene-soins-et-litieres/bac-a-litiere-et-maison-de-toilette/54757-maison-de-toilette-smooz.html
31825-11821;1373510;107;20170115;https://www.jardiland.com/animaux/chat/hygiene-soins-et-litieres/bac-a-litiere-et-maison-de-toilette/31825-maison-de-toilette-cathy.html
31825-11820;1373509;107;20170115;https://www.jardiland.com/animaux/chat/hygiene-soins-et-litieres/bac-a-litiere-et-maison-de-toilette/31825-maison-de-toilette-cathy.html
5312-5312;865269;107;20170115;https://www.jardiland.com/animaux/chat/hygiene-soins-et-litieres/litiere/5312-litiere-hygienique.html
1175-1175;1263125;107;20170115;https://www.jardiland.com/animaux/chat/gamelles-ecuelles-et-distributeurs/accessoires/1175-filtre-de-rechange-fresh-clear.html
2316-2316;1374782;107;20170115;https://www.jardiland.com/animaux/chat/alimentation-et-friandises/boite-et-sachet-fraicheur/2316-whiskas-moelleux-et-fondants.html
31723-15811;578424;107;20170115;https://www.jardiland.com/animaux/chat/alimentation-et-friandises/croquette-pour-chat/31723-science-plan-senior-poulet.html
31730-15824;578531;107;20170115;https://www.jardiland.com/animaux/chat/alimentation-et-friandises/croquette-pour-chat/31730-science-plan-feline-adult.html
50800-41425;542463;107;20170115;https://www.jardiland.com/animaux/chat/alimentation-et-friandises/croquette-pour-chat/50800-royal-canin-feline-kitten-36-1.html
1599-1599;1311872;107;20170115;https://www.jardiland.com/animaux/rongeurs-et-petits-mammiferes/hygiene-et-soins/soin-de-toilettage/1599-shampoing-desodorisant-pour-furet.html
60080-60080;1481542;107;20170115;https://www.jardiland.com/animaux/rongeurs-et-petits-mammiferes/habitats-cages-et-accessoires/cage/60080-cage-cricetti-9-pirate-pour-hamsters.html
234-234;1015055;107;20170115;https://www.jardiland.com/animaux/chien/jeux-et-jouets/peluche/234-peluche-pour-chien-renard.html
46742-46742;1338348;107;20170115;https://www.jardiland.com/animaux/chien/jeux-et-jouets/autres-jouets/46742-os-de-jambon-gout-porc-pour-chien.html
5298-5298;853999;107;20170115;https://www.jardiland.com/animaux/chien/jeux-et-jouets/jouet-en-caoutchouc-et-latex/5298-jouet-head-rope.html
32190-6593;1015067;107;20170115;https://www.jardiland.com/animaux/chien/jeux-et-jouets/jouet-en-caoutchouc-et-latex/32190-balle-pour-chien-souple-geen-purple.html
32190-6590;1015063;107;20170115;https://www.jardiland.com/animaux/chien/jeux-et-jouets/jouet-en-caoutchouc-et-latex/32190-balle-pour-chien-souple-geen-purple.html
64655-64655;1464444;107;20170115;https://www.jardiland.com/animaux/chien/gamelles-ecuelles-et-distributeurs/gamelle-et-ecuelle/64655-gamelle-melaminee-gris-pour-chiens-350-ml.html
32137-27407;873735;107;20170115;https://www.jardiland.com/animaux/chien/gamelles-ecuelles-et-distributeurs/gamelle-et-ecuelle/32137-ecuelle-plastique-antiderapante.html
50111-50111;1443646;107;20170115;https://www.jardiland.com/animaux/chien/alimentation-et-friandises/friandise-bucco-dentaire/50111-stick-o-dent-puppy-x7-1.html
31930-8035;1252670;107;20170115;https://www.jardiland.com/animaux/chien/alimentation-et-friandises/croquette-pour-chien/31930-royal-canin-mini-junior.html
31953-7839;1247874;107;20170115;https://www.jardiland.com/animaux/chien/alimentation-et-friandises/croquette-pour-chien/31953-royal-canin-maxi-sterilised.html
31990-7074;1209697;107;20170115;https://www.jardiland.com/animaux/chien/alimentation-et-friandises/os-a-macher/31990-os-presses.html
5264-5264;824595;107;20170115;https://www.jardiland.com/animaux/chien/alimentation-et-friandises/os-a-macher/5264-os-presse-porks-x2-11e5-cm.html
31995-25669;824584;107;20170115;https://www.jardiland.com/animaux/chien/alimentation-et-friandises/os-a-macher/31995-os-presse-a-gout-25-cm.html
31996-25663;824578;107;20170115;https://www.jardiland.com/animaux/chien/alimentation-et-friandises/os-a-macher/31996-os-presse-a-gout-15-cm.html
31997-25660;824575;107;20170115;https://www.jardiland.com/animaux/chien/alimentation-et-friandises/os-a-macher/31997-os-presse-a-gout-x2-10-cm.html
52463-52186;1209403;107;20170115;https://www.jardiland.com/animaux/chien/alimentation-et-friandises/os-a-macher/52463-os-presse.html
52463-52185;1209402;107;20170115;https://www.jardiland.com/animaux/chien/alimentation-et-friandises/os-a-macher/52463-os-presse.html
31991-6734;1209691;107;20170115;https://www.jardiland.com/animaux/chien/alimentation-et-friandises/os-a-macher/31991-os-noues.html
31982-15096;539791;107;20170115;https://www.jardiland.com/animaux/chien/alimentation-et-friandises/friandise-bucco-dentaire/31982-friandises-dentastix-chien-moyen.html
31870-41362;1405459;107;20170115;https://www.jardiland.com/animaux/chien/alimentation-et-friandises/croquette-pour-chien/31870-dog-chow-complet.html
31938-41442;657830;107;20170115;https://www.jardiland.com/animaux/chien/alimentation-et-friandises/croquette-pour-chien/31938-croquettes-club-special-performance-pour-chien-adulte.html
382-382;1209688;107;20170115;https://www.jardiland.com/animaux/chien/alimentation-et-friandises/friandise-bucco-dentaire/382-batonnets-torsades-au-fluor.html
31258-22643;690209;107;20170115;https://www.jardiland.com/amenagement-du-jardin/bassins-et-jardin-aquatique/materiel/31258-pompe-pondovario.html
53318-53318;975375;107;20170115;https://www.jardiland.com/amenagement-du-jardin/loisirs-plein-air/piscines/53318-thermometre.html
36664-36664;889171;107;20170115;https://www.jardiland.com/amenagement-du-jardin/loisirs-plein-air/jeux-de-plein-air/36664-siege-pour-bebe.html
36658-36658;1306725;107;20170115;https://www.jardiland.com/amenagement-du-jardin/loisirs-plein-air/jeux-de-plein-air/36658-balancoire-verte.html
40490-39648;802806;107;20170115;https://www.jardiland.com/amenagement-du-jardin/loisirs-plein-air/jeux-de-plein-air/40490-balancoire-jaune-en-plastique-pour-portique.html
36659-36659;1306726;107;20170115;https://www.jardiland.com/amenagement-du-jardin/loisirs-plein-air/jeux-de-plein-air/36659-balancoire-en-bois-luxe.html
2040-2040;1349581;107;20170115;https://www.jardiland.com/amenagement-du-jardin/pots-bacs-jardinieres-et-supports/tuteurs-et-supports-de-plante/tuteur/2040-topiaire-gabarit-poule.html
2042-2042;1349587;107;20170115;https://www.jardiland.com/amenagement-du-jardin/pots-bacs-jardinieres-et-supports/tuteurs-et-supports-de-plante/tuteur/2042-topiaire-gabarit-canard.html
31644-15596;572462;107;20170115;https://www.jardiland.com/amenagement-du-jardin/pots-bacs-jardinieres-et-supports/tuteurs-et-supports-de-plante/support-pour-pot-et-balconniere/31644-potence-en-fer.html
31489-7604;1238044;107;20170115;https://www.jardiland.com/amenagement-du-jardin/pots-bacs-jardinieres-et-supports/en-fibre/31489-pot-en-fibre-conique.html
31580-15502;568452;107;20170115;https://www.jardiland.com/amenagement-du-jardin/pots-bacs-jardinieres-et-supports/en-terre-cuite/31580-soucoupe-en-terre-cuite.html
31622-13262;1403335;107;20170115;https://www.jardiland.com/amenagement-du-jardin/pots-bacs-jardinieres-et-supports/en-terre-cuite/31622-pot-en-terre-cuite-gea-deroma-o-19o9-1.html
1373-1373;1292387;107;20170115;https://www.jardiland.com/amenagement-du-jardin/pots-bacs-jardinieres-et-supports/en-terre-cuite/1373-pot-carre-droit-en-terre-cuite.html
1369-1369;1292383;107;20170115;https://www.jardiland.com/amenagement-du-jardin/pots-bacs-jardinieres-et-supports/en-terre-cuite/1369-jardiniere-en-terre-cuite-contemporaine.html
1362-1362;1292369;107;20170115;https://www.jardiland.com/amenagement-du-jardin/pots-bacs-jardinieres-et-supports/en-terre-cuite/1362-applique-a-facettes-en-terre-cuite.html
50774-6609;1015640;107;20170115;https://www.jardiland.com/amenagement-du-jardin/pots-bacs-jardinieres-et-supports/en-plastique/50774-soucoupe-en-plastique-teramo.html
31523-41229;1015639;107;20170115;https://www.jardiland.com/amenagement-du-jardin/pots-bacs-jardinieres-et-supports/en-plastique/31523-soucoupe-en-plastique-prisca.html
31512-6609;1015640;107;20170115;https://www.jardiland.com/amenagement-du-jardin/pots-bacs-jardinieres-et-supports/en-plastique/31512-soucoupe-en-plastique-granprisca.html
31549-41380;1405028;107;20170115;https://www.jardiland.com/amenagement-du-jardin/pots-bacs-jardinieres-et-supports/en-plastique/31549-pot-romeo.html
31549-11104;1360519;107;20170115;https://www.jardiland.com/amenagement-du-jardin/pots-bacs-jardinieres-et-supports/en-plastique/31549-pot-romeo.html
31558-9143;1292117;107;20170115;https://www.jardiland.com/amenagement-du-jardin/pots-bacs-jardinieres-et-supports/en-plastique/31558-pot-en-plastique-samba.html
31522-11014;1360424;107;20170115;https://www.jardiland.com/amenagement-du-jardin/pots-bacs-jardinieres-et-supports/en-plastique/31522-jardiniere-en-plastique-prisca.html
31522-7174;1226008;107;20170115;https://www.jardiland.com/amenagement-du-jardin/pots-bacs-jardinieres-et-supports/en-plastique/31522-jardiniere-en-plastique-prisca.html
31519-15489;568079;107;20170115;https://www.jardiland.com/amenagement-du-jardin/pots-bacs-jardinieres-et-supports/en-plastique/31519-jardiniere-en-plastique-granprisca.html
31519-11040;1360452;107;20170115;https://www.jardiland.com/amenagement-du-jardin/pots-bacs-jardinieres-et-supports/en-plastique/31519-jardiniere-en-plastique-granprisca.html
52482-52423;1402673;107;20170115;https://www.jardiland.com/amenagement-du-jardin/amenagement/dalles-galets-et-pas-japonais/dalle/52482-dalle-en-bois-exotique.html
5604-5604;927995;107;20170115;https://www.jardiland.com/amenagement-du-jardin/amenagement/bordures/5604-bordure-en-pierre-imitation-bambou.html
2076-2076;1352030;107;20170115;https://www.jardiland.com/amenagement-du-jardin/barbecues-cuisine-exterieur/autres/accessoires-de-barbecue/2076-plancha-en-fonte-emaillee-pour-spirit-3-bruleurs.html
2074-2074;1352023;107;20170115;https://www.jardiland.com/amenagement-du-jardin/barbecues-cuisine-exterieur/autres/accessoires-de-barbecue/2074-plancha-en-fonte-emaillee-genesis.html
2573-2573;1394560;107;20170115;https://www.jardiland.com/amenagement-du-jardin/barbecues-cuisine-exterieur/autres/combustible/2573-cubes-allume-feu.html
2455-2455;1382052;107;20170115;https://www.jardiland.com/amenagement-du-jardin/barbecues-cuisine-exterieur/autres/combustible/2455-bois-de-fumage-copeaux-de-whisky.html
2572-2572;1394559;107;20170115;https://www.jardiland.com/amenagement-du-jardin/barbecues-cuisine-exterieur/autres/combustible/2572-allumes-barbecue-naturels.html
2574-2574;1394561;107;20170115;https://www.jardiland.com/amenagement-du-jardin/barbecues-cuisine-exterieur/autres/combustible/2574-allume-feu-laine-de-bois.html
31213-30004;964159;107;20170115;https://www.jardiland.com/amenagement-du-jardin/barbecues-cuisine-exterieur/au-charbon/31213-barbecue-au-charbon-smokey-joe-premium.html
31215-10690;1351985;107;20170115;https://www.jardiland.com/amenagement-du-jardin/barbecues-cuisine-exterieur/au-charbon/31215-barbecue-au-charbon-smokey-joe-premium.html
31297-40347;964646;107;20170115;https://www.jardiland.com/amenagement-du-jardin/eclairage-et-chauffage-d-exterieur/bougies-d-exterieur/31297-huile-vegetale-parfumee-lelia.html
31302-12779;1397838;107;20170115;https://www.jardiland.com/amenagement-du-jardin/eclairage-et-chauffage-d-exterieur/eclairage-solaire/31302-lanterne-solaire-coloree.html
5205-5205;936403;107;20170115;https://www.jardiland.com/amenagement-du-jardin/eclairage-et-chauffage-d-exterieur/eclairage-solaire/5205-borne-solaire-en-metal.html
2754-2754;1398274;107;20170115;https://www.jardiland.com/amenagement-du-jardin/parasols-tonnelles-et-voiles-d-ombrage/parasols-et-accessoires/accessoires/2754-pied-de-parasol-diamant-25-kg.html
2753-2753;1398273;107;20170115;https://www.jardiland.com/amenagement-du-jardin/parasols-tonnelles-et-voiles-d-ombrage/parasols-et-accessoires/accessoires/2753-pied-de-parasol-16-kg.html
31414-12846;1398232;107;20170115;https://www.jardiland.com/amenagement-du-jardin/parasols-tonnelles-et-voiles-d-ombrage/parasols-et-accessoires/parasol-en-metal/31414-parasol-barcelone-3x3-m.html
31414-12845;1398231;107;20170115;https://www.jardiland.com/amenagement-du-jardin/parasols-tonnelles-et-voiles-d-ombrage/parasols-et-accessoires/parasol-en-metal/31414-parasol-barcelone-3x3-m.html
31404-30737;979605;107;20170115;https://www.jardiland.com/amenagement-du-jardin/parasols-tonnelles-et-voiles-d-ombrage/parasols-et-accessoires/parasol-en-metal/31404-parasol-artico.html
2698-2698;1397143;107;20170115;https://www.jardiland.com/amenagement-du-jardin/mobilier-de-jardin/mobilier-enfant/petit-mobilier/2698-fauteuil-pour-enfant.html
31359-29992;962609;107;20170115;https://www.jardiland.com/amenagement-du-jardin/mobilier-de-jardin/salon-de-jardin/mobilier-pliant/31359-table-rectangulaire-bistro.html
31371-38003;1293566;107;20170115;https://www.jardiland.com/amenagement-du-jardin/mobilier-de-jardin/salon-de-jardin/mobilier-pliant/31371-table-burano.html
31377-38391;1428349;107;20170115;https://www.jardiland.com/amenagement-du-jardin/mobilier-de-jardin/salon-de-jardin/mobilier-pliant/31377-chaise-pliante-anytime-batyline.html
31379-13295;1403894;107;20170115;https://www.jardiland.com/amenagement-du-jardin/mobilier-de-jardin/salon-de-jardin/mobilier-pliant/31379-chaise-lys.html
31387-41506;981703;107;20170115;https://www.jardiland.com/amenagement-du-jardin/mobilier-de-jardin/salon-de-jardin/salon-en-bi-matiere/31387-chaise-lille.html
58310-58310;577241;107;20170115;https://www.jardiland.com/jardinage/bricolage-droguerie/insecticides-menagers/insecticide-volant-et-rampant/58310-piege-a-guepes-pomme.html
32821-42872;610051;107;20170115;https://www.jardiland.com/jardinage/semis-protections-et-accessoires-de-jardinage/voiles-d-hivernage-et-protections/protection-d-hivernage/32821-voile-hivernage-hivertex.html
50918-41370;1403845;107;20170115;https://www.jardiland.com/jardinage/semis-protections-et-accessoires-de-jardinage/serres-et-chassis/mini-serre/50918-soucoupe-green-basics.html
50918-41369;1403844;107;20170115;https://www.jardiland.com/jardinage/semis-protections-et-accessoires-de-jardinage/serres-et-chassis/mini-serre/50918-soucoupe-green-basics.html
50918-41368;1403841;107;20170115;https://www.jardiland.com/jardinage/semis-protections-et-accessoires-de-jardinage/serres-et-chassis/mini-serre/50918-soucoupe-green-basics.html
42337-42337;604103;107;20170115;https://www.jardiland.com/jardinage/semis-protections-et-accessoires-de-jardinage/accessoires-de-semis/autres-accessoires-de-semis/42337-patins-aerateurs-de-pelouse.html
41037-41037;803280;107;20170115;https://www.jardiland.com/jardinage/arrosage/tuyaux-devidoirs-lances-et-pistolets/raccord/41037-raccord-adaptateur-20x27-1.html
23416-41506;981703;107;20170115;https://www.jardiland.com/jardinage/arrosage/tuyaux-devidoirs-lances-et-pistolets/arrosage-de-vacances/23416-pack-de-2-cones-en-ceramique-micro-poreuse-aquasolo.html
5015-5015;682431;107;20170115;https://www.jardiland.com/jardinage/outils-et-materiel-du-jardinier/outils-de-taille/fauchaison/5015-cisailles-a-gazon-orientables-et-longue-portee.html
5658-5658;928940;107;20170115;https://www.jardiland.com/jardinage/outils-et-materiel-du-jardinier/grands-outils-de-jardin/autres-grands-outils/5658-pioche-de-jardin.html
52503-52503;573909;107;20170115;https://www.jardiland.com/jardinage/outils-et-materiel-du-jardinier/grands-outils-de-jardin/manche-pour-outil/52503-manche-a-balai-cantonnier.html
41081-41081;1314898;107;20170115;https://www.jardiland.com/jardinage/outils-et-materiel-du-jardinier/grands-outils-de-jardin/autres-grands-outils/41081-desherbinet.html
48197-47863;924926;107;20170115;https://www.jardiland.com/jardinage/equipement-du-jardinier/gants/48197-gants-gros-travaux-de-jardin.html
54920-54920;657026;107;20170115;https://www.jardiland.com/jardinage/entretien-et-traitements/pulverisateurs/accessoires-de-pulverisation/54920-coude-herbicide.html
32696-53143;1401612;107;20170115;https://www.jardiland.com/jardinage/entretien-et-traitements/engrais/engrais-pour-arbres-et-fleurs-du-jardin/32696-engrais-rosiers-et-arbustes-a-fleurs.html
2884-2884;1402142;107;20170115;https://www.jardiland.com/jardinage/entretien-et-traitements/engrais/engrais-pour-fruits-et-legumes/2884-engrais-potager-solabiol.html
32697-53142;1401615;107;20170115;https://www.jardiland.com/jardinage/entretien-et-traitements/engrais/engrais-pour-arbres-et-fleurs-du-jardin/32697-engrais-geraniums-et-balconnieres.html
32778-53132;1373573;107;20170115;https://www.jardiland.com/jardinage/entretien-et-traitements/engrais/engrais-pour-arbres-et-fleurs-du-jardin/32778-engrais-complet-double-actions.html
48446-48446;1017856;107;20170115;https://www.jardiland.com/jardinage/paillage-et-amendement/paillage/autres-paillages/48446-paille-de-chanvre-du-maraicher-naturenr.html
48445-48445;1017859;107;20170115;https://www.jardiland.com/jardinage/paillage-et-amendement/paillage/ecorce/48445-paillage-d-ecorces-aqua-controlr-naturenr.html
32766-11671;1371380;107;20170115;https://www.jardiland.com/jardinage/paillage-et-amendement/paillage/ecorce/32766-ecorces-de-pin-premium.html
60128-60128;1372581;107;20170115;https://www.jardiland.com/jardinage/terreau/terreau-pour-jardin-et-potager/terreau-pour-massifs-et-geraniums/60128-terreau-pro-fleurs.html
32830-15768;577271;107;20170115;https://www.jardiland.com/jardinage/terreau/terreau/terreau-de-rempotage/32830-terreau-de-rempotage.html
32827-39624;808275;107;20170115;https://www.jardiland.com/jardinage/terreau/terreau-pour-jardin-et-potager/terreau-pour-agrumes/32827-terreau-agrumes-et-plantes-mediterraneennes.html
5432-5432;877488;107;20170115;https://www.jardiland.com/jardinage/terreau/terreau/terreau-de-plantation/5432-terre-a-gazon.html
58877-58877;1329317;107;20170115;https://www.jardiland.com/plantes/sapins-de-noel/sapins-artificiels/sapin-artificiel-vert/58877-sapin-tuscan-spruce-230-cm.html
59349-59585;665357;107;20170115;https://www.jardiland.com/plantes/sapins-de-noel/sapins-de-noel-nordmann-fraser-nobilis/sapin-de-noel-en-faux-conteneur/59349-sapin-de-noel-nordmann-en-faux-conteneur.html
59349-59504;578697;107;20170115;https://www.jardiland.com/plantes/sapins-de-noel/sapins-de-noel-nordmann-fraser-nobilis/sapin-de-noel-en-faux-conteneur/59349-sapin-de-noel-nordmann-en-faux-conteneur.html
59349-59008;578700;107;20170115;https://www.jardiland.com/plantes/sapins-de-noel/sapins-de-noel-nordmann-fraser-nobilis/sapin-de-noel-en-faux-conteneur/59349-sapin-de-noel-nordmann-en-faux-conteneur.html
59303-59494;662491;107;20170115;https://www.jardiland.com/plantes/sapins-de-noel/sapins-de-noel-nordmann-fraser-nobilis/sapin-de-noel-coupe/59303-sapin-de-noel-nordmann-coupe.html
59362-59539;595490;107;20170115;https://www.jardiland.com/plantes/sapins-de-noel/sapins-de-noel-epicea/sapin-de-noel-epicea-en-faux-conteneur/59362-sapin-de-noel-epicea-commun-en-faux-conteneur.html
59271-59212;665358;107;20170115;https://www.jardiland.com/plantes/sapins-de-noel/sapins-de-noel-epicea/sapin-de-noel-epicea-coupe/59271-sapin-de-noel-epicea-commun-coupe.html
37669-37669;707070;107;20170115;https://www.jardiland.com/plantes/sapins-de-noel/sapins-artificiels/sapin-artificiel-blanc/37669-sapin-artificiel-icelandic-215-cm.html
37671-37671;707069;107;20170115;https://www.jardiland.com/plantes/sapins-de-noel/sapins-artificiels/sapin-artificiel-blanc/37671-sapin-artificiel-icelandic-185-cm.html
40835-38642;556334;107;20170115;https://www.jardiland.com/plantes/sapins-de-noel/supports-pieds-et-accessoires-de-sapin/40835-pied-de-sapin-en-fer-o-7-cm.html
37675-37675;1414277;107;20170115;https://www.jardiland.com/plantes/sapins-de-noel/sapins-artificiels/sapin-artificiel-en-fibre-optique/37675-arbre-led-effet-bouleau-210-cm.html
35589-58990;642433;107;20170115;https://www.jardiland.com/plantes/plantes-d-interieur/bonsais/ficus/35589-ficus-ginseng.html
35659-25305;816567;107;20170115;https://www.jardiland.com/plantes/plantes-d-interieur/cactus-et-plantes-grasses/mammillaria/35659-mammillaria.html
35621-23215;720566;107;20170115;https://www.jardiland.com/plantes/plantes-d-interieur/cactus-et-plantes-grasses/cereus/35621-cereus-peruvianus-monstruosus.html
35617-19965;631753;107;20170115;https://www.jardiland.com/plantes/plantes-d-interieur/cactus-et-plantes-grasses/cereus/35617-cereus.html
35597-21418;651786;107;20170115;https://www.jardiland.com/plantes/plantes-d-interieur/cactus-et-plantes-grasses/aloe/35597-aloe-vera.html
35595-23938;731053;107;20170115;https://www.jardiland.com/plantes/plantes-d-interieur/cactus-et-plantes-grasses/agave/35595-agave-americana.html
36086-26248;841168;107;20170115;https://www.jardiland.com/plantes/plantes-d-interieur/plantes-vertes/platycerium/36086-platycerium-alicorne.html
36066-47762;956249;107;20170115;https://www.jardiland.com/plantes/plantes-d-interieur/plantes-vertes/nolina-beaucarnea/36066-pied-d-elephant.html
36069-22184;668593;107;20170115;https://www.jardiland.com/plantes/plantes-d-interieur/plantes-vertes/pachira/36069-pachira-aquatica.html
36033-28414;906535;107;20170115;https://www.jardiland.com/plantes/plantes-d-interieur/plantes-vertes/hedera/36033-hedera-vert.html
35968-28769;920277;107;20170115;https://www.jardiland.com/plantes/plantes-d-interieur/plantes-vertes/dracaena/35968-dracaena-massangeana.html
35704-23169;719128;107;20170115;https://www.jardiland.com/plantes/plantes-d-interieur/orchidees/phalaenopsis/35704-orchidee-phalaenopsis-grandiflora.html
35822-20321;631713;107;20170115;https://www.jardiland.com/plantes/plantes-d-interieur/plantes-fleuries/rosier-miniature/35822-rosier-miniature.html
48186-47769;997997;107;20170115;https://www.jardiland.com/plantes/plantes-d-interieur/plantes-fleuries/lis/48186-lys-oriental.html
62703-64993;1496761;107;20170115;https://www.jardiland.com/plantes/plantes-d-interieur/plantes-fleuries/tillandsia/62703-fille-de-l-air.html
62703-64984;1463179;107;20170115;https://www.jardiland.com/plantes/plantes-d-interieur/plantes-fleuries/tillandsia/62703-fille-de-l-air.html
62703-64983;1378096;107;20170115;https://www.jardiland.com/plantes/plantes-d-interieur/plantes-fleuries/tillandsia/62703-fille-de-l-air.html
35741-11985;1375498;107;20170115;https://www.jardiland.com/plantes/plantes-d-interieur/plantes-fleuries/anthurium/35741-anthurium-white-championr.html
35729-20450;632996;107;20170115;https://www.jardiland.com/plantes/plantes-d-interieur/plantes-fleuries/anthurium/35729-anthurium-pink-champion.html
46665-46665;1253002;107;20170115;https://www.jardiland.com/plantes/graines-et-gazon/gazon-et-prairies-fleuries/prairie-fleurie/46665-melange-massif-tapis-de-perse-25-me.html
46828-46828;1252979;107;20170115;https://www.jardiland.com/plantes/graines-et-gazon/gazon-et-prairies-fleuries/prairie-fleurie/46828-melange-massif-orange-eclair-25-me.html
46827-46827;1252981;107;20170115;https://www.jardiland.com/plantes/graines-et-gazon/gazon-et-prairies-fleuries/prairie-fleurie/46827-melange-massif-caprice-25-me.html
46676-46676;1252955;107;20170115;https://www.jardiland.com/plantes/graines-et-gazon/gazon-et-prairies-fleuries/prairie-fleurie/46676-melange-massif-baroque-25-me.html
46334-46334;565298;107;20170115;https://www.jardiland.com/plantes/graines-et-gazon/graines-de-fleurs/fleurs-vivaces/46334-viola-cornuta-en-melange.html
46352-46352;565233;107;20170115;https://www.jardiland.com/plantes/graines-et-gazon/graines-de-fleurs/fleurs-annuelles/46352-petunia-nain-compact-melange.html
46526-46526;565231;107;20170115;https://www.jardiland.com/plantes/graines-et-gazon/graines-de-fleurs/fleurs-annuelles/46526-petunia-bleu-le-conseiller.html
46776-46776;565904;107;20170115;https://www.jardiland.com/plantes/graines-et-gazon/graines-de-fleurs/fleurs-bisannuelles/46776-pensee-suisse-crete-rouge.html
46273-46273;565897;107;20170115;https://www.jardiland.com/plantes/graines-et-gazon/graines-de-fleurs/fleurs-bisannuelles/46273-pensee-sahari-hybride-f1-en-melange.html
46767-46767;1252930;107;20170115;https://www.jardiland.com/plantes/graines-et-gazon/graines-de-fleurs/melange-mixte/46767-melange-massif-jardin-asiatique-8-me.html
1617-1617;1313531;107;20170115;https://www.jardiland.com/plantes/graines-et-gazon/graines-de-fleurs/melange-mixte/1617-melange-massif-gazon-japonais-8-me.html
46322-46322;565378;107;20170115;https://www.jardiland.com/plantes/graines-et-gazon/graines-de-fleurs/fleurs-vivaces/46322-freesia-geant-varie.html
46711-46711;565566;107;20170115;https://www.jardiland.com/plantes/graines-et-gazon/graines-de-fleurs/fleurs-annuelles/46711-dolique-lune-rouge.html
46325-46325;565356;107;20170115;https://www.jardiland.com/plantes/graines-et-gazon/graines-de-fleurs/fleurs-annuelles/46325-dimorphoteca-hybride-varie.html
46294-46294;565811;107;20170115;https://www.jardiland.com/plantes/graines-et-gazon/graines-de-fleurs/fleurs-annuelles/46294-acroclinium-royal-double-varie.html
46719-46719;639283;107;20170115;https://www.jardiland.com/plantes/graines-et-gazon/graines-potageres-et-aromatiques/radis-navets-carottes-et-autres-racines/46719-radis-fakir.html
46279-46279;639239;107;20170115;https://www.jardiland.com/plantes/graines-et-gazon/graines-potageres-et-aromatiques/courges-melons/46279-melon-cesar-hybride-f1-1.html
46245-46245;639201;107;20170115;https://www.jardiland.com/plantes/graines-et-gazon/graines-potageres-et-aromatiques/courges-melons/46245-courgette-tarmino-hybride-f1-1.html
46193-46193;657644;107;20170115;https://www.jardiland.com/plantes/graines-et-gazon/graines-potageres-et-aromatiques/courges-melons/46193-courgette-grison-hybride-f1-1.html
46251-46251;639189;107;20170115;https://www.jardiland.com/plantes/graines-et-gazon/graines-potageres-et-aromatiques/courges-melons/46251-concombre-marketer.html
46797-46797;658277;107;20170115;https://www.jardiland.com/plantes/graines-et-gazon/graines-potageres-et-aromatiques/choux/46797-chou-de-milan-rigoleto-hybride-f1-1.html
41986-22523;686186;107;20170115;https://www.jardiland.com/plantes/potager-et-verger/fruitiers/autres-fruitiers/41986-neflier-du-japon.html
36512-17653;593087;107;20170115;https://www.jardiland.com/plantes/potager-et-verger/fruitiers/myrtille/36512-myrtille-a-gros-fruits.html
34528-42817;591854;107;20170115;https://www.jardiland.com/plantes/potager-et-verger/fruitiers/lime/34528-lime-de-tahiti.html
36473-17053;588410;107;20170115;https://www.jardiland.com/plantes/potager-et-verger/fruitiers/groseillier-a-grappes/36473-groseillier-a-grappes-versailles-blanche.html
34517-30386;973858;107;20170115;https://www.jardiland.com/plantes/potager-et-verger/fruitiers/citronnier/34517-citronnier-des-quatre-saisons.html
41588-30103;967158;107;20170115;https://www.jardiland.com/plantes/potager-et-verger/fruitiers/citronnier/41588-citronnier.html
34504-59413;1410588;107;20170115;https://www.jardiland.com/plantes/potager-et-verger/fruitiers/autres-fruitiers/34504-cedratier-main-de-bouddha.html
36491-15845;579566;107;20170115;https://www.jardiland.com/plantes/potager-et-verger/fruitiers/kiwi/36491-actinidia-deliciosa-male.html
33372-21398;647561;107;20170115;https://www.jardiland.com/plantes/potager-et-verger/plantes-aromatiques/lavande/33372-lavande.html
33949-55559;740864;107;20170115;https://www.jardiland.com/plantes/arbres-et-arbustes-d-ornement/coniferes/cypres-de-leyland/33949-x-cupressocyparis-leylandii-atro.html
33973-17448;590135;107;20170115;https://www.jardiland.com/plantes/arbres-et-arbustes-d-ornement/coniferes/genevrier/33973-juniperus-communis-repanda.html
33820-29575;966370;107;20170115;https://www.jardiland.com/plantes/arbres-et-arbustes-d-ornement/bambous/phyllostachys/33820-bambou-phyllostachys-bissetii.html
33811-18372;595396;107;20170115;https://www.jardiland.com/plantes/arbres-et-arbustes-d-ornement/bambous/phyllostachys/33811-bambou-noir-phyllostachys-nigra.html
33804-55628;1472365;107;20170115;https://www.jardiland.com/plantes/arbres-et-arbustes-d-ornement/bambous/fargesia/33804-bambou-fargesia-scabrida-asian-wonder.html
33807-60711;1472366;107;20170115;https://www.jardiland.com/plantes/arbres-et-arbustes-d-ornement/bambous/fargesia/33807-bambou-fargesia-nitida-great-wall.html
33798-55631;1472373;107;20170115;https://www.jardiland.com/plantes/arbres-et-arbustes-d-ornement/bambous/fargesia/33798-bambou-fargesia-murieliae-rufa.html
41557-17780;591684;107;20170115;https://www.jardiland.com/plantes/arbres-et-arbustes-d-ornement/buis-et-topiaires/troene-en-topiaire/41557-troene-a-petites-feuilles.html
33847-30037;965331;107;20170115;https://www.jardiland.com/plantes/arbres-et-arbustes-d-ornement/buis-et-topiaires/buis/33847-buis-commun.html
33847-13758;1415242;107;20170115;https://www.jardiland.com/plantes/arbres-et-arbustes-d-ornement/buis-et-topiaires/buis/33847-buis-commun.html
33847-7691;1243750;107;20170115;https://www.jardiland.com/plantes/arbres-et-arbustes-d-ornement/buis-et-topiaires/buis/33847-buis-commun.html
33844-16155;581591;107;20170115;https://www.jardiland.com/plantes/arbres-et-arbustes-d-ornement/buis-et-topiaires/buis/33844-buis-elegans.html
34460-13780;1415641;107;20170115;https://www.jardiland.com/plantes/arbres-et-arbustes-d-ornement/plantes-grimpantes/lierre/34460-lierre-goldheart.html
34422-49436;1363452;107;20170115;https://www.jardiland.com/plantes/arbres-et-arbustes-d-ornement/plantes-grimpantes/clematite/34422-clematite-saphyra-indigor.html
34376-14450;1440941;107;20170115;https://www.jardiland.com/plantes/arbres-et-arbustes-d-ornement/plantes-grimpantes/clematite/34376-clematite-snowdrift.html
34365-17616;592086;107;20170115;https://www.jardiland.com/plantes/arbres-et-arbustes-d-ornement/plantes-grimpantes/chevrefeuille/34365-chevrefeuille-de-henry.html
41785-25439;819031;107;20170115;https://www.jardiland.com/plantes/arbres-et-arbustes-d-ornement/rosiers/rosiers-buissons/41785-rosier-miniature.html
61016-60200;722996;107;20170115;https://www.jardiland.com/plantes/arbres-et-arbustes-d-ornement/rosiers/rosiers-grimpants/61016-rosier-grimpant-a-grandes-fleurs-pierre-de-ronsardr-meiviolin.html
61016-60199;752926;107;20170115;https://www.jardiland.com/plantes/arbres-et-arbustes-d-ornement/rosiers/rosiers-grimpants/61016-rosier-grimpant-a-grandes-fleurs-pierre-de-ronsardr-meiviolin.html
41872-10434;1347946;107;20170115;https://www.jardiland.com/plantes/arbres-et-arbustes-d-ornement/rosiers/rosiers-grimpants/41872-rosier-grimpant-a-grandes-fleurs-collection-generale.html
34979-25442;819056;107;20170115;https://www.jardiland.com/plantes/arbres-et-arbustes-d-ornement/rosiers/rosiers-grimpants/34979-rosier-grimpant-a-grandes-fleurs.html
57266-57242;819052;107;20170115;https://www.jardiland.com/plantes/arbres-et-arbustes-d-ornement/rosiers/rosiers-buissons/57266-rosier-a-grandes-fleurs.html
57266-57236;719684;107;20170115;https://www.jardiland.com/plantes/arbres-et-arbustes-d-ornement/rosiers/rosiers-buissons/57266-rosier-a-grandes-fleurs.html
57266-57230;714680;107;20170115;https://www.jardiland.com/plantes/arbres-et-arbustes-d-ornement/rosiers/rosiers-buissons/57266-rosier-a-grandes-fleurs.html
41584-45422;993889;107;20170115;https://www.jardiland.com/plantes/arbres-et-arbustes-d-ornement/plantes-de-terre-de-bruyere/rhododendron/41584-rhododendron.html
41584-29737;954119;107;20170115;https://www.jardiland.com/plantes/arbres-et-arbustes-d-ornement/plantes-de-terre-de-bruyere/rhododendron/41584-rhododendron.html
34249-20202;626521;107;20170115;https://www.jardiland.com/plantes/arbres-et-arbustes-d-ornement/plantes-de-terre-de-bruyere/magnolia/34249-magnolia-susan.html
41578-27869;883046;107;20170115;https://www.jardiland.com/plantes/arbres-et-arbustes-d-ornement/plantes-de-terre-de-bruyere/leucothoe/41578-leucothoe-scarletta-zeblid.html
34221-26670;871253;107;20170115;https://www.jardiland.com/plantes/arbres-et-arbustes-d-ornement/plantes-de-terre-de-bruyere/hortensia/34221-hortensia-paniculata-vanille-fraiser-renhy.html
34221-26602;853690;107;20170115;https://www.jardiland.com/plantes/arbres-et-arbustes-d-ornement/plantes-de-terre-de-bruyere/hortensia/34221-hortensia-paniculata-vanille-fraiser-renhy.html
34201-17455;589563;107;20170115;https://www.jardiland.com/plantes/arbres-et-arbustes-d-ornement/plantes-de-terre-de-bruyere/hortensia/34201-hortensia-paniculata-unique.html
34170-17090;589295;107;20170115;https://www.jardiland.com/plantes/arbres-et-arbustes-d-ornement/plantes-de-terre-de-bruyere/hortensia/34170-hortensia-renate-steiniger.html
34164-17389;589322;107;20170115;https://www.jardiland.com/plantes/arbres-et-arbustes-d-ornement/plantes-de-terre-de-bruyere/hortensia/34164-hortensia-merveille-sanguinea.html
34117-15965;579178;107;20170115;https://www.jardiland.com/plantes/arbres-et-arbustes-d-ornement/plantes-de-terre-de-bruyere/erable-du-japon/34117-erable-du-japon-pourpre.html
34142-29421;939541;107;20170115;https://www.jardiland.com/plantes/arbres-et-arbustes-d-ornement/plantes-de-terre-de-bruyere/erable-du-japon/34142-erable-du-japon-shirazz.html
34267-44613;1224617;107;20170115;https://www.jardiland.com/plantes/arbres-et-arbustes-d-ornement/plantes-de-terre-de-bruyere/nandina/34267-bambou-sacre.html
34267-18016;593157;107;20170115;https://www.jardiland.com/plantes/arbres-et-arbustes-d-ornement/plantes-de-terre-de-bruyere/nandina/34267-bambou-sacre.html
34569-29457;944003;107;20170115;https://www.jardiland.com/plantes/arbres-et-arbustes-d-ornement/plantes-mediterraneennes/autres-plantes-mediterraneennes/34569-mimosa-d-hiver-le-gaulois.html
34578-28176;898044;107;20170115;https://www.jardiland.com/plantes/arbres-et-arbustes-d-ornement/plantes-mediterraneennes/autres-plantes-mediterraneennes/34578-mimosa-d-hiver.html
34578-25347;817404;107;20170115;https://www.jardiland.com/plantes/arbres-et-arbustes-d-ornement/plantes-mediterraneennes/autres-plantes-mediterraneennes/34578-mimosa-d-hiver.html
34671-39470;701610;107;20170115;https://www.jardiland.com/plantes/arbres-et-arbustes-d-ornement/plantes-mediterraneennes/autres-plantes-mediterraneennes/34671-laurier-sauce.html
34840-24285;742357;107;20170115;https://www.jardiland.com/plantes/arbres-et-arbustes-d-ornement/plantes-mediterraneennes/palmiers/34840-cordyline-australis-torbay-dazzler.html
34807-29483;945934;107;20170115;https://www.jardiland.com/plantes/arbres-et-arbustes-d-ornement/plantes-mediterraneennes/palmiers/34807-cordyline-australis-red-star.html
34804-44733;1009223;107;20170115;https://www.jardiland.com/plantes/arbres-et-arbustes-d-ornement/plantes-mediterraneennes/palmiers/34804-cordyline-australis-atropurpurea.html
34721-48463;1457287;107;20170115;https://www.jardiland.com/plantes/arbres-et-arbustes-d-ornement/plantes-mediterraneennes/autres-plantes-mediterraneennes/34721-callistemon-masotti-pbr.html
34721-46999;1420372;107;20170115;https://www.jardiland.com/plantes/arbres-et-arbustes-d-ornement/plantes-mediterraneennes/autres-plantes-mediterraneennes/34721-callistemon-masotti-pbr.html
34588-6189;1004851;107;20170115;https://www.jardiland.com/plantes/arbres-et-arbustes-d-ornement/plantes-mediterraneennes/autres-plantes-mediterraneennes/34588-brugmansia-arborea.html
33644-17566;590506;107;20170115;https://www.jardiland.com/plantes/arbres-et-arbustes-d-ornement/arbres-et-arbustes/savonnier/33644-savonnier.html
33639-21140;636692;107;20170115;https://www.jardiland.com/plantes/arbres-et-arbustes-d-ornement/arbres-et-arbustes/saule/33639-saule-crevette.html
33572-18759;597748;107;20170115;https://www.jardiland.com/plantes/arbres-et-arbustes-d-ornement/arbres-et-arbustes/prunus/33572-prunus-cerasifera-pissardii.html
33560-54262;917245;107;20170115;https://www.jardiland.com/plantes/arbres-et-arbustes-d-ornement/arbres-et-arbustes/potentille/33560-potentilla-fruticosa-kobold.html
33544-17927;592742;107;20170115;https://www.jardiland.com/plantes/arbres-et-arbustes-d-ornement/arbres-et-arbustes/pommier-d-ornement/33544-pommier-d-ornement-perpetur-evereste-pbr.html
33521-13743;1414359;107;20170115;https://www.jardiland.com/plantes/arbres-et-arbustes-d-ornement/arbres-et-arbustes/photinia/33521-photinia-x-fraseri-pink-marbler-cassini.html
48256-48516;1275040;107;20170115;https://www.jardiland.com/plantes/arbres-et-arbustes-d-ornement/arbres-et-arbustes/photinia/48256-photinia-x-fraseri-red-robin-blood.html
33520-11681;1371661;107;20170115;https://www.jardiland.com/plantes/arbres-et-arbustes-d-ornement/arbres-et-arbustes/photinia/33520-photinia-x-fraseri-nana.html
33519-30937;992989;107;20170115;https://www.jardiland.com/plantes/arbres-et-arbustes-d-ornement/arbres-et-arbustes/photinia/33519-photinia-x-fraseri-little-red-robin.html
33477-55093;585936;107;20170115;https://www.jardiland.com/plantes/arbres-et-arbustes-d-ornement/arbres-et-arbustes/noisetier-ornemental/33477-noisetier-tortueux.html
33476-16708;585923;107;20170115;https://www.jardiland.com/plantes/arbres-et-arbustes-d-ornement/arbres-et-arbustes/noisetier-ornemental/33476-noisetier.html
33465-17473;589666;107;20170115;https://www.jardiland.com/plantes/arbres-et-arbustes-d-ornement/arbres-et-arbustes/millepertuis/33465-millepertuis-hidcote.html
33538-60519;981736;107;20170115;https://www.jardiland.com/plantes/arbres-et-arbustes-d-ornement/arbres-et-arbustes/pommier-d-ornement/33538-malus-john-downie.html
33714-17807;591808;107;20170115;https://www.jardiland.com/plantes/arbres-et-arbustes-d-ornement/arbres-et-arbustes/troene/33714-ligustrum-ovalifolium.html
33317-6455;1013164;107;20170115;https://www.jardiland.com/plantes/arbres-et-arbustes-d-ornement/arbres-et-arbustes/hetre/33317-hetre-commun.html
33252-17078;587519;107;20170115;https://www.jardiland.com/plantes/arbres-et-arbustes-d-ornement/arbres-et-arbustes/fusain/33252-fusain-du-japon-aureus.html
33255-24356;745445;107;20170115;https://www.jardiland.com/plantes/arbres-et-arbustes-d-ornement/arbres-et-arbustes/fusain/33255-euonymus-japonicus-bravo.html
33191-15946;579085;107;20170115;https://www.jardiland.com/plantes/arbres-et-arbustes-d-ornement/arbres-et-arbustes/erable/33191-erable-champetre-carnival.html
33190-30037;965331;107;20170115;https://www.jardiland.com/plantes/arbres-et-arbustes-d-ornement/arbres-et-arbustes/erable/33190-erable-champetre.html
33190-13758;1415242;107;20170115;https://www.jardiland.com/plantes/arbres-et-arbustes-d-ornement/arbres-et-arbustes/erable/33190-erable-champetre.html
33190-7691;1243750;107;20170115;https://www.jardiland.com/plantes/arbres-et-arbustes-d-ornement/arbres-et-arbustes/erable/33190-erable-champetre.html
33162-16920;586834;107;20170115;https://www.jardiland.com/plantes/arbres-et-arbustes-d-ornement/arbres-et-arbustes/deutzia/33162-deutzia-x-hybrida-mont-rose.html
33277-44438;586667;107;20170115;https://www.jardiland.com/plantes/arbres-et-arbustes-d-ornement/arbres-et-arbustes/genet/33277-cytisus-x-praecox-hollandia.html
33130-30861;988730;107;20170115;https://www.jardiland.com/plantes/arbres-et-arbustes-d-ornement/arbres-et-arbustes/cornouiller/33130-cornouiller-du-japon.html
33120-16663;585630;107;20170115;https://www.jardiland.com/plantes/arbres-et-arbustes-d-ornement/arbres-et-arbustes/cornouiller/33120-cornouiller-blanc.html
33080-21523;650734;107;20170115;https://www.jardiland.com/plantes/arbres-et-arbustes-d-ornement/arbres-et-arbustes/charme/33080-charme-commun.html
33079-22569;680540;107;20170115;https://www.jardiland.com/plantes/arbres-et-arbustes-d-ornement/arbres-et-arbustes/charme/33079-charme-commun.html
33019-16115;581174;107;20170115;https://www.jardiland.com/plantes/arbres-et-arbustes-d-ornement/arbres-et-arbustes/bouleau/33019-bouleau-pleureur-youngii.html
33023-25001;809209;107;20170115;https://www.jardiland.com/plantes/arbres-et-arbustes-d-ornement/arbres-et-arbustes/bouleau/33023-bouleau-de-l-himalaya-jacquemontii-doorenbos.html
41520-16107;581089;107;20170115;https://www.jardiland.com/plantes/arbres-et-arbustes-d-ornement/arbres-et-arbustes/bouleau/41520-bouleau-blanc.html
32930-22081;662111;107;20170115;https://www.jardiland.com/plantes/arbres-et-arbustes-d-ornement/arbres-et-arbustes/abelia/32930-abelia-x-edward-goucher.html
32929-15858;578638;107;20170115;https://www.jardiland.com/plantes/arbres-et-arbustes-d-ornement/arbres-et-arbustes/abelia/32929-abelia-a-grandes-fleurs.html
32929-15697;578644;107;20170115;https://www.jardiland.com/plantes/arbres-et-arbustes-d-ornement/arbres-et-arbustes/abelia/32929-abelia-a-grandes-fleurs.html
