ID_WEB;ID_JDN;CODEMAG;DATE_ASPI;URLPRODUIT
71236-71236;1321777;172;20170122;https://www.jardiland.com/maison-deco/beaute-bien-tre/cosmetiques/savon/71236-savon-rond-au-lait-d-aloe-vera.html
68721-68721;1443302;172;20170122;https://www.jardiland.com/maison-deco/beaute-bien-tre/cosmetiques/savon/68721-savon-100gr-bm-nos-regions-de-france.html
69399-69399;1426974;172;20170122;https://www.jardiland.com/maison-deco/epicerie-fine/epicerie-sucree/confiserie/69399-sucettes-artisanales-torsades.html
3395-3395;1426975;172;20170122;https://www.jardiland.com/maison-deco/epicerie-fine/epicerie-sucree/confiserie/3395-sucette-artisanale-en-forme-de-coeur.html
2519-2519;1388717;172;20170122;https://www.jardiland.com/maison-deco/epicerie-fine/epicerie-sucree/confiserie/2519-seau-de-mini-guimauves.html
32896-15382;547088;172;20170122;https://www.jardiland.com/maison-deco/epicerie-fine/epicerie-sucree/confiture/32896-marmelade.html
68800-68800;1439412;172;20170122;https://www.jardiland.com/maison-deco/art-de-la-table/linge-de-table/autres-textiles-de-cuisine/68800-tablier-nainconnu.html
69678-69678;1432050;172;20170122;https://www.jardiland.com/maison-deco/art-de-la-table/linge-de-table/set-de-table/69678-set-de-table-vert-33x48cm.html
69661-69661;1432067;172;20170122;https://www.jardiland.com/maison-deco/art-de-la-table/linge-de-table/set-de-table/69661-set-de-table-uni-vert-33x48cm.html
69659-69659;1432069;172;20170122;https://www.jardiland.com/maison-deco/art-de-la-table/linge-de-table/set-de-table/69659-set-de-table-uni-taupe-33x48cm.html
69658-69658;1432070;172;20170122;https://www.jardiland.com/maison-deco/art-de-la-table/linge-de-table/set-de-table/69658-set-de-table-uni-orange-33x48cm.html
69677-69677;1432051;172;20170122;https://www.jardiland.com/maison-deco/art-de-la-table/linge-de-table/set-de-table/69677-set-de-table-gris-33x48cm.html
68794-68794;1439430;172;20170122;https://www.jardiland.com/maison-deco/art-de-la-table/linge-de-table/set-de-table/68794-dessous-de-verre-d9cm-nainconnu.html
69681-69681;1432047;172;20170122;https://www.jardiland.com/maison-deco/art-de-la-table/linge-de-table/chemin-de-table/69681-chemin-de-table-orange-40x140cm.html
69679-69679;1432049;172;20170122;https://www.jardiland.com/maison-deco/art-de-la-table/linge-de-table/chemin-de-table/69679-chemin-de-table-gris-40x140cm.html
1270-1270;1274860;172;20170122;https://www.jardiland.com/maison-deco/art-de-la-table/linge-de-table/chemin-de-table/1270-chemin-de-table-champagne.html
69255-69255;1430959;172;20170122;https://www.jardiland.com/maison-deco/art-de-la-table/vaisselle/verre/69255-verre-sur-pied-martele-transparent.html
68795-68795;1439421;172;20170122;https://www.jardiland.com/maison-deco/art-de-la-table/vaisselle/verre/68795-verre-haut-maison-du-bonheur.html
70649-70649;1386803;172;20170122;https://www.jardiland.com/maison-deco/art-de-la-table/vaisselle/verre/70649-verre-haut-chat-toit.html
68407-68407;1457208;172;20170122;https://www.jardiland.com/maison-deco/art-de-la-table/vaisselle/plateau-presentoir-et-set/68407-set-de-table-pp-nain-connu-jaun.html
68803-68803;1439405;172;20170122;https://www.jardiland.com/maison-deco/art-de-la-table/vaisselle/plat-de-service/68803-sel-poivre-nainconnu.html
1261-1261;1274210;172;20170122;https://www.jardiland.com/maison-deco/art-de-la-table/vaisselle/vaisselle-decoree/1261-ramequin.html
68807-68807;1439395;172;20170122;https://www.jardiland.com/maison-deco/art-de-la-table/vaisselle/plateau-presentoir-et-set/68807-plateau-27x22-maison-bonheur.html
68808-68808;1439391;172;20170122;https://www.jardiland.com/maison-deco/art-de-la-table/vaisselle/plat-de-service/68808-plat-long-37x17-maison-bonheur.html
2478-2478;1385175;172;20170122;https://www.jardiland.com/maison-deco/art-de-la-table/vaisselle/vaisselle-decoree/2478-mug-de-noel.html
68791-68791;1439449;172;20170122;https://www.jardiland.com/maison-deco/art-de-la-table/vaisselle/plateau-presentoir-et-set/68791-mini-plateau21x14-maison-bonhr.html
68792-68792;1439446;172;20170122;https://www.jardiland.com/maison-deco/art-de-la-table/vaisselle/tasse-bol-et-mug/68792-mini-mug-maison-bonheur.html
68793-68793;1439445;172;20170122;https://www.jardiland.com/maison-deco/art-de-la-table/vaisselle/tasse-bol-et-mug/68793-memofrigo-27x27-form-nainconnu.html
68799-68799;1439414;172;20170122;https://www.jardiland.com/maison-deco/art-de-la-table/vaisselle/tasse-bol-et-mug/68799-bol-melam-14cm-maison-bonheur.html
69252-69252;1430976;172;20170122;https://www.jardiland.com/maison-deco/art-de-la-table/vaisselle/tasse-bol-et-mug/69252-bol-martele-blanc-d15-2cm.html
32856-41486;885280;172;20170122;https://www.jardiland.com/maison-deco/cache-pot-d-interieur/a-reserve-d-eau/resine/32856-pot-cubico-cottage.html
50908-44827;1392295;172;20170122;https://www.jardiland.com/maison-deco/cache-pot-d-interieur/cache-pot-simple/ceramique/50908-vase-ceramique.html
50908-44173;1429257;172;20170122;https://www.jardiland.com/maison-deco/cache-pot-d-interieur/cache-pot-simple/ceramique/50908-vase-ceramique.html
69162-69162;1433008;172;20170122;https://www.jardiland.com/maison-deco/cache-pot-d-interieur/cache-pot-simple/contenant-en-metal/69162-pots-zinc-x4-s-plateau-gris-46x12x10cm.html
69163-69163;1433007;172;20170122;https://www.jardiland.com/maison-deco/cache-pot-d-interieur/cache-pot-simple/contenant-en-metal/69163-pots-zinc-x3-s-plateau-vert-36x10x10cm.html
69046-69046;1433179;172;20170122;https://www.jardiland.com/maison-deco/cache-pot-d-interieur/cache-pot-simple/contenant-en-metal/69046-pots-zinc-x3-s-plateau-corail-36x10x10cm.html
69056-69056;1433167;172;20170122;https://www.jardiland.com/maison-deco/cache-pot-d-interieur/cache-pot-simple/contenant-en-metal/69056-jardiniere-rect-gris-fonce-oiseau.html
69055-69055;1433168;172;20170122;https://www.jardiland.com/maison-deco/cache-pot-d-interieur/cache-pot-simple/contenant-en-metal/69055-jardiniere-ovale-gris-fonce-31x24x22cm.html
69054-69054;1433169;172;20170122;https://www.jardiland.com/maison-deco/cache-pot-d-interieur/cache-pot-simple/contenant-en-metal/69054-jardiniere-ovale-gris-fonce-24x19x17-5cm.html
69052-69052;1433172;172;20170122;https://www.jardiland.com/maison-deco/cache-pot-d-interieur/cache-pot-simple/contenant-en-metal/69052-jardiniere-ovale-gris-clair-48x31x23-5cm.html
69051-69051;1433173;172;20170122;https://www.jardiland.com/maison-deco/cache-pot-d-interieur/cache-pot-simple/contenant-en-metal/69051-jardiniere-ovale-gris-clair-38x25x18cm.html
46600-46600;1424433;172;20170122;https://www.jardiland.com/maison-deco/cache-pot-d-interieur/cache-pot-simple/ceramique/46600-cache-pot-anthracite-3-l.html
69421-69421;1423311;172;20170122;https://www.jardiland.com/maison-deco/librairie-papeterie/librairie/livre-jardin/69421-purins-d-orties-et-extraits-vegetaux.html
66400-66400;664593;172;20170122;https://www.jardiland.com/maison-deco/librairie-papeterie/papeterie/carte/66400-carte.html
4922-4922;790997;172;20170122;https://www.jardiland.com/maison-deco/cheminee/accessoires-de-cheminee/panier-a-buche/4922-panier-a-buches-en-osier-carre.html
69076-69076;1433145;172;20170122;https://www.jardiland.com/maison-deco/mobilier-d-interieur/69076-table-metal-ronde-grise-d60xh75cm.html
69123-69123;1433088;172;20170122;https://www.jardiland.com/maison-deco/objets-de-decoration/autres-objets-de-decoration/autres-objets-de-decoration/69123-serre-metal-noir-grillage-40x20x40cm.html
69137-69137;1433046;172;20170122;https://www.jardiland.com/maison-deco/objets-de-decoration/autres-objets-de-decoration/autres-objets-de-decoration/69137-pot-a-suspendre-vert-d17x17cm.html
69139-69139;1433044;172;20170122;https://www.jardiland.com/maison-deco/objets-de-decoration/autres-objets-de-decoration/autres-objets-de-decoration/69139-pot-a-suspendre-orange-d17x17cm.html
69138-69138;1433045;172;20170122;https://www.jardiland.com/maison-deco/objets-de-decoration/autres-objets-de-decoration/autres-objets-de-decoration/69138-pot-a-suspendre-jaune-d17x17cm.html
69136-69136;1433047;172;20170122;https://www.jardiland.com/maison-deco/objets-de-decoration/autres-objets-de-decoration/autres-objets-de-decoration/69136-pot-a-suspendre-gris-d17x17cm.html
70501-70501;1395413;172;20170122;https://www.jardiland.com/maison-deco/objets-de-decoration/autres-objets-de-decoration/autres-objets-de-decoration/70501-pomme-blanche-en-fibre-25-5x27-1.html
70497-70497;1395422;172;20170122;https://www.jardiland.com/maison-deco/objets-de-decoration/autres-objets-de-decoration/autres-objets-de-decoration/70497-pomme-blanche-en-fibre-20x22-1.html
70515-70515;1395348;172;20170122;https://www.jardiland.com/maison-deco/objets-de-decoration/autres-objets-de-decoration/autres-objets-de-decoration/70515-plateau-4-pots-en-terre-cuite-31x31x14-1.html
68394-68394;1457232;172;20170122;https://www.jardiland.com/maison-deco/objets-de-decoration/autres-objets-de-decoration/sac/68394-petit-sac-cabas-teo-jardinier.html
69857-69857;1409899;172;20170122;https://www.jardiland.com/maison-deco/objets-de-decoration/autres-objets-de-decoration/panier/69857-panieres-rectangulaires-pm.html
69856-69856;1409902;172;20170122;https://www.jardiland.com/maison-deco/objets-de-decoration/autres-objets-de-decoration/panier/69856-panieres-rectangulaires-gm.html
69100-69100;1433114;172;20170122;https://www.jardiland.com/maison-deco/objets-de-decoration/autres-objets-de-decoration/panier/69100-paniere-ronde-deco-30x10cm.html
69099-69099;1433115;172;20170122;https://www.jardiland.com/maison-deco/objets-de-decoration/autres-objets-de-decoration/panier/69099-paniere-ronde-deco-25x9cm.html
69098-69098;1433116;172;20170122;https://www.jardiland.com/maison-deco/objets-de-decoration/autres-objets-de-decoration/panier/69098-paniere-ronde-deco-22x7cm.html
70505-70505;1395377;172;20170122;https://www.jardiland.com/maison-deco/objets-de-decoration/autres-objets-de-decoration/panier/70505-paniere-rectang-en-plastique-50x44x36-1.html
70508-70508;1395373;172;20170122;https://www.jardiland.com/maison-deco/objets-de-decoration/autres-objets-de-decoration/panier/70508-paniere-rectang-en-plastique-47x40x18-1.html
70509-70509;1395372;172;20170122;https://www.jardiland.com/maison-deco/objets-de-decoration/autres-objets-de-decoration/panier/70509-paniere-rectang-en-plastique-41x32x16-1.html
70506-70506;1395376;172;20170122;https://www.jardiland.com/maison-deco/objets-de-decoration/autres-objets-de-decoration/panier/70506-paniere-rectang-en-plastique-40x35x31-1.html
70507-70507;1395374;172;20170122;https://www.jardiland.com/maison-deco/objets-de-decoration/autres-objets-de-decoration/panier/70507-paniere-rectang-en-plastique-34x29x27-1.html
70510-70510;1395371;172;20170122;https://www.jardiland.com/maison-deco/objets-de-decoration/autres-objets-de-decoration/panier/70510-paniere-rectang-en-plastique-34x25x14-1.html
69091-69091;1433127;172;20170122;https://www.jardiland.com/maison-deco/objets-de-decoration/autres-objets-de-decoration/autres-objets-de-decoration/69091-paniere-rect-avec-poignee-noire.html
69095-69095;1433120;172;20170122;https://www.jardiland.com/maison-deco/objets-de-decoration/autres-objets-de-decoration/autres-objets-de-decoration/69095-paniere-metal-a-suspendre-37x15x27cm.html
69126-69126;1433085;172;20170122;https://www.jardiland.com/maison-deco/objets-de-decoration/autres-objets-de-decoration/autres-objets-de-decoration/69126-panier-a-supendre-x3-25x140cm.html
70834-70834;1355796;172;20170122;https://www.jardiland.com/maison-deco/objets-de-decoration/autres-objets-de-decoration/autres-objets-de-decoration/70834-oeuf-naturel-a-susp-6cm-blanc-x6-1.html
69036-69036;1433626;172;20170122;https://www.jardiland.com/maison-deco/objets-de-decoration/autres-objets-de-decoration/autres-objets-de-decoration/69036-nid-en-plumes-sur-fil-2ass.html
70495-70495;1395425;172;20170122;https://www.jardiland.com/maison-deco/objets-de-decoration/autres-objets-de-decoration/autres-objets-de-decoration/70495-jardiniere-bois-3-pots-zinc-42x16x13-1.html
70840-70840;1355402;172;20170122;https://www.jardiland.com/maison-deco/objets-de-decoration/autres-objets-de-decoration/autres-objets-de-decoration/70840-decoration-en-sisal-50gram-jaune.html
70839-70839;1355419;172;20170122;https://www.jardiland.com/maison-deco/objets-de-decoration/autres-objets-de-decoration/autres-objets-de-decoration/70839-decoration-en-sisal-50gram-blanc.html
68708-68708;1443594;172;20170122;https://www.jardiland.com/maison-deco/objets-de-decoration/autres-objets-de-decoration/mobile-carillon/68708-carillon-animaux-savane-2-1.html
68706-68706;1443596;172;20170122;https://www.jardiland.com/maison-deco/objets-de-decoration/autres-objets-de-decoration/mobile-carillon/68706-carillon-animaux-jungle-2-1.html
68707-68707;1443595;172;20170122;https://www.jardiland.com/maison-deco/objets-de-decoration/autres-objets-de-decoration/mobile-carillon/68707-carillon-animaux-jungle-1-1.html
68404-68404;1457211;172;20170122;https://www.jardiland.com/maison-deco/objets-de-decoration/autres-objets-de-decoration/sac/68404-cabas-gm-nainconnu-jaune.html
69140-69140;1433043;172;20170122;https://www.jardiland.com/maison-deco/objets-de-decoration/autres-objets-de-decoration/autres-objets-de-decoration/69140-bain-a-oiseau-fonce-39x9cm.html
69141-69141;1433042;172;20170122;https://www.jardiland.com/maison-deco/objets-de-decoration/autres-objets-de-decoration/autres-objets-de-decoration/69141-bain-a-oiseau-ceramique-vert-35x8cm.html
70377-70377;1396984;172;20170122;https://www.jardiland.com/maison-deco/objets-de-decoration/autres-objets-de-decoration/autres-objets-de-decoration/70377-attrape-guepe-verre-vert-dia13x17cm.html
69037-69037;1433624;172;20170122;https://www.jardiland.com/maison-deco/objets-de-decoration/figurines-et-peluches/figurine/69037-poussins-en-chenille.html
71674-71674;1242988;172;20170122;https://www.jardiland.com/maison-deco/objets-de-decoration/figurines-et-peluches/figurine/71674-poussins-dans-nid-4ass-jaune-d8cm.html
70880-70880;1395469;172;20170122;https://www.jardiland.com/maison-deco/objets-de-decoration/figurines-et-peluches/figurine/70880-pomme-verte-en-fibre-25-5x27cm.html
70879-70879;1395479;172;20170122;https://www.jardiland.com/maison-deco/objets-de-decoration/figurines-et-peluches/figurine/70879-pomme-verte-en-fibre-20x22cm.html
70490-70490;1395489;172;20170122;https://www.jardiland.com/maison-deco/objets-de-decoration/figurines-et-peluches/figurine/70490-pomme-verte-en-fibre-15x17cm.html
70881-70881;1395433;172;20170122;https://www.jardiland.com/maison-deco/objets-de-decoration/figurines-et-peluches/figurine/70881-pomme-blanche-en-fibre-15x17-1.html
70484-70484;1395508;172;20170122;https://www.jardiland.com/maison-deco/objets-de-decoration/figurines-et-peluches/figurine/70484-oiseau-vert-en-fibre-36x19x24-1.html
70458-70458;1395534;172;20170122;https://www.jardiland.com/maison-deco/objets-de-decoration/figurines-et-peluches/figurine/70458-oiseau-vert-en-fibre-27x19x25-1.html
70475-70475;1395517;172;20170122;https://www.jardiland.com/maison-deco/objets-de-decoration/figurines-et-peluches/figurine/70475-oiseau-noir-en-fibre-36x19x24-1.html
70467-70467;1395525;172;20170122;https://www.jardiland.com/maison-deco/objets-de-decoration/figurines-et-peluches/figurine/70467-oiseau-blanc-en-fibre-36x19x24-1.html
69039-69039;1433609;172;20170122;https://www.jardiland.com/maison-deco/objets-de-decoration/figurines-et-peluches/figurine/69039-mouton-t-cuite-a-pompon-2ast.html
70493-70493;1395427;172;20170122;https://www.jardiland.com/maison-deco/objets-de-decoration/figurines-et-peluches/figurine/70493-bain-d-oiseau-sur-pied-22x35-5-1.html
70511-70511;1395369;172;20170122;https://www.jardiland.com/maison-deco/objets-de-decoration/figurines-et-peluches/figurine/70511-bain-d-oiseau-chocolat-32x20x15-1.html
68403-68403;1457212;172;20170122;https://www.jardiland.com/maison-deco/objets-de-decoration/rangement-boites-et-paniers/coffret-et-boite-de-rangement/68403-sac-6boutl-nain-connu.html
51073-51073;1387316;172;20170122;https://www.jardiland.com/maison-deco/objets-de-decoration/rangement-boites-et-paniers/boite-fantaisie/51073-porte-cartes-folk-collectionneuse-rose-violet.html
69142-69142;1433041;172;20170122;https://www.jardiland.com/maison-deco/objets-de-decoration/rangement-boites-et-paniers/coffret-et-boite-de-rangement/69142-panier-de-rangement-grillage-d16xh12cm.html
1899-1899;1322306;172;20170122;https://www.jardiland.com/maison-deco/objets-de-decoration/coussins-et-plaids/plaid/1899-plaid-marron.html
1928-1928;1330509;172;20170122;https://www.jardiland.com/maison-deco/objets-de-decoration/coussins-et-plaids/plaid/1928-plaid-blanc.html
69657-69657;1432071;172;20170122;https://www.jardiland.com/maison-deco/objets-de-decoration/coussins-et-plaids/galette/69657-coussin-de-chaise-vert-40x40cm.html
69245-69245;1432074;172;20170122;https://www.jardiland.com/maison-deco/objets-de-decoration/coussins-et-plaids/galette/69245-coussin-de-chaise-gris-40x40cm.html
69671-69671;1432057;172;20170122;https://www.jardiland.com/maison-deco/objets-de-decoration/coussins-et-plaids/coussin/69671-coussin-avec-motifs-vert-40x40cm.html
69673-69673;1432055;172;20170122;https://www.jardiland.com/maison-deco/objets-de-decoration/coussins-et-plaids/coussin/69673-coussin-avec-motifs-vert-30x50cm.html
69670-69670;1432058;172;20170122;https://www.jardiland.com/maison-deco/objets-de-decoration/coussins-et-plaids/coussin/69670-coussin-avec-motifs-orange-40x40cm.html
69674-69674;1432054;172;20170122;https://www.jardiland.com/maison-deco/objets-de-decoration/coussins-et-plaids/coussin/69674-coussin-avec-motifs-orange-30x50cm.html
69675-69675;1432053;172;20170122;https://www.jardiland.com/maison-deco/objets-de-decoration/coussins-et-plaids/coussin/69675-coussin-avec-motifs-gris-30x50cm.html
68929-68929;1434154;172;20170122;https://www.jardiland.com/maison-deco/objets-de-decoration/plantes-artificielles/funeraire/68929-tige-rose-bouton-rouge.html
68930-68930;1434153;172;20170122;https://www.jardiland.com/maison-deco/objets-de-decoration/plantes-artificielles/funeraire/68930-tige-rose-bouton-creme.html
71875-71875;1270717;172;20170122;https://www.jardiland.com/maison-deco/objets-de-decoration/plantes-artificielles/tige-fleurie/71875-pivoine-creme-2flrs-60cm.html
71234-71234;1322441;172;20170122;https://www.jardiland.com/maison-deco/objets-de-decoration/plantes-artificielles/funeraire/71234-piquet-pensees-x7-tiges-24cm-3-clrs-ast.html
68746-68746;1441342;172;20170122;https://www.jardiland.com/maison-deco/objets-de-decoration/plantes-artificielles/tige-fleurie/68746-fougere-branche-78cm-vert.html
68925-68925;1434169;172;20170122;https://www.jardiland.com/maison-deco/objets-de-decoration/plantes-artificielles/funeraire/68925-cone-roses-delphiniums-h70-creme-bleu.html
68924-68924;1434170;172;20170122;https://www.jardiland.com/maison-deco/objets-de-decoration/plantes-artificielles/funeraire/68924-cone-gerberas-oncidiums-h60-jaune.html
71913-71913;1218200;172;20170122;https://www.jardiland.com/maison-deco/objets-de-decoration/plantes-artificielles/plante-et-fleur/71913-bambou-180cm-canne-noire-pot.html
72068-72068;1003607;172;20170122;https://www.jardiland.com/maison-deco/objets-de-decoration/plantes-artificielles/plante-et-fleur/72068-bambou-150cm-canne-noire-pot.html
70888-70888;1393566;172;20170122;https://www.jardiland.com/maison-deco/objets-de-decoration/vases-coupes-et-accessoires/pot-et-coupe/70888-vase-en-verre-avec-corde-28-5x11-5cm.html
70887-70887;1393567;172;20170122;https://www.jardiland.com/maison-deco/objets-de-decoration/vases-coupes-et-accessoires/pot-et-coupe/70887-vase-en-verre-avec-corde-24x10-7cm.html
69119-69119;1433094;172;20170122;https://www.jardiland.com/maison-deco/objets-de-decoration/vases-coupes-et-accessoires/pot-et-coupe/69119-vase-ceramique-vert-25x32cm.html
69118-69118;1433095;172;20170122;https://www.jardiland.com/maison-deco/objets-de-decoration/vases-coupes-et-accessoires/pot-et-coupe/69118-vase-ceramique-vert-18x23cm.html
69884-69884;1409862;172;20170122;https://www.jardiland.com/maison-deco/objets-de-decoration/vases-coupes-et-accessoires/pot-et-coupe/69884-vase-ceramique-noir-et-blanc-d25x15cm.html
69889-69889;1409857;172;20170122;https://www.jardiland.com/maison-deco/objets-de-decoration/vases-coupes-et-accessoires/pot-et-coupe/69889-vase-ceramique-motif-marron-d19-5x34cm.html
69888-69888;1409858;172;20170122;https://www.jardiland.com/maison-deco/objets-de-decoration/vases-coupes-et-accessoires/pot-et-coupe/69888-vase-ceramique-motif-marron-d19-5x20cm.html
69122-69122;1433089;172;20170122;https://www.jardiland.com/maison-deco/objets-de-decoration/vases-coupes-et-accessoires/pot-et-coupe/69122-vase-ceramique-corail-d20x40cm.html
69121-69121;1433092;172;20170122;https://www.jardiland.com/maison-deco/objets-de-decoration/vases-coupes-et-accessoires/pot-et-coupe/69121-vase-ceramique-corail-25x32cm.html
69120-69120;1433093;172;20170122;https://www.jardiland.com/maison-deco/objets-de-decoration/vases-coupes-et-accessoires/pot-et-coupe/69120-vase-ceramique-corail-18x23cm.html
69110-69110;1433103;172;20170122;https://www.jardiland.com/maison-deco/objets-de-decoration/vases-coupes-et-accessoires/pot-et-coupe/69110-vase-ceramique-corail-15x33cm.html
69109-69109;1433104;172;20170122;https://www.jardiland.com/maison-deco/objets-de-decoration/vases-coupes-et-accessoires/pot-et-coupe/69109-vase-ceramique-corail-10x23cm.html
69154-69154;1433019;172;20170122;https://www.jardiland.com/maison-deco/objets-de-decoration/vases-coupes-et-accessoires/pot-et-coupe/69154-vase-ceramique-blanc-noir-25x32cm.html
69153-69153;1433020;172;20170122;https://www.jardiland.com/maison-deco/objets-de-decoration/vases-coupes-et-accessoires/pot-et-coupe/69153-vase-ceramique-blanc-noir-18x23cm.html
69157-69157;1433015;172;20170122;https://www.jardiland.com/maison-deco/objets-de-decoration/vases-coupes-et-accessoires/pot-et-coupe/69157-vase-ceramique-blanc-noir-20x40cm.html
69147-69147;1433028;172;20170122;https://www.jardiland.com/maison-deco/objets-de-decoration/vases-coupes-et-accessoires/pot-et-coupe/69147-vase-ceramique-blanc-fond-beton-d15xh33-1.html
69146-69146;1433029;172;20170122;https://www.jardiland.com/maison-deco/objets-de-decoration/vases-coupes-et-accessoires/pot-et-coupe/69146-vase-ceramique-blanc-fond-beton-d10xh23-1.html
69885-69885;1409861;172;20170122;https://www.jardiland.com/maison-deco/objets-de-decoration/vases-coupes-et-accessoires/pot-et-coupe/69885-vase-ceramique-blanc-et-gris-d20x40cm.html
69127-69127;1433075;172;20170122;https://www.jardiland.com/maison-deco/objets-de-decoration/vases-coupes-et-accessoires/pot-et-coupe/69127-vase-ceramique-2ast-8-5x15cm.html
69135-69135;1433051;172;20170122;https://www.jardiland.com/maison-deco/objets-de-decoration/vases-coupes-et-accessoires/pot-et-coupe/69135-pots-motif-oiseau-x3-sur-support.html
69132-69132;1433062;172;20170122;https://www.jardiland.com/maison-deco/objets-de-decoration/vases-coupes-et-accessoires/pot-et-coupe/69132-pot-x3-aromates-14x14cm.html
69105-69105;1433108;172;20170122;https://www.jardiland.com/maison-deco/objets-de-decoration/vases-coupes-et-accessoires/pot-et-coupe/69105-pot-terracota-pissenlit-2ast.html
69088-69088;1433131;172;20170122;https://www.jardiland.com/maison-deco/objets-de-decoration/vases-coupes-et-accessoires/pot-et-coupe/69088-pot-terracota-dans-panier-metal-34x17x40-1.html
69134-69134;1433060;172;20170122;https://www.jardiland.com/maison-deco/objets-de-decoration/vases-coupes-et-accessoires/pot-et-coupe/69134-pot-motif-oiseau-sur-plateau-grillage.html
69087-69087;1433132;172;20170122;https://www.jardiland.com/maison-deco/objets-de-decoration/vases-coupes-et-accessoires/pot-et-coupe/69087-pot-metal-x3-dans-panier-metal-37x15x12-1.html
69104-69104;1433109;172;20170122;https://www.jardiland.com/maison-deco/objets-de-decoration/vases-coupes-et-accessoires/pot-et-coupe/69104-pot-aromates-4-ast.html
69334-69334;1429141;172;20170122;https://www.jardiland.com/maison-deco/objets-de-decoration/vases-coupes-et-accessoires/pot-et-coupe/69334-cloche-verre-sur-pied-20x20x24cm.html
70567-70567;1393509;172;20170122;https://www.jardiland.com/maison-deco/objets-de-decoration/vases-coupes-et-accessoires/pot-et-coupe/70567-boule-en-verrea-suspendre-6x7-5cm.html
70198-70198;1408191;172;20170122;https://www.jardiland.com/maison-deco/objets-de-decoration/vases-coupes-et-accessoires/pot-et-coupe/70198-boule-en-verre-a-suspendre-14x17-5cm.html
70197-70197;1408192;172;20170122;https://www.jardiland.com/maison-deco/objets-de-decoration/vases-coupes-et-accessoires/pot-et-coupe/70197-boule-en-verre-a-suspendre-12x13-5cm.html
70188-70188;1408201;172;20170122;https://www.jardiland.com/maison-deco/objets-de-decoration/vases-coupes-et-accessoires/pot-et-coupe/70188-4-boules-en-verre-a-suspendre-6x27cm.html
70187-70187;1408202;172;20170122;https://www.jardiland.com/maison-deco/objets-de-decoration/vases-coupes-et-accessoires/pot-et-coupe/70187-2-boules-en-verre-a-suspendre-6x14cm.html
66605-66605;644387;172;20170122;https://www.jardiland.com/maison-deco/objets-de-decoration/bougies-et-senteurs/accessoires-pour-encens/66605-support-35-cm.html
32920-9957;1320743;172;20170122;https://www.jardiland.com/maison-deco/objets-de-decoration/bougies-et-senteurs/parfum-d-ambiance-diffuseur-a-froid/32920-recharge-parfum-goatier.html
71237-71237;1321761;172;20170122;https://www.jardiland.com/maison-deco/objets-de-decoration/bougies-et-senteurs/diffuseur-de-parfum-et-recharge/71237-diffuseur-electrique-saturne.html
71235-71235;1321855;172;20170122;https://www.jardiland.com/maison-deco/objets-de-decoration/bougies-et-senteurs/diffuseur-de-parfum-et-recharge/71235-diffuseur-electrique-kheops.html
68341-68341;1459465;172;20170122;https://www.jardiland.com/maison-deco/objets-de-decoration/bougies-et-senteurs/diffuseur-de-parfum-et-recharge/68341-bruleur-porcelaine-etoile-taupe.html
52717-52717;1432919;172;20170122;https://www.jardiland.com/maison-deco/objets-de-decoration/bougeoirs-photophores-et-lanternes/lanterne/52717-photophore-jaune.html
69221-69221;1432379;172;20170122;https://www.jardiland.com/maison-deco/objets-de-decoration/bougeoirs-photophores-et-lanternes/bougeoir-et-photophore-deco/69221-photophore-forme-verre-2-col-ast.html
69336-69336;1429138;172;20170122;https://www.jardiland.com/maison-deco/objets-de-decoration/bougeoirs-photophores-et-lanternes/bougeoir-et-photophore-deco/69336-photophore-a-suspendre-avec-corde-16x16-1.html
69335-69335;1429139;172;20170122;https://www.jardiland.com/maison-deco/objets-de-decoration/bougeoirs-photophores-et-lanternes/bougeoir-et-photophore-deco/69335-photophore-a-suspendre-avec-corde-13x13-1.html
69203-69203;1432415;172;20170122;https://www.jardiland.com/maison-deco/objets-de-decoration/bougeoirs-photophores-et-lanternes/lanterne/69203-lanterne-verre-3ast.html
69204-69204;1432414;172;20170122;https://www.jardiland.com/maison-deco/objets-de-decoration/bougeoirs-photophores-et-lanternes/lanterne/69204-lanterne-verre-2ast.html
2162-2162;1362406;172;20170122;https://www.jardiland.com/maison-deco/objets-de-decoration/bougeoirs-photophores-et-lanternes/bougeoir-et-photophore-deco/2162-lanterne-ronde.html
69082-69082;1433137;172;20170122;https://www.jardiland.com/maison-deco/objets-de-decoration/bougeoirs-photophores-et-lanternes/lanterne/69082-lanterne-noir-d20x22cm.html
70154-70154;1408268;172;20170122;https://www.jardiland.com/maison-deco/objets-de-decoration/bougeoirs-photophores-et-lanternes/lanterne/70154-lanterne-metal-dore-et-verre-16x16x49cm.html
69084-69084;1433135;172;20170122;https://www.jardiland.com/maison-deco/objets-de-decoration/bougeoirs-photophores-et-lanternes/lanterne/69084-lanterne-metal-corail-d30-x-h20cm.html
69220-69220;1432380;172;20170122;https://www.jardiland.com/maison-deco/objets-de-decoration/bougeoirs-photophores-et-lanternes/lanterne/69220-lanterne-fer-noir-19-8x19-8x25cm.html
69081-69081;1433138;172;20170122;https://www.jardiland.com/maison-deco/objets-de-decoration/bougeoirs-photophores-et-lanternes/lanterne/69081-lanterne-corail-d20x22cm.html
69216-69216;1432391;172;20170122;https://www.jardiland.com/maison-deco/objets-de-decoration/bougeoirs-photophores-et-lanternes/lanterne/69216-lanterne-bois-blanc-19x19x27cm.html
1323-1323;1305379;172;20170122;https://www.jardiland.com/animaux/oiseau-de-la-nature/nichoir/1323-nichoir-adaptable-fun-2-1.html
67631-67631;1475664;172;20170122;https://www.jardiland.com/animaux/oiseau-de-la-nature/mangeoire-et-distributeur/67631-mangeoire-sur-pied-rutland-h135cm.html
68459-68459;1455309;172;20170122;https://www.jardiland.com/animaux/reptiles-et-insectes/alimentation/boite-et-lyophilisee/68459-sera-flower-s-loop-s.html
66866-66866;538822;172;20170122;https://www.jardiland.com/animaux/oiseau/hygiene-et-soins/soin-de-l-animal/66866-vitaperruche.html
66867-66867;538817;172;20170122;https://www.jardiland.com/animaux/oiseau/hygiene-et-soins/soin-de-l-animal/66867-special-bain-flacon-24ml.html
68382-68382;1457281;172;20170122;https://www.jardiland.com/animaux/oiseau/cages-volieres-et-accessoires/equipement-de-cage-et-voliere/68382-balle-tetines-24cm.html
68811-68811;1439347;172;20170122;https://www.jardiland.com/animaux/oiseau/alimentation-et-friandises/friandise/68811-prest-sp-perroquets-exotic-light750g.html
68815-68815;1439342;172;20170122;https://www.jardiland.com/animaux/oiseau/alimentation-et-friandises/alimentation-quotidienne/68815-prest-loro-parq-african-parakeet-1kg.html
68874-68874;1437426;172;20170122;https://www.jardiland.com/animaux/oiseau/alimentation-et-friandises/alimentation-quotidienne/68874-pic-or-melange-tourterelles-1-kg-tyrol.html
68875-68875;1437425;172;20170122;https://www.jardiland.com/animaux/oiseau/alimentation-et-friandises/alimentation-quotidienne/68875-pic-or-melange-perruches-1kg-tyrol.html
68876-68876;1437424;172;20170122;https://www.jardiland.com/animaux/oiseau/alimentation-et-friandises/alimentation-quotidienne/68876-pic-or-melange-canaris-1kg-tyrol.html
42197-42197;538531;172;20170122;https://www.jardiland.com/animaux/oiseau/alimentation-et-friandises/friandise/42197-patee-ravivant-la-couleur-100-g.html
42195-42195;538527;172;20170122;https://www.jardiland.com/animaux/oiseau/alimentation-et-friandises/friandise/42195-patee-deelevage-100-g-aux-oeufs.html
68810-68810;1439348;172;20170122;https://www.jardiland.com/animaux/oiseau/alimentation-et-friandises/complement-nutritionnel/68810-orlux-gold-patee-perruche-250g.html
68266-68266;1463243;172;20170122;https://www.jardiland.com/animaux/poisson/materiel-chauffage-filtres-et-pompes/chauffage/68266-thermometre-de-precision.html
71326-71326;1305222;172;20170122;https://www.jardiland.com/animaux/poisson/materiel-chauffage-filtres-et-pompes/masse-de-filtration/71326-tetra-easy-crystal-filterpack-c100-1.html
68890-68890;1436797;172;20170122;https://www.jardiland.com/animaux/poisson/materiel-chauffage-filtres-et-pompes/filtre-interieur/68890-new-rena-superclean-60-1.html
68891-68891;1436795;172;20170122;https://www.jardiland.com/animaux/poisson/materiel-chauffage-filtres-et-pompes/filtre-interieur/68891-new-rena-superclean-20-1.html
68777-68777;1440479;172;20170122;https://www.jardiland.com/animaux/poisson/materiel-chauffage-filtres-et-pompes/masse-de-filtration/68777-mousse-foam-taille-m-x1-1.html
68880-68880;1436811;172;20170122;https://www.jardiland.com/animaux/poisson/materiel-chauffage-filtres-et-pompes/masse-de-filtration/68880-mousse-90-120-30ppi.html
68881-68881;1436810;172;20170122;https://www.jardiland.com/animaux/poisson/materiel-chauffage-filtres-et-pompes/masse-de-filtration/68881-mousse-40-60-30ppi.html
68882-68882;1436809;172;20170122;https://www.jardiland.com/animaux/poisson/materiel-chauffage-filtres-et-pompes/masse-de-filtration/68882-mousse-30ppi.html
68778-68778;1440470;172;20170122;https://www.jardiland.com/animaux/poisson/materiel-chauffage-filtres-et-pompes/filtre-interieur/68778-filtre-interieur-cf80-1.html
32536-29889;957387;172;20170122;https://www.jardiland.com/animaux/poisson/materiel-chauffage-filtres-et-pompes/nettoyage-aquarium/32536-epuisette-maille-fine.html
5517-5517;957338;172;20170122;https://www.jardiland.com/animaux/poisson/materiel-chauffage-filtres-et-pompes/aeration/5517-diffuseur-d-air-boule-3-cm.html
68268-68268;1463241;172;20170122;https://www.jardiland.com/animaux/poisson/materiel-chauffage-filtres-et-pompes/aeration/68268-diffuseur-air-cylind-3cm-x2-1.html
68883-68883;1436805;172;20170122;https://www.jardiland.com/animaux/poisson/materiel-chauffage-filtres-et-pompes/masse-de-filtration/68883-crystal-90-120-x6-1.html
68884-68884;1436804;172;20170122;https://www.jardiland.com/animaux/poisson/materiel-chauffage-filtres-et-pompes/masse-de-filtration/68884-crystal-90-120-x2-1.html
68885-68885;1436802;172;20170122;https://www.jardiland.com/animaux/poisson/materiel-chauffage-filtres-et-pompes/masse-de-filtration/68885-crystal-40-60-x2-1.html
68886-68886;1436801;172;20170122;https://www.jardiland.com/animaux/poisson/materiel-chauffage-filtres-et-pompes/masse-de-filtration/68886-crystal-20-x6-1.html
68887-68887;1436800;172;20170122;https://www.jardiland.com/animaux/poisson/materiel-chauffage-filtres-et-pompes/masse-de-filtration/68887-crystal-20-x2-1.html
68682-68682;1449618;172;20170122;https://www.jardiland.com/animaux/poisson/materiel-chauffage-filtres-et-pompes/nettoyage-aquarium/68682-cloche-de-nettoyage-25-40cm.html
1941-1941;1336294;172;20170122;https://www.jardiland.com/animaux/poisson/materiel-chauffage-filtres-et-pompes/nettoyage-aquarium/1941-cloche-de-nettoyage.html
32531-15318;543748;172;20170122;https://www.jardiland.com/animaux/poisson/materiel-chauffage-filtres-et-pompes/masse-de-filtration/32531-charbon-de-filtration-actikool.html
68776-68776;1440485;172;20170122;https://www.jardiland.com/animaux/poisson/materiel-chauffage-filtres-et-pompes/masse-de-filtration/68776-cartouches-waterclear-taille-m-x1-1.html
68866-68866;1437453;172;20170122;https://www.jardiland.com/animaux/poisson/materiel-chauffage-filtres-et-pompes/masse-de-filtration/68866-cartouche-waterclear-taille-s-x2-1.html
32432-27122;867705;172;20170122;https://www.jardiland.com/animaux/poisson/decoration-pour-aquarium/sable-et-autres-graviers/32432-quartz-3-litres.html
70210-70210;1407977;172;20170122;https://www.jardiland.com/animaux/poisson/decoration-pour-aquarium/plante-artificielle/70210-plantes-pm-display.html
68667-68667;1453039;172;20170122;https://www.jardiland.com/animaux/poisson/decoration-pour-aquarium/sable-et-autres-graviers/68667-jard-sable-blanc-fin-3l.html
68668-68668;1453038;172;20170122;https://www.jardiland.com/animaux/poisson/decoration-pour-aquarium/sable-et-autres-graviers/68668-jard-sable-blanc-fin-15kg.html
5671-5671;936979;172;20170122;https://www.jardiland.com/animaux/poisson/aquariums/aquarium-decoratif/5671-aquarium-betta-kit-zen-grand-modele.html
71280-71280;1315402;172;20170122;https://www.jardiland.com/animaux/basse-cour/poulaillers-clapiers-et-accessoires/mangeoire-et-abreuvoir/71280-mangeoire-plastique-2kg-vert-anis.html
68256-68256;1465507;172;20170122;https://www.jardiland.com/animaux/basse-cour/aliments/complement-nutritionnel/68256-pack-vers-o-net-volaille-2x250ml.html
68369-68369;1458563;172;20170122;https://www.jardiland.com/animaux/chat/soins-antiparasitaires/vermifuge/68369-vers-o-net-chat-15-comprimes.html
5753-5753;957294;172;20170122;https://www.jardiland.com/animaux/chat/soins-antiparasitaires/accessoires-antiparasitaires/5753-peigne-puce-petit-modele.html
69470-69470;1418908;172;20170122;https://www.jardiland.com/animaux/chat/hygiene-soins-et-litieres/soins-pour-chat/69470-feliway-recharge-48ml.html
5756-5756;957297;172;20170122;https://www.jardiland.com/animaux/chat/hygiene-soins-et-litieres/soin-de-toilettage/5756-brosse-douce.html
68823-68823;1438353;172;20170122;https://www.jardiland.com/animaux/chat/hygiene-soins-et-litieres/soins-pour-chat/68823-bogadent-dental-lipo-gel-cat-50ml.html
2289-2289;1373563;172;20170122;https://www.jardiland.com/animaux/chat/gamelles-ecuelles-et-distributeurs/distributeur-d-eau-et-croquette/2289-cartouches-pour-fontaine-sense.html
70265-70265;1401962;172;20170122;https://www.jardiland.com/animaux/rongeurs-et-petits-mammiferes/hygiene-et-soins/soin-antiparasitaire/70265-spray-insecticide-cage-o-r-150ml.html
68669-68669;1452935;172;20170122;https://www.jardiland.com/animaux/rongeurs-et-petits-mammiferes/hygiene-et-soins/litiere/68669-smooz-paille-1kg.html
5792-5792;970723;172;20170122;https://www.jardiland.com/animaux/rongeurs-et-petits-mammiferes/habitats-cages-et-accessoires/cage/5792-cage-lapin-nero-3-deluxe.html
5280-5280;972186;172;20170122;https://www.jardiland.com/animaux/rongeurs-et-petits-mammiferes/habitats-cages-et-accessoires/cage/5280-cage-cochons-d-inde-nero-2-deluxe.html
1837-1837;1315405;172;20170122;https://www.jardiland.com/animaux/rongeurs-et-petits-mammiferes/habitats-cages-et-accessoires/cage/1837-cage-cochons-d-inde-bunny.html
70251-70251;1403399;172;20170122;https://www.jardiland.com/animaux/rongeurs-et-petits-mammiferes/habitats-cages-et-accessoires/cage/70251-cage-caesar-3-double.html
68370-68370;1458562;172;20170122;https://www.jardiland.com/animaux/chien/soins-antiparasitaires/vermifuge/68370-vers-o-net-chien-30-comprimes.html
68325-68325;1460350;172;20170122;https://www.jardiland.com/animaux/chien/soins-antiparasitaires/vermifuge/68325-vermi-chien-essentiel-100ml.html
68989-68989;1441698;172;20170122;https://www.jardiland.com/animaux/chien/soins-antiparasitaires/insecticide/68989-e-shampooing-chat-et-chien-250ml.html
68158-68158;1466489;172;20170122;https://www.jardiland.com/animaux/chien/hygiene-et-soins/soin-de-toilettage/68158-slicker-metal-large.html
1024-1024;1336281;172;20170122;https://www.jardiland.com/animaux/chien/hygiene-et-soins/soin-de-toilettage/1024-shampooing-anti-odeurs-pour-chien.html
68137-68137;1467888;172;20170122;https://www.jardiland.com/animaux/chien/hygiene-et-soins/soin-de-toilettage/68137-peigne-plastique-fin.html
5745-5745;957278;172;20170122;https://www.jardiland.com/animaux/chien/hygiene-et-soins/soin-de-toilettage/5745-peigne-fin.html
5747-5747;957280;172;20170122;https://www.jardiland.com/animaux/chien/hygiene-et-soins/soin-de-toilettage/5747-peigne-double.html
68147-68147;1467272;172;20170122;https://www.jardiland.com/animaux/chien/hygiene-et-soins/soin-de-toilettage/68147-peigne-demeloir-8-lames.html
67630-67630;1475665;172;20170122;https://www.jardiland.com/animaux/chien/hygiene-et-soins/soin-de-toilettage/67630-lotion-extraits-capucine-chien-250ml.html
70291-70291;1398785;172;20170122;https://www.jardiland.com/animaux/chien/hygiene-et-soins/soin-de-toilettage/70291-jd-ciseaux-de-toilettage.html
70289-70289;1398797;172;20170122;https://www.jardiland.com/animaux/chien/hygiene-et-soins/soin-de-toilettage/70289-jd-brosse-de-massage.html
68981-68981;1463706;172;20170122;https://www.jardiland.com/animaux/chien/hygiene-et-soins/soin-de-toilettage/68981-coupe-ongle-small.html
68135-68135;1468844;172;20170122;https://www.jardiland.com/animaux/chien/hygiene-et-soins/soin-de-toilettage/68135-brosse-plastique-double-large.html
32163-12879;1398777;172;20170122;https://www.jardiland.com/animaux/chien/hygiene-et-soins/soin-de-toilettage/32163-brosse-carde.html
69469-69469;1418912;172;20170122;https://www.jardiland.com/animaux/chien/hygiene-et-soins/hygiene-et-soin/69469-adaptil-spray-20ml.html
69467-69467;1418914;172;20170122;https://www.jardiland.com/animaux/chien/hygiene-et-soins/hygiene-et-soin/69467-adaptil-collier-70cm.html
69468-69468;1418913;172;20170122;https://www.jardiland.com/animaux/chien/hygiene-et-soins/hygiene-et-soin/69468-adaptil-collier-46-5cm.html
66862-66862;540804;172;20170122;https://www.jardiland.com/animaux/chien/colliers-laisses-et-vetements/tube-et-medaille-d-identite/66862-tube-adresse-nickele-2cm.html
32117-12930;1399887;172;20170122;https://www.jardiland.com/animaux/chien/colliers-laisses-et-vetements/manteau-pour-chien/32117-parka-pole-nord-rouge-pour-chien.html
69576-69576;1416816;172;20170122;https://www.jardiland.com/animaux/chien/colliers-laisses-et-vetements/tube-et-medaille-d-identite/69576-medaille-classic-os-grand-noir.html
69598-69598;1416794;172;20170122;https://www.jardiland.com/animaux/chien/colliers-laisses-et-vetements/tube-et-medaille-d-identite/69598-medaille-classic-grand-cercle-os-rose.html
67878-67878;1473668;172;20170122;https://www.jardiland.com/animaux/chien/colliers-laisses-et-vetements/tube-et-medaille-d-identite/67878-medaille-bronx-os-xl-plateforme.html
69604-69604;1416788;172;20170122;https://www.jardiland.com/animaux/chien/colliers-laisses-et-vetements/tube-et-medaille-d-identite/69604-medaille-basic-petit-os-laiton-dore.html
69616-69616;1416776;172;20170122;https://www.jardiland.com/animaux/chien/colliers-laisses-et-vetements/tube-et-medaille-d-identite/69616-medaille-basic-petit-os-laiton-chrome.html
69617-69617;1416775;172;20170122;https://www.jardiland.com/animaux/chien/colliers-laisses-et-vetements/tube-et-medaille-d-identite/69617-medaille-basic-petit-os-alu-violet.html
69580-69580;1416812;172;20170122;https://www.jardiland.com/animaux/chien/colliers-laisses-et-vetements/tube-et-medaille-d-identite/69580-medaille-basic-petit-os-alu-rouge.html
69592-69592;1416800;172;20170122;https://www.jardiland.com/animaux/chien/colliers-laisses-et-vetements/tube-et-medaille-d-identite/69592-medaille-basic-petit-os-alu-rose.html
69631-69631;1416761;172;20170122;https://www.jardiland.com/animaux/chien/colliers-laisses-et-vetements/tube-et-medaille-d-identite/69631-medaille-basic-petit-os-alu-noir.html
69618-69618;1416774;172;20170122;https://www.jardiland.com/animaux/chien/colliers-laisses-et-vetements/tube-et-medaille-d-identite/69618-medaille-basic-petit-os-alu-azur.html
69727-69727;1416700;172;20170122;https://www.jardiland.com/animaux/chien/colliers-laisses-et-vetements/tube-et-medaille-d-identite/69727-medaille-basic-petit-coeur-laiton-dore.html
69736-69736;1416688;172;20170122;https://www.jardiland.com/animaux/chien/colliers-laisses-et-vetements/tube-et-medaille-d-identite/69736-medaille-basic-petit-coeur-laiton-chrome.html
69602-69602;1416790;172;20170122;https://www.jardiland.com/animaux/chien/colliers-laisses-et-vetements/tube-et-medaille-d-identite/69602-medaille-basic-petit-coeur-alu-violet.html
69706-69706;1416724;172;20170122;https://www.jardiland.com/animaux/chien/colliers-laisses-et-vetements/tube-et-medaille-d-identite/69706-medaille-basic-petit-coeur-alu-rouge.html
69718-69718;1416712;172;20170122;https://www.jardiland.com/animaux/chien/colliers-laisses-et-vetements/tube-et-medaille-d-identite/69718-medaille-basic-petit-coeur-alu-rose.html
69626-69626;1416766;172;20170122;https://www.jardiland.com/animaux/chien/colliers-laisses-et-vetements/tube-et-medaille-d-identite/69626-medaille-basic-petit-coeur-alu-noir.html
69603-69603;1416789;172;20170122;https://www.jardiland.com/animaux/chien/colliers-laisses-et-vetements/tube-et-medaille-d-identite/69603-medaille-basic-petit-coeur-alu-azur.html
69536-69536;1416859;172;20170122;https://www.jardiland.com/animaux/chien/colliers-laisses-et-vetements/tube-et-medaille-d-identite/69536-medaille-basic-petit-cercle-laiton-dore.html
69555-69555;1416839;172;20170122;https://www.jardiland.com/animaux/chien/colliers-laisses-et-vetements/tube-et-medaille-d-identite/69555-medaille-basic-petit-cercle-laiton-chrom.html
69613-69613;1416779;172;20170122;https://www.jardiland.com/animaux/chien/colliers-laisses-et-vetements/tube-et-medaille-d-identite/69613-medaille-basic-petit-cercle-alu-violet.html
69513-69513;1416883;172;20170122;https://www.jardiland.com/animaux/chien/colliers-laisses-et-vetements/tube-et-medaille-d-identite/69513-medaille-basic-petit-cercle-alu-rouge.html
69525-69525;1416871;172;20170122;https://www.jardiland.com/animaux/chien/colliers-laisses-et-vetements/tube-et-medaille-d-identite/69525-medaille-basic-petit-cercle-alu-rose.html
69628-69628;1416764;172;20170122;https://www.jardiland.com/animaux/chien/colliers-laisses-et-vetements/tube-et-medaille-d-identite/69628-medaille-basic-petit-cercle-alu-noir.html
69614-69614;1416778;172;20170122;https://www.jardiland.com/animaux/chien/colliers-laisses-et-vetements/tube-et-medaille-d-identite/69614-medaille-basic-petit-cercle-alu-azur.html
67882-67882;1473664;172;20170122;https://www.jardiland.com/animaux/chien/colliers-laisses-et-vetements/tube-et-medaille-d-identite/67882-medaille-basic-os-xl-alu-violet.html
67883-67883;1473662;172;20170122;https://www.jardiland.com/animaux/chien/colliers-laisses-et-vetements/tube-et-medaille-d-identite/67883-medaille-basic-os-xl-alu-rouge.html
69623-69623;1416769;172;20170122;https://www.jardiland.com/animaux/chien/colliers-laisses-et-vetements/tube-et-medaille-d-identite/69623-medaille-basic-militaire-petite-chrome.html
69624-69624;1416768;172;20170122;https://www.jardiland.com/animaux/chien/colliers-laisses-et-vetements/tube-et-medaille-d-identite/69624-medaille-basic-militaire-grande-chrome.html
69558-69558;1416836;172;20170122;https://www.jardiland.com/animaux/chien/colliers-laisses-et-vetements/tube-et-medaille-d-identite/69558-medaille-basic-grand-os-laiton-dore.html
69621-69621;1416771;172;20170122;https://www.jardiland.com/animaux/chien/colliers-laisses-et-vetements/tube-et-medaille-d-identite/69621-medaille-basic-grand-os-alu-violet.html
69712-69712;1416718;172;20170122;https://www.jardiland.com/animaux/chien/colliers-laisses-et-vetements/tube-et-medaille-d-identite/69712-medaille-basic-grand-os-alu-rouge.html
69546-69546;1416848;172;20170122;https://www.jardiland.com/animaux/chien/colliers-laisses-et-vetements/tube-et-medaille-d-identite/69546-medaille-basic-grand-os-alu-rose.html
69620-69620;1416772;172;20170122;https://www.jardiland.com/animaux/chien/colliers-laisses-et-vetements/tube-et-medaille-d-identite/69620-medaille-basic-grand-os-alu-orange.html
69629-69629;1416763;172;20170122;https://www.jardiland.com/animaux/chien/colliers-laisses-et-vetements/tube-et-medaille-d-identite/69629-medaille-basic-grand-os-alu-noir.html
69622-69622;1416770;172;20170122;https://www.jardiland.com/animaux/chien/colliers-laisses-et-vetements/tube-et-medaille-d-identite/69622-medaille-basic-grand-os-alu-azur.html
69606-69606;1416786;172;20170122;https://www.jardiland.com/animaux/chien/colliers-laisses-et-vetements/tube-et-medaille-d-identite/69606-medaille-basic-grand-coeur-alu-violet.html
69632-69632;1416760;172;20170122;https://www.jardiland.com/animaux/chien/colliers-laisses-et-vetements/tube-et-medaille-d-identite/69632-medaille-basic-grand-coeur-alu-rouge.html
69633-69633;1416759;172;20170122;https://www.jardiland.com/animaux/chien/colliers-laisses-et-vetements/tube-et-medaille-d-identite/69633-medaille-basic-grand-coeur-alu-rose.html
69625-69625;1416767;172;20170122;https://www.jardiland.com/animaux/chien/colliers-laisses-et-vetements/tube-et-medaille-d-identite/69625-medaille-basic-grand-coeur-alu-noir.html
69607-69607;1416785;172;20170122;https://www.jardiland.com/animaux/chien/colliers-laisses-et-vetements/tube-et-medaille-d-identite/69607-medaille-basic-grand-coeur-alu-azur.html
69503-69503;1416895;172;20170122;https://www.jardiland.com/animaux/chien/colliers-laisses-et-vetements/tube-et-medaille-d-identite/69503-medaille-basic-grand-cercle-laiton-chrom.html
69610-69610;1416782;172;20170122;https://www.jardiland.com/animaux/chien/colliers-laisses-et-vetements/tube-et-medaille-d-identite/69610-medaille-basic-grand-cercle-alu-violet.html
69746-69746;1416676;172;20170122;https://www.jardiland.com/animaux/chien/colliers-laisses-et-vetements/tube-et-medaille-d-identite/69746-medaille-basic-grand-cercle-alu-rouge.html
69488-69488;1416920;172;20170122;https://www.jardiland.com/animaux/chien/colliers-laisses-et-vetements/tube-et-medaille-d-identite/69488-medaille-basic-grand-cercle-alu-rose.html
69627-69627;1416765;172;20170122;https://www.jardiland.com/animaux/chien/colliers-laisses-et-vetements/tube-et-medaille-d-identite/69627-medaille-basic-grand-cercle-alu-noir.html
69611-69611;1416781;172;20170122;https://www.jardiland.com/animaux/chien/colliers-laisses-et-vetements/tube-et-medaille-d-identite/69611-medaille-basic-grand-cercle-alu-azur.html
32062-30237;970455;172;20170122;https://www.jardiland.com/animaux/chien/colliers-laisses-et-vetements/laisse-pour-chien/32062-laisse-pour-chien-bayadere.html
32006-13311;1403925;172;20170122;https://www.jardiland.com/animaux/chien/colliers-laisses-et-vetements/accessoires/32006-laisse-de-jogging.html
32049-28081;904207;172;20170122;https://www.jardiland.com/animaux/chien/colliers-laisses-et-vetements/harnais/32049-harnais-reglable-pour-chien-choco.html
65214-65214;970131;172;20170122;https://www.jardiland.com/animaux/chien/colliers-laisses-et-vetements/collier-pour-chien/65214-collier-torquatus-t65-metal.html
50944-50944;679180;172;20170122;https://www.jardiland.com/animaux/chien/colliers-laisses-et-vetements/collier-pour-chien/50944-collier-reglable-mc-leather-25mm-jaune.html
50949-50949;679171;172;20170122;https://www.jardiland.com/animaux/chien/colliers-laisses-et-vetements/collier-pour-chien/50949-collier-reglable-mc-leather-10mm-jaune.html
32011-28345;904189;172;20170122;https://www.jardiland.com/animaux/chien/colliers-laisses-et-vetements/collier-pour-chien/32011-collier-pour-chien-happy-dog.html
69600-69600;1416792;172;20170122;https://www.jardiland.com/animaux/chien/colliers-laisses-et-vetements/tube-et-medaille-d-identite/69600-attache-porte-cles.html
32166-7855;1248181;172;20170122;https://www.jardiland.com/animaux/chien/jeux-et-jouets/autres-jouets/32166-jouet-pour-chien-donut-tennis.html
70419-70419;1395918;172;20170122;https://www.jardiland.com/animaux/chien/jeux-et-jouets/corde/70419-corde-task-force-s.html
32137-27407;873735;172;20170122;https://www.jardiland.com/animaux/chien/gamelles-ecuelles-et-distributeurs/gamelle-et-ecuelle/32137-ecuelle-plastique-antiderapante.html
68685-68685;1449339;172;20170122;https://www.jardiland.com/animaux/chien/gamelles-ecuelles-et-distributeurs/autres/68685-container-feedeez-4-1l.html
68684-68684;1449340;172;20170122;https://www.jardiland.com/animaux/chien/gamelles-ecuelles-et-distributeurs/autres/68684-container-feedeez-38l.html
68820-68820;1438871;172;20170122;https://www.jardiland.com/animaux/chien/alimentation-et-friandises/biscuit/68820-pedigree-sa-recompense-bouchee-moel-130g.html
68821-68821;1438870;172;20170122;https://www.jardiland.com/animaux/chien/alimentation-et-friandises/biscuit/68821-pedigree-sa-recompense-bouchee-croqu-95g.html
66863-66863;539793;172;20170122;https://www.jardiland.com/animaux/chien/alimentation-et-friandises/friandise-bucco-dentaire/66863-pedigree-junior-tubos-chiot-3st-72g.html
293-293;1017118;172;20170122;https://www.jardiland.com/animaux/chien/alimentation-et-friandises/biscuit/293-biscuits-pour-chien.html
71933-71933;1209408;172;20170122;https://www.jardiland.com/animaux/chien/alimentation-et-friandises/biscuit/71933-batonnets-torsades-x-100-1.html
66609-66609;640094;172;20170122;https://www.jardiland.com/amenagement-du-jardin/bassins-et-jardin-aquatique/materiel/66609-pompe-elimax-4000-1.html
66611-66611;640092;172;20170122;https://www.jardiland.com/amenagement-du-jardin/bassins-et-jardin-aquatique/materiel/66611-pompe-elimax-1500-1.html
66612-66612;639977;172;20170122;https://www.jardiland.com/amenagement-du-jardin/bassins-et-jardin-aquatique/bassins/66612-lot-bassin-start1000-1.html
59655-59655;639972;172;20170122;https://www.jardiland.com/amenagement-du-jardin/bassins-et-jardin-aquatique/bassins/59655-bassin-iris-150-l.html
70221-70221;1404546;172;20170122;https://www.jardiland.com/amenagement-du-jardin/loisirs-plein-air/jouets/70221-tracteur-jcb-avec-chargeur-frontal.html
71934-71934;1208266;172;20170122;https://www.jardiland.com/amenagement-du-jardin/loisirs-plein-air/jouets/71934-tigre.html
363-363;1208199;172;20170122;https://www.jardiland.com/amenagement-du-jardin/loisirs-plein-air/jouets/363-figurine-kangourou-et-son-bebe.html
66453-66453;573527;172;20170122;https://www.jardiland.com/amenagement-du-jardin/decorations/fontaines/66453-robinet-colvert.html
70912-70912;1354518;172;20170122;https://www.jardiland.com/amenagement-du-jardin/decorations/statues-et-figurines/70912-hamster-pm-marron-13-cm.html
36747-36747;1251401;172;20170122;https://www.jardiland.com/amenagement-du-jardin/pots-bacs-jardinieres-et-supports/tuteurs-et-supports-de-plante/treillage/36747-greenly.html
4429-4429;571352;172;20170122;https://www.jardiland.com/amenagement-du-jardin/pots-bacs-jardinieres-et-supports/autres-pots-et-jardinieres/pot-et-jardiniere-en-pierre/4429-vase-marbre-o-22o5-cm.html
69393-69393;1428787;172;20170122;https://www.jardiland.com/amenagement-du-jardin/pots-bacs-jardinieres-et-supports/autres-pots-et-jardinieres/pot-et-jardiniere-en-pierre/69393-pot-rond-ciment-gris-clair-50x50-cm.html
69392-69392;1428788;172;20170122;https://www.jardiland.com/amenagement-du-jardin/pots-bacs-jardinieres-et-supports/autres-pots-et-jardinieres/pot-et-jardiniere-en-pierre/69392-pot-rond-ciment-gris-clair-40x40-cm.html
69390-69390;1428790;172;20170122;https://www.jardiland.com/amenagement-du-jardin/pots-bacs-jardinieres-et-supports/autres-pots-et-jardinieres/pot-et-jardiniere-en-pierre/69390-pot-carre-gris-clair-40x40x40-cm.html
69389-69389;1428791;172;20170122;https://www.jardiland.com/amenagement-du-jardin/pots-bacs-jardinieres-et-supports/autres-pots-et-jardinieres/pot-et-jardiniere-en-pierre/69389-pot-carre-gris-clair-30x30x30-cm.html
69385-69385;1428796;172;20170122;https://www.jardiland.com/amenagement-du-jardin/pots-bacs-jardinieres-et-supports/autres-pots-et-jardinieres/pot-et-jardiniere-en-pierre/69385-pot-carre-gris-40x40x45-cm.html
69384-69384;1428797;172;20170122;https://www.jardiland.com/amenagement-du-jardin/pots-bacs-jardinieres-et-supports/autres-pots-et-jardinieres/pot-et-jardiniere-en-pierre/69384-pot-carre-gris-30x30x32-cm.html
1373-1373;1292387;172;20170122;https://www.jardiland.com/amenagement-du-jardin/pots-bacs-jardinieres-et-supports/en-terre-cuite/1373-pot-carre-droit-en-terre-cuite.html
1363-1363;1292370;172;20170122;https://www.jardiland.com/amenagement-du-jardin/pots-bacs-jardinieres-et-supports/en-terre-cuite/1363-pot-carre-droit-en-terre-cuite.html
31549-14205;1429928;172;20170122;https://www.jardiland.com/amenagement-du-jardin/pots-bacs-jardinieres-et-supports/en-plastique/31549-pot-romeo.html
18854-28928;923455;172;20170122;https://www.jardiland.com/amenagement-du-jardin/pots-bacs-jardinieres-et-supports/en-plastique/18854-conteneur-en-plastique-noir.html
68784-68784;1440071;172;20170122;https://www.jardiland.com/amenagement-du-jardin/amenagement/gazon-synthetique/68784-prems-g-5326-coupon-1m-x-3m.html
21562-52422;976445;172;20170122;https://www.jardiland.com/amenagement-du-jardin/amenagement/dalles-galets-et-pas-japonais/galet-et-gravier/21562-galets-decoratifs-zen.html
21562-30570;976444;172;20170122;https://www.jardiland.com/amenagement-du-jardin/amenagement/dalles-galets-et-pas-japonais/galet-et-gravier/21562-galets-decoratifs-zen.html
66659-66659;571750;172;20170122;https://www.jardiland.com/amenagement-du-jardin/amenagement/bordures/66659-bordure-ornementale-h40cm-x-l25m-vert.html
65526-65526;927996;172;20170122;https://www.jardiland.com/amenagement-du-jardin/amenagement/bordures/65526-bordure-natura-44x14x9-1.html
31163-19504;604139;172;20170122;https://www.jardiland.com/amenagement-du-jardin/amenagement/bordures/31163-bordure-a-gazon.html
248-248;1015775;172;20170122;https://www.jardiland.com/amenagement-du-jardin/amenagement/clotures-et-palissades/248-portillon-pony.html
69270-69270;1430937;172;20170122;https://www.jardiland.com/amenagement-du-jardin/barbecues-cuisine-exterieur/autres/accessoires-de-barbecue/69270-spray-huile-special-plancha.html
69279-69279;1430928;172;20170122;https://www.jardiland.com/amenagement-du-jardin/barbecues-cuisine-exterieur/autres/accessoires-de-barbecue/69279-spatule-inox-44-cm-manche-soft-touch.html
69283-69283;1430924;172;20170122;https://www.jardiland.com/amenagement-du-jardin/barbecues-cuisine-exterieur/autres/accessoires-de-barbecue/69283-spatule-inox-44-cm-manche-bois.html
69280-69280;1430927;172;20170122;https://www.jardiland.com/amenagement-du-jardin/barbecues-cuisine-exterieur/autres/accessoires-de-barbecue/69280-pince-inox-44-cm-manche-soft-touch.html
69264-69264;1430943;172;20170122;https://www.jardiland.com/amenagement-du-jardin/barbecues-cuisine-exterieur/autres/accessoires-de-barbecue/69264-moufle-de-protection.html
69268-69268;1430939;172;20170122;https://www.jardiland.com/amenagement-du-jardin/barbecues-cuisine-exterieur/autres/accessoires-de-barbecue/69268-lot-de-8-acc.html
69269-69269;1430938;172;20170122;https://www.jardiland.com/amenagement-du-jardin/barbecues-cuisine-exterieur/autres/accessoires-de-barbecue/69269-lot-de-4-acc.html
69267-69267;1430940;172;20170122;https://www.jardiland.com/amenagement-du-jardin/barbecues-cuisine-exterieur/autres/accessoires-de-barbecue/69267-lot-5-plats-alu-218x159x38-mm.html
69262-69262;1430945;172;20170122;https://www.jardiland.com/amenagement-du-jardin/barbecues-cuisine-exterieur/autres/accessoires-de-barbecue/69262-housse-pour-plancha-2-feux.html
69263-69263;1430944;172;20170122;https://www.jardiland.com/amenagement-du-jardin/barbecues-cuisine-exterieur/autres/accessoires-de-barbecue/69263-housse-pour-plancha-1-feux.html
69300-69300;1430907;172;20170122;https://www.jardiland.com/amenagement-du-jardin/barbecues-cuisine-exterieur/autres/accessoires-de-barbecue/69300-housse-plancha-3-feux.html
69289-69289;1430918;172;20170122;https://www.jardiland.com/amenagement-du-jardin/barbecues-cuisine-exterieur/autres/accessoires-de-barbecue/69289-grille-simple-67x40cm.html
69285-69285;1430922;172;20170122;https://www.jardiland.com/amenagement-du-jardin/barbecues-cuisine-exterieur/autres/accessoires-de-barbecue/69285-grille-simple-60x40-cm.html
69297-69297;1430910;172;20170122;https://www.jardiland.com/amenagement-du-jardin/barbecues-cuisine-exterieur/autres/accessoires-de-barbecue/69297-grille-double-sur-pied-40x40cm.html
69296-69296;1430911;172;20170122;https://www.jardiland.com/amenagement-du-jardin/barbecues-cuisine-exterieur/autres/accessoires-de-barbecue/69296-grille-double-d30cm-pour-gambas.html
69291-69291;1430916;172;20170122;https://www.jardiland.com/amenagement-du-jardin/barbecues-cuisine-exterieur/autres/accessoires-de-barbecue/69291-grille-double-ajustable-32x25cm.html
69290-69290;1430917;172;20170122;https://www.jardiland.com/amenagement-du-jardin/barbecues-cuisine-exterieur/autres/accessoires-de-barbecue/69290-grille-double-acier-chrome-d41cm.html
69292-69292;1430915;172;20170122;https://www.jardiland.com/amenagement-du-jardin/barbecues-cuisine-exterieur/autres/accessoires-de-barbecue/69292-grille-double-a-poisson-28x28cm.html
69288-69288;1430919;172;20170122;https://www.jardiland.com/amenagement-du-jardin/barbecues-cuisine-exterieur/autres/accessoires-de-barbecue/69288-grille-double-a-poisson-13x30cm.html
69294-69294;1430913;172;20170122;https://www.jardiland.com/amenagement-du-jardin/barbecues-cuisine-exterieur/autres/accessoires-de-barbecue/69294-grille-double-6-hamburgers.html
69293-69293;1430914;172;20170122;https://www.jardiland.com/amenagement-du-jardin/barbecues-cuisine-exterieur/autres/accessoires-de-barbecue/69293-grille-double-40x29cm.html
69260-69260;1430947;172;20170122;https://www.jardiland.com/amenagement-du-jardin/barbecues-cuisine-exterieur/autres/accessoires-de-barbecue/69260-grille-decoupable-90x40cm.html
40484-39543;723658;172;20170122;https://www.jardiland.com/amenagement-du-jardin/barbecues-cuisine-exterieur/autres/accessoires-de-barbecue/40484-grille-de-barbecue.html
40484-39542;723657;172;20170122;https://www.jardiland.com/amenagement-du-jardin/barbecues-cuisine-exterieur/autres/accessoires-de-barbecue/40484-grille-de-barbecue.html
69286-69286;1430921;172;20170122;https://www.jardiland.com/amenagement-du-jardin/barbecues-cuisine-exterieur/autres/accessoires-de-barbecue/69286-grille-57x30cm-barbecue-beton.html
69271-69271;1430936;172;20170122;https://www.jardiland.com/amenagement-du-jardin/barbecues-cuisine-exterieur/autres/accessoires-de-barbecue/69271-gant-anti-chaleur.html
69278-69278;1430929;172;20170122;https://www.jardiland.com/amenagement-du-jardin/barbecues-cuisine-exterieur/autres/accessoires-de-barbecue/69278-fourchette-inox-44-cm-manche-soft-touch.html
69282-69282;1430925;172;20170122;https://www.jardiland.com/amenagement-du-jardin/barbecues-cuisine-exterieur/autres/accessoires-de-barbecue/69282-fourchette-inox-44-cm-manche-bois.html
71008-71008;1350642;172;20170122;https://www.jardiland.com/amenagement-du-jardin/barbecues-cuisine-exterieur/autres/accessoires-de-barbecue/71008-flexible-butane-propane-1-5-m.html
70699-70699;1379166;172;20170122;https://www.jardiland.com/amenagement-du-jardin/barbecues-cuisine-exterieur/autres/accessoires-de-barbecue/70699-detendeur-twiny-propane-blister.html
70698-70698;1379167;172;20170122;https://www.jardiland.com/amenagement-du-jardin/barbecues-cuisine-exterieur/autres/accessoires-de-barbecue/70698-detendeur-twiny-butane-ac-tetine-blister.html
71006-71006;1350644;172;20170122;https://www.jardiland.com/amenagement-du-jardin/barbecues-cuisine-exterieur/autres/accessoires-de-barbecue/71006-detendeur-propane.html
71007-71007;1350643;172;20170122;https://www.jardiland.com/amenagement-du-jardin/barbecues-cuisine-exterieur/autres/accessoires-de-barbecue/71007-detendeur-butane-avec-tetine.html
69272-69272;1430935;172;20170122;https://www.jardiland.com/amenagement-du-jardin/barbecues-cuisine-exterieur/autres/accessoires-de-barbecue/69272-brosse-inox-special-plancha.html
69277-69277;1430930;172;20170122;https://www.jardiland.com/amenagement-du-jardin/barbecues-cuisine-exterieur/autres/accessoires-de-barbecue/69277-brosse-inox-44-cm-manche-soft-touch.html
69281-69281;1430926;172;20170122;https://www.jardiland.com/amenagement-du-jardin/barbecues-cuisine-exterieur/autres/accessoires-de-barbecue/69281-brosse-inox-44-cm-manche-bois.html
69275-69275;1430932;172;20170122;https://www.jardiland.com/amenagement-du-jardin/barbecues-cuisine-exterieur/autres/accessoires-de-barbecue/69275-brosse-angle-multi-fonction.html
69273-69273;1430934;172;20170122;https://www.jardiland.com/amenagement-du-jardin/barbecues-cuisine-exterieur/autres/accessoires-de-barbecue/69273-brochettes-bambou-x100-1.html
68922-68922;1434191;172;20170122;https://www.jardiland.com/amenagement-du-jardin/barbecues-cuisine-exterieur/autres/combustible/68922-briquette-de-charbon-bois-sac-4kg.html
68913-68913;1434294;172;20170122;https://www.jardiland.com/amenagement-du-jardin/eclairage-et-chauffage-d-exterieur/eclairage-solaire/68913-led-solaire-jardin-inox-display.html
68920-68920;1434276;172;20170122;https://www.jardiland.com/amenagement-du-jardin/eclairage-et-chauffage-d-exterieur/eclairage-solaire/68920-guirlande-led-bocal-70cm-15l.html
68914-68914;1434292;172;20170122;https://www.jardiland.com/amenagement-du-jardin/eclairage-et-chauffage-d-exterieur/eclairage-solaire/68914-bouteille-vr-a-micro-led-pile-30x7cm.html
68915-68915;1434291;172;20170122;https://www.jardiland.com/amenagement-du-jardin/eclairage-et-chauffage-d-exterieur/eclairage-solaire/68915-bocal-p-int-sur-pile-10x16cm.html
65989-65989;965629;172;20170122;https://www.jardiland.com/amenagement-du-jardin/parasols-tonnelles-et-voiles-d-ombrage/tonnelles-et-barnums/tonnelle-et-barnum-en-metal/65989-tonnelle-triton-carre-3x3-toile.html
70994-70994;1351028;172;20170122;https://www.jardiland.com/amenagement-du-jardin/parasols-tonnelles-et-voiles-d-ombrage/parasols-et-accessoires/accessoires/70994-pied-de-parasol-ton-ardoise.html
2104-2104;1354084;172;20170122;https://www.jardiland.com/amenagement-du-jardin/mobilier-de-jardin/accessoires-coussins-et-entretien/coussin/2104-pompe-electrique.html
4424-4424;566670;172;20170122;https://www.jardiland.com/amenagement-du-jardin/mobilier-de-jardin/bains-de-soleil-et-hamacs/banc/4424-banc-lorraine.html
66229-66229;730499;172;20170122;https://www.jardiland.com/amenagement-du-jardin/mobilier-de-jardin/salon-de-jardin/housse-de-protection/66229-prod-entretien-set-dentretien-pour-teck.html
66336-66336;683620;172;20170122;https://www.jardiland.com/amenagement-du-jardin/mobilier-de-jardin/salon-de-jardin/housse-de-protection/66336-nettoyant-mobilier-alu-et-osier-syntheti.html
68733-68733;1442142;172;20170122;https://www.jardiland.com/jardinage/bricolage-droguerie/insecticides-menagers/insecticide-mouche/68733-ultrason-mouches.html
58310-58310;577241;172;20170122;https://www.jardiland.com/jardinage/bricolage-droguerie/insecticides-menagers/insecticide-volant-et-rampant/58310-piege-a-guepes-pomme.html
68731-68731;1442146;172;20170122;https://www.jardiland.com/jardinage/bricolage-droguerie/insecticides-menagers/insecticide-volant-et-rampant/68731-aerosol-nids-guepes-frelons-10-m.html
50918-41368;1403841;172;20170122;https://www.jardiland.com/jardinage/semis-protections-et-accessoires-de-jardinage/serres-et-chassis/mini-serre/50918-soucoupe-green-basics.html
41034-41034;803266;172;20170122;https://www.jardiland.com/jardinage/arrosage/tuyaux-devidoirs-lances-et-pistolets/raccord/41034-nez-de-robinet-15x21-1.html
4896-4896;659144;172;20170122;https://www.jardiland.com/jardinage/arrosage/tuyaux-devidoirs-lances-et-pistolets/pistolet/4896-lance-d-arrosage-multijets-comfort.html
32665-54628;574408;172;20170122;https://www.jardiland.com/jardinage/arrosage/arrosoirs/32665-arrosoir-ovale-pomme.html
54696-54696;576409;172;20170122;https://www.jardiland.com/jardinage/arrosage/arrosoirs/54696-arrosoir-donna-2-l.html
4472-4472;573879;172;20170122;https://www.jardiland.com/jardinage/outils-et-materiel-du-jardinier/petits-outils-a-main/serfouette/4472-serfouette-a-fleurs-panne-et-fourche-manche-en-bois.html
3099-3099;1404730;172;20170122;https://www.jardiland.com/jardinage/outils-et-materiel-du-jardinier/grands-outils-de-jardin/autres-grands-outils/3099-scarificateur-manuel-sur-roue.html
70695-70695;1379484;172;20170122;https://www.jardiland.com/jardinage/equipement-du-jardinier/vetements/70695-paire-de-genouillere.html
4459-4459;573784;172;20170122;https://www.jardiland.com/jardinage/entretien-et-traitements/pulverisateurs/accessoires-de-pulverisation/4459-lance-multifonction-profile.html
70264-70264;1402145;172;20170122;https://www.jardiland.com/jardinage/entretien-et-traitements/traitements-des-plantes-et-lutte-bio/lutte-contre-les-insectes/70264-pyrale-du-buis.html
71518-71518;1282141;172;20170122;https://www.jardiland.com/jardinage/entretien-et-traitements/traitements-des-plantes-et-lutte-bio/autres-traitements/71518-nematodes-contre-les-vers-blancs.html
68779-68779;1440453;172;20170122;https://www.jardiland.com/jardinage/entretien-et-traitements/traitements-des-plantes-et-lutte-bio/lutte-contre-les-maladies/68779-maladies-des-rosiers-125ml.html
71954-71954;1017847;172;20170122;https://www.jardiland.com/jardinage/entretien-et-traitements/traitements-des-plantes-et-lutte-bio/lutte-contre-les-insectes/71954-insecticide-syst-aerosol-400ml.html
70713-70713;1374322;172;20170122;https://www.jardiland.com/jardinage/entretien-et-traitements/traitements-des-plantes-et-lutte-bio/lutte-contre-les-insectes/70713-insectes-fruits-et-legumes-pae-900ml.html
65782-65782;877389;172;20170122;https://www.jardiland.com/jardinage/entretien-et-traitements/traitements-des-plantes-et-lutte-bio/lutte-contre-les-maladies/65782-anti-pourritures-8x1-25g.html
70676-70676;1380294;172;20170122;https://www.jardiland.com/jardinage/entretien-et-traitements/traitements-des-plantes-et-lutte-bio/autres-traitements/70676-anti-germes-75g.html
68698-68698;1444223;172;20170122;https://www.jardiland.com/jardinage/entretien-et-traitements/desherbants/desherbant-total/68698-desherbant-finalsan-ultima-2-5l.html
68748-68748;1441334;172;20170122;https://www.jardiland.com/jardinage/entretien-et-traitements/engrais/engrais-matieres-premieres/68748-jd-purin-orties-1l.html
32696-53143;1401612;172;20170122;https://www.jardiland.com/jardinage/entretien-et-traitements/engrais/engrais-pour-arbres-et-fleurs-du-jardin/32696-engrais-rosiers-et-arbustes-a-fleurs.html
32697-53142;1401615;172;20170122;https://www.jardiland.com/jardinage/entretien-et-traitements/engrais/engrais-pour-arbres-et-fleurs-du-jardin/32697-engrais-geraniums-et-balconnieres.html
32778-53132;1373573;172;20170122;https://www.jardiland.com/jardinage/entretien-et-traitements/engrais/engrais-pour-arbres-et-fleurs-du-jardin/32778-engrais-complet-double-actions.html
68725-68725;1442654;172;20170122;https://www.jardiland.com/jardinage/entretien-et-traitements/anti-nuisibles-pieges-et-repulsifs/lutte-contre-les-rats-souris-taupes-et-rongeurs/68725-mulot-cereale-decortiquee-200g.html
4692-4692;577368;172;20170122;https://www.jardiland.com/jardinage/paillage-et-amendement/amendement/fumier/4692-fumier-de-ferme.html
37669-37669;707070;172;20170122;https://www.jardiland.com/plantes/sapins-de-noel/sapins-artificiels/sapin-artificiel-blanc/37669-sapin-artificiel-icelandic-215-cm.html
35589-55043;951360;172;20170122;https://www.jardiland.com/plantes/plantes-d-interieur/bonsais/ficus/35589-ficus-ginseng.html
35589-42488;1229975;172;20170122;https://www.jardiland.com/plantes/plantes-d-interieur/bonsais/ficus/35589-ficus-ginseng.html
35659-25305;816567;172;20170122;https://www.jardiland.com/plantes/plantes-d-interieur/cactus-et-plantes-grasses/mammillaria/35659-mammillaria.html
36125-29437;941782;172;20170122;https://www.jardiland.com/plantes/plantes-d-interieur/plantes-vertes/zamioculcas/36125-zamioculcas-zamiifolia.html
36119-24098;735372;172;20170122;https://www.jardiland.com/plantes/plantes-d-interieur/plantes-vertes/tradescantia/36119-tradescantia.html
36066-45661;717726;172;20170122;https://www.jardiland.com/plantes/plantes-d-interieur/plantes-vertes/nolina-beaucarnea/36066-pied-d-elephant.html
35960-21305;643188;172;20170122;https://www.jardiland.com/plantes/plantes-d-interieur/plantes-vertes/dieffenbachia/35960-dieffenbachia-compacta.html
35865-20724;633084;172;20170122;https://www.jardiland.com/plantes/plantes-d-interieur/plantes-vertes/asparagus/35865-asparagus-falcatus.html
35896-62508;1261035;172;20170122;https://www.jardiland.com/plantes/plantes-d-interieur/plantes-vertes/autres-plantes-vertes/35896-ardisia-crenata.html
35730-20963;635078;172;20170122;https://www.jardiland.com/plantes/plantes-d-interieur/plantes-fleuries/anthurium/35730-anthurium-dakota.html
53880-53880;1013828;172;20170122;https://www.jardiland.com/plantes/graines-et-gazon/gazon-et-prairies-fleuries/prairie-fleurie/53880-prairie-fleurie-talus.html
46680-46680;1252946;172;20170122;https://www.jardiland.com/plantes/graines-et-gazon/gazon-et-prairies-fleuries/prairie-fleurie/46680-prairie-fleurie-jachere-engrais-vert-fleuri.html
54438-54438;928139;172;20170122;https://www.jardiland.com/plantes/graines-et-gazon/gazon-et-prairies-fleuries/prairie-fleurie/54438-prairie-fleurie-engrais-vert-fleuri.html
53819-53819;1254064;172;20170122;https://www.jardiland.com/plantes/graines-et-gazon/gazon-et-prairies-fleuries/prairie-fleurie/53819-prairie-fleurie-arbres-frutiers.html
46836-46836;1252920;172;20170122;https://www.jardiland.com/plantes/graines-et-gazon/gazon-et-prairies-fleuries/prairie-fleurie/46836-melange-pour-gibier-100-me.html
788-788;1308350;172;20170122;https://www.jardiland.com/plantes/graines-et-gazon/graines-ludiques-et-kits/kits-pour-enfants/788-tete-a-pot-cochon.html
790-790;1308352;172;20170122;https://www.jardiland.com/plantes/graines-et-gazon/graines-ludiques-et-kits/kits-pour-enfants/790-kit-a-semer-poulet.html
1569-1569;1308360;172;20170122;https://www.jardiland.com/plantes/graines-et-gazon/graines-ludiques-et-kits/kits-pour-enfants/1569-kit-a-semer-mouton.html
4136-4136;565248;172;20170122;https://www.jardiland.com/plantes/graines-et-gazon/graines-de-fleurs/fleurs-annuelles/4136-pois-de-senteur-a-grande-fleur-spencer-varie.html
46512-46512;565903;172;20170122;https://www.jardiland.com/plantes/graines-et-gazon/graines-de-fleurs/fleurs-bisannuelles/46512-pensee-suisse-or-du-rhin.html
53390-53390;682968;172;20170122;https://www.jardiland.com/plantes/graines-et-gazon/graines-de-fleurs/fleurs-annuelles/53390-mini-serre-6-pots-fleurs-adultes.html
46363-46363;565140;172;20170122;https://www.jardiland.com/plantes/graines-et-gazon/graines-de-fleurs/fleurs-vivaces/46363-lunaire-monnaie-du-pape.html
46368-46368;565120;172;20170122;https://www.jardiland.com/plantes/graines-et-gazon/graines-de-fleurs/fleurs-annuelles/46368-impatiens-royal-en-melange.html
46373-46373;565085;172;20170122;https://www.jardiland.com/plantes/graines-et-gazon/graines-de-fleurs/melange-mixte/46373-graminees-ornementales-en-melange.html
46327-46327;565332;172;20170122;https://www.jardiland.com/plantes/graines-et-gazon/graines-de-fleurs/fleurs-annuelles/46327-clarkia-elegant-double-varie.html
46328-46328;565328;172;20170122;https://www.jardiland.com/plantes/graines-et-gazon/graines-de-fleurs/fleurs-annuelles/46328-chrysantheme-a-carene-merry-mixture.html
4161-4161;565313;172;20170122;https://www.jardiland.com/plantes/graines-et-gazon/graines-de-fleurs/fleurs-annuelles/4161-capucine-naine-tom-pouce.html
46292-46292;565814;172;20170122;https://www.jardiland.com/plantes/graines-et-gazon/graines-de-fleurs/fleurs-vivaces/46292-arabis-alpina-royal-rosea.html
46369-46369;565119;172;20170122;https://www.jardiland.com/plantes/graines-et-gazon/graines-de-fleurs/fleurs-annuelles/46369-anthemis-frutescens-blanc.html
46777-46777;565355;172;20170122;https://www.jardiland.com/plantes/graines-et-gazon/graines-de-fleurs/fleurs-vivaces/46777-alysse-saxatile-corbeille-d-or.html
46333-46333;565302;172;20170122;https://www.jardiland.com/plantes/graines-et-gazon/graines-de-fleurs/fleurs-annuelles/46333-ageratum-nain-tetra-blue-mink.html
46294-46294;565811;172;20170122;https://www.jardiland.com/plantes/graines-et-gazon/graines-de-fleurs/fleurs-annuelles/46294-acroclinium-royal-double-varie.html
46780-46780;564981;172;20170122;https://www.jardiland.com/plantes/graines-et-gazon/graines-de-fleurs/fleurs-vivaces/46780-achillea-millefeuille-summer-pastel.html
46140-46140;948354;172;20170122;https://www.jardiland.com/plantes/graines-et-gazon/graines-potageres-et-aromatiques/radis-navets-carottes-et-autres-racines/46140-radis-loto.html
46186-46186;657658;172;20170122;https://www.jardiland.com/plantes/graines-et-gazon/graines-potageres-et-aromatiques/radis-navets-carottes-et-autres-racines/46186-radis-apache-hybride-f1-1.html
46759-46759;564027;172;20170122;https://www.jardiland.com/plantes/graines-et-gazon/graines-potageres-et-aromatiques/poireaux/46759-poireau-malabare.html
46724-46724;639270;172;20170122;https://www.jardiland.com/plantes/graines-et-gazon/graines-potageres-et-aromatiques/poireaux/46724-poireau-atal.html
46456-46456;639259;172;20170122;https://www.jardiland.com/plantes/graines-et-gazon/graines-potageres-et-aromatiques/courges-melons/46456-patisson-croblan.html
46458-46458;639256;172;20170122;https://www.jardiland.com/plantes/graines-et-gazon/graines-potageres-et-aromatiques/oignons/46458-oignon-blanc-elody.html
46137-46137;988486;172;20170122;https://www.jardiland.com/plantes/graines-et-gazon/graines-potageres-et-aromatiques/courges-melons/46137-melon-savor-hybride-f1-1.html
46412-46412;696267;172;20170122;https://www.jardiland.com/plantes/graines-et-gazon/graines-potageres-et-aromatiques/salades/46412-laitue-gotte-jaune-d-or.html
46191-46191;657646;172;20170122;https://www.jardiland.com/plantes/graines-et-gazon/graines-potageres-et-aromatiques/salades/46191-laitue-du-bon-jardinier.html
4351-4351;566033;172;20170122;https://www.jardiland.com/plantes/graines-et-gazon/graines-potageres-et-aromatiques/haricots/4351-haricot-nain-a-ecosser-tregor-200-g.html
46683-46683;1252075;172;20170122;https://www.jardiland.com/plantes/graines-et-gazon/graines-potageres-et-aromatiques/haricots/46683-haricot-nain-a-ecosser-antare-200-g.html
46833-46833;1013763;172;20170122;https://www.jardiland.com/plantes/graines-et-gazon/graines-potageres-et-aromatiques/courges-melons/46833-cornichon-parigyno-hybride-f1-1.html
46852-46852;1013742;172;20170122;https://www.jardiland.com/plantes/graines-et-gazon/graines-potageres-et-aromatiques/choux/46852-chou-fleur-triomphant-hybride-f1-1.html
46147-46147;817007;172;20170122;https://www.jardiland.com/plantes/graines-et-gazon/graines-potageres-et-aromatiques/radis-navets-carottes-et-autres-racines/46147-celeri-rave-ibis.html
46758-46758;564029;172;20170122;https://www.jardiland.com/plantes/graines-et-gazon/graines-potageres-et-aromatiques/radis-navets-carottes-et-autres-racines/46758-carotte-nantaise-amelioree-5-race-tantal.html
46760-46760;564022;172;20170122;https://www.jardiland.com/plantes/graines-et-gazon/graines-potageres-et-aromatiques/radis-navets-carottes-et-autres-racines/46760-carotte-nandor-hybride-f1-1.html
46844-46844;1013760;172;20170122;https://www.jardiland.com/plantes/graines-et-gazon/graines-potageres-et-aromatiques/radis-navets-carottes-et-autres-racines/46844-carotte-maestro-hybride-f1-1.html
42083-20273;627053;172;20170122;https://www.jardiland.com/plantes/potager-et-verger/fruitiers/pommier/42083-pommier-starking.html
42080-18660;597339;172;20170122;https://www.jardiland.com/plantes/potager-et-verger/fruitiers/pommier/42080-pommier-reinette.html
45954-25799;839092;172;20170122;https://www.jardiland.com/plantes/potager-et-verger/fruitiers/pommier/45954-pommier-golden-delicious.html
36511-8085;1259175;172;20170122;https://www.jardiland.com/plantes/potager-et-verger/fruitiers/mure/36511-mure-triple-crown.html
36502-40428;997024;172;20170122;https://www.jardiland.com/plantes/potager-et-verger/fruitiers/mure/36502-mure.html
36502-17629;593021;172;20170122;https://www.jardiland.com/plantes/potager-et-verger/fruitiers/mure/36502-mure.html
34522-17579;590545;172;20170122;https://www.jardiland.com/plantes/potager-et-verger/fruitiers/kumquat/34522-kumquat.html
36446-17194;588060;172;20170122;https://www.jardiland.com/plantes/potager-et-verger/fruitiers/framboisier/36446-framboisier-sumor.html
36459-6184;1004067;172;20170122;https://www.jardiland.com/plantes/potager-et-verger/fruitiers/framboisier/36459-framboisier-marastarr.html
34517-30386;973858;172;20170122;https://www.jardiland.com/plantes/potager-et-verger/fruitiers/citronnier/34517-citronnier-des-quatre-saisons.html
41588-29694;973888;172;20170122;https://www.jardiland.com/plantes/potager-et-verger/fruitiers/citronnier/41588-citronnier.html
41995-60444;926518;172;20170122;https://www.jardiland.com/plantes/potager-et-verger/fruitiers/cerisier/41995-cerisier.html
34513-30457;973895;172;20170122;https://www.jardiland.com/plantes/potager-et-verger/fruitiers/calamondin/34513-calamondin.html
34512-55772;1009179;172;20170122;https://www.jardiland.com/plantes/potager-et-verger/fruitiers/calamondin/34512-calamondin.html
34512-6266;1009178;172;20170122;https://www.jardiland.com/plantes/potager-et-verger/fruitiers/calamondin/34512-calamondin.html
36489-15989;579554;172;20170122;https://www.jardiland.com/plantes/potager-et-verger/fruitiers/kiwi/36489-actinidia-deliciosa-autofertile.html
36486-30327;971886;172;20170122;https://www.jardiland.com/plantes/potager-et-verger/fruitiers/kiwai/36486-actinidia-arguta-femelle-kiwai.html
41535-48593;844380;172;20170122;https://www.jardiland.com/plantes/potager-et-verger/plantes-aromatiques/lavande/41535-lavande-papillon.html
33372-23403;711286;172;20170122;https://www.jardiland.com/plantes/potager-et-verger/plantes-aromatiques/lavande/33372-lavande.html
33948-16844;586412;172;20170122;https://www.jardiland.com/plantes/arbres-et-arbustes-d-ornement/coniferes/cypres-de-leyland/33948-x-cupressocyparis-leylandii.html
33948-16819;586401;172;20170122;https://www.jardiland.com/plantes/arbres-et-arbustes-d-ornement/coniferes/cypres-de-leyland/33948-x-cupressocyparis-leylandii.html
34038-7983;1251294;172;20170122;https://www.jardiland.com/plantes/arbres-et-arbustes-d-ornement/coniferes/thuya/34038-thuja-occidentalis.html
33988-60316;1484477;172;20170122;https://www.jardiland.com/plantes/arbres-et-arbustes-d-ornement/coniferes/genevrier/33988-juniperus-squamata-holger.html
33954-17997;595559;172;20170122;https://www.jardiland.com/plantes/arbres-et-arbustes-d-ornement/coniferes/epicea/33954-epicea-glauca-conica.html
41557-17779;591681;172;20170122;https://www.jardiland.com/plantes/arbres-et-arbustes-d-ornement/buis-et-topiaires/troene-en-topiaire/41557-troene-a-petites-feuilles.html
33872-13529;1405193;172;20170122;https://www.jardiland.com/plantes/arbres-et-arbustes-d-ornement/buis-et-topiaires/houx-en-topiaire/33872-houx-crenele-kinme.html
33853-47686;742085;172;20170122;https://www.jardiland.com/plantes/arbres-et-arbustes-d-ornement/buis-et-topiaires/cypres-de-leyland-en-topiaire/33853-cypres-de-leyland-castlewellan-gold.html
33847-16175;581755;172;20170122;https://www.jardiland.com/plantes/arbres-et-arbustes-d-ornement/buis-et-topiaires/buis/33847-buis-commun.html
33847-7691;1243750;172;20170122;https://www.jardiland.com/plantes/arbres-et-arbustes-d-ornement/buis-et-topiaires/buis/33847-buis-commun.html
33847-7133;1212043;172;20170122;https://www.jardiland.com/plantes/arbres-et-arbustes-d-ornement/buis-et-topiaires/buis/33847-buis-commun.html
33847-6217;1008219;172;20170122;https://www.jardiland.com/plantes/arbres-et-arbustes-d-ornement/buis-et-topiaires/buis/33847-buis-commun.html
34480-21408;647606;172;20170122;https://www.jardiland.com/plantes/arbres-et-arbustes-d-ornement/plantes-grimpantes/passiflore/34480-passiflore-bleue.html
34462-17285;588613;172;20170122;https://www.jardiland.com/plantes/arbres-et-arbustes-d-ornement/plantes-grimpantes/lierre/34462-lierre-gloire-de-marengo.html
34451-17504;589975;172;20170122;https://www.jardiland.com/plantes/arbres-et-arbustes-d-ornement/plantes-grimpantes/jasmin/34451-jasmin-rose.html
34449-17341;589041;172;20170122;https://www.jardiland.com/plantes/arbres-et-arbustes-d-ornement/plantes-grimpantes/hortensia-grimpant/34449-hortensia-grimpant-petiolaris.html
34379-22252;672296;172;20170122;https://www.jardiland.com/plantes/arbres-et-arbustes-d-ornement/plantes-grimpantes/clematite/34379-clematite-armandii.html
34384-48663;697589;172;20170122;https://www.jardiland.com/plantes/arbres-et-arbustes-d-ornement/plantes-grimpantes/clematite/34384-clematite-a-grandes-fleurs.html
34388-30621;981365;172;20170122;https://www.jardiland.com/plantes/arbres-et-arbustes-d-ornement/plantes-grimpantes/clematite/34388-clematite.html
34365-17616;592086;172;20170122;https://www.jardiland.com/plantes/arbres-et-arbustes-d-ornement/plantes-grimpantes/chevrefeuille/34365-chevrefeuille-de-henry.html
34349-16286;582849;172;20170122;https://www.jardiland.com/plantes/arbres-et-arbustes-d-ornement/plantes-grimpantes/bignone/34349-bignone-mme-galen.html
34979-21675;653392;172;20170122;https://www.jardiland.com/plantes/arbres-et-arbustes-d-ornement/rosiers/rosiers-grimpants/34979-rosier-grimpant-a-grandes-fleurs.html
34979-6020;1000928;172;20170122;https://www.jardiland.com/plantes/arbres-et-arbustes-d-ornement/rosiers/rosiers-grimpants/34979-rosier-grimpant-a-grandes-fleurs.html
41779-40367;972251;172;20170122;https://www.jardiland.com/plantes/arbres-et-arbustes-d-ornement/rosiers/rosiers-buissons/41779-rosier-eddy-mitchellr-meirysett-grandes-fleurs.html
34256-17901;592547;172;20170122;https://www.jardiland.com/plantes/arbres-et-arbustes-d-ornement/plantes-de-terre-de-bruyere/magnolia/34256-magnolia-x-soulangeana.html
34244-17873;592276;172;20170122;https://www.jardiland.com/plantes/arbres-et-arbustes-d-ornement/plantes-de-terre-de-bruyere/magnolia/34244-magnolia-caduc.html
34236-42625;1372611;172;20170122;https://www.jardiland.com/plantes/arbres-et-arbustes-d-ornement/plantes-de-terre-de-bruyere/leucothoe/34236-leucothoe-keiskei-royal-ruby.html
34217-12428;1391516;172;20170122;https://www.jardiland.com/plantes/arbres-et-arbustes-d-ornement/plantes-de-terre-de-bruyere/hortensia/34217-hortensia-paniculata-pinky-winky.html
34178-52929;867599;172;20170122;https://www.jardiland.com/plantes/arbres-et-arbustes-d-ornement/plantes-de-terre-de-bruyere/hortensia/34178-hortensia-paniculata-kyushu.html
34202-27094;866965;172;20170122;https://www.jardiland.com/plantes/arbres-et-arbustes-d-ornement/plantes-de-terre-de-bruyere/hortensia/34202-hortensia-paniculata.html
34181-28594;950655;172;20170122;https://www.jardiland.com/plantes/arbres-et-arbustes-d-ornement/plantes-de-terre-de-bruyere/hortensia/34181-hortensia-aspera.html
34197-23508;719596;172;20170122;https://www.jardiland.com/plantes/arbres-et-arbustes-d-ornement/plantes-de-terre-de-bruyere/hortensia/34197-hortensia-a-grandes-feuilles.html
34062-16068;580047;172;20170122;https://www.jardiland.com/plantes/arbres-et-arbustes-d-ornement/plantes-de-terre-de-bruyere/azalee/34062-azalee-japonaise.html
34072-16083;580522;172;20170122;https://www.jardiland.com/plantes/arbres-et-arbustes-d-ornement/plantes-de-terre-de-bruyere/azalee/34072-azalea-japonica-rose.html
34682-18498;596446;172;20170122;https://www.jardiland.com/plantes/arbres-et-arbustes-d-ornement/plantes-mediterraneennes/autres-plantes-mediterraneennes/34682-pittospore-du-japon.html
34803-42813;584570;172;20170122;https://www.jardiland.com/plantes/arbres-et-arbustes-d-ornement/plantes-mediterraneennes/palmiers/34803-palmier-nain.html
34803-6228;1008344;172;20170122;https://www.jardiland.com/plantes/arbres-et-arbustes-d-ornement/plantes-mediterraneennes/palmiers/34803-palmier-nain.html
34792-23089;711642;172;20170122;https://www.jardiland.com/plantes/arbres-et-arbustes-d-ornement/plantes-mediterraneennes/palmiers/34792-palmier-arbre-a-laque.html
34569-29717;967124;172;20170122;https://www.jardiland.com/plantes/arbres-et-arbustes-d-ornement/plantes-mediterraneennes/autres-plantes-mediterraneennes/34569-mimosa-d-hiver-le-gaulois.html
34569-29458;944009;172;20170122;https://www.jardiland.com/plantes/arbres-et-arbustes-d-ornement/plantes-mediterraneennes/autres-plantes-mediterraneennes/34569-mimosa-d-hiver-le-gaulois.html
34569-27816;882936;172;20170122;https://www.jardiland.com/plantes/arbres-et-arbustes-d-ornement/plantes-mediterraneennes/autres-plantes-mediterraneennes/34569-mimosa-d-hiver-le-gaulois.html
34780-23968;731936;172;20170122;https://www.jardiland.com/plantes/arbres-et-arbustes-d-ornement/plantes-mediterraneennes/laurier-rose/34780-laurier-rose.html
34780-21215;651543;172;20170122;https://www.jardiland.com/plantes/arbres-et-arbustes-d-ornement/plantes-mediterraneennes/laurier-rose/34780-laurier-rose.html
34721-48463;1457287;172;20170122;https://www.jardiland.com/plantes/arbres-et-arbustes-d-ornement/plantes-mediterraneennes/autres-plantes-mediterraneennes/34721-callistemon-masotti-pbr.html
34721-46999;1420372;172;20170122;https://www.jardiland.com/plantes/arbres-et-arbustes-d-ornement/plantes-mediterraneennes/autres-plantes-mediterraneennes/34721-callistemon-masotti-pbr.html
41589-31137;999246;172;20170122;https://www.jardiland.com/plantes/arbres-et-arbustes-d-ornement/plantes-mediterraneennes/autres-plantes-mediterraneennes/41589-albizia-julibrissin.html
33666-56304;836884;172;20170122;https://www.jardiland.com/plantes/arbres-et-arbustes-d-ornement/arbres-et-arbustes/spiree/33666-spiraea-x-cinerea-grefsheim.html
33666-25245;814062;172;20170122;https://www.jardiland.com/plantes/arbres-et-arbustes-d-ornement/arbres-et-arbustes/spiree/33666-spiraea-x-cinerea-grefsheim.html
33591-24593;752281;172;20170122;https://www.jardiland.com/plantes/arbres-et-arbustes-d-ornement/arbres-et-arbustes/prunus/33591-prunus-triloba.html
33592-39483;703669;172;20170122;https://www.jardiland.com/plantes/arbres-et-arbustes-d-ornement/arbres-et-arbustes/prunus/33592-prunus-serrulata-royal-burgundy.html
33361-23009;693587;172;20170122;https://www.jardiland.com/plantes/arbres-et-arbustes-d-ornement/arbres-et-arbustes/laurier-palme/33361-prunus-laurocerasus-caucasica.html
33561-18691;597516;172;20170122;https://www.jardiland.com/plantes/arbres-et-arbustes-d-ornement/arbres-et-arbustes/potentille/33561-potentilla-fruticosa-lovely-pinkr-pink-beauty-pbr.html
33566-49791;597544;172;20170122;https://www.jardiland.com/plantes/arbres-et-arbustes-d-ornement/arbres-et-arbustes/potentille/33566-potentilla-fruticosa-red-ace.html
33566-25366;825019;172;20170122;https://www.jardiland.com/plantes/arbres-et-arbustes-d-ornement/arbres-et-arbustes/potentille/33566-potentilla-fruticosa-red-ace.html
33519-30937;992989;172;20170122;https://www.jardiland.com/plantes/arbres-et-arbustes-d-ornement/arbres-et-arbustes/photinia/33519-photinia-x-fraseri-little-red-robin.html
33654-18217;594848;172;20170122;https://www.jardiland.com/plantes/arbres-et-arbustes-d-ornement/arbres-et-arbustes/seringat/33654-philadelphus-virginal.html
33649-51949;594809;172;20170122;https://www.jardiland.com/plantes/arbres-et-arbustes-d-ornement/arbres-et-arbustes/seringat/33649-philadelphus-lemoinei.html
33645-44970;1410570;172;20170122;https://www.jardiland.com/plantes/arbres-et-arbustes-d-ornement/arbres-et-arbustes/seringat/33645-philadelphus.html
33505-26134;838398;172;20170122;https://www.jardiland.com/plantes/arbres-et-arbustes-d-ornement/arbres-et-arbustes/perovskia/33505-perovskia-blue-spire.html
33488-16574;584747;172;20170122;https://www.jardiland.com/plantes/arbres-et-arbustes-d-ornement/arbres-et-arbustes/oranger-du-mexique/33488-oranger-du-mexique.html
33476-16708;585923;172;20170122;https://www.jardiland.com/plantes/arbres-et-arbustes-d-ornement/arbres-et-arbustes/noisetier-ornemental/33476-noisetier.html
33449-17691;592053;172;20170122;https://www.jardiland.com/plantes/arbres-et-arbustes-d-ornement/arbres-et-arbustes/lonicera/33449-lonicera-fragrantissima.html
33356-17569;590518;172;20170122;https://www.jardiland.com/plantes/arbres-et-arbustes-d-ornement/arbres-et-arbustes/kolkwitzia/33356-kolkwitzia-amabilis-pink-cloud.html
33326-42820;588895;172;20170122;https://www.jardiland.com/plantes/arbres-et-arbustes-d-ornement/arbres-et-arbustes/hibiscus/33326-hibiscus-syriacus-oiseau-bleu.html
33332-26482;847919;172;20170122;https://www.jardiland.com/plantes/arbres-et-arbustes-d-ornement/arbres-et-arbustes/hibiscus/33332-hibiscus-syriacus.html
33332-23654;719509;172;20170122;https://www.jardiland.com/plantes/arbres-et-arbustes-d-ornement/arbres-et-arbustes/hibiscus/33332-hibiscus-syriacus.html
33269-25174;812259;172;20170122;https://www.jardiland.com/plantes/arbres-et-arbustes-d-ornement/arbres-et-arbustes/fusain/33269-euonymus-japonicus-microphyllus-aureovariegatus.html
33190-16175;581755;172;20170122;https://www.jardiland.com/plantes/arbres-et-arbustes-d-ornement/arbres-et-arbustes/erable/33190-erable-champetre.html
33190-7691;1243750;172;20170122;https://www.jardiland.com/plantes/arbres-et-arbustes-d-ornement/arbres-et-arbustes/erable/33190-erable-champetre.html
33190-7133;1212043;172;20170122;https://www.jardiland.com/plantes/arbres-et-arbustes-d-ornement/arbres-et-arbustes/erable/33190-erable-champetre.html
33210-28786;922429;172;20170122;https://www.jardiland.com/plantes/arbres-et-arbustes-d-ornement/arbres-et-arbustes/erable/33210-erable-a-peau-de-serpent-red-flamingo.html
33174-16988;587066;172;20170122;https://www.jardiland.com/plantes/arbres-et-arbustes-d-ornement/arbres-et-arbustes/elaeagnus/33174-elaeagnus-pungens-maculata.html
33161-16918;586824;172;20170122;https://www.jardiland.com/plantes/arbres-et-arbustes-d-ornement/arbres-et-arbustes/deutzia/33161-deutzia-gracilis-nikko.html
33283-44290;609076;172;20170122;https://www.jardiland.com/plantes/arbres-et-arbustes-d-ornement/arbres-et-arbustes/genet/33283-cytisus-goldfinch.html
33116-26916;867187;172;20170122;https://www.jardiland.com/plantes/arbres-et-arbustes-d-ornement/arbres-et-arbustes/cornouiller/33116-cornouiller-blanc-ivory-halor-baihalo.html
33125-47197;585719;172;20170122;https://www.jardiland.com/plantes/arbres-et-arbustes-d-ornement/arbres-et-arbustes/cornouiller/33125-cornouiller-a-fleurs-d-amerique.html
33127-38739;585731;172;20170122;https://www.jardiland.com/plantes/arbres-et-arbustes-d-ornement/arbres-et-arbustes/cornouiller/33127-cornouiller-a-fleurs-cherokee-chief.html
33487-21895;674332;172;20170122;https://www.jardiland.com/plantes/arbres-et-arbustes-d-ornement/arbres-et-arbustes/oranger-du-mexique/33487-choisya-aztec-pearl.html
33051-15854;582978;172;20170122;https://www.jardiland.com/plantes/arbres-et-arbustes-d-ornement/arbres-et-arbustes/caryopteris/33051-caryopteris-heavenly-blue.html
33034-24031;732975;172;20170122;https://www.jardiland.com/plantes/arbres-et-arbustes-d-ornement/arbres-et-arbustes/buddleia/33034-buddleja-davidii-pink-delight.html
33013-16105;581073;172;20170122;https://www.jardiland.com/plantes/arbres-et-arbustes-d-ornement/arbres-et-arbustes/berberis/33013-berberis-thunbergii-rose-glow.html
32958-16040;579965;172;20170122;https://www.jardiland.com/plantes/arbres-et-arbustes-d-ornement/arbres-et-arbustes/aronia/32958-aronie-a-feuille-de-prunier-viking.html
32946-17773;591660;172;20170122;https://www.jardiland.com/plantes/arbres-et-arbustes-d-ornement/arbres-et-arbustes/arbre-aux-faisans/32946-arbre-aux-faisans-purple-rain.html
32936-10039;1331178;172;20170122;https://www.jardiland.com/plantes/arbres-et-arbustes-d-ornement/arbres-et-arbustes/amelanchier/32936-amelanchier-de-lamarck.html
