ID_WEB;ID_JDN;CODEMAG;DATE_ASPI;URLPRODUIT
67597-67597;1477638;187;20170125;https://www.jardiland.com/maison-deco/beaute-bien-tre/accessoires/coffret/67597-duo-mini-bqt-brins-noir-rose-verveine.html
67576-67576;1477659;187;20170125;https://www.jardiland.com/maison-deco/beaute-bien-tre/accessoires/coffret/67576-duo-mini-bqt-brins-noir-rose-paris-chic.html
67598-67598;1477637;187;20170125;https://www.jardiland.com/maison-deco/beaute-bien-tre/accessoires/coffret/67598-duo-mini-bqt-brins-noir-rose-orange-can.html
67586-67586;1477649;187;20170125;https://www.jardiland.com/maison-deco/beaute-bien-tre/accessoires/coffret/67586-coffret-satin-rouge.html
67587-67587;1477648;187;20170125;https://www.jardiland.com/maison-deco/beaute-bien-tre/accessoires/coffret/67587-coffret-satin-givre.html
67585-67585;1477650;187;20170125;https://www.jardiland.com/maison-deco/beaute-bien-tre/accessoires/coffret/67585-coffret-comete-noire.html
67582-67582;1477653;187;20170125;https://www.jardiland.com/maison-deco/beaute-bien-tre/accessoires/coffret/67582-bouquet-parfume-anti-odeur-tabac.html
67581-67581;1477654;187;20170125;https://www.jardiland.com/maison-deco/beaute-bien-tre/accessoires/coffret/67581-bouquet-parfume-anti-odeur-salle-d-eau.html
67584-67584;1477651;187;20170125;https://www.jardiland.com/maison-deco/beaute-bien-tre/accessoires/coffret/67584-bouquet-parfume-anti-odeur-cuisine.html
67583-67583;1477652;187;20170125;https://www.jardiland.com/maison-deco/beaute-bien-tre/accessoires/coffret/67583-bouquet-parfume-anti-odeur-animaux.html
71236-71236;1321777;187;20170125;https://www.jardiland.com/maison-deco/beaute-bien-tre/cosmetiques/savon/71236-savon-rond-au-lait-d-aloe-vera.html
81454-78269;857156;187;20170125;https://www.jardiland.com/maison-deco/beaute-bien-tre/cosmetiques/savon/81454-savon-pur-vegetal.html
81454-78265;857160;187;20170125;https://www.jardiland.com/maison-deco/beaute-bien-tre/cosmetiques/savon/81454-savon-pur-vegetal.html
81454-73260;1443271;187;20170125;https://www.jardiland.com/maison-deco/beaute-bien-tre/cosmetiques/savon/81454-savon-pur-vegetal.html
81454-73258;1443267;187;20170125;https://www.jardiland.com/maison-deco/beaute-bien-tre/cosmetiques/savon/81454-savon-pur-vegetal.html
81454-72424;1407914;187;20170125;https://www.jardiland.com/maison-deco/beaute-bien-tre/cosmetiques/savon/81454-savon-pur-vegetal.html
82518-73344;1441009;187;20170125;https://www.jardiland.com/maison-deco/epicerie-fine/epicerie-sucree/confiserie/82518-carre-croquant-130g.html
5793-5793;970819;187;20170125;https://www.jardiland.com/maison-deco/art-de-la-table/conserves-et-bocaux/accessoires/5793-moulin-a-coulis.html
69678-69678;1432050;187;20170125;https://www.jardiland.com/maison-deco/art-de-la-table/linge-de-table/set-de-table/69678-set-de-table-vert-33x48cm.html
69659-69659;1432069;187;20170125;https://www.jardiland.com/maison-deco/art-de-la-table/linge-de-table/set-de-table/69659-set-de-table-uni-taupe-33x48cm.html
69658-69658;1432070;187;20170125;https://www.jardiland.com/maison-deco/art-de-la-table/linge-de-table/set-de-table/69658-set-de-table-uni-orange-33x48cm.html
69681-69681;1432047;187;20170125;https://www.jardiland.com/maison-deco/art-de-la-table/linge-de-table/chemin-de-table/69681-chemin-de-table-orange-40x140cm.html
69255-69255;1430959;187;20170125;https://www.jardiland.com/maison-deco/art-de-la-table/vaisselle/verre/69255-verre-sur-pied-martele-transparent.html
69256-69256;1430958;187;20170125;https://www.jardiland.com/maison-deco/art-de-la-table/vaisselle/verre/69256-verre-haut-martele-transparent.html
69252-69252;1430976;187;20170125;https://www.jardiland.com/maison-deco/art-de-la-table/vaisselle/tasse-bol-et-mug/69252-bol-martele-blanc-d15-2cm.html
50908-44173;1429257;187;20170125;https://www.jardiland.com/maison-deco/cache-pot-d-interieur/cache-pot-simple/ceramique/50908-vase-ceramique.html
69058-69058;1433165;187;20170125;https://www.jardiland.com/maison-deco/cache-pot-d-interieur/cache-pot-simple/contenant-en-metal/69058-pot-zinc-gris-pissenlit-d16xh12-1.html
41103-41103;1417462;187;20170125;https://www.jardiland.com/maison-deco/cache-pot-d-interieur/cache-pot-simple/pot-special-orchidee-et-accessoires/41103-pot-orchidee-blanc-alaska.html
68705-68705;1443597;187;20170125;https://www.jardiland.com/maison-deco/cache-pot-d-interieur/cache-pot-simple/porte-plante/68705-cache-pot-animaux-de-compagnie-1-1.html
69341-69341;1429028;187;20170125;https://www.jardiland.com/maison-deco/librairie-papeterie/papeterie/carte/69341-carte-92x77mm-tres-bon-anniversaire.html
69350-69350;1429019;187;20170125;https://www.jardiland.com/maison-deco/librairie-papeterie/papeterie/carte/69350-carte-92x77mm-plaisir-d-offrir.html
69343-69343;1429026;187;20170125;https://www.jardiland.com/maison-deco/librairie-papeterie/papeterie/carte/69343-carte-92x77mm-merci-pour-l-invitation.html
69355-69355;1429014;187;20170125;https://www.jardiland.com/maison-deco/librairie-papeterie/papeterie/carte/69355-carte-92x77mm-merci.html
69351-69351;1429018;187;20170125;https://www.jardiland.com/maison-deco/librairie-papeterie/papeterie/carte/69351-carte-92x77mm-heureux-mariage.html
69342-69342;1429027;187;20170125;https://www.jardiland.com/maison-deco/librairie-papeterie/papeterie/carte/69342-carte-92x77mm-felicitations.html
69349-69349;1429020;187;20170125;https://www.jardiland.com/maison-deco/librairie-papeterie/papeterie/carte/69349-carte-92x77mm-bonne-retraite.html
69170-69170;1432738;187;20170125;https://www.jardiland.com/maison-deco/objets-de-decoration/autres-objets-de-decoration/autres-objets-de-decoration/69170-vase-frances-26cm-transparent.html
69139-69139;1433044;187;20170125;https://www.jardiland.com/maison-deco/objets-de-decoration/autres-objets-de-decoration/autres-objets-de-decoration/69139-pot-a-suspendre-orange-d17x17cm.html
69138-69138;1433045;187;20170125;https://www.jardiland.com/maison-deco/objets-de-decoration/autres-objets-de-decoration/autres-objets-de-decoration/69138-pot-a-suspendre-jaune-d17x17cm.html
68577-68577;1454791;187;20170125;https://www.jardiland.com/maison-deco/objets-de-decoration/autres-objets-de-decoration/fruit-et-legume-artificiel/68577-pomme-couleur-marsala-7-5-cm.html
68578-68578;1454790;187;20170125;https://www.jardiland.com/maison-deco/objets-de-decoration/autres-objets-de-decoration/fruit-et-legume-artificiel/68578-pomme-couleur-marsala-6-5-cm-12-288-1.html
70501-70501;1395413;187;20170125;https://www.jardiland.com/maison-deco/objets-de-decoration/autres-objets-de-decoration/autres-objets-de-decoration/70501-pomme-blanche-en-fibre-25-5x27-1.html
70497-70497;1395422;187;20170125;https://www.jardiland.com/maison-deco/objets-de-decoration/autres-objets-de-decoration/autres-objets-de-decoration/70497-pomme-blanche-en-fibre-20x22-1.html
70515-70515;1395348;187;20170125;https://www.jardiland.com/maison-deco/objets-de-decoration/autres-objets-de-decoration/autres-objets-de-decoration/70515-plateau-4-pots-en-terre-cuite-31x31x14-1.html
69094-69094;1433124;187;20170125;https://www.jardiland.com/maison-deco/objets-de-decoration/autres-objets-de-decoration/panier/69094-paniere-rotin-ractangulaire-40x30x12-1.html
69093-69093;1433125;187;20170125;https://www.jardiland.com/maison-deco/objets-de-decoration/autres-objets-de-decoration/panier/69093-paniere-rotin-ractangulaire-35x26x10-1.html
69100-69100;1433114;187;20170125;https://www.jardiland.com/maison-deco/objets-de-decoration/autres-objets-de-decoration/panier/69100-paniere-ronde-deco-30x10cm.html
69099-69099;1433115;187;20170125;https://www.jardiland.com/maison-deco/objets-de-decoration/autres-objets-de-decoration/panier/69099-paniere-ronde-deco-25x9cm.html
69098-69098;1433116;187;20170125;https://www.jardiland.com/maison-deco/objets-de-decoration/autres-objets-de-decoration/panier/69098-paniere-ronde-deco-22x7cm.html
70503-70503;1395380;187;20170125;https://www.jardiland.com/maison-deco/objets-de-decoration/autres-objets-de-decoration/panier/70503-paniere-ronde-avec-ardoise-35x37-1.html
70509-70509;1395372;187;20170125;https://www.jardiland.com/maison-deco/objets-de-decoration/autres-objets-de-decoration/panier/70509-paniere-rectang-en-plastique-41x32x16-1.html
69095-69095;1433120;187;20170125;https://www.jardiland.com/maison-deco/objets-de-decoration/autres-objets-de-decoration/autres-objets-de-decoration/69095-paniere-metal-a-suspendre-37x15x27cm.html
70514-70514;1395349;187;20170125;https://www.jardiland.com/maison-deco/objets-de-decoration/autres-objets-de-decoration/autres-objets-de-decoration/70514-jardiniere-bois-avec-3-pots-terre-cuite.html
70880-70880;1395469;187;20170125;https://www.jardiland.com/maison-deco/objets-de-decoration/figurines-et-peluches/figurine/70880-pomme-verte-en-fibre-25-5x27cm.html
70879-70879;1395479;187;20170125;https://www.jardiland.com/maison-deco/objets-de-decoration/figurines-et-peluches/figurine/70879-pomme-verte-en-fibre-20x22cm.html
70490-70490;1395489;187;20170125;https://www.jardiland.com/maison-deco/objets-de-decoration/figurines-et-peluches/figurine/70490-pomme-verte-en-fibre-15x17cm.html
70881-70881;1395433;187;20170125;https://www.jardiland.com/maison-deco/objets-de-decoration/figurines-et-peluches/figurine/70881-pomme-blanche-en-fibre-15x17-1.html
70458-70458;1395534;187;20170125;https://www.jardiland.com/maison-deco/objets-de-decoration/figurines-et-peluches/figurine/70458-oiseau-vert-en-fibre-27x19x25-1.html
70467-70467;1395525;187;20170125;https://www.jardiland.com/maison-deco/objets-de-decoration/figurines-et-peluches/figurine/70467-oiseau-blanc-en-fibre-36x19x24-1.html
69143-69143;1433040;187;20170125;https://www.jardiland.com/maison-deco/objets-de-decoration/figurines-et-peluches/figurine/69143-hibou-ceramique-vert-15x14x20cm.html
69142-69142;1433041;187;20170125;https://www.jardiland.com/maison-deco/objets-de-decoration/rangement-boites-et-paniers/coffret-et-boite-de-rangement/69142-panier-de-rangement-grillage-d16xh12cm.html
69240-69240;1432080;187;20170125;https://www.jardiland.com/maison-deco/objets-de-decoration/coussins-et-plaids/coussin/69240-coussin-vert-40x40cm.html
69657-69657;1432071;187;20170125;https://www.jardiland.com/maison-deco/objets-de-decoration/coussins-et-plaids/galette/69657-coussin-de-chaise-vert-40x40cm.html
69247-69247;1432072;187;20170125;https://www.jardiland.com/maison-deco/objets-de-decoration/coussins-et-plaids/galette/69247-coussin-de-chaise-orange-40x40cm.html
69671-69671;1432057;187;20170125;https://www.jardiland.com/maison-deco/objets-de-decoration/coussins-et-plaids/coussin/69671-coussin-avec-motifs-vert-40x40cm.html
69673-69673;1432055;187;20170125;https://www.jardiland.com/maison-deco/objets-de-decoration/coussins-et-plaids/coussin/69673-coussin-avec-motifs-vert-30x50cm.html
69670-69670;1432058;187;20170125;https://www.jardiland.com/maison-deco/objets-de-decoration/coussins-et-plaids/coussin/69670-coussin-avec-motifs-orange-40x40cm.html
69674-69674;1432054;187;20170125;https://www.jardiland.com/maison-deco/objets-de-decoration/coussins-et-plaids/coussin/69674-coussin-avec-motifs-orange-30x50cm.html
69672-69672;1432056;187;20170125;https://www.jardiland.com/maison-deco/objets-de-decoration/coussins-et-plaids/coussin/69672-coussin-avec-motifs-gris-40x40cm.html
69675-69675;1432053;187;20170125;https://www.jardiland.com/maison-deco/objets-de-decoration/coussins-et-plaids/coussin/69675-coussin-avec-motifs-gris-30x50cm.html
70433-70433;1395649;187;20170125;https://www.jardiland.com/maison-deco/objets-de-decoration/plantes-artificielles/tige-fleurie/70433-tige-orchidee-x3-90-cm-lilas.html
70432-70432;1395650;187;20170125;https://www.jardiland.com/maison-deco/objets-de-decoration/plantes-artificielles/tige-fleurie/70432-tige-orchidee-x3-90-cm-creme.html
68555-68555;1454813;187;20170125;https://www.jardiland.com/maison-deco/objets-de-decoration/plantes-artificielles/tige-fleurie/68555-rose-rose-60cm.html
71159-71159;1336442;187;20170125;https://www.jardiland.com/maison-deco/objets-de-decoration/plantes-artificielles/tige-fleurie/71159-rose-bresil-xl-55cm-blanc-prix-piece.html
68553-68553;1454815;187;20170125;https://www.jardiland.com/maison-deco/objets-de-decoration/plantes-artificielles/tige-fleurie/68553-rose-argent-60cm.html
65774-65774;879887;187;20170125;https://www.jardiland.com/maison-deco/objets-de-decoration/plantes-artificielles/funeraire/65774-primevere-piquet.html
70950-70950;1353627;187;20170125;https://www.jardiland.com/maison-deco/objets-de-decoration/plantes-artificielles/tige-fleurie/70950-pivoine-fuchsia-63cm.html
71875-71875;1270717;187;20170125;https://www.jardiland.com/maison-deco/objets-de-decoration/plantes-artificielles/tige-fleurie/71875-pivoine-creme-2flrs-60cm.html
68552-68552;1454816;187;20170125;https://www.jardiland.com/maison-deco/objets-de-decoration/plantes-artificielles/tige-fleurie/68552-orchidee-phalaeno-rose-77cm.html
68550-68550;1454818;187;20170125;https://www.jardiland.com/maison-deco/objets-de-decoration/plantes-artificielles/tige-fleurie/68550-orchidee-phalaeno-argent-77cm.html
1223-1223;1297822;187;20170125;https://www.jardiland.com/maison-deco/objets-de-decoration/plantes-artificielles/plante-et-fleur/1223-mini-buis-taille-artificiel.html
68575-68575;1454793;187;20170125;https://www.jardiland.com/maison-deco/objets-de-decoration/plantes-artificielles/tige-fleurie/68575-conifere-scintillant-52cm.html
68932-68932;1434148;187;20170125;https://www.jardiland.com/maison-deco/objets-de-decoration/plantes-artificielles/funeraire/68932-bqt-pivoinesx12-creme.html
70664-70664;1382987;187;20170125;https://www.jardiland.com/maison-deco/objets-de-decoration/plantes-artificielles/tige-fleurie/70664-bambou-80cm.html
70666-70666;1382985;187;20170125;https://www.jardiland.com/maison-deco/objets-de-decoration/plantes-artificielles/tige-fleurie/70666-bambou-180cm.html
71196-71196;1328256;187;20170125;https://www.jardiland.com/maison-deco/objets-de-decoration/vases-coupes-et-accessoires/pot-et-coupe/71196-vase-vince-verre-h45d25-transp.html
70888-70888;1393566;187;20170125;https://www.jardiland.com/maison-deco/objets-de-decoration/vases-coupes-et-accessoires/pot-et-coupe/70888-vase-en-verre-avec-corde-28-5x11-5cm.html
70887-70887;1393567;187;20170125;https://www.jardiland.com/maison-deco/objets-de-decoration/vases-coupes-et-accessoires/pot-et-coupe/70887-vase-en-verre-avec-corde-24x10-7cm.html
69152-69152;1433021;187;20170125;https://www.jardiland.com/maison-deco/objets-de-decoration/vases-coupes-et-accessoires/pot-et-coupe/69152-vase-ceramique-vert-oiseau-brche-18x35cm.html
69119-69119;1433094;187;20170125;https://www.jardiland.com/maison-deco/objets-de-decoration/vases-coupes-et-accessoires/pot-et-coupe/69119-vase-ceramique-vert-25x32cm.html
69118-69118;1433095;187;20170125;https://www.jardiland.com/maison-deco/objets-de-decoration/vases-coupes-et-accessoires/pot-et-coupe/69118-vase-ceramique-vert-18x23cm.html
69884-69884;1409862;187;20170125;https://www.jardiland.com/maison-deco/objets-de-decoration/vases-coupes-et-accessoires/pot-et-coupe/69884-vase-ceramique-noir-et-blanc-d25x15cm.html
69889-69889;1409857;187;20170125;https://www.jardiland.com/maison-deco/objets-de-decoration/vases-coupes-et-accessoires/pot-et-coupe/69889-vase-ceramique-motif-marron-d19-5x34cm.html
69122-69122;1433089;187;20170125;https://www.jardiland.com/maison-deco/objets-de-decoration/vases-coupes-et-accessoires/pot-et-coupe/69122-vase-ceramique-corail-d20x40cm.html
69121-69121;1433092;187;20170125;https://www.jardiland.com/maison-deco/objets-de-decoration/vases-coupes-et-accessoires/pot-et-coupe/69121-vase-ceramique-corail-25x32cm.html
69120-69120;1433093;187;20170125;https://www.jardiland.com/maison-deco/objets-de-decoration/vases-coupes-et-accessoires/pot-et-coupe/69120-vase-ceramique-corail-18x23cm.html
69110-69110;1433103;187;20170125;https://www.jardiland.com/maison-deco/objets-de-decoration/vases-coupes-et-accessoires/pot-et-coupe/69110-vase-ceramique-corail-15x33cm.html
69109-69109;1433104;187;20170125;https://www.jardiland.com/maison-deco/objets-de-decoration/vases-coupes-et-accessoires/pot-et-coupe/69109-vase-ceramique-corail-10x23cm.html
69154-69154;1433019;187;20170125;https://www.jardiland.com/maison-deco/objets-de-decoration/vases-coupes-et-accessoires/pot-et-coupe/69154-vase-ceramique-blanc-noir-25x32cm.html
69153-69153;1433020;187;20170125;https://www.jardiland.com/maison-deco/objets-de-decoration/vases-coupes-et-accessoires/pot-et-coupe/69153-vase-ceramique-blanc-noir-18x23cm.html
69157-69157;1433015;187;20170125;https://www.jardiland.com/maison-deco/objets-de-decoration/vases-coupes-et-accessoires/pot-et-coupe/69157-vase-ceramique-blanc-noir-20x40cm.html
69147-69147;1433028;187;20170125;https://www.jardiland.com/maison-deco/objets-de-decoration/vases-coupes-et-accessoires/pot-et-coupe/69147-vase-ceramique-blanc-fond-beton-d15xh33-1.html
69146-69146;1433029;187;20170125;https://www.jardiland.com/maison-deco/objets-de-decoration/vases-coupes-et-accessoires/pot-et-coupe/69146-vase-ceramique-blanc-fond-beton-d10xh23-1.html
69127-69127;1433075;187;20170125;https://www.jardiland.com/maison-deco/objets-de-decoration/vases-coupes-et-accessoires/pot-et-coupe/69127-vase-ceramique-2ast-8-5x15cm.html
69778-69778;1415083;187;20170125;https://www.jardiland.com/maison-deco/objets-de-decoration/vases-coupes-et-accessoires/vase-et-coupe-en-verre/69778-vase-carafe-colonial-4l.html
69088-69088;1433131;187;20170125;https://www.jardiland.com/maison-deco/objets-de-decoration/vases-coupes-et-accessoires/pot-et-coupe/69088-pot-terracota-dans-panier-metal-34x17x40-1.html
69104-69104;1433109;187;20170125;https://www.jardiland.com/maison-deco/objets-de-decoration/vases-coupes-et-accessoires/pot-et-coupe/69104-pot-aromates-4-ast.html
70776-70776;1365417;187;20170125;https://www.jardiland.com/maison-deco/objets-de-decoration/vases-coupes-et-accessoires/accessoires-de-composition-florale/70776-hobby-brique-seche.html
70775-70775;1365418;187;20170125;https://www.jardiland.com/maison-deco/objets-de-decoration/vases-coupes-et-accessoires/accessoires-de-composition-florale/70775-hobby-brique-mouillable.html
70782-70782;1361876;187;20170125;https://www.jardiland.com/maison-deco/objets-de-decoration/vases-coupes-et-accessoires/accessoires-de-composition-florale/70782-4-ronds-mouillable-d8-h5cm-vert.html
66605-66605;644387;187;20170125;https://www.jardiland.com/maison-deco/objets-de-decoration/bougies-et-senteurs/accessoires-pour-encens/66605-support-35-cm.html
67578-67578;1477657;187;20170125;https://www.jardiland.com/maison-deco/objets-de-decoration/bougies-et-senteurs/parfum-d-ambiance-diffuseur-a-froid/67578-recharge-anti-odeur-200ml-tabac.html
67577-67577;1477658;187;20170125;https://www.jardiland.com/maison-deco/objets-de-decoration/bougies-et-senteurs/parfum-d-ambiance-diffuseur-a-froid/67577-recharge-anti-odeur-200ml-salle-d-eau.html
67580-67580;1477655;187;20170125;https://www.jardiland.com/maison-deco/objets-de-decoration/bougies-et-senteurs/parfum-d-ambiance-diffuseur-a-froid/67580-recharge-anti-odeur-200ml-cuisine.html
67579-67579;1477656;187;20170125;https://www.jardiland.com/maison-deco/objets-de-decoration/bougies-et-senteurs/parfum-d-ambiance-diffuseur-a-froid/67579-recharge-anti-odeur-200ml-animaux.html
68719-68719;1443385;187;20170125;https://www.jardiland.com/maison-deco/objets-de-decoration/bougies-et-senteurs/parfum-d-ambiance-diffuseur-a-froid/68719-petale-de-cire-coloree-parfumee.html
82092-72428;1408572;187;20170125;https://www.jardiland.com/maison-deco/objets-de-decoration/bougies-et-senteurs/diffuseur-de-parfum-et-recharge/82092-lampe-sphere.html
67594-67594;1477641;187;20170125;https://www.jardiland.com/maison-deco/objets-de-decoration/bougies-et-senteurs/diffuseur-de-parfum-et-recharge/67594-lampe-diamant-transparente.html
67595-67595;1477640;187;20170125;https://www.jardiland.com/maison-deco/objets-de-decoration/bougies-et-senteurs/diffuseur-de-parfum-et-recharge/67595-lampe-diamant-grise.html
67588-67588;1477647;187;20170125;https://www.jardiland.com/maison-deco/objets-de-decoration/bougies-et-senteurs/diffuseur-de-parfum-et-recharge/67588-lampe-curve-grise.html
81462-80470;932807;187;20170125;https://www.jardiland.com/maison-deco/objets-de-decoration/bougies-et-senteurs/diffuseur-de-parfum-et-recharge/81462-huile-parfumee-15ml.html
81462-80453;932818;187;20170125;https://www.jardiland.com/maison-deco/objets-de-decoration/bougies-et-senteurs/diffuseur-de-parfum-et-recharge/81462-huile-parfumee-15ml.html
81462-80448;932837;187;20170125;https://www.jardiland.com/maison-deco/objets-de-decoration/bougies-et-senteurs/diffuseur-de-parfum-et-recharge/81462-huile-parfumee-15ml.html
81462-73255;1443256;187;20170125;https://www.jardiland.com/maison-deco/objets-de-decoration/bougies-et-senteurs/diffuseur-de-parfum-et-recharge/81462-huile-parfumee-15ml.html
81462-73253;1443253;187;20170125;https://www.jardiland.com/maison-deco/objets-de-decoration/bougies-et-senteurs/diffuseur-de-parfum-et-recharge/81462-huile-parfumee-15ml.html
71235-71235;1321855;187;20170125;https://www.jardiland.com/maison-deco/objets-de-decoration/bougies-et-senteurs/diffuseur-de-parfum-et-recharge/71235-diffuseur-electrique-kheops.html
52717-52717;1432919;187;20170125;https://www.jardiland.com/maison-deco/objets-de-decoration/bougeoirs-photophores-et-lanternes/lanterne/52717-photophore-jaune.html
69202-69202;1432416;187;20170125;https://www.jardiland.com/maison-deco/objets-de-decoration/bougeoirs-photophores-et-lanternes/bougeoir-et-photophore-deco/69202-photophore-hexagonal-en-verre-10x10cm.html
69221-69221;1432379;187;20170125;https://www.jardiland.com/maison-deco/objets-de-decoration/bougeoirs-photophores-et-lanternes/bougeoir-et-photophore-deco/69221-photophore-forme-verre-2-col-ast.html
69335-69335;1429139;187;20170125;https://www.jardiland.com/maison-deco/objets-de-decoration/bougeoirs-photophores-et-lanternes/bougeoir-et-photophore-deco/69335-photophore-a-suspendre-avec-corde-13x13-1.html
69204-69204;1432414;187;20170125;https://www.jardiland.com/maison-deco/objets-de-decoration/bougeoirs-photophores-et-lanternes/lanterne/69204-lanterne-verre-2ast.html
2162-2162;1362406;187;20170125;https://www.jardiland.com/maison-deco/objets-de-decoration/bougeoirs-photophores-et-lanternes/bougeoir-et-photophore-deco/2162-lanterne-ronde.html
69084-69084;1433135;187;20170125;https://www.jardiland.com/maison-deco/objets-de-decoration/bougeoirs-photophores-et-lanternes/lanterne/69084-lanterne-metal-corail-d30-x-h20cm.html
69200-69200;1432418;187;20170125;https://www.jardiland.com/maison-deco/objets-de-decoration/bougeoirs-photophores-et-lanternes/lanterne/69200-lanterne-carree-en-verre-20x20x34-3cm.html
69216-69216;1432391;187;20170125;https://www.jardiland.com/maison-deco/objets-de-decoration/bougeoirs-photophores-et-lanternes/lanterne/69216-lanterne-bois-blanc-19x19x27cm.html
989-989;1308127;187;20170125;https://www.jardiland.com/animaux/oiseau-de-la-nature/mangeoire-et-distributeur/989-mangeoire-sur-pied-beaute-d-ebene.html
32327-14467;1440435;187;20170125;https://www.jardiland.com/animaux/oiseau-de-la-nature/alimentation/32327-cylindre-de-graisse-pour-oiseaux.html
81734-73126;1455307;187;20170125;https://www.jardiland.com/animaux/reptiles-et-insectes/alimentation/boite-et-lyophilisee/81734-sera-reptil-pro-herbivor.html
66866-66866;538822;187;20170125;https://www.jardiland.com/animaux/oiseau/hygiene-et-soins/soin-de-l-animal/66866-vitaperruche.html
68860-68860;1437656;187;20170125;https://www.jardiland.com/animaux/oiseau/hygiene-et-soins/soin-de-l-animal/68860-poudre-insectifuge-oiseaux-150g.html
68865-68865;1437547;187;20170125;https://www.jardiland.com/animaux/oiseau/cages-volieres-et-accessoires/equipement-de-cage-et-voliere/68865-tetines-des-suspendus-gd-perruch.html
81917-72495;1402302;187;20170125;https://www.jardiland.com/animaux/oiseau/cages-volieres-et-accessoires/equipement-de-cage-et-voliere/81917-perchoir-droit-tyrol.html
81917-72486;1402303;187;20170125;https://www.jardiland.com/animaux/oiseau/cages-volieres-et-accessoires/equipement-de-cage-et-voliere/81917-perchoir-droit-tyrol.html
68811-68811;1439347;187;20170125;https://www.jardiland.com/animaux/oiseau/alimentation-et-friandises/friandise/68811-prest-sp-perroquets-exotic-light750g.html
66869-66869;538537;187;20170125;https://www.jardiland.com/animaux/oiseau/alimentation-et-friandises/complement-nutritionnel/66869-orlux-gold-patee-colorante-250g.html
68267-68267;1463242;187;20170125;https://www.jardiland.com/animaux/poisson/materiel-chauffage-filtres-et-pompes/aeration/68267-ventouses-tuyau-a-air-x4-1.html
68269-68269;1463240;187;20170125;https://www.jardiland.com/animaux/poisson/materiel-chauffage-filtres-et-pompes/aeration/68269-tuyau-a-air-cristal-2-5m.html
68266-68266;1463243;187;20170125;https://www.jardiland.com/animaux/poisson/materiel-chauffage-filtres-et-pompes/chauffage/68266-thermometre-de-precision.html
68777-68777;1440479;187;20170125;https://www.jardiland.com/animaux/poisson/materiel-chauffage-filtres-et-pompes/masse-de-filtration/68777-mousse-foam-taille-m-x1-1.html
67549-67549;1477960;187;20170125;https://www.jardiland.com/animaux/poisson/materiel-chauffage-filtres-et-pompes/aeration/67549-jard-repartiteur-2-sorties-x2-1.html
68778-68778;1440470;187;20170125;https://www.jardiland.com/animaux/poisson/materiel-chauffage-filtres-et-pompes/filtre-interieur/68778-filtre-interieur-cf80-1.html
32536-29890;957388;187;20170125;https://www.jardiland.com/animaux/poisson/materiel-chauffage-filtres-et-pompes/nettoyage-aquarium/32536-epuisette-maille-fine.html
68268-68268;1463241;187;20170125;https://www.jardiland.com/animaux/poisson/materiel-chauffage-filtres-et-pompes/aeration/68268-diffuseur-air-cylind-3cm-x2-1.html
68883-68883;1436805;187;20170125;https://www.jardiland.com/animaux/poisson/materiel-chauffage-filtres-et-pompes/masse-de-filtration/68883-crystal-90-120-x6-1.html
68887-68887;1436800;187;20170125;https://www.jardiland.com/animaux/poisson/materiel-chauffage-filtres-et-pompes/masse-de-filtration/68887-crystal-20-x2-1.html
68682-68682;1449618;187;20170125;https://www.jardiland.com/animaux/poisson/materiel-chauffage-filtres-et-pompes/nettoyage-aquarium/68682-cloche-de-nettoyage-25-40cm.html
68776-68776;1440485;187;20170125;https://www.jardiland.com/animaux/poisson/materiel-chauffage-filtres-et-pompes/masse-de-filtration/68776-cartouches-waterclear-taille-m-x1-1.html
68866-68866;1437453;187;20170125;https://www.jardiland.com/animaux/poisson/materiel-chauffage-filtres-et-pompes/masse-de-filtration/68866-cartouche-waterclear-taille-s-x2-1.html
5767-5767;957372;187;20170125;https://www.jardiland.com/animaux/poisson/materiel-chauffage-filtres-et-pompes/nettoyage-aquarium/5767-aspirateur-a-piles.html
81339-72810;1453022;187;20170125;https://www.jardiland.com/animaux/poisson/decoration-pour-aquarium/sable-et-autres-graviers/81339-quartz-fluo-pour-aquarium-1-kg.html
81339-72806;1453027;187;20170125;https://www.jardiland.com/animaux/poisson/decoration-pour-aquarium/sable-et-autres-graviers/81339-quartz-fluo-pour-aquarium-1-kg.html
81339-72805;1453026;187;20170125;https://www.jardiland.com/animaux/poisson/decoration-pour-aquarium/sable-et-autres-graviers/81339-quartz-fluo-pour-aquarium-1-kg.html
81339-72804;1453023;187;20170125;https://www.jardiland.com/animaux/poisson/decoration-pour-aquarium/sable-et-autres-graviers/81339-quartz-fluo-pour-aquarium-1-kg.html
81339-72801;1453025;187;20170125;https://www.jardiland.com/animaux/poisson/decoration-pour-aquarium/sable-et-autres-graviers/81339-quartz-fluo-pour-aquarium-1-kg.html
70210-70210;1407977;187;20170125;https://www.jardiland.com/animaux/poisson/decoration-pour-aquarium/plante-artificielle/70210-plantes-pm-display.html
68667-68667;1453039;187;20170125;https://www.jardiland.com/animaux/poisson/decoration-pour-aquarium/sable-et-autres-graviers/68667-jard-sable-blanc-fin-3l.html
81331-72803;1453015;187;20170125;https://www.jardiland.com/animaux/poisson/decoration-pour-aquarium/sable-et-autres-graviers/81331-jard-quartz-deco-1kg.html
70774-70774;1365613;187;20170125;https://www.jardiland.com/animaux/poisson/decoration-pour-aquarium/plante-artificielle/70774-display-arbre-gm-par-26-1.html
2181-2181;1365614;187;20170125;https://www.jardiland.com/animaux/poisson/decoration-pour-aquarium/plante-artificielle/2181-decor-pour-aquarium-algue-epee-pierre-rose.html
1529-1529;1307275;187;20170125;https://www.jardiland.com/animaux/poisson/decoration-pour-aquarium/decoration-d-aquarium/1529-decor-pour-aquarium-4-colonnes-nano.html
2904-2904;1403929;187;20170125;https://www.jardiland.com/animaux/poisson/decoration-pour-aquarium/decoration-d-aquarium/2904-amphore-xxii-slim-de-12-cm.html
65034-65011;1487307;187;20170125;https://www.jardiland.com/animaux/poisson/aquariums/aquarium-pour-poisson-d-eau-chaude/65034-aquarium-led-confort-60-1.html
65031-78987;1487298;187;20170125;https://www.jardiland.com/animaux/poisson/aquariums/aquarium-pour-poisson-d-eau-froide/65031-aquarium-inwa-start40-pack-pur.html
71193-71193;1328650;187;20170125;https://www.jardiland.com/animaux/poisson/alimentation/pour-poisson-d-eau-chaude/71193-nourriture-guppy-100ml-aquaprime.html
68861-68861;1437578;187;20170125;https://www.jardiland.com/animaux/poisson/alimentation/pour-poisson-d-eau-chaude/68861-blocs-vacances-12g-betta-ma.html
68256-68256;1465507;187;20170125;https://www.jardiland.com/animaux/basse-cour/aliments/complement-nutritionnel/68256-pack-vers-o-net-volaille-2x250ml.html
68326-68326;1460349;187;20170125;https://www.jardiland.com/animaux/chat/soins-antiparasitaires/vermifuge/68326-vermi-chat-essentiel-100ml.html
81921-76492;1465571;187;20170125;https://www.jardiland.com/animaux/chat/colliers-laisses-et-harnais/collier/81921-collier-chat-sardine-30cm.html
69474-69474;1418530;187;20170125;https://www.jardiland.com/animaux/chat/jeux-et-jouets/69474-souris-mecanique.html
42164-42164;1283370;187;20170125;https://www.jardiland.com/animaux/chat/jeux-et-jouets/42164-jouet-pour-chat-kitty-balles.html
69471-69471;1418533;187;20170125;https://www.jardiland.com/animaux/chat/jeux-et-jouets/69471-jouet-fluke-mich.html
69473-69473;1418531;187;20170125;https://www.jardiland.com/animaux/chat/jeux-et-jouets/69473-canne-a-peche-rumy-55-cm.html
69472-69472;1418532;187;20170125;https://www.jardiland.com/animaux/chat/jeux-et-jouets/69472-balle-pila-2-1.html
82466-73308;1440190;187;20170125;https://www.jardiland.com/animaux/chat/arbres-a-chat-et-griffoirs/griffoir/82466-griffoir-en-carton-49x22x8cm.html
82468-73358;1440194;187;20170125;https://www.jardiland.com/animaux/chat/arbres-a-chat-et-griffoirs/griffoir/82468-griffoir-en-carton-46x22x20cm.html
82468-73357;1440193;187;20170125;https://www.jardiland.com/animaux/chat/arbres-a-chat-et-griffoirs/griffoir/82468-griffoir-en-carton-46x22x20cm.html
67399-67399;1480979;187;20170125;https://www.jardiland.com/animaux/chat/hygiene-soins-et-litieres/litiere/67399-smooz-litiere-veget-mais-chat-10l.html
48686-48686;1436369;187;20170125;https://www.jardiland.com/animaux/chat/hygiene-soins-et-litieres/bac-a-litiere-et-maison-de-toilette/48686-maison-de-toilette-taupe-3-cats.html
68856-68856;1437725;187;20170125;https://www.jardiland.com/animaux/chat/hygiene-soins-et-litieres/desodorisant-litiere/68856-detergent-desinfectant-ecolo-1l.html
65876-65876;865272;187;20170125;https://www.jardiland.com/animaux/chat/hygiene-soins-et-litieres/desodorisant-litiere/65876-desodorisant-chevrefeuille-375g.html
62895-62858;1439155;187;20170125;https://www.jardiland.com/animaux/chat/alimentation-et-friandises/boite-et-sachet-fraicheur/62895-schesir-patee-pour-chats-70-g.html
5284-5284;972627;187;20170125;https://www.jardiland.com/animaux/rongeurs-et-petits-mammiferes/hygiene-et-soins/soin-de-toilettage/5284-deodorant-lavant-pour-rongeurs.html
5280-5280;972186;187;20170125;https://www.jardiland.com/animaux/rongeurs-et-petits-mammiferes/habitats-cages-et-accessoires/cage/5280-cage-cochons-d-inde-nero-2-deluxe.html
82792-74378;1319292;187;20170125;https://www.jardiland.com/animaux/rongeurs-et-petits-mammiferes/aliments-et-friandises/alimentation-quotidienne/82792-selective-lapin-junior.html
82793-74377;1319277;187;20170125;https://www.jardiland.com/animaux/rongeurs-et-petits-mammiferes/aliments-et-friandises/alimentation-quotidienne/82793-selective-cochon-d-inde.html
68325-68325;1460350;187;20170125;https://www.jardiland.com/animaux/chien/soins-antiparasitaires/vermifuge/68325-vermi-chien-essentiel-100ml.html
67952-67952;1472492;187;20170125;https://www.jardiland.com/animaux/chien/soins-antiparasitaires/accessoires-antiparasitaires/67952-peigne-plastique-a-puce.html
68989-68989;1441698;187;20170125;https://www.jardiland.com/animaux/chien/soins-antiparasitaires/insecticide/68989-e-shampooing-chat-et-chien-250ml.html
68257-68257;1465061;187;20170125;https://www.jardiland.com/animaux/chien/hygiene-et-soins/soin-de-toilettage/68257-slicker-metal-small.html
67630-67630;1475665;187;20170125;https://www.jardiland.com/animaux/chien/hygiene-et-soins/soin-de-toilettage/67630-lotion-extraits-capucine-chien-250ml.html
70289-70289;1398797;187;20170125;https://www.jardiland.com/animaux/chien/hygiene-et-soins/soin-de-toilettage/70289-jd-brosse-de-massage.html
68981-68981;1463706;187;20170125;https://www.jardiland.com/animaux/chien/hygiene-et-soins/soin-de-toilettage/68981-coupe-ongle-small.html
68136-68136;1467889;187;20170125;https://www.jardiland.com/animaux/chien/hygiene-et-soins/soin-de-toilettage/68136-brosse-plastique-douce-small.html
70239-70239;1403564;187;20170125;https://www.jardiland.com/animaux/chien/hygiene-et-soins/hygiene-et-soin/70239-bogadent-dental-creme.html
68990-68990;1441697;187;20170125;https://www.jardiland.com/animaux/chien/hygiene-et-soins/hygiene-et-soin/68990-adaptil-recharge-48ml.html
68988-68988;1441700;187;20170125;https://www.jardiland.com/animaux/chien/hygiene-et-soins/hygiene-et-soin/68988-adaptil-diffuseur-flacon-48ml.html
69467-69467;1418914;187;20170125;https://www.jardiland.com/animaux/chien/hygiene-et-soins/hygiene-et-soin/69467-adaptil-collier-70cm.html
66862-66862;540804;187;20170125;https://www.jardiland.com/animaux/chien/colliers-laisses-et-vetements/tube-et-medaille-d-identite/66862-tube-adresse-nickele-2cm.html
69497-69497;1416908;187;20170125;https://www.jardiland.com/animaux/chien/colliers-laisses-et-vetements/tube-et-medaille-d-identite/69497-medaille-friends-yorkshire.html
69745-69745;1416677;187;20170125;https://www.jardiland.com/animaux/chien/colliers-laisses-et-vetements/tube-et-medaille-d-identite/69745-medaille-friends-lhasa-apso.html
69530-69530;1416865;187;20170125;https://www.jardiland.com/animaux/chien/colliers-laisses-et-vetements/tube-et-medaille-d-identite/69530-medaille-friends-bulldog-francais-noir.html
69576-69576;1416816;187;20170125;https://www.jardiland.com/animaux/chien/colliers-laisses-et-vetements/tube-et-medaille-d-identite/69576-medaille-classic-os-grand-noir.html
69589-69589;1416803;187;20170125;https://www.jardiland.com/animaux/chien/colliers-laisses-et-vetements/tube-et-medaille-d-identite/69589-medaille-classic-grand-cercle-patte-roug.html
69598-69598;1416794;187;20170125;https://www.jardiland.com/animaux/chien/colliers-laisses-et-vetements/tube-et-medaille-d-identite/69598-medaille-classic-grand-cercle-os-rose.html
69599-69599;1416793;187;20170125;https://www.jardiland.com/animaux/chien/colliers-laisses-et-vetements/tube-et-medaille-d-identite/69599-medaille-classic-grand-cercle-os-noir.html
67878-67878;1473668;187;20170125;https://www.jardiland.com/animaux/chien/colliers-laisses-et-vetements/tube-et-medaille-d-identite/67878-medaille-bronx-os-xl-plateforme.html
69604-69604;1416788;187;20170125;https://www.jardiland.com/animaux/chien/colliers-laisses-et-vetements/tube-et-medaille-d-identite/69604-medaille-basic-petit-os-laiton-dore.html
69616-69616;1416776;187;20170125;https://www.jardiland.com/animaux/chien/colliers-laisses-et-vetements/tube-et-medaille-d-identite/69616-medaille-basic-petit-os-laiton-chrome.html
69617-69617;1416775;187;20170125;https://www.jardiland.com/animaux/chien/colliers-laisses-et-vetements/tube-et-medaille-d-identite/69617-medaille-basic-petit-os-alu-violet.html
69580-69580;1416812;187;20170125;https://www.jardiland.com/animaux/chien/colliers-laisses-et-vetements/tube-et-medaille-d-identite/69580-medaille-basic-petit-os-alu-rouge.html
69592-69592;1416800;187;20170125;https://www.jardiland.com/animaux/chien/colliers-laisses-et-vetements/tube-et-medaille-d-identite/69592-medaille-basic-petit-os-alu-rose.html
69631-69631;1416761;187;20170125;https://www.jardiland.com/animaux/chien/colliers-laisses-et-vetements/tube-et-medaille-d-identite/69631-medaille-basic-petit-os-alu-noir.html
69618-69618;1416774;187;20170125;https://www.jardiland.com/animaux/chien/colliers-laisses-et-vetements/tube-et-medaille-d-identite/69618-medaille-basic-petit-os-alu-azur.html
69727-69727;1416700;187;20170125;https://www.jardiland.com/animaux/chien/colliers-laisses-et-vetements/tube-et-medaille-d-identite/69727-medaille-basic-petit-coeur-laiton-dore.html
69736-69736;1416688;187;20170125;https://www.jardiland.com/animaux/chien/colliers-laisses-et-vetements/tube-et-medaille-d-identite/69736-medaille-basic-petit-coeur-laiton-chrome.html
69602-69602;1416790;187;20170125;https://www.jardiland.com/animaux/chien/colliers-laisses-et-vetements/tube-et-medaille-d-identite/69602-medaille-basic-petit-coeur-alu-violet.html
69706-69706;1416724;187;20170125;https://www.jardiland.com/animaux/chien/colliers-laisses-et-vetements/tube-et-medaille-d-identite/69706-medaille-basic-petit-coeur-alu-rouge.html
69718-69718;1416712;187;20170125;https://www.jardiland.com/animaux/chien/colliers-laisses-et-vetements/tube-et-medaille-d-identite/69718-medaille-basic-petit-coeur-alu-rose.html
69626-69626;1416766;187;20170125;https://www.jardiland.com/animaux/chien/colliers-laisses-et-vetements/tube-et-medaille-d-identite/69626-medaille-basic-petit-coeur-alu-noir.html
69603-69603;1416789;187;20170125;https://www.jardiland.com/animaux/chien/colliers-laisses-et-vetements/tube-et-medaille-d-identite/69603-medaille-basic-petit-coeur-alu-azur.html
69536-69536;1416859;187;20170125;https://www.jardiland.com/animaux/chien/colliers-laisses-et-vetements/tube-et-medaille-d-identite/69536-medaille-basic-petit-cercle-laiton-dore.html
69555-69555;1416839;187;20170125;https://www.jardiland.com/animaux/chien/colliers-laisses-et-vetements/tube-et-medaille-d-identite/69555-medaille-basic-petit-cercle-laiton-chrom.html
69613-69613;1416779;187;20170125;https://www.jardiland.com/animaux/chien/colliers-laisses-et-vetements/tube-et-medaille-d-identite/69613-medaille-basic-petit-cercle-alu-violet.html
69513-69513;1416883;187;20170125;https://www.jardiland.com/animaux/chien/colliers-laisses-et-vetements/tube-et-medaille-d-identite/69513-medaille-basic-petit-cercle-alu-rouge.html
69525-69525;1416871;187;20170125;https://www.jardiland.com/animaux/chien/colliers-laisses-et-vetements/tube-et-medaille-d-identite/69525-medaille-basic-petit-cercle-alu-rose.html
69628-69628;1416764;187;20170125;https://www.jardiland.com/animaux/chien/colliers-laisses-et-vetements/tube-et-medaille-d-identite/69628-medaille-basic-petit-cercle-alu-noir.html
69614-69614;1416778;187;20170125;https://www.jardiland.com/animaux/chien/colliers-laisses-et-vetements/tube-et-medaille-d-identite/69614-medaille-basic-petit-cercle-alu-azur.html
67882-67882;1473664;187;20170125;https://www.jardiland.com/animaux/chien/colliers-laisses-et-vetements/tube-et-medaille-d-identite/67882-medaille-basic-os-xl-alu-violet.html
67881-67881;1473665;187;20170125;https://www.jardiland.com/animaux/chien/colliers-laisses-et-vetements/tube-et-medaille-d-identite/67881-medaille-basic-os-xl-alu-noir.html
69623-69623;1416769;187;20170125;https://www.jardiland.com/animaux/chien/colliers-laisses-et-vetements/tube-et-medaille-d-identite/69623-medaille-basic-militaire-petite-chrome.html
69624-69624;1416768;187;20170125;https://www.jardiland.com/animaux/chien/colliers-laisses-et-vetements/tube-et-medaille-d-identite/69624-medaille-basic-militaire-grande-chrome.html
69558-69558;1416836;187;20170125;https://www.jardiland.com/animaux/chien/colliers-laisses-et-vetements/tube-et-medaille-d-identite/69558-medaille-basic-grand-os-laiton-dore.html
69568-69568;1416824;187;20170125;https://www.jardiland.com/animaux/chien/colliers-laisses-et-vetements/tube-et-medaille-d-identite/69568-medaille-basic-grand-os-laiton-chrome.html
69621-69621;1416771;187;20170125;https://www.jardiland.com/animaux/chien/colliers-laisses-et-vetements/tube-et-medaille-d-identite/69621-medaille-basic-grand-os-alu-violet.html
69546-69546;1416848;187;20170125;https://www.jardiland.com/animaux/chien/colliers-laisses-et-vetements/tube-et-medaille-d-identite/69546-medaille-basic-grand-os-alu-rose.html
69620-69620;1416772;187;20170125;https://www.jardiland.com/animaux/chien/colliers-laisses-et-vetements/tube-et-medaille-d-identite/69620-medaille-basic-grand-os-alu-orange.html
69629-69629;1416763;187;20170125;https://www.jardiland.com/animaux/chien/colliers-laisses-et-vetements/tube-et-medaille-d-identite/69629-medaille-basic-grand-os-alu-noir.html
69606-69606;1416786;187;20170125;https://www.jardiland.com/animaux/chien/colliers-laisses-et-vetements/tube-et-medaille-d-identite/69606-medaille-basic-grand-coeur-alu-violet.html
69632-69632;1416760;187;20170125;https://www.jardiland.com/animaux/chien/colliers-laisses-et-vetements/tube-et-medaille-d-identite/69632-medaille-basic-grand-coeur-alu-rouge.html
69633-69633;1416759;187;20170125;https://www.jardiland.com/animaux/chien/colliers-laisses-et-vetements/tube-et-medaille-d-identite/69633-medaille-basic-grand-coeur-alu-rose.html
69625-69625;1416767;187;20170125;https://www.jardiland.com/animaux/chien/colliers-laisses-et-vetements/tube-et-medaille-d-identite/69625-medaille-basic-grand-coeur-alu-noir.html
69607-69607;1416785;187;20170125;https://www.jardiland.com/animaux/chien/colliers-laisses-et-vetements/tube-et-medaille-d-identite/69607-medaille-basic-grand-coeur-alu-azur.html
69503-69503;1416895;187;20170125;https://www.jardiland.com/animaux/chien/colliers-laisses-et-vetements/tube-et-medaille-d-identite/69503-medaille-basic-grand-cercle-laiton-chrom.html
69610-69610;1416782;187;20170125;https://www.jardiland.com/animaux/chien/colliers-laisses-et-vetements/tube-et-medaille-d-identite/69610-medaille-basic-grand-cercle-alu-violet.html
69746-69746;1416676;187;20170125;https://www.jardiland.com/animaux/chien/colliers-laisses-et-vetements/tube-et-medaille-d-identite/69746-medaille-basic-grand-cercle-alu-rouge.html
69627-69627;1416765;187;20170125;https://www.jardiland.com/animaux/chien/colliers-laisses-et-vetements/tube-et-medaille-d-identite/69627-medaille-basic-grand-cercle-alu-noir.html
69611-69611;1416781;187;20170125;https://www.jardiland.com/animaux/chien/colliers-laisses-et-vetements/tube-et-medaille-d-identite/69611-medaille-basic-grand-cercle-alu-azur.html
32067-28085;904211;187;20170125;https://www.jardiland.com/animaux/chien/colliers-laisses-et-vetements/laisse-pour-chien/32067-laisse-pour-chien-choco.html
62909-7994;1256753;187;20170125;https://www.jardiland.com/animaux/chien/colliers-laisses-et-vetements/laisse-pour-chien/62909-laisse-confort-nylon.html
32016-7492;1256511;187;20170125;https://www.jardiland.com/animaux/chien/colliers-laisses-et-vetements/collier-pour-chien/32016-collier-pour-chien-en-cuir-strass.html
62918-11704;1372222;187;20170125;https://www.jardiland.com/animaux/chien/colliers-laisses-et-vetements/collier-pour-chien/62918-collier-nylon-pois.html
69600-69600;1416792;187;20170125;https://www.jardiland.com/animaux/chien/colliers-laisses-et-vetements/tube-et-medaille-d-identite/69600-attache-porte-cles.html
40963-40963;1427033;187;20170125;https://www.jardiland.com/animaux/chien/niches-couchage-et-transport/corbeille/40963-corbeille-pour-chien-rouge-45-cm.html
68685-68685;1449339;187;20170125;https://www.jardiland.com/animaux/chien/gamelles-ecuelles-et-distributeurs/autres/68685-container-feedeez-4-1l.html
68979-68979;1463802;187;20170125;https://www.jardiland.com/animaux/chien/alimentation-et-friandises/boite-et-sachet-fraicheur/68979-wet-chihuahua-adult-85g.html
68820-68820;1438871;187;20170125;https://www.jardiland.com/animaux/chien/alimentation-et-friandises/biscuit/68820-pedigree-sa-recompense-bouchee-moel-130g.html
68821-68821;1438870;187;20170125;https://www.jardiland.com/animaux/chien/alimentation-et-friandises/biscuit/68821-pedigree-sa-recompense-bouchee-croqu-95g.html
82083-74543;1472399;187;20170125;https://www.jardiland.com/animaux/chien/alimentation-et-friandises/friandise-bucco-dentaire/82083-pedigree-dentastix.html
82083-74520;1472401;187;20170125;https://www.jardiland.com/animaux/chien/alimentation-et-friandises/friandise-bucco-dentaire/82083-pedigree-dentastix.html
31984-7075;1209698;187;20170125;https://www.jardiland.com/animaux/chien/alimentation-et-friandises/friandise-bucco-dentaire/31984-os-au-fluor.html
83505-79561;1486141;187;20170125;https://www.jardiland.com/animaux/chien/alimentation-et-friandises/os-a-macher/83505-feedeez-os-presse.html
83505-79553;1486139;187;20170125;https://www.jardiland.com/animaux/chien/alimentation-et-friandises/os-a-macher/83505-feedeez-os-presse.html
83505-79551;1486142;187;20170125;https://www.jardiland.com/animaux/chien/alimentation-et-friandises/os-a-macher/83505-feedeez-os-presse.html
83505-79550;1486143;187;20170125;https://www.jardiland.com/animaux/chien/alimentation-et-friandises/os-a-macher/83505-feedeez-os-presse.html
83505-79549;1486144;187;20170125;https://www.jardiland.com/animaux/chien/alimentation-et-friandises/os-a-macher/83505-feedeez-os-presse.html
83505-79548;1486146;187;20170125;https://www.jardiland.com/animaux/chien/alimentation-et-friandises/os-a-macher/83505-feedeez-os-presse.html
83529-79547;1486152;187;20170125;https://www.jardiland.com/animaux/chien/alimentation-et-friandises/os-a-macher/83529-feedeez-os-noue-blanc.html
83506-79546;1486137;187;20170125;https://www.jardiland.com/animaux/chien/alimentation-et-friandises/friandise-bucco-dentaire/83506-feedeez-os-au-fluor.html
68211-68211;1486156;187;20170125;https://www.jardiland.com/animaux/chien/alimentation-et-friandises/friandise-bucco-dentaire/68211-feedeez-batonnets-torsades-au-fluor-x15-1.html
83531-79569;1486154;187;20170125;https://www.jardiland.com/animaux/chien/alimentation-et-friandises/biscuit/83531-feedeez-batonnets-torsades.html
82284-75393;1469341;187;20170125;https://www.jardiland.com/animaux/chien/alimentation-et-friandises/biscuit/82284-feedeez-oreilles-porc.html
82284-75390;1469342;187;20170125;https://www.jardiland.com/animaux/chien/alimentation-et-friandises/biscuit/82284-feedeez-oreilles-porc.html
68126-68126;1469343;187;20170125;https://www.jardiland.com/animaux/chien/alimentation-et-friandises/biscuit/68126-feedeez-chips-de-porc-400-g.html
81801-77889;640025;187;20170125;https://www.jardiland.com/amenagement-du-jardin/bassins-et-jardin-aquatique/materiel/81801-tuyau-annele.html
66609-66609;640094;187;20170125;https://www.jardiland.com/amenagement-du-jardin/bassins-et-jardin-aquatique/materiel/66609-pompe-elimax-4000-1.html
66610-66610;640093;187;20170125;https://www.jardiland.com/amenagement-du-jardin/bassins-et-jardin-aquatique/materiel/66610-pompe-elimax-2500-1.html
66611-66611;640092;187;20170125;https://www.jardiland.com/amenagement-du-jardin/bassins-et-jardin-aquatique/materiel/66611-pompe-elimax-1500-1.html
69414-69414;1423543;187;20170125;https://www.jardiland.com/amenagement-du-jardin/loisirs-plein-air/jouets/69414-van-vw.html
70221-70221;1404546;187;20170125;https://www.jardiland.com/amenagement-du-jardin/loisirs-plein-air/jouets/70221-tracteur-jcb-avec-chargeur-frontal.html
68317-68317;1462262;187;20170125;https://www.jardiland.com/amenagement-du-jardin/loisirs-plein-air/jouets/68317-tracteur-a-fourche-a-palette-palette.html
66236-66236;723516;187;20170125;https://www.jardiland.com/amenagement-du-jardin/decorations/autres-decorations/66236-bassin-a-oiseaux-tournesol.html
66009-66009;854640;187;20170125;https://www.jardiland.com/amenagement-du-jardin/decorations/statues-et-figurines/66009-nain-h14-1.html
66007-66007;854646;187;20170125;https://www.jardiland.com/amenagement-du-jardin/decorations/statues-et-figurines/66007-lanterne-jardin-croisillon-marron-h30-1.html
65340-65340;960133;187;20170125;https://www.jardiland.com/amenagement-du-jardin/decorations/statues-et-figurines/65340-chien-sur-socle.html
66625-66625;571969;187;20170125;https://www.jardiland.com/amenagement-du-jardin/pots-bacs-jardinieres-et-supports/tuteurs-et-supports-de-plante/pergola-arche-et-arceau/66625-traverse-arcade-extremite-81-cm.html
66636-66636;571882;187;20170125;https://www.jardiland.com/amenagement-du-jardin/pots-bacs-jardinieres-et-supports/tuteurs-et-supports-de-plante/pergola-arche-et-arceau/66636-poutre-systeme-55-cm.html
66484-66484;572911;187;20170125;https://www.jardiland.com/amenagement-du-jardin/pots-bacs-jardinieres-et-supports/tuteurs-et-supports-de-plante/support-pour-pot-et-balconniere/66484-floor-protector-d-40cm.html
66622-66622;571972;187;20170125;https://www.jardiland.com/amenagement-du-jardin/pots-bacs-jardinieres-et-supports/tuteurs-et-supports-de-plante/pergola-arche-et-arceau/66622-chevalet-arc-050cm.html
66576-66576;572007;187;20170125;https://www.jardiland.com/amenagement-du-jardin/pots-bacs-jardinieres-et-supports/tuteurs-et-supports-de-plante/pergola-arche-et-arceau/66576-cavalier-simple-065cm.html
66621-66621;571973;187;20170125;https://www.jardiland.com/amenagement-du-jardin/pots-bacs-jardinieres-et-supports/tuteurs-et-supports-de-plante/pergola-arche-et-arceau/66621-cavalier-simple-060cm.html
66527-66527;572475;187;20170125;https://www.jardiland.com/amenagement-du-jardin/pots-bacs-jardinieres-et-supports/autres-pots-et-jardinieres/pot-et-jardiniere-en-metal/66527-potence-oie-sauvage.html
36710-36710;1255286;187;20170125;https://www.jardiland.com/amenagement-du-jardin/pots-bacs-jardinieres-et-supports/autres-pots-et-jardinieres/pot-et-jardiniere-en-bois/36710-lot-de-3-bacs-carres-baroque-en-pin-sylvestre.html
81479-78345;899998;187;20170125;https://www.jardiland.com/amenagement-du-jardin/pots-bacs-jardinieres-et-supports/en-email/81479-soucoupe-deco.html
81479-78332;900048;187;20170125;https://www.jardiland.com/amenagement-du-jardin/pots-bacs-jardinieres-et-supports/en-email/81479-soucoupe-deco.html
81479-74193;1352463;187;20170125;https://www.jardiland.com/amenagement-du-jardin/pots-bacs-jardinieres-et-supports/en-email/81479-soucoupe-deco.html
81481-80938;972830;187;20170125;https://www.jardiland.com/amenagement-du-jardin/pots-bacs-jardinieres-et-supports/en-email/81481-caluna-deco-perce.html
81481-80907;972817;187;20170125;https://www.jardiland.com/amenagement-du-jardin/pots-bacs-jardinieres-et-supports/en-email/81481-caluna-deco-perce.html
81481-80801;923271;187;20170125;https://www.jardiland.com/amenagement-du-jardin/pots-bacs-jardinieres-et-supports/en-email/81481-caluna-deco-perce.html
81481-74199;1352441;187;20170125;https://www.jardiland.com/amenagement-du-jardin/pots-bacs-jardinieres-et-supports/en-email/81481-caluna-deco-perce.html
81481-74196;1352442;187;20170125;https://www.jardiland.com/amenagement-du-jardin/pots-bacs-jardinieres-et-supports/en-email/81481-caluna-deco-perce.html
81481-73957;1209166;187;20170125;https://www.jardiland.com/amenagement-du-jardin/pots-bacs-jardinieres-et-supports/en-email/81481-caluna-deco-perce.html
81603-80914;972400;187;20170125;https://www.jardiland.com/amenagement-du-jardin/pots-bacs-jardinieres-et-supports/en-email/81603-blagnac-d34cm-terre-email.html
81603-80913;972395;187;20170125;https://www.jardiland.com/amenagement-du-jardin/pots-bacs-jardinieres-et-supports/en-email/81603-blagnac-d34cm-terre-email.html
82762-75367;1469464;187;20170125;https://www.jardiland.com/amenagement-du-jardin/pots-bacs-jardinieres-et-supports/en-plastique/82762-soucoupe-jardiniere-romeo.html
82762-75366;1469465;187;20170125;https://www.jardiland.com/amenagement-du-jardin/pots-bacs-jardinieres-et-supports/en-plastique/82762-soucoupe-jardiniere-romeo.html
82762-75365;1469466;187;20170125;https://www.jardiland.com/amenagement-du-jardin/pots-bacs-jardinieres-et-supports/en-plastique/82762-soucoupe-jardiniere-romeo.html
82762-74564;1429980;187;20170125;https://www.jardiland.com/amenagement-du-jardin/pots-bacs-jardinieres-et-supports/en-plastique/82762-soucoupe-jardiniere-romeo.html
82762-74132;1429983;187;20170125;https://www.jardiland.com/amenagement-du-jardin/pots-bacs-jardinieres-et-supports/en-plastique/82762-soucoupe-jardiniere-romeo.html
82762-73246;1429993;187;20170125;https://www.jardiland.com/amenagement-du-jardin/pots-bacs-jardinieres-et-supports/en-plastique/82762-soucoupe-jardiniere-romeo.html
82762-73240;1429972;187;20170125;https://www.jardiland.com/amenagement-du-jardin/pots-bacs-jardinieres-et-supports/en-plastique/82762-soucoupe-jardiniere-romeo.html
82762-73239;1429990;187;20170125;https://www.jardiland.com/amenagement-du-jardin/pots-bacs-jardinieres-et-supports/en-plastique/82762-soucoupe-jardiniere-romeo.html
82762-73238;1429971;187;20170125;https://www.jardiland.com/amenagement-du-jardin/pots-bacs-jardinieres-et-supports/en-plastique/82762-soucoupe-jardiniere-romeo.html
82762-73234;1429989;187;20170125;https://www.jardiland.com/amenagement-du-jardin/pots-bacs-jardinieres-et-supports/en-plastique/82762-soucoupe-jardiniere-romeo.html
82786-73235;1430012;187;20170125;https://www.jardiland.com/amenagement-du-jardin/pots-bacs-jardinieres-et-supports/en-plastique/82786-soucoupe-jard-granromeo.html
82758-75373;1469459;187;20170125;https://www.jardiland.com/amenagement-du-jardin/pots-bacs-jardinieres-et-supports/en-plastique/82758-jardiniere-romeo.html
82758-75370;1469457;187;20170125;https://www.jardiland.com/amenagement-du-jardin/pots-bacs-jardinieres-et-supports/en-plastique/82758-jardiniere-romeo.html
82758-75369;1469462;187;20170125;https://www.jardiland.com/amenagement-du-jardin/pots-bacs-jardinieres-et-supports/en-plastique/82758-jardiniere-romeo.html
82758-75368;1469463;187;20170125;https://www.jardiland.com/amenagement-du-jardin/pots-bacs-jardinieres-et-supports/en-plastique/82758-jardiniere-romeo.html
82758-73233;1429968;187;20170125;https://www.jardiland.com/amenagement-du-jardin/pots-bacs-jardinieres-et-supports/en-plastique/82758-jardiniere-romeo.html
82758-73232;1429965;187;20170125;https://www.jardiland.com/amenagement-du-jardin/pots-bacs-jardinieres-et-supports/en-plastique/82758-jardiniere-romeo.html
82758-73231;1429964;187;20170125;https://www.jardiland.com/amenagement-du-jardin/pots-bacs-jardinieres-et-supports/en-plastique/82758-jardiniere-romeo.html
82758-73230;1429957;187;20170125;https://www.jardiland.com/amenagement-du-jardin/pots-bacs-jardinieres-et-supports/en-plastique/82758-jardiniere-romeo.html
82758-73229;1429953;187;20170125;https://www.jardiland.com/amenagement-du-jardin/pots-bacs-jardinieres-et-supports/en-plastique/82758-jardiniere-romeo.html
82758-73228;1429951;187;20170125;https://www.jardiland.com/amenagement-du-jardin/pots-bacs-jardinieres-et-supports/en-plastique/82758-jardiniere-romeo.html
82767-75388;1469473;187;20170125;https://www.jardiland.com/amenagement-du-jardin/pots-bacs-jardinieres-et-supports/en-plastique/82767-jardiniere-granromeo.html
82767-73237;1429996;187;20170125;https://www.jardiland.com/amenagement-du-jardin/pots-bacs-jardinieres-et-supports/en-plastique/82767-jardiniere-granromeo.html
82767-73236;1430001;187;20170125;https://www.jardiland.com/amenagement-du-jardin/pots-bacs-jardinieres-et-supports/en-plastique/82767-jardiniere-granromeo.html
66423-66423;657965;187;20170125;https://www.jardiland.com/amenagement-du-jardin/pots-bacs-jardinieres-et-supports/en-plastique/66423-floor-protector-d-10cm.html
65610-65610;923348;187;20170125;https://www.jardiland.com/amenagement-du-jardin/pots-bacs-jardinieres-et-supports/en-plastique/65610-corsica-flower-bridge-d-30cm-terre-cuite.html
5604-5604;927995;187;20170125;https://www.jardiland.com/amenagement-du-jardin/amenagement/bordures/5604-bordure-en-pierre-imitation-bambou.html
70699-70699;1379166;187;20170125;https://www.jardiland.com/amenagement-du-jardin/barbecues-cuisine-exterieur/autres/accessoires-de-barbecue/70699-detendeur-twiny-propane-blister.html
70698-70698;1379167;187;20170125;https://www.jardiland.com/amenagement-du-jardin/barbecues-cuisine-exterieur/autres/accessoires-de-barbecue/70698-detendeur-twiny-butane-ac-tetine-blister.html
71006-71006;1350644;187;20170125;https://www.jardiland.com/amenagement-du-jardin/barbecues-cuisine-exterieur/autres/accessoires-de-barbecue/71006-detendeur-propane.html
71007-71007;1350643;187;20170125;https://www.jardiland.com/amenagement-du-jardin/barbecues-cuisine-exterieur/autres/accessoires-de-barbecue/71007-detendeur-butane-avec-tetine.html
2454-2454;1382051;187;20170125;https://www.jardiland.com/amenagement-du-jardin/barbecues-cuisine-exterieur/autres/combustible/2454-bois-de-fumage-hetre.html
70835-70835;1355666;187;20170125;https://www.jardiland.com/amenagement-du-jardin/eclairage-et-chauffage-d-exterieur/bougies-d-exterieur/70835-lum-camping-led-s-pile-int-15l-blanc-fr.html
31301-12978;1400682;187;20170125;https://www.jardiland.com/amenagement-du-jardin/eclairage-et-chauffage-d-exterieur/bougies-d-exterieur/31301-bougie-en-terrine-taille-s.html
68913-68913;1434294;187;20170125;https://www.jardiland.com/amenagement-du-jardin/eclairage-et-chauffage-d-exterieur/eclairage-solaire/68913-led-solaire-jardin-inox-display.html
68920-68920;1434276;187;20170125;https://www.jardiland.com/amenagement-du-jardin/eclairage-et-chauffage-d-exterieur/eclairage-solaire/68920-guirlande-led-bocal-70cm-15l.html
68914-68914;1434292;187;20170125;https://www.jardiland.com/amenagement-du-jardin/eclairage-et-chauffage-d-exterieur/eclairage-solaire/68914-bouteille-vr-a-micro-led-pile-30x7cm.html
68915-68915;1434291;187;20170125;https://www.jardiland.com/amenagement-du-jardin/eclairage-et-chauffage-d-exterieur/eclairage-solaire/68915-bocal-p-int-sur-pile-10x16cm.html
2699-2699;1397144;187;20170125;https://www.jardiland.com/amenagement-du-jardin/mobilier-de-jardin/mobilier-enfant/salon-complet/2699-table-de-pique-nique-pour-enfant.html
2698-2698;1397143;187;20170125;https://www.jardiland.com/amenagement-du-jardin/mobilier-de-jardin/mobilier-enfant/petit-mobilier/2698-fauteuil-pour-enfant.html
66260-66260;715454;187;20170125;https://www.jardiland.com/amenagement-du-jardin/mobilier-de-jardin/salon-de-jardin/housse-de-protection/66260-protecteur-mobilier-resine-1l.html
66336-66336;683620;187;20170125;https://www.jardiland.com/amenagement-du-jardin/mobilier-de-jardin/salon-de-jardin/housse-de-protection/66336-nettoyant-mobilier-alu-et-osier-syntheti.html
68984-68984;1441763;187;20170125;https://www.jardiland.com/jardinage/bricolage-droguerie/insecticides-menagers/insecticide-mouche/68984-stickers-vitres-anti-mouche-x4-1.html
68986-68986;1441756;187;20170125;https://www.jardiland.com/jardinage/bricolage-droguerie/insecticides-menagers/insecticide-volant-et-rampant/68986-pieges-mites-alimentaire-x2-1.html
58310-58310;577241;187;20170125;https://www.jardiland.com/jardinage/bricolage-droguerie/insecticides-menagers/insecticide-volant-et-rampant/58310-piege-a-guepes-pomme.html
36773-36773;577948;187;20170125;https://www.jardiland.com/jardinage/bricolage-droguerie/insecticides-menagers/insecticide-volant-et-rampant/36773-gel-appat-cafard.html
23416-41494;935351;187;20170125;https://www.jardiland.com/jardinage/arrosage/tuyaux-devidoirs-lances-et-pistolets/arrosage-de-vacances/23416-pack-de-2-cones-en-ceramique-micro-poreuse-aquasolo.html
23416-29377;935350;187;20170125;https://www.jardiland.com/jardinage/arrosage/tuyaux-devidoirs-lances-et-pistolets/arrosage-de-vacances/23416-pack-de-2-cones-en-ceramique-micro-poreuse-aquasolo.html
4630-4630;576667;187;20170125;https://www.jardiland.com/jardinage/arrosage/tuyaux-devidoirs-lances-et-pistolets/lance/4630-lance-multijets-reglable-comfort.html
56514-56272;862853;187;20170125;https://www.jardiland.com/jardinage/arrosage/tuyaux-devidoirs-lances-et-pistolets/raccord/56514-coupleur-coup-eau.html
56514-56271;862854;187;20170125;https://www.jardiland.com/jardinage/arrosage/tuyaux-devidoirs-lances-et-pistolets/raccord/56514-coupleur-coup-eau.html
4608-4608;576353;187;20170125;https://www.jardiland.com/jardinage/outils-et-materiel-du-jardinier/grands-outils-de-jardin/bechee-louchet-et-pelle/4608-beche-senlis-a-rebord.html
71856-71856;1313946;187;20170125;https://www.jardiland.com/jardinage/entretien-et-traitements/traitements-des-plantes-et-lutte-bio/lutte-contre-les-insectes/71856-ver-du-poireau.html
81166-73952;1208945;187;20170125;https://www.jardiland.com/jardinage/entretien-et-traitements/traitements-des-plantes-et-lutte-bio/autres-traitements/81166-traitement-insectes-et-maladies.html
71559-71559;1261463;187;20170125;https://www.jardiland.com/jardinage/entretien-et-traitements/traitements-des-plantes-et-lutte-bio/lutte-contre-les-insectes/71559-naturen-cochenilles-pal-800ml.html
68779-68779;1440453;187;20170125;https://www.jardiland.com/jardinage/entretien-et-traitements/traitements-des-plantes-et-lutte-bio/lutte-contre-les-maladies/68779-maladies-des-rosiers-125ml.html
71954-71954;1017847;187;20170125;https://www.jardiland.com/jardinage/entretien-et-traitements/traitements-des-plantes-et-lutte-bio/lutte-contre-les-insectes/71954-insecticide-syst-aerosol-400ml.html
70713-70713;1374322;187;20170125;https://www.jardiland.com/jardinage/entretien-et-traitements/traitements-des-plantes-et-lutte-bio/lutte-contre-les-insectes/70713-insectes-fruits-et-legumes-pae-900ml.html
70676-70676;1380294;187;20170125;https://www.jardiland.com/jardinage/entretien-et-traitements/traitements-des-plantes-et-lutte-bio/autres-traitements/70676-anti-germes-75g.html
68119-68119;1469823;187;20170125;https://www.jardiland.com/jardinage/entretien-et-traitements/desherbants/desherbant-total/68119-keepclean-1l.html
81417-72788;1379416;187;20170125;https://www.jardiland.com/jardinage/entretien-et-traitements/desherbants/autres-desherbants/81417-devitalisant-de-souches.html
82724-74482;1312758;187;20170125;https://www.jardiland.com/jardinage/entretien-et-traitements/desherbants/desherbant-total/82724-desherbant-radicalr.html
81702-73131;1434207;187;20170125;https://www.jardiland.com/jardinage/entretien-et-traitements/desherbants/desherbant-gazon/81702-desherbant-gazon-superbix.html
82691-74488;1313937;187;20170125;https://www.jardiland.com/jardinage/entretien-et-traitements/desherbants/anti-mousse/82691-desherbant-anti-repousse.html
82544-73426;1249830;187;20170125;https://www.jardiland.com/jardinage/entretien-et-traitements/desherbants/autres-desherbants/82544-debroussaillant-roncese-chardons.html
68748-68748;1441334;187;20170125;https://www.jardiland.com/jardinage/entretien-et-traitements/engrais/engrais-matieres-premieres/68748-jd-purin-orties-1l.html
32696-53143;1401612;187;20170125;https://www.jardiland.com/jardinage/entretien-et-traitements/engrais/engrais-pour-arbres-et-fleurs-du-jardin/32696-engrais-rosiers-et-arbustes-a-fleurs.html
32697-53142;1401615;187;20170125;https://www.jardiland.com/jardinage/entretien-et-traitements/engrais/engrais-pour-arbres-et-fleurs-du-jardin/32697-engrais-geraniums-et-balconnieres.html
82674-72901;1444421;187;20170125;https://www.jardiland.com/jardinage/entretien-et-traitements/engrais/engrais-pour-arbres-et-fleurs-du-jardin/82674-engrais-coniferes-et-arbustes.html
68725-68725;1442654;187;20170125;https://www.jardiland.com/jardinage/entretien-et-traitements/anti-nuisibles-pieges-et-repulsifs/lutte-contre-les-rats-souris-taupes-et-rongeurs/68725-mulot-cereale-decortiquee-200g.html
68729-68729;1442632;187;20170125;https://www.jardiland.com/jardinage/entretien-et-traitements/anti-nuisibles-pieges-et-repulsifs/lutte-contre-les-rats-souris-taupes-et-rongeurs/68729-2-pieges-a-taupe-putange.html
68722-68722;1442662;187;20170125;https://www.jardiland.com/jardinage/entretien-et-traitements/anti-nuisibles-pieges-et-repulsifs/lutte-contre-les-rats-souris-taupes-et-rongeurs/68722-2-pieges-a-souris-bois-pecf.html
37681-37681;1381687;187;20170125;https://www.jardiland.com/plantes/sapins-de-noel/sapins-artificiels/sapin-artificiel-vert/37681-sapin-toile-de-jute-60-cm.html
84591-78507;810460;187;20170125;https://www.jardiland.com/plantes/sapins-de-noel/supports-pieds-et-accessoires-de-sapin/84591-couronne-naturelle.html
83651-80595;937053;187;20170125;https://www.jardiland.com/plantes/plantes-d-interieur/cactus-et-plantes-grasses/cactees-en-composition/83651-compos-int-cactee-650196-1.html
82345-78972;1487176;187;20170125;https://www.jardiland.com/plantes/plantes-d-interieur/plantes-vertes/autres-plantes-vertes/82345-plante-verte-mixte.html
36033-28414;906535;187;20170125;https://www.jardiland.com/plantes/plantes-d-interieur/plantes-vertes/hedera/36033-hedera-vert.html
35856-20635;632766;187;20170125;https://www.jardiland.com/plantes/plantes-d-interieur/plantes-vertes/areca/35856-areca-lutescens-mini-plante.html
35687-28971;945390;187;20170125;https://www.jardiland.com/plantes/plantes-d-interieur/orchidees/dendrobium/35687-orchidee-dendrobium.html
35687-22897;691801;187;20170125;https://www.jardiland.com/plantes/plantes-d-interieur/orchidees/dendrobium/35687-orchidee-dendrobium.html
35822-20321;631713;187;20170125;https://www.jardiland.com/plantes/plantes-d-interieur/plantes-fleuries/rosier-miniature/35822-rosier-miniature.html
35776-24598;752470;187;20170125;https://www.jardiland.com/plantes/plantes-d-interieur/plantes-fleuries/cyclamen/35776-cyclamen-a-grandes-fleurs-mini-plante.html
35743-30087;967080;187;20170125;https://www.jardiland.com/plantes/plantes-d-interieur/plantes-fleuries/anthurium/35743-anthurium-rouge.html
35728-73057;1454650;187;20170125;https://www.jardiland.com/plantes/plantes-d-interieur/plantes-fleuries/anthurium/35728-anthurium.html
46836-46836;1252920;187;20170125;https://www.jardiland.com/plantes/graines-et-gazon/gazon-et-prairies-fleuries/prairie-fleurie/46836-melange-pour-gibier-100-me.html
46697-46697;565309;187;20170125;https://www.jardiland.com/plantes/graines-et-gazon/graines-de-fleurs/fleurs-annuelles/46697-zinnia-du-mexique-tapis-persan.html
46516-46516;565280;187;20170125;https://www.jardiland.com/plantes/graines-et-gazon/graines-de-fleurs/fleurs-annuelles/46516-sauge-splendens-naine-presto.html
46517-46517;565279;187;20170125;https://www.jardiland.com/plantes/graines-et-gazon/graines-de-fleurs/fleurs-vivaces/46517-salvia-farinacea-victoria.html
46515-46515;565899;187;20170125;https://www.jardiland.com/plantes/graines-et-gazon/graines-de-fleurs/fleurs-bisannuelles/46515-pensee-suisse-lueur-des-alpes.html
46422-46422;565543;187;20170125;https://www.jardiland.com/plantes/graines-et-gazon/graines-de-fleurs/fleurs-annuelles/46422-osteospermum-passion-melange.html
1042-1042;1253023;187;20170125;https://www.jardiland.com/plantes/graines-et-gazon/graines-de-fleurs/melange-mixte/1042-melange-massifs-bouquets-d-ete-3-me.html
46363-46363;565140;187;20170125;https://www.jardiland.com/plantes/graines-et-gazon/graines-de-fleurs/fleurs-vivaces/46363-lunaire-monnaie-du-pape.html
46365-46365;565129;187;20170125;https://www.jardiland.com/plantes/graines-et-gazon/graines-de-fleurs/fleurs-annuelles/46365-kochia-trichophylla.html
46373-46373;565085;187;20170125;https://www.jardiland.com/plantes/graines-et-gazon/graines-de-fleurs/melange-mixte/46373-graminees-ornementales-en-melange.html
46322-46322;565378;187;20170125;https://www.jardiland.com/plantes/graines-et-gazon/graines-de-fleurs/fleurs-vivaces/46322-freesia-geant-varie.html
46711-46711;565566;187;20170125;https://www.jardiland.com/plantes/graines-et-gazon/graines-de-fleurs/fleurs-annuelles/46711-dolique-lune-rouge.html
46325-46325;565356;187;20170125;https://www.jardiland.com/plantes/graines-et-gazon/graines-de-fleurs/fleurs-annuelles/46325-dimorphoteca-hybride-varie.html
46369-46369;565119;187;20170125;https://www.jardiland.com/plantes/graines-et-gazon/graines-de-fleurs/fleurs-annuelles/46369-anthemis-frutescens-blanc.html
46294-46294;565811;187;20170125;https://www.jardiland.com/plantes/graines-et-gazon/graines-de-fleurs/fleurs-annuelles/46294-acroclinium-royal-double-varie.html
46780-46780;564981;187;20170125;https://www.jardiland.com/plantes/graines-et-gazon/graines-de-fleurs/fleurs-vivaces/46780-achillea-millefeuille-summer-pastel.html
57008-56968;927619;187;20170125;https://www.jardiland.com/plantes/bulbes-et-pommes-de-terre/bulbes-a-fleurs/narcisse/57008-narcisse-tazetta-totus-albus-fleur-d-interieur.html
35141-62722;927661;187;20170125;https://www.jardiland.com/plantes/bulbes-et-pommes-de-terre/bulbes-a-fleurs/crocus/35141-crocus-flavus-yellow-mammoth.html
36524-22567;680375;187;20170125;https://www.jardiland.com/plantes/potager-et-verger/fruitiers/noisetier/36524-noisetier-merveille-de-bollwiller.html
36524-18065;593798;187;20170125;https://www.jardiland.com/plantes/potager-et-verger/fruitiers/noisetier/36524-noisetier-merveille-de-bollwiller.html
36522-23032;694016;187;20170125;https://www.jardiland.com/plantes/potager-et-verger/fruitiers/noisetier/36522-noisetier-fertile-de-coutard.html
36514-17985;593097;187;20170125;https://www.jardiland.com/plantes/potager-et-verger/fruitiers/myrtille/36514-myrtille-bluecrop.html
36505-17975;593047;187;20170125;https://www.jardiland.com/plantes/potager-et-verger/fruitiers/mure/36505-mure-himalaya.html
36476-17057;588427;187;20170125;https://www.jardiland.com/plantes/potager-et-verger/fruitiers/groseillier-a-maquereaux/36476-groseillier-a-maquereaux-blanc.html
36473-17266;588407;187;20170125;https://www.jardiland.com/plantes/potager-et-verger/fruitiers/groseillier-a-grappes/36473-groseillier-a-grappes-versailles-blanche.html
36466-17258;588365;187;20170125;https://www.jardiland.com/plantes/potager-et-verger/fruitiers/groseillier-a-grappes/36466-groseillier-a-grappes-jonkheer-van-tets-rouge.html
36443-17079;588067;187;20170125;https://www.jardiland.com/plantes/potager-et-verger/fruitiers/framboisier/36443-framboisier-zeva.html
36446-17194;588060;187;20170125;https://www.jardiland.com/plantes/potager-et-verger/fruitiers/framboisier/36446-framboisier-sumor.html
36459-6184;1004067;187;20170125;https://www.jardiland.com/plantes/potager-et-verger/fruitiers/framboisier/36459-framboisier-marastarr.html
36456-17188;588036;187;20170125;https://www.jardiland.com/plantes/potager-et-verger/fruitiers/framboisier/36456-framboisier-malling-promise.html
36451-17180;588014;187;20170125;https://www.jardiland.com/plantes/potager-et-verger/fruitiers/framboisier/36451-framboisier-fallgold.html
36439-24429;746712;187;20170125;https://www.jardiland.com/plantes/potager-et-verger/fruitiers/figuier/36439-figuier-madeleine-des-deux-saisons.html
42012-17146;587850;187;20170125;https://www.jardiland.com/plantes/potager-et-verger/fruitiers/figuier/42012-figuier-goutte-d-or.html
34510-30723;978537;187;20170125;https://www.jardiland.com/plantes/potager-et-verger/fruitiers/autres-fruitiers/34510-combava.html
36416-16328;583015;187;20170125;https://www.jardiland.com/plantes/potager-et-verger/fruitiers/cassissier/36416-cassissier-andega.html
34512-6265;1009177;187;20170125;https://www.jardiland.com/plantes/potager-et-verger/fruitiers/calamondin/34512-calamondin.html
36489-15989;579554;187;20170125;https://www.jardiland.com/plantes/potager-et-verger/fruitiers/kiwi/36489-actinidia-deliciosa-autofertile.html
36492-27890;884045;187;20170125;https://www.jardiland.com/plantes/potager-et-verger/fruitiers/kiwi/36492-actinidia-deliciosa-hayward.html
36487-28911;923165;187;20170125;https://www.jardiland.com/plantes/potager-et-verger/fruitiers/kiwai/36487-actinidia-arguta-male-kiwai.html
41981-60382;689307;187;20170125;https://www.jardiland.com/plantes/potager-et-verger/fruitiers/abricotier/41981-abricotier.html
33970-27640;877467;187;20170125;https://www.jardiland.com/plantes/arbres-et-arbustes-d-ornement/coniferes/genevrier/33970-juniperus-chinensis-stricta.html
33894-26305;843488;187;20170125;https://www.jardiland.com/plantes/arbres-et-arbustes-d-ornement/coniferes/calocedrus/33894-calocedrus-decurrens-aureovariegata.html
33795-30044;965891;187;20170125;https://www.jardiland.com/plantes/arbres-et-arbustes-d-ornement/bambous/arundo/33795-arundo-donax-variegata-versicolor.html
33880-18292;595115;187;20170125;https://www.jardiland.com/plantes/arbres-et-arbustes-d-ornement/buis-et-topiaires/photinia-en-topiaire/33880-photinia-x-fraseri-red-robin.html
33837-22109;663318;187;20170125;https://www.jardiland.com/plantes/arbres-et-arbustes-d-ornement/buis-et-topiaires/autres-topiaires/33837-forsythia-lynwood.html
33847-24045;733317;187;20170125;https://www.jardiland.com/plantes/arbres-et-arbustes-d-ornement/buis-et-topiaires/buis/33847-buis-commun.html
33847-23937;731052;187;20170125;https://www.jardiland.com/plantes/arbres-et-arbustes-d-ornement/buis-et-topiaires/buis/33847-buis-commun.html
41587-10061;1333932;187;20170125;https://www.jardiland.com/plantes/arbres-et-arbustes-d-ornement/plantes-grimpantes/lierre/41587-lierre-d-irlande.html
41587-7507;1232405;187;20170125;https://www.jardiland.com/plantes/arbres-et-arbustes-d-ornement/plantes-grimpantes/lierre/41587-lierre-d-irlande.html
34430-17130;587757;187;20170125;https://www.jardiland.com/plantes/arbres-et-arbustes-d-ornement/plantes-grimpantes/fallopia/34430-fallopia-aubertii.html
34340-38740;586948;187;20170125;https://www.jardiland.com/plantes/arbres-et-arbustes-d-ornement/plantes-grimpantes/autres-plantes-grimpantes/34340-dregea-sinensis-wattakaka.html
34379-22252;672296;187;20170125;https://www.jardiland.com/plantes/arbres-et-arbustes-d-ornement/plantes-grimpantes/clematite/34379-clematite-armandii.html
45984-45378;997493;187;20170125;https://www.jardiland.com/plantes/arbres-et-arbustes-d-ornement/plantes-grimpantes/clematite/45984-clematite-a-petites-fleurs.html
45984-45294;950255;187;20170125;https://www.jardiland.com/plantes/arbres-et-arbustes-d-ornement/plantes-grimpantes/clematite/45984-clematite-a-petites-fleurs.html
34371-47300;1231207;187;20170125;https://www.jardiland.com/plantes/arbres-et-arbustes-d-ornement/plantes-grimpantes/clematite/34371-clematite-dr-ruppel.html
34388-30065;966290;187;20170125;https://www.jardiland.com/plantes/arbres-et-arbustes-d-ornement/plantes-grimpantes/clematite/34388-clematite.html
34367-21115;658368;187;20170125;https://www.jardiland.com/plantes/arbres-et-arbustes-d-ornement/plantes-grimpantes/chevrefeuille/34367-chevrefeuille-du-japon-halliana.html
34348-7399;1229703;187;20170125;https://www.jardiland.com/plantes/arbres-et-arbustes-d-ornement/plantes-grimpantes/bignone/34348-bignone-indian-summer.html
41875-30762;980664;187;20170125;https://www.jardiland.com/plantes/arbres-et-arbustes-d-ornement/rosiers/rosiers-grimpants/41875-rosier-opaliar-noaschnee-grimpant.html
41702-19711;608667;187;20170125;https://www.jardiland.com/plantes/arbres-et-arbustes-d-ornement/rosiers/rosiers-buissons/41702-rosier-manou-meillandr-meitulimon-polyantha.html
34979-25442;819056;187;20170125;https://www.jardiland.com/plantes/arbres-et-arbustes-d-ornement/rosiers/rosiers-grimpants/34979-rosier-grimpant-a-grandes-fleurs.html
34979-21675;653392;187;20170125;https://www.jardiland.com/plantes/arbres-et-arbustes-d-ornement/rosiers/rosiers-grimpants/34979-rosier-grimpant-a-grandes-fleurs.html
57266-57216;661034;187;20170125;https://www.jardiland.com/plantes/arbres-et-arbustes-d-ornement/rosiers/rosiers-buissons/57266-rosier-a-grandes-fleurs.html
57266-57211;908937;187;20170125;https://www.jardiland.com/plantes/arbres-et-arbustes-d-ornement/rosiers/rosiers-buissons/57266-rosier-a-grandes-fleurs.html
34293-13809;1416114;187;20170125;https://www.jardiland.com/plantes/arbres-et-arbustes-d-ornement/plantes-de-terre-de-bruyere/rhododendron/34293-rhododendron-xxl-grandes-fleurs.html
41584-29737;954119;187;20170125;https://www.jardiland.com/plantes/arbres-et-arbustes-d-ornement/plantes-de-terre-de-bruyere/rhododendron/41584-rhododendron.html
34202-27653;877835;187;20170125;https://www.jardiland.com/plantes/arbres-et-arbustes-d-ornement/plantes-de-terre-de-bruyere/hortensia/34202-hortensia-paniculata.html
41567-15961;579165;187;20170125;https://www.jardiland.com/plantes/arbres-et-arbustes-d-ornement/plantes-de-terre-de-bruyere/erable-du-japon/41567-erable-du-japon.html
36135-16820;587141;187;20170125;https://www.jardiland.com/plantes/arbres-et-arbustes-d-ornement/plantes-de-terre-de-bruyere/bruyere-erica/36135-bruyere-d-hiver.html
34672-22229;670795;187;20170125;https://www.jardiland.com/plantes/arbres-et-arbustes-d-ornement/plantes-mediterraneennes/autres-plantes-mediterraneennes/34672-troene-du-japon-texanum.html
34666-17613;591208;187;20170125;https://www.jardiland.com/plantes/arbres-et-arbustes-d-ornement/plantes-mediterraneennes/autres-plantes-mediterraneennes/34666-lilas-des-indes-yang-tser.html
34660-17700;591008;187;20170125;https://www.jardiland.com/plantes/arbres-et-arbustes-d-ornement/plantes-mediterraneennes/autres-plantes-mediterraneennes/34660-lilas-des-indes-soir-d-eter.html
34751-28639;918566;187;20170125;https://www.jardiland.com/plantes/arbres-et-arbustes-d-ornement/plantes-mediterraneennes/autres-plantes-mediterraneennes/34751-eucalyptus-gunnii-azura.html
34804-45771;746320;187;20170125;https://www.jardiland.com/plantes/arbres-et-arbustes-d-ornement/plantes-mediterraneennes/palmiers/34804-cordyline-australis-atropurpurea.html
34721-25039;809507;187;20170125;https://www.jardiland.com/plantes/arbres-et-arbustes-d-ornement/plantes-mediterraneennes/autres-plantes-mediterraneennes/34721-callistemon-masotti-pbr.html
34553-8165;1257088;187;20170125;https://www.jardiland.com/plantes/arbres-et-arbustes-d-ornement/plantes-mediterraneennes/autres-plantes-mediterraneennes/34553-anisodontea-scabrosa-miss-pinky.html
33573-21096;636341;187;20170125;https://www.jardiland.com/plantes/arbres-et-arbustes-d-ornement/arbres-et-arbustes/prunus/33573-prunus-x-cistena.html
33361-57599;693589;187;20170125;https://www.jardiland.com/plantes/arbres-et-arbustes-d-ornement/arbres-et-arbustes/laurier-palme/33361-prunus-laurocerasus-caucasica.html
33366-30300;971462;187;20170125;https://www.jardiland.com/plantes/arbres-et-arbustes-d-ornement/arbres-et-arbustes/laurier-palme/33366-prunus-laurocerasus-caucasica-dart-s.html
33568-18754;597702;187;20170125;https://www.jardiland.com/plantes/arbres-et-arbustes-d-ornement/arbres-et-arbustes/prunus/33568-prunus-accolade.html
33544-60795;839468;187;20170125;https://www.jardiland.com/plantes/arbres-et-arbustes-d-ornement/arbres-et-arbustes/pommier-d-ornement/33544-pommier-d-ornement-perpetur-evereste-pbr.html
33522-25447;819171;187;20170125;https://www.jardiland.com/plantes/arbres-et-arbustes-d-ornement/arbres-et-arbustes/physocarpe/33522-physocarpus-opulifolius-dart-s-gold.html
33513-18301;595163;187;20170125;https://www.jardiland.com/plantes/arbres-et-arbustes-d-ornement/arbres-et-arbustes/photinia/33513-photinia-x-fraseri-red-select.html
33520-60828;1211048;187;20170125;https://www.jardiland.com/plantes/arbres-et-arbustes-d-ornement/arbres-et-arbustes/photinia/33520-photinia-x-fraseri-nana.html
33519-30937;992989;187;20170125;https://www.jardiland.com/plantes/arbres-et-arbustes-d-ornement/arbres-et-arbustes/photinia/33519-photinia-x-fraseri-little-red-robin.html
33485-24524;750704;187;20170125;https://www.jardiland.com/plantes/arbres-et-arbustes-d-ornement/arbres-et-arbustes/oranger-du-mexique/33485-oranger-du-mexique-sundancer.html
33465-17480;589676;187;20170125;https://www.jardiland.com/plantes/arbres-et-arbustes-d-ornement/arbres-et-arbustes/millepertuis/33465-millepertuis-hidcote.html
33457-38824;592651;187;20170125;https://www.jardiland.com/plantes/arbres-et-arbustes-d-ornement/arbres-et-arbustes/mahonia/33457-mahonia-x-media-charity.html
41531-50543;1009510;187;20170125;https://www.jardiland.com/plantes/arbres-et-arbustes-d-ornement/arbres-et-arbustes/laurier-palme/41531-laurier-du-portugal-angustifolia.html
33312-6627;1015742;187;20170125;https://www.jardiland.com/plantes/arbres-et-arbustes-d-ornement/arbres-et-arbustes/hetre/33312-hetre-pourpre-pleureur-purpurea-pendula.html
33314-30712;977917;187;20170125;https://www.jardiland.com/plantes/arbres-et-arbustes-d-ornement/arbres-et-arbustes/hetre/33314-hetre-pourpre-atropunicea.html
33317-22464;678429;187;20170125;https://www.jardiland.com/plantes/arbres-et-arbustes-d-ornement/arbres-et-arbustes/hetre/33317-hetre-commun.html
33317-6626;1015741;187;20170125;https://www.jardiland.com/plantes/arbres-et-arbustes-d-ornement/arbres-et-arbustes/hetre/33317-hetre-commun.html
33318-30731;979105;187;20170125;https://www.jardiland.com/plantes/arbres-et-arbustes-d-ornement/arbres-et-arbustes/hetre/33318-hetre-colonnaire-pourpre-dawyck-purple.html
33293-17232;588156;187;20170125;https://www.jardiland.com/plantes/arbres-et-arbustes-d-ornement/arbres-et-arbustes/genet/33293-genet-porlock.html
33227-16838;587942;187;20170125;https://www.jardiland.com/plantes/arbres-et-arbustes-d-ornement/arbres-et-arbustes/forsythia/33227-forsythia-lynwood.html
33253-53215;643117;187;20170125;https://www.jardiland.com/plantes/arbres-et-arbustes-d-ornement/arbres-et-arbustes/fusain/33253-euonymus-japonicus-aureus.html
33190-30971;993892;187;20170125;https://www.jardiland.com/plantes/arbres-et-arbustes-d-ornement/arbres-et-arbustes/erable/33190-erable-champetre.html
33190-24045;733317;187;20170125;https://www.jardiland.com/plantes/arbres-et-arbustes-d-ornement/arbres-et-arbustes/erable/33190-erable-champetre.html
33190-23937;731052;187;20170125;https://www.jardiland.com/plantes/arbres-et-arbustes-d-ornement/arbres-et-arbustes/erable/33190-erable-champetre.html
33163-23780;722827;187;20170125;https://www.jardiland.com/plantes/arbres-et-arbustes-d-ornement/arbres-et-arbustes/deutzia/33163-deutzia-x-hybrida-perle-rose.html
33161-26190;844080;187;20170125;https://www.jardiland.com/plantes/arbres-et-arbustes-d-ornement/arbres-et-arbustes/deutzia/33161-deutzia-gracilis-nikko.html
33160-48500;586819;187;20170125;https://www.jardiland.com/plantes/arbres-et-arbustes-d-ornement/arbres-et-arbustes/deutzia/33160-deutzia-gracilis.html
33150-28225;900204;187;20170125;https://www.jardiland.com/plantes/arbres-et-arbustes-d-ornement/arbres-et-arbustes/cotoneaster/33150-cotoneaster-procumbens-streib-s-findling.html
33148-16768;586155;187;20170125;https://www.jardiland.com/plantes/arbres-et-arbustes-d-ornement/arbres-et-arbustes/cotoneaster/33148-cotoneaster-laiteux.html
46104-47746;954229;187;20170125;https://www.jardiland.com/plantes/arbres-et-arbustes-d-ornement/arbres-et-arbustes/cornouiller/46104-cornouiller-du-japon-milky-way.html
33129-16683;585756;187;20170125;https://www.jardiland.com/plantes/arbres-et-arbustes-d-ornement/arbres-et-arbustes/cornouiller/33129-cornouiller-a-fleurs-rubra.html
33137-22325;674971;187;20170125;https://www.jardiland.com/plantes/arbres-et-arbustes-d-ornement/arbres-et-arbustes/cornouiller/33137-cornouiller-a-bois-jaune-flaviramea.html
33098-8776;1284769;187;20170125;https://www.jardiland.com/plantes/arbres-et-arbustes-d-ornement/arbres-et-arbustes/cognassier-du-japon/33098-cognassier-a-fleurs.html
33487-21895;674332;187;20170125;https://www.jardiland.com/plantes/arbres-et-arbustes-d-ornement/arbres-et-arbustes/oranger-du-mexique/33487-choisya-aztec-pearl.html
33487-16421;584682;187;20170125;https://www.jardiland.com/plantes/arbres-et-arbustes-d-ornement/arbres-et-arbustes/oranger-du-mexique/33487-choisya-aztec-pearl.html
33074-26133;838396;187;20170125;https://www.jardiland.com/plantes/arbres-et-arbustes-d-ornement/arbres-et-arbustes/ceanothe/33074-ceanothe-rampant.html
33074-16064;583303;187;20170125;https://www.jardiland.com/plantes/arbres-et-arbustes-d-ornement/arbres-et-arbustes/ceanothe/33074-ceanothe-rampant.html
33002-7909;1249814;187;20170125;https://www.jardiland.com/plantes/arbres-et-arbustes-d-ornement/arbres-et-arbustes/berberis/33002-berberis-thunbergii-atropurpurea.html
32958-16040;579965;187;20170125;https://www.jardiland.com/plantes/arbres-et-arbustes-d-ornement/arbres-et-arbustes/aronia/32958-aronie-a-feuille-de-prunier-viking.html
