ID_WEB;ID_JDN;CODEMAG;DATE_ASPI;URLPRODUIT
381-381;1209550;144;20170119;https://www.jardiland.com/maison-deco/epicerie-fine/epicerie-sucree/confiserie/381-seau-d-oursons-guimauve-enrobes-de-chocolat.html
2236-2236;1367544;144;20170119;https://www.jardiland.com/maison-deco/epicerie-fine/epicerie-sucree/biscuit/2236-sables-gourmands-cramberies.html
59660-59660;1469938;144;20170119;https://www.jardiland.com/maison-deco/epicerie-fine/epicerie-sucree/chocolat/59660-coffret-decouverte-chocolats-en-poudre.html
54587-54587;1436103;144;20170119;https://www.jardiland.com/maison-deco/epicerie-fine/epicerie-sucree/miel-et-derive/54587-coffret-decouverte-5-verrines-de-miel.html
1144-1144;1259019;144;20170119;https://www.jardiland.com/maison-deco/epicerie-fine/epicerie-sucree/confiserie/1144-bonbons-miel-reglisse-sans-sucre.html
1147-1147;1259030;144;20170119;https://www.jardiland.com/maison-deco/epicerie-fine/epicerie-sucree/confiserie/1147-bonbons-miel-eucalyptus-sans-sucre.html
32862-10121;1349976;144;20170119;https://www.jardiland.com/maison-deco/cache-pot-d-interieur/cache-pot-simple/cache-pot-aimante/32862-pot-aimante-pyramide-kalamitica.html
32862-10116;1349971;144;20170119;https://www.jardiland.com/maison-deco/cache-pot-d-interieur/cache-pot-simple/cache-pot-aimante/32862-pot-aimante-pyramide-kalamitica.html
32867-12565;1394015;144;20170119;https://www.jardiland.com/maison-deco/cache-pot-d-interieur/cache-pot-simple/cache-pot-aimante/32867-pot-aimante-cylindrique-kalamitica.html
32867-10491;1349828;144;20170119;https://www.jardiland.com/maison-deco/cache-pot-d-interieur/cache-pot-simple/cache-pot-aimante/32867-pot-aimante-cylindrique-kalamitica.html
5491-5491;911951;144;20170119;https://www.jardiland.com/maison-deco/cheminee/accessoires-de-cheminee/accessoires/5491-seau-a-charbon-en-acier-galvanise.html
31327-12268;1394829;144;20170119;https://www.jardiland.com/maison-deco/objets-de-decoration/autres-objets-de-decoration/fruit-et-legume-artificiel/31327-galette-d-assise.html
50095-50095;1450113;144;20170119;https://www.jardiland.com/maison-deco/objets-de-decoration/rangement-boites-et-paniers/coffret-et-boite-de-rangement/50095-trousse-de-toilette-lollipop.html
42197-42197;538531;144;20170119;https://www.jardiland.com/animaux/oiseau/alimentation-et-friandises/friandise/42197-patee-ravivant-la-couleur-100-g.html
42196-42196;538530;144;20170119;https://www.jardiland.com/animaux/oiseau/alimentation-et-friandises/friandise/42196-patee-fortifiante-au-miel-100-g.html
42195-42195;538527;144;20170119;https://www.jardiland.com/animaux/oiseau/alimentation-et-friandises/friandise/42195-patee-deelevage-100-g-aux-oeufs.html
53594-53594;538385;144;20170119;https://www.jardiland.com/animaux/oiseau/alimentation-et-friandises/alimentation-quotidienne/53594-melange-australian-pour-grande-perruche.html
42187-42187;538389;144;20170119;https://www.jardiland.com/animaux/oiseau/alimentation-et-friandises/alimentation-quotidienne/42187-melange-amazonian-pour-perroquet.html
42188-42188;538382;144;20170119;https://www.jardiland.com/animaux/oiseau/alimentation-et-friandises/alimentation-quotidienne/42188-melange-african-pour-agapornis.html
43353-53085;538454;144;20170119;https://www.jardiland.com/animaux/oiseau/alimentation-et-friandises/friandise/43353-kracker-australi-g-perruche-x2-1.html
43355-42969;686427;144;20170119;https://www.jardiland.com/animaux/oiseau/alimentation-et-friandises/friandise/43355-baguette-kracker-perruche-x3-1.html
43355-42752;538466;144;20170119;https://www.jardiland.com/animaux/oiseau/alimentation-et-friandises/friandise/43355-baguette-kracker-perruche-x3-1.html
43355-42751;538462;144;20170119;https://www.jardiland.com/animaux/oiseau/alimentation-et-friandises/friandise/43355-baguette-kracker-perruche-x3-1.html
43354-42761;538453;144;20170119;https://www.jardiland.com/animaux/oiseau/alimentation-et-friandises/friandise/43354-baguette-kracker-exotique-x2-1.html
43352-42759;538451;144;20170119;https://www.jardiland.com/animaux/oiseau/alimentation-et-friandises/friandise/43352-baguette-kracker-canari-x3-1.html
43352-42757;538447;144;20170119;https://www.jardiland.com/animaux/oiseau/alimentation-et-friandises/friandise/43352-baguette-kracker-canari-x3-1.html
43352-42755;538441;144;20170119;https://www.jardiland.com/animaux/oiseau/alimentation-et-friandises/friandise/43352-baguette-kracker-canari-x3-1.html
42192-42192;538442;144;20170119;https://www.jardiland.com/animaux/oiseau/alimentation-et-friandises/friandise/42192-baguette-kracker-canari-x2-color.html
43351-53032;538444;144;20170119;https://www.jardiland.com/animaux/oiseau/alimentation-et-friandises/friandise/43351-baguette-kracker-canari-x2-1.html
43351-42758;538449;144;20170119;https://www.jardiland.com/animaux/oiseau/alimentation-et-friandises/friandise/43351-baguette-kracker-canari-x2-1.html
43351-42754;538484;144;20170119;https://www.jardiland.com/animaux/oiseau/alimentation-et-friandises/friandise/43351-baguette-kracker-canari-x2-1.html
43361-43193;897570;144;20170119;https://www.jardiland.com/animaux/poisson/entretien-et-soins/sel/43361-sel-coral-pro.html
485-485;1239038;144;20170119;https://www.jardiland.com/animaux/poisson/entretien-et-soins/produit-pour-poisson/485-gastrobac.html
32509-14809;543725;144;20170119;https://www.jardiland.com/animaux/poisson/materiel-chauffage-filtres-et-pompes/masse-de-filtration/32509-mousse-filtration-superclean.html
3769-3769;543867;144;20170119;https://www.jardiland.com/animaux/poisson/materiel-chauffage-filtres-et-pompes/nettoyage-aquarium/3769-jbl-gant-de-nettoyage.html
227-227;1014911;144;20170119;https://www.jardiland.com/animaux/poisson/materiel-chauffage-filtres-et-pompes/autres-accessoires/227-jbl-artemiopur.html
53247-53158;543691;144;20170119;https://www.jardiland.com/animaux/poisson/materiel-chauffage-filtres-et-pompes/masse-de-filtration/53247-ehfikarbon-avec-filet.html
54385-54352;739270;144;20170119;https://www.jardiland.com/animaux/poisson/materiel-chauffage-filtres-et-pompes/masse-de-filtration/54385-dose-api-crystal-3-1.html
3514-3514;537777;144;20170119;https://www.jardiland.com/animaux/poisson/materiel-chauffage-filtres-et-pompes/masse-de-filtration/3514-cartouche-charbon-pour-pompe-mcf-40-70-1.html
53583-53583;543180;144;20170119;https://www.jardiland.com/animaux/poisson/alimentation/pour-poisson-d-eau-de-mer/53583-jbl-maris.html
31816-11809;1373127;144;20170119;https://www.jardiland.com/animaux/chat/coussins-et-paniers-de-transport/sac-et-panier-de-transport-pour-chat/31816-panier-de-transport-linus-cabrio.html
31766-9691;1307389;144;20170119;https://www.jardiland.com/animaux/chat/arbres-a-chat-et-griffoirs/arbre-a-chat/31766-arbre-a-chat-draco.html
518-518;1244248;144;20170119;https://www.jardiland.com/animaux/chat/arbres-a-chat-et-griffoirs/arbre-a-chat/518-arbre-a-chat-azur-grisaframboise.html
40925-40925;1419466;144;20170119;https://www.jardiland.com/animaux/chat/hygiene-soins-et-litieres/bac-a-litiere-et-maison-de-toilette/40925-maison-de-toilette-rouge-pour-chat.html
5849-5849;974148;144;20170119;https://www.jardiland.com/animaux/chat/hygiene-soins-et-litieres/litiere/5849-litiere-magic-clean-2-mois.html
42163-42163;1416387;144;20170119;https://www.jardiland.com/animaux/chat/hygiene-soins-et-litieres/litiere/42163-litiere-compact-supra-10-l.html
2289-2289;1373563;144;20170119;https://www.jardiland.com/animaux/chat/gamelles-ecuelles-et-distributeurs/distributeur-d-eau-et-croquette/2289-cartouches-pour-fontaine-sense.html
31741-26109;837977;144;20170119;https://www.jardiland.com/animaux/chat/alimentation-et-friandises/croquette-pour-chat/31741-royal-canin-pure-feline-n-01-beauty.html
32633-11840;1373622;144;20170119;https://www.jardiland.com/animaux/rongeurs-et-petits-mammiferes/jouets-et-exercices/roue-tube-et-autres-accessoires-de-jeux/32633-roue-pour-cage-silent-rodylounge.html
142-142;1017125;144;20170119;https://www.jardiland.com/animaux/rongeurs-et-petits-mammiferes/jouets-et-exercices/roue-tube-et-autres-accessoires-de-jeux/142-aire-rodykit-3-1.html
32622-29689;970179;144;20170119;https://www.jardiland.com/animaux/rongeurs-et-petits-mammiferes/habitats-cages-et-accessoires/cage/32622-cage-a-rongeur-ratatouille.html
50853-50526;1405244;144;20170119;https://www.jardiland.com/animaux/chien/colliers-laisses-et-vetements/laisse-pour-chien/50853-laisse-retractable-cordon-new-classic-bleu.html
32184-27167;868627;144;20170119;https://www.jardiland.com/animaux/chien/jeux-et-jouets/jouet-en-caoutchouc-et-latex/32184-jouet-pour-chien-wubba.html
3009-3009;1403696;144;20170119;https://www.jardiland.com/animaux/chien/jeux-et-jouets/jouet-en-caoutchouc-et-latex/3009-jouet-pour-chien-dental-roll.html
31898-15816;578476;144;20170119;https://www.jardiland.com/animaux/chien/alimentation-et-friandises/croquette-pour-chien/31898-science-plan-puppy-mini.html
31875-8043;1252688;144;20170119;https://www.jardiland.com/animaux/chien/alimentation-et-friandises/croquette-pour-chien/31875-royal-canin-x-small-junior.html
31874-7468;1252666;144;20170119;https://www.jardiland.com/animaux/chien/alimentation-et-friandises/croquette-pour-chien/31874-royal-canin-x-small-adult.html
31904-6688;1016843;144;20170119;https://www.jardiland.com/animaux/chien/alimentation-et-friandises/croquette-pour-chien/31904-royal-canin-maxi-junior.html
5264-5264;824595;144;20170119;https://www.jardiland.com/animaux/chien/alimentation-et-friandises/os-a-macher/5264-os-presse-porks-x2-11e5-cm.html
31937-44156;1437630;144;20170119;https://www.jardiland.com/animaux/chien/alimentation-et-friandises/croquette-pour-chien/31937-croquettes-royal-canin-shih-tzu-adult.html
56507-56053;1430576;144;20170119;https://www.jardiland.com/animaux/chien/alimentation-et-friandises/croquette-pour-chien/56507-croquettes-pro-plan-duo-delice-adulte.html
56507-56051;1430578;144;20170119;https://www.jardiland.com/animaux/chien/alimentation-et-friandises/croquette-pour-chien/56507-croquettes-pro-plan-duo-delice-adulte.html
56507-56049;1430580;144;20170119;https://www.jardiland.com/animaux/chien/alimentation-et-friandises/croquette-pour-chien/56507-croquettes-pro-plan-duo-delice-adulte.html
54397-54114;1431054;144;20170119;https://www.jardiland.com/animaux/chien/alimentation-et-friandises/croquette-pour-chien/54397-croquettes-ideal-balance-canine-adulte-poulet-riz-complet.html
54390-54115;1431051;144;20170119;https://www.jardiland.com/animaux/chien/alimentation-et-friandises/croquette-pour-chien/54390-croquettes-ideal-balance-canine-adult-small-breed-au-poulet.html
54398-56048;1431059;144;20170119;https://www.jardiland.com/animaux/chien/alimentation-et-friandises/croquette-pour-chien/54398-croquettes-ideal-balance-canine-adult-no-grain-au-poulet-pommes-de-terre.html
54398-54113;1431058;144;20170119;https://www.jardiland.com/animaux/chien/alimentation-et-friandises/croquette-pour-chien/54398-croquettes-ideal-balance-canine-adult-no-grain-au-poulet-pommes-de-terre.html
31252-8105;1255434;144;20170119;https://www.jardiland.com/amenagement-du-jardin/bassins-et-jardin-aquatique/bassins/31252-bache-en-caoutchouc.html
53318-53318;975375;144;20170119;https://www.jardiland.com/amenagement-du-jardin/loisirs-plein-air/piscines/53318-thermometre.html
60139-60139;1017509;144;20170119;https://www.jardiland.com/amenagement-du-jardin/loisirs-plein-air/jeux-de-plein-air/60139-portique-en-metal-2e25-m.html
53311-53311;975382;144;20170119;https://www.jardiland.com/amenagement-du-jardin/loisirs-plein-air/piscines/53311-petite-brosse.html
40487-38447;1432260;144;20170119;https://www.jardiland.com/amenagement-du-jardin/decorations/autres-decorations/40487-tapis-d-exterieur-en-polypropylene-1e80-x-1e20-m.html
31429-8368;1291542;144;20170119;https://www.jardiland.com/amenagement-du-jardin/pots-bacs-jardinieres-et-supports/en-email/31429-vase-a-rebord-en-email.html
31446-10770;1352421;144;20170119;https://www.jardiland.com/amenagement-du-jardin/pots-bacs-jardinieres-et-supports/en-email/31446-soucoupe-en-email.html
31446-9202;1293152;144;20170119;https://www.jardiland.com/amenagement-du-jardin/pots-bacs-jardinieres-et-supports/en-email/31446-soucoupe-en-email.html
31464-9198;1292908;144;20170119;https://www.jardiland.com/amenagement-du-jardin/pots-bacs-jardinieres-et-supports/en-email/31464-pot-en-email-austral.html
31523-19487;603480;144;20170119;https://www.jardiland.com/amenagement-du-jardin/pots-bacs-jardinieres-et-supports/en-plastique/31523-soucoupe-en-plastique-prisca.html
1855-1855;1317506;144;20170119;https://www.jardiland.com/amenagement-du-jardin/barbecues-cuisine-exterieur/autres/combustible/1855-briquettes-de-charbon-de-bois.html
31341-38447;1432260;144;20170119;https://www.jardiland.com/amenagement-du-jardin/mobilier-de-jardin/bains-de-soleil-et-hamacs/hamac/31341-hamac-familial-domingo.html
36773-36773;577948;144;20170119;https://www.jardiland.com/jardinage/bricolage-droguerie/insecticides-menagers/insecticide-volant-et-rampant/36773-gel-appat-cafard.html
4475-4475;573885;144;20170119;https://www.jardiland.com/jardinage/semis-protections-et-accessoires-de-jardinage/appareils-de-mesure/thermometre/4475-thermometre-imitation-bois.html
50918-41368;1403841;144;20170119;https://www.jardiland.com/jardinage/semis-protections-et-accessoires-de-jardinage/serres-et-chassis/mini-serre/50918-soucoupe-green-basics.html
1831-1831;1315235;144;20170119;https://www.jardiland.com/jardinage/arrosage/tuyaux-devidoirs-lances-et-pistolets/raccord/1831-raccord-rapide-o13o15-mm.html
1830-1830;1315234;144;20170119;https://www.jardiland.com/jardinage/arrosage/tuyaux-devidoirs-lances-et-pistolets/raccord/1830-nez-de-robinet-o-20o27-reducteur-o-15o21-1.html
56541-56541;574426;144;20170119;https://www.jardiland.com/jardinage/arrosage/arrosoirs/56541-arrosoir-rond-galvanise-1-l.html
58186-58102;576900;144;20170119;https://www.jardiland.com/jardinage/outils-a-moteur/autres-outils-a-moteur/accessoires/58186-chaine-de-tronconneuse-56-maillons.html
36783-36783;574352;144;20170119;https://www.jardiland.com/jardinage/outils-et-materiel-du-jardinier/grands-outils-de-jardin/autres-grands-outils/36783-sarcleuse-lame-oscillante-multi-star.html
50864-14809;543725;144;20170119;https://www.jardiland.com/jardinage/equipement-du-jardinier/gants/50864-gant-travaux-humides.html
46650-46650;1315858;144;20170119;https://www.jardiland.com/jardinage/entretien-et-traitements/pulverisateurs/pulverisateur-a-pression/46650-pulverisateur-t7-eco.html
56539-56539;577227;144;20170119;https://www.jardiland.com/jardinage/entretien-et-traitements/pulverisateurs/pulverisateur-a-pression/56539-pulverisateur-selecta-7-1.html
32778-53130;1373571;144;20170119;https://www.jardiland.com/jardinage/entretien-et-traitements/engrais/engrais-pour-arbres-et-fleurs-du-jardin/32778-engrais-complet-double-actions.html
50889-58638;642227;144;20170119;https://www.jardiland.com/jardinage/entretien-et-traitements/engrais/engrais-pour-fruits-et-legumes/50889-engrais-agrumes.html
36776-36776;1302348;144;20170119;https://www.jardiland.com/jardinage/entretien-et-traitements/anti-nuisibles-pieges-et-repulsifs/lutte-contre-les-rats-souris-taupes-et-rongeurs/36776-souris-pate.html
40545-38006;1302325;144;20170119;https://www.jardiland.com/jardinage/entretien-et-traitements/anti-nuisibles-pieges-et-repulsifs/lutte-contre-les-rats-souris-taupes-et-rongeurs/40545-rats-et-souris-pate.html
37661-37661;1409098;144;20170119;https://www.jardiland.com/plantes/sapins-de-noel/supports-pieds-et-accessoires-de-sapin/37661-pied-de-sapin-avec-reserve-d-eau-o-9-cm-vert.html
35720-23173;719615;144;20170119;https://www.jardiland.com/plantes/plantes-d-interieur/plantes-carnivores/nepenthes/35720-nepenthes.html
35589-59065;1418337;144;20170119;https://www.jardiland.com/plantes/plantes-d-interieur/bonsais/ficus/35589-ficus-ginseng.html
35589-42488;1229975;144;20170119;https://www.jardiland.com/plantes/plantes-d-interieur/bonsais/ficus/35589-ficus-ginseng.html
36125-24853;810246;144;20170119;https://www.jardiland.com/plantes/plantes-d-interieur/plantes-vertes/zamioculcas/36125-zamioculcas-zamiifolia.html
36085-56088;1416322;144;20170119;https://www.jardiland.com/plantes/plantes-d-interieur/plantes-vertes/platycerium/36085-platycerium-bifurcatum.html
35890-10285;1345190;144;20170119;https://www.jardiland.com/plantes/plantes-d-interieur/plantes-vertes/autres-plantes-vertes/35890-phlebodium-aureum.html
36069-22184;668593;144;20170119;https://www.jardiland.com/plantes/plantes-d-interieur/plantes-vertes/pachira/36069-pachira-aquatica.html
36059-22242;670993;144;20170119;https://www.jardiland.com/plantes/plantes-d-interieur/plantes-vertes/nephrolepis/36059-nephrolepis-exaltata-bostoniensis.html
36079-13042;1401479;144;20170119;https://www.jardiland.com/plantes/plantes-d-interieur/plantes-vertes/philodendron-monstera/36079-monstera-deliciosa.html
36031-27608;877008;144;20170119;https://www.jardiland.com/plantes/plantes-d-interieur/plantes-vertes/hedera/36031-hedera-helix-goldchild.html
36024-20865;635396;144;20170119;https://www.jardiland.com/plantes/plantes-d-interieur/plantes-vertes/fittonia/36024-fittonia-mini-plante.html
5963-5963;716499;144;20170119;https://www.jardiland.com/plantes/plantes-d-interieur/plantes-vertes/fittonia/5963-fittonia-mini-plante.html
35968-62473;1282498;144;20170119;https://www.jardiland.com/plantes/plantes-d-interieur/plantes-vertes/dracaena/35968-dracaena-massangeana.html
35958-20436;632038;144;20170119;https://www.jardiland.com/plantes/plantes-d-interieur/plantes-vertes/dieffenbachia/35958-dieffenbachia.html
35887-44555;1018900;144;20170119;https://www.jardiland.com/plantes/plantes-d-interieur/plantes-vertes/autres-plantes-vertes/35887-davallia-humata-tyermanni.html
35704-47343;1009670;144;20170119;https://www.jardiland.com/plantes/plantes-d-interieur/orchidees/phalaenopsis/35704-orchidee-phalaenopsis-grandiflora.html
35704-10218;1343550;144;20170119;https://www.jardiland.com/plantes/plantes-d-interieur/orchidees/phalaenopsis/35704-orchidee-phalaenopsis-grandiflora.html
35692-54334;830203;144;20170119;https://www.jardiland.com/plantes/plantes-d-interieur/orchidees/miltonia/35692-orchidee-miltonia.html
35682-29277;933871;144;20170119;https://www.jardiland.com/plantes/plantes-d-interieur/orchidees/cattleya/35682-orchidee-cattleya.html
35835-20908;634481;144;20170119;https://www.jardiland.com/plantes/plantes-d-interieur/plantes-fleuries/spathiphyllum/35835-spathiphyllum-sensation.html
35826-62605;1379316;144;20170119;https://www.jardiland.com/plantes/plantes-d-interieur/plantes-fleuries/rosier-miniature/35826-rosier-kordanar-mini-plante.html
35826-24089;734514;144;20170119;https://www.jardiland.com/plantes/plantes-d-interieur/plantes-fleuries/rosier-miniature/35826-rosier-kordanar-mini-plante.html
35730-20963;635078;144;20170119;https://www.jardiland.com/plantes/plantes-d-interieur/plantes-fleuries/anthurium/35730-anthurium-dakota.html
58801-58801;566217;144;20170119;https://www.jardiland.com/plantes/graines-et-gazon/gazon-et-prairies-fleuries/autres-gazons/58801-dichondra-repens-500-g.html
36877-36877;1402370;144;20170119;https://www.jardiland.com/plantes/graines-et-gazon/gazon-et-prairies-fleuries/autres-gazons/36877-cynodon-480-g.html
36928-36928;1313508;144;20170119;https://www.jardiland.com/plantes/graines-et-gazon/graines-ludiques-et-kits/potageres/36928-pratic-salad-mesclun.html
36927-36927;1313504;144;20170119;https://www.jardiland.com/plantes/graines-et-gazon/graines-ludiques-et-kits/potageres/36927-pratic-salad-laitue-verte-rouge.html
36924-36924;1313495;144;20170119;https://www.jardiland.com/plantes/graines-et-gazon/graines-ludiques-et-kits/potageres/36924-pratic-salad-laitue-verte.html
46694-46694;565889;144;20170119;https://www.jardiland.com/plantes/graines-et-gazon/graines-de-fleurs/fleurs-vivaces/46694-oeillet-mignardise-royal-rose.html
46697-46697;565309;144;20170119;https://www.jardiland.com/plantes/graines-et-gazon/graines-de-fleurs/fleurs-annuelles/46697-zinnia-du-mexique-tapis-persan.html
46717-46717;565511;144;20170119;https://www.jardiland.com/plantes/graines-et-gazon/graines-de-fleurs/fleurs-vivaces/46717-valeriane-des-jardins.html
46518-46518;565278;144;20170119;https://www.jardiland.com/plantes/graines-et-gazon/graines-de-fleurs/fleurs-vivaces/46518-scabieuse-du-caucase.html
46517-46517;565279;144;20170119;https://www.jardiland.com/plantes/graines-et-gazon/graines-de-fleurs/fleurs-vivaces/46517-salvia-farinacea-victoria.html
46346-46346;565264;144;20170119;https://www.jardiland.com/plantes/graines-et-gazon/graines-de-fleurs/fleurs-annuelles/46346-reine-marguerite-plume-d-autruche-variee.html
53375-53375;818168;144;20170119;https://www.jardiland.com/plantes/graines-et-gazon/graines-de-fleurs/fleurs-annuelles/53375-pois-de-senteur-elegant-ladies.html
46526-46526;565231;144;20170119;https://www.jardiland.com/plantes/graines-et-gazon/graines-de-fleurs/fleurs-annuelles/46526-petunia-bleu-le-conseiller.html
46274-46274;565896;144;20170119;https://www.jardiland.com/plantes/graines-et-gazon/graines-de-fleurs/fleurs-bisannuelles/46274-pensee-sweetee.html
46515-46515;565899;144;20170119;https://www.jardiland.com/plantes/graines-et-gazon/graines-de-fleurs/fleurs-bisannuelles/46515-pensee-suisse-lueur-des-alpes.html
46273-46273;565897;144;20170119;https://www.jardiland.com/plantes/graines-et-gazon/graines-de-fleurs/fleurs-bisannuelles/46273-pensee-sahari-hybride-f1-en-melange.html
42371-42371;1404640;144;20170119;https://www.jardiland.com/plantes/graines-et-gazon/graines-de-fleurs/fleurs-annuelles/42371-pavot-des-jardins-blanc.html
46620-46620;1404639;144;20170119;https://www.jardiland.com/plantes/graines-et-gazon/graines-de-fleurs/fleurs-annuelles/46620-pavot-de-californie.html
46621-46621;1404638;144;20170119;https://www.jardiland.com/plantes/graines-et-gazon/graines-de-fleurs/fleurs-annuelles/46621-pavot-black-peony.html
53415-53415;602899;144;20170119;https://www.jardiland.com/plantes/graines-et-gazon/graines-de-fleurs/fleurs-annuelles/53415-pavot-black-peony.html
46693-46693;565892;144;20170119;https://www.jardiland.com/plantes/graines-et-gazon/graines-de-fleurs/fleurs-bisannuelles/46693-paquerette-super-pomponnette-variee.html
46281-46281;565894;144;20170119;https://www.jardiland.com/plantes/graines-et-gazon/graines-de-fleurs/fleurs-bisannuelles/46281-paquerette-super-pomponnette-rose.html
46422-46422;565543;144;20170119;https://www.jardiland.com/plantes/graines-et-gazon/graines-de-fleurs/fleurs-annuelles/46422-osteospermum-passion-melange.html
53783-53783;1311019;144;20170119;https://www.jardiland.com/plantes/graines-et-gazon/graines-de-fleurs/fleurs-annuelles/53783-nielle-des-bles.html
53787-53787;1311011;144;20170119;https://www.jardiland.com/plantes/graines-et-gazon/graines-de-fleurs/melange-mixte/53787-melange-pour-abeilles.html
53786-53786;1311012;144;20170119;https://www.jardiland.com/plantes/graines-et-gazon/graines-de-fleurs/melange-mixte/53786-melange-californien.html
53440-53440;602958;144;20170119;https://www.jardiland.com/plantes/graines-et-gazon/graines-de-fleurs/fleurs-annuelles/53440-lupin-tutti-frutti.html
46363-46363;565140;144;20170119;https://www.jardiland.com/plantes/graines-et-gazon/graines-de-fleurs/fleurs-vivaces/46363-lunaire-monnaie-du-pape.html
58065-58065;1404636;144;20170119;https://www.jardiland.com/plantes/graines-et-gazon/graines-de-fleurs/fleurs-annuelles/58065-lin-blanc.html
46819-46819;565584;144;20170119;https://www.jardiland.com/plantes/graines-et-gazon/graines-de-fleurs/fleurs-annuelles/46819-lavatere-a-grandes-fleurs-variee.html
53446-53446;602930;144;20170119;https://www.jardiland.com/plantes/graines-et-gazon/graines-de-fleurs/fleurs-annuelles/53446-ipomee-flying-saucers.html
46368-46368;565120;144;20170119;https://www.jardiland.com/plantes/graines-et-gazon/graines-de-fleurs/fleurs-annuelles/46368-impatiens-royal-en-melange.html
46695-46695;565886;144;20170119;https://www.jardiland.com/plantes/graines-et-gazon/graines-de-fleurs/fleurs-vivaces/46695-iberis-sempervirens.html
46374-46374;564993;144;20170119;https://www.jardiland.com/plantes/graines-et-gazon/graines-de-fleurs/fleurs-annuelles/46374-giroflee-quarantaine-variee.html
46320-46320;565457;144;20170119;https://www.jardiland.com/plantes/graines-et-gazon/graines-de-fleurs/fleurs-annuelles/46320-geranium-royal-rose-hybride-f1-1.html
54602-54602;1310992;144;20170119;https://www.jardiland.com/plantes/graines-et-gazon/graines-de-fleurs/melange-mixte/54602-fleurs-des-champs.html
53782-53782;1311021;144;20170119;https://www.jardiland.com/plantes/graines-et-gazon/graines-de-fleurs/fleurs-vivaces/53782-edelweiss.html
46325-46325;565356;144;20170119;https://www.jardiland.com/plantes/graines-et-gazon/graines-de-fleurs/fleurs-annuelles/46325-dimorphoteca-hybride-varie.html
46289-46289;565820;144;20170119;https://www.jardiland.com/plantes/graines-et-gazon/graines-de-fleurs/fleurs-vivaces/46289-digitale-excelsior-variee.html
46778-46778;565352;144;20170119;https://www.jardiland.com/plantes/graines-et-gazon/graines-de-fleurs/fleurs-vivaces/46778-delphinium-riviera-1-2-nain.html
46227-46227;876791;144;20170119;https://www.jardiland.com/plantes/graines-et-gazon/graines-de-fleurs/fleurs-annuelles/46227-coquelicot-double-varie.html
1621-1621;1313540;144;20170119;https://www.jardiland.com/plantes/graines-et-gazon/graines-de-fleurs/fleurs-annuelles/1621-capucine-des-canaries.html
46332-46332;565303;144;20170119;https://www.jardiland.com/plantes/graines-et-gazon/graines-de-fleurs/fleurs-vivaces/46332-campanule-big-ben-1-2-naine-variee.html
46292-46292;565814;144;20170119;https://www.jardiland.com/plantes/graines-et-gazon/graines-de-fleurs/fleurs-vivaces/46292-arabis-alpina-royal-rosea.html
46369-46369;565119;144;20170119;https://www.jardiland.com/plantes/graines-et-gazon/graines-de-fleurs/fleurs-annuelles/46369-anthemis-frutescens-blanc.html
3568-3568;564982;144;20170119;https://www.jardiland.com/plantes/graines-et-gazon/graines-de-fleurs/fleurs-vivaces/3568-ancolie-royal-geante-variee.html
46777-46777;565355;144;20170119;https://www.jardiland.com/plantes/graines-et-gazon/graines-de-fleurs/fleurs-vivaces/46777-alysse-saxatile-corbeille-d-or.html
46293-46293;565813;144;20170119;https://www.jardiland.com/plantes/graines-et-gazon/graines-de-fleurs/fleurs-annuelles/46293-alysse-odorant-royal-carpet.html
46333-46333;565302;144;20170119;https://www.jardiland.com/plantes/graines-et-gazon/graines-de-fleurs/fleurs-annuelles/46333-ageratum-nain-tetra-blue-mink.html
46294-46294;565811;144;20170119;https://www.jardiland.com/plantes/graines-et-gazon/graines-de-fleurs/fleurs-annuelles/46294-acroclinium-royal-double-varie.html
46504-46504;564307;144;20170119;https://www.jardiland.com/plantes/graines-et-gazon/graines-potageres-et-aromatiques/autres-graines-aromatiques/46504-thym-d-hiver.html
46505-46505;564306;144;20170119;https://www.jardiland.com/plantes/graines-et-gazon/graines-potageres-et-aromatiques/autres-graines-aromatiques/46505-serpolet-vivace.html
58064-58064;1404642;144;20170119;https://www.jardiland.com/plantes/graines-et-gazon/graines-potageres-et-aromatiques/autres-graines-aromatiques/58064-sauge-verte.html
53349-53349;875837;144;20170119;https://www.jardiland.com/plantes/graines-et-gazon/graines-potageres-et-aromatiques/poireaux/53349-ruban-poireau-bleu-de-solaise.html
53353-53353;875832;144;20170119;https://www.jardiland.com/plantes/graines-et-gazon/graines-potageres-et-aromatiques/salades/53353-ruban-de-mache-a-grosse-graine.html
53361-53361;875819;144;20170119;https://www.jardiland.com/plantes/graines-et-gazon/graines-potageres-et-aromatiques/tomates-piments-poivrons-aubergines/53361-rond-ronde-des-tomates-aperitif.html
53360-53360;875820;144;20170119;https://www.jardiland.com/plantes/graines-et-gazon/graines-potageres-et-aromatiques/autres-graines-aromatiques/53360-rond-quatuor-aromatique.html
53362-53362;875818;144;20170119;https://www.jardiland.com/plantes/graines-et-gazon/graines-potageres-et-aromatiques/persil/53362-rond-persil-frise-vert-fonce.html
53363-53363;875817;144;20170119;https://www.jardiland.com/plantes/graines-et-gazon/graines-potageres-et-aromatiques/persil/53363-rond-persil-commun-2-1.html
53368-53368;875810;144;20170119;https://www.jardiland.com/plantes/graines-et-gazon/graines-potageres-et-aromatiques/basilic/53368-rond-de-basilic-citron.html
53366-53366;875814;144;20170119;https://www.jardiland.com/plantes/graines-et-gazon/graines-potageres-et-aromatiques/courges-melons/53366-rond-courgette-de-nice-a-fruits-ronds.html
53367-53367;875812;144;20170119;https://www.jardiland.com/plantes/graines-et-gazon/graines-potageres-et-aromatiques/autres-graines-aromatiques/53367-rond-cerfeuil-commun.html
46510-46510;566006;144;20170119;https://www.jardiland.com/plantes/graines-et-gazon/graines-potageres-et-aromatiques/pois/46510-pois-roi-des-conserves.html
46418-46418;565975;144;20170119;https://www.jardiland.com/plantes/graines-et-gazon/graines-potageres-et-aromatiques/pois/46418-pois-merveille-de-kelvedon.html
46507-46507;564301;144;20170119;https://www.jardiland.com/plantes/graines-et-gazon/graines-potageres-et-aromatiques/persil/46507-persil-geant-d-italie-simple.html
53523-53523;564177;144;20170119;https://www.jardiland.com/plantes/graines-et-gazon/graines-potageres-et-aromatiques/courges-melons/53523-pasteque-sugar-baby.html
57800-57800;564803;144;20170119;https://www.jardiland.com/plantes/graines-et-gazon/graines-potageres-et-aromatiques/salades/57800-laitue-romaine-chicon-panache-bio.html
53330-53330;940861;144;20170119;https://www.jardiland.com/plantes/graines-et-gazon/graines-potageres-et-aromatiques/salades/53330-laitue-a-couper-salad-bowl-rouge-bio.html
46390-46390;564680;144;20170119;https://www.jardiland.com/plantes/graines-et-gazon/graines-potageres-et-aromatiques/persil/46390-duo-de-persil.html
46392-46392;564673;144;20170119;https://www.jardiland.com/plantes/graines-et-gazon/graines-potageres-et-aromatiques/courges-melons/46392-courge-decorative-halloween.html
3400-3400;1429619;144;20170119;https://www.jardiland.com/plantes/bulbes-et-pommes-de-terre/bulbes-a-fleurs/autres-bulbes-a-fleurs/3400-pot-surprise-pre-plante.html
35066-26684;856150;144;20170119;https://www.jardiland.com/plantes/bulbes-et-pommes-de-terre/bulbes-a-fleurs/autres-bulbes-a-fleurs/35066-muscari-armeniacum.html
42097-18587;597632;144;20170119;https://www.jardiland.com/plantes/potager-et-verger/fruitiers/prunier/42097-prunier-quetsche-d-alsace.html
42083-20273;627053;144;20170119;https://www.jardiland.com/plantes/potager-et-verger/fruitiers/pommier/42083-pommier-starking.html
36499-49461;1448727;144;20170119;https://www.jardiland.com/plantes/potager-et-verger/fruitiers/mure/36499-mure-reuben.html
34521-11687;1372038;144;20170119;https://www.jardiland.com/plantes/potager-et-verger/fruitiers/kumquat/34521-kumquat-rond.html
36425-21649;652598;144;20170119;https://www.jardiland.com/plantes/potager-et-verger/fruitiers/figuier/36425-figuier-precoce-de-dalmatie.html
36433-22409;676245;144;20170119;https://www.jardiland.com/plantes/potager-et-verger/fruitiers/figuier/36433-figuier-brown-turkey.html
34517-25920;830863;144;20170119;https://www.jardiland.com/plantes/potager-et-verger/fruitiers/citronnier/34517-citronnier-des-quatre-saisons.html
34511-12062;1378672;144;20170119;https://www.jardiland.com/plantes/potager-et-verger/fruitiers/autres-fruitiers/34511-citron-caviar.html
41995-59397;1281627;144;20170119;https://www.jardiland.com/plantes/potager-et-verger/fruitiers/cerisier/41995-cerisier.html
41995-27647;877696;144;20170119;https://www.jardiland.com/plantes/potager-et-verger/fruitiers/cerisier/41995-cerisier.html
36491-29774;954907;144;20170119;https://www.jardiland.com/plantes/potager-et-verger/fruitiers/kiwi/36491-actinidia-deliciosa-male.html
33621-29798;955688;144;20170119;https://www.jardiland.com/plantes/potager-et-verger/plantes-aromatiques/romarin/33621-romarin-rampant-repens.html
33948-21064;636148;144;20170119;https://www.jardiland.com/plantes/arbres-et-arbustes-d-ornement/coniferes/cypres-de-leyland/33948-x-cupressocyparis-leylandii.html
33948-16817;586397;144;20170119;https://www.jardiland.com/plantes/arbres-et-arbustes-d-ornement/coniferes/cypres-de-leyland/33948-x-cupressocyparis-leylandii.html
34025-28157;905922;144;20170119;https://www.jardiland.com/plantes/arbres-et-arbustes-d-ornement/coniferes/pin/34025-pin-noir-d-autriche-truffier.html
41562-29152;928451;144;20170119;https://www.jardiland.com/plantes/arbres-et-arbustes-d-ornement/coniferes/ginkgo/41562-ginkgo-biloba-fastigiata-blagon.html
33941-16874;586604;144;20170119;https://www.jardiland.com/plantes/arbres-et-arbustes-d-ornement/coniferes/cypres/33941-cupressus-sempervirens-totem.html
33886-45227;841119;144;20170119;https://www.jardiland.com/plantes/arbres-et-arbustes-d-ornement/coniferes/araucaria/33886-araucaria-araucana.html
33830-18812;598055;144;20170119;https://www.jardiland.com/plantes/arbres-et-arbustes-d-ornement/bambous/pseudosasa/33830-bambou-pseudosasa-japonica-bambusa-metake.html
33828-6386;1010957;144;20170119;https://www.jardiland.com/plantes/arbres-et-arbustes-d-ornement/bambous/pleioblastus/33828-bambou-pleioblastus.html
33820-43231;922904;144;20170119;https://www.jardiland.com/plantes/arbres-et-arbustes-d-ornement/bambous/phyllostachys/33820-bambou-phyllostachys-bissetii.html
33817-23722;720997;144;20170119;https://www.jardiland.com/plantes/arbres-et-arbustes-d-ornement/bambous/phyllostachys/33817-bambou-phyllostachys-aurea.html
33795-30044;965891;144;20170119;https://www.jardiland.com/plantes/arbres-et-arbustes-d-ornement/bambous/arundo/33795-arundo-donax-variegata-versicolor.html
33874-9449;1300324;144;20170119;https://www.jardiland.com/plantes/arbres-et-arbustes-d-ornement/buis-et-topiaires/houx-en-topiaire/33874-houx-crenele-kimme.html
33871-11253;1362773;144;20170119;https://www.jardiland.com/plantes/arbres-et-arbustes-d-ornement/buis-et-topiaires/houx-en-topiaire/33871-houx-crenele.html
33847-23358;709047;144;20170119;https://www.jardiland.com/plantes/arbres-et-arbustes-d-ornement/buis-et-topiaires/buis/33847-buis-commun.html
33847-11257;1362911;144;20170119;https://www.jardiland.com/plantes/arbres-et-arbustes-d-ornement/buis-et-topiaires/buis/33847-buis-commun.html
34481-24873;807717;144;20170119;https://www.jardiland.com/plantes/arbres-et-arbustes-d-ornement/plantes-grimpantes/passiflore/34481-passiflore-violacea.html
34466-17294;588655;144;20170119;https://www.jardiland.com/plantes/arbres-et-arbustes-d-ornement/plantes-grimpantes/lierre/34466-lierre-sulphur-heart.html
34475-37845;1232392;144;20170119;https://www.jardiland.com/plantes/arbres-et-arbustes-d-ornement/plantes-grimpantes/lierre/34475-lierre-shamrock.html
34460-21272;642777;144;20170119;https://www.jardiland.com/plantes/arbres-et-arbustes-d-ornement/plantes-grimpantes/lierre/34460-lierre-goldheart.html
34455-8568;1280078;144;20170119;https://www.jardiland.com/plantes/arbres-et-arbustes-d-ornement/plantes-grimpantes/jasmin/34455-jasmin-stephanense.html
34451-12124;1376889;144;20170119;https://www.jardiland.com/plantes/arbres-et-arbustes-d-ornement/plantes-grimpantes/jasmin/34451-jasmin-rose.html
34458-22141;664920;144;20170119;https://www.jardiland.com/plantes/arbres-et-arbustes-d-ornement/plantes-grimpantes/jasmin/34458-jasmin-officinal-aureovariegatum.html
34439-19453;602501;144;20170119;https://www.jardiland.com/plantes/arbres-et-arbustes-d-ornement/plantes-grimpantes/glycine/34439-glycine-multijuga.html
34340-16958;586949;144;20170119;https://www.jardiland.com/plantes/arbres-et-arbustes-d-ornement/plantes-grimpantes/autres-plantes-grimpantes/34340-dregea-sinensis-wattakaka.html
34410-25469;819701;144;20170119;https://www.jardiland.com/plantes/arbres-et-arbustes-d-ornement/plantes-grimpantes/clematite/34410-clematite-montana-vare-grandiflora.html
34400-13090;1401963;144;20170119;https://www.jardiland.com/plantes/arbres-et-arbustes-d-ornement/plantes-grimpantes/clematite/34400-clematite-a-grandes-fleurs.html
34390-49184;1469012;144;20170119;https://www.jardiland.com/plantes/arbres-et-arbustes-d-ornement/plantes-grimpantes/clematite/34390-clematite-a-grandes-fleurs.html
34396-28101;907613;144;20170119;https://www.jardiland.com/plantes/arbres-et-arbustes-d-ornement/plantes-grimpantes/clematite/34396-clematite-nelly-moser.html
34388-13636;1419083;144;20170119;https://www.jardiland.com/plantes/arbres-et-arbustes-d-ornement/plantes-grimpantes/clematite/34388-clematite.html
34366-8254;1260335;144;20170119;https://www.jardiland.com/plantes/arbres-et-arbustes-d-ornement/plantes-grimpantes/chevrefeuille/34366-chevrefeuille-de-chine.html
34353-55695;1316189;144;20170119;https://www.jardiland.com/plantes/arbres-et-arbustes-d-ornement/plantes-grimpantes/bignone/34353-bignone-stromboli.html
34348-21189;641968;144;20170119;https://www.jardiland.com/plantes/arbres-et-arbustes-d-ornement/plantes-grimpantes/bignone/34348-bignone-indian-summer.html
34341-7961;1250587;144;20170119;https://www.jardiland.com/plantes/arbres-et-arbustes-d-ornement/plantes-grimpantes/autres-plantes-grimpantes/34341-araujia-sericifera.html
34339-6465;1013337;144;20170119;https://www.jardiland.com/plantes/arbres-et-arbustes-d-ornement/plantes-grimpantes/akebia/34339-akebia-quinata.html
34337-23608;719191;144;20170119;https://www.jardiland.com/plantes/arbres-et-arbustes-d-ornement/plantes-grimpantes/actinidia/34337-actinidia-kolomikta.html
41832-14707;1444776;144;20170119;https://www.jardiland.com/plantes/arbres-et-arbustes-d-ornement/rosiers/rosiers-grimpants/41832-rosier-papa-meillandr-meicesar-grandes-fleurs.html
41706-19714;608696;144;20170119;https://www.jardiland.com/plantes/arbres-et-arbustes-d-ornement/rosiers/rosiers-buissons/41706-rosier-niccolo-paganinir-meicairma-polyantha.html
41766-30375;972252;144;20170119;https://www.jardiland.com/plantes/arbres-et-arbustes-d-ornement/rosiers/rosiers-buissons/41766-rosier-line-renaudr-meiclusif-grandes-fleurs.html
41765-26630;855051;144;20170119;https://www.jardiland.com/plantes/arbres-et-arbustes-d-ornement/rosiers/rosiers-buissons/41765-rosier-edith-piafr-meiramboys-grandes-fleurs.html
41640-19550;607500;144;20170119;https://www.jardiland.com/plantes/arbres-et-arbustes-d-ornement/rosiers/rosiers-buissons/41640-rosier-black-baccarar-meidebenne-grandes-fleurs.html
34312-6389;1010976;144;20170119;https://www.jardiland.com/plantes/arbres-et-arbustes-d-ornement/plantes-de-terre-de-bruyere/rhododendron/34312-rhododendron-nain-princess-anne-golden-fleece.html
46059-60929;1450775;144;20170119;https://www.jardiland.com/plantes/arbres-et-arbustes-d-ornement/plantes-de-terre-de-bruyere/rhododendron/46059-rhododendron-impeditum.html
34322-18923;599559;144;20170119;https://www.jardiland.com/plantes/arbres-et-arbustes-d-ornement/plantes-de-terre-de-bruyere/rhododendron/34322-rhododendron-hybride-rose.html
34292-11634;1370965;144;20170119;https://www.jardiland.com/plantes/arbres-et-arbustes-d-ornement/plantes-de-terre-de-bruyere/rhododendron/34292-rhododendron-wine-and-roses.html
41584-30847;987105;144;20170119;https://www.jardiland.com/plantes/arbres-et-arbustes-d-ornement/plantes-de-terre-de-bruyere/rhododendron/41584-rhododendron.html
41579-23932;730970;144;20170119;https://www.jardiland.com/plantes/arbres-et-arbustes-d-ornement/plantes-de-terre-de-bruyere/magnolia/41579-magnolia-grandiflora.html
43401-56181;990672;144;20170119;https://www.jardiland.com/plantes/arbres-et-arbustes-d-ornement/plantes-de-terre-de-bruyere/magnolia/43401-magnolia.html
43401-43068;753360;144;20170119;https://www.jardiland.com/plantes/arbres-et-arbustes-d-ornement/plantes-de-terre-de-bruyere/magnolia/43401-magnolia.html
43401-42473;1224095;144;20170119;https://www.jardiland.com/plantes/arbres-et-arbustes-d-ornement/plantes-de-terre-de-bruyere/magnolia/43401-magnolia.html
34243-40129;899484;144;20170119;https://www.jardiland.com/plantes/arbres-et-arbustes-d-ornement/plantes-de-terre-de-bruyere/loropetalum/34243-loropetale-de-chine.html
34197-23508;719596;144;20170119;https://www.jardiland.com/plantes/arbres-et-arbustes-d-ornement/plantes-de-terre-de-bruyere/hortensia/34197-hortensia-a-grandes-feuilles.html
34207-17468;589613;144;20170119;https://www.jardiland.com/plantes/arbres-et-arbustes-d-ornement/plantes-de-terre-de-bruyere/hortensia/34207-hortensia-a-feuilles-de-chene.html
34176-17425;589463;144;20170119;https://www.jardiland.com/plantes/arbres-et-arbustes-d-ornement/plantes-de-terre-de-bruyere/hortensia/34176-hortensia-primeur.html
34169-17364;589289;144;20170119;https://www.jardiland.com/plantes/arbres-et-arbustes-d-ornement/plantes-de-terre-de-bruyere/hortensia/34169-hortensia-schone-bautznerin-red-baron.html
41567-15959;579162;144;20170119;https://www.jardiland.com/plantes/arbres-et-arbustes-d-ornement/plantes-de-terre-de-bruyere/erable-du-japon/41567-erable-du-japon.html
41567-15956;579156;144;20170119;https://www.jardiland.com/plantes/arbres-et-arbustes-d-ornement/plantes-de-terre-de-bruyere/erable-du-japon/41567-erable-du-japon.html
41567-9412;1333601;144;20170119;https://www.jardiland.com/plantes/arbres-et-arbustes-d-ornement/plantes-de-terre-de-bruyere/erable-du-japon/41567-erable-du-japon.html
34097-8633;1281748;144;20170119;https://www.jardiland.com/plantes/arbres-et-arbustes-d-ornement/plantes-de-terre-de-bruyere/camelia/34097-camelia-transnokoensis.html
34101-58101;582054;144;20170119;https://www.jardiland.com/plantes/arbres-et-arbustes-d-ornement/plantes-de-terre-de-bruyere/camelia/34101-camelia-du-japon.html
34101-16207;582034;144;20170119;https://www.jardiland.com/plantes/arbres-et-arbustes-d-ornement/plantes-de-terre-de-bruyere/camelia/34101-camelia-du-japon.html
34101-6536;1019988;144;20170119;https://www.jardiland.com/plantes/arbres-et-arbustes-d-ornement/plantes-de-terre-de-bruyere/camelia/34101-camelia-du-japon.html
36126-21918;670286;144;20170119;https://www.jardiland.com/plantes/arbres-et-arbustes-d-ornement/plantes-de-terre-de-bruyere/bruyere-calluna/36126-calluna-vulgaris.html
36126-16202;581949;144;20170119;https://www.jardiland.com/plantes/arbres-et-arbustes-d-ornement/plantes-de-terre-de-bruyere/bruyere-calluna/36126-calluna-vulgaris.html
36138-16223;587170;144;20170119;https://www.jardiland.com/plantes/arbres-et-arbustes-d-ornement/plantes-de-terre-de-bruyere/bruyere-erica/36138-bruyere-veitchii-pink-joy.html
57260-57116;1472187;144;20170119;https://www.jardiland.com/plantes/arbres-et-arbustes-d-ornement/plantes-de-terre-de-bruyere/nandina/57260-bambou-sacre-twilight.html
34267-18014;593150;144;20170119;https://www.jardiland.com/plantes/arbres-et-arbustes-d-ornement/plantes-de-terre-de-bruyere/nandina/34267-bambou-sacre.html
34062-42798;580038;144;20170119;https://www.jardiland.com/plantes/arbres-et-arbustes-d-ornement/plantes-de-terre-de-bruyere/azalee/34062-azalee-japonaise.html
34062-37876;1249873;144;20170119;https://www.jardiland.com/plantes/arbres-et-arbustes-d-ornement/plantes-de-terre-de-bruyere/azalee/34062-azalee-japonaise.html
34062-16073;580056;144;20170119;https://www.jardiland.com/plantes/arbres-et-arbustes-d-ornement/plantes-de-terre-de-bruyere/azalee/34062-azalee-japonaise.html
34672-28295;902813;144;20170119;https://www.jardiland.com/plantes/arbres-et-arbustes-d-ornement/plantes-mediterraneennes/autres-plantes-mediterraneennes/34672-troene-du-japon-texanum.html
34699-21547;651307;144;20170119;https://www.jardiland.com/plantes/arbres-et-arbustes-d-ornement/plantes-mediterraneennes/autres-plantes-mediterraneennes/34699-sauge-microphylla.html
34747-26842;864527;144;20170119;https://www.jardiland.com/plantes/arbres-et-arbustes-d-ornement/plantes-mediterraneennes/autres-plantes-mediterraneennes/34747-sauge-royal-bumble.html
34630-48523;1391547;144;20170119;https://www.jardiland.com/plantes/arbres-et-arbustes-d-ornement/plantes-mediterraneennes/autres-plantes-mediterraneennes/34630-rhaphiolepis-umbellata-var-ovata.html
34683-39688;809749;144;20170119;https://www.jardiland.com/plantes/arbres-et-arbustes-d-ornement/plantes-mediterraneennes/autres-plantes-mediterraneennes/34683-pittosporum-tobira-nanum.html
34681-60887;1362958;144;20170119;https://www.jardiland.com/plantes/arbres-et-arbustes-d-ornement/plantes-mediterraneennes/autres-plantes-mediterraneennes/34681-pittosporum-tenuifolium.html
34681-18494;596427;144;20170119;https://www.jardiland.com/plantes/arbres-et-arbustes-d-ornement/plantes-mediterraneennes/autres-plantes-mediterraneennes/34681-pittosporum-tenuifolium.html
34816-44499;595022;144;20170119;https://www.jardiland.com/plantes/arbres-et-arbustes-d-ornement/plantes-mediterraneennes/palmiers/34816-phormium-tenax-variegatum.html
34635-23856;731016;144;20170119;https://www.jardiland.com/plantes/arbres-et-arbustes-d-ornement/plantes-mediterraneennes/autres-plantes-mediterraneennes/34635-phlomis-fruticosa.html
34642-49118;591271;144;20170119;https://www.jardiland.com/plantes/arbres-et-arbustes-d-ornement/plantes-mediterraneennes/autres-plantes-mediterraneennes/34642-lilas-des-indes-rose.html
34659-17675;590970;144;20170119;https://www.jardiland.com/plantes/arbres-et-arbustes-d-ornement/plantes-mediterraneennes/autres-plantes-mediterraneennes/34659-lilas-des-indes-red-imperator-r.html
34626-17253;588324;144;20170119;https://www.jardiland.com/plantes/arbres-et-arbustes-d-ornement/plantes-mediterraneennes/autres-plantes-mediterraneennes/34626-griselinia-littoralis.html
34760-28707;920005;144;20170119;https://www.jardiland.com/plantes/arbres-et-arbustes-d-ornement/plantes-mediterraneennes/autres-plantes-mediterraneennes/34760-grevillea-lanigera-mount-tamboritha.html
34760-27646;877602;144;20170119;https://www.jardiland.com/plantes/arbres-et-arbustes-d-ornement/plantes-mediterraneennes/autres-plantes-mediterraneennes/34760-grevillea-lanigera-mount-tamboritha.html
34622-26501;849104;144;20170119;https://www.jardiland.com/plantes/arbres-et-arbustes-d-ornement/plantes-mediterraneennes/autres-plantes-mediterraneennes/34622-fremontodendron-californicum.html
34841-56175;912987;144;20170119;https://www.jardiland.com/plantes/arbres-et-arbustes-d-ornement/plantes-mediterraneennes/palmiers/34841-dasylirion-serratifolium.html
34809-24376;746342;144;20170119;https://www.jardiland.com/plantes/arbres-et-arbustes-d-ornement/plantes-mediterraneennes/palmiers/34809-cordyline-australis.html
34745-43730;1349044;144;20170119;https://www.jardiland.com/plantes/arbres-et-arbustes-d-ornement/plantes-mediterraneennes/autres-plantes-mediterraneennes/34745-bougainvillier-varie.html
34745-28015;889810;144;20170119;https://www.jardiland.com/plantes/arbres-et-arbustes-d-ornement/plantes-mediterraneennes/autres-plantes-mediterraneennes/34745-bougainvillier-varie.html
34560-16038;579923;144;20170119;https://www.jardiland.com/plantes/arbres-et-arbustes-d-ornement/plantes-mediterraneennes/autres-plantes-mediterraneennes/34560-arbousier-rubra.html
34585-16032;579891;144;20170119;https://www.jardiland.com/plantes/arbres-et-arbustes-d-ornement/plantes-mediterraneennes/autres-plantes-mediterraneennes/34585-arbousier.html
34610-22949;692842;144;20170119;https://www.jardiland.com/plantes/arbres-et-arbustes-d-ornement/plantes-mediterraneennes/autres-plantes-mediterraneennes/34610-aralia-du-japon.html
33790-25412;818021;144;20170119;https://www.jardiland.com/plantes/arbres-et-arbustes-d-ornement/arbres-et-arbustes/weigelia/33790-weigela-florida-purpurea.html
33582-18791;597918;144;20170119;https://www.jardiland.com/plantes/arbres-et-arbustes-d-ornement/arbres-et-arbustes/prunus/33582-prunus-serrulata-kanzan.html
33580-22356;675689;144;20170119;https://www.jardiland.com/plantes/arbres-et-arbustes-d-ornement/arbres-et-arbustes/prunus/33580-prunus-incisa-kojo-no-nai.html
33525-51197;1305298;144;20170119;https://www.jardiland.com/plantes/arbres-et-arbustes-d-ornement/arbres-et-arbustes/physocarpe/33525-physocarpus-opulifolius.html
33511-59079;1010841;144;20170119;https://www.jardiland.com/plantes/arbres-et-arbustes-d-ornement/arbres-et-arbustes/photinia/33511-photinia-x-fraseri-red-robin.html
33511-23171;719144;144;20170119;https://www.jardiland.com/plantes/arbres-et-arbustes-d-ornement/arbres-et-arbustes/photinia/33511-photinia-x-fraseri-red-robin.html
33511-22259;672791;144;20170119;https://www.jardiland.com/plantes/arbres-et-arbustes-d-ornement/arbres-et-arbustes/photinia/33511-photinia-x-fraseri-red-robin.html
33519-14334;1439578;144;20170119;https://www.jardiland.com/plantes/arbres-et-arbustes-d-ornement/arbres-et-arbustes/photinia/33519-photinia-x-fraseri-little-red-robin.html
57270-57157;1365832;144;20170119;https://www.jardiland.com/plantes/arbres-et-arbustes-d-ornement/arbres-et-arbustes/photinia/57270-photinia-x-fraseri-carre-rouge.html
57270-57154;1370610;144;20170119;https://www.jardiland.com/plantes/arbres-et-arbustes-d-ornement/arbres-et-arbustes/photinia/57270-photinia-x-fraseri-carre-rouge.html
33654-18218;594855;144;20170119;https://www.jardiland.com/plantes/arbres-et-arbustes-d-ornement/arbres-et-arbustes/seringat/33654-philadelphus-virginal.html
33708-28536;920117;144;20170119;https://www.jardiland.com/plantes/arbres-et-arbustes-d-ornement/arbres-et-arbustes/troene/33708-ligustrum-japonicum.html
33708-6373;1010691;144;20170119;https://www.jardiland.com/plantes/arbres-et-arbustes-d-ornement/arbres-et-arbustes/troene/33708-ligustrum-japonicum.html
33409-47663;752803;144;20170119;https://www.jardiland.com/plantes/arbres-et-arbustes-d-ornement/arbres-et-arbustes/lavatere/33409-lavatera-red-rum.html
33344-29672;952897;144;20170119;https://www.jardiland.com/plantes/arbres-et-arbustes-d-ornement/arbres-et-arbustes/houx/33344-ilex-crenata-fastigiata.html
33325-22100;662649;144;20170119;https://www.jardiland.com/plantes/arbres-et-arbustes-d-ornement/arbres-et-arbustes/hibiscus/33325-hibiscus-syriacus-marina.html
33332-45640;670852;144;20170119;https://www.jardiland.com/plantes/arbres-et-arbustes-d-ornement/arbres-et-arbustes/hibiscus/33332-hibiscus-syriacus.html
33332-26642;855428;144;20170119;https://www.jardiland.com/plantes/arbres-et-arbustes-d-ornement/arbres-et-arbustes/hibiscus/33332-hibiscus-syriacus.html
33332-26482;847919;144;20170119;https://www.jardiland.com/plantes/arbres-et-arbustes-d-ornement/arbres-et-arbustes/hibiscus/33332-hibiscus-syriacus.html
33332-12042;1376127;144;20170119;https://www.jardiland.com/plantes/arbres-et-arbustes-d-ornement/arbres-et-arbustes/hibiscus/33332-hibiscus-syriacus.html
33231-13716;1408939;144;20170119;https://www.jardiland.com/plantes/arbres-et-arbustes-d-ornement/arbres-et-arbustes/forsythia/33231-forsythia-maree-d-orr-courtasol-pbr.html
33227-16837;587940;144;20170119;https://www.jardiland.com/plantes/arbres-et-arbustes-d-ornement/arbres-et-arbustes/forsythia/33227-forsythia-lynwood.html
33270-30277;971056;144;20170119;https://www.jardiland.com/plantes/arbres-et-arbustes-d-ornement/arbres-et-arbustes/fusain/33270-euonymus-japonicus-medio-pictus.html
41528-22693;686222;144;20170119;https://www.jardiland.com/plantes/arbres-et-arbustes-d-ornement/arbres-et-arbustes/fusain/41528-euonymus-japonicus.html
41528-17121;587659;144;20170119;https://www.jardiland.com/plantes/arbres-et-arbustes-d-ornement/arbres-et-arbustes/fusain/41528-euonymus-japonicus.html
33243-60811;833572;144;20170119;https://www.jardiland.com/plantes/arbres-et-arbustes-d-ornement/arbres-et-arbustes/fusain/33243-euonymus-fortunei-blondyr-interbolwi-pbr.html
33247-17071;587453;144;20170119;https://www.jardiland.com/plantes/arbres-et-arbustes-d-ornement/arbres-et-arbustes/fusain/33247-euonymus-fortunei-harlequin.html
33190-11257;1362911;144;20170119;https://www.jardiland.com/plantes/arbres-et-arbustes-d-ornement/arbres-et-arbustes/erable/33190-erable-champetre.html
32991-30906;992062;144;20170119;https://www.jardiland.com/plantes/arbres-et-arbustes-d-ornement/arbres-et-arbustes/autres-arbres-et-arbustes/32991-edgeworthia-chrysantha.html
33165-24284;742348;144;20170119;https://www.jardiland.com/plantes/arbres-et-arbustes-d-ornement/arbres-et-arbustes/deutzia/33165-deutzia-x-magnifica.html
33165-16928;586872;144;20170119;https://www.jardiland.com/plantes/arbres-et-arbustes-d-ornement/arbres-et-arbustes/deutzia/33165-deutzia-x-magnifica.html
33162-16920;586834;144;20170119;https://www.jardiland.com/plantes/arbres-et-arbustes-d-ornement/arbres-et-arbustes/deutzia/33162-deutzia-x-hybrida-mont-rose.html
33166-16614;586879;144;20170119;https://www.jardiland.com/plantes/arbres-et-arbustes-d-ornement/arbres-et-arbustes/deutzia/33166-deutzia-purpurascens-kalmiiflora.html
33290-16891;586756;144;20170119;https://www.jardiland.com/plantes/arbres-et-arbustes-d-ornement/arbres-et-arbustes/genet/33290-cytisus-scoparius-vanesse.html
33128-9980;1342415;144;20170119;https://www.jardiland.com/plantes/arbres-et-arbustes-d-ornement/arbres-et-arbustes/cornouiller/33128-cornouiller-a-fleurs-rainbow.html
33102-16492;583951;144;20170119;https://www.jardiland.com/plantes/arbres-et-arbustes-d-ornement/arbres-et-arbustes/cognassier-du-japon/33102-cognassier-a-fleurs-rubra.html
33487-26494;848374;144;20170119;https://www.jardiland.com/plantes/arbres-et-arbustes-d-ornement/arbres-et-arbustes/oranger-du-mexique/33487-choisya-aztec-pearl.html
33483-11685;1371714;144;20170119;https://www.jardiland.com/plantes/arbres-et-arbustes-d-ornement/arbres-et-arbustes/oranger-du-mexique/33483-choisya-aztec-gold.html
33082-12450;1388793;144;20170119;https://www.jardiland.com/plantes/arbres-et-arbustes-d-ornement/arbres-et-arbustes/charme/33082-charme-commun-truffier.html
33071-24610;753457;144;20170119;https://www.jardiland.com/plantes/arbres-et-arbustes-d-ornement/arbres-et-arbustes/ceanothe/33071-ceanothus-autumnal-blue.html
32972-49009;581963;144;20170119;https://www.jardiland.com/plantes/arbres-et-arbustes-d-ornement/arbres-et-arbustes/autres-arbres-et-arbustes/32972-calycanthus-floridus.html
32972-12447;1402783;144;20170119;https://www.jardiland.com/plantes/arbres-et-arbustes-d-ornement/arbres-et-arbustes/autres-arbres-et-arbustes/32972-calycanthus-floridus.html
33014-11392;1366020;144;20170119;https://www.jardiland.com/plantes/arbres-et-arbustes-d-ornement/arbres-et-arbustes/berberis/33014-berberis-thunbergii.html
32952-28773;921280;144;20170119;https://www.jardiland.com/plantes/arbres-et-arbustes-d-ornement/arbres-et-arbustes/arbre-de-judee/32952-arbre-de-judee-avondale.html
32948-16394;583582;144;20170119;https://www.jardiland.com/plantes/arbres-et-arbustes-d-ornement/arbres-et-arbustes/arbre-caramel/32948-arbre-caramel.html
32931-11404;1367315;144;20170119;https://www.jardiland.com/plantes/arbres-et-arbustes-d-ornement/arbres-et-arbustes/abelia/32931-abelia-x-grandiflora-kaleidoscope.html
32932-38150;1362934;144;20170119;https://www.jardiland.com/plantes/arbres-et-arbustes-d-ornement/arbres-et-arbustes/abelia/32932-abelia-x-grandiflora-compacta.html
