ID_WEB;ID_JDN;CODEMAG;DATE_ASPI;URLPRODUIT
67597-67597;1477638;11;20170123;https://www.jardiland.com/maison-deco/beaute-bien-tre/accessoires/coffret/67597-duo-mini-bqt-brins-noir-rose-verveine.html
67576-67576;1477659;11;20170123;https://www.jardiland.com/maison-deco/beaute-bien-tre/accessoires/coffret/67576-duo-mini-bqt-brins-noir-rose-paris-chic.html
67598-67598;1477637;11;20170123;https://www.jardiland.com/maison-deco/beaute-bien-tre/accessoires/coffret/67598-duo-mini-bqt-brins-noir-rose-orange-can.html
67587-67587;1477648;11;20170123;https://www.jardiland.com/maison-deco/beaute-bien-tre/accessoires/coffret/67587-coffret-satin-givre.html
67582-67582;1477653;11;20170123;https://www.jardiland.com/maison-deco/beaute-bien-tre/accessoires/coffret/67582-bouquet-parfume-anti-odeur-tabac.html
67581-67581;1477654;11;20170123;https://www.jardiland.com/maison-deco/beaute-bien-tre/accessoires/coffret/67581-bouquet-parfume-anti-odeur-salle-d-eau.html
67584-67584;1477651;11;20170123;https://www.jardiland.com/maison-deco/beaute-bien-tre/accessoires/coffret/67584-bouquet-parfume-anti-odeur-cuisine.html
67583-67583;1477652;11;20170123;https://www.jardiland.com/maison-deco/beaute-bien-tre/accessoires/coffret/67583-bouquet-parfume-anti-odeur-animaux.html
71236-71236;1321777;11;20170123;https://www.jardiland.com/maison-deco/beaute-bien-tre/cosmetiques/savon/71236-savon-rond-au-lait-d-aloe-vera.html
68720-68720;1443305;11;20170123;https://www.jardiland.com/maison-deco/beaute-bien-tre/cosmetiques/savon/68720-savon-100gr-bm-nos-douces-pensees.html
68185-68185;1463873;11;20170123;https://www.jardiland.com/maison-deco/epicerie-fine/epicerie-sucree/miel-et-derive/68185-tartinable-190g.html
68764-68764;1441034;11;20170123;https://www.jardiland.com/maison-deco/epicerie-fine/epicerie-sucree/confiserie/68764-sachet-mini-nougat-assortis.html
68761-68761;1441042;11;20170123;https://www.jardiland.com/maison-deco/epicerie-fine/epicerie-sucree/confiserie/68761-mug-mini-nougat-amande-patisserie.html
68762-68762;1441040;11;20170123;https://www.jardiland.com/maison-deco/epicerie-fine/epicerie-sucree/confiserie/68762-mug-mini-nougat-amande-gourmand.html
68763-68763;1441039;11;20170123;https://www.jardiland.com/maison-deco/epicerie-fine/epicerie-sucree/confiserie/68763-mug-mini-nougat-amande-croissant.html
71523-71523;1280732;11;20170123;https://www.jardiland.com/maison-deco/epicerie-fine/epicerie-salee/huile-et-vinaigre/71523-spray-souple-vinaigrette-ho-vb-250-ml.html
71172-71172;1333692;11;20170123;https://www.jardiland.com/maison-deco/epicerie-fine/epicerie-salee/huile-et-vinaigre/71172-spray-souple-vinaigre-balsamique-bio.html
71170-71170;1333709;11;20170123;https://www.jardiland.com/maison-deco/epicerie-fine/epicerie-salee/huile-et-vinaigre/71170-spray-souple-huile-olive-extra-v-bio.html
71524-71524;1280714;11;20170123;https://www.jardiland.com/maison-deco/epicerie-fine/epicerie-salee/huile-et-vinaigre/71524-spray-souple-huile-o-250-ml-citron.html
68797-68797;1439417;11;20170123;https://www.jardiland.com/maison-deco/art-de-la-table/linge-de-table/autres-textiles-de-cuisine/68797-torchon-70x50cm-nain-connu.html
68800-68800;1439412;11;20170123;https://www.jardiland.com/maison-deco/art-de-la-table/linge-de-table/autres-textiles-de-cuisine/68800-tablier-nainconnu.html
69678-69678;1432050;11;20170123;https://www.jardiland.com/maison-deco/art-de-la-table/linge-de-table/set-de-table/69678-set-de-table-vert-33x48cm.html
69661-69661;1432067;11;20170123;https://www.jardiland.com/maison-deco/art-de-la-table/linge-de-table/set-de-table/69661-set-de-table-uni-vert-33x48cm.html
69659-69659;1432069;11;20170123;https://www.jardiland.com/maison-deco/art-de-la-table/linge-de-table/set-de-table/69659-set-de-table-uni-taupe-33x48cm.html
69658-69658;1432070;11;20170123;https://www.jardiland.com/maison-deco/art-de-la-table/linge-de-table/set-de-table/69658-set-de-table-uni-orange-33x48cm.html
69676-69676;1432052;11;20170123;https://www.jardiland.com/maison-deco/art-de-la-table/linge-de-table/set-de-table/69676-set-de-table-orange-33x48cm.html
69677-69677;1432051;11;20170123;https://www.jardiland.com/maison-deco/art-de-la-table/linge-de-table/set-de-table/69677-set-de-table-gris-33x48cm.html
69682-69682;1432046;11;20170123;https://www.jardiland.com/maison-deco/art-de-la-table/linge-de-table/autres-textiles-de-cuisine/69682-pack-de-2-torchons-vert.html
69232-69232;1432088;11;20170123;https://www.jardiland.com/maison-deco/art-de-la-table/linge-de-table/autres-textiles-de-cuisine/69232-pack-de-2-torchons-orange.html
69231-69231;1432089;11;20170123;https://www.jardiland.com/maison-deco/art-de-la-table/linge-de-table/autres-textiles-de-cuisine/69231-pack-de-2-torchons-gis.html
69680-69680;1432048;11;20170123;https://www.jardiland.com/maison-deco/art-de-la-table/linge-de-table/chemin-de-table/69680-chemin-de-table-vert-40x140cm.html
69664-69664;1432064;11;20170123;https://www.jardiland.com/maison-deco/art-de-la-table/linge-de-table/chemin-de-table/69664-chemin-de-table-uni-vert-40x140cm.html
69662-69662;1432066;11;20170123;https://www.jardiland.com/maison-deco/art-de-la-table/linge-de-table/chemin-de-table/69662-chemin-de-table-uni-taupe-40x140cm.html
69663-69663;1432065;11;20170123;https://www.jardiland.com/maison-deco/art-de-la-table/linge-de-table/chemin-de-table/69663-chemin-de-table-uni-orange-40x140cm.html
69665-69665;1432063;11;20170123;https://www.jardiland.com/maison-deco/art-de-la-table/linge-de-table/chemin-de-table/69665-chemin-de-table-uni-gris-40x140cm.html
69255-69255;1430959;11;20170123;https://www.jardiland.com/maison-deco/art-de-la-table/vaisselle/verre/69255-verre-sur-pied-martele-transparent.html
69256-69256;1430958;11;20170123;https://www.jardiland.com/maison-deco/art-de-la-table/vaisselle/verre/69256-verre-haut-martele-transparent.html
68795-68795;1439421;11;20170123;https://www.jardiland.com/maison-deco/art-de-la-table/vaisselle/verre/68795-verre-haut-maison-du-bonheur.html
68392-68392;1457234;11;20170123;https://www.jardiland.com/maison-deco/art-de-la-table/vaisselle/verre/68392-verre-haut-cocotte.html
68802-68802;1439406;11;20170123;https://www.jardiland.com/maison-deco/art-de-la-table/vaisselle/plateau-presentoir-et-set/68802-set-de-table-pvc-44x29-maison-bonheur.html
68389-68389;1457245;11;20170123;https://www.jardiland.com/maison-deco/art-de-la-table/vaisselle/plat-de-service/68389-set-couvert-cocotte.html
68803-68803;1439405;11;20170123;https://www.jardiland.com/maison-deco/art-de-la-table/vaisselle/plat-de-service/68803-sel-poivre-nainconnu.html
68385-68385;1457257;11;20170123;https://www.jardiland.com/maison-deco/art-de-la-table/vaisselle/plat-de-service/68385-sel-poivre-cocotte.html
68398-68398;1457224;11;20170123;https://www.jardiland.com/maison-deco/art-de-la-table/vaisselle/plat-de-service/68398-saladier-mel-25-teo-jardinier.html
68390-68390;1457242;11;20170123;https://www.jardiland.com/maison-deco/art-de-la-table/vaisselle/plateau-presentoir-et-set/68390-plateau-mel-50cm-cocotte.html
68806-68806;1439396;11;20170123;https://www.jardiland.com/maison-deco/art-de-la-table/vaisselle/plateau-presentoir-et-set/68806-plateau-27x22-nainconnu.html
68789-68789;1439458;11;20170123;https://www.jardiland.com/maison-deco/art-de-la-table/vaisselle/plat-de-service/68789-pelle-tarte-maison-bonheur.html
70648-70648;1386804;11;20170123;https://www.jardiland.com/maison-deco/art-de-la-table/vaisselle/plat-de-service/70648-pelle-tarte-chat-toit.html
68634-68634;1454294;11;20170123;https://www.jardiland.com/maison-deco/art-de-la-table/vaisselle/tasse-bol-et-mug/68634-mug-piko-d8xh11cm-vert.html
68409-68409;1457205;11;20170123;https://www.jardiland.com/maison-deco/art-de-la-table/vaisselle/plateau-presentoir-et-set/68409-mini-plateau21x14-nainconn-jau.html
68791-68791;1439449;11;20170123;https://www.jardiland.com/maison-deco/art-de-la-table/vaisselle/plateau-presentoir-et-set/68791-mini-plateau21x14-maison-bonhr.html
68402-68402;1457213;11;20170123;https://www.jardiland.com/maison-deco/art-de-la-table/vaisselle/tasse-bol-et-mug/68402-mini-mug-nainconnu-jaune.html
68793-68793;1439445;11;20170123;https://www.jardiland.com/maison-deco/art-de-la-table/vaisselle/tasse-bol-et-mug/68793-memofrigo-27x27-form-nainconnu.html
69257-69257;1430956;11;20170123;https://www.jardiland.com/maison-deco/art-de-la-table/vaisselle/couvert/69257-couverts-a-salade-blanc.html
70602-70602;1392248;11;20170123;https://www.jardiland.com/maison-deco/art-de-la-table/vaisselle/tasse-bol-et-mug/70602-coffret-tasse-a-the-sous-tasse-charlie.html
70603-70603;1392243;11;20170123;https://www.jardiland.com/maison-deco/art-de-la-table/vaisselle/tasse-bol-et-mug/70603-coffret-dejeuner-charlie.html
68635-68635;1454293;11;20170123;https://www.jardiland.com/maison-deco/art-de-la-table/vaisselle/tasse-bol-et-mug/68635-bol-piko-d14cm-vert.html
68799-68799;1439414;11;20170123;https://www.jardiland.com/maison-deco/art-de-la-table/vaisselle/tasse-bol-et-mug/68799-bol-melam-14cm-maison-bonheur.html
68388-68388;1457246;11;20170123;https://www.jardiland.com/maison-deco/art-de-la-table/vaisselle/tasse-bol-et-mug/68388-bol-melam-14cm-cocotte.html
69253-69253;1430975;11;20170123;https://www.jardiland.com/maison-deco/art-de-la-table/vaisselle/tasse-bol-et-mug/69253-bol-martele-gris-d15-2cm.html
69252-69252;1430976;11;20170123;https://www.jardiland.com/maison-deco/art-de-la-table/vaisselle/tasse-bol-et-mug/69252-bol-martele-blanc-d15-2cm.html
69254-69254;1430966;11;20170123;https://www.jardiland.com/maison-deco/art-de-la-table/vaisselle/tasse-bol-et-mug/69254-bol-bi-couleur-d14-2cm.html
68700-68700;1444114;11;20170123;https://www.jardiland.com/maison-deco/art-de-la-table/vaisselle/autres/68700-boite-couteau-a-champignon-n-08-1.html
68401-68401;1457217;11;20170123;https://www.jardiland.com/maison-deco/art-de-la-table/vaisselle/assiette/68401-assiett-mela20cm-teo-jardinier.html
68391-68391;1457240;11;20170123;https://www.jardiland.com/maison-deco/art-de-la-table/vaisselle/assiette/68391-assiett-mela20cm-cocotte.html
69060-69060;1433162;11;20170123;https://www.jardiland.com/maison-deco/cache-pot-d-interieur/cache-pot-simple/contenant-en-metal/69060-seau-en-zinc-vert-et-blanc-2ast.html
69061-69061;1433161;11;20170123;https://www.jardiland.com/maison-deco/cache-pot-d-interieur/cache-pot-simple/contenant-en-metal/69061-seau-en-zinc-corail-et-blanc-2ast.html
70655-70655;1386074;11;20170123;https://www.jardiland.com/maison-deco/cache-pot-d-interieur/cache-pot-simple/pot-special-bonsai/70655-scpe-pot-bonzai-ovale-bleu-l15xl11cm.html
69162-69162;1433008;11;20170123;https://www.jardiland.com/maison-deco/cache-pot-d-interieur/cache-pot-simple/contenant-en-metal/69162-pots-zinc-x4-s-plateau-gris-46x12x10cm.html
69046-69046;1433179;11;20170123;https://www.jardiland.com/maison-deco/cache-pot-d-interieur/cache-pot-simple/contenant-en-metal/69046-pots-zinc-x3-s-plateau-corail-36x10x10cm.html
69059-69059;1433164;11;20170123;https://www.jardiland.com/maison-deco/cache-pot-d-interieur/cache-pot-simple/contenant-en-metal/69059-pot-zinc-gris-pissenlit-d18xh14-1.html
71795-71795;1232999;11;20170123;https://www.jardiland.com/maison-deco/cache-pot-d-interieur/cache-pot-simple/pot-special-bonsai/71795-pot-bonzai-rectangle-21x12x8-noir.html
70469-70469;1395523;11;20170123;https://www.jardiland.com/maison-deco/cache-pot-d-interieur/cache-pot-simple/vannerie/70469-panier-rond-jacinthe-clair-d38-x-h32-1.html
70470-70470;1395522;11;20170123;https://www.jardiland.com/maison-deco/cache-pot-d-interieur/cache-pot-simple/vannerie/70470-panier-rond-jacinthe-clair-d32-x-h27-1.html
70471-70471;1395521;11;20170123;https://www.jardiland.com/maison-deco/cache-pot-d-interieur/cache-pot-simple/vannerie/70471-panier-rond-jacinthe-clair-d26-x-h21-1.html
70465-70465;1395527;11;20170123;https://www.jardiland.com/maison-deco/cache-pot-d-interieur/cache-pot-simple/vannerie/70465-panier-rond-en-jacinthe-d38-x-h32-1.html
70466-70466;1395526;11;20170123;https://www.jardiland.com/maison-deco/cache-pot-d-interieur/cache-pot-simple/vannerie/70466-panier-rond-en-jacinthe-d32-x-h27-1.html
70468-70468;1395524;11;20170123;https://www.jardiland.com/maison-deco/cache-pot-d-interieur/cache-pot-simple/vannerie/70468-panier-rond-en-jacinthe-d26-x-h21-1.html
70472-70472;1395520;11;20170123;https://www.jardiland.com/maison-deco/cache-pot-d-interieur/cache-pot-simple/vannerie/70472-panier-rond-clair-jacinthe-d38-x-h32-1.html
70473-70473;1395519;11;20170123;https://www.jardiland.com/maison-deco/cache-pot-d-interieur/cache-pot-simple/vannerie/70473-panier-rond-clair-jacinthe-d32-x-h27-1.html
70474-70474;1395518;11;20170123;https://www.jardiland.com/maison-deco/cache-pot-d-interieur/cache-pot-simple/vannerie/70474-panier-rond-clair-jacinthe-d26-x-h21-1.html
70476-70476;1395516;11;20170123;https://www.jardiland.com/maison-deco/cache-pot-d-interieur/cache-pot-simple/vannerie/70476-cache-pot-rond-jacinthe-d38-x-h32-1.html
70477-70477;1395515;11;20170123;https://www.jardiland.com/maison-deco/cache-pot-d-interieur/cache-pot-simple/vannerie/70477-cache-pot-rond-jacinthe-d32-x-h27-1.html
70478-70478;1395514;11;20170123;https://www.jardiland.com/maison-deco/cache-pot-d-interieur/cache-pot-simple/vannerie/70478-cache-pot-rond-jacinthe-d26-x-h21-1.html
70479-70479;1395513;11;20170123;https://www.jardiland.com/maison-deco/cache-pot-d-interieur/cache-pot-simple/vannerie/70479-cache-pot-clair-carre-jacinthe-38x38x32-1.html
70480-70480;1395512;11;20170123;https://www.jardiland.com/maison-deco/cache-pot-d-interieur/cache-pot-simple/vannerie/70480-cache-pot-clair-carre-jacinthe-32x32x27-1.html
70481-70481;1395511;11;20170123;https://www.jardiland.com/maison-deco/cache-pot-d-interieur/cache-pot-simple/vannerie/70481-cache-pot-clair-carre-jacinthe-26x26x21-1.html
70482-70482;1395510;11;20170123;https://www.jardiland.com/maison-deco/cache-pot-d-interieur/cache-pot-simple/vannerie/70482-cache-pot-carre-jacinthe-38x38x32-1.html
70483-70483;1395509;11;20170123;https://www.jardiland.com/maison-deco/cache-pot-d-interieur/cache-pot-simple/vannerie/70483-cache-pot-carre-jacinthe-32x32x27-1.html
70485-70485;1395507;11;20170123;https://www.jardiland.com/maison-deco/cache-pot-d-interieur/cache-pot-simple/vannerie/70485-cache-pot-carre-jacinthe-26x26x21-1.html
70459-70459;1395533;11;20170123;https://www.jardiland.com/maison-deco/cache-pot-d-interieur/cache-pot-simple/vannerie/70459-cache-pot-bambou-rond-d29-x-h31-1.html
70460-70460;1395532;11;20170123;https://www.jardiland.com/maison-deco/cache-pot-d-interieur/cache-pot-simple/vannerie/70460-cache-pot-bambou-rond-d24-x-h25-1.html
70455-70455;1395538;11;20170123;https://www.jardiland.com/maison-deco/cache-pot-d-interieur/cache-pot-simple/vannerie/70455-cache-pot-bambou-rectangulaire-43x43x17-1.html
70456-70456;1395537;11;20170123;https://www.jardiland.com/maison-deco/cache-pot-d-interieur/cache-pot-simple/vannerie/70456-cache-pot-bambou-rectangulaire-35x35x14-1.html
70457-70457;1395536;11;20170123;https://www.jardiland.com/maison-deco/cache-pot-d-interieur/cache-pot-simple/vannerie/70457-cache-pot-bambou-rectangulaire-27x27x11-1.html
70461-70461;1395531;11;20170123;https://www.jardiland.com/maison-deco/cache-pot-d-interieur/cache-pot-simple/vannerie/70461-cache-pot-bambou-carre-d37-x-h37-1.html
70462-70462;1395530;11;20170123;https://www.jardiland.com/maison-deco/cache-pot-d-interieur/cache-pot-simple/vannerie/70462-cache-pot-bambou-carre-d31-x-h31-1.html
70463-70463;1395529;11;20170123;https://www.jardiland.com/maison-deco/cache-pot-d-interieur/cache-pot-simple/vannerie/70463-cache-pot-bambou-carre-d26x26-1.html
67656-67656;1474578;11;20170123;https://www.jardiland.com/maison-deco/cache-pot-d-interieur/cache-pot-simple/ceramique/67656-a4-pot-pdq-nessa-h6-5d7-terra-taupe.html
70700-70700;1378800;11;20170123;https://www.jardiland.com/maison-deco/hygiene-de-la-maison/70700-savon-d-ecole-200gr.html
70701-70701;1378790;11;20170123;https://www.jardiland.com/maison-deco/hygiene-de-la-maison/70701-pot-a-recettes-500ml.html
68347-68347;1459154;11;20170123;https://www.jardiland.com/maison-deco/librairie-papeterie/librairie/livre-jardin/68347-tomates.html
68845-68845;1438013;11;20170123;https://www.jardiland.com/maison-deco/librairie-papeterie/librairie/livre-cuisine-et-vin/68845-soupes-de-sophie-80-recettes.html
69417-69417;1423316;11;20170123;https://www.jardiland.com/maison-deco/librairie-papeterie/librairie/livre-jardin/69417-roses-les-meilleures-varietes.html
68357-68357;1459144;11;20170123;https://www.jardiland.com/maison-deco/librairie-papeterie/librairie/livre-jardin/68357-que-planter-en-terre-argileuse.html
69421-69421;1423311;11;20170123;https://www.jardiland.com/maison-deco/librairie-papeterie/librairie/livre-jardin/69421-purins-d-orties-et-extraits-vegetaux.html
69423-69423;1423309;11;20170123;https://www.jardiland.com/maison-deco/librairie-papeterie/librairie/livre-jardin/69423-plantes-sauvages-comestibles-et-toxiques.html
69420-69420;1423313;11;20170123;https://www.jardiland.com/maison-deco/librairie-papeterie/librairie/livre-jardin/69420-piegeage-traditionnel-des-taupes.html
72058-72058;1010768;11;20170123;https://www.jardiland.com/maison-deco/librairie-papeterie/librairie/livre-jardin/72058-orchidees-mini.html
69427-69427;1423303;11;20170123;https://www.jardiland.com/maison-deco/librairie-papeterie/librairie/livre-jardin/69427-legumes-express.html
68363-68363;1459138;11;20170123;https://www.jardiland.com/maison-deco/librairie-papeterie/librairie/livre-jardin/68363-kokedama-art-vegetal-japonais.html
68362-68362;1459139;11;20170123;https://www.jardiland.com/maison-deco/librairie-papeterie/librairie/livre-jardin/68362-jardiner-avec-5-plantes.html
68353-68353;1459148;11;20170123;https://www.jardiland.com/maison-deco/librairie-papeterie/librairie/livre-jardin/68353-histoire-des-jardins.html
68360-68360;1459141;11;20170123;https://www.jardiland.com/maison-deco/librairie-papeterie/librairie/livre-jardin/68360-guide-des-petits-elevages-au-jardin.html
68352-68352;1459149;11;20170123;https://www.jardiland.com/maison-deco/librairie-papeterie/librairie/livre-jardin/68352-guide-de-la-couleur-au-jardin.html
68844-68844;1438014;11;20170123;https://www.jardiland.com/maison-deco/librairie-papeterie/librairie/livre-cuisine-et-vin/68844-gateaux.html
69430-69430;1423300;11;20170123;https://www.jardiland.com/maison-deco/librairie-papeterie/librairie/livre-jardin/69430-faire-son-compost.html
65984-65984;992124;11;20170123;https://www.jardiland.com/maison-deco/librairie-papeterie/librairie/livre-jardin/65984-desherber-jardins-et-allees-2e-ed.html
70745-70745;1368156;11;20170123;https://www.jardiland.com/maison-deco/librairie-papeterie/librairie/livre-jardin/70745-creer-un-bassin-de-jardin.html
69434-69434;1423286;11;20170123;https://www.jardiland.com/maison-deco/librairie-papeterie/librairie/livre-brico-deco-loisir/69434-coffret-mandalas.html
70607-70607;1391828;11;20170123;https://www.jardiland.com/maison-deco/librairie-papeterie/papeterie/carte/70607-cartes-doubles-annee-formidable.html
65070-65070;995524;11;20170123;https://www.jardiland.com/maison-deco/librairie-papeterie/papeterie/carte/65070-carte-double-system-cards-3-1.html
65071-65071;995523;11;20170123;https://www.jardiland.com/maison-deco/librairie-papeterie/papeterie/carte/65071-carte-double-system-cards-2-1.html
65072-65072;995522;11;20170123;https://www.jardiland.com/maison-deco/librairie-papeterie/papeterie/carte/65072-carte-double-system-cards-1-1.html
68832-68832;1438026;11;20170123;https://www.jardiland.com/maison-deco/librairie-papeterie/librairie/livre-enfant/68832-assemble-et-decouvre-l-arche-de-noe.html
71893-71893;1226590;11;20170123;https://www.jardiland.com/maison-deco/librairie-papeterie/papeterie/carte/71893-aqua-cartes-spl-horizons-11x22-1.html
71894-71894;1226588;11;20170123;https://www.jardiland.com/maison-deco/librairie-papeterie/papeterie/carte/71894-aqua-cartes-spl-amalgame-13x14-1.html
60094-60094;1470424;11;20170123;https://www.jardiland.com/maison-deco/cheminee/accessoires-de-cheminee/accessoires/60094-gant-anti-chaleur-mano.html
67832-67832;1474027;11;20170123;https://www.jardiland.com/maison-deco/mobilier-d-interieur/67832-table-gigogne-gm.html
69208-69208;1432402;11;20170123;https://www.jardiland.com/maison-deco/mobilier-d-interieur/69208-plateau-sur-pied-50x50x54-5cm.html
68376-68376;1458370;11;20170123;https://www.jardiland.com/maison-deco/objets-de-decoration/autres-objets-de-decoration/paillasson-et-tapis/68376-tapis-imprime-marguerites.html
68798-68798;1439416;11;20170123;https://www.jardiland.com/maison-deco/objets-de-decoration/autres-objets-de-decoration/paillasson-et-tapis/68798-tapis-acrylique-43x63-nainconu.html
68386-68386;1457250;11;20170123;https://www.jardiland.com/maison-deco/objets-de-decoration/autres-objets-de-decoration/paillasson-et-tapis/68386-tapis-acrylique-43x63-cocotte.html
70494-70494;1395426;11;20170123;https://www.jardiland.com/maison-deco/objets-de-decoration/autres-objets-de-decoration/autres-objets-de-decoration/70494-support-plante-en-bois-55x19x41-1.html
70118-70118;1408835;11;20170123;https://www.jardiland.com/maison-deco/objets-de-decoration/autres-objets-de-decoration/autres-objets-de-decoration/70118-support-etoile-4-photophores-noir-gm.html
70119-70119;1408834;11;20170123;https://www.jardiland.com/maison-deco/objets-de-decoration/autres-objets-de-decoration/autres-objets-de-decoration/70119-support-etoile-2-photophores-noir-pm.html
69123-69123;1433088;11;20170123;https://www.jardiland.com/maison-deco/objets-de-decoration/autres-objets-de-decoration/autres-objets-de-decoration/69123-serre-metal-noir-grillage-40x20x40cm.html
69139-69139;1433044;11;20170123;https://www.jardiland.com/maison-deco/objets-de-decoration/autres-objets-de-decoration/autres-objets-de-decoration/69139-pot-a-suspendre-orange-d17x17cm.html
69138-69138;1433045;11;20170123;https://www.jardiland.com/maison-deco/objets-de-decoration/autres-objets-de-decoration/autres-objets-de-decoration/69138-pot-a-suspendre-jaune-d17x17cm.html
69136-69136;1433047;11;20170123;https://www.jardiland.com/maison-deco/objets-de-decoration/autres-objets-de-decoration/autres-objets-de-decoration/69136-pot-a-suspendre-gris-d17x17cm.html
69805-69805;1409985;11;20170123;https://www.jardiland.com/maison-deco/objets-de-decoration/autres-objets-de-decoration/autres-objets-de-decoration/69805-pot-a-suspendre-d5x4cm.html
69106-69106;1433107;11;20170123;https://www.jardiland.com/maison-deco/objets-de-decoration/autres-objets-de-decoration/autres-objets-de-decoration/69106-pomme-fibre-orange-d-15-h-17-cm.html
68577-68577;1454791;11;20170123;https://www.jardiland.com/maison-deco/objets-de-decoration/autres-objets-de-decoration/fruit-et-legume-artificiel/68577-pomme-couleur-marsala-7-5-cm.html
71145-71145;1337294;11;20170123;https://www.jardiland.com/maison-deco/objets-de-decoration/autres-objets-de-decoration/fruit-et-legume-artificiel/71145-pomme-7-5cm-vert-brill.html
69837-69837;1409938;11;20170123;https://www.jardiland.com/maison-deco/objets-de-decoration/autres-objets-de-decoration/plateau-et-serviteur/69837-plateau-en-bois-avec-metal-gm.html
71871-71871;1271518;11;20170123;https://www.jardiland.com/maison-deco/objets-de-decoration/autres-objets-de-decoration/autres-objets-de-decoration/71871-perroquets-modele-2-1.html
71870-71870;1271533;11;20170123;https://www.jardiland.com/maison-deco/objets-de-decoration/autres-objets-de-decoration/autres-objets-de-decoration/71870-papillons-8cm-sur-tige-modele-3-1.html
69857-69857;1409899;11;20170123;https://www.jardiland.com/maison-deco/objets-de-decoration/autres-objets-de-decoration/panier/69857-panieres-rectangulaires-pm.html
69856-69856;1409902;11;20170123;https://www.jardiland.com/maison-deco/objets-de-decoration/autres-objets-de-decoration/panier/69856-panieres-rectangulaires-gm.html
70877-70877;1395487;11;20170123;https://www.jardiland.com/maison-deco/objets-de-decoration/autres-objets-de-decoration/panier/70877-paniere-rose-avec-poignee-31x43-1.html
70489-70489;1395491;11;20170123;https://www.jardiland.com/maison-deco/objets-de-decoration/autres-objets-de-decoration/panier/70489-paniere-jaune-avec-poignee-26x37-1.html
69168-69168;1432769;11;20170123;https://www.jardiland.com/maison-deco/objets-de-decoration/autres-objets-de-decoration/panier/69168-panier-eclisse-gris-jute-t1-1.html
70545-70545;1394344;11;20170123;https://www.jardiland.com/maison-deco/objets-de-decoration/autres-objets-de-decoration/panier/70545-p-bourguignon-db-coton-t2-1.html
70546-70546;1394343;11;20170123;https://www.jardiland.com/maison-deco/objets-de-decoration/autres-objets-de-decoration/panier/70546-p-bourguignon-db-coton-t1-1.html
71873-71873;1271496;11;20170123;https://www.jardiland.com/maison-deco/objets-de-decoration/autres-objets-de-decoration/autres-objets-de-decoration/71873-oiseaux-12cm-sur-tige-modele-1-1.html
70834-70834;1355796;11;20170123;https://www.jardiland.com/maison-deco/objets-de-decoration/autres-objets-de-decoration/autres-objets-de-decoration/70834-oeuf-naturel-a-susp-6cm-blanc-x6-1.html
70517-70517;1395345;11;20170123;https://www.jardiland.com/maison-deco/objets-de-decoration/autres-objets-de-decoration/autres-objets-de-decoration/70517-etagere-en-bois-65x32-h82cm.html
71093-71093;1347532;11;20170123;https://www.jardiland.com/maison-deco/objets-de-decoration/autres-objets-de-decoration/panier/71093-corb-2a-os-brut-ass-cot-t2-1.html
71094-71094;1347494;11;20170123;https://www.jardiland.com/maison-deco/objets-de-decoration/autres-objets-de-decoration/panier/71094-corb-2a-os-brut-ass-cot-t1-1.html
69167-69167;1432771;11;20170123;https://www.jardiland.com/maison-deco/objets-de-decoration/autres-objets-de-decoration/panier/69167-corb-2a-ass-ecl-gris-jute.html
69339-69339;1429135;11;20170123;https://www.jardiland.com/maison-deco/objets-de-decoration/autres-objets-de-decoration/autres-objets-de-decoration/69339-cloche-verre-socle-gris-12-5x12-5x23-5-1.html
69338-69338;1429136;11;20170123;https://www.jardiland.com/maison-deco/objets-de-decoration/autres-objets-de-decoration/autres-objets-de-decoration/69338-cloche-verre-socle-gris-12-5x12-5x19-5-1.html
70204-70204;1408185;11;20170123;https://www.jardiland.com/maison-deco/objets-de-decoration/autres-objets-de-decoration/autres-objets-de-decoration/70204-cloche-verre-socle-ciment-26x26x27cm.html
68383-68383;1457262;11;20170123;https://www.jardiland.com/maison-deco/objets-de-decoration/autres-objets-de-decoration/sac/68383-cabas-gm-cocotte.html
70484-70484;1395508;11;20170123;https://www.jardiland.com/maison-deco/objets-de-decoration/figurines-et-peluches/figurine/70484-oiseau-vert-en-fibre-36x19x24-1.html
69144-69144;1433039;11;20170123;https://www.jardiland.com/maison-deco/objets-de-decoration/figurines-et-peluches/figurine/69144-oiseau-terracotta-9x11cm.html
70475-70475;1395517;11;20170123;https://www.jardiland.com/maison-deco/objets-de-decoration/figurines-et-peluches/figurine/70475-oiseau-noir-en-fibre-36x19x24-1.html
69235-69235;1432085;11;20170123;https://www.jardiland.com/maison-deco/objets-de-decoration/figurines-et-peluches/figurine/69235-oiseau-fil-tisse-33x8x14cm.html
69233-69233;1432087;11;20170123;https://www.jardiland.com/maison-deco/objets-de-decoration/figurines-et-peluches/figurine/69233-oiseau-fil-tisse-20x8x12cm.html
70467-70467;1395525;11;20170123;https://www.jardiland.com/maison-deco/objets-de-decoration/figurines-et-peluches/figurine/70467-oiseau-blanc-en-fibre-36x19x24-1.html
69143-69143;1433040;11;20170123;https://www.jardiland.com/maison-deco/objets-de-decoration/figurines-et-peluches/figurine/69143-hibou-ceramique-vert-15x14x20cm.html
69820-69820;1409966;11;20170123;https://www.jardiland.com/maison-deco/objets-de-decoration/figurines-et-peluches/figurine/69820-animaux-en-ceramique-blanc.html
68403-68403;1457212;11;20170123;https://www.jardiland.com/maison-deco/objets-de-decoration/rangement-boites-et-paniers/coffret-et-boite-de-rangement/68403-sac-6boutl-nain-connu.html
70765-70765;1367676;11;20170123;https://www.jardiland.com/maison-deco/objets-de-decoration/rangement-boites-et-paniers/coffret-et-boite-de-rangement/70765-parapluie-rouge-poids.html
70128-70128;1408825;11;20170123;https://www.jardiland.com/maison-deco/objets-de-decoration/rangement-boites-et-paniers/coffret-et-boite-de-rangement/70128-panier-grillage-noir-45x35x28-5cm.html
70127-70127;1408826;11;20170123;https://www.jardiland.com/maison-deco/objets-de-decoration/rangement-boites-et-paniers/coffret-et-boite-de-rangement/70127-corbeille-metal-noir-40x40x45-5cm.html
69667-69667;1432061;11;20170123;https://www.jardiland.com/maison-deco/objets-de-decoration/coussins-et-plaids/plaid/69667-serviette-de-bain-vert-100x150cm.html
70376-70376;1396991;11;20170123;https://www.jardiland.com/maison-deco/objets-de-decoration/coussins-et-plaids/plaid/70376-ruban-satin-simple-11col-ass-15x150mm.html
69801-69801;1413975;11;20170123;https://www.jardiland.com/maison-deco/objets-de-decoration/coussins-et-plaids/plaid/69801-plaid-130x180cm-2ast.html
70088-70088;1409373;11;20170123;https://www.jardiland.com/maison-deco/objets-de-decoration/coussins-et-plaids/coussin/70088-coussin-fourrure-synth-marron-45x45cm.html
69246-69246;1432073;11;20170123;https://www.jardiland.com/maison-deco/objets-de-decoration/coussins-et-plaids/galette/69246-coussin-de-chaise-taupe-40x40cm.html
69247-69247;1432072;11;20170123;https://www.jardiland.com/maison-deco/objets-de-decoration/coussins-et-plaids/galette/69247-coussin-de-chaise-orange-40x40cm.html
69245-69245;1432074;11;20170123;https://www.jardiland.com/maison-deco/objets-de-decoration/coussins-et-plaids/galette/69245-coussin-de-chaise-gris-40x40cm.html
68892-68892;1436327;11;20170123;https://www.jardiland.com/maison-deco/objets-de-decoration/coussins-et-plaids/plaid/68892-boudin-de-porte-chats.html
69802-69802;1413974;11;20170123;https://www.jardiland.com/maison-deco/objets-de-decoration/coussins-et-plaids/plaid/69802-bas-de-porte-3-coloris-asst.html
71549-71549;1274896;11;20170123;https://www.jardiland.com/maison-deco/objets-de-decoration/plantes-artificielles/tige-fleurie/71549-tournesol-jaune-86cm.html
68929-68929;1434154;11;20170123;https://www.jardiland.com/maison-deco/objets-de-decoration/plantes-artificielles/funeraire/68929-tige-rose-bouton-rouge.html
68945-68945;1434116;11;20170123;https://www.jardiland.com/maison-deco/objets-de-decoration/plantes-artificielles/tige-fleurie/68945-tige-rose-59cm-x3-saumon.html
70433-70433;1395649;11;20170123;https://www.jardiland.com/maison-deco/objets-de-decoration/plantes-artificielles/tige-fleurie/70433-tige-orchidee-x3-90-cm-lilas.html
71901-71901;1221831;11;20170123;https://www.jardiland.com/maison-deco/objets-de-decoration/plantes-artificielles/plante-et-fleur/71901-succulente-pot-zinc-ast-4-var.html
68528-68528;1454841;11;20170123;https://www.jardiland.com/maison-deco/objets-de-decoration/plantes-artificielles/plante-et-fleur/68528-succulente-asst-en-pot-couleur-sable.html
68531-68531;1454838;11;20170123;https://www.jardiland.com/maison-deco/objets-de-decoration/plantes-artificielles/plante-et-fleur/68531-sedum-arbre-boule-en-pot-asst-30-cm.html
68939-68939;1434135;11;20170123;https://www.jardiland.com/maison-deco/objets-de-decoration/plantes-artificielles/plante-et-fleur/68939-rosier-rose-4fl-6b-92cm-pot-pl-noir.html
68940-68940;1434134;11;20170123;https://www.jardiland.com/maison-deco/objets-de-decoration/plantes-artificielles/plante-et-fleur/68940-rosier-blanc-4fl-6b-92cm-pot-pl-noir.html
70431-70431;1395656;11;20170123;https://www.jardiland.com/maison-deco/objets-de-decoration/plantes-artificielles/tige-fleurie/70431-rose-ouverte-jaune.html
71153-71153;1336549;11;20170123;https://www.jardiland.com/maison-deco/objets-de-decoration/plantes-artificielles/tige-fleurie/71153-rose-bresil-xl-55cm-jaune-prix-piece.html
71159-71159;1336442;11;20170123;https://www.jardiland.com/maison-deco/objets-de-decoration/plantes-artificielles/tige-fleurie/71159-rose-bresil-xl-55cm-blanc-prix-piece.html
68541-68541;1454827;11;20170123;https://www.jardiland.com/maison-deco/objets-de-decoration/plantes-artificielles/tige-fleurie/68541-renoncule-fuchsia-45-cm.html
65774-65774;879887;11;20170123;https://www.jardiland.com/maison-deco/objets-de-decoration/plantes-artificielles/funeraire/65774-primevere-piquet.html
68567-68567;1454801;11;20170123;https://www.jardiland.com/maison-deco/objets-de-decoration/plantes-artificielles/tige-fleurie/68567-pompon-branche-bordeaux-80cm.html
65626-65626;919036;11;20170123;https://www.jardiland.com/maison-deco/objets-de-decoration/plantes-artificielles/tige-fleurie/65626-pommier-fleur-rose-blanc-83cm.html
68558-68558;1454810;11;20170123;https://www.jardiland.com/maison-deco/objets-de-decoration/plantes-artificielles/tige-fleurie/68558-poinsettia-tige-rouge-30-cm.html
70950-70950;1353627;11;20170123;https://www.jardiland.com/maison-deco/objets-de-decoration/plantes-artificielles/tige-fleurie/70950-pivoine-fuchsia-63cm.html
70949-70949;1353630;11;20170123;https://www.jardiland.com/maison-deco/objets-de-decoration/plantes-artificielles/tige-fleurie/70949-pivoine-creme-vert-63cm.html
71875-71875;1270717;11;20170123;https://www.jardiland.com/maison-deco/objets-de-decoration/plantes-artificielles/tige-fleurie/71875-pivoine-creme-2flrs-60cm.html
71340-71340;1303453;11;20170123;https://www.jardiland.com/maison-deco/objets-de-decoration/plantes-artificielles/bouquet-et-composition/71340-pivoine-bouquet-x3-fuchsia-26cm.html
68515-68515;1454856;11;20170123;https://www.jardiland.com/maison-deco/objets-de-decoration/plantes-artificielles/plante-et-fleur/68515-phalaeno-blanc-glacee-pot-argent-35-cm.html
70669-70669;1382965;11;20170123;https://www.jardiland.com/maison-deco/objets-de-decoration/plantes-artificielles/tige-fleurie/70669-phalaeno-10-fleurons-86cm-blc.html
68520-68520;1454849;11;20170123;https://www.jardiland.com/maison-deco/objets-de-decoration/plantes-artificielles/tige-fleurie/68520-orchidee-phalaeno-creme-72-cm.html
68552-68552;1454816;11;20170123;https://www.jardiland.com/maison-deco/objets-de-decoration/plantes-artificielles/tige-fleurie/68552-orchidee-phalaeno-rose-77cm.html
68518-68518;1454851;11;20170123;https://www.jardiland.com/maison-deco/objets-de-decoration/plantes-artificielles/tige-fleurie/68518-orchidee-phalaeno-lilas-vert-72-cm.html
68572-68572;1454796;11;20170123;https://www.jardiland.com/maison-deco/objets-de-decoration/plantes-artificielles/tige-fleurie/68572-orchidee-phalaeno-glace-creme-75cm.html
68551-68551;1454817;11;20170123;https://www.jardiland.com/maison-deco/objets-de-decoration/plantes-artificielles/tige-fleurie/68551-orchidee-phalaeno-fuchsia-77cm.html
71152-71152;1336562;11;20170123;https://www.jardiland.com/maison-deco/objets-de-decoration/plantes-artificielles/plante-et-fleur/71152-mousse-plaque-vert-12cm.html
65640-65640;915796;11;20170123;https://www.jardiland.com/maison-deco/objets-de-decoration/plantes-artificielles/plante-et-fleur/65640-mousse-plaque-vert-10cm.html
68537-68537;1454831;11;20170123;https://www.jardiland.com/maison-deco/objets-de-decoration/plantes-artificielles/plante-et-fleur/68537-mousse-espagnole-verte-146-cm.html
67667-67667;1474386;11;20170123;https://www.jardiland.com/maison-deco/objets-de-decoration/plantes-artificielles/plante-et-fleur/67667-mini-phalaeno-en-pot-rose-creme-25-cm.html
68534-68534;1454834;11;20170123;https://www.jardiland.com/maison-deco/objets-de-decoration/plantes-artificielles/plante-et-fleur/68534-magnolia-compo-vase-blanc-creme-25-cm.html
70529-70529;1394866;11;20170123;https://www.jardiland.com/maison-deco/objets-de-decoration/plantes-artificielles/tige-fleurie/70529-lys-x2-orange-84-cm.html
70434-70434;1395648;11;20170123;https://www.jardiland.com/maison-deco/objets-de-decoration/plantes-artificielles/tige-fleurie/70434-lys-tiger-87-cm-2f-jaune-orange.html
69014-69014;1434045;11;20170123;https://www.jardiland.com/maison-deco/objets-de-decoration/plantes-artificielles/plante-et-fleur/69014-lierre-petite-chute-146f-43cm-panache.html
68532-68532;1454837;11;20170123;https://www.jardiland.com/maison-deco/objets-de-decoration/plantes-artificielles/plante-et-fleur/68532-lavande-en-pot-facon-gres-24-cm.html
69009-69009;1434051;11;20170123;https://www.jardiland.com/maison-deco/objets-de-decoration/plantes-artificielles/tige-fleurie/69009-hortensia-45cm-lavande.html
69008-69008;1434052;11;20170123;https://www.jardiland.com/maison-deco/objets-de-decoration/plantes-artificielles/tige-fleurie/69008-hortensia-45cm-creme.html
69027-69027;1434011;11;20170123;https://www.jardiland.com/maison-deco/objets-de-decoration/plantes-artificielles/plante-et-fleur/69027-herbe-flexible-en-sachet.html
68746-68746;1441342;11;20170123;https://www.jardiland.com/maison-deco/objets-de-decoration/plantes-artificielles/tige-fleurie/68746-fougere-branche-78cm-vert.html
71550-71550;1274838;11;20170123;https://www.jardiland.com/maison-deco/objets-de-decoration/plantes-artificielles/plante-et-fleur/71550-fougere-boston-vert-22-feuilles-53cm.html
65079-65079;990703;11;20170123;https://www.jardiland.com/maison-deco/objets-de-decoration/plantes-artificielles/plante-et-fleur/65079-ficus-150cm-panache.html
67934-67934;1473598;11;20170123;https://www.jardiland.com/maison-deco/objets-de-decoration/plantes-artificielles/tige-fleurie/67934-feuille-philo-76-cm-x3-1.html
69025-69025;1434013;11;20170123;https://www.jardiland.com/maison-deco/objets-de-decoration/plantes-artificielles/tige-fleurie/69025-feuille-de-palmier-60cm.html
68786-68786;1439892;11;20170123;https://www.jardiland.com/maison-deco/objets-de-decoration/plantes-artificielles/tige-fleurie/68786-fagot-branche-bouleau-90-cm.html
68787-68787;1439891;11;20170123;https://www.jardiland.com/maison-deco/objets-de-decoration/plantes-artificielles/tige-fleurie/68787-fagot-branche-bouleau-69-cm.html
68785-68785;1439893;11;20170123;https://www.jardiland.com/maison-deco/objets-de-decoration/plantes-artificielles/tige-fleurie/68785-fagot-branche-bouleau-150-cm.html
69651-69651;1434069;11;20170123;https://www.jardiland.com/maison-deco/objets-de-decoration/plantes-artificielles/tige-fleurie/69651-coquelicot-43cm-x3-rouge.html
69028-69028;1434009;11;20170123;https://www.jardiland.com/maison-deco/objets-de-decoration/plantes-artificielles/tige-fleurie/69028-clematite-tige-x3-fl-fuchsia-85cm.html
69029-69029;1434008;11;20170123;https://www.jardiland.com/maison-deco/objets-de-decoration/plantes-artificielles/tige-fleurie/69029-clematite-tige-x3-fl-blanc-85cm.html
67687-67687;1474366;11;20170123;https://www.jardiland.com/maison-deco/objets-de-decoration/plantes-artificielles/tige-fleurie/67687-chaton-de-saule-brche-100-cm.html
67679-67679;1474374;11;20170123;https://www.jardiland.com/maison-deco/objets-de-decoration/plantes-artificielles/bouquet-et-composition/67679-calla-botte-x3-flrs-blanc-50-cm.html
68535-68535;1454833;11;20170123;https://www.jardiland.com/maison-deco/objets-de-decoration/plantes-artificielles/plante-et-fleur/68535-buis-boule-vert-14-cm.html
69019-69019;1434032;11;20170123;https://www.jardiland.com/maison-deco/objets-de-decoration/plantes-artificielles/plante-et-fleur/69019-buis-boule-d40cm.html
69020-69020;1434031;11;20170123;https://www.jardiland.com/maison-deco/objets-de-decoration/plantes-artificielles/plante-et-fleur/69020-buis-boule-d30cm.html
69021-69021;1434030;11;20170123;https://www.jardiland.com/maison-deco/objets-de-decoration/plantes-artificielles/plante-et-fleur/69021-buis-boule-d20cm.html
71140-71140;1337663;11;20170123;https://www.jardiland.com/maison-deco/objets-de-decoration/plantes-artificielles/tige-fleurie/71140-branche-mimosa-76cm-av-5-tiges-jaune.html
69022-69022;1434027;11;20170123;https://www.jardiland.com/maison-deco/objets-de-decoration/plantes-artificielles/tige-fleurie/69022-branche-bois-mousse.html
71915-71915;1218138;11;20170123;https://www.jardiland.com/maison-deco/objets-de-decoration/plantes-artificielles/plante-et-fleur/71915-bambou-en-pot-150cm.html
70665-70665;1382986;11;20170123;https://www.jardiland.com/maison-deco/objets-de-decoration/plantes-artificielles/tige-fleurie/70665-bambou-50cm.html
65303-65303;961035;11;20170123;https://www.jardiland.com/maison-deco/objets-de-decoration/plantes-artificielles/plante-et-fleur/65303-bambou-180cm.html
67898-67898;1473637;11;20170123;https://www.jardiland.com/maison-deco/objets-de-decoration/plantes-artificielles/tige-fleurie/67898-anthurium-rouge-72cm.html
71157-71157;1336501;11;20170123;https://www.jardiland.com/maison-deco/objets-de-decoration/plantes-artificielles/tige-fleurie/71157-amaryllis-blanc-vert-50-cm.html
70435-70435;1395645;11;20170123;https://www.jardiland.com/maison-deco/objets-de-decoration/plantes-artificielles/tige-fleurie/70435-allium-60-cm.html
71196-71196;1328256;11;20170123;https://www.jardiland.com/maison-deco/objets-de-decoration/vases-coupes-et-accessoires/pot-et-coupe/71196-vase-vince-verre-h45d25-transp.html
69832-69832;1409943;11;20170123;https://www.jardiland.com/maison-deco/objets-de-decoration/vases-coupes-et-accessoires/pot-et-coupe/69832-vase-rouge-en-ceramique-anse-16x18cm.html
69834-69834;1409941;11;20170123;https://www.jardiland.com/maison-deco/objets-de-decoration/vases-coupes-et-accessoires/pot-et-coupe/69834-vase-rouge-en-ceramique-anse-14x15cm.html
70189-70189;1408200;11;20170123;https://www.jardiland.com/maison-deco/objets-de-decoration/vases-coupes-et-accessoires/pot-et-coupe/70189-vase-rond-en-verre-blanc-13x13x22cm.html
69113-69113;1433100;11;20170123;https://www.jardiland.com/maison-deco/objets-de-decoration/vases-coupes-et-accessoires/pot-et-coupe/69113-vase-ceramique-vert-d-eau-15x25cm.html
69119-69119;1433094;11;20170123;https://www.jardiland.com/maison-deco/objets-de-decoration/vases-coupes-et-accessoires/pot-et-coupe/69119-vase-ceramique-vert-25x32cm.html
69118-69118;1433095;11;20170123;https://www.jardiland.com/maison-deco/objets-de-decoration/vases-coupes-et-accessoires/pot-et-coupe/69118-vase-ceramique-vert-18x23cm.html
69884-69884;1409862;11;20170123;https://www.jardiland.com/maison-deco/objets-de-decoration/vases-coupes-et-accessoires/pot-et-coupe/69884-vase-ceramique-noir-et-blanc-d25x15cm.html
69887-69887;1409859;11;20170123;https://www.jardiland.com/maison-deco/objets-de-decoration/vases-coupes-et-accessoires/pot-et-coupe/69887-vase-ceramique-motif-marron-d19-5x31cm.html
69888-69888;1409858;11;20170123;https://www.jardiland.com/maison-deco/objets-de-decoration/vases-coupes-et-accessoires/pot-et-coupe/69888-vase-ceramique-motif-marron-d19-5x20cm.html
69886-69886;1409860;11;20170123;https://www.jardiland.com/maison-deco/objets-de-decoration/vases-coupes-et-accessoires/pot-et-coupe/69886-vase-ceramique-motif-marron-d19-5x20cm.html
69122-69122;1433089;11;20170123;https://www.jardiland.com/maison-deco/objets-de-decoration/vases-coupes-et-accessoires/pot-et-coupe/69122-vase-ceramique-corail-d20x40cm.html
69115-69115;1433098;11;20170123;https://www.jardiland.com/maison-deco/objets-de-decoration/vases-coupes-et-accessoires/pot-et-coupe/69115-vase-ceramique-corail-d18x35cm.html
69114-69114;1433099;11;20170123;https://www.jardiland.com/maison-deco/objets-de-decoration/vases-coupes-et-accessoires/pot-et-coupe/69114-vase-ceramique-corail-d18x18cm.html
69121-69121;1433092;11;20170123;https://www.jardiland.com/maison-deco/objets-de-decoration/vases-coupes-et-accessoires/pot-et-coupe/69121-vase-ceramique-corail-25x32cm.html
69120-69120;1433093;11;20170123;https://www.jardiland.com/maison-deco/objets-de-decoration/vases-coupes-et-accessoires/pot-et-coupe/69120-vase-ceramique-corail-18x23cm.html
69110-69110;1433103;11;20170123;https://www.jardiland.com/maison-deco/objets-de-decoration/vases-coupes-et-accessoires/pot-et-coupe/69110-vase-ceramique-corail-15x33cm.html
69109-69109;1433104;11;20170123;https://www.jardiland.com/maison-deco/objets-de-decoration/vases-coupes-et-accessoires/pot-et-coupe/69109-vase-ceramique-corail-10x23cm.html
69885-69885;1409861;11;20170123;https://www.jardiland.com/maison-deco/objets-de-decoration/vases-coupes-et-accessoires/pot-et-coupe/69885-vase-ceramique-blanc-et-gris-d20x40cm.html
69111-69111;1433102;11;20170123;https://www.jardiland.com/maison-deco/objets-de-decoration/vases-coupes-et-accessoires/pot-et-coupe/69111-vase-ceramique-blanc-15x25cm.html
69127-69127;1433075;11;20170123;https://www.jardiland.com/maison-deco/objets-de-decoration/vases-coupes-et-accessoires/pot-et-coupe/69127-vase-ceramique-2ast-8-5x15cm.html
69883-69883;1409863;11;20170123;https://www.jardiland.com/maison-deco/objets-de-decoration/vases-coupes-et-accessoires/pot-et-coupe/69883-vase-blanc-en-ceramique-anse-d16x17-5cm.html
69882-69882;1409864;11;20170123;https://www.jardiland.com/maison-deco/objets-de-decoration/vases-coupes-et-accessoires/pot-et-coupe/69882-vase-blanc-en-ceramique-anse-d16x24cm.html
66034-66034;845698;11;20170123;https://www.jardiland.com/maison-deco/objets-de-decoration/vases-coupes-et-accessoires/accessoires-de-composition-florale/66034-raphia-naturel-50g.html
66590-66590;845700;11;20170123;https://www.jardiland.com/maison-deco/objets-de-decoration/vases-coupes-et-accessoires/accessoires-de-composition-florale/66590-raphia-marron-50g.html
66589-66589;845704;11;20170123;https://www.jardiland.com/maison-deco/objets-de-decoration/vases-coupes-et-accessoires/accessoires-de-composition-florale/66589-raphia-aubergine-50g.html
69131-69131;1433063;11;20170123;https://www.jardiland.com/maison-deco/objets-de-decoration/vases-coupes-et-accessoires/pot-et-coupe/69131-pot-x4-aromates-vert-et-jaune-14x14cm.html
69132-69132;1433062;11;20170123;https://www.jardiland.com/maison-deco/objets-de-decoration/vases-coupes-et-accessoires/pot-et-coupe/69132-pot-x3-aromates-14x14cm.html
69160-69160;1433010;11;20170123;https://www.jardiland.com/maison-deco/objets-de-decoration/vases-coupes-et-accessoires/pot-et-coupe/69160-pot-terracota-pissenlit-3ast-10x9cm.html
69105-69105;1433108;11;20170123;https://www.jardiland.com/maison-deco/objets-de-decoration/vases-coupes-et-accessoires/pot-et-coupe/69105-pot-terracota-pissenlit-2ast.html
69133-69133;1433061;11;20170123;https://www.jardiland.com/maison-deco/objets-de-decoration/vases-coupes-et-accessoires/pot-et-coupe/69133-pot-terracota-oiseau-sur-fil-2ast.html
69088-69088;1433131;11;20170123;https://www.jardiland.com/maison-deco/objets-de-decoration/vases-coupes-et-accessoires/pot-et-coupe/69088-pot-terracota-dans-panier-metal-34x17x40-1.html
69134-69134;1433060;11;20170123;https://www.jardiland.com/maison-deco/objets-de-decoration/vases-coupes-et-accessoires/pot-et-coupe/69134-pot-motif-oiseau-sur-plateau-grillage.html
69161-69161;1433009;11;20170123;https://www.jardiland.com/maison-deco/objets-de-decoration/vases-coupes-et-accessoires/pot-et-coupe/69161-pot-fibre-orange-20x36cm.html
69103-69103;1433110;11;20170123;https://www.jardiland.com/maison-deco/objets-de-decoration/vases-coupes-et-accessoires/pot-et-coupe/69103-pot-ciment-le-jardin-2ast.html
69858-69858;1409892;11;20170123;https://www.jardiland.com/maison-deco/objets-de-decoration/vases-coupes-et-accessoires/pot-et-coupe/69858-pot-blanc-motif-feuille-d10x9-1.html
66048-66048;840976;11;20170123;https://www.jardiland.com/maison-deco/objets-de-decoration/vases-coupes-et-accessoires/accessoires-de-composition-florale/66048-pinholder-x5-1.html
70137-70137;1408814;11;20170123;https://www.jardiland.com/maison-deco/objets-de-decoration/vases-coupes-et-accessoires/pot-et-coupe/70137-photophore-metal-rouge-noel-4ast.html
71415-71415;1298731;11;20170123;https://www.jardiland.com/maison-deco/objets-de-decoration/vases-coupes-et-accessoires/vase-et-coupe-en-verre/71415-petit-vase-evase-en-verre-tigo-o-14o5-x-ho-14o5-cm.html
68169-68169;1464758;11;20170123;https://www.jardiland.com/maison-deco/objets-de-decoration/vases-coupes-et-accessoires/accessoires-de-composition-florale/68169-mouton-s-pique-h38cm.html
71551-71551;1273193;11;20170123;https://www.jardiland.com/maison-deco/objets-de-decoration/vases-coupes-et-accessoires/accessoires-de-composition-florale/71551-mica-fil-or-5m-tr-d2mm.html
67860-67860;1473701;11;20170123;https://www.jardiland.com/maison-deco/objets-de-decoration/vases-coupes-et-accessoires/vase-et-coupe-en-verre/67860-lotty-vase-carre-verre-6cm.html
67859-67859;1473703;11;20170123;https://www.jardiland.com/maison-deco/objets-de-decoration/vases-coupes-et-accessoires/vase-et-coupe-en-verre/67859-lotty-vase-carre-verre-10cm.html
67856-67856;1473709;11;20170123;https://www.jardiland.com/maison-deco/objets-de-decoration/vases-coupes-et-accessoires/vase-et-coupe-en-verre/67856-kenny-coupe-ronde-d15cm.html
70776-70776;1365417;11;20170123;https://www.jardiland.com/maison-deco/objets-de-decoration/vases-coupes-et-accessoires/accessoires-de-composition-florale/70776-hobby-brique-seche.html
70775-70775;1365418;11;20170123;https://www.jardiland.com/maison-deco/objets-de-decoration/vases-coupes-et-accessoires/accessoires-de-composition-florale/70775-hobby-brique-mouillable.html
66036-66036;845662;11;20170123;https://www.jardiland.com/maison-deco/objets-de-decoration/vases-coupes-et-accessoires/accessoires-de-composition-florale/66036-gomme-adhesive.html
66035-66035;845667;11;20170123;https://www.jardiland.com/maison-deco/objets-de-decoration/vases-coupes-et-accessoires/accessoires-de-composition-florale/66035-floratape-vert.html
71207-71207;1327703;11;20170123;https://www.jardiland.com/maison-deco/objets-de-decoration/vases-coupes-et-accessoires/accessoires-de-composition-florale/71207-fil-mica-violet-5mtr-d2mm.html
70783-70783;1361732;11;20170123;https://www.jardiland.com/maison-deco/objets-de-decoration/vases-coupes-et-accessoires/pot-et-coupe/70783-coupe-zinc-aimant-6-5x6-5h5-5cm.html
66055-66055;834905;11;20170123;https://www.jardiland.com/maison-deco/objets-de-decoration/vases-coupes-et-accessoires/accessoires-de-composition-florale/66055-coupe-sandwich-26x12cm-vert.html
66268-66268;701390;11;20170123;https://www.jardiland.com/maison-deco/objets-de-decoration/vases-coupes-et-accessoires/accessoires-de-composition-florale/66268-coupe-sandwich-26x12-blanc.html
66054-66054;835176;11;20170123;https://www.jardiland.com/maison-deco/objets-de-decoration/vases-coupes-et-accessoires/accessoires-de-composition-florale/66054-colle-a-pistollet-8mm-x12pcs.html
70891-70891;1393553;11;20170123;https://www.jardiland.com/maison-deco/objets-de-decoration/vases-coupes-et-accessoires/pot-et-coupe/70891-cloche-ronde-en-verre-sur-plateau.html
70790-70790;1361154;11;20170123;https://www.jardiland.com/maison-deco/objets-de-decoration/vases-coupes-et-accessoires/accessoires-de-composition-florale/70790-boule-fil-fer-3-5-8cm-argent.html
70782-70782;1361876;11;20170123;https://www.jardiland.com/maison-deco/objets-de-decoration/vases-coupes-et-accessoires/accessoires-de-composition-florale/70782-4-ronds-mouillable-d8-h5cm-vert.html
68152-68152;1466807;11;20170123;https://www.jardiland.com/maison-deco/objets-de-decoration/bougies-et-senteurs/bougie-non-parfumee/68152-verre-tgm-kiwi.html
68151-68151;1466808;11;20170123;https://www.jardiland.com/maison-deco/objets-de-decoration/bougies-et-senteurs/bougie-non-parfumee/68151-verre-tgm-citron-pamplemousse.html
66605-66605;644387;11;20170123;https://www.jardiland.com/maison-deco/objets-de-decoration/bougies-et-senteurs/accessoires-pour-encens/66605-support-35-cm.html
70773-70773;1365856;11;20170123;https://www.jardiland.com/maison-deco/objets-de-decoration/bougies-et-senteurs/parfum-d-ambiance-diffuseur-a-froid/70773-rotin.html
67578-67578;1477657;11;20170123;https://www.jardiland.com/maison-deco/objets-de-decoration/bougies-et-senteurs/parfum-d-ambiance-diffuseur-a-froid/67578-recharge-anti-odeur-200ml-tabac.html
67577-67577;1477658;11;20170123;https://www.jardiland.com/maison-deco/objets-de-decoration/bougies-et-senteurs/parfum-d-ambiance-diffuseur-a-froid/67577-recharge-anti-odeur-200ml-salle-d-eau.html
67580-67580;1477655;11;20170123;https://www.jardiland.com/maison-deco/objets-de-decoration/bougies-et-senteurs/parfum-d-ambiance-diffuseur-a-froid/67580-recharge-anti-odeur-200ml-cuisine.html
67579-67579;1477656;11;20170123;https://www.jardiland.com/maison-deco/objets-de-decoration/bougies-et-senteurs/parfum-d-ambiance-diffuseur-a-froid/67579-recharge-anti-odeur-200ml-animaux.html
68903-68903;1434898;11;20170123;https://www.jardiland.com/maison-deco/objets-de-decoration/bougies-et-senteurs/parfum-d-ambiance-diffuseur-a-froid/68903-rech-dif-capilla-200ml-cedre.html
68415-68415;1457088;11;20170123;https://www.jardiland.com/maison-deco/objets-de-decoration/bougies-et-senteurs/bougie-non-parfumee/68415-pilier-115-soie-cuivre.html
68738-68738;1441421;11;20170123;https://www.jardiland.com/maison-deco/objets-de-decoration/bougies-et-senteurs/bougie-parfumee/68738-photophore-lowboy-geraniol-indoor.html
68719-68719;1443385;11;20170123;https://www.jardiland.com/maison-deco/objets-de-decoration/bougies-et-senteurs/parfum-d-ambiance-diffuseur-a-froid/68719-petale-de-cire-coloree-parfumee.html
67444-67444;1479863;11;20170123;https://www.jardiland.com/maison-deco/objets-de-decoration/bougies-et-senteurs/parfum-d-ambiance-diffuseur-a-froid/67444-pampille-platre-solo-ange.html
68998-68998;1434874;11;20170123;https://www.jardiland.com/maison-deco/objets-de-decoration/bougies-et-senteurs/bougie-parfumee/68998-moyenne-bougie-320g-vanille.html
68904-68904;1434878;11;20170123;https://www.jardiland.com/maison-deco/objets-de-decoration/bougies-et-senteurs/bougie-parfumee/68904-moyenne-bougie-320g-framboise-vanillee.html
68905-68905;1434877;11;20170123;https://www.jardiland.com/maison-deco/objets-de-decoration/bougies-et-senteurs/bougie-parfumee/68905-moyenne-bougie-320g-embruns.html
68907-68907;1434875;11;20170123;https://www.jardiland.com/maison-deco/objets-de-decoration/bougies-et-senteurs/bougie-parfumee/68907-moyenne-bougie-320g-canelle-et-orange.html
71235-71235;1321855;11;20170123;https://www.jardiland.com/maison-deco/objets-de-decoration/bougies-et-senteurs/diffuseur-de-parfum-et-recharge/71235-diffuseur-electrique-kheops.html
68212-68212;1486030;11;20170123;https://www.jardiland.com/maison-deco/objets-de-decoration/bougies-et-senteurs/diffuseur-de-parfum-et-recharge/68212-diffuseur-de-parfum-ciris.html
68739-68739;1441420;11;20170123;https://www.jardiland.com/maison-deco/objets-de-decoration/bougies-et-senteurs/parfum-d-ambiance-diffuseur-a-froid/68739-diffuseur-a-froid-geraniol-indoor.html
66390-66390;678978;11;20170123;https://www.jardiland.com/maison-deco/objets-de-decoration/bougies-et-senteurs/encens/66390-cone-d-encens-vrac.html
68713-68713;1443430;11;20170123;https://www.jardiland.com/maison-deco/objets-de-decoration/bougies-et-senteurs/diffuseur-de-parfum-et-recharge/68713-bruleur-porcelaine-fleurs-blue.html
68714-68714;1443428;11;20170123;https://www.jardiland.com/maison-deco/objets-de-decoration/bougies-et-senteurs/diffuseur-de-parfum-et-recharge/68714-bruleur-porcelaine-bleu-jaune.html
68902-68902;1434903;11;20170123;https://www.jardiland.com/maison-deco/objets-de-decoration/bougies-et-senteurs/bougie-parfumee/68902-bougie-de-jardin-628g-pomme-verte.html
69000-69000;1434860;11;20170123;https://www.jardiland.com/maison-deco/objets-de-decoration/bougies-et-senteurs/bougie-parfumee/69000-bougie-de-jardin-628g-framboise-vanillee.html
68999-68999;1434863;11;20170123;https://www.jardiland.com/maison-deco/objets-de-decoration/bougies-et-senteurs/bougie-parfumee/68999-bougie-de-jardin-1kg-rcanelle-et-orange.html
67268-67268;1484572;11;20170123;https://www.jardiland.com/maison-deco/objets-de-decoration/bougies-et-senteurs/parfum-d-ambiance-diffuseur-a-froid/67268-boite-winterwoods-8pc.html
67267-67267;1484573;11;20170123;https://www.jardiland.com/maison-deco/objets-de-decoration/bougies-et-senteurs/parfum-d-ambiance-diffuseur-a-froid/67267-boite-tarte-aux-pommes-8pc.html
67266-67266;1484574;11;20170123;https://www.jardiland.com/maison-deco/objets-de-decoration/bougies-et-senteurs/parfum-d-ambiance-diffuseur-a-froid/67266-boite-montagne-glacee-8pc.html
68716-68716;1443405;11;20170123;https://www.jardiland.com/maison-deco/objets-de-decoration/bougies-et-senteurs/parfum-d-ambiance-diffuseur-a-froid/68716-boite-a-remplir-large-26-pc.html
66603-66603;648995;11;20170123;https://www.jardiland.com/maison-deco/objets-de-decoration/bougies-et-senteurs/encens/66603-baton-d-encens-vrac.html
68491-68491;1455069;11;20170123;https://www.jardiland.com/maison-deco/objets-de-decoration/bougeoirs-photophores-et-lanternes/bougeoir-et-photophore-deco/68491-set-de-3-photophores-3-ast.html
70123-70123;1408830;11;20170123;https://www.jardiland.com/maison-deco/objets-de-decoration/bougeoirs-photophores-et-lanternes/bougeoir-et-photophore-deco/70123-plateau-rond-avec-photophore-24x24x12cm.html
70124-70124;1408829;11;20170123;https://www.jardiland.com/maison-deco/objets-de-decoration/bougeoirs-photophores-et-lanternes/bougeoir-et-photophore-deco/70124-plateau-rect-avec-photophore-24x24x12cm.html
70126-70126;1408827;11;20170123;https://www.jardiland.com/maison-deco/objets-de-decoration/bougeoirs-photophores-et-lanternes/bougeoir-et-photophore-deco/70126-photopore-4-couleurs-sur-support.html
70111-70111;1408845;11;20170123;https://www.jardiland.com/maison-deco/objets-de-decoration/bougeoirs-photophores-et-lanternes/bougeoir-et-photophore-deco/70111-photophore-ville-noir-et-blanc.html
69812-69812;1409976;11;20170123;https://www.jardiland.com/maison-deco/objets-de-decoration/bougeoirs-photophores-et-lanternes/bougeoir-et-photophore-deco/69812-photophore-verre-socle-bois-20x23cm.html
70125-70125;1408828;11;20170123;https://www.jardiland.com/maison-deco/objets-de-decoration/bougeoirs-photophores-et-lanternes/bougeoir-et-photophore-deco/70125-photophore-support-metal-noir.html
70176-70176;1408237;11;20170123;https://www.jardiland.com/maison-deco/objets-de-decoration/bougeoirs-photophores-et-lanternes/bougeoir-et-photophore-deco/70176-photophore-noel.html
69236-69236;1432084;11;20170123;https://www.jardiland.com/maison-deco/objets-de-decoration/bougeoirs-photophores-et-lanternes/bougeoir-et-photophore-deco/69236-photophore-metal-grave-10x9-5cm.html
70130-70130;1408822;11;20170123;https://www.jardiland.com/maison-deco/objets-de-decoration/bougeoirs-photophores-et-lanternes/bougeoir-et-photophore-deco/70130-photophore-hexagonal-en-verre-10-5x10-5-1.html
69221-69221;1432379;11;20170123;https://www.jardiland.com/maison-deco/objets-de-decoration/bougeoirs-photophores-et-lanternes/bougeoir-et-photophore-deco/69221-photophore-forme-verre-2-col-ast.html
69209-69209;1432401;11;20170123;https://www.jardiland.com/maison-deco/objets-de-decoration/bougeoirs-photophores-et-lanternes/bougeoir-et-photophore-deco/69209-photophore-en-verre-8x8x9cm.html
69225-69225;1432375;11;20170123;https://www.jardiland.com/maison-deco/objets-de-decoration/bougeoirs-photophores-et-lanternes/bougeoir-et-photophore-deco/69225-photophore-cage-12x12x25cm-3col-ast.html
70136-70136;1408815;11;20170123;https://www.jardiland.com/maison-deco/objets-de-decoration/bougeoirs-photophores-et-lanternes/bougeoir-et-photophore-deco/70136-photophore-blanc-motif-etoile-2ast.html
70112-70112;1408844;11;20170123;https://www.jardiland.com/maison-deco/objets-de-decoration/bougeoirs-photophores-et-lanternes/bougeoir-et-photophore-deco/70112-photophore-arbre-metal-noir-40x36x58cm.html
69828-69828;1409951;11;20170123;https://www.jardiland.com/maison-deco/objets-de-decoration/bougeoirs-photophores-et-lanternes/bougeoir-et-photophore-deco/69828-maison-a-poser.html
70163-70163;1408254;11;20170123;https://www.jardiland.com/maison-deco/objets-de-decoration/bougeoirs-photophores-et-lanternes/lanterne/70163-lanterne-metal-rouge-et-blanc-13x24cm.html
70164-70164;1408253;11;20170123;https://www.jardiland.com/maison-deco/objets-de-decoration/bougeoirs-photophores-et-lanternes/lanterne/70164-lanterne-metal-blanc-et-rouge-10x18cm.html
69200-69200;1432418;11;20170123;https://www.jardiland.com/maison-deco/objets-de-decoration/bougeoirs-photophores-et-lanternes/lanterne/69200-lanterne-carree-en-verre-20x20x34-3cm.html
70110-70110;1408846;11;20170123;https://www.jardiland.com/maison-deco/objets-de-decoration/bougeoirs-photophores-et-lanternes/bougeoir-et-photophore-deco/70110-bougeoir-verre-a-support-ajoure-pm.html
69214-69214;1432393;11;20170123;https://www.jardiland.com/maison-deco/objets-de-decoration/bougeoirs-photophores-et-lanternes/bougeoir-et-photophore-deco/69214-bougeoir-papillon-noir-8-5x8-5x10cm.html
69212-69212;1432395;11;20170123;https://www.jardiland.com/maison-deco/objets-de-decoration/bougeoirs-photophores-et-lanternes/bougeoir-et-photophore-deco/69212-bougeoir-papillon-noir-13x13x21-5cm.html
69213-69213;1432394;11;20170123;https://www.jardiland.com/maison-deco/objets-de-decoration/bougeoirs-photophores-et-lanternes/bougeoir-et-photophore-deco/69213-bougeoir-papillon-noir-13x13x17cm.html
70132-70132;1408820;11;20170123;https://www.jardiland.com/maison-deco/objets-de-decoration/bougeoirs-photophores-et-lanternes/bougeoir-et-photophore-deco/70132-bougeoir-en-ceramique-12x12x36cm.html
67638-67638;1475397;11;20170123;https://www.jardiland.com/animaux/oiseau-de-la-nature/mangeoire-et-distributeur/67638-station-d-alimentation-pour-oiseaux.html
67640-67640;1475394;11;20170123;https://www.jardiland.com/animaux/oiseau-de-la-nature/nichoir/67640-nichoir-nature.html
67643-67643;1475391;11;20170123;https://www.jardiland.com/animaux/oiseau-de-la-nature/mangeoire-et-distributeur/67643-mangeoire-rustique-h-18-cm.html
67644-67644;1475390;11;20170123;https://www.jardiland.com/animaux/oiseau-de-la-nature/mangeoire-et-distributeur/67644-mangeoire-pour-graines-rustique-h-18-cm.html
67639-67639;1475396;11;20170123;https://www.jardiland.com/animaux/oiseau-de-la-nature/mangeoire-et-distributeur/67639-cage-squirrel-feeder.html
67193-67193;1486412;11;20170123;https://www.jardiland.com/animaux/reptiles-et-insectes/soins-et-entretien/environnement/67193-mousse-sphagnum-1-3l.html
67194-67194;1486411;11;20170123;https://www.jardiland.com/animaux/reptiles-et-insectes/soins-et-entretien/sable-et-substrat/67194-litiere-aspen-serp-8-8l.html
67479-67479;1478917;11;20170123;https://www.jardiland.com/animaux/reptiles-et-insectes/soins-et-entretien/sable-et-substrat/67479-ext-substrat-jungle-earth-8-8l.html
67475-67475;1478921;11;20170123;https://www.jardiland.com/animaux/reptiles-et-insectes/soins-et-entretien/sable-et-substrat/67475-ex-t-substrat-rain-forest-8-8l.html
67482-67482;1478914;11;20170123;https://www.jardiland.com/animaux/reptiles-et-insectes/soins-et-entretien/sable-et-substrat/67482-ex-t-substrat-forest-bark-8-8l.html
68695-68695;1444855;11;20170123;https://www.jardiland.com/animaux/reptiles-et-insectes/terrariums-et-accessoires/equipement-de-terrarium/68695-set-accessoires-python-juvenile.html
67195-67195;1486410;11;20170123;https://www.jardiland.com/animaux/reptiles-et-insectes/terrariums-et-accessoires/equipement-de-terrarium/67195-refl-mini-deep-2x100w.html
67189-67189;1486416;11;20170123;https://www.jardiland.com/animaux/reptiles-et-insectes/terrariums-et-accessoires/equipement-de-terrarium/67189-lampe-chauffante-infra-rouge-50w.html
67188-67188;1486417;11;20170123;https://www.jardiland.com/animaux/reptiles-et-insectes/terrariums-et-accessoires/equipement-de-terrarium/67188-lampe-chauffante-infra-rouge-100w.html
66303-66303;685722;11;20170123;https://www.jardiland.com/animaux/reptiles-et-insectes/terrariums-et-accessoires/equipement-de-terrarium/66303-lampe-chauffante-60w.html
65139-65139;975497;11;20170123;https://www.jardiland.com/animaux/reptiles-et-insectes/terrariums-et-accessoires/equipement-de-terrarium/65139-hygrotherm.html
67190-67190;1486415;11;20170123;https://www.jardiland.com/animaux/reptiles-et-insectes/terrariums-et-accessoires/equipement-de-terrarium/67190-fluo-cpt-uvb-5-0-13w.html
67402-67402;1480251;11;20170123;https://www.jardiland.com/animaux/reptiles-et-insectes/alimentation/seche/67402-tetra-reptomin-sticks-250-ml.html
67403-67403;1480250;11;20170123;https://www.jardiland.com/animaux/reptiles-et-insectes/alimentation/seche/67403-tetra-reptomin-junior-250-ml.html
68459-68459;1455309;11;20170123;https://www.jardiland.com/animaux/reptiles-et-insectes/alimentation/boite-et-lyophilisee/68459-sera-flower-s-loop-s.html
67192-67192;1486413;11;20170123;https://www.jardiland.com/animaux/reptiles-et-insectes/alimentation/complement-nutritionnel/67192-bloc-calcium-dr-turtl.html
67186-67186;1486419;11;20170123;https://www.jardiland.com/animaux/reptiles-et-insectes/alimentation/complement-nutritionnel/67186-alimentation-gecko-nectar-71g.html
66866-66866;538822;11;20170123;https://www.jardiland.com/animaux/oiseau/hygiene-et-soins/soin-de-l-animal/66866-vitaperruche.html
66867-66867;538817;11;20170123;https://www.jardiland.com/animaux/oiseau/hygiene-et-soins/soin-de-l-animal/66867-special-bain-flacon-24ml.html
68860-68860;1437656;11;20170123;https://www.jardiland.com/animaux/oiseau/hygiene-et-soins/soin-de-l-animal/68860-poudre-insectifuge-oiseaux-150g.html
67138-67138;1487292;11;20170123;https://www.jardiland.com/animaux/oiseau/hygiene-et-soins/soin-de-l-animal/67138-pou-net-oiseaux-de-cage-100ml.html
68899-68899;1435357;11;20170123;https://www.jardiland.com/animaux/oiseau/hygiene-et-soins/soin-de-l-animal/68899-os-de-seiche-x2-avec-support.html
67136-67136;1487319;11;20170123;https://www.jardiland.com/animaux/oiseau/cages-volieres-et-accessoires/voliere/67136-voliere-arabesque-camille-taupe-55cm.html
68865-68865;1437547;11;20170123;https://www.jardiland.com/animaux/oiseau/cages-volieres-et-accessoires/equipement-de-cage-et-voliere/68865-tetines-des-suspendus-gd-perruch.html
68381-68381;1457282;11;20170123;https://www.jardiland.com/animaux/oiseau/cages-volieres-et-accessoires/equipement-de-cage-et-voliere/68381-pierres-ponce-candy.html
67529-67529;1478150;11;20170123;https://www.jardiland.com/animaux/oiseau/cages-volieres-et-accessoires/equipement-de-cage-et-voliere/67529-jouet-surprise-pako-reflex-tyrol-8cm.html
68901-68901;1435170;11;20170123;https://www.jardiland.com/animaux/oiseau/cages-volieres-et-accessoires/equipement-de-cage-et-voliere/68901-jouet-oiseau-vis-et-ecrous.html
67531-67531;1478146;11;20170123;https://www.jardiland.com/animaux/oiseau/cages-volieres-et-accessoires/equipement-de-cage-et-voliere/67531-jouet-mikado-pako-bec-tyrol-25cm.html
67542-67542;1478121;11;20170123;https://www.jardiland.com/animaux/oiseau/cages-volieres-et-accessoires/equipement-de-cage-et-voliere/67542-jouet-dippy-doo-pako-pat-tyrol.html
67536-67536;1478138;11;20170123;https://www.jardiland.com/animaux/oiseau/cages-volieres-et-accessoires/equipement-de-cage-et-voliere/67536-jouet-coco-boule-pako-sport-tyrol-35cm.html
67534-67534;1478140;11;20170123;https://www.jardiland.com/animaux/oiseau/cages-volieres-et-accessoires/equipement-de-cage-et-voliere/67534-jouet-climb-wall-pako-sport-tyrol-40cm.html
67527-67527;1478160;11;20170123;https://www.jardiland.com/animaux/oiseau/cages-volieres-et-accessoires/equipement-de-cage-et-voliere/67527-jouet-chichi-pako-bec-tyrol-20cm.html
67274-67274;1483641;11;20170123;https://www.jardiland.com/animaux/oiseau/cages-volieres-et-accessoires/equipement-de-cage-et-voliere/67274-echelle-corde-cuir.html
68382-68382;1457281;11;20170123;https://www.jardiland.com/animaux/oiseau/cages-volieres-et-accessoires/equipement-de-cage-et-voliere/68382-balle-tetines-24cm.html
67275-67275;1483634;11;20170123;https://www.jardiland.com/animaux/oiseau/cages-volieres-et-accessoires/equipement-de-cage-et-voliere/67275-balancoire-bois-cadre-fer.html
68812-68812;1439346;11;20170123;https://www.jardiland.com/animaux/oiseau/alimentation-et-friandises/friandise/68812-prest-sp-perroquets-exotic-nuts-750g.html
68811-68811;1439347;11;20170123;https://www.jardiland.com/animaux/oiseau/alimentation-et-friandises/friandise/68811-prest-sp-perroquets-exotic-light750g.html
68813-68813;1439345;11;20170123;https://www.jardiland.com/animaux/oiseau/alimentation-et-friandises/friandise/68813-prest-sp-hawai-sweetnoodle-parrot-400g.html
68815-68815;1439342;11;20170123;https://www.jardiland.com/animaux/oiseau/alimentation-et-friandises/alimentation-quotidienne/68815-prest-loro-parq-african-parakeet-1kg.html
68874-68874;1437426;11;20170123;https://www.jardiland.com/animaux/oiseau/alimentation-et-friandises/alimentation-quotidienne/68874-pic-or-melange-tourterelles-1-kg-tyrol.html
68875-68875;1437425;11;20170123;https://www.jardiland.com/animaux/oiseau/alimentation-et-friandises/alimentation-quotidienne/68875-pic-or-melange-perruches-1kg-tyrol.html
68876-68876;1437424;11;20170123;https://www.jardiland.com/animaux/oiseau/alimentation-et-friandises/alimentation-quotidienne/68876-pic-or-melange-canaris-1kg-tyrol.html
68810-68810;1439348;11;20170123;https://www.jardiland.com/animaux/oiseau/alimentation-et-friandises/complement-nutritionnel/68810-orlux-gold-patee-perruche-250g.html
66869-66869;538537;11;20170123;https://www.jardiland.com/animaux/oiseau/alimentation-et-friandises/complement-nutritionnel/66869-orlux-gold-patee-colorante-250g.html
67135-67135;1487413;11;20170123;https://www.jardiland.com/animaux/oiseau/alimentation-et-friandises/friandise/67135-crunchy-cake-x12-miel-fruits.html
67545-67545;1478028;11;20170123;https://www.jardiland.com/animaux/poisson/entretien-et-soins/produit-pour-plante/67545-proflora-bio160-2-1.html
67270-67270;1484387;11;20170123;https://www.jardiland.com/animaux/poisson/entretien-et-soins/produit-pour-l-eau/67270-jbl-starter-kit.html
67401-67401;1480312;11;20170123;https://www.jardiland.com/animaux/poisson/entretien-et-soins/produit-pour-plante/67401-jbl-co2-bout-500g-jetable.html
71326-71326;1305222;11;20170123;https://www.jardiland.com/animaux/poisson/materiel-chauffage-filtres-et-pompes/masse-de-filtration/71326-tetra-easy-crystal-filterpack-c100-1.html
68712-68712;1443542;11;20170123;https://www.jardiland.com/animaux/poisson/materiel-chauffage-filtres-et-pompes/filtre-exterieur/68712-sera-filtre-exterieur-130-uv-300l-h.html
67514-67514;1478448;11;20170123;https://www.jardiland.com/animaux/poisson/materiel-chauffage-filtres-et-pompes/nettoyage-aquarium/67514-port-lame-rapidcleaner.html
68890-68890;1436797;11;20170123;https://www.jardiland.com/animaux/poisson/materiel-chauffage-filtres-et-pompes/filtre-interieur/68890-new-rena-superclean-60-1.html
68891-68891;1436795;11;20170123;https://www.jardiland.com/animaux/poisson/materiel-chauffage-filtres-et-pompes/filtre-interieur/68891-new-rena-superclean-20-1.html
68888-68888;1436799;11;20170123;https://www.jardiland.com/animaux/poisson/materiel-chauffage-filtres-et-pompes/filtre-interieur/68888-new-rena-superclean-120-1.html
68777-68777;1440479;11;20170123;https://www.jardiland.com/animaux/poisson/materiel-chauffage-filtres-et-pompes/masse-de-filtration/68777-mousse-foam-taille-m-x1-1.html
68880-68880;1436811;11;20170123;https://www.jardiland.com/animaux/poisson/materiel-chauffage-filtres-et-pompes/masse-de-filtration/68880-mousse-90-120-30ppi.html
68881-68881;1436810;11;20170123;https://www.jardiland.com/animaux/poisson/materiel-chauffage-filtres-et-pompes/masse-de-filtration/68881-mousse-40-60-30ppi.html
67312-67312;1481081;11;20170123;https://www.jardiland.com/animaux/poisson/materiel-chauffage-filtres-et-pompes/aeration/67312-jard-tuyau-aeration-3m.html
67605-67605;1476253;11;20170123;https://www.jardiland.com/animaux/poisson/materiel-chauffage-filtres-et-pompes/chauffage/67605-jard-thermometre-digital-exterieur.html
67549-67549;1477960;11;20170123;https://www.jardiland.com/animaux/poisson/materiel-chauffage-filtres-et-pompes/aeration/67549-jard-repartiteur-2-sorties-x2-1.html
67941-67941;1473550;11;20170123;https://www.jardiland.com/animaux/poisson/materiel-chauffage-filtres-et-pompes/nettoyage-aquarium/67941-jard-epuisette-ronde-10cm.html
67626-67626;1475840;11;20170123;https://www.jardiland.com/animaux/poisson/materiel-chauffage-filtres-et-pompes/aeration/67626-jard-valve-anti-retour.html
67627-67627;1475836;11;20170123;https://www.jardiland.com/animaux/poisson/materiel-chauffage-filtres-et-pompes/autres-accessoires/67627-jard-pondoir-flottant.html
68778-68778;1440470;11;20170123;https://www.jardiland.com/animaux/poisson/materiel-chauffage-filtres-et-pompes/filtre-interieur/68778-filtre-interieur-cf80-1.html
67515-67515;1478447;11;20170123;https://www.jardiland.com/animaux/poisson/materiel-chauffage-filtres-et-pompes/nettoyage-aquarium/67515-eponge-nettoyante-90-rapidcleaner.html
68883-68883;1436805;11;20170123;https://www.jardiland.com/animaux/poisson/materiel-chauffage-filtres-et-pompes/masse-de-filtration/68883-crystal-90-120-x6-1.html
68884-68884;1436804;11;20170123;https://www.jardiland.com/animaux/poisson/materiel-chauffage-filtres-et-pompes/masse-de-filtration/68884-crystal-90-120-x2-1.html
68887-68887;1436800;11;20170123;https://www.jardiland.com/animaux/poisson/materiel-chauffage-filtres-et-pompes/masse-de-filtration/68887-crystal-20-x2-1.html
70559-70559;1393809;11;20170123;https://www.jardiland.com/animaux/poisson/materiel-chauffage-filtres-et-pompes/eclairage/70559-controleur-ultra-seal-25-30w-acu30x.html
68776-68776;1440485;11;20170123;https://www.jardiland.com/animaux/poisson/materiel-chauffage-filtres-et-pompes/masse-de-filtration/68776-cartouches-waterclear-taille-m-x1-1.html
68866-68866;1437453;11;20170123;https://www.jardiland.com/animaux/poisson/materiel-chauffage-filtres-et-pompes/masse-de-filtration/68866-cartouche-waterclear-taille-s-x2-1.html
67559-67559;1477813;11;20170123;https://www.jardiland.com/animaux/poisson/decoration-pour-aquarium/plante-artificielle/67559-suspension-bambou.html
70210-70210;1407977;11;20170123;https://www.jardiland.com/animaux/poisson/decoration-pour-aquarium/plante-artificielle/70210-plantes-pm-display.html
67560-67560;1477810;11;20170123;https://www.jardiland.com/animaux/poisson/decoration-pour-aquarium/plante-artificielle/67560-massif-rond-colore-jaune.html
70209-70209;1407979;11;20170123;https://www.jardiland.com/animaux/poisson/decoration-pour-aquarium/plante-artificielle/70209-massif-mm-mauve.html
68667-68667;1453039;11;20170123;https://www.jardiland.com/animaux/poisson/decoration-pour-aquarium/sable-et-autres-graviers/68667-jard-sable-blanc-fin-3l.html
67562-67562;1477808;11;20170123;https://www.jardiland.com/animaux/poisson/decoration-pour-aquarium/plante-artificielle/67562-herbe-mm-ass.html
72039-72039;1014825;11;20170123;https://www.jardiland.com/animaux/poisson/decoration-pour-aquarium/plante-artificielle/72039-feuillage-mm-2-brins-bambou.html
68675-68675;1451101;11;20170123;https://www.jardiland.com/animaux/poisson/decoration-pour-aquarium/plante-artificielle/68675-display-arbre-vert-mm.html
70774-70774;1365613;11;20170123;https://www.jardiland.com/animaux/poisson/decoration-pour-aquarium/plante-artificielle/70774-display-arbre-gm-par-26-1.html
68691-68691;1445590;11;20170123;https://www.jardiland.com/animaux/poisson/decoration-pour-aquarium/plante-artificielle/68691-decors-assortis.html
68264-68264;1463828;11;20170123;https://www.jardiland.com/animaux/poisson/decoration-pour-aquarium/decoration-d-aquarium/68264-decor-soldier-skull.html
68977-68977;1463805;11;20170123;https://www.jardiland.com/animaux/poisson/decoration-pour-aquarium/decoration-d-aquarium/68977-decor-sailor-ship-2-1.html
32410-6548;1014741;11;20170123;https://www.jardiland.com/animaux/poisson/decoration-pour-aquarium/plante-artificielle/32410-decor-pour-aquarium-buisson-fleur.html
70150-70150;1408758;11;20170123;https://www.jardiland.com/animaux/poisson/decoration-pour-aquarium/plante-artificielle/70150-decor-marin-bambou.html
67552-67552;1477828;11;20170123;https://www.jardiland.com/animaux/poisson/decoration-pour-aquarium/plante-artificielle/67552-decor-fluo.html
67551-67551;1477829;11;20170123;https://www.jardiland.com/animaux/poisson/decoration-pour-aquarium/plante-artificielle/67551-decor-ecrevisse.html
68193-68193;1463856;11;20170123;https://www.jardiland.com/animaux/poisson/decoration-pour-aquarium/decor-enfant/68193-decor-coral-module-l3-1.html
68194-68194;1463855;11;20170123;https://www.jardiland.com/animaux/poisson/decoration-pour-aquarium/decor-enfant/68194-decor-coral-module-l2-1.html
68195-68195;1463854;11;20170123;https://www.jardiland.com/animaux/poisson/decoration-pour-aquarium/decor-enfant/68195-decor-coral-module-l1-1.html
67555-67555;1477822;11;20170123;https://www.jardiland.com/animaux/poisson/decoration-pour-aquarium/plante-artificielle/67555-decor-corail.html
68975-68975;1463807;11;20170123;https://www.jardiland.com/animaux/poisson/decoration-pour-aquarium/decor-enfant/68975-decor-clown-fish-4-1.html
67564-67564;1477804;11;20170123;https://www.jardiland.com/animaux/poisson/decoration-pour-aquarium/plante-artificielle/67564-decor-223-display-ass.html
67553-67553;1477827;11;20170123;https://www.jardiland.com/animaux/poisson/decoration-pour-aquarium/plante-artificielle/67553-cabomba-mm.html
67550-67550;1477836;11;20170123;https://www.jardiland.com/animaux/poisson/decoration-pour-aquarium/plante-artificielle/67550-cabomba-gm.html
67556-67556;1477821;11;20170123;https://www.jardiland.com/animaux/poisson/decoration-pour-aquarium/plante-artificielle/67556-buisson-fleur-rouge.html
67557-67557;1477820;11;20170123;https://www.jardiland.com/animaux/poisson/decoration-pour-aquarium/plante-artificielle/67557-buisson-fleur-blanc.html
67566-67566;1477802;11;20170123;https://www.jardiland.com/animaux/poisson/decoration-pour-aquarium/plante-artificielle/67566-boule-pampa-gm.html
67554-67554;1477823;11;20170123;https://www.jardiland.com/animaux/poisson/decoration-pour-aquarium/plante-artificielle/67554-barre-sprengeri.html
67503-67503;1478522;11;20170123;https://www.jardiland.com/animaux/poisson/aquariums/aquarium-non-equipe/67503-le-cubik-coquelicot-7-5l-tyrol.html
67404-67404;1480249;11;20170123;https://www.jardiland.com/animaux/poisson/alimentation/pour-poisson-d-eau-chaude/67404-tetra-betta-larvasticks-85-ml.html
71193-71193;1328650;11;20170123;https://www.jardiland.com/animaux/poisson/alimentation/pour-poisson-d-eau-chaude/71193-nourriture-guppy-100ml-aquaprime.html
