ID_WEB;ID_JDN;CODEMAG;DATE_ASPI;URLPRODUIT
54705-54705;558385;123;20170117;https://www.jardiland.com/maison-deco/epicerie-fine/epicerie-sucree/confiserie/54705-perles-miel-gelee.html
4822-4822;821384;123;20170117;https://www.jardiland.com/maison-deco/epicerie-fine/epicerie-sucree/confiserie/4822-feves-assorties.html
1140-1140;1259007;123;20170117;https://www.jardiland.com/maison-deco/epicerie-fine/epicerie-sucree/confiserie/1140-bonbons-violette-sans-sucre.html
1144-1144;1259019;123;20170117;https://www.jardiland.com/maison-deco/epicerie-fine/epicerie-sucree/confiserie/1144-bonbons-miel-reglisse-sans-sucre.html
52759-52759;1392283;123;20170117;https://www.jardiland.com/maison-deco/art-de-la-table/vaisselle/tasse-bol-et-mug/52759-coffret-2-mugs-oiseaux.html
32882-8272;1260914;123;20170117;https://www.jardiland.com/maison-deco/cache-pot-d-interieur/cache-pot-simple/zinc/32882-seau-en-zinc.html
32862-10116;1349971;123;20170117;https://www.jardiland.com/maison-deco/cache-pot-d-interieur/cache-pot-simple/cache-pot-aimante/32862-pot-aimante-pyramide-kalamitica.html
32866-8417;1263402;123;20170117;https://www.jardiland.com/maison-deco/cache-pot-d-interieur/cache-pot-simple/cache-pot-aimante/32866-pot-aimante-cube-kalamitica.html
4923-4923;791000;123;20170117;https://www.jardiland.com/maison-deco/cheminee/accessoires-de-cheminee/accessoires/4923-poele-a-marrons.html
1935-1935;1333841;123;20170117;https://www.jardiland.com/maison-deco/objets-de-decoration/autres-objets-de-decoration/autres-objets-de-decoration/1935-ours-en-peluche.html
1263-1263;1274461;123;20170117;https://www.jardiland.com/maison-deco/objets-de-decoration/autres-objets-de-decoration/autres-objets-de-decoration/1263-coeur-en-pierre-8-cm.html
1815-1815;1385217;123;20170117;https://www.jardiland.com/maison-deco/objets-de-decoration/rangement-boites-et-paniers/coffret-et-boite-de-rangement/1815-pot-en-verre-avec-bouchon.html
51004-51004;1456333;123;20170117;https://www.jardiland.com/maison-deco/objets-de-decoration/rangement-boites-et-paniers/boite-fantaisie/51004-porte-monnaie-lilou-chat-violet.html
32327-14467;1440435;123;20170117;https://www.jardiland.com/animaux/oiseau-de-la-nature/alimentation/32327-cylindre-de-graisse-pour-oiseaux.html
32551-24688;803561;123;20170117;https://www.jardiland.com/animaux/reptiles-et-insectes/soins-et-entretien/sable-et-substrat/32551-jbl-terrasand.html
60054-60054;894568;123;20170117;https://www.jardiland.com/animaux/poisson/entretien-et-soins/produit-pour-poisson/60054-sera-med-flagellol.html
43359-42720;544394;123;20170117;https://www.jardiland.com/animaux/poisson/entretien-et-soins/produit-pour-l-eau/43359-sera-baktopur.html
32488-27503;875397;123;20170117;https://www.jardiland.com/animaux/poisson/materiel-chauffage-filtres-et-pompes/eclairage/32488-tube-high-lite-day.html
5175-5175;957360;123;20170117;https://www.jardiland.com/animaux/poisson/materiel-chauffage-filtres-et-pompes/chauffage/5175-thermometre-digital-exterieur.html
5761-5761;957355;123;20170117;https://www.jardiland.com/animaux/poisson/materiel-chauffage-filtres-et-pompes/aeration/5761-set-aeration-repartiteur-2-robinets.html
5759-5759;957353;123;20170117;https://www.jardiland.com/animaux/poisson/materiel-chauffage-filtres-et-pompes/aeration/5759-robinet-plastique-1-sortie-x2-1.html
5760-5760;957354;123;20170117;https://www.jardiland.com/animaux/poisson/materiel-chauffage-filtres-et-pompes/aeration/5760-repartiteur-2-sorties-x2-1.html
32539-15011;537745;123;20170117;https://www.jardiland.com/animaux/poisson/materiel-chauffage-filtres-et-pompes/pompe/32539-pompe-new-jet.html
32475-9799;1314976;123;20170117;https://www.jardiland.com/animaux/poisson/materiel-chauffage-filtres-et-pompes/aeration/32475-pompe-a-air-newair.html
3769-3769;543867;123;20170117;https://www.jardiland.com/animaux/poisson/materiel-chauffage-filtres-et-pompes/nettoyage-aquarium/3769-jbl-gant-de-nettoyage.html
222-222;1014905;123;20170117;https://www.jardiland.com/animaux/poisson/materiel-chauffage-filtres-et-pompes/autres-accessoires/222-jbl-artemiomix.html
43364-52937;892220;123;20170117;https://www.jardiland.com/animaux/poisson/materiel-chauffage-filtres-et-pompes/masse-de-filtration/43364-ehfimech.html
5520-5520;957344;123;20170117;https://www.jardiland.com/animaux/poisson/materiel-chauffage-filtres-et-pompes/aeration/5520-diffuseur-d-air-cylindrique-5-cm.html
32472-29868;957335;123;20170117;https://www.jardiland.com/animaux/poisson/materiel-chauffage-filtres-et-pompes/aeration/32472-diffuseur-d-air-barre.html
32472-29572;957333;123;20170117;https://www.jardiland.com/animaux/poisson/materiel-chauffage-filtres-et-pompes/aeration/32472-diffuseur-d-air-barre.html
32531-15318;543748;123;20170117;https://www.jardiland.com/animaux/poisson/materiel-chauffage-filtres-et-pompes/masse-de-filtration/32531-charbon-de-filtration-actikool.html
5317-5317;867709;123;20170117;https://www.jardiland.com/animaux/poisson/decoration-pour-aquarium/sable-et-autres-graviers/5317-sable-de-loire-3-litres.html
5316-5316;867702;123;20170117;https://www.jardiland.com/animaux/poisson/decoration-pour-aquarium/sable-et-autres-graviers/5316-quartz-naturel-3-litres.html
32429-27130;867714;123;20170117;https://www.jardiland.com/animaux/poisson/decoration-pour-aquarium/sable-et-autres-graviers/32429-quartz-fluo-1-kg.html
32433-8183;1261001;123;20170117;https://www.jardiland.com/animaux/poisson/decoration-pour-aquarium/sable-et-autres-graviers/32433-quartz-couleur-deco-1-kg.html
32432-27115;867697;123;20170117;https://www.jardiland.com/animaux/poisson/decoration-pour-aquarium/sable-et-autres-graviers/32432-quartz-3-litres.html
32431-27132;867716;123;20170117;https://www.jardiland.com/animaux/poisson/decoration-pour-aquarium/sable-et-autres-graviers/32431-quartz-2-kg.html
32430-27141;867727;123;20170117;https://www.jardiland.com/animaux/poisson/decoration-pour-aquarium/sable-et-autres-graviers/32430-quartz-15-kg.html
344-344;1018405;123;20170117;https://www.jardiland.com/animaux/poisson/decoration-pour-aquarium/decoration-d-aquarium/344-decoration-pierre-et-bonsai.html
41002-41002;1344151;123;20170117;https://www.jardiland.com/animaux/poisson/aquariums/aquarium-decoratif/41002-aquarium-nexus-pure.html
31833-9810;1315053;123;20170117;https://www.jardiland.com/animaux/chat/soins-antiparasitaires/insecticide/31833-advantage-40-pour-chat.html
546-546;1248202;123;20170117;https://www.jardiland.com/animaux/chat/jeux-et-jouets/546-jouet-pour-chat-shiny.html
1961-1961;1338355;123;20170117;https://www.jardiland.com/animaux/chat/jeux-et-jouets/1961-jouet-pour-chat-canne-a-peche.html
1804-1804;1336279;123;20170117;https://www.jardiland.com/animaux/chat/hygiene-soins-et-litieres/soin-de-toilettage/1804-shampooing-demelant-pour-chat-et-chaton.html
2289-2289;1373563;123;20170117;https://www.jardiland.com/animaux/chat/gamelles-ecuelles-et-distributeurs/distributeur-d-eau-et-croquette/2289-cartouches-pour-fontaine-sense.html
31723-15811;578424;123;20170117;https://www.jardiland.com/animaux/chat/alimentation-et-friandises/croquette-pour-chat/31723-science-plan-senior-poulet.html
31725-6047;1002503;123;20170117;https://www.jardiland.com/animaux/chat/alimentation-et-friandises/croquette-pour-chat/31725-science-plan-feline-sterilised-cat-mature.html
31730-15809;578420;123;20170117;https://www.jardiland.com/animaux/chat/alimentation-et-friandises/croquette-pour-chat/31730-science-plan-feline-adult.html
31741-26109;837977;123;20170117;https://www.jardiland.com/animaux/chat/alimentation-et-friandises/croquette-pour-chat/31741-royal-canin-pure-feline-n-01-beauty.html
31759-41325;1386355;123;20170117;https://www.jardiland.com/animaux/chat/alimentation-et-friandises/croquette-pour-chat/31759-royal-canin-feline-mother-babycat.html
31696-8250;1260290;123;20170117;https://www.jardiland.com/animaux/chat/alimentation-et-friandises/boite-et-sachet-fraicheur/31696-almo-nature-rouge-label.html
31696-8249;1260287;123;20170117;https://www.jardiland.com/animaux/chat/alimentation-et-friandises/boite-et-sachet-fraicheur/31696-almo-nature-rouge-label.html
2672-2672;1414756;123;20170117;https://www.jardiland.com/animaux/rongeurs-et-petits-mammiferes/hygiene-et-soins/litiere/2672-paille-pour-rongeurs.html
32650-27666;878130;123;20170117;https://www.jardiland.com/animaux/rongeurs-et-petits-mammiferes/hygiene-et-soins/litiere/32650-litiere-de-chanvre.html
32650-27665;878129;123;20170117;https://www.jardiland.com/animaux/rongeurs-et-petits-mammiferes/hygiene-et-soins/litiere/32650-litiere-de-chanvre.html
2898-2898;1403698;123;20170117;https://www.jardiland.com/animaux/rongeurs-et-petits-mammiferes/hygiene-et-soins/litiere/2898-litiere-confort-bois-nature.html
53589-53589;539169;123;20170117;https://www.jardiland.com/animaux/rongeurs-et-petits-mammiferes/habitats-cages-et-accessoires/cage/53589-cage-tube-line-paula.html
5445-5445;878135;123;20170117;https://www.jardiland.com/animaux/rongeurs-et-petits-mammiferes/aliments-et-friandises/foin-et-fourrage/5445-foin-excellence.html
1801-1801;1336276;123;20170117;https://www.jardiland.com/animaux/chien/hygiene-et-soins/soin-de-toilettage/1801-shampooing-poils-blancs-clairs-pour-chien.html
1024-1024;1336281;123;20170117;https://www.jardiland.com/animaux/chien/hygiene-et-soins/soin-de-toilettage/1024-shampooing-anti-odeurs-pour-chien.html
40947-40947;1403382;123;20170117;https://www.jardiland.com/animaux/chien/education/tapis-educateur-et-repulsif/40947-tapis-educateur-pour-chien-ou-chat.html
32127-27162;868538;123;20170117;https://www.jardiland.com/animaux/chien/education/tapis-educateur-et-repulsif/32127-tapis-educateur-x-6-1.html
32001-13034;1401221;123;20170117;https://www.jardiland.com/animaux/chien/colliers-laisses-et-vetements/accessoires/32001-pendentif-lumineux-securite-pour-chien.html
32110-12577;1394653;123;20170117;https://www.jardiland.com/animaux/chien/colliers-laisses-et-vetements/manteau-pour-chien/32110-doudoune-pour-chien.html
32033-11729;1372304;123;20170117;https://www.jardiland.com/animaux/chien/colliers-laisses-et-vetements/collier-pour-chien/32033-collier-pour-chien-en-cuir.html
54386-59838;1434639;123;20170117;https://www.jardiland.com/animaux/chien/colliers-laisses-et-vetements/collier-pour-chien/54386-collier-nylon.html
54386-56068;1434642;123;20170117;https://www.jardiland.com/animaux/chien/colliers-laisses-et-vetements/collier-pour-chien/54386-collier-nylon.html
32186-6095;1016491;123;20170117;https://www.jardiland.com/animaux/chien/jeux-et-jouets/jouet-en-caoutchouc-et-latex/32186-jouet-pour-chien.html
32240-22019;660339;123;20170117;https://www.jardiland.com/animaux/chien/niches-couchage-et-transport/tapis/32240-coussin-plat-kilt.html
32240-22017;660337;123;20170117;https://www.jardiland.com/animaux/chien/niches-couchage-et-transport/tapis/32240-coussin-plat-kilt.html
32133-9868;1318331;123;20170117;https://www.jardiland.com/animaux/chien/gamelles-ecuelles-et-distributeurs/distributeur-d-eau-et-croquette/32133-distributeur-d-eau.html
31930-8035;1252670;123;20170117;https://www.jardiland.com/animaux/chien/alimentation-et-friandises/croquette-pour-chien/31930-royal-canin-mini-junior.html
4764-4764;647496;123;20170117;https://www.jardiland.com/animaux/chien/alimentation-et-friandises/biscuit/4764-pedigree-markies-junior.html
31990-7066;1209678;123;20170117;https://www.jardiland.com/animaux/chien/alimentation-et-friandises/os-a-macher/31990-os-presses.html
46080-44461;537302;123;20170117;https://www.jardiland.com/animaux/chien/alimentation-et-friandises/croquette-pour-chien/46080-eukanuba-adult-maintenance-moyenne-race.html
31870-41362;1405459;123;20170117;https://www.jardiland.com/animaux/chien/alimentation-et-friandises/croquette-pour-chien/31870-dog-chow-complet.html
31863-12658;1393668;123;20170117;https://www.jardiland.com/animaux/chien/alimentation-et-friandises/croquette-pour-chien/31863-dog-chow-adult-agneau-riz.html
40486-39963;904478;123;20170117;https://www.jardiland.com/amenagement-du-jardin/bassins-et-jardin-aquatique/materiel/40486-fontaine-solaire-sunjet-150-1.html
31158-56201;998068;123;20170117;https://www.jardiland.com/amenagement-du-jardin/abris-de-jardin-serres-et-rangements/rangement-de-jardin/31158-coffre-de-rangement.html
363-363;1208199;123;20170117;https://www.jardiland.com/amenagement-du-jardin/loisirs-plein-air/jouets/363-figurine-kangourou-et-son-bebe.html
365-365;1208211;123;20170117;https://www.jardiland.com/amenagement-du-jardin/loisirs-plein-air/jouets/365-figurine-girafe.html
371-371;1208245;123;20170117;https://www.jardiland.com/amenagement-du-jardin/loisirs-plein-air/jouets/371-figurine-bebe-gorille.html
36644-36644;1319250;123;20170117;https://www.jardiland.com/amenagement-du-jardin/decorations/statues-et-figurines/36644-carillon-eolien-en-bambou.html
31437-10551;1350324;123;20170117;https://www.jardiland.com/amenagement-du-jardin/pots-bacs-jardinieres-et-supports/en-email/31437-pot-en-email-odysee.html
31499-9276;1294705;123;20170117;https://www.jardiland.com/amenagement-du-jardin/pots-bacs-jardinieres-et-supports/en-fibre/31499-plat-carre-en-fibre-dustwood.html
108-108;1001634;123;20170117;https://www.jardiland.com/amenagement-du-jardin/pots-bacs-jardinieres-et-supports/en-terre-cuite/108-pot-en-terre-cuite-o-21-cm.html
1347-1347;1289280;123;20170117;https://www.jardiland.com/amenagement-du-jardin/pots-bacs-jardinieres-et-supports/en-terre-cuite/1347-pot-en-terre-cuite-basalt-oo-45-x-ho-51-1.html
1370-1370;1292384;123;20170117;https://www.jardiland.com/amenagement-du-jardin/pots-bacs-jardinieres-et-supports/en-terre-cuite/1370-jardiniere-en-terre-cuite-contemporaine.html
50774-6617;1015691;123;20170117;https://www.jardiland.com/amenagement-du-jardin/pots-bacs-jardinieres-et-supports/en-plastique/50774-soucoupe-en-plastique-teramo.html
31572-14273;1433689;123;20170117;https://www.jardiland.com/amenagement-du-jardin/pots-bacs-jardinieres-et-supports/en-plastique/31572-soucoupe-en-plastique-romeo.html
31572-11195;1360593;123;20170117;https://www.jardiland.com/amenagement-du-jardin/pots-bacs-jardinieres-et-supports/en-plastique/31572-soucoupe-en-plastique-romeo.html
31572-11147;1360565;123;20170117;https://www.jardiland.com/amenagement-du-jardin/pots-bacs-jardinieres-et-supports/en-plastique/31572-soucoupe-en-plastique-romeo.html
31523-11032;1360442;123;20170117;https://www.jardiland.com/amenagement-du-jardin/pots-bacs-jardinieres-et-supports/en-plastique/31523-soucoupe-en-plastique-prisca.html
31512-15491;568085;123;20170117;https://www.jardiland.com/amenagement-du-jardin/pots-bacs-jardinieres-et-supports/en-plastique/31512-soucoupe-en-plastique-granprisca.html
31512-6623;1015708;123;20170117;https://www.jardiland.com/amenagement-du-jardin/pots-bacs-jardinieres-et-supports/en-plastique/31512-soucoupe-en-plastique-granprisca.html
31573-30489;974505;123;20170117;https://www.jardiland.com/amenagement-du-jardin/pots-bacs-jardinieres-et-supports/en-plastique/31573-soucoupe-en-plastique-ecomix.html
31573-30488;974504;123;20170117;https://www.jardiland.com/amenagement-du-jardin/pots-bacs-jardinieres-et-supports/en-plastique/31573-soucoupe-en-plastique-ecomix.html
31573-11216;1360616;123;20170117;https://www.jardiland.com/amenagement-du-jardin/pots-bacs-jardinieres-et-supports/en-plastique/31573-soucoupe-en-plastique-ecomix.html
31549-41380;1405028;123;20170117;https://www.jardiland.com/amenagement-du-jardin/pots-bacs-jardinieres-et-supports/en-plastique/31549-pot-romeo.html
31549-11105;1360520;123;20170117;https://www.jardiland.com/amenagement-du-jardin/pots-bacs-jardinieres-et-supports/en-plastique/31549-pot-romeo.html
31549-11093;1360508;123;20170117;https://www.jardiland.com/amenagement-du-jardin/pots-bacs-jardinieres-et-supports/en-plastique/31549-pot-romeo.html
31549-11089;1360504;123;20170117;https://www.jardiland.com/amenagement-du-jardin/pots-bacs-jardinieres-et-supports/en-plastique/31549-pot-romeo.html
31549-11077;1360492;123;20170117;https://www.jardiland.com/amenagement-du-jardin/pots-bacs-jardinieres-et-supports/en-plastique/31549-pot-romeo.html
31558-9146;1292120;123;20170117;https://www.jardiland.com/amenagement-du-jardin/pots-bacs-jardinieres-et-supports/en-plastique/31558-pot-en-plastique-samba.html
31535-10897;1359814;123;20170117;https://www.jardiland.com/amenagement-du-jardin/pots-bacs-jardinieres-et-supports/en-plastique/31535-pot-en-plastique-green-basics.html
31574-11219;1360620;123;20170117;https://www.jardiland.com/amenagement-du-jardin/pots-bacs-jardinieres-et-supports/en-plastique/31574-crochet-de-suspension.html
31548-11061;1360474;123;20170117;https://www.jardiland.com/amenagement-du-jardin/pots-bacs-jardinieres-et-supports/en-plastique/31548-bac-en-plastique-romeo.html
5604-5604;927995;123;20170117;https://www.jardiland.com/amenagement-du-jardin/amenagement/bordures/5604-bordure-en-pierre-imitation-bambou.html
31163-19504;604139;123;20170117;https://www.jardiland.com/amenagement-du-jardin/amenagement/bordures/31163-bordure-a-gazon.html
31196-39646;802772;123;20170117;https://www.jardiland.com/amenagement-du-jardin/amenagement/occultations/31196-haie-artificielle-campovert.html
42127-42127;1364110;123;20170117;https://www.jardiland.com/amenagement-du-jardin/barbecues-cuisine-exterieur/autres/accessoires-de-barbecue/42127-housse-pour-plancha-60-1.html
42126-42126;1364107;123;20170117;https://www.jardiland.com/amenagement-du-jardin/barbecues-cuisine-exterieur/autres/accessoires-de-barbecue/42126-housse-pour-plancha-45-1.html
1855-1855;1317506;123;20170117;https://www.jardiland.com/amenagement-du-jardin/barbecues-cuisine-exterieur/autres/combustible/1855-briquettes-de-charbon-de-bois.html
31218-12766;1396476;123;20170117;https://www.jardiland.com/amenagement-du-jardin/barbecues-cuisine-exterieur/au-charbon/31218-barbecue-au-charbon-master-touch-gbs-57-cm.html
31218-12764;1396474;123;20170117;https://www.jardiland.com/amenagement-du-jardin/barbecues-cuisine-exterieur/au-charbon/31218-barbecue-au-charbon-master-touch-gbs-57-cm.html
31301-12981;1400685;123;20170117;https://www.jardiland.com/amenagement-du-jardin/eclairage-et-chauffage-d-exterieur/bougies-d-exterieur/31301-bougie-en-terrine-taille-s.html
31301-12978;1400682;123;20170117;https://www.jardiland.com/amenagement-du-jardin/eclairage-et-chauffage-d-exterieur/bougies-d-exterieur/31301-bougie-en-terrine-taille-s.html
31301-12796;1400681;123;20170117;https://www.jardiland.com/amenagement-du-jardin/eclairage-et-chauffage-d-exterieur/bougies-d-exterieur/31301-bougie-en-terrine-taille-s.html
31302-12779;1397838;123;20170117;https://www.jardiland.com/amenagement-du-jardin/eclairage-et-chauffage-d-exterieur/eclairage-solaire/31302-lanterne-solaire-coloree.html
5205-5205;936403;123;20170117;https://www.jardiland.com/amenagement-du-jardin/eclairage-et-chauffage-d-exterieur/eclairage-solaire/5205-borne-solaire-en-metal.html
1180-1180;1296506;123;20170117;https://www.jardiland.com/amenagement-du-jardin/parasols-tonnelles-et-voiles-d-ombrage/parasols-et-accessoires/accessoires/1180-pied-de-parasol-en-bois-20-kg.html
31321-10652;1350706;123;20170117;https://www.jardiland.com/amenagement-du-jardin/mobilier-de-jardin/accessoires-coussins-et-entretien/coussin/31321-polochon.html
31348-14141;1428347;123;20170117;https://www.jardiland.com/amenagement-du-jardin/mobilier-de-jardin/bains-de-soleil-et-hamacs/transat-et-chilienne/31348-fauteuil-relax-futura-clip-batyline.html
31344-30489;974505;123;20170117;https://www.jardiland.com/amenagement-du-jardin/mobilier-de-jardin/bains-de-soleil-et-hamacs/transat-et-chilienne/31344-fauteuil-relax-evolution-air-comfort.html
31379-13295;1403894;123;20170117;https://www.jardiland.com/amenagement-du-jardin/mobilier-de-jardin/salon-de-jardin/mobilier-pliant/31379-chaise-lys.html
40504-38193;1371239;123;20170117;https://www.jardiland.com/amenagement-du-jardin/mobilier-de-jardin/salon-de-jardin/salon-en-bi-matiere/40504-chaise-keneah.html
53757-53757;1392863;123;20170117;https://www.jardiland.com/jardinage/bricolage-droguerie/insecticides-menagers/insecticide-volant-et-rampant/53757-spray-insectes-volants.html
58310-58310;577241;123;20170117;https://www.jardiland.com/jardinage/bricolage-droguerie/insecticides-menagers/insecticide-volant-et-rampant/58310-piege-a-guepes-pomme.html
42337-42337;604103;123;20170117;https://www.jardiland.com/jardinage/semis-protections-et-accessoires-de-jardinage/accessoires-de-semis/autres-accessoires-de-semis/42337-patins-aerateurs-de-pelouse.html
5886-5886;981746;123;20170117;https://www.jardiland.com/jardinage/arrosage/arrosage-goutte-a-goutte/5886-reducteur-t-13mme4e6-mm.html
1831-1831;1315235;123;20170117;https://www.jardiland.com/jardinage/arrosage/tuyaux-devidoirs-lances-et-pistolets/raccord/1831-raccord-rapide-o13o15-mm.html
1786-1786;1315212;123;20170117;https://www.jardiland.com/jardinage/arrosage/tuyaux-devidoirs-lances-et-pistolets/pistolet/1786-pistolet-multi-jets.html
1828-1828;1315231;123;20170117;https://www.jardiland.com/jardinage/arrosage/tuyaux-devidoirs-lances-et-pistolets/raccord/1828-necessaire-de-connexion-15-mm.html
4896-4896;659144;123;20170117;https://www.jardiland.com/jardinage/arrosage/tuyaux-devidoirs-lances-et-pistolets/pistolet/4896-lance-d-arrosage-multijets-comfort.html
56541-56541;574426;123;20170117;https://www.jardiland.com/jardinage/arrosage/arrosoirs/56541-arrosoir-rond-galvanise-1-l.html
32668-49395;1403951;123;20170117;https://www.jardiland.com/jardinage/arrosage/arrosoirs/32668-arrosoir-parisien.html
32665-54628;574408;123;20170117;https://www.jardiland.com/jardinage/arrosage/arrosoirs/32665-arrosoir-ovale-pomme.html
54696-54696;576409;123;20170117;https://www.jardiland.com/jardinage/arrosage/arrosoirs/54696-arrosoir-donna-2-l.html
56534-56534;721564;123;20170117;https://www.jardiland.com/jardinage/outils-et-materiel-du-jardinier/autres-outils/composteur/56534-silo-a-compost.html
57795-57795;577089;123;20170117;https://www.jardiland.com/jardinage/outils-et-materiel-du-jardinier/outils-de-taille/secateur/57795-secateur-de-jardin-19-cm.html
4557-4557;574372;123;20170117;https://www.jardiland.com/jardinage/outils-et-materiel-du-jardinier/outils-de-taille/outil-de-taille/4557-echenilloir-multi-star.html
41079-41079;1013973;123;20170117;https://www.jardiland.com/jardinage/outils-et-materiel-du-jardinier/petits-outils-a-main/transplantoir/41079-transplantoir-tri-matiere.html
4472-4472;573879;123;20170117;https://www.jardiland.com/jardinage/outils-et-materiel-du-jardinier/petits-outils-a-main/serfouette/4472-serfouette-a-fleurs-panne-et-fourche-manche-en-bois.html
36783-36783;574352;123;20170117;https://www.jardiland.com/jardinage/outils-et-materiel-du-jardinier/grands-outils-de-jardin/autres-grands-outils/36783-sarcleuse-lame-oscillante-multi-star.html
36781-36781;573921;123;20170117;https://www.jardiland.com/jardinage/outils-et-materiel-du-jardinier/grands-outils-de-jardin/autres-grands-outils/36781-ratissoire-a-tirer.html
3937-3937;573938;123;20170117;https://www.jardiland.com/jardinage/outils-et-materiel-du-jardinier/grands-outils-de-jardin/binette-houe-et-serfouette/3937-binette-facon-nanterre.html
4487-4487;573915;123;20170117;https://www.jardiland.com/jardinage/outils-et-materiel-du-jardinier/grands-outils-de-jardin/binette-houe-et-serfouette/4487-binette-a-rosiers-soudee.html
54700-54700;573718;123;20170117;https://www.jardiland.com/jardinage/outils-et-materiel-du-jardinier/grands-outils-de-jardin/bechee-louchet-et-pelle/54700-beche-a-rebord.html
50862-27197;875395;123;20170117;https://www.jardiland.com/jardinage/equipement-du-jardinier/gants/50862-gants-travaux-intensifs.html
32739-9656;1307169;123;20170117;https://www.jardiland.com/jardinage/equipement-du-jardinier/gants/32739-gants-tous-travaux-etanche.html
54921-54921;577225;123;20170117;https://www.jardiland.com/jardinage/entretien-et-traitements/pulverisateurs/pulverisateur-a-pression/54921-pulverisateur-total-7-desherbage.html
53345-53345;877262;123;20170117;https://www.jardiland.com/jardinage/entretien-et-traitements/traitements-des-plantes-et-lutte-bio/autres-traitements/53345-baume-pelton.html
32696-53143;1401612;123;20170117;https://www.jardiland.com/jardinage/entretien-et-traitements/engrais/engrais-pour-arbres-et-fleurs-du-jardin/32696-engrais-rosiers-et-arbustes-a-fleurs.html
53370-53370;874520;123;20170117;https://www.jardiland.com/jardinage/entretien-et-traitements/engrais/engrais-pour-plantes-d-interieur/53370-engrais-plantes-vertes-tonique-bio.html
406-406;1224609;123;20170117;https://www.jardiland.com/jardinage/entretien-et-traitements/engrais/engrais-pour-fruits-et-legumes/406-engrais-plantes-mediterraneennes-et-agrumes-1l-jardiland.html
32697-53142;1401615;123;20170117;https://www.jardiland.com/jardinage/entretien-et-traitements/engrais/engrais-pour-arbres-et-fleurs-du-jardin/32697-engrais-geraniums-et-balconnieres.html
58743-58720;829153;123;20170117;https://www.jardiland.com/jardinage/entretien-et-traitements/engrais/engrais-matieres-premieres/58743-corne-broyee.html
5242-5242;803520;123;20170117;https://www.jardiland.com/jardinage/paillage-et-amendement/amendement/tourbe/5242-tourbe-blonde.html
42349-42349;974268;123;20170117;https://www.jardiland.com/jardinage/terreau/terreau-pour-jardin-et-potager/terreau-pour-rosier/42349-terre-parfaite-rosiers.html
37681-37681;1381687;123;20170117;https://www.jardiland.com/plantes/sapins-de-noel/sapins-artificiels/sapin-artificiel-vert/37681-sapin-toile-de-jute-60-cm.html
37669-37669;707070;123;20170117;https://www.jardiland.com/plantes/sapins-de-noel/sapins-artificiels/sapin-artificiel-blanc/37669-sapin-artificiel-icelandic-215-cm.html
40835-38642;556334;123;20170117;https://www.jardiland.com/plantes/sapins-de-noel/supports-pieds-et-accessoires-de-sapin/40835-pied-de-sapin-en-fer-o-7-cm.html
37647-37647;1329613;123;20170117;https://www.jardiland.com/plantes/sapins-de-noel/sapins-artificiels/autres-sapins-artificiels/37647-guirlande-de-sapin-vert-l-180-cm.html
56463-56248;841266;123;20170117;https://www.jardiland.com/plantes/plantes-d-interieur/cactus-et-plantes-grasses/succulentes/56463-pachypodium-lamerei.html
35672-39320;662601;123;20170117;https://www.jardiland.com/plantes/plantes-d-interieur/cactus-et-plantes-grasses/succulentes/35672-pachypodium-lamerei.html
35597-22628;686548;123;20170117;https://www.jardiland.com/plantes/plantes-d-interieur/cactus-et-plantes-grasses/aloe/35597-aloe-vera.html
36125-42579;1338454;123;20170117;https://www.jardiland.com/plantes/plantes-d-interieur/plantes-vertes/zamioculcas/36125-zamioculcas-zamiifolia.html
36066-29525;948643;123;20170117;https://www.jardiland.com/plantes/plantes-d-interieur/plantes-vertes/nolina-beaucarnea/36066-pied-d-elephant.html
36045-24831;806966;123;20170117;https://www.jardiland.com/plantes/plantes-d-interieur/plantes-vertes/kentia/36045-kentia-de-foster.html
36024-28392;905530;123;20170117;https://www.jardiland.com/plantes/plantes-d-interieur/plantes-vertes/fittonia/36024-fittonia-mini-plante.html
5963-5963;716499;123;20170117;https://www.jardiland.com/plantes/plantes-d-interieur/plantes-vertes/fittonia/5963-fittonia-mini-plante.html
35852-10233;1344333;123;20170117;https://www.jardiland.com/plantes/plantes-d-interieur/plantes-vertes/aralia-dizygotheca-fatsia/35852-fatsia-japonica.html
35970-62430;1481982;123;20170117;https://www.jardiland.com/plantes/plantes-d-interieur/plantes-vertes/dracaena/35970-dracaena-fragrans-white-jewel.html
35887-44555;1018900;123;20170117;https://www.jardiland.com/plantes/plantes-d-interieur/plantes-vertes/autres-plantes-vertes/35887-davallia-humata-tyermanni.html
35917-12240;1381542;123;20170117;https://www.jardiland.com/plantes/plantes-d-interieur/plantes-vertes/calathea/35917-calathea-zebrina.html
40731-40137;901665;123;20170117;https://www.jardiland.com/plantes/plantes-d-interieur/orchidees/autres-orchidees/40731-vanille.html
35704-28716;920088;123;20170117;https://www.jardiland.com/plantes/plantes-d-interieur/orchidees/phalaenopsis/35704-orchidee-phalaenopsis-grandiflora.html
35826-62605;1379316;123;20170117;https://www.jardiland.com/plantes/plantes-d-interieur/plantes-fleuries/rosier-miniature/35826-rosier-kordanar-mini-plante.html
48186-48034;741752;123;20170117;https://www.jardiland.com/plantes/plantes-d-interieur/plantes-fleuries/lis/48186-lys-oriental.html
35795-20420;631964;123;20170117;https://www.jardiland.com/plantes/plantes-d-interieur/plantes-fleuries/impatiens-de-nouvelle-guinee/35795-impatiens-de-nouvelle-guinee.html
35784-42940;653479;123;20170117;https://www.jardiland.com/plantes/plantes-d-interieur/plantes-fleuries/gardenia/35784-gardenia-jasminoides-augusta.html
35782-43221;920019;123;20170117;https://www.jardiland.com/plantes/plantes-d-interieur/plantes-fleuries/exacum/35782-exacum-affine-blanc-mini-plante.html
35774-45264;831826;123;20170117;https://www.jardiland.com/plantes/plantes-d-interieur/plantes-fleuries/curcuma/35774-curcuma.html
35729-45628;634802;123;20170117;https://www.jardiland.com/plantes/plantes-d-interieur/plantes-fleuries/anthurium/35729-anthurium-pink-champion.html
53815-53815;1254085;123;20170117;https://www.jardiland.com/plantes/graines-et-gazon/gazon-et-prairies-fleuries/prairie-fleurie/53815-prairie-fleurie-terrain-sec.html
634-634;1254090;123;20170117;https://www.jardiland.com/plantes/graines-et-gazon/gazon-et-prairies-fleuries/prairie-fleurie/634-prairie-fleurie-jachere-durable.html
58865-58865;1402369;123;20170117;https://www.jardiland.com/plantes/graines-et-gazon/gazon-et-prairies-fleuries/autres-gazons/58865-kikuyu-300-g.html
36882-36882;877498;123;20170117;https://www.jardiland.com/plantes/graines-et-gazon/gazon-et-prairies-fleuries/gazon-de-reparation-et-regarnissage/36882-gazon-regarnissage-express.html
40717-40396;975241;123;20170117;https://www.jardiland.com/plantes/graines-et-gazon/gazon-et-prairies-fleuries/gazon-anglais/40717-gazon-detente.html
53457-53457;565871;123;20170117;https://www.jardiland.com/plantes/graines-et-gazon/graines-de-fleurs/fleurs-annuelles/53457-lin-annuel-saumon.html
58887-58887;1254221;123;20170117;https://www.jardiland.com/plantes/graines-et-gazon/graines-de-fleurs/fleurs-annuelles/58887-kit-a-semer-pere-noel.html
42372-42372;1310993;123;20170117;https://www.jardiland.com/plantes/graines-et-gazon/graines-de-fleurs/fleurs-vivaces/42372-digitale-gant-de-notre-dame.html
56543-56543;565428;123;20170117;https://www.jardiland.com/plantes/graines-et-gazon/graines-de-fleurs/fleurs-vivaces/56543-cineraire-maritime.html
53523-53523;564177;123;20170117;https://www.jardiland.com/plantes/graines-et-gazon/graines-potageres-et-aromatiques/courges-melons/53523-pasteque-sugar-baby.html
53514-53514;564194;123;20170117;https://www.jardiland.com/plantes/graines-et-gazon/graines-potageres-et-aromatiques/oignons/53514-oignon-rouge-de-brunswick.html
5052-5052;695384;123;20170117;https://www.jardiland.com/plantes/graines-et-gazon/graines-potageres-et-aromatiques/oignons/5052-oignon-blanc-tres-hatif-de-la-reine.html
53536-53536;564148;123;20170117;https://www.jardiland.com/plantes/graines-et-gazon/graines-potageres-et-aromatiques/salades/53536-laitue-grasse-craquerelle-du-midi.html
4984-4984;682042;123;20170117;https://www.jardiland.com/plantes/graines-et-gazon/graines-potageres-et-aromatiques/salades/4984-laitue-batavia-reine-des-glaces.html
5003-5003;682084;123;20170117;https://www.jardiland.com/plantes/graines-et-gazon/graines-potageres-et-aromatiques/haricots/5003-haricot-a-rames-mangetout-phenomene-150-g.html
53479-53479;564687;123;20170117;https://www.jardiland.com/plantes/graines-et-gazon/graines-potageres-et-aromatiques/choux/53479-chou-brocoli-romanesco.html
42081-18663;597346;123;20170117;https://www.jardiland.com/plantes/potager-et-verger/fruitiers/pommier/42081-pommier-reinette-clochard.html
45954-22058;684863;123;20170117;https://www.jardiland.com/plantes/potager-et-verger/fruitiers/pommier/45954-pommier-golden-delicious.html
42056-18361;596763;123;20170117;https://www.jardiland.com/plantes/potager-et-verger/fruitiers/poirier/42056-poirier-bonne-louise-d-avranches.html
36516-17988;593104;123;20170117;https://www.jardiland.com/plantes/potager-et-verger/fruitiers/myrtille/36516-myrtille-patriot.html
36513-22442;677860;123;20170117;https://www.jardiland.com/plantes/potager-et-verger/fruitiers/myrtille/36513-myrtille-atlantic.html
34533-12197;1379662;123;20170117;https://www.jardiland.com/plantes/potager-et-verger/fruitiers/mandarinier/34533-mandarinier-chinois.html
34522-48559;1283681;123;20170117;https://www.jardiland.com/plantes/potager-et-verger/fruitiers/kumquat/34522-kumquat.html
34522-21924;658640;123;20170117;https://www.jardiland.com/plantes/potager-et-verger/fruitiers/kumquat/34522-kumquat.html
36465-17081;588361;123;20170117;https://www.jardiland.com/plantes/potager-et-verger/fruitiers/groseillier-a-grappes/36465-groseillier-a-grappes-gloire-des-sablons-rose.html
36441-8621;1281611;123;20170117;https://www.jardiland.com/plantes/potager-et-verger/fruitiers/framboisier/36441-framboisier.html
36439-24429;746712;123;20170117;https://www.jardiland.com/plantes/potager-et-verger/fruitiers/figuier/36439-figuier-madeleine-des-deux-saisons.html
41992-16477;583814;123;20170117;https://www.jardiland.com/plantes/potager-et-verger/fruitiers/cerisier/41992-cerisier-bigarreau-van.html
41991-16470;583795;123;20170117;https://www.jardiland.com/plantes/potager-et-verger/fruitiers/cerisier/41991-cerisier-bigarreau-summit.html
41990-16464;583766;123;20170117;https://www.jardiland.com/plantes/potager-et-verger/fruitiers/cerisier/41990-cerisier-bigarreau-reverchon.html
36491-25274;814694;123;20170117;https://www.jardiland.com/plantes/potager-et-verger/fruitiers/kiwi/36491-actinidia-deliciosa-male.html
36490-15992;579564;123;20170117;https://www.jardiland.com/plantes/potager-et-verger/fruitiers/kiwi/36490-actinidia-deliciosa-femelle.html
36490-15990;579558;123;20170117;https://www.jardiland.com/plantes/potager-et-verger/fruitiers/kiwi/36490-actinidia-deliciosa-femelle.html
41534-17748;591458;123;20170117;https://www.jardiland.com/plantes/potager-et-verger/plantes-aromatiques/lavande/41534-lavande-hidcote.html
33381-17753;591508;123;20170117;https://www.jardiland.com/plantes/potager-et-verger/plantes-aromatiques/lavande/33381-lavande-dutch.html
33372-43020;709601;123;20170117;https://www.jardiland.com/plantes/potager-et-verger/plantes-aromatiques/lavande/33372-lavande.html
33949-55559;740864;123;20170117;https://www.jardiland.com/plantes/arbres-et-arbustes-d-ornement/coniferes/cypres-de-leyland/33949-x-cupressocyparis-leylandii-atro.html
34031-23782;722864;123;20170117;https://www.jardiland.com/plantes/arbres-et-arbustes-d-ornement/coniferes/sapin/34031-sapin-baumier-nain.html
33982-9474;1300598;123;20170117;https://www.jardiland.com/plantes/arbres-et-arbustes-d-ornement/coniferes/genevrier/33982-juniperus-x-pfitzeriana-mint-julep.html
33981-21003;635827;123;20170117;https://www.jardiland.com/plantes/arbres-et-arbustes-d-ornement/coniferes/genevrier/33981-juniperus-x-pfitzeriana-gold-coast.html
33991-7159;1215817;123;20170117;https://www.jardiland.com/plantes/arbres-et-arbustes-d-ornement/coniferes/genevrier/33991-juniperus-horizontalis-golden-carpet.html
33976-24475;749351;123;20170117;https://www.jardiland.com/plantes/arbres-et-arbustes-d-ornement/coniferes/genevrier/33976-juniperus-horizontalis-andorra-compact.html
33970-17519;590063;123;20170117;https://www.jardiland.com/plantes/arbres-et-arbustes-d-ornement/coniferes/genevrier/33970-juniperus-chinensis-stricta.html
33984-26590;852340;123;20170117;https://www.jardiland.com/plantes/arbres-et-arbustes-d-ornement/coniferes/genevrier/33984-genevrier-pfitzeriana-aurea.html
33953-18386;595548;123;20170117;https://www.jardiland.com/plantes/arbres-et-arbustes-d-ornement/coniferes/epicea/33953-epicea-glauca-alberta-globe.html
33915-60313;584451;123;20170117;https://www.jardiland.com/plantes/arbres-et-arbustes-d-ornement/coniferes/chamaecyparis/33915-chamaecyparis-pisifera-baby-blue.html
33906-16528;584249;123;20170117;https://www.jardiland.com/plantes/arbres-et-arbustes-d-ornement/coniferes/chamaecyparis/33906-chamaecyparis-lawsoniana-minima-glauca.html
33922-38713;584079;123;20170117;https://www.jardiland.com/plantes/arbres-et-arbustes-d-ornement/coniferes/chamaecyparis/33922-chamaecyparis-lawsoniana-columnaris.html
33817-21184;641880;123;20170117;https://www.jardiland.com/plantes/arbres-et-arbustes-d-ornement/bambous/phyllostachys/33817-bambou-phyllostachys-aurea.html
33798-29947;959144;123;20170117;https://www.jardiland.com/plantes/arbres-et-arbustes-d-ornement/bambous/fargesia/33798-bambou-fargesia-murieliae-rufa.html
33871-44815;1012459;123;20170117;https://www.jardiland.com/plantes/arbres-et-arbustes-d-ornement/buis-et-topiaires/houx-en-topiaire/33871-houx-crenele.html
33847-60288;636461;123;20170117;https://www.jardiland.com/plantes/arbres-et-arbustes-d-ornement/buis-et-topiaires/buis/33847-buis-commun.html
33847-45129;872328;123;20170117;https://www.jardiland.com/plantes/arbres-et-arbustes-d-ornement/buis-et-topiaires/buis/33847-buis-commun.html
33847-30929;992823;123;20170117;https://www.jardiland.com/plantes/arbres-et-arbustes-d-ornement/buis-et-topiaires/buis/33847-buis-commun.html
33847-20831;635745;123;20170117;https://www.jardiland.com/plantes/arbres-et-arbustes-d-ornement/buis-et-topiaires/buis/33847-buis-commun.html
33847-7691;1243750;123;20170117;https://www.jardiland.com/plantes/arbres-et-arbustes-d-ornement/buis-et-topiaires/buis/33847-buis-commun.html
33851-27070;866501;123;20170117;https://www.jardiland.com/plantes/arbres-et-arbustes-d-ornement/buis-et-topiaires/buis/33851-buis-golden-triumph.html
33851-11464;1368401;123;20170117;https://www.jardiland.com/plantes/arbres-et-arbustes-d-ornement/buis-et-topiaires/buis/33851-buis-golden-triumph.html
41587-7507;1232405;123;20170117;https://www.jardiland.com/plantes/arbres-et-arbustes-d-ornement/plantes-grimpantes/lierre/41587-lierre-d-irlande.html
41587-7062;1232295;123;20170117;https://www.jardiland.com/plantes/arbres-et-arbustes-d-ornement/plantes-grimpantes/lierre/41587-lierre-d-irlande.html
34470-7508;1232409;123;20170117;https://www.jardiland.com/plantes/arbres-et-arbustes-d-ornement/plantes-grimpantes/lierre/34470-lierre-commun-glacier.html
34451-9833;1316177;123;20170117;https://www.jardiland.com/plantes/arbres-et-arbustes-d-ornement/plantes-grimpantes/jasmin/34451-jasmin-rose.html
34452-29592;950564;123;20170117;https://www.jardiland.com/plantes/arbres-et-arbustes-d-ornement/plantes-grimpantes/jasmin/34452-jasmin-d-hiver.html
34449-8168;1257767;123;20170117;https://www.jardiland.com/plantes/arbres-et-arbustes-d-ornement/plantes-grimpantes/hortensia-grimpant/34449-hortensia-grimpant-petiolaris.html
34449-7224;1244935;123;20170117;https://www.jardiland.com/plantes/arbres-et-arbustes-d-ornement/plantes-grimpantes/hortensia-grimpant/34449-hortensia-grimpant-petiolaris.html
34447-7932;1250302;123;20170117;https://www.jardiland.com/plantes/arbres-et-arbustes-d-ornement/plantes-grimpantes/glycine/34447-glycine-de-chine-bleu.html
34442-8207;1259651;123;20170117;https://www.jardiland.com/plantes/arbres-et-arbustes-d-ornement/plantes-grimpantes/glycine/34442-glycine-violacea-plena.html
34439-8110;1255532;123;20170117;https://www.jardiland.com/plantes/arbres-et-arbustes-d-ornement/plantes-grimpantes/glycine/34439-glycine-multijuga.html
34444-47602;884764;123;20170117;https://www.jardiland.com/plantes/arbres-et-arbustes-d-ornement/plantes-grimpantes/glycine/34444-glycine-amethyst-falls.html
34388-45891;723421;123;20170117;https://www.jardiland.com/plantes/arbres-et-arbustes-d-ornement/plantes-grimpantes/clematite/34388-clematite.html
34388-23439;712722;123;20170117;https://www.jardiland.com/plantes/arbres-et-arbustes-d-ornement/plantes-grimpantes/clematite/34388-clematite.html
34367-7494;1232297;123;20170117;https://www.jardiland.com/plantes/arbres-et-arbustes-d-ornement/plantes-grimpantes/chevrefeuille/34367-chevrefeuille-du-japon-halliana.html
34356-7738;1244933;123;20170117;https://www.jardiland.com/plantes/arbres-et-arbustes-d-ornement/plantes-grimpantes/chevrefeuille/34356-chevrefeuille-de-tellmann.html
34366-31007;995256;123;20170117;https://www.jardiland.com/plantes/arbres-et-arbustes-d-ornement/plantes-grimpantes/chevrefeuille/34366-chevrefeuille-de-chine.html
34370-7509;1232414;123;20170117;https://www.jardiland.com/plantes/arbres-et-arbustes-d-ornement/plantes-grimpantes/chevrefeuille/34370-chevrefeuille-capriliar-ever.html
34359-50363;1461693;123;20170117;https://www.jardiland.com/plantes/arbres-et-arbustes-d-ornement/plantes-grimpantes/chevrefeuille/34359-chevrefeuille-scentsation.html
34362-7495;1232299;123;20170117;https://www.jardiland.com/plantes/arbres-et-arbustes-d-ornement/plantes-grimpantes/chevrefeuille/34362-chevrefeuille-goldflame.html
34362-7447;1232262;123;20170117;https://www.jardiland.com/plantes/arbres-et-arbustes-d-ornement/plantes-grimpantes/chevrefeuille/34362-chevrefeuille-goldflame.html
34361-17689;592044;123;20170117;https://www.jardiland.com/plantes/arbres-et-arbustes-d-ornement/plantes-grimpantes/chevrefeuille/34361-chevrefeuille-dropmore-scarlet.html
34349-28476;910593;123;20170117;https://www.jardiland.com/plantes/arbres-et-arbustes-d-ornement/plantes-grimpantes/bignone/34349-bignone-mme-galen.html
34349-7058;1232266;123;20170117;https://www.jardiland.com/plantes/arbres-et-arbustes-d-ornement/plantes-grimpantes/bignone/34349-bignone-mme-galen.html
41638-39171;639359;123;20170117;https://www.jardiland.com/plantes/arbres-et-arbustes-d-ornement/rosiers/rosiers-buissons/41638-rosier-andre-le-notrer-meiceppus-grandes-fleurs.html
41677-38968;608003;123;20170117;https://www.jardiland.com/plantes/arbres-et-arbustes-d-ornement/rosiers/rosiers-buissons/41677-rosier-queen-elizabeth-grandes-fleurs.html
41835-19525;607266;123;20170117;https://www.jardiland.com/plantes/arbres-et-arbustes-d-ornement/rosiers/rosiers-grimpants/41835-rosa-banksiae-lutea-ancien.html
41834-19522;607258;123;20170117;https://www.jardiland.com/plantes/arbres-et-arbustes-d-ornement/rosiers/rosiers-grimpants/41834-rosa-banksiae-alba-plena-ancien.html
34314-21301;643149;123;20170117;https://www.jardiland.com/plantes/arbres-et-arbustes-d-ornement/plantes-de-terre-de-bruyere/rhododendron/34314-rhododendron-ponticum-variegatum.html
34318-18717;599495;123;20170117;https://www.jardiland.com/plantes/arbres-et-arbustes-d-ornement/plantes-de-terre-de-bruyere/rhododendron/34318-rhododendron-rose-grandes-fleurs.html
34256-25984;833684;123;20170117;https://www.jardiland.com/plantes/arbres-et-arbustes-d-ornement/plantes-de-terre-de-bruyere/magnolia/34256-magnolia-x-soulangeana.html
34256-20201;626518;123;20170117;https://www.jardiland.com/plantes/arbres-et-arbustes-d-ornement/plantes-de-terre-de-bruyere/magnolia/34256-magnolia-x-soulangeana.html
34230-17553;590462;123;20170117;https://www.jardiland.com/plantes/arbres-et-arbustes-d-ornement/plantes-de-terre-de-bruyere/kalmia/34230-kalmia-latifolia.html
34171-21085;636292;123;20170117;https://www.jardiland.com/plantes/arbres-et-arbustes-d-ornement/plantes-de-terre-de-bruyere/hortensia/34171-hortensia-rosita.html
34117-49113;579188;123;20170117;https://www.jardiland.com/plantes/arbres-et-arbustes-d-ornement/plantes-de-terre-de-bruyere/erable-du-japon/34117-erable-du-japon-pourpre.html
34117-26357;845753;123;20170117;https://www.jardiland.com/plantes/arbres-et-arbustes-d-ornement/plantes-de-terre-de-bruyere/erable-du-japon/34117-erable-du-japon-pourpre.html
34126-46921;1459375;123;20170117;https://www.jardiland.com/plantes/arbres-et-arbustes-d-ornement/plantes-de-terre-de-bruyere/erable-du-japon/34126-erable-du-japon-little-princess.html
41567-51274;654579;123;20170117;https://www.jardiland.com/plantes/arbres-et-arbustes-d-ornement/plantes-de-terre-de-bruyere/erable-du-japon/41567-erable-du-japon.html
41567-28405;906141;123;20170117;https://www.jardiland.com/plantes/arbres-et-arbustes-d-ornement/plantes-de-terre-de-bruyere/erable-du-japon/41567-erable-du-japon.html
41567-24233;740396;123;20170117;https://www.jardiland.com/plantes/arbres-et-arbustes-d-ornement/plantes-de-terre-de-bruyere/erable-du-japon/41567-erable-du-japon.html
41568-27757;890168;123;20170117;https://www.jardiland.com/plantes/arbres-et-arbustes-d-ornement/plantes-de-terre-de-bruyere/erable-du-japon/41568-erable-de-japon-garnet.html
34092-16324;586795;123;20170117;https://www.jardiland.com/plantes/arbres-et-arbustes-d-ornement/plantes-de-terre-de-bruyere/bois-joli-daphne/34092-daphne-odora-aureomarginata.html
34101-16233;582048;123;20170117;https://www.jardiland.com/plantes/arbres-et-arbustes-d-ornement/plantes-de-terre-de-bruyere/camelia/34101-camelia-du-japon.html
34101-16226;582037;123;20170117;https://www.jardiland.com/plantes/arbres-et-arbustes-d-ornement/plantes-de-terre-de-bruyere/camelia/34101-camelia-du-japon.html
34109-16263;582701;123;20170117;https://www.jardiland.com/plantes/arbres-et-arbustes-d-ornement/plantes-de-terre-de-bruyere/camelia/34109-camelia-d-automne.html
34062-7043;1209480;123;20170117;https://www.jardiland.com/plantes/arbres-et-arbustes-d-ornement/plantes-de-terre-de-bruyere/azalee/34062-azalee-japonaise.html
34845-50677;939593;123;20170117;https://www.jardiland.com/plantes/arbres-et-arbustes-d-ornement/plantes-mediterraneennes/palmiers/34845-palmier-nain-vulcano.html
34568-22761;687636;123;20170117;https://www.jardiland.com/plantes/arbres-et-arbustes-d-ornement/plantes-mediterraneennes/autres-plantes-mediterraneennes/34568-mimosa-d-hiver.html
34662-17396;591067;123;20170117;https://www.jardiland.com/plantes/arbres-et-arbustes-d-ornement/plantes-mediterraneennes/autres-plantes-mediterraneennes/34662-lilas-des-indes-souvenir-d-hubert-puardr.html
34671-17649;591361;123;20170117;https://www.jardiland.com/plantes/arbres-et-arbustes-d-ornement/plantes-mediterraneennes/autres-plantes-mediterraneennes/34671-laurier-sauce.html
34777-54143;1476267;123;20170117;https://www.jardiland.com/plantes/arbres-et-arbustes-d-ornement/plantes-mediterraneennes/laurier-rose/34777-laurier-rose-a-fleurs-simples-roses.html
34759-49382;1417405;123;20170117;https://www.jardiland.com/plantes/arbres-et-arbustes-d-ornement/plantes-mediterraneennes/autres-plantes-mediterraneennes/34759-fascicularia-bicolor.html
34595-16496;584809;123;20170117;https://www.jardiland.com/plantes/arbres-et-arbustes-d-ornement/plantes-mediterraneennes/autres-plantes-mediterraneennes/34595-ciste-pulverulent-sunset.html
34753-49437;1364943;123;20170117;https://www.jardiland.com/plantes/arbres-et-arbustes-d-ornement/plantes-mediterraneennes/autres-plantes-mediterraneennes/34753-arbousier-atlantic.html
34585-16029;579882;123;20170117;https://www.jardiland.com/plantes/arbres-et-arbustes-d-ornement/plantes-mediterraneennes/autres-plantes-mediterraneennes/34585-arbousier.html
34584-16011;579708;123;20170117;https://www.jardiland.com/plantes/arbres-et-arbustes-d-ornement/plantes-mediterraneennes/autres-plantes-mediterraneennes/34584-albizia-ombrellar.html
34738-23192;697736;123;20170117;https://www.jardiland.com/plantes/arbres-et-arbustes-d-ornement/plantes-mediterraneennes/autres-plantes-mediterraneennes/34738-albizia-summer-chocolate.html
34789-25034;809403;123;20170117;https://www.jardiland.com/plantes/arbres-et-arbustes-d-ornement/plantes-mediterraneennes/palmiers/34789-agave-americana-variegata.html
33682-13673;1431398;123;20170117;https://www.jardiland.com/plantes/arbres-et-arbustes-d-ornement/arbres-et-arbustes/sureau/33682-sambucus-nigra.html
33625-19003;599941;123;20170117;https://www.jardiland.com/plantes/arbres-et-arbustes-d-ornement/arbres-et-arbustes/saule/33625-salix-elaeagnos-angustifolia-rosmarinifolia.html
33680-18930;599669;123;20170117;https://www.jardiland.com/plantes/arbres-et-arbustes-d-ornement/arbres-et-arbustes/sumac/33680-rhus-typhina.html
33600-38424;1419382;123;20170117;https://www.jardiland.com/plantes/arbres-et-arbustes-d-ornement/arbres-et-arbustes/prunus/33600-prunus-persica.html
33553-18678;597466;123;20170117;https://www.jardiland.com/plantes/arbres-et-arbustes-d-ornement/arbres-et-arbustes/potentille/33553-potentilla-fruticosa-abbotswood.html
33552-45304;842520;123;20170117;https://www.jardiland.com/plantes/arbres-et-arbustes-d-ornement/arbres-et-arbustes/potentille/33552-potentilla-fruticosa.html
33523-26833;867415;123;20170117;https://www.jardiland.com/plantes/arbres-et-arbustes-d-ornement/arbres-et-arbustes/physocarpe/33523-physocarpus-opulifolius-diabolo-pbr.html
33522-18328;595467;123;20170117;https://www.jardiland.com/plantes/arbres-et-arbustes-d-ornement/arbres-et-arbustes/physocarpe/33522-physocarpus-opulifolius-dart-s-gold.html
33511-18238;595098;123;20170117;https://www.jardiland.com/plantes/arbres-et-arbustes-d-ornement/arbres-et-arbustes/photinia/33511-photinia-x-fraseri-red-robin.html
33648-25476;821448;123;20170117;https://www.jardiland.com/plantes/arbres-et-arbustes-d-ornement/arbres-et-arbustes/seringat/33648-philadelphus-coronarius.html
33648-21728;674687;123;20170117;https://www.jardiland.com/plantes/arbres-et-arbustes-d-ornement/arbres-et-arbustes/seringat/33648-philadelphus-coronarius.html
33654-25636;824017;123;20170117;https://www.jardiland.com/plantes/arbres-et-arbustes-d-ornement/arbres-et-arbustes/seringat/33654-philadelphus-virginal.html
41546-18202;594773;123;20170117;https://www.jardiland.com/plantes/arbres-et-arbustes-d-ornement/arbres-et-arbustes/seringat/41546-philadelphus-belle-etoile.html
33488-55123;584740;123;20170117;https://www.jardiland.com/plantes/arbres-et-arbustes-d-ornement/arbres-et-arbustes/oranger-du-mexique/33488-oranger-du-mexique.html
32999-7904;1248889;123;20170117;https://www.jardiland.com/plantes/arbres-et-arbustes-d-ornement/arbres-et-arbustes/autres-arbres-et-arbustes/32999-mure-triple-crown.html
33467-25264;814403;123;20170117;https://www.jardiland.com/plantes/arbres-et-arbustes-d-ornement/arbres-et-arbustes/millepertuis/33467-millepertuis-tricolor.html
33465-25263;814402;123;20170117;https://www.jardiland.com/plantes/arbres-et-arbustes-d-ornement/arbres-et-arbustes/millepertuis/33465-millepertuis-hidcote.html
33465-21138;636669;123;20170117;https://www.jardiland.com/plantes/arbres-et-arbustes-d-ornement/arbres-et-arbustes/millepertuis/33465-millepertuis-hidcote.html
33466-17484;589690;123;20170117;https://www.jardiland.com/plantes/arbres-et-arbustes-d-ornement/arbres-et-arbustes/millepertuis/33466-millepertuis-gemo.html
33457-20203;626522;123;20170117;https://www.jardiland.com/plantes/arbres-et-arbustes-d-ornement/arbres-et-arbustes/mahonia/33457-mahonia-x-media-charity.html
33446-23799;723073;123;20170117;https://www.jardiland.com/plantes/arbres-et-arbustes-d-ornement/arbres-et-arbustes/lonicera/33446-lonicera-nitida.html
33713-27531;876245;123;20170117;https://www.jardiland.com/plantes/arbres-et-arbustes-d-ornement/arbres-et-arbustes/troene/33713-ligustrum-sinensis-lemon-and-lime.html
33711-60981;814429;123;20170117;https://www.jardiland.com/plantes/arbres-et-arbustes-d-ornement/arbres-et-arbustes/troene/33711-ligustrum-ovalifolium-argenteum.html
33711-24849;814432;123;20170117;https://www.jardiland.com/plantes/arbres-et-arbustes-d-ornement/arbres-et-arbustes/troene/33711-ligustrum-ovalifolium-argenteum.html
33714-17808;591811;123;20170117;https://www.jardiland.com/plantes/arbres-et-arbustes-d-ornement/arbres-et-arbustes/troene/33714-ligustrum-ovalifolium.html
41531-18536;597856;123;20170117;https://www.jardiland.com/plantes/arbres-et-arbustes-d-ornement/arbres-et-arbustes/laurier-palme/41531-laurier-du-portugal-angustifolia.html
33357-50715;590531;123;20170117;https://www.jardiland.com/plantes/arbres-et-arbustes-d-ornement/arbres-et-arbustes/kolkwitzia/33357-kolkwitzia-amabilis.html
33349-59030;589927;123;20170117;https://www.jardiland.com/plantes/arbres-et-arbustes-d-ornement/arbres-et-arbustes/houx/33349-ilex-x-meserveae-blue-angel.html
33347-25308;816598;123;20170117;https://www.jardiland.com/plantes/arbres-et-arbustes-d-ornement/arbres-et-arbustes/houx/33347-ilex-aquifolium-alaska.html
33311-6625;1015740;123;20170117;https://www.jardiland.com/plantes/arbres-et-arbustes-d-ornement/arbres-et-arbustes/hetre/33311-hetre-colonnaire-dore-dawyck-gold.html
33261-17114;587626;123;20170117;https://www.jardiland.com/plantes/arbres-et-arbustes-d-ornement/arbres-et-arbustes/fusain/33261-euonymus-japonicus-president-gauthier.html
33262-23003;693529;123;20170117;https://www.jardiland.com/plantes/arbres-et-arbustes-d-ornement/arbres-et-arbustes/fusain/33262-euonymus-japonicus-president-gauthier.html
33273-30469;973956;123;20170117;https://www.jardiland.com/plantes/arbres-et-arbustes-d-ornement/arbres-et-arbustes/fusain/33273-euonymus-japonicus-pierrolino-heespierrolino.html
33245-24363;745589;123;20170117;https://www.jardiland.com/plantes/arbres-et-arbustes-d-ornement/arbres-et-arbustes/fusain/33245-euonymus-fortunei-emerald-gaiety.html
33266-39738;814381;123;20170117;https://www.jardiland.com/plantes/arbres-et-arbustes-d-ornement/arbres-et-arbustes/fusain/33266-euonymus-fortunei-emerald-n-gold.html
33214-25506;819958;123;20170117;https://www.jardiland.com/plantes/arbres-et-arbustes-d-ornement/arbres-et-arbustes/escallonia/33214-escallonia-iveyi.html
33216-17011;587212;123;20170117;https://www.jardiland.com/plantes/arbres-et-arbustes-d-ornement/arbres-et-arbustes/escallonia/33216-escallonia-apple-blossom.html
33190-60288;636461;123;20170117;https://www.jardiland.com/plantes/arbres-et-arbustes-d-ornement/arbres-et-arbustes/erable/33190-erable-champetre.html
33190-45129;872328;123;20170117;https://www.jardiland.com/plantes/arbres-et-arbustes-d-ornement/arbres-et-arbustes/erable/33190-erable-champetre.html
33190-30929;992823;123;20170117;https://www.jardiland.com/plantes/arbres-et-arbustes-d-ornement/arbres-et-arbustes/erable/33190-erable-champetre.html
33190-20831;635745;123;20170117;https://www.jardiland.com/plantes/arbres-et-arbustes-d-ornement/arbres-et-arbustes/erable/33190-erable-champetre.html
33190-16167;581702;123;20170117;https://www.jardiland.com/plantes/arbres-et-arbustes-d-ornement/arbres-et-arbustes/erable/33190-erable-champetre.html
33190-7691;1243750;123;20170117;https://www.jardiland.com/plantes/arbres-et-arbustes-d-ornement/arbres-et-arbustes/erable/33190-erable-champetre.html
33168-16932;586904;123;20170117;https://www.jardiland.com/plantes/arbres-et-arbustes-d-ornement/arbres-et-arbustes/deutzia/33168-deutzia-crenata-pride-of-rochester.html
33157-17585;590608;123;20170117;https://www.jardiland.com/plantes/arbres-et-arbustes-d-ornement/arbres-et-arbustes/cytise/33157-cytise-commun.html
33148-16767;586154;123;20170117;https://www.jardiland.com/plantes/arbres-et-arbustes-d-ornement/arbres-et-arbustes/cotoneaster/33148-cotoneaster-laiteux.html
33148-16760;586144;123;20170117;https://www.jardiland.com/plantes/arbres-et-arbustes-d-ornement/arbres-et-arbustes/cotoneaster/33148-cotoneaster-laiteux.html
33145-23283;701847;123;20170117;https://www.jardiland.com/plantes/arbres-et-arbustes-d-ornement/arbres-et-arbustes/cotoneaster/33145-cotoneaster-de-franchet.html
33145-21746;654599;123;20170117;https://www.jardiland.com/plantes/arbres-et-arbustes-d-ornement/arbres-et-arbustes/cotoneaster/33145-cotoneaster-de-franchet.html
33307-16701;585901;123;20170117;https://www.jardiland.com/plantes/arbres-et-arbustes-d-ornement/arbres-et-arbustes/herbe-de-la-pampa/33307-cortaderia-selloana-argentea.html
33134-16689;585820;123;20170117;https://www.jardiland.com/plantes/arbres-et-arbustes-d-ornement/arbres-et-arbustes/cornouiller/33134-cornouiller-sanguin-midwinter-fire.html
33119-24380;746412;123;20170117;https://www.jardiland.com/plantes/arbres-et-arbustes-d-ornement/arbres-et-arbustes/cornouiller/33119-cornouiller-blanc-sibirica.html
32976-12902;1399059;123;20170117;https://www.jardiland.com/plantes/arbres-et-arbustes-d-ornement/arbres-et-arbustes/autres-arbres-et-arbustes/32976-clethra-alnifolia-pink-spire.html
33059-47341;583235;123;20170117;https://www.jardiland.com/plantes/arbres-et-arbustes-d-ornement/arbres-et-arbustes/ceanothe/33059-ceanothus-thyrsiflorus-el-dorado.html
33071-16361;583181;123;20170117;https://www.jardiland.com/plantes/arbres-et-arbustes-d-ornement/arbres-et-arbustes/ceanothe/33071-ceanothus-autumnal-blue.html
33050-24102;735501;123;20170117;https://www.jardiland.com/plantes/arbres-et-arbustes-d-ornement/arbres-et-arbustes/caryopteris/33050-caryopteris-grand-bleur-inoveris.html
33042-16191;581875;123;20170117;https://www.jardiland.com/plantes/arbres-et-arbustes-d-ornement/arbres-et-arbustes/callicarpa/33042-callicarpe-de-bodinier-profusion.html
33003-16100;581051;123;20170117;https://www.jardiland.com/plantes/arbres-et-arbustes-d-ornement/arbres-et-arbustes/berberis/33003-berberis-thunbergii-bagatelle.html
33014-23970;732082;123;20170117;https://www.jardiland.com/plantes/arbres-et-arbustes-d-ornement/arbres-et-arbustes/berberis/33014-berberis-thunbergii.html
32952-40095;899597;123;20170117;https://www.jardiland.com/plantes/arbres-et-arbustes-d-ornement/arbres-et-arbustes/arbre-de-judee/32952-arbre-de-judee-avondale.html
32946-37957;1284203;123;20170117;https://www.jardiland.com/plantes/arbres-et-arbustes-d-ornement/arbres-et-arbustes/arbre-aux-faisans/32946-arbre-aux-faisans-purple-rain.html
32945-38814;591656;123;20170117;https://www.jardiland.com/plantes/arbres-et-arbustes-d-ornement/arbres-et-arbustes/arbre-aux-faisans/32945-arbre-aux-faisans-golden-lanterns.html
32936-25255;814362;123;20170117;https://www.jardiland.com/plantes/arbres-et-arbustes-d-ornement/arbres-et-arbustes/amelanchier/32936-amelanchier-de-lamarck.html
32936-24716;803868;123;20170117;https://www.jardiland.com/plantes/arbres-et-arbustes-d-ornement/arbres-et-arbustes/amelanchier/32936-amelanchier-de-lamarck.html
32930-23271;701241;123;20170117;https://www.jardiland.com/plantes/arbres-et-arbustes-d-ornement/arbres-et-arbustes/abelia/32930-abelia-x-edward-goucher.html
