ID_WEB;ID_JDN;CODEMAG;DATE_ASPI;URLPRODUIT
1925-1925;1328896;149;20170120;https://www.jardiland.com/maison-deco/epicerie-fine/epicerie-sucree/chocolat/1925-amandes-enrobees-de-chocolat-au-lait.html
52570-52570;1456686;149;20170120;https://www.jardiland.com/maison-deco/art-de-la-table/vaisselle/autres/52570-cave-a-saucisson-en-hetre-laguiole.html
46600-46600;1424433;149;20170120;https://www.jardiland.com/maison-deco/cache-pot-d-interieur/cache-pot-simple/ceramique/46600-cache-pot-anthracite-3-l.html
2558-2558;1394099;149;20170120;https://www.jardiland.com/maison-deco/mobilier-d-interieur/2558-table-basse-empilable.html
3481-3481;1434269;149;20170120;https://www.jardiland.com/maison-deco/objets-de-decoration/autres-objets-de-decoration/fruit-et-legume-artificiel/3481-pomme-orange-o-14-cm.html
3451-3451;1434266;149;20170120;https://www.jardiland.com/maison-deco/objets-de-decoration/autres-objets-de-decoration/fruit-et-legume-artificiel/3451-pomme-bleu-clair-o-6o5-cm.html
3328-3328;1414596;149;20170120;https://www.jardiland.com/maison-deco/objets-de-decoration/autres-objets-de-decoration/autres-objets-de-decoration/3328-plateau-etoile-or-o-32-cm.html
3327-3327;1414595;149;20170120;https://www.jardiland.com/maison-deco/objets-de-decoration/autres-objets-de-decoration/autres-objets-de-decoration/3327-plateau-etoile-or-o-24-cm.html
50073-50073;1456354;149;20170120;https://www.jardiland.com/maison-deco/objets-de-decoration/rangement-boites-et-paniers/coffret-et-boite-de-rangement/50073-sac-a-main-annie-violet.html
57957-57957;1456164;149;20170120;https://www.jardiland.com/maison-deco/objets-de-decoration/plantes-artificielles/tige-fleurie/57957-rameau-acrylique.html
3441-3441;1434251;149;20170120;https://www.jardiland.com/maison-deco/objets-de-decoration/plantes-artificielles/tige-fleurie/3441-herbe-graminee-boule-vert-artificielle.html
1235-1235;1358404;149;20170120;https://www.jardiland.com/maison-deco/objets-de-decoration/plantes-artificielles/plante-et-fleur/1235-crassulacea-artificielle-en-pot.html
14144-14144;1429472;149;20170120;https://www.jardiland.com/maison-deco/objets-de-decoration/bougies-et-senteurs/support-et-accessoires/14144-table-en-aluminium-naples-200-300cm.html
52717-52717;1432919;149;20170120;https://www.jardiland.com/maison-deco/objets-de-decoration/bougeoirs-photophores-et-lanternes/lanterne/52717-photophore-jaune.html
52721-52721;1432912;149;20170120;https://www.jardiland.com/maison-deco/objets-de-decoration/bougeoirs-photophores-et-lanternes/lanterne/52721-lanterne-ruth-noir.html
58507-58507;1454223;149;20170120;https://www.jardiland.com/maison-deco/objets-de-decoration/bougeoirs-photophores-et-lanternes/lanterne/58507-lanterne-en-verre-et-metal-17-17-24e5-cm.html
58416-58416;1455146;149;20170120;https://www.jardiland.com/maison-deco/objets-de-decoration/bougeoirs-photophores-et-lanternes/bougeoir-et-photophore-deco/58416-bougeoirs-en-metal.html
9522-9522;1302923;149;20170120;https://www.jardiland.com/animaux/oiseau-de-la-nature/mangeoire-et-distributeur/9522-coffre-de-rangement.html
5594-5594;927409;149;20170120;https://www.jardiland.com/animaux/poisson/materiel-chauffage-filtres-et-pompes/masse-de-filtration/5594-jbl-clearmec.html
5517-5517;957338;149;20170120;https://www.jardiland.com/animaux/poisson/materiel-chauffage-filtres-et-pompes/aeration/5517-diffuseur-d-air-boule-3-cm.html
32410-6548;1014741;149;20170120;https://www.jardiland.com/animaux/poisson/decoration-pour-aquarium/plante-artificielle/32410-decor-pour-aquarium-buisson-fleur.html
1635-1635;1328665;149;20170120;https://www.jardiland.com/animaux/poisson/decoration-pour-aquarium/plante-artificielle/1635-decor-pour-aquarium-bambou-algue-vert.html
31788-11894;1374699;149;20170120;https://www.jardiland.com/animaux/chat/colliers-laisses-et-harnais/collier/31788-collier-pour-chat-family.html
1326-1326;1305388;149;20170120;https://www.jardiland.com/animaux/chat/gamelles-ecuelles-et-distributeurs/distributeur-d-eau-et-croquette/1326-fontaine-a-chat-drinkwell-platinium.html
62892-62844;1439202;149;20170120;https://www.jardiland.com/animaux/chat/alimentation-et-friandises/boite-et-sachet-fraicheur/62892-schesir-patee-pour-chats-adultes-70-g.html
62896-62832;1439048;149;20170120;https://www.jardiland.com/animaux/chat/alimentation-et-friandises/boite-et-sachet-fraicheur/62896-schesir-patee-monodoseen-gelee-pour-chat-85-g.html
62896-62830;1439038;149;20170120;https://www.jardiland.com/animaux/chat/alimentation-et-friandises/boite-et-sachet-fraicheur/62896-schesir-patee-monodoseen-gelee-pour-chat-85-g.html
62896-62825;1439032;149;20170120;https://www.jardiland.com/animaux/chat/alimentation-et-friandises/boite-et-sachet-fraicheur/62896-schesir-patee-monodoseen-gelee-pour-chat-85-g.html
62896-62822;1439041;149;20170120;https://www.jardiland.com/animaux/chat/alimentation-et-friandises/boite-et-sachet-fraicheur/62896-schesir-patee-monodoseen-gelee-pour-chat-85-g.html
62894-62839;1439173;149;20170120;https://www.jardiland.com/animaux/chat/alimentation-et-friandises/boite-et-sachet-fraicheur/62894-schesir-patee-monodose-pour-chat-85-g.html
62894-62838;1439172;149;20170120;https://www.jardiland.com/animaux/chat/alimentation-et-friandises/boite-et-sachet-fraicheur/62894-schesir-patee-monodose-pour-chat-85-g.html
62893-62869;1439181;149;20170120;https://www.jardiland.com/animaux/chat/alimentation-et-friandises/boite-et-sachet-fraicheur/62893-patee-en-sauce-naturelle-pour-chat-70-g.html
57761-57510;1438182;149;20170120;https://www.jardiland.com/animaux/chien/education/autres-accessoires-d-education/57761-systeme-localisation-pour-chiens-chats.html
2432-2432;1378593;149;20170120;https://www.jardiland.com/animaux/chien/colliers-laisses-et-vetements/laisse-pour-chien/2432-vario-s-5-m-sangle-marron.html
32126-13985;1423806;149;20170120;https://www.jardiland.com/animaux/chien/colliers-laisses-et-vetements/pull-pour-chien/32126-polaire-pour-chien-wouapy.html
32126-13977;1423798;149;20170120;https://www.jardiland.com/animaux/chien/colliers-laisses-et-vetements/pull-pour-chien/32126-polaire-pour-chien-wouapy.html
32109-62819;1423738;149;20170120;https://www.jardiland.com/animaux/chien/colliers-laisses-et-vetements/manteau-pour-chien/32109-manteau-impermeable-pour-chien.html
32076-7804;1245676;149;20170120;https://www.jardiland.com/animaux/chien/colliers-laisses-et-vetements/laisse-pour-chien/32076-laisse-enrouleur-wouapy-roll.html
32103-24322;743676;149;20170120;https://www.jardiland.com/animaux/chien/colliers-laisses-et-vetements/manteau-pour-chien/32103-imper-basic-pour-chien.html
32103-24321;743675;149;20170120;https://www.jardiland.com/animaux/chien/colliers-laisses-et-vetements/manteau-pour-chien/32103-imper-basic-pour-chien.html
54388-55843;1434700;149;20170120;https://www.jardiland.com/animaux/chien/colliers-laisses-et-vetements/harnais/54388-harnais-nylon-reglable.html
32041-12208;1380435;149;20170120;https://www.jardiland.com/animaux/chien/colliers-laisses-et-vetements/collier-pour-chien/32041-collier-lumineux-pour-chien-s.html
32019-7988;1256743;149;20170120;https://www.jardiland.com/animaux/chien/colliers-laisses-et-vetements/collier-pour-chien/32019-collier-etrangleur-pour-chien-fluo.html
32234-52182;1305372;149;20170120;https://www.jardiland.com/animaux/chien/niches-couchage-et-transport/niche/32234-niche-dogvilla.html
51288-51148;1437063;149;20170120;https://www.jardiland.com/animaux/chien/niches-couchage-et-transport/coussin-et-matelas/51288-master-dehoussable-chien-mink.html
31158-9522;1302923;149;20170120;https://www.jardiland.com/amenagement-du-jardin/abris-de-jardin-serres-et-rangements/rangement-de-jardin/31158-coffre-de-rangement.html
53318-53318;975375;149;20170120;https://www.jardiland.com/amenagement-du-jardin/loisirs-plein-air/piscines/53318-thermometre.html
36658-36658;1306725;149;20170120;https://www.jardiland.com/amenagement-du-jardin/loisirs-plein-air/jeux-de-plein-air/36658-balancoire-verte.html
36642-36642;1255298;149;20170120;https://www.jardiland.com/amenagement-du-jardin/carre-potager/36642-carre-potager-marta.html
2153-2153;1360636;149;20170120;https://www.jardiland.com/amenagement-du-jardin/decorations/autres-decorations/2153-tuteur-anthracite-chat.html
40487-38447;1432260;149;20170120;https://www.jardiland.com/amenagement-du-jardin/decorations/autres-decorations/40487-tapis-d-exterieur-en-polypropylene-1e80-x-1e20-m.html
2389-2389;1397167;149;20170120;https://www.jardiland.com/amenagement-du-jardin/decorations/fontaines/2389-fontaine-seau-en-zinc-a-led-ha-80-cm.html
31460-9123;1291872;149;20170120;https://www.jardiland.com/amenagement-du-jardin/pots-bacs-jardinieres-et-supports/en-email/31460-pot-en-email-kalanchoe.html
31506-22953;692877;149;20170120;https://www.jardiland.com/amenagement-du-jardin/pots-bacs-jardinieres-et-supports/en-fibre/31506-pot-rond-en-fibre-washington-blanc.html
31593-22953;692877;149;20170120;https://www.jardiland.com/amenagement-du-jardin/pots-bacs-jardinieres-et-supports/en-terre-cuite/31593-soucoupe-en-terre-cuite-impermeable-antica.html
5879-5879;978378;149;20170120;https://www.jardiland.com/amenagement-du-jardin/pots-bacs-jardinieres-et-supports/en-terre-cuite/5879-kit-jardiniere-en-terre-cuite-roma-liscia.html
31512-6623;1015708;149;20170120;https://www.jardiland.com/amenagement-du-jardin/pots-bacs-jardinieres-et-supports/en-plastique/31512-soucoupe-en-plastique-granprisca.html
31170-6599;1015495;149;20170120;https://www.jardiland.com/amenagement-du-jardin/amenagement/dalles-galets-et-pas-japonais/dalle/31170-dalle-gazon.html
2074-2074;1352023;149;20170120;https://www.jardiland.com/amenagement-du-jardin/barbecues-cuisine-exterieur/autres/accessoires-de-barbecue/2074-plancha-en-fonte-emaillee-genesis.html
110-110;1002315;149;20170120;https://www.jardiland.com/amenagement-du-jardin/eclairage-et-chauffage-d-exterieur/bougies-d-exterieur/110-bougie-torche.html
36648-36648;1429520;149;20170120;https://www.jardiland.com/amenagement-du-jardin/eclairage-et-chauffage-d-exterieur/eclairage-solaire/36648-luminaire-carillon-hibou.html
40515-37970;1288992;149;20170120;https://www.jardiland.com/amenagement-du-jardin/parasols-tonnelles-et-voiles-d-ombrage/voiles-d-ombrage/40515-store-d-ombrage-exterieur-sable.html
31341-38447;1432260;149;20170120;https://www.jardiland.com/amenagement-du-jardin/mobilier-de-jardin/bains-de-soleil-et-hamacs/hamac/31341-hamac-familial-domingo.html
36683-36683;1429496;149;20170120;https://www.jardiland.com/amenagement-du-jardin/mobilier-de-jardin/salon-de-jardin/salon-en-bi-matiere/36683-salon-de-jardin-set-de-5-pieces-lounge.html
2108-2108;1354437;149;20170120;https://www.jardiland.com/amenagement-du-jardin/mobilier-de-jardin/salon-de-jardin/salon-en-resine-tressee/2108-salon-de-jardin-ambiente.html
2474-2474;1384408;149;20170120;https://www.jardiland.com/jardinage/semis-protections-et-accessoires-de-jardinage/appareils-de-mesure/station-meteo/2474-station-meteo-quadro.html
5210-5210;955714;149;20170120;https://www.jardiland.com/jardinage/outils-a-moteur/autres-outils-a-moteur/accessoires/5210-tetes-completes-pour-coupe-bordures-rlt4025-1.html
4608-4608;576353;149;20170120;https://www.jardiland.com/jardinage/outils-et-materiel-du-jardinier/grands-outils-de-jardin/bechee-louchet-et-pelle/4608-beche-senlis-a-rebord.html
50837-47048;1433748;149;20170120;https://www.jardiland.com/jardinage/equipement-du-jardinier/vetements/50837-chapeau-paille-homme.html
32714-11930;1374819;149;20170120;https://www.jardiland.com/jardinage/equipement-du-jardinier/bottes-et-sabots/32714-sabots-en-caoutchouc-clean-land.html
32718-11965;1374881;149;20170120;https://www.jardiland.com/jardinage/equipement-du-jardinier/bottes-et-sabots/32718-sabot-en-caoutchouc-neo-walker.html
32718-11964;1374880;149;20170120;https://www.jardiland.com/jardinage/equipement-du-jardinier/bottes-et-sabots/32718-sabot-en-caoutchouc-neo-walker.html
32718-11963;1374879;149;20170120;https://www.jardiland.com/jardinage/equipement-du-jardinier/bottes-et-sabots/32718-sabot-en-caoutchouc-neo-walker.html
32742-11531;1375038;149;20170120;https://www.jardiland.com/jardinage/equipement-du-jardinier/gants/32742-gants-de-jardin-pour-rosiers.html
53345-53345;877262;149;20170120;https://www.jardiland.com/jardinage/entretien-et-traitements/traitements-des-plantes-et-lutte-bio/autres-traitements/53345-baume-pelton.html
37669-37669;707070;149;20170120;https://www.jardiland.com/plantes/sapins-de-noel/sapins-artificiels/sapin-artificiel-blanc/37669-sapin-artificiel-icelandic-215-cm.html
35589-28801;920630;149;20170120;https://www.jardiland.com/plantes/plantes-d-interieur/bonsais/ficus/35589-ficus-ginseng.html
36106-20951;634913;149;20170120;https://www.jardiland.com/plantes/plantes-d-interieur/plantes-vertes/scindapsus/36106-scindapsus-aureus-epiprenum-aureum.html
36106-20629;632730;149;20170120;https://www.jardiland.com/plantes/plantes-d-interieur/plantes-vertes/scindapsus/36106-scindapsus-aureus-epiprenum-aureum.html
36066-28164;907272;149;20170120;https://www.jardiland.com/plantes/plantes-d-interieur/plantes-vertes/nolina-beaucarnea/36066-pied-d-elephant.html
36068-22750;687479;149;20170120;https://www.jardiland.com/plantes/plantes-d-interieur/plantes-vertes/pachira/36068-pachira-aquatica.html
36045-11639;1371065;149;20170120;https://www.jardiland.com/plantes/plantes-d-interieur/plantes-vertes/kentia/36045-kentia-de-foster.html
36026-28124;896632;149;20170120;https://www.jardiland.com/plantes/plantes-d-interieur/plantes-vertes/fittonia/36026-fittonia.html
35941-24157;737221;149;20170120;https://www.jardiland.com/plantes/plantes-d-interieur/plantes-vertes/cordyline/35941-cordyline-fructicosa-kiwi.html
35917-12324;1382485;149;20170120;https://www.jardiland.com/plantes/plantes-d-interieur/plantes-vertes/calathea/35917-calathea-zebrina.html
35752-42959;686137;149;20170120;https://www.jardiland.com/plantes/plantes-d-interieur/plantes-fleuries/azalee/35752-azalee-d-interieur.html
788-788;1308350;149;20170120;https://www.jardiland.com/plantes/graines-et-gazon/graines-ludiques-et-kits/kits-pour-enfants/788-tete-a-pot-cochon.html
42083-20273;627053;149;20170120;https://www.jardiland.com/plantes/potager-et-verger/fruitiers/pommier/42083-pommier-starking.html
42074-60474;751771;149;20170120;https://www.jardiland.com/plantes/potager-et-verger/fruitiers/pommier/42074-pommier-granny-smith.html
36507-30310;971555;149;20170120;https://www.jardiland.com/plantes/potager-et-verger/fruitiers/mure/36507-mure-oregon-evergreen.html
34523-40226;933459;149;20170120;https://www.jardiland.com/plantes/potager-et-verger/fruitiers/kumquat/34523-kumquat-kucli.html
36442-31084;997920;149;20170120;https://www.jardiland.com/plantes/potager-et-verger/fruitiers/framboisier/36442-framboisier-willamette.html
57734-57341;1474934;149;20170120;https://www.jardiland.com/plantes/potager-et-verger/fruitiers/framboisier/57734-framboisier-versaillesr.html
36459-6184;1004067;149;20170120;https://www.jardiland.com/plantes/potager-et-verger/fruitiers/framboisier/36459-framboisier-marastarr.html
42008-53899;585492;149;20170120;https://www.jardiland.com/plantes/potager-et-verger/fruitiers/cognassier/42008-cognassier-champion.html
34520-16639;585426;149;20170120;https://www.jardiland.com/plantes/potager-et-verger/fruitiers/clementinier/34520-clementinier.html
34517-27863;882791;149;20170120;https://www.jardiland.com/plantes/potager-et-verger/fruitiers/citronnier/34517-citronnier-des-quatre-saisons.html
41588-22741;686912;149;20170120;https://www.jardiland.com/plantes/potager-et-verger/fruitiers/citronnier/41588-citronnier.html
41977-38987;609843;149;20170120;https://www.jardiland.com/plantes/potager-et-verger/fruitiers/abricotier/41977-abricotier-rouge-du-roussillon.html
41979-29609;951020;149;20170120;https://www.jardiland.com/plantes/potager-et-verger/fruitiers/abricotier/41979-abricotier-bergeron.html
34041-18966;601065;149;20170120;https://www.jardiland.com/plantes/arbres-et-arbustes-d-ornement/coniferes/thuya/34041-thuja-occidentalis-smaragd-emeraude.html
33983-24721;803961;149;20170120;https://www.jardiland.com/plantes/arbres-et-arbustes-d-ornement/coniferes/genevrier/33983-juniperus-x-pfitzeriana-old-gold.html
33977-30299;971458;149;20170120;https://www.jardiland.com/plantes/arbres-et-arbustes-d-ornement/coniferes/genevrier/33977-juniperus-horizontalis-blue-chip.html
33969-59128;1343852;149;20170120;https://www.jardiland.com/plantes/arbres-et-arbustes-d-ornement/coniferes/genevrier/33969-juniperus-chinensis-blue-alps.html
33984-26590;852340;149;20170120;https://www.jardiland.com/plantes/arbres-et-arbustes-d-ornement/coniferes/genevrier/33984-genevrier-pfitzeriana-aurea.html
33953-52065;595552;149;20170120;https://www.jardiland.com/plantes/arbres-et-arbustes-d-ornement/coniferes/epicea/33953-epicea-glauca-alberta-globe.html
33951-51902;1405877;149;20170120;https://www.jardiland.com/plantes/arbres-et-arbustes-d-ornement/coniferes/cypres-de-leyland/33951-cypres-de-leyland-castlewellan-gold.html
33951-16810;586351;149;20170120;https://www.jardiland.com/plantes/arbres-et-arbustes-d-ornement/coniferes/cypres-de-leyland/33951-cypres-de-leyland-castlewellan-gold.html
33940-50488;586528;149;20170120;https://www.jardiland.com/plantes/arbres-et-arbustes-d-ornement/coniferes/cypres/33940-cupressus-sempervirens-stricta.html
41560-22420;676455;149;20170120;https://www.jardiland.com/plantes/arbres-et-arbustes-d-ornement/coniferes/cypres/41560-cupressus-macrocarpa-goldcrest.html
33920-9700;1308214;149;20170120;https://www.jardiland.com/plantes/arbres-et-arbustes-d-ornement/coniferes/chamaecyparis/33920-chamaecyparis-lawsoniana-alumigold.html
33804-55628;1472365;149;20170120;https://www.jardiland.com/plantes/arbres-et-arbustes-d-ornement/bambous/fargesia/33804-bambou-fargesia-scabrida-asian-wonder.html
33807-7400;1229767;149;20170120;https://www.jardiland.com/plantes/arbres-et-arbustes-d-ornement/bambous/fargesia/33807-bambou-fargesia-nitida-great-wall.html
33878-38558;1450763;149;20170120;https://www.jardiland.com/plantes/arbres-et-arbustes-d-ornement/buis-et-topiaires/photinia-en-topiaire/33878-photinia-x-fraseri-nana.html
33872-13529;1405193;149;20170120;https://www.jardiland.com/plantes/arbres-et-arbustes-d-ornement/buis-et-topiaires/houx-en-topiaire/33872-houx-crenele-kinme.html
33874-43463;1375811;149;20170120;https://www.jardiland.com/plantes/arbres-et-arbustes-d-ornement/buis-et-topiaires/houx-en-topiaire/33874-houx-crenele-kimme.html
33874-38546;1440630;149;20170120;https://www.jardiland.com/plantes/arbres-et-arbustes-d-ornement/buis-et-topiaires/houx-en-topiaire/33874-houx-crenele-kimme.html
33874-12956;1400176;149;20170120;https://www.jardiland.com/plantes/arbres-et-arbustes-d-ornement/buis-et-topiaires/houx-en-topiaire/33874-houx-crenele-kimme.html
33871-25244;813949;149;20170120;https://www.jardiland.com/plantes/arbres-et-arbustes-d-ornement/buis-et-topiaires/houx-en-topiaire/33871-houx-crenele.html
33841-26378;846944;149;20170120;https://www.jardiland.com/plantes/arbres-et-arbustes-d-ornement/buis-et-topiaires/buis/33841-buis-faulkner.html
34468-8108;1255529;149;20170120;https://www.jardiland.com/plantes/arbres-et-arbustes-d-ornement/plantes-grimpantes/lierre/34468-lierre-commun.html
34462-30406;976509;149;20170120;https://www.jardiland.com/plantes/arbres-et-arbustes-d-ornement/plantes-grimpantes/lierre/34462-lierre-gloire-de-marengo.html
34442-57463;1250300;149;20170120;https://www.jardiland.com/plantes/arbres-et-arbustes-d-ornement/plantes-grimpantes/glycine/34442-glycine-violacea-plena.html
41787-40142;903306;149;20170120;https://www.jardiland.com/plantes/arbres-et-arbustes-d-ornement/rosiers/rosiers-buissons/41787-rosier-sweet-lover-harkness-grandes-fleurs.html
41746-39243;643837;149;20170120;https://www.jardiland.com/plantes/arbres-et-arbustes-d-ornement/rosiers/rosiers-buissons/41746-rosier-red-peace-karl-herbst-grandes-fleurs.html
41891-21651;652637;149;20170120;https://www.jardiland.com/plantes/arbres-et-arbustes-d-ornement/rosiers/rosiers-tiges-pleureurs/41891-rosier-opaliar-noaschnee-paysager.html
41610-28166;897620;149;20170120;https://www.jardiland.com/plantes/arbres-et-arbustes-d-ornement/rosiers/rosiers-buissons/41610-rosier-buisson-a-grandes-fleurs.html
61040-60209;844558;149;20170120;https://www.jardiland.com/plantes/arbres-et-arbustes-d-ornement/rosiers/rosiers-buissons/61040-rosier-buisson-a-grandes-fleurs.html
41800-21662;653122;149;20170120;https://www.jardiland.com/plantes/arbres-et-arbustes-d-ornement/rosiers/rosiers-buissons/41800-rosier-ancien.html
41617-21361;643884;149;20170120;https://www.jardiland.com/plantes/arbres-et-arbustes-d-ornement/rosiers/rosiers-buissons/41617-rosier-fete-des-peres-miniature.html
34294-18824;599618;149;20170120;https://www.jardiland.com/plantes/arbres-et-arbustes-d-ornement/plantes-de-terre-de-bruyere/rhododendron/34294-rhododendron-ponticum.html
34258-17904;592598;149;20170120;https://www.jardiland.com/plantes/arbres-et-arbustes-d-ornement/plantes-de-terre-de-bruyere/magnolia/34258-magnolia-stellata.html
34258-17697;592608;149;20170120;https://www.jardiland.com/plantes/arbres-et-arbustes-d-ornement/plantes-de-terre-de-bruyere/magnolia/34258-magnolia-stellata.html
34249-17887;592421;149;20170120;https://www.jardiland.com/plantes/arbres-et-arbustes-d-ornement/plantes-de-terre-de-bruyere/magnolia/34249-magnolia-susan.html
34233-23078;695575;149;20170120;https://www.jardiland.com/plantes/arbres-et-arbustes-d-ornement/plantes-de-terre-de-bruyere/leucothoe/34233-leucothoe-axillaris-curly-red-pbr.html
34232-30613;978191;149;20170120;https://www.jardiland.com/plantes/arbres-et-arbustes-d-ornement/plantes-de-terre-de-bruyere/leucothoe/34232-leucothoe.html
34227-51910;1299783;149;20170120;https://www.jardiland.com/plantes/arbres-et-arbustes-d-ornement/plantes-de-terre-de-bruyere/hortensia/34227-hortensia-paniculata-sundae-fraise-r.html
41577-54924;1475928;149;20170120;https://www.jardiland.com/plantes/arbres-et-arbustes-d-ornement/plantes-de-terre-de-bruyere/hortensia/41577-hortensia-bleu-a-grandes-feuilles.html
41575-17427;589470;149;20170120;https://www.jardiland.com/plantes/arbres-et-arbustes-d-ornement/plantes-de-terre-de-bruyere/hortensia/41575-hortensia-a-grandes-feuilles-rose.html
34197-11342;1365442;149;20170120;https://www.jardiland.com/plantes/arbres-et-arbustes-d-ornement/plantes-de-terre-de-bruyere/hortensia/34197-hortensia-a-grandes-feuilles.html
34176-47153;1466269;149;20170120;https://www.jardiland.com/plantes/arbres-et-arbustes-d-ornement/plantes-de-terre-de-bruyere/hortensia/34176-hortensia-primeur.html
34169-17364;589289;149;20170120;https://www.jardiland.com/plantes/arbres-et-arbustes-d-ornement/plantes-de-terre-de-bruyere/hortensia/34169-hortensia-schone-bautznerin-red-baron.html
34171-24559;751303;149;20170120;https://www.jardiland.com/plantes/arbres-et-arbustes-d-ornement/plantes-de-terre-de-bruyere/hortensia/34171-hortensia-rosita.html
34122-53202;817592;149;20170120;https://www.jardiland.com/plantes/arbres-et-arbustes-d-ornement/plantes-de-terre-de-bruyere/erable-du-japon/34122-erable-du-japon-deshojo.html
34119-27356;872658;149;20170120;https://www.jardiland.com/plantes/arbres-et-arbustes-d-ornement/plantes-de-terre-de-bruyere/erable-du-japon/34119-erable-du-japon-bloodgood.html
34101-30032;980403;149;20170120;https://www.jardiland.com/plantes/arbres-et-arbustes-d-ornement/plantes-de-terre-de-bruyere/camelia/34101-camelia-du-japon.html
34101-8432;1263595;149;20170120;https://www.jardiland.com/plantes/arbres-et-arbustes-d-ornement/plantes-de-terre-de-bruyere/camelia/34101-camelia-du-japon.html
34263-13746;1414661;149;20170120;https://www.jardiland.com/plantes/arbres-et-arbustes-d-ornement/plantes-de-terre-de-bruyere/nandina/34263-bambou-sacre-obsessedr-seika.html
34680-24552;751102;149;20170120;https://www.jardiland.com/plantes/arbres-et-arbustes-d-ornement/plantes-mediterraneennes/autres-plantes-mediterraneennes/34680-pittosporum-tenuifolium-variegatum.html
34734-22200;669804;149;20170120;https://www.jardiland.com/plantes/arbres-et-arbustes-d-ornement/plantes-mediterraneennes/autres-plantes-mediterraneennes/34734-pittosporum-tenuifolium-elizabeth.html
34681-18487;596419;149;20170120;https://www.jardiland.com/plantes/arbres-et-arbustes-d-ornement/plantes-mediterraneennes/autres-plantes-mediterraneennes/34681-pittosporum-tenuifolium.html
34763-29688;970167;149;20170120;https://www.jardiland.com/plantes/arbres-et-arbustes-d-ornement/plantes-mediterraneennes/autres-plantes-mediterraneennes/34763-mimosa-d-hiver.html
34615-12140;1377203;149;20170120;https://www.jardiland.com/plantes/arbres-et-arbustes-d-ornement/plantes-mediterraneennes/autres-plantes-mediterraneennes/34615-dodonaea-viscosa-purpurea.html
34571-47645;855566;149;20170120;https://www.jardiland.com/plantes/arbres-et-arbustes-d-ornement/plantes-mediterraneennes/autres-plantes-mediterraneennes/34571-callistemon-rugulosus-laevis.html
34589-47230;581894;149;20170120;https://www.jardiland.com/plantes/arbres-et-arbustes-d-ornement/plantes-mediterraneennes/autres-plantes-mediterraneennes/34589-callistemon-citrinus-splendens.html
34589-47171;1465775;149;20170120;https://www.jardiland.com/plantes/arbres-et-arbustes-d-ornement/plantes-mediterraneennes/autres-plantes-mediterraneennes/34589-callistemon-citrinus-splendens.html
34721-48463;1457287;149;20170120;https://www.jardiland.com/plantes/arbres-et-arbustes-d-ornement/plantes-mediterraneennes/autres-plantes-mediterraneennes/34721-callistemon-masotti-pbr.html
34721-46999;1420372;149;20170120;https://www.jardiland.com/plantes/arbres-et-arbustes-d-ornement/plantes-mediterraneennes/autres-plantes-mediterraneennes/34721-callistemon-masotti-pbr.html
33694-6436;1012823;149;20170120;https://www.jardiland.com/plantes/arbres-et-arbustes-d-ornement/arbres-et-arbustes/symphorine/33694-symphoricarpos-x-doorenbosii-magicalr-candy-kolmcan.html
33358-18712;597844;149;20170120;https://www.jardiland.com/plantes/arbres-et-arbustes-d-ornement/arbres-et-arbustes/laurier-palme/33358-prunus-laurocerasus-rotundifolia.html
33367-11312;1364937;149;20170120;https://www.jardiland.com/plantes/arbres-et-arbustes-d-ornement/arbres-et-arbustes/laurier-palme/33367-prunus-laurocerasus-novita.html
33556-18683;597481;149;20170120;https://www.jardiland.com/plantes/arbres-et-arbustes-d-ornement/arbres-et-arbustes/potentille/33556-potentilla-fruticosa-goldfinger.html
33553-28482;911328;149;20170120;https://www.jardiland.com/plantes/arbres-et-arbustes-d-ornement/arbres-et-arbustes/potentille/33553-potentilla-fruticosa-abbotswood.html
33512-18295;595145;149;20170120;https://www.jardiland.com/plantes/arbres-et-arbustes-d-ornement/arbres-et-arbustes/photinia/33512-photinia-x-fraseri-red-select.html
57270-57157;1365832;149;20170120;https://www.jardiland.com/plantes/arbres-et-arbustes-d-ornement/arbres-et-arbustes/photinia/57270-photinia-x-fraseri-carre-rouge.html
33505-23702;720291;149;20170120;https://www.jardiland.com/plantes/arbres-et-arbustes-d-ornement/arbres-et-arbustes/perovskia/33505-perovskia-blue-spire.html
33485-16554;584704;149;20170120;https://www.jardiland.com/plantes/arbres-et-arbustes-d-ornement/arbres-et-arbustes/oranger-du-mexique/33485-oranger-du-mexique-sundancer.html
33714-6416;1012306;149;20170120;https://www.jardiland.com/plantes/arbres-et-arbustes-d-ornement/arbres-et-arbustes/troene/33714-ligustrum-ovalifolium.html
33113-16909;590483;149;20170120;https://www.jardiland.com/plantes/arbres-et-arbustes-d-ornement/arbres-et-arbustes/corete-du-japon/33113-kerria-japonica-pleniflora.html
33328-17321;588939;149;20170120;https://www.jardiland.com/plantes/arbres-et-arbustes-d-ornement/arbres-et-arbustes/hibiscus/33328-hibiscus-syriacus-red-heart.html
33254-38763;587556;149;20170120;https://www.jardiland.com/plantes/arbres-et-arbustes-d-ornement/arbres-et-arbustes/fusain/33254-fusain-du-japon-bravo.html
33181-24297;742560;149;20170120;https://www.jardiland.com/plantes/arbres-et-arbustes-d-ornement/arbres-et-arbustes/elaeagnus/33181-eleagnus-x-ebbingei.html
33173-16976;587027;149;20170120;https://www.jardiland.com/plantes/arbres-et-arbustes-d-ornement/arbres-et-arbustes/elaeagnus/33173-elaeagnus-x-ebbingei.html
33161-16918;586824;149;20170120;https://www.jardiland.com/plantes/arbres-et-arbustes-d-ornement/arbres-et-arbustes/deutzia/33161-deutzia-gracilis-nikko.html
33160-16917;586822;149;20170120;https://www.jardiland.com/plantes/arbres-et-arbustes-d-ornement/arbres-et-arbustes/deutzia/33160-deutzia-gracilis.html
33157-17584;590606;149;20170120;https://www.jardiland.com/plantes/arbres-et-arbustes-d-ornement/arbres-et-arbustes/cytise/33157-cytise-commun.html
33130-10090;1336892;149;20170120;https://www.jardiland.com/plantes/arbres-et-arbustes-d-ornement/arbres-et-arbustes/cornouiller/33130-cornouiller-du-japon.html
33137-22325;674971;149;20170120;https://www.jardiland.com/plantes/arbres-et-arbustes-d-ornement/arbres-et-arbustes/cornouiller/33137-cornouiller-a-bois-jaune-flaviramea.html
33074-16065;583307;149;20170120;https://www.jardiland.com/plantes/arbres-et-arbustes-d-ornement/arbres-et-arbustes/ceanothe/33074-ceanothe-rampant.html
33074-16064;583303;149;20170120;https://www.jardiland.com/plantes/arbres-et-arbustes-d-ornement/arbres-et-arbustes/ceanothe/33074-ceanothe-rampant.html
33050-23688;720080;149;20170120;https://www.jardiland.com/plantes/arbres-et-arbustes-d-ornement/arbres-et-arbustes/caryopteris/33050-caryopteris-grand-bleur-inoveris.html
33042-16190;581871;149;20170120;https://www.jardiland.com/plantes/arbres-et-arbustes-d-ornement/arbres-et-arbustes/callicarpa/33042-callicarpe-de-bodinier-profusion.html
33043-11235;1362423;149;20170120;https://www.jardiland.com/plantes/arbres-et-arbustes-d-ornement/arbres-et-arbustes/callicarpa/33043-callicarpa-bodinieri.html
