ID_WEB;ID_JDN;CODEMAG;DATE_ASPI;URLPRODUIT
67598-67598;1477637;197;20170127;https://www.jardiland.com/maison-deco/beaute-bien-tre/accessoires/coffret/67598-duo-mini-bqt-brins-noir-rose-orange-can.html
81454-78267;857153;197;20170127;https://www.jardiland.com/maison-deco/beaute-bien-tre/cosmetiques/savon/81454-savon-pur-vegetal.html
81454-78265;857160;197;20170127;https://www.jardiland.com/maison-deco/beaute-bien-tre/cosmetiques/savon/81454-savon-pur-vegetal.html
81454-78259;857144;197;20170127;https://www.jardiland.com/maison-deco/beaute-bien-tre/cosmetiques/savon/81454-savon-pur-vegetal.html
81454-73257;1443264;197;20170127;https://www.jardiland.com/maison-deco/beaute-bien-tre/cosmetiques/savon/81454-savon-pur-vegetal.html
82520-73347;1441027;197;20170127;https://www.jardiland.com/maison-deco/epicerie-fine/epicerie-sucree/confiserie/82520-sachet-mini-nougat-200g.html
82520-73346;1441026;197;20170127;https://www.jardiland.com/maison-deco/epicerie-fine/epicerie-sucree/confiserie/82520-sachet-mini-nougat-200g.html
82519-73343;1440995;197;20170127;https://www.jardiland.com/maison-deco/epicerie-fine/epicerie-sucree/confiserie/82519-part-de-nougat-tendre-120g.html
82519-73341;1440980;197;20170127;https://www.jardiland.com/maison-deco/epicerie-fine/epicerie-sucree/confiserie/82519-part-de-nougat-tendre-120g.html
69661-69661;1432067;197;20170127;https://www.jardiland.com/maison-deco/art-de-la-table/linge-de-table/set-de-table/69661-set-de-table-uni-vert-33x48cm.html
69659-69659;1432069;197;20170127;https://www.jardiland.com/maison-deco/art-de-la-table/linge-de-table/set-de-table/69659-set-de-table-uni-taupe-33x48cm.html
69658-69658;1432070;197;20170127;https://www.jardiland.com/maison-deco/art-de-la-table/linge-de-table/set-de-table/69658-set-de-table-uni-orange-33x48cm.html
69660-69660;1432068;197;20170127;https://www.jardiland.com/maison-deco/art-de-la-table/linge-de-table/set-de-table/69660-set-de-table-uni-gris-33x48cm.html
69663-69663;1432065;197;20170127;https://www.jardiland.com/maison-deco/art-de-la-table/linge-de-table/chemin-de-table/69663-chemin-de-table-uni-orange-40x140cm.html
1904-1904;1327059;197;20170127;https://www.jardiland.com/maison-deco/art-de-la-table/vaisselle/vaisselle-decoree/1904-petite-assiette-en-verre-o-15-cm.html
81305-72824;1454268;197;20170127;https://www.jardiland.com/maison-deco/art-de-la-table/vaisselle/assiette/81305-assiette-plate-piko-d27cm.html
1903-1903;1327043;197;20170127;https://www.jardiland.com/maison-deco/art-de-la-table/vaisselle/vaisselle-decoree/1903-assiette-en-verre-o-18-cm.html
81302-72825;1454271;197;20170127;https://www.jardiland.com/maison-deco/art-de-la-table/vaisselle/assiette/81302-assiette-dessert-piko-d21cm.html
82030-74221;1293870;197;20170127;https://www.jardiland.com/maison-deco/cache-pot-d-interieur/a-reserve-d-eau/fibre/82030-pot-trio-claire-d26-h14-1.html
82030-74219;1293867;197;20170127;https://www.jardiland.com/maison-deco/cache-pot-d-interieur/a-reserve-d-eau/fibre/82030-pot-trio-claire-d26-h14-1.html
82030-74217;1293865;197;20170127;https://www.jardiland.com/maison-deco/cache-pot-d-interieur/a-reserve-d-eau/fibre/82030-pot-trio-claire-d26-h14-1.html
82030-74216;1293864;197;20170127;https://www.jardiland.com/maison-deco/cache-pot-d-interieur/a-reserve-d-eau/fibre/82030-pot-trio-claire-d26-h14-1.html
82855-74223;1293874;197;20170127;https://www.jardiland.com/maison-deco/cache-pot-d-interieur/a-reserve-d-eau/fibre/82855-pot-deca.html
82855-74222;1293873;197;20170127;https://www.jardiland.com/maison-deco/cache-pot-d-interieur/a-reserve-d-eau/fibre/82855-pot-deca.html
81701-73701;1014358;197;20170127;https://www.jardiland.com/maison-deco/cache-pot-d-interieur/a-reserve-d-eau/fibre/81701-pot-claire.html
81701-73700;1014357;197;20170127;https://www.jardiland.com/maison-deco/cache-pot-d-interieur/a-reserve-d-eau/fibre/81701-pot-claire.html
81701-73696;1014326;197;20170127;https://www.jardiland.com/maison-deco/cache-pot-d-interieur/a-reserve-d-eau/fibre/81701-pot-claire.html
69163-69163;1433007;197;20170127;https://www.jardiland.com/maison-deco/cache-pot-d-interieur/cache-pot-simple/contenant-en-metal/69163-pots-zinc-x3-s-plateau-vert-36x10x10cm.html
69046-69046;1433179;197;20170127;https://www.jardiland.com/maison-deco/cache-pot-d-interieur/cache-pot-simple/contenant-en-metal/69046-pots-zinc-x3-s-plateau-corail-36x10x10cm.html
82179-73699;1014341;197;20170127;https://www.jardiland.com/maison-deco/cache-pot-d-interieur/cache-pot-simple/pot-special-orchidee-et-accessoires/82179-pot-orchidee-d13-h14-1.html
69829-69829;1409950;197;20170127;https://www.jardiland.com/maison-deco/cache-pot-d-interieur/cache-pot-simple/contenant-en-metal/69829-pot-en-zinc-d10x13cm.html
81843-74657;1471271;197;20170127;https://www.jardiland.com/maison-deco/cache-pot-d-interieur/cache-pot-simple/cache-pot-aimante/81843-pot-aimante-k-basic-line-cube-6cm.html
81843-74650;1471270;197;20170127;https://www.jardiland.com/maison-deco/cache-pot-d-interieur/cache-pot-simple/cache-pot-aimante/81843-pot-aimante-k-basic-line-cube-6cm.html
81843-74648;1471272;197;20170127;https://www.jardiland.com/maison-deco/cache-pot-d-interieur/cache-pot-simple/cache-pot-aimante/81843-pot-aimante-k-basic-line-cube-6cm.html
81843-74647;1471273;197;20170127;https://www.jardiland.com/maison-deco/cache-pot-d-interieur/cache-pot-simple/cache-pot-aimante/81843-pot-aimante-k-basic-line-cube-6cm.html
82769-73191;1428135;197;20170127;https://www.jardiland.com/maison-deco/cache-pot-d-interieur/cache-pot-simple/cache-pot-aimante/82769-pot-aimante-k-basic-line-boule-6cm.html
82769-73190;1428134;197;20170127;https://www.jardiland.com/maison-deco/cache-pot-d-interieur/cache-pot-simple/cache-pot-aimante/82769-pot-aimante-k-basic-line-boule-6cm.html
82769-73182;1428142;197;20170127;https://www.jardiland.com/maison-deco/cache-pot-d-interieur/cache-pot-simple/cache-pot-aimante/82769-pot-aimante-k-basic-line-boule-6cm.html
69048-69048;1433176;197;20170127;https://www.jardiland.com/maison-deco/cache-pot-d-interieur/cache-pot-simple/contenant-en-metal/69048-jardiniere-zinc-38x25x18-1.html
69047-69047;1433177;197;20170127;https://www.jardiland.com/maison-deco/cache-pot-d-interieur/cache-pot-simple/contenant-en-metal/69047-jardiniere-zinc-32x20x15-1.html
69056-69056;1433167;197;20170127;https://www.jardiland.com/maison-deco/cache-pot-d-interieur/cache-pot-simple/contenant-en-metal/69056-jardiniere-rect-gris-fonce-oiseau.html
69054-69054;1433169;197;20170127;https://www.jardiland.com/maison-deco/cache-pot-d-interieur/cache-pot-simple/contenant-en-metal/69054-jardiniere-ovale-gris-fonce-24x19x17-5cm.html
69050-69050;1433174;197;20170127;https://www.jardiland.com/maison-deco/cache-pot-d-interieur/cache-pot-simple/contenant-en-metal/69050-jardiniere-ovale-gris-clair-32x20x15cm.html
82001-73187;1428131;197;20170127;https://www.jardiland.com/maison-deco/cache-pot-d-interieur/cache-pot-simple/cache-pot-aimante/82001-jardiniere-aimantee-kalamitica-12cm.html
82001-73186;1428130;197;20170127;https://www.jardiland.com/maison-deco/cache-pot-d-interieur/cache-pot-simple/cache-pot-aimante/82001-jardiniere-aimantee-kalamitica-12cm.html
81950-72256;1418966;197;20170127;https://www.jardiland.com/maison-deco/cache-pot-d-interieur/cache-pot-simple/ceramique/81950-cache-pot-lisse-d10-5-h9cm.html
70479-70479;1395513;197;20170127;https://www.jardiland.com/maison-deco/cache-pot-d-interieur/cache-pot-simple/vannerie/70479-cache-pot-clair-carre-jacinthe-38x38x32-1.html
70456-70456;1395537;197;20170127;https://www.jardiland.com/maison-deco/cache-pot-d-interieur/cache-pot-simple/vannerie/70456-cache-pot-bambou-rectangulaire-35x35x14-1.html
69068-69068;1433154;197;20170127;https://www.jardiland.com/maison-deco/cache-pot-d-interieur/cache-pot-simple/contenant-en-metal/69068-arrosoir-en-zinc-26x17x16cm.html
59720-59720;1212329;197;20170127;https://www.jardiland.com/maison-deco/librairie-papeterie/librairie/livre-jardin/59720-un-petit-potager-qui-vaut-le-coup.html
68347-68347;1459154;197;20170127;https://www.jardiland.com/maison-deco/librairie-papeterie/librairie/livre-jardin/68347-tomates.html
69415-69415;1423320;197;20170127;https://www.jardiland.com/maison-deco/librairie-papeterie/librairie/livre-jardin/69415-taille-des-arbres-fruitiers.html
69417-69417;1423316;197;20170127;https://www.jardiland.com/maison-deco/librairie-papeterie/librairie/livre-jardin/69417-roses-les-meilleures-varietes.html
68354-68354;1459147;197;20170127;https://www.jardiland.com/maison-deco/librairie-papeterie/librairie/livre-jardin/68354-pivoines.html
69416-69416;1423318;197;20170127;https://www.jardiland.com/maison-deco/librairie-papeterie/librairie/livre-jardin/69416-permaculture-guide-pratique.html
3388-3388;1424093;197;20170127;https://www.jardiland.com/maison-deco/librairie-papeterie/librairie/livre-cuisine-et-vin/3388-livre-super-plancha.html
66804-66804;546142;197;20170127;https://www.jardiland.com/maison-deco/librairie-papeterie/librairie/livre-animal/66804-les-bases-du-terrarium.html
68345-68345;1459157;197;20170127;https://www.jardiland.com/maison-deco/librairie-papeterie/librairie/livre-jardin/68345-le-potager-perpetuel.html
68184-68184;1464101;197;20170127;https://www.jardiland.com/maison-deco/librairie-papeterie/librairie/livre-jardin/68184-jardinez-avec-la-lune-2017-1.html
68352-68352;1459149;197;20170127;https://www.jardiland.com/maison-deco/librairie-papeterie/librairie/livre-jardin/68352-guide-de-la-couleur-au-jardin.html
68364-68364;1459136;197;20170127;https://www.jardiland.com/maison-deco/librairie-papeterie/librairie/livre-jardin/68364-esprit-debrouille.html
68349-68349;1459152;197;20170127;https://www.jardiland.com/maison-deco/librairie-papeterie/librairie/livre-jardin/68349-clotures-et-murets.html
68678-68678;1449879;197;20170127;https://www.jardiland.com/maison-deco/librairie-papeterie/papeterie/carte/68678-cartes-dbl-artisan.html
69361-69361;1429007;197;20170127;https://www.jardiland.com/maison-deco/librairie-papeterie/papeterie/carte/69361-carte-92x77mm-bonne-annee.html
59662-59662;1467407;197;20170127;https://www.jardiland.com/maison-deco/librairie-papeterie/librairie/livre-animal/59662-berger-australien.html
68343-68343;1459159;197;20170127;https://www.jardiland.com/maison-deco/librairie-papeterie/librairie/livre-jardin/68343-amenagements-exterieurs.html
68344-68344;1459158;197;20170127;https://www.jardiland.com/maison-deco/librairie-papeterie/librairie/livre-jardin/68344-allees-et-dallages.html
4922-4922;790997;197;20170127;https://www.jardiland.com/maison-deco/cheminee/accessoires-de-cheminee/panier-a-buche/4922-panier-a-buches-en-osier-carre.html
69854-69854;1409904;197;20170127;https://www.jardiland.com/maison-deco/mobilier-d-interieur/69854-table-mosaique-ronde-60x75cm.html
69069-69069;1433153;197;20170127;https://www.jardiland.com/maison-deco/mobilier-d-interieur/69069-plateau-zinc-avec-pied-30x90cm.html
52709-52709;1432927;197;20170127;https://www.jardiland.com/maison-deco/mobilier-d-interieur/52709-chaise-pliante.html
70378-70378;1396907;197;20170127;https://www.jardiland.com/maison-deco/mobilier-d-interieur/70378-chaise-metaliq-a-mosaiq-pierre.html
69855-69855;1409903;197;20170127;https://www.jardiland.com/maison-deco/mobilier-d-interieur/69855-chaise-49x40x92cm.html
81255-72809;1453761;197;20170127;https://www.jardiland.com/maison-deco/mobilier-d-interieur/81255-canape-2-places-p82x-l131-x-h95-1.html
69139-69139;1433044;197;20170127;https://www.jardiland.com/maison-deco/objets-de-decoration/autres-objets-de-decoration/autres-objets-de-decoration/69139-pot-a-suspendre-orange-d17x17cm.html
69138-69138;1433045;197;20170127;https://www.jardiland.com/maison-deco/objets-de-decoration/autres-objets-de-decoration/autres-objets-de-decoration/69138-pot-a-suspendre-jaune-d17x17cm.html
69107-69107;1433106;197;20170127;https://www.jardiland.com/maison-deco/objets-de-decoration/autres-objets-de-decoration/autres-objets-de-decoration/69107-pomme-fibre-orange-d-20-h-22-cm.html
69108-69108;1433105;197;20170127;https://www.jardiland.com/maison-deco/objets-de-decoration/autres-objets-de-decoration/autres-objets-de-decoration/69108-pomme-fibre-orange-d-25-5-h-27-cm.html
69106-69106;1433107;197;20170127;https://www.jardiland.com/maison-deco/objets-de-decoration/autres-objets-de-decoration/autres-objets-de-decoration/69106-pomme-fibre-orange-d-15-h-17-cm.html
69837-69837;1409938;197;20170127;https://www.jardiland.com/maison-deco/objets-de-decoration/autres-objets-de-decoration/plateau-et-serviteur/69837-plateau-en-bois-avec-metal-gm.html
70515-70515;1395348;197;20170127;https://www.jardiland.com/maison-deco/objets-de-decoration/autres-objets-de-decoration/autres-objets-de-decoration/70515-plateau-4-pots-en-terre-cuite-31x31x14-1.html
71870-71870;1271533;197;20170127;https://www.jardiland.com/maison-deco/objets-de-decoration/autres-objets-de-decoration/autres-objets-de-decoration/71870-papillons-8cm-sur-tige-modele-3-1.html
69862-69862;1409886;197;20170127;https://www.jardiland.com/maison-deco/objets-de-decoration/autres-objets-de-decoration/panier/69862-panieres-ovales-gm.html
69092-69092;1433126;197;20170127;https://www.jardiland.com/maison-deco/objets-de-decoration/autres-objets-de-decoration/panier/69092-paniere-rotin-ractangulaire-30x22x8-1.html
70510-70510;1395371;197;20170127;https://www.jardiland.com/maison-deco/objets-de-decoration/autres-objets-de-decoration/panier/70510-paniere-rectang-en-plastique-34x25x14-1.html
69090-69090;1433128;197;20170127;https://www.jardiland.com/maison-deco/objets-de-decoration/autres-objets-de-decoration/autres-objets-de-decoration/69090-paniere-metal-noir-34x17x40cm.html
69095-69095;1433120;197;20170127;https://www.jardiland.com/maison-deco/objets-de-decoration/autres-objets-de-decoration/autres-objets-de-decoration/69095-paniere-metal-a-suspendre-37x15x27cm.html
69097-69097;1433118;197;20170127;https://www.jardiland.com/maison-deco/objets-de-decoration/autres-objets-de-decoration/panier/69097-paniere-en-osier-avec-couvercle-27-5x23-1.html
70450-70450;1395589;197;20170127;https://www.jardiland.com/maison-deco/objets-de-decoration/autres-objets-de-decoration/panier/70450-paniere-en-jacinthe-bicolore-53x33x28-1.html
70451-70451;1395586;197;20170127;https://www.jardiland.com/maison-deco/objets-de-decoration/autres-objets-de-decoration/panier/70451-paniere-en-jacinthe-bicolore-39x26x22-1.html
69126-69126;1433085;197;20170127;https://www.jardiland.com/maison-deco/objets-de-decoration/autres-objets-de-decoration/autres-objets-de-decoration/69126-panier-a-supendre-x3-25x140cm.html
69096-69096;1433119;197;20170127;https://www.jardiland.com/maison-deco/objets-de-decoration/autres-objets-de-decoration/panier/69096-coupe-vannerie-deco-34x7-5-1.html
66801-66801;552013;197;20170127;https://www.jardiland.com/maison-deco/objets-de-decoration/autres-objets-de-decoration/panier/66801-corbeille-osier-brut-30cm.html
71099-71099;1347278;197;20170127;https://www.jardiland.com/maison-deco/objets-de-decoration/autres-objets-de-decoration/panier/71099-corb-rect-os-gris-l17-1.html
69165-69165;1432773;197;20170127;https://www.jardiland.com/maison-deco/objets-de-decoration/autres-objets-de-decoration/panier/69165-corb-ass-ecl-gris-jute-t2-1.html
69166-69166;1432772;197;20170127;https://www.jardiland.com/maison-deco/objets-de-decoration/autres-objets-de-decoration/panier/69166-corb-ass-ecl-gris-jute-t1-1.html
71092-71092;1347629;197;20170127;https://www.jardiland.com/maison-deco/objets-de-decoration/autres-objets-de-decoration/panier/71092-corb-2a-rde-os-gris-d12-1.html
71098-71098;1347306;197;20170127;https://www.jardiland.com/maison-deco/objets-de-decoration/autres-objets-de-decoration/panier/71098-corb-2a-os-gris-jute-ass-t2-1.html
71097-71097;1347319;197;20170127;https://www.jardiland.com/maison-deco/objets-de-decoration/autres-objets-de-decoration/panier/71097-corb-2a-os-gris-jute-ass-t1-1.html
71093-71093;1347532;197;20170127;https://www.jardiland.com/maison-deco/objets-de-decoration/autres-objets-de-decoration/panier/71093-corb-2a-os-brut-ass-cot-t2-1.html
71094-71094;1347494;197;20170127;https://www.jardiland.com/maison-deco/objets-de-decoration/autres-objets-de-decoration/panier/71094-corb-2a-os-brut-ass-cot-t1-1.html
69339-69339;1429135;197;20170127;https://www.jardiland.com/maison-deco/objets-de-decoration/autres-objets-de-decoration/autres-objets-de-decoration/69339-cloche-verre-socle-gris-12-5x12-5x23-5-1.html
69338-69338;1429136;197;20170127;https://www.jardiland.com/maison-deco/objets-de-decoration/autres-objets-de-decoration/autres-objets-de-decoration/69338-cloche-verre-socle-gris-12-5x12-5x19-5-1.html
70203-70203;1408186;197;20170127;https://www.jardiland.com/maison-deco/objets-de-decoration/autres-objets-de-decoration/autres-objets-de-decoration/70203-cloche-verre-socle-ciment-22x22x22-5cm.html
69864-69864;1409882;197;20170127;https://www.jardiland.com/maison-deco/objets-de-decoration/autres-objets-de-decoration/autres-objets-de-decoration/69864-bain-oiseaux-35x23x5cm.html
69141-69141;1433042;197;20170127;https://www.jardiland.com/maison-deco/objets-de-decoration/autres-objets-de-decoration/autres-objets-de-decoration/69141-bain-a-oiseau-ceramique-vert-35x8cm.html
71674-71674;1242988;197;20170127;https://www.jardiland.com/maison-deco/objets-de-decoration/figurines-et-peluches/figurine/71674-poussins-dans-nid-4ass-jaune-d8cm.html
70880-70880;1395469;197;20170127;https://www.jardiland.com/maison-deco/objets-de-decoration/figurines-et-peluches/figurine/70880-pomme-verte-en-fibre-25-5x27cm.html
70475-70475;1395517;197;20170127;https://www.jardiland.com/maison-deco/objets-de-decoration/figurines-et-peluches/figurine/70475-oiseau-noir-en-fibre-36x19x24-1.html
70467-70467;1395525;197;20170127;https://www.jardiland.com/maison-deco/objets-de-decoration/figurines-et-peluches/figurine/70467-oiseau-blanc-en-fibre-36x19x24-1.html
70493-70493;1395427;197;20170127;https://www.jardiland.com/maison-deco/objets-de-decoration/figurines-et-peluches/figurine/70493-bain-d-oiseau-sur-pied-22x35-5-1.html
69102-69102;1433112;197;20170127;https://www.jardiland.com/maison-deco/objets-de-decoration/rangement-boites-et-paniers/coffret-et-boite-de-rangement/69102-paniere-metal-noir-rect-29x22xh18cm.html
69810-69810;1409980;197;20170127;https://www.jardiland.com/maison-deco/objets-de-decoration/rangement-boites-et-paniers/coffret-et-boite-de-rangement/69810-paniere-metal-noir-poignees-pm.html
69809-69809;1409981;197;20170127;https://www.jardiland.com/maison-deco/objets-de-decoration/rangement-boites-et-paniers/coffret-et-boite-de-rangement/69809-paniere-metal-noir-poignees-gm.html
69145-69145;1433031;197;20170127;https://www.jardiland.com/maison-deco/objets-de-decoration/rangement-boites-et-paniers/coffret-et-boite-de-rangement/69145-panier-grillage-orange-d36-x-h29cm.html
70128-70128;1408825;197;20170127;https://www.jardiland.com/maison-deco/objets-de-decoration/rangement-boites-et-paniers/coffret-et-boite-de-rangement/70128-panier-grillage-noir-45x35x28-5cm.html
70978-70978;1351450;197;20170127;https://www.jardiland.com/maison-deco/objets-de-decoration/rangement-boites-et-paniers/boite-fantaisie/70978-boite-a-soupes-en-sachet-a-table-rouge.html
70986-70986;1351340;197;20170127;https://www.jardiland.com/maison-deco/objets-de-decoration/rangement-boites-et-paniers/coffret-et-boite-de-rangement/70986-boite-a-sel-de-ma-vie-bleu.html
69239-69239;1432081;197;20170127;https://www.jardiland.com/maison-deco/objets-de-decoration/coussins-et-plaids/coussin/69239-coussin-taupe-40x40cm.html
71901-71901;1221831;197;20170127;https://www.jardiland.com/maison-deco/objets-de-decoration/plantes-artificielles/plante-et-fleur/71901-succulente-pot-zinc-ast-4-var.html
68554-68554;1454814;197;20170127;https://www.jardiland.com/maison-deco/objets-de-decoration/plantes-artificielles/tige-fleurie/68554-rose-fuchsia-60cm.html
70949-70949;1353630;197;20170127;https://www.jardiland.com/maison-deco/objets-de-decoration/plantes-artificielles/tige-fleurie/70949-pivoine-creme-vert-63cm.html
71902-71902;1221784;197;20170127;https://www.jardiland.com/maison-deco/objets-de-decoration/plantes-artificielles/bouquet-et-composition/71902-pivoine-bouquet-35cm-lavande.html
67681-67681;1474372;197;20170127;https://www.jardiland.com/maison-deco/objets-de-decoration/plantes-artificielles/tige-fleurie/67681-nenuphar-sur-tige-rose-74-cm.html
67680-67680;1474373;197;20170127;https://www.jardiland.com/maison-deco/objets-de-decoration/plantes-artificielles/tige-fleurie/67680-nenuphar-sur-tige-fuchsia-74-cm.html
70434-70434;1395648;197;20170127;https://www.jardiland.com/maison-deco/objets-de-decoration/plantes-artificielles/tige-fleurie/70434-lys-tiger-87-cm-2f-jaune-orange.html
67684-67684;1474369;197;20170127;https://www.jardiland.com/maison-deco/objets-de-decoration/plantes-artificielles/tige-fleurie/67684-lys-2-flrs-rose-84-cm.html
68532-68532;1454837;197;20170127;https://www.jardiland.com/maison-deco/objets-de-decoration/plantes-artificielles/plante-et-fleur/68532-lavande-en-pot-facon-gres-24-cm.html
67670-67670;1474383;197;20170127;https://www.jardiland.com/maison-deco/objets-de-decoration/plantes-artificielles/plante-et-fleur/67670-herbe-asstx3-vert-en-pot-36cm-no-etiquet.html
68538-68538;1454830;197;20170127;https://www.jardiland.com/maison-deco/objets-de-decoration/plantes-artificielles/tige-fleurie/68538-gypsophile-fleur-blanche-67-cm.html
67673-67673;1474380;197;20170127;https://www.jardiland.com/maison-deco/objets-de-decoration/plantes-artificielles/tige-fleurie/67673-feuille-palmier-brche-105-cm.html
1469-1469;1303457;197;20170127;https://www.jardiland.com/maison-deco/objets-de-decoration/plantes-artificielles/tige-fleurie/1469-branche-de-fleurs-de-cerisier-roses-et-blanches-artificielle.html
68536-68536;1454832;197;20170127;https://www.jardiland.com/maison-deco/objets-de-decoration/plantes-artificielles/tige-fleurie/68536-banane-feuille-43-cm.html
70665-70665;1382986;197;20170127;https://www.jardiland.com/maison-deco/objets-de-decoration/plantes-artificielles/tige-fleurie/70665-bambou-50cm.html
70561-70561;1393581;197;20170127;https://www.jardiland.com/maison-deco/objets-de-decoration/vases-coupes-et-accessoires/pot-et-coupe/70561-vase-opale-fuseau-13x21-8cm.html
70562-70562;1393580;197;20170127;https://www.jardiland.com/maison-deco/objets-de-decoration/vases-coupes-et-accessoires/pot-et-coupe/70562-vase-opale-fuseau-12-5x31-7cm.html
69129-69129;1433073;197;20170127;https://www.jardiland.com/maison-deco/objets-de-decoration/vases-coupes-et-accessoires/pot-et-coupe/69129-vase-medicis-noir-19x25cm.html
70446-70446;1395596;197;20170127;https://www.jardiland.com/maison-deco/objets-de-decoration/vases-coupes-et-accessoires/pot-et-coupe/70446-vase-medicis-noir-12x15-1.html
68495-68495;1455023;197;20170127;https://www.jardiland.com/maison-deco/objets-de-decoration/vases-coupes-et-accessoires/pot-et-coupe/68495-vase-gris-fume-d11xh15-cm.html
69873-69873;1409873;197;20170127;https://www.jardiland.com/maison-deco/objets-de-decoration/vases-coupes-et-accessoires/pot-et-coupe/69873-vase-gris-clair-25x25cm.html
70454-70454;1395566;197;20170127;https://www.jardiland.com/maison-deco/objets-de-decoration/vases-coupes-et-accessoires/pot-et-coupe/70454-vase-en-ceramique-18x40-1.html
69151-69151;1433022;197;20170127;https://www.jardiland.com/maison-deco/objets-de-decoration/vases-coupes-et-accessoires/pot-et-coupe/69151-vase-ceramique-vert-oiseau-brche-18x18cm.html
69113-69113;1433100;197;20170127;https://www.jardiland.com/maison-deco/objets-de-decoration/vases-coupes-et-accessoires/pot-et-coupe/69113-vase-ceramique-vert-d-eau-15x25cm.html
69887-69887;1409859;197;20170127;https://www.jardiland.com/maison-deco/objets-de-decoration/vases-coupes-et-accessoires/pot-et-coupe/69887-vase-ceramique-motif-marron-d19-5x31cm.html
69157-69157;1433015;197;20170127;https://www.jardiland.com/maison-deco/objets-de-decoration/vases-coupes-et-accessoires/pot-et-coupe/69157-vase-ceramique-blanc-noir-20x40cm.html
69101-69101;1433113;197;20170127;https://www.jardiland.com/maison-deco/objets-de-decoration/vases-coupes-et-accessoires/pot-et-coupe/69101-vase-ceramique-blanc-et-vert-d-eau.html
69885-69885;1409861;197;20170127;https://www.jardiland.com/maison-deco/objets-de-decoration/vases-coupes-et-accessoires/pot-et-coupe/69885-vase-ceramique-blanc-et-gris-d20x40cm.html
69155-69155;1433018;197;20170127;https://www.jardiland.com/maison-deco/objets-de-decoration/vases-coupes-et-accessoires/pot-et-coupe/69155-vase-ceramique-blanc-20x25cm.html
69156-69156;1433017;197;20170127;https://www.jardiland.com/maison-deco/objets-de-decoration/vases-coupes-et-accessoires/pot-et-coupe/69156-vase-ceramique-blanc-18x37cm.html
69111-69111;1433102;197;20170127;https://www.jardiland.com/maison-deco/objets-de-decoration/vases-coupes-et-accessoires/pot-et-coupe/69111-vase-ceramique-blanc-15x25cm.html
69127-69127;1433075;197;20170127;https://www.jardiland.com/maison-deco/objets-de-decoration/vases-coupes-et-accessoires/pot-et-coupe/69127-vase-ceramique-2ast-8-5x15cm.html
69883-69883;1409863;197;20170127;https://www.jardiland.com/maison-deco/objets-de-decoration/vases-coupes-et-accessoires/pot-et-coupe/69883-vase-blanc-en-ceramique-anse-d16x17-5cm.html
69882-69882;1409864;197;20170127;https://www.jardiland.com/maison-deco/objets-de-decoration/vases-coupes-et-accessoires/pot-et-coupe/69882-vase-blanc-en-ceramique-anse-d16x24cm.html
69880-69880;1409866;197;20170127;https://www.jardiland.com/maison-deco/objets-de-decoration/vases-coupes-et-accessoires/pot-et-coupe/69880-soliflore-rond-en-ceramique-d6x15cm.html
69088-69088;1433131;197;20170127;https://www.jardiland.com/maison-deco/objets-de-decoration/vases-coupes-et-accessoires/pot-et-coupe/69088-pot-terracota-dans-panier-metal-34x17x40-1.html
69087-69087;1433132;197;20170127;https://www.jardiland.com/maison-deco/objets-de-decoration/vases-coupes-et-accessoires/pot-et-coupe/69087-pot-metal-x3-dans-panier-metal-37x15x12-1.html
69863-69863;1409883;197;20170127;https://www.jardiland.com/maison-deco/objets-de-decoration/vases-coupes-et-accessoires/pot-et-coupe/69863-pot-medicis-19x25cm.html
70441-70441;1395625;197;20170127;https://www.jardiland.com/maison-deco/objets-de-decoration/vases-coupes-et-accessoires/pot-et-coupe/70441-pot-interieur-en-fibre-blanc-d34-x-h61-1.html
69161-69161;1433009;197;20170127;https://www.jardiland.com/maison-deco/objets-de-decoration/vases-coupes-et-accessoires/pot-et-coupe/69161-pot-fibre-orange-20x36cm.html
66048-66048;840976;197;20170127;https://www.jardiland.com/maison-deco/objets-de-decoration/vases-coupes-et-accessoires/accessoires-de-composition-florale/66048-pinholder-x5-1.html
69808-69808;1409982;197;20170127;https://www.jardiland.com/maison-deco/objets-de-decoration/vases-coupes-et-accessoires/pot-et-coupe/69808-petite-paniere-metal-noir-30x12cm.html
82256-78695;835214;197;20170127;https://www.jardiland.com/maison-deco/objets-de-decoration/vases-coupes-et-accessoires/accessoires-de-composition-florale/82256-papillon-7cm-x3pcs.html
82256-78694;835216;197;20170127;https://www.jardiland.com/maison-deco/objets-de-decoration/vases-coupes-et-accessoires/accessoires-de-composition-florale/82256-papillon-7cm-x3pcs.html
82256-78693;835218;197;20170127;https://www.jardiland.com/maison-deco/objets-de-decoration/vases-coupes-et-accessoires/accessoires-de-composition-florale/82256-papillon-7cm-x3pcs.html
82256-78687;835217;197;20170127;https://www.jardiland.com/maison-deco/objets-de-decoration/vases-coupes-et-accessoires/accessoires-de-composition-florale/82256-papillon-7cm-x3pcs.html
82224-81059;965190;197;20170127;https://www.jardiland.com/maison-deco/objets-de-decoration/vases-coupes-et-accessoires/accessoires-de-composition-florale/82224-oiseaux-clip-6cm-3ass.html
82224-81058;965189;197;20170127;https://www.jardiland.com/maison-deco/objets-de-decoration/vases-coupes-et-accessoires/accessoires-de-composition-florale/82224-oiseaux-clip-6cm-3ass.html
82224-78696;835203;197;20170127;https://www.jardiland.com/maison-deco/objets-de-decoration/vases-coupes-et-accessoires/accessoires-de-composition-florale/82224-oiseaux-clip-6cm-3ass.html
82224-74144;1361583;197;20170127;https://www.jardiland.com/maison-deco/objets-de-decoration/vases-coupes-et-accessoires/accessoires-de-composition-florale/82224-oiseaux-clip-6cm-3ass.html
82224-73859;1211306;197;20170127;https://www.jardiland.com/maison-deco/objets-de-decoration/vases-coupes-et-accessoires/accessoires-de-composition-florale/82224-oiseaux-clip-6cm-3ass.html
69876-69876;1409870;197;20170127;https://www.jardiland.com/maison-deco/objets-de-decoration/vases-coupes-et-accessoires/pot-et-coupe/69876-long-vase-gris-f-en-ceramique-d10x41cm.html
82205-74145;1361841;197;20170127;https://www.jardiland.com/maison-deco/objets-de-decoration/vases-coupes-et-accessoires/sable-perle-d-eau-et-galet/82205-liquide-color-150ml.html
71676-71676;1241043;197;20170127;https://www.jardiland.com/maison-deco/objets-de-decoration/vases-coupes-et-accessoires/accessoires-de-composition-florale/71676-lichen-mica-vert-nature-50gr-ast.html
70883-70883;1395429;197;20170127;https://www.jardiland.com/maison-deco/objets-de-decoration/vases-coupes-et-accessoires/pot-et-coupe/70883-jardiniere-terracotta-30x20x18-1.html
82247-78327;899175;197;20170127;https://www.jardiland.com/maison-deco/objets-de-decoration/vases-coupes-et-accessoires/accessoires-de-composition-florale/82247-hobby-brique-20x10-2x7-7cm.html
82247-78320;899204;197;20170127;https://www.jardiland.com/maison-deco/objets-de-decoration/vases-coupes-et-accessoires/accessoires-de-composition-florale/82247-hobby-brique-20x10-2x7-7cm.html
82247-73991;1021982;197;20170127;https://www.jardiland.com/maison-deco/objets-de-decoration/vases-coupes-et-accessoires/accessoires-de-composition-florale/82247-hobby-brique-20x10-2x7-7cm.html
70563-70563;1393550;197;20170127;https://www.jardiland.com/maison-deco/objets-de-decoration/vases-coupes-et-accessoires/pot-et-coupe/70563-goutte-en-verre-a-suspendre-dd10-9x20cm.html
66036-66036;845662;197;20170127;https://www.jardiland.com/maison-deco/objets-de-decoration/vases-coupes-et-accessoires/accessoires-de-composition-florale/66036-gomme-adhesive.html
71944-71944;1021987;197;20170127;https://www.jardiland.com/maison-deco/objets-de-decoration/vases-coupes-et-accessoires/accessoires-de-composition-florale/71944-coupe-tout-h15cm.html
66055-66055;834905;197;20170127;https://www.jardiland.com/maison-deco/objets-de-decoration/vases-coupes-et-accessoires/accessoires-de-composition-florale/66055-coupe-sandwich-26x12cm-vert.html
69334-69334;1429141;197;20170127;https://www.jardiland.com/maison-deco/objets-de-decoration/vases-coupes-et-accessoires/pot-et-coupe/69334-cloche-verre-sur-pied-20x20x24cm.html
68415-68415;1457088;197;20170127;https://www.jardiland.com/maison-deco/objets-de-decoration/bougies-et-senteurs/bougie-non-parfumee/68415-pilier-115-soie-cuivre.html
83511-79481;1484440;197;20170127;https://www.jardiland.com/maison-deco/objets-de-decoration/bougies-et-senteurs/support-et-accessoires/83511-photophore-teal-vine.html
83511-79480;1484441;197;20170127;https://www.jardiland.com/maison-deco/objets-de-decoration/bougies-et-senteurs/support-et-accessoires/83511-photophore-teal-vine.html
83511-79479;1484442;197;20170127;https://www.jardiland.com/maison-deco/objets-de-decoration/bougies-et-senteurs/support-et-accessoires/83511-photophore-teal-vine.html
82092-72429;1408573;197;20170127;https://www.jardiland.com/maison-deco/objets-de-decoration/bougies-et-senteurs/diffuseur-de-parfum-et-recharge/82092-lampe-sphere.html
82092-72428;1408572;197;20170127;https://www.jardiland.com/maison-deco/objets-de-decoration/bougies-et-senteurs/diffuseur-de-parfum-et-recharge/82092-lampe-sphere.html
81858-72526;1405007;197;20170127;https://www.jardiland.com/maison-deco/objets-de-decoration/bougies-et-senteurs/diffuseur-de-parfum-et-recharge/81858-lampe-quadri.html
82427-73263;1441707;197;20170127;https://www.jardiland.com/maison-deco/objets-de-decoration/bougies-et-senteurs/diffuseur-de-parfum-et-recharge/82427-lampe-perle.html
82066-72417;1406430;197;20170127;https://www.jardiland.com/maison-deco/objets-de-decoration/bougies-et-senteurs/parfum-d-ambiance-diffuseur-a-froid/82066-goatier-bul-200ml.html
83514-79528;1484459;197;20170127;https://www.jardiland.com/maison-deco/objets-de-decoration/bougies-et-senteurs/parfum-d-ambiance-diffuseur-a-froid/83514-diffuseur-car-ultimate.html
83514-79527;1484460;197;20170127;https://www.jardiland.com/maison-deco/objets-de-decoration/bougies-et-senteurs/parfum-d-ambiance-diffuseur-a-froid/83514-diffuseur-car-ultimate.html
83514-79526;1484461;197;20170127;https://www.jardiland.com/maison-deco/objets-de-decoration/bougies-et-senteurs/parfum-d-ambiance-diffuseur-a-froid/83514-diffuseur-car-ultimate.html
83514-79525;1484462;197;20170127;https://www.jardiland.com/maison-deco/objets-de-decoration/bougies-et-senteurs/parfum-d-ambiance-diffuseur-a-froid/83514-diffuseur-car-ultimate.html
83514-79524;1484463;197;20170127;https://www.jardiland.com/maison-deco/objets-de-decoration/bougies-et-senteurs/parfum-d-ambiance-diffuseur-a-froid/83514-diffuseur-car-ultimate.html
83514-79515;1484464;197;20170127;https://www.jardiland.com/maison-deco/objets-de-decoration/bougies-et-senteurs/parfum-d-ambiance-diffuseur-a-froid/83514-diffuseur-car-ultimate.html
83509-79559;1484457;197;20170127;https://www.jardiland.com/maison-deco/objets-de-decoration/bougies-et-senteurs/parfum-d-ambiance-diffuseur-a-froid/83509-diffuseur-car-jar.html
70254-70254;1402883;197;20170127;https://www.jardiland.com/maison-deco/objets-de-decoration/bougies-et-senteurs/parfum-d-ambiance-diffuseur-a-froid/70254-bouquet-parfume-cube-zeste-de-verveine.html
81353-72910;1449244;197;20170127;https://www.jardiland.com/maison-deco/objets-de-decoration/bougies-et-senteurs/bougie-parfumee/81353-bougie-serviette-moelleuse.html
81326-72908;1449265;197;20170127;https://www.jardiland.com/maison-deco/objets-de-decoration/bougies-et-senteurs/bougie-parfumee/81326-bougie-pain-au-raisin.html
81431-72934;1449139;197;20170127;https://www.jardiland.com/maison-deco/objets-de-decoration/bougies-et-senteurs/bougie-parfumee/81431-bougie-noix-de-coco-noire.html
81431-72913;1449141;197;20170127;https://www.jardiland.com/maison-deco/objets-de-decoration/bougies-et-senteurs/bougie-parfumee/81431-bougie-noix-de-coco-noire.html
81256-72917;1449184;197;20170127;https://www.jardiland.com/maison-deco/objets-de-decoration/bougies-et-senteurs/bougie-parfumee/81256-bougie-marshmallow-grilles.html
82599-72941;1449066;197;20170127;https://www.jardiland.com/maison-deco/objets-de-decoration/bougies-et-senteurs/bougie-parfumee/82599-bougie-lueur-de-miel.html
82599-72933;1449065;197;20170127;https://www.jardiland.com/maison-deco/objets-de-decoration/bougies-et-senteurs/bougie-parfumee/82599-bougie-lueur-de-miel.html
81382-72936;1449131;197;20170127;https://www.jardiland.com/maison-deco/objets-de-decoration/bougies-et-senteurs/bougie-parfumee/81382-bougie-lavande.html
81382-72921;1449134;197;20170127;https://www.jardiland.com/maison-deco/objets-de-decoration/bougies-et-senteurs/bougie-parfumee/81382-bougie-lavande.html
81402-72937;1449127;197;20170127;https://www.jardiland.com/maison-deco/objets-de-decoration/bougies-et-senteurs/bougie-parfumee/81402-bougie-glace-d-ete.html
81167-72940;1449112;197;20170127;https://www.jardiland.com/maison-deco/objets-de-decoration/bougies-et-senteurs/bougie-parfumee/81167-bougie-fruit-du-dragon-rose.html
81167-72939;1449113;197;20170127;https://www.jardiland.com/maison-deco/objets-de-decoration/bougies-et-senteurs/bougie-parfumee/81167-bougie-fruit-du-dragon-rose.html
81172-72949;1449105;197;20170127;https://www.jardiland.com/maison-deco/objets-de-decoration/bougies-et-senteurs/bougie-parfumee/81172-bougie-framboise-rouge.html
82198-72358;1391718;197;20170127;https://www.jardiland.com/maison-deco/objets-de-decoration/bougies-et-senteurs/bougie-non-parfumee/82198-bougie-cylindrique-70-100-1.html
81624-72964;1457041;197;20170127;https://www.jardiland.com/maison-deco/objets-de-decoration/bougies-et-senteurs/bougie-non-parfumee/81624-bgie-cyl-metal-d60-h110cm.html
81624-72963;1457040;197;20170127;https://www.jardiland.com/maison-deco/objets-de-decoration/bougies-et-senteurs/bougie-non-parfumee/81624-bgie-cyl-metal-d60-h110cm.html
83510-79484;1484447;197;20170127;https://www.jardiland.com/maison-deco/objets-de-decoration/bougies-et-senteurs/parfum-d-ambiance-diffuseur-a-froid/83510-batonnet-voiture.html
83510-79476;1484446;197;20170127;https://www.jardiland.com/maison-deco/objets-de-decoration/bougies-et-senteurs/parfum-d-ambiance-diffuseur-a-froid/83510-batonnet-voiture.html
83510-79474;1484448;197;20170127;https://www.jardiland.com/maison-deco/objets-de-decoration/bougies-et-senteurs/parfum-d-ambiance-diffuseur-a-froid/83510-batonnet-voiture.html
83510-79472;1484450;197;20170127;https://www.jardiland.com/maison-deco/objets-de-decoration/bougies-et-senteurs/parfum-d-ambiance-diffuseur-a-froid/83510-batonnet-voiture.html
83510-79469;1484445;197;20170127;https://www.jardiland.com/maison-deco/objets-de-decoration/bougies-et-senteurs/parfum-d-ambiance-diffuseur-a-froid/83510-batonnet-voiture.html
68491-68491;1455069;197;20170127;https://www.jardiland.com/maison-deco/objets-de-decoration/bougeoirs-photophores-et-lanternes/bougeoir-et-photophore-deco/68491-set-de-3-photophores-3-ast.html
70123-70123;1408830;197;20170127;https://www.jardiland.com/maison-deco/objets-de-decoration/bougeoirs-photophores-et-lanternes/bougeoir-et-photophore-deco/70123-plateau-rond-avec-photophore-24x24x12cm.html
69811-69811;1409977;197;20170127;https://www.jardiland.com/maison-deco/objets-de-decoration/bougeoirs-photophores-et-lanternes/bougeoir-et-photophore-deco/69811-photophore-verre-socle-bois-15x17cm.html
69236-69236;1432084;197;20170127;https://www.jardiland.com/maison-deco/objets-de-decoration/bougeoirs-photophores-et-lanternes/bougeoir-et-photophore-deco/69236-photophore-metal-grave-10x9-5cm.html
70130-70130;1408822;197;20170127;https://www.jardiland.com/maison-deco/objets-de-decoration/bougeoirs-photophores-et-lanternes/bougeoir-et-photophore-deco/70130-photophore-hexagonal-en-verre-10-5x10-5-1.html
70114-70114;1408842;197;20170127;https://www.jardiland.com/maison-deco/objets-de-decoration/bougeoirs-photophores-et-lanternes/bougeoir-et-photophore-deco/70114-photophore-en-verre-cuivre-3-ast.html
2627-2627;1410328;197;20170127;https://www.jardiland.com/maison-deco/objets-de-decoration/bougeoirs-photophores-et-lanternes/bougeoir-et-photophore-deco/2627-photophore-boule-avec-anse-filou-o-18-cm.html
70169-70169;1408248;197;20170127;https://www.jardiland.com/maison-deco/objets-de-decoration/bougeoirs-photophores-et-lanternes/bougeoir-et-photophore-deco/70169-lanterne-metal-forme-maison-rouge-m-9x14-1.html
70115-70115;1408841;197;20170127;https://www.jardiland.com/maison-deco/objets-de-decoration/bougeoirs-photophores-et-lanternes/lanterne/70115-lanterne-metal-cuivre-24x24x28cm.html
69200-69200;1432418;197;20170127;https://www.jardiland.com/maison-deco/objets-de-decoration/bougeoirs-photophores-et-lanternes/lanterne/69200-lanterne-carree-en-verre-20x20x34-3cm.html
67638-67638;1475397;197;20170127;https://www.jardiland.com/animaux/oiseau-de-la-nature/mangeoire-et-distributeur/67638-station-d-alimentation-pour-oiseaux.html
67646-67646;1475388;197;20170127;https://www.jardiland.com/animaux/oiseau-de-la-nature/nichoir/67646-nichoir-entrees-multiples-pour-oiseaux-sauvages.html
67645-67645;1475389;197;20170127;https://www.jardiland.com/animaux/oiseau-de-la-nature/nichoir/67645-nichoir-a-oiseaux.html
67641-67641;1475393;197;20170127;https://www.jardiland.com/animaux/oiseau-de-la-nature/mangeoire-et-distributeur/67641-mangeoires-a-oiseaux-bleu.html
67642-67642;1475392;197;20170127;https://www.jardiland.com/animaux/oiseau-de-la-nature/mangeoire-et-distributeur/67642-mangeoire-a-oiseaux-vert.html
57743-62880;1398661;197;20170127;https://www.jardiland.com/animaux/oiseau-de-la-nature/mangeoire-et-distributeur/57743-distributeur-de-graines-flip-top.html
8971-8971;1293300;197;20170127;https://www.jardiland.com/animaux/oiseau-de-la-nature/mangeoire-et-distributeur/8971-coupe-en-email-nymphea.html
81789-77585;737348;197;20170127;https://www.jardiland.com/animaux/reptiles-et-insectes/alimentation/boite-et-lyophilisee/81789-nourriture-sauterelles-sauvages.html
32543-24630;796390;197;20170127;https://www.jardiland.com/animaux/reptiles-et-insectes/alimentation/boite-et-lyophilisee/32543-jbl-nourriture-tortue.html
68899-68899;1435357;197;20170127;https://www.jardiland.com/animaux/oiseau/hygiene-et-soins/soin-de-l-animal/68899-os-de-seiche-x2-avec-support.html
81917-72495;1402302;197;20170127;https://www.jardiland.com/animaux/oiseau/cages-volieres-et-accessoires/equipement-de-cage-et-voliere/81917-perchoir-droit-tyrol.html
81917-72486;1402303;197;20170127;https://www.jardiland.com/animaux/oiseau/cages-volieres-et-accessoires/equipement-de-cage-et-voliere/81917-perchoir-droit-tyrol.html
81924-72529;1402934;197;20170127;https://www.jardiland.com/animaux/oiseau/cages-volieres-et-accessoires/equipement-de-cage-et-voliere/81924-echelle-bois-et-corde.html
81924-72528;1402933;197;20170127;https://www.jardiland.com/animaux/oiseau/cages-volieres-et-accessoires/equipement-de-cage-et-voliere/81924-echelle-bois-et-corde.html
82679-76158;1477975;197;20170127;https://www.jardiland.com/animaux/oiseau/cages-volieres-et-accessoires/cage/82679-cage-oiseau-primo-40-twilight.html
82679-76136;1477976;197;20170127;https://www.jardiland.com/animaux/oiseau/cages-volieres-et-accessoires/cage/82679-cage-oiseau-primo-40-twilight.html
68255-68255;1465540;197;20170127;https://www.jardiland.com/animaux/oiseau/cages-volieres-et-accessoires/cage/68255-cage-melodie-50-argent.html
68879-68879;1436950;197;20170127;https://www.jardiland.com/animaux/oiseau/cages-volieres-et-accessoires/cage/68879-cage-camille-30-1.html
82404-75059;1468972;197;20170127;https://www.jardiland.com/animaux/oiseau/cages-volieres-et-accessoires/cage/82404-cage-arabesque-leonie.html
82397-75058;1468974;197;20170127;https://www.jardiland.com/animaux/oiseau/cages-volieres-et-accessoires/voliere/82397-cage-arabesque-jeanne.html
68382-68382;1457281;197;20170127;https://www.jardiland.com/animaux/oiseau/cages-volieres-et-accessoires/equipement-de-cage-et-voliere/68382-balle-tetines-24cm.html
68811-68811;1439347;197;20170127;https://www.jardiland.com/animaux/oiseau/alimentation-et-friandises/friandise/68811-prest-sp-perroquets-exotic-light750g.html
66869-66869;538537;197;20170127;https://www.jardiland.com/animaux/oiseau/alimentation-et-friandises/complement-nutritionnel/66869-orlux-gold-patee-colorante-250g.html
82541-73370;1440836;197;20170127;https://www.jardiland.com/animaux/oiseau/alimentation-et-friandises/friandise/82541-crunchy-stick-perruche.html
82541-73362;1440837;197;20170127;https://www.jardiland.com/animaux/oiseau/alimentation-et-friandises/friandise/82541-crunchy-stick-perruche.html
82541-73361;1440838;197;20170127;https://www.jardiland.com/animaux/oiseau/alimentation-et-friandises/friandise/82541-crunchy-stick-perruche.html
82540-73363;1440834;197;20170127;https://www.jardiland.com/animaux/oiseau/alimentation-et-friandises/friandise/82540-crunchy-stick-perroquet.html
82540-73360;1440833;197;20170127;https://www.jardiland.com/animaux/oiseau/alimentation-et-friandises/friandise/82540-crunchy-stick-perroquet.html
82538-73366;1440830;197;20170127;https://www.jardiland.com/animaux/oiseau/alimentation-et-friandises/friandise/82538-crunchy-stick-grande-perruche.html
82538-73365;1440831;197;20170127;https://www.jardiland.com/animaux/oiseau/alimentation-et-friandises/friandise/82538-crunchy-stick-grande-perruche.html
82536-73368;1440827;197;20170127;https://www.jardiland.com/animaux/oiseau/alimentation-et-friandises/friandise/82536-crunchy-stick-exotique.html
82536-73367;1440828;197;20170127;https://www.jardiland.com/animaux/oiseau/alimentation-et-friandises/friandise/82536-crunchy-stick-exotique.html
82522-73369;1440825;197;20170127;https://www.jardiland.com/animaux/oiseau/alimentation-et-friandises/friandise/82522-crunchy-stick-canari.html
82522-73364;1440823;197;20170127;https://www.jardiland.com/animaux/oiseau/alimentation-et-friandises/friandise/82522-crunchy-stick-canari.html
82522-73356;1440824;197;20170127;https://www.jardiland.com/animaux/oiseau/alimentation-et-friandises/friandise/82522-crunchy-stick-canari.html
3776-3776;544495;197;20170127;https://www.jardiland.com/animaux/poisson/entretien-et-soins/produit-pour-l-eau/3776-tetra-ph-kh-traitement-de-l-eau.html
68267-68267;1463242;197;20170127;https://www.jardiland.com/animaux/poisson/materiel-chauffage-filtres-et-pompes/aeration/68267-ventouses-tuyau-a-air-x4-1.html
68269-68269;1463240;197;20170127;https://www.jardiland.com/animaux/poisson/materiel-chauffage-filtres-et-pompes/aeration/68269-tuyau-a-air-cristal-2-5m.html
67516-67516;1478445;197;20170127;https://www.jardiland.com/animaux/poisson/materiel-chauffage-filtres-et-pompes/nettoyage-aquarium/67516-rapidcleaner-brosse-nettoyage.html
67514-67514;1478448;197;20170127;https://www.jardiland.com/animaux/poisson/materiel-chauffage-filtres-et-pompes/nettoyage-aquarium/67514-port-lame-rapidcleaner.html
68889-68889;1436798;197;20170127;https://www.jardiland.com/animaux/poisson/materiel-chauffage-filtres-et-pompes/filtre-interieur/68889-new-rena-superclean-90-1.html
68891-68891;1436795;197;20170127;https://www.jardiland.com/animaux/poisson/materiel-chauffage-filtres-et-pompes/filtre-interieur/68891-new-rena-superclean-20-1.html
81621-73026;1457277;197;20170127;https://www.jardiland.com/animaux/poisson/materiel-chauffage-filtres-et-pompes/aeration/81621-new-rena-air.html
81621-73025;1457276;197;20170127;https://www.jardiland.com/animaux/poisson/materiel-chauffage-filtres-et-pompes/aeration/81621-new-rena-air.html
81621-73024;1457275;197;20170127;https://www.jardiland.com/animaux/poisson/materiel-chauffage-filtres-et-pompes/aeration/81621-new-rena-air.html
68880-68880;1436811;197;20170127;https://www.jardiland.com/animaux/poisson/materiel-chauffage-filtres-et-pompes/masse-de-filtration/68880-mousse-90-120-30ppi.html
82830-75472;1481080;197;20170127;https://www.jardiland.com/animaux/poisson/materiel-chauffage-filtres-et-pompes/filtre-exterieur/82830-jard-tuyau-predecoupe-2-5m.html
67312-67312;1481081;197;20170127;https://www.jardiland.com/animaux/poisson/materiel-chauffage-filtres-et-pompes/aeration/67312-jard-tuyau-aeration-3m.html
67605-67605;1476253;197;20170127;https://www.jardiland.com/animaux/poisson/materiel-chauffage-filtres-et-pompes/chauffage/67605-jard-thermometre-digital-exterieur.html
67548-67548;1477965;197;20170127;https://www.jardiland.com/animaux/poisson/materiel-chauffage-filtres-et-pompes/nettoyage-aquarium/67548-jard-siphon.html
67941-67941;1473550;197;20170127;https://www.jardiland.com/animaux/poisson/materiel-chauffage-filtres-et-pompes/nettoyage-aquarium/67941-jard-epuisette-ronde-10cm.html
82766-74969;1473543;197;20170127;https://www.jardiland.com/animaux/poisson/materiel-chauffage-filtres-et-pompes/nettoyage-aquarium/82766-jard-epuisette-maille-fine.html
82478-75894;1475826;197;20170127;https://www.jardiland.com/animaux/poisson/materiel-chauffage-filtres-et-pompes/aeration/82478-jard-diffuseur-d-air-barre.html
82481-75892;1475829;197;20170127;https://www.jardiland.com/animaux/poisson/materiel-chauffage-filtres-et-pompes/aeration/82481-jard-diffuseur-d-air-3cm.html
82481-75886;1475828;197;20170127;https://www.jardiland.com/animaux/poisson/materiel-chauffage-filtres-et-pompes/aeration/82481-jard-diffuseur-d-air-3cm.html
67606-67606;1476251;197;20170127;https://www.jardiland.com/animaux/poisson/materiel-chauffage-filtres-et-pompes/nettoyage-aquarium/67606-jard-aspirateur-a-piles.html
68886-68886;1436801;197;20170127;https://www.jardiland.com/animaux/poisson/materiel-chauffage-filtres-et-pompes/masse-de-filtration/68886-crystal-20-x6-1.html
32531-15318;543748;197;20170127;https://www.jardiland.com/animaux/poisson/materiel-chauffage-filtres-et-pompes/masse-de-filtration/32531-charbon-de-filtration-actikool.html
81339-72810;1453022;197;20170127;https://www.jardiland.com/animaux/poisson/decoration-pour-aquarium/sable-et-autres-graviers/81339-quartz-fluo-pour-aquarium-1-kg.html
81339-72806;1453027;197;20170127;https://www.jardiland.com/animaux/poisson/decoration-pour-aquarium/sable-et-autres-graviers/81339-quartz-fluo-pour-aquarium-1-kg.html
81339-72805;1453026;197;20170127;https://www.jardiland.com/animaux/poisson/decoration-pour-aquarium/sable-et-autres-graviers/81339-quartz-fluo-pour-aquarium-1-kg.html
81339-72804;1453023;197;20170127;https://www.jardiland.com/animaux/poisson/decoration-pour-aquarium/sable-et-autres-graviers/81339-quartz-fluo-pour-aquarium-1-kg.html
81339-72801;1453025;197;20170127;https://www.jardiland.com/animaux/poisson/decoration-pour-aquarium/sable-et-autres-graviers/81339-quartz-fluo-pour-aquarium-1-kg.html
32432-27122;867705;197;20170127;https://www.jardiland.com/animaux/poisson/decoration-pour-aquarium/sable-et-autres-graviers/32432-quartz-3-litres.html
32432-27119;867701;197;20170127;https://www.jardiland.com/animaux/poisson/decoration-pour-aquarium/sable-et-autres-graviers/32432-quartz-3-litres.html
67560-67560;1477810;197;20170127;https://www.jardiland.com/animaux/poisson/decoration-pour-aquarium/plante-artificielle/67560-massif-rond-colore-jaune.html
70209-70209;1407979;197;20170127;https://www.jardiland.com/animaux/poisson/decoration-pour-aquarium/plante-artificielle/70209-massif-mm-mauve.html
81331-72803;1453015;197;20170127;https://www.jardiland.com/animaux/poisson/decoration-pour-aquarium/sable-et-autres-graviers/81331-jard-quartz-deco-1kg.html
81807-73681;1014732;197;20170127;https://www.jardiland.com/animaux/poisson/decoration-pour-aquarium/plante-artificielle/81807-herbe-pm-17cm.html
67562-67562;1477808;197;20170127;https://www.jardiland.com/animaux/poisson/decoration-pour-aquarium/plante-artificielle/67562-herbe-mm-ass.html
72039-72039;1014825;197;20170127;https://www.jardiland.com/animaux/poisson/decoration-pour-aquarium/plante-artificielle/72039-feuillage-mm-2-brins-bambou.html
32410-6548;1014741;197;20170127;https://www.jardiland.com/animaux/poisson/decoration-pour-aquarium/plante-artificielle/32410-decor-pour-aquarium-buisson-fleur.html
2181-2181;1365614;197;20170127;https://www.jardiland.com/animaux/poisson/decoration-pour-aquarium/plante-artificielle/2181-decor-pour-aquarium-algue-epee-pierre-rose.html
67552-67552;1477828;197;20170127;https://www.jardiland.com/animaux/poisson/decoration-pour-aquarium/plante-artificielle/67552-decor-fluo.html
67551-67551;1477829;197;20170127;https://www.jardiland.com/animaux/poisson/decoration-pour-aquarium/plante-artificielle/67551-decor-ecrevisse.html
67557-67557;1477820;197;20170127;https://www.jardiland.com/animaux/poisson/decoration-pour-aquarium/plante-artificielle/67557-buisson-fleur-blanc.html
2903-2903;1403928;197;20170127;https://www.jardiland.com/animaux/poisson/decoration-pour-aquarium/decoration-d-aquarium/2903-amphore-xxii-slim-de-15cm.html
81365-75502;1480246;197;20170127;https://www.jardiland.com/animaux/poisson/aquariums/aquarium-decoratif/81365-tetra-betta-projector.html
65034-65011;1487307;197;20170127;https://www.jardiland.com/animaux/poisson/aquariums/aquarium-pour-poisson-d-eau-chaude/65034-aquarium-led-confort-60-1.html
65031-78987;1487298;197;20170127;https://www.jardiland.com/animaux/poisson/aquariums/aquarium-pour-poisson-d-eau-froide/65031-aquarium-inwa-start40-pack-pur.html
32365-8129;1256378;197;20170127;https://www.jardiland.com/animaux/poisson/alimentation/pour-poisson-d-eau-froide/32365-api-japan-goldfish-granules.html
81916-76505;1465573;197;20170127;https://www.jardiland.com/animaux/chat/colliers-laisses-et-harnais/laisse/81916-laisse-chat-sardine-1m.html
81916-76486;1465575;197;20170127;https://www.jardiland.com/animaux/chat/colliers-laisses-et-harnais/laisse/81916-laisse-chat-sardine-1m.html
81826-76502;1465563;197;20170127;https://www.jardiland.com/animaux/chat/colliers-laisses-et-harnais/laisse/81826-laisse-chat-ladycat-1m.html
81826-76500;1465561;197;20170127;https://www.jardiland.com/animaux/chat/colliers-laisses-et-harnais/laisse/81826-laisse-chat-ladycat-1m.html
82588-73413;1245961;197;20170127;https://www.jardiland.com/animaux/chat/colliers-laisses-et-harnais/laisse/82588-laisse-chat-basic-line-nylon-1-20m.html
82339-72418;1401266;197;20170127;https://www.jardiland.com/animaux/chat/colliers-laisses-et-harnais/harnais/82339-harnais-laisse-reflecto.html
82337-72297;1401261;197;20170127;https://www.jardiland.com/animaux/chat/colliers-laisses-et-harnais/harnais/82337-harnais-laisse-chat-kiddy.html
81914-76489;1465579;197;20170127;https://www.jardiland.com/animaux/chat/colliers-laisses-et-harnais/harnais/81914-harnais-chat-sardine-10mm.html
81914-76488;1465578;197;20170127;https://www.jardiland.com/animaux/chat/colliers-laisses-et-harnais/harnais/81914-harnais-chat-sardine-10mm.html
81923-76510;1465565;197;20170127;https://www.jardiland.com/animaux/chat/colliers-laisses-et-harnais/harnais/81923-harnais-chat-ladycat-10mm.html
81923-76504;1465566;197;20170127;https://www.jardiland.com/animaux/chat/colliers-laisses-et-harnais/harnais/81923-harnais-chat-ladycat-10mm.html
82275-72287;1401228;197;20170127;https://www.jardiland.com/animaux/chat/colliers-laisses-et-harnais/collier/82275-collier-chat-fancycat.html
70539-70539;1394706;197;20170127;https://www.jardiland.com/animaux/chat/coussins-et-paniers-de-transport/coussin-et-corbeille-pour-chat/70539-igloo-pm-deluxe-theme.html
69473-69473;1418531;197;20170127;https://www.jardiland.com/animaux/chat/jeux-et-jouets/69473-canne-a-peche-rumy-55-cm.html
68782-68782;1440201;197;20170127;https://www.jardiland.com/animaux/chat/jeux-et-jouets/68782-canne-a-peche-40cm.html
68378-68378;1457712;197;20170127;https://www.jardiland.com/animaux/chat/jeux-et-jouets/68378-bobine-de-laine-balle.html
82466-73338;1440191;197;20170127;https://www.jardiland.com/animaux/chat/arbres-a-chat-et-griffoirs/griffoir/82466-griffoir-en-carton-49x22x8cm.html
82466-73308;1440190;197;20170127;https://www.jardiland.com/animaux/chat/arbres-a-chat-et-griffoirs/griffoir/82466-griffoir-en-carton-49x22x8cm.html
82468-73358;1440194;197;20170127;https://www.jardiland.com/animaux/chat/arbres-a-chat-et-griffoirs/griffoir/82468-griffoir-en-carton-46x22x20cm.html
68783-68783;1440198;197;20170127;https://www.jardiland.com/animaux/chat/arbres-a-chat-et-griffoirs/arbre-a-chat/68783-arbre-a-chat-pyramide-104cm.html
67279-67279;1482557;197;20170127;https://www.jardiland.com/animaux/chat/arbres-a-chat-et-griffoirs/arbre-a-chat/67279-arbre-a-chat-gloria-anthracite-109cm.html
67628-67628;1475667;197;20170127;https://www.jardiland.com/animaux/chat/hygiene-soins-et-litieres/soin-de-toilettage/67628-shampoing-aux-extraits-de-bouleau-250ml.html
82617-76191;1478614;197;20170127;https://www.jardiland.com/animaux/chat/hygiene-soins-et-litieres/bac-a-litiere-et-maison-de-toilette/82617-maison-de-toilette-nestor-retro.html
69470-69470;1418908;197;20170127;https://www.jardiland.com/animaux/chat/hygiene-soins-et-litieres/soins-pour-chat/69470-feliway-recharge-48ml.html
31763-41385;1408377;197;20170127;https://www.jardiland.com/animaux/chat/alimentation-et-friandises/friandises/31763-whiskas-irresistible.html
31763-41384;1408376;197;20170127;https://www.jardiland.com/animaux/chat/alimentation-et-friandises/friandises/31763-whiskas-irresistible.html
62908-74374;1318615;197;20170127;https://www.jardiland.com/animaux/chat/alimentation-et-friandises/boite-et-sachet-fraicheur/62908-sterilised-cat-sachet-repas-85g.html
62895-62858;1439155;197;20170127;https://www.jardiland.com/animaux/chat/alimentation-et-friandises/boite-et-sachet-fraicheur/62895-schesir-patee-pour-chats-70-g.html
82905-73163;1437836;197;20170127;https://www.jardiland.com/animaux/rongeurs-et-petits-mammiferes/jouets-et-exercices/roue-tube-et-autres-accessoires-de-jeux/82905-balle-avec-clochette.html
68900-68900;1435238;197;20170127;https://www.jardiland.com/animaux/rongeurs-et-petits-mammiferes/habitats-cages-et-accessoires/cage/68900-cage-billy-metro.html
82747-74794;1474197;197;20170127;https://www.jardiland.com/animaux/rongeurs-et-petits-mammiferes/aliments-et-friandises/friandise/82747-crunchy-pearls-45g.html
82747-74788;1474195;197;20170127;https://www.jardiland.com/animaux/rongeurs-et-petits-mammiferes/aliments-et-friandises/friandise/82747-crunchy-pearls-45g.html
67952-67952;1472492;197;20170127;https://www.jardiland.com/animaux/chien/soins-antiparasitaires/accessoires-antiparasitaires/67952-peigne-plastique-a-puce.html
81809-73551;1263241;197;20170127;https://www.jardiland.com/animaux/chien/hygiene-et-soins/soin-de-toilettage/81809-shampoing-poil-long-2-en-1-canisc.html
67629-67629;1475666;197;20170127;https://www.jardiland.com/animaux/chien/hygiene-et-soins/soin-de-toilettage/67629-shampoing-huile-d-amande-douce-250ml.html
70289-70289;1398797;197;20170127;https://www.jardiland.com/animaux/chien/hygiene-et-soins/soin-de-toilettage/70289-jd-brosse-de-massage.html
82805-74434;1327525;197;20170127;https://www.jardiland.com/animaux/chien/hygiene-et-soins/hygiene-et-soin/82805-culotte-chien-d-d-modele-brave.html
82805-74425;1327528;197;20170127;https://www.jardiland.com/animaux/chien/hygiene-et-soins/hygiene-et-soin/82805-culotte-chien-d-d-modele-brave.html
82805-74403;1327524;197;20170127;https://www.jardiland.com/animaux/chien/hygiene-et-soins/hygiene-et-soin/82805-culotte-chien-d-d-modele-brave.html
81292-75582;1478793;197;20170127;https://www.jardiland.com/animaux/chien/colliers-laisses-et-vetements/tube-et-medaille-d-identite/81292-stickers-velcro-julius-k9-1.html
81292-75581;1478794;197;20170127;https://www.jardiland.com/animaux/chien/colliers-laisses-et-vetements/tube-et-medaille-d-identite/81292-stickers-velcro-julius-k9-1.html
81292-75570;1478796;197;20170127;https://www.jardiland.com/animaux/chien/colliers-laisses-et-vetements/tube-et-medaille-d-identite/81292-stickers-velcro-julius-k9-1.html
65623-65623;919929;197;20170127;https://www.jardiland.com/animaux/chien/colliers-laisses-et-vetements/accessoires/65623-recharge-bonton.html
81692-78748;838671;197;20170127;https://www.jardiland.com/animaux/chien/colliers-laisses-et-vetements/accessoires/81692-museliere-halti.html
81692-73261;1443511;197;20170127;https://www.jardiland.com/animaux/chien/colliers-laisses-et-vetements/accessoires/81692-museliere-halti.html
83490-79614;1486630;197;20170127;https://www.jardiland.com/animaux/chien/colliers-laisses-et-vetements/laisse-pour-chien/83490-longe-nylon-rond.html
32018-8141;1256519;197;20170127;https://www.jardiland.com/animaux/chien/colliers-laisses-et-vetements/collier-pour-chien/32018-laisse-pour-chien-en-cuir.html
82375-72548;1371959;197;20170127;https://www.jardiland.com/animaux/chien/colliers-laisses-et-vetements/laisse-pour-chien/82375-laisse-metal-forte-corde-wouapy.html
82375-72547;1371957;197;20170127;https://www.jardiland.com/animaux/chien/colliers-laisses-et-vetements/laisse-pour-chien/82375-laisse-metal-forte-corde-wouapy.html
81206-73495;1231473;197;20170127;https://www.jardiland.com/animaux/chien/colliers-laisses-et-vetements/laisse-pour-chien/81206-laisse-enrouleur-wouapy-roll-theme.html
32076-7804;1245676;197;20170127;https://www.jardiland.com/animaux/chien/colliers-laisses-et-vetements/laisse-pour-chien/32076-laisse-enrouleur-wouapy-roll.html
62909-73277;1443722;197;20170127;https://www.jardiland.com/animaux/chien/colliers-laisses-et-vetements/laisse-pour-chien/62909-laisse-confort-nylon.html
81756-80358;541981;197;20170127;https://www.jardiland.com/animaux/chien/colliers-laisses-et-vetements/laisse-pour-chien/81756-laisse-chaine-forte-nylon.html
82580-73397;1245697;197;20170127;https://www.jardiland.com/animaux/chien/colliers-laisses-et-vetements/laisse-pour-chien/82580-laisse-basic-line-nylon.html
82580-73387;1245759;197;20170127;https://www.jardiland.com/animaux/chien/colliers-laisses-et-vetements/laisse-pour-chien/82580-laisse-basic-line-nylon.html
82649-73278;1443692;197;20170127;https://www.jardiland.com/animaux/chien/colliers-laisses-et-vetements/harnais/82649-harnais-baudrier-confort.html
82649-73275;1443699;197;20170127;https://www.jardiland.com/animaux/chien/colliers-laisses-et-vetements/harnais/82649-harnais-baudrier-confort.html
82649-72892;1444299;197;20170127;https://www.jardiland.com/animaux/chien/colliers-laisses-et-vetements/harnais/82649-harnais-baudrier-confort.html
65214-65214;970131;197;20170127;https://www.jardiland.com/animaux/chien/colliers-laisses-et-vetements/collier-pour-chien/65214-collier-torquatus-t65-metal.html
32017-8144;1256560;197;20170127;https://www.jardiland.com/animaux/chien/colliers-laisses-et-vetements/collier-pour-chien/32017-collier-pour-chien-strass.html
32017-7465;1256633;197;20170127;https://www.jardiland.com/animaux/chien/colliers-laisses-et-vetements/collier-pour-chien/32017-collier-pour-chien-strass.html
81767-80658;901347;197;20170127;https://www.jardiland.com/animaux/chien/colliers-laisses-et-vetements/collier-pour-chien/81767-collier-chaine-berger.html
81767-79397;1486468;197;20170127;https://www.jardiland.com/animaux/chien/colliers-laisses-et-vetements/collier-pour-chien/81767-collier-chaine-berger.html
81767-78564;739596;197;20170127;https://www.jardiland.com/animaux/chien/colliers-laisses-et-vetements/collier-pour-chien/81767-collier-chaine-berger.html
81767-78563;739597;197;20170127;https://www.jardiland.com/animaux/chien/colliers-laisses-et-vetements/collier-pour-chien/81767-collier-chaine-berger.html
81767-78562;739598;197;20170127;https://www.jardiland.com/animaux/chien/colliers-laisses-et-vetements/collier-pour-chien/81767-collier-chaine-berger.html
81764-78561;739599;197;20170127;https://www.jardiland.com/animaux/chien/colliers-laisses-et-vetements/collier-pour-chien/81764-col-chai-1-2-etrangleur-2-rang.html
81764-78557;739603;197;20170127;https://www.jardiland.com/animaux/chien/colliers-laisses-et-vetements/collier-pour-chien/81764-col-chai-1-2-etrangleur-2-rang.html
81764-78552;739600;197;20170127;https://www.jardiland.com/animaux/chien/colliers-laisses-et-vetements/collier-pour-chien/81764-col-chai-1-2-etrangleur-2-rang.html
68216-68216;1485193;197;20170127;https://www.jardiland.com/animaux/chien/colliers-laisses-et-vetements/accessoires/68216-clicker-de-dressage-pour-chien.html
83495-79748;1486492;197;20170127;https://www.jardiland.com/animaux/chien/colliers-laisses-et-vetements/collier-pour-chien/83495-accouple-nylon.html
83495-79746;1486494;197;20170127;https://www.jardiland.com/animaux/chien/colliers-laisses-et-vetements/collier-pour-chien/83495-accouple-nylon.html
83495-79745;1486495;197;20170127;https://www.jardiland.com/animaux/chien/colliers-laisses-et-vetements/collier-pour-chien/83495-accouple-nylon.html
83579-78555;739605;197;20170127;https://www.jardiland.com/animaux/chien/colliers-laisses-et-vetements/collier-pour-chien/83579-accouple-chaine.html
32206-13023;1401208;197;20170127;https://www.jardiland.com/animaux/chien/jeux-et-jouets/jouet-en-caoutchouc-et-latex/32206-balle-grinz-pour-chien-taille-moyen.html
82752-73221;1429373;197;20170127;https://www.jardiland.com/animaux/chien/niches-couchage-et-transport/niche/82752-niche-pour-chiens.html
82752-73183;1429375;197;20170127;https://www.jardiland.com/animaux/chien/niches-couchage-et-transport/niche/82752-niche-pour-chiens.html
32234-52182;1305372;197;20170127;https://www.jardiland.com/animaux/chien/niches-couchage-et-transport/niche/32234-niche-dogvilla.html
82498-73317;1440169;197;20170127;https://www.jardiland.com/animaux/chien/niches-couchage-et-transport/coussin-et-matelas/82498-matelas-ouatine-gris-pet-s-fashion.html
82498-73316;1440170;197;20170127;https://www.jardiland.com/animaux/chien/niches-couchage-et-transport/coussin-et-matelas/82498-matelas-ouatine-gris-pet-s-fashion.html
68180-68180;1464410;197;20170127;https://www.jardiland.com/animaux/chien/niches-couchage-et-transport/coussin-et-matelas/68180-matelas-dehoussable-bleu-85x55x8cm.html
68182-68182;1464408;197;20170127;https://www.jardiland.com/animaux/chien/niches-couchage-et-transport/coussin-et-matelas/68182-matelas-dehoussable-bleu-70x45x6cm.html
68172-68172;1464424;197;20170127;https://www.jardiland.com/animaux/chien/niches-couchage-et-transport/coussin-et-matelas/68172-matelas-bimatiere-ecossais-marron85x55x8-1.html
68173-68173;1464422;197;20170127;https://www.jardiland.com/animaux/chien/niches-couchage-et-transport/coussin-et-matelas/68173-matelas-bimatiere-ecossais-marron70x45x6-1.html
82809-73170;1438652;197;20170127;https://www.jardiland.com/animaux/chien/gamelles-ecuelles-et-distributeurs/gamelle-et-ecuelle/82809-gamelle-plastique.html
82811-73168;1438668;197;20170127;https://www.jardiland.com/animaux/chien/gamelles-ecuelles-et-distributeurs/gamelle-et-ecuelle/82811-gamelle-plast-double.html
82811-73164;1438666;197;20170127;https://www.jardiland.com/animaux/chien/gamelles-ecuelles-et-distributeurs/gamelle-et-ecuelle/82811-gamelle-plast-double.html
82822-73171;1438671;197;20170127;https://www.jardiland.com/animaux/chien/gamelles-ecuelles-et-distributeurs/distributeur-d-eau-et-croquette/82822-distrib-2en1-3-5l.html
82822-73167;1438673;197;20170127;https://www.jardiland.com/animaux/chien/gamelles-ecuelles-et-distributeurs/distributeur-d-eau-et-croquette/82822-distrib-2en1-3-5l.html
31972-10320;1347684;197;20170127;https://www.jardiland.com/animaux/chien/alimentation-et-friandises/croquette-pour-chien/31972-proplan-dog-duo-delice-boeuf.html
65030-65009;1485052;197;20170127;https://www.jardiland.com/animaux/chien/alimentation-et-friandises/biscuit/65030-petits-fourres-au-saumon-et-aux-algues-400-g.html
65030-64990;1485055;197;20170127;https://www.jardiland.com/animaux/chien/alimentation-et-friandises/biscuit/65030-petits-fourres-au-saumon-et-aux-algues-400-g.html
68820-68820;1438871;197;20170127;https://www.jardiland.com/animaux/chien/alimentation-et-friandises/biscuit/68820-pedigree-sa-recompense-bouchee-moel-130g.html
70618-70618;1390051;197;20170127;https://www.jardiland.com/animaux/chien/alimentation-et-friandises/friandise-bucco-dentaire/70618-greenies-regular-x6-mini-pack-170g.html
65029-65008;1485045;197;20170127;https://www.jardiland.com/animaux/chien/alimentation-et-friandises/biscuit/65029-friandises-macarons-pour-chiens.html
65029-65007;1485044;197;20170127;https://www.jardiland.com/animaux/chien/alimentation-et-friandises/biscuit/65029-friandises-macarons-pour-chiens.html
83505-79550;1486143;197;20170127;https://www.jardiland.com/animaux/chien/alimentation-et-friandises/os-a-macher/83505-feedeez-os-presse.html
82284-75390;1469342;197;20170127;https://www.jardiland.com/animaux/chien/alimentation-et-friandises/biscuit/82284-feedeez-oreilles-porc.html
82296-72254;1400954;197;20170127;https://www.jardiland.com/animaux/chien/alimentation-et-friandises/croquette-pour-chien/82296-canine-perfect-weight-adult-medium.html
67957-67957;1472314;197;20170127;https://www.jardiland.com/animaux/chien/alimentation-et-friandises/os-a-macher/67957-ava-os-noue-11cm-x2-1.html
68318-68318;1460778;197;20170127;https://www.jardiland.com/animaux/chien/alimentation-et-friandises/biscuit/68318-ava-batonnets-tors-7-8mm-x25-1.html
81801-77889;640025;197;20170127;https://www.jardiland.com/amenagement-du-jardin/bassins-et-jardin-aquatique/materiel/81801-tuyau-annele.html
66611-66611;640092;197;20170127;https://www.jardiland.com/amenagement-du-jardin/bassins-et-jardin-aquatique/materiel/66611-pompe-elimax-1500-1.html
65181-65181;974805;197;20170127;https://www.jardiland.com/amenagement-du-jardin/loisirs-plein-air/jouets/65181-mini-badmington-2-jeux.html
71960-71960;1017660;197;20170127;https://www.jardiland.com/amenagement-du-jardin/loisirs-plein-air/jouets/71960-diabolo-pm.html
65668-65668;912977;197;20170127;https://www.jardiland.com/amenagement-du-jardin/loisirs-plein-air/jouets/65668-ballon-beach-foot.html
69363-69363;1428990;197;20170127;https://www.jardiland.com/amenagement-du-jardin/loisirs-plein-air/jouets/69363-balles-rebondissantes-d-50-mm-en-tubo.html
82365-73154;1432239;197;20170127;https://www.jardiland.com/amenagement-du-jardin/decorations/autres-decorations/82365-tapis-d-exterieur-270-cm.html
65816-65816;873519;197;20170127;https://www.jardiland.com/amenagement-du-jardin/decorations/autres-decorations/65816-cadran-solaire-carpe-diem-carre-coul.html
68910-68910;1434298;197;20170127;https://www.jardiland.com/amenagement-du-jardin/decorations/fontaines/68910-led-font-seau-zinc-robinet-met-d26x73cm.html
70312-70312;1397790;197;20170127;https://www.jardiland.com/amenagement-du-jardin/decorations/statues-et-figurines/70312-nain-de-jardin-noir.html
69387-69387;1428794;197;20170127;https://www.jardiland.com/amenagement-du-jardin/pots-bacs-jardinieres-et-supports/autres-pots-et-jardinieres/pot-et-jardiniere-en-pierre/69387-pot-rond-gris-32x21x32-cm.html
69189-69189;1432501;197;20170127;https://www.jardiland.com/amenagement-du-jardin/pots-bacs-jardinieres-et-supports/autres-pots-et-jardinieres/pot-et-jardiniere-en-pierre/69189-pot-rond-fibre-pierre-blanc-48-5x61-5-1.html
69393-69393;1428787;197;20170127;https://www.jardiland.com/amenagement-du-jardin/pots-bacs-jardinieres-et-supports/autres-pots-et-jardinieres/pot-et-jardiniere-en-pierre/69393-pot-rond-ciment-gris-clair-50x50-cm.html
69191-69191;1432499;197;20170127;https://www.jardiland.com/amenagement-du-jardin/pots-bacs-jardinieres-et-supports/autres-pots-et-jardinieres/pot-et-jardiniere-en-pierre/69191-pot-fibre-pierre-noir-52x71-5-1.html
69193-69193;1432497;197;20170127;https://www.jardiland.com/amenagement-du-jardin/pots-bacs-jardinieres-et-supports/autres-pots-et-jardinieres/pot-et-jardiniere-en-pierre/69193-pot-fibre-pierre-blanc-52x71-5-1.html
69198-69198;1432492;197;20170127;https://www.jardiland.com/amenagement-du-jardin/pots-bacs-jardinieres-et-supports/autres-pots-et-jardinieres/pot-et-jardiniere-en-pierre/69198-pot-fibre-pierre-blanc-50x44-1.html
69192-69192;1432498;197;20170127;https://www.jardiland.com/amenagement-du-jardin/pots-bacs-jardinieres-et-supports/autres-pots-et-jardinieres/pot-et-jardiniere-en-pierre/69192-pot-fibre-pierre-blanc-40x54-5-1.html
31440-10563;1350341;197;20170127;https://www.jardiland.com/amenagement-du-jardin/pots-bacs-jardinieres-et-supports/en-email/31440-vase-droit-bilbao-en-email.html
40520-39196;645177;197;20170127;https://www.jardiland.com/amenagement-du-jardin/pots-bacs-jardinieres-et-supports/en-email/40520-vase-ceruse-anduze.html
31429-13452;1404874;197;20170127;https://www.jardiland.com/amenagement-du-jardin/pots-bacs-jardinieres-et-supports/en-email/31429-vase-a-rebord-en-email.html
69687-69687;1431106;197;20170127;https://www.jardiland.com/amenagement-du-jardin/pots-bacs-jardinieres-et-supports/en-email/69687-soucoupe-sedna-assortie-27cm.html
31464-13332;1403997;197;20170127;https://www.jardiland.com/amenagement-du-jardin/pots-bacs-jardinieres-et-supports/en-email/31464-pot-en-email-austral.html
69685-69685;1431111;197;20170127;https://www.jardiland.com/amenagement-du-jardin/pots-bacs-jardinieres-et-supports/en-email/69685-cuvier-mystery-assorti-20-h16cm.html
69684-69684;1431112;197;20170127;https://www.jardiland.com/amenagement-du-jardin/pots-bacs-jardinieres-et-supports/en-email/69684-cuvier-miytery-assorti-27-h24cm.html
31473-8968;1293276;197;20170127;https://www.jardiland.com/amenagement-du-jardin/pots-bacs-jardinieres-et-supports/en-email/31473-boule-en-email-lisse.html
71114-71114;1341634;197;20170127;https://www.jardiland.com/amenagement-du-jardin/pots-bacs-jardinieres-et-supports/en-fibre/71114-vase-boule-strie-ivoire-17-litres.html
69380-69380;1428801;197;20170127;https://www.jardiland.com/amenagement-du-jardin/pots-bacs-jardinieres-et-supports/en-fibre/69380-pot-rond-gris-clair-fibre-37x37-cm.html
68019-68019;1471215;197;20170127;https://www.jardiland.com/amenagement-du-jardin/pots-bacs-jardinieres-et-supports/en-fibre/68019-pot-rectangulaire-strie-noir-74-litres.html
68020-68020;1471214;197;20170127;https://www.jardiland.com/amenagement-du-jardin/pots-bacs-jardinieres-et-supports/en-fibre/68020-pot-rectangulaire-strie-noir-39-litres.html
68021-68021;1471213;197;20170127;https://www.jardiland.com/amenagement-du-jardin/pots-bacs-jardinieres-et-supports/en-fibre/68021-pot-rectangulaire-strie-ivoire-74-litres.html
68022-68022;1471212;197;20170127;https://www.jardiland.com/amenagement-du-jardin/pots-bacs-jardinieres-et-supports/en-fibre/68022-pot-rectangulaire-strie-ivoire-39-litres.html
31622-13263;1403336;197;20170127;https://www.jardiland.com/amenagement-du-jardin/pots-bacs-jardinieres-et-supports/en-terre-cuite/31622-pot-en-terre-cuite-gea-deroma-o-19o9-1.html
69030-69030;1433790;197;20170127;https://www.jardiland.com/amenagement-du-jardin/pots-bacs-jardinieres-et-supports/en-terre-cuite/69030-pot-blush-assorti-45-h45cm.html
69031-69031;1433789;197;20170127;https://www.jardiland.com/amenagement-du-jardin/pots-bacs-jardinieres-et-supports/en-terre-cuite/69031-pot-blush-assorti-38-h32cm.html
82786-73235;1430012;197;20170127;https://www.jardiland.com/amenagement-du-jardin/pots-bacs-jardinieres-et-supports/en-plastique/82786-soucoupe-jard-granromeo.html
31573-30489;974505;197;20170127;https://www.jardiland.com/amenagement-du-jardin/pots-bacs-jardinieres-et-supports/en-plastique/31573-soucoupe-en-plastique-ecomix.html
69772-69772;1415390;197;20170127;https://www.jardiland.com/amenagement-du-jardin/pots-bacs-jardinieres-et-supports/en-plastique/69772-pot-carre-iii-40x40x40-strie-noir.html
69773-69773;1415389;197;20170127;https://www.jardiland.com/amenagement-du-jardin/pots-bacs-jardinieres-et-supports/en-plastique/69773-pot-carre-ii-30x30x30-strie-noir.html
82758-75373;1469459;197;20170127;https://www.jardiland.com/amenagement-du-jardin/pots-bacs-jardinieres-et-supports/en-plastique/82758-jardiniere-romeo.html
82758-75370;1469457;197;20170127;https://www.jardiland.com/amenagement-du-jardin/pots-bacs-jardinieres-et-supports/en-plastique/82758-jardiniere-romeo.html
82758-75369;1469462;197;20170127;https://www.jardiland.com/amenagement-du-jardin/pots-bacs-jardinieres-et-supports/en-plastique/82758-jardiniere-romeo.html
31522-11013;1360423;197;20170127;https://www.jardiland.com/amenagement-du-jardin/pots-bacs-jardinieres-et-supports/en-plastique/31522-jardiniere-en-plastique-prisca.html
31522-11009;1360419;197;20170127;https://www.jardiland.com/amenagement-du-jardin/pots-bacs-jardinieres-et-supports/en-plastique/31522-jardiniere-en-plastique-prisca.html
69313-69313;1430734;197;20170127;https://www.jardiland.com/amenagement-du-jardin/barbecues-cuisine-exterieur/autres/accessoires-de-barbecue/69313-support-inox-pliant-pour-plancha.html
69283-69283;1430924;197;20170127;https://www.jardiland.com/amenagement-du-jardin/barbecues-cuisine-exterieur/autres/accessoires-de-barbecue/69283-spatule-inox-44-cm-manche-bois.html
69756-69756;1415675;197;20170127;https://www.jardiland.com/amenagement-du-jardin/barbecues-cuisine-exterieur/autres/accessoires-de-barbecue/69756-set-rechange-pour-brosse-silvy-x2-1.html
69754-69754;1415677;197;20170127;https://www.jardiland.com/amenagement-du-jardin/barbecues-cuisine-exterieur/autres/accessoires-de-barbecue/69754-set-de-nettoyage-plancha.html
69762-69762;1415664;197;20170127;https://www.jardiland.com/amenagement-du-jardin/barbecues-cuisine-exterieur/autres/accessoires-de-barbecue/69762-set-cuisson-plancha.html
69301-69301;1430904;197;20170127;https://www.jardiland.com/amenagement-du-jardin/barbecues-cuisine-exterieur/autres/accessoires-de-barbecue/69301-plancha-pour-texas-carex.html
69318-69318;1430509;197;20170127;https://www.jardiland.com/amenagement-du-jardin/barbecues-cuisine-exterieur/autres/accessoires-de-barbecue/69318-pierre-a-pizza-bk.html
69321-69321;1430501;197;20170127;https://www.jardiland.com/amenagement-du-jardin/barbecues-cuisine-exterieur/autres/accessoires-de-barbecue/69321-pelle-a-pizza.html
69264-69264;1430943;197;20170127;https://www.jardiland.com/amenagement-du-jardin/barbecues-cuisine-exterieur/autres/accessoires-de-barbecue/69264-moufle-de-protection.html
69268-69268;1430939;197;20170127;https://www.jardiland.com/amenagement-du-jardin/barbecues-cuisine-exterieur/autres/accessoires-de-barbecue/69268-lot-de-8-acc.html
69269-69269;1430938;197;20170127;https://www.jardiland.com/amenagement-du-jardin/barbecues-cuisine-exterieur/autres/accessoires-de-barbecue/69269-lot-de-4-acc.html
69366-69366;1428944;197;20170127;https://www.jardiland.com/amenagement-du-jardin/barbecues-cuisine-exterieur/autres/accessoires-de-barbecue/69366-housse-pop-up-pour-plancha-60-1.html
70389-70389;1396481;197;20170127;https://www.jardiland.com/amenagement-du-jardin/barbecues-cuisine-exterieur/autres/accessoires-de-barbecue/70389-housse-luxe-pour-spirit-3-bruleurs.html
69297-69297;1430910;197;20170127;https://www.jardiland.com/amenagement-du-jardin/barbecues-cuisine-exterieur/autres/accessoires-de-barbecue/69297-grille-double-sur-pied-40x40cm.html
69296-69296;1430911;197;20170127;https://www.jardiland.com/amenagement-du-jardin/barbecues-cuisine-exterieur/autres/accessoires-de-barbecue/69296-grille-double-d30cm-pour-gambas.html
69288-69288;1430919;197;20170127;https://www.jardiland.com/amenagement-du-jardin/barbecues-cuisine-exterieur/autres/accessoires-de-barbecue/69288-grille-double-a-poisson-13x30cm.html
69294-69294;1430913;197;20170127;https://www.jardiland.com/amenagement-du-jardin/barbecues-cuisine-exterieur/autres/accessoires-de-barbecue/69294-grille-double-6-hamburgers.html
69286-69286;1430921;197;20170127;https://www.jardiland.com/amenagement-du-jardin/barbecues-cuisine-exterieur/autres/accessoires-de-barbecue/69286-grille-57x30cm-barbecue-beton.html
69287-69287;1430920;197;20170127;https://www.jardiland.com/amenagement-du-jardin/barbecues-cuisine-exterieur/autres/accessoires-de-barbecue/69287-grille-45x30cm-barbecue-beton.html
69278-69278;1430929;197;20170127;https://www.jardiland.com/amenagement-du-jardin/barbecues-cuisine-exterieur/autres/accessoires-de-barbecue/69278-fourchette-inox-44-cm-manche-soft-touch.html
71008-71008;1350642;197;20170127;https://www.jardiland.com/amenagement-du-jardin/barbecues-cuisine-exterieur/autres/accessoires-de-barbecue/71008-flexible-butane-propane-1-5-m.html
69311-69311;1430851;197;20170127;https://www.jardiland.com/amenagement-du-jardin/barbecues-cuisine-exterieur/autres/combustible/69311-cubes-allumefeu-fsc-bois-cirex32-estival.html
69306-69306;1430858;197;20170127;https://www.jardiland.com/amenagement-du-jardin/barbecues-cuisine-exterieur/autres/combustible/69306-cubes-allume-feu-blanc-x32-estival.html
69276-69276;1430931;197;20170127;https://www.jardiland.com/amenagement-du-jardin/barbecues-cuisine-exterieur/autres/accessoires-de-barbecue/69276-brosse-en-t.html
69758-69758;1415673;197;20170127;https://www.jardiland.com/amenagement-du-jardin/barbecues-cuisine-exterieur/autres/accessoires-de-barbecue/69758-barbecue-cleaner.html
69304-69304;1430864;197;20170127;https://www.jardiland.com/amenagement-du-jardin/barbecues-cuisine-exterieur/autres/combustible/69304-allume-feu-enflammettes-fsc-x20-estival.html
69305-69305;1430863;197;20170127;https://www.jardiland.com/amenagement-du-jardin/barbecues-cuisine-exterieur/autres/combustible/69305-65-allum-geantes-fsc-tube-deco-estival.html
42137-42137;1352013;197;20170127;https://www.jardiland.com/amenagement-du-jardin/barbecues-cuisine-exterieur/electrique/42137-barbecue-electrique-q-2400-1.html
66820-66820;545354;197;20170127;https://www.jardiland.com/amenagement-du-jardin/eclairage-et-chauffage-d-exterieur/bougies-d-exterieur/66820-torche-flottante-venice-diam-18-cuivre-c.html
82054-74187;1350652;197;20170127;https://www.jardiland.com/amenagement-du-jardin/eclairage-et-chauffage-d-exterieur/bougies-d-exterieur/82054-lot-3-boules-papier-avec-3-led.html
36648-36648;1429520;197;20170127;https://www.jardiland.com/amenagement-du-jardin/eclairage-et-chauffage-d-exterieur/eclairage-solaire/36648-luminaire-carillon-hibou.html
68911-68911;1434297;197;20170127;https://www.jardiland.com/amenagement-du-jardin/eclairage-et-chauffage-d-exterieur/eclairage-solaire/68911-led-solaire-animaux-2ass-p-ext.html
70297-70297;1398439;197;20170127;https://www.jardiland.com/amenagement-du-jardin/mobilier-de-jardin/accessoires-coussins-et-entretien/entretien-lasure-et-accessoires/70297-nettoyant-protecteur-multi-matieres-5l.html
49971-49078;1430983;197;20170127;https://www.jardiland.com/amenagement-du-jardin/mobilier-de-jardin/accessoires-coussins-et-entretien/coussin/49971-mini-polochon-en-polyester-17-x-30-cm.html
70292-70292;1398451;197;20170127;https://www.jardiland.com/amenagement-du-jardin/mobilier-de-jardin/accessoires-coussins-et-entretien/entretien-lasure-et-accessoires/70292-huile-protectrice-teck-bois-2-5l.html
70293-70293;1398449;197;20170127;https://www.jardiland.com/amenagement-du-jardin/mobilier-de-jardin/accessoires-coussins-et-entretien/entretien-lasure-et-accessoires/70293-degriseur-renovateur-bois-5l.html
65059-65059;998301;197;20170127;https://www.jardiland.com/amenagement-du-jardin/mobilier-de-jardin/bains-de-soleil-et-hamacs/transat-et-chilienne/65059-porte-gobelet-pr-rsxa-green-gratuit.html
31344-30489;974505;197;20170127;https://www.jardiland.com/amenagement-du-jardin/mobilier-de-jardin/bains-de-soleil-et-hamacs/transat-et-chilienne/31344-fauteuil-relax-evolution-air-comfort.html
31399-10669;1350887;197;20170127;https://www.jardiland.com/amenagement-du-jardin/mobilier-de-jardin/salon-de-jardin/salon-en-metal/31399-table-monceau.html
13618-13618;1408291;197;20170127;https://www.jardiland.com/jardinage/bricolage-droguerie/droguerie/13618-harnais-pour-chien-new-dog-square.html
68149-68149;1466871;197;20170127;https://www.jardiland.com/jardinage/semis-protections-et-accessoires-de-jardinage/voiles-d-hivernage-et-protections/accessoires-de-plasticulture/68149-12-clips-de-fixation.html
66259-66259;715898;197;20170127;https://www.jardiland.com/jardinage/outils-a-moteur/autres-outils-a-moteur/desherbeur/66259-recharge-type-907-1.html
70632-70632;1389107;197;20170127;https://www.jardiland.com/jardinage/outils-a-moteur/autres-outils-a-moteur/desherbeur/70632-cartouche-gaz-gt907-1.html
41068-41068;1378226;197;20170127;https://www.jardiland.com/jardinage/outils-et-materiel-du-jardinier/grands-outils-de-jardin/bechee-louchet-et-pelle/41068-pelle-poussoir-a-neige-grand-modele-snowxpert.html
3937-3937;573938;197;20170127;https://www.jardiland.com/jardinage/outils-et-materiel-du-jardinier/grands-outils-de-jardin/binette-houe-et-serfouette/3937-binette-facon-nanterre.html
65782-65782;877389;197;20170127;https://www.jardiland.com/jardinage/entretien-et-traitements/traitements-des-plantes-et-lutte-bio/lutte-contre-les-maladies/65782-anti-pourritures-8x1-25g.html
81417-72788;1379416;197;20170127;https://www.jardiland.com/jardinage/entretien-et-traitements/desherbants/autres-desherbants/81417-devitalisant-de-souches.html
68726-68726;1442647;197;20170127;https://www.jardiland.com/jardinage/entretien-et-traitements/anti-nuisibles-pieges-et-repulsifs/lutte-contre-les-rats-souris-taupes-et-rongeurs/68726-rat-souris-cereale-decortiquee-200g.html
59460-59460;763454;197;20170127;https://www.jardiland.com/plantes/sapins-de-noel/supports-pieds-et-accessoires-de-sapin/59460-support-pour-sapin-de-noel-buche-o-70-mm.html
82836-76042;1474997;197;20170127;https://www.jardiland.com/plantes/sapins-de-noel/sapins-de-noel-floques/82836-picea-pungens-super-blue.html
54023-54023;1299742;197;20170127;https://www.jardiland.com/plantes/plantes-artificielles/plantes-artificielles/tige-fleurie/54023-sauge-shell-dancer.html
35720-27459;874467;197;20170127;https://www.jardiland.com/plantes/plantes-d-interieur/plantes-carnivores/nepenthes/35720-nepenthes.html
83745-81070;967270;197;20170127;https://www.jardiland.com/plantes/plantes-d-interieur/cactus-et-plantes-grasses/cactees-en-composition/83745-compos-int-cactee-40055-1.html
83136-81042;984175;197;20170127;https://www.jardiland.com/plantes/plantes-d-interieur/plantes-vertes/tradescantia/83136-tradescantia-zebrina.html
36106-20951;634913;197;20170127;https://www.jardiland.com/plantes/plantes-d-interieur/plantes-vertes/scindapsus/36106-scindapsus-aureus-epiprenum-aureum.html
84679-73399;1368453;197;20170127;https://www.jardiland.com/plantes/plantes-d-interieur/plantes-vertes/autres-plantes-vertes/84679-pilea.html
36068-22750;687479;197;20170127;https://www.jardiland.com/plantes/plantes-d-interieur/plantes-vertes/pachira/36068-pachira-aquatica.html
84676-80733;904322;197;20170127;https://www.jardiland.com/plantes/plantes-d-interieur/plantes-vertes/dracaena/84676-dracaena-sanderiana.html
35990-28121;896528;197;20170127;https://www.jardiland.com/plantes/plantes-d-interieur/plantes-vertes/dracaena/35990-dracaena-fragrans-white-stripe.html
81880-72796;1378959;197;20170127;https://www.jardiland.com/plantes/plantes-d-interieur/plantes-vertes/dracaena/81880-dracaena-fr-deremens-y-stripe.html
35958-20672;632913;197;20170127;https://www.jardiland.com/plantes/plantes-d-interieur/plantes-vertes/dieffenbachia/35958-dieffenbachia.html
35949-10265;1344820;197;20170127;https://www.jardiland.com/plantes/plantes-d-interieur/plantes-vertes/croton/35949-croton-petra-codiaeum-mini-plante.html
84807-77888;633947;197;20170127;https://www.jardiland.com/plantes/plantes-d-interieur/plantes-vertes/begonia/84807-begonia-a-feuillage-mini-plante.html
84851-80838;919775;197;20170127;https://www.jardiland.com/plantes/plantes-d-interieur/plantes-vertes/asparagus/84851-asparagus.html
84572-77438;688556;197;20170127;https://www.jardiland.com/plantes/plantes-d-interieur/plantes-vertes/adiantum/84572-adiantum-rad-fritz-luthii.html
56459-55876;1458433;197;20170127;https://www.jardiland.com/plantes/plantes-d-interieur/orchidees/miltonia/56459-orchidee-miltonia.html
83571-78970;1488150;197;20170127;https://www.jardiland.com/plantes/plantes-d-interieur/plantes-fleuries/bromeliacees/83571-tillandsia-antonio.html
35837-23746;742535;197;20170127;https://www.jardiland.com/plantes/plantes-d-interieur/plantes-fleuries/spathiphyllum/35837-spathiphyllum-chopin.html
84721-80024;632146;197;20170127;https://www.jardiland.com/plantes/plantes-d-interieur/plantes-fleuries/epiphyllum-schlumbergera-rhipsalis/84721-schlumbergera.html
84721-78715;632324;197;20170127;https://www.jardiland.com/plantes/plantes-d-interieur/plantes-fleuries/epiphyllum-schlumbergera-rhipsalis/84721-schlumbergera.html
84902-77782;642867;197;20170127;https://www.jardiland.com/plantes/plantes-d-interieur/plantes-fleuries/epiphyllum-schlumbergera-rhipsalis/84902-rhipsalis.html
35728-73057;1454650;197;20170127;https://www.jardiland.com/plantes/plantes-d-interieur/plantes-fleuries/anthurium/35728-anthurium.html
53816-53816;1254083;197;20170127;https://www.jardiland.com/plantes/graines-et-gazon/gazon-et-prairies-fleuries/prairie-fleurie/53816-prairie-fleurie-fleurs-des-pres.html
46667-46667;1252995;197;20170127;https://www.jardiland.com/plantes/graines-et-gazon/gazon-et-prairies-fleuries/prairie-fleurie/46667-melange-jachere-campagne-en-fleurs-100-me.html
53722-53722;1404569;197;20170127;https://www.jardiland.com/plantes/graines-et-gazon/graines-ludiques-et-kits/kits-pour-enfants/53722-pot-de-graines-persil-bio.html
53721-53721;1404570;197;20170127;https://www.jardiland.com/plantes/graines-et-gazon/graines-ludiques-et-kits/kits-pour-enfants/53721-pot-de-graines-ciboulette-bio.html
68696-68696;1444790;197;20170127;https://www.jardiland.com/plantes/graines-et-gazon/graines-de-fleurs/fleurs-annuelles/68696-zinnia-pop-art-rg-blc-vl-fls3-1.html
53874-53874;1016383;197;20170127;https://www.jardiland.com/plantes/graines-et-gazon/graines-potageres-et-aromatiques/autres-graines-aromatiques/53874-thym-de-provence.html
53805-53805;1254544;197;20170127;https://www.jardiland.com/plantes/graines-et-gazon/graines-potageres-et-aromatiques/poireaux/53805-poireau-electra-bio.html
53328-53328;944593;197;20170127;https://www.jardiland.com/plantes/graines-et-gazon/graines-potageres-et-aromatiques/poireaux/53328-poireau-de-carentan-2-bio.html
53486-53486;564622;197;20170127;https://www.jardiland.com/plantes/graines-et-gazon/graines-potageres-et-aromatiques/persil/53486-persil-commun-bio.html
826-826;1251904;197;20170127;https://www.jardiland.com/plantes/graines-et-gazon/graines-potageres-et-aromatiques/autres-graines-potageres/826-mon-premier-potager-en-carre.html
53849-53849;1016434;197;20170127;https://www.jardiland.com/plantes/graines-et-gazon/graines-potageres-et-aromatiques/salades/53849-chicoree-frisee-de-meaux-bio.html
35149-26771;860984;197;20170127;https://www.jardiland.com/plantes/bulbes-et-pommes-de-terre/bulbes-a-fleurs/crocus/35149-crocus-speciosus-aitchinsonii.html
36459-75687;1482930;197;20170127;https://www.jardiland.com/plantes/potager-et-verger/fruitiers/framboisier/36459-framboisier-marastarr.html
36439-12935;1399906;197;20170127;https://www.jardiland.com/plantes/potager-et-verger/fruitiers/figuier/36439-figuier-madeleine-des-deux-saisons.html
33983-17212;590270;197;20170127;https://www.jardiland.com/plantes/arbres-et-arbustes-d-ornement/coniferes/genevrier/33983-juniperus-x-pfitzeriana-old-gold.html
33982-17532;590245;197;20170127;https://www.jardiland.com/plantes/arbres-et-arbustes-d-ornement/coniferes/genevrier/33982-juniperus-x-pfitzeriana-mint-julep.html
33970-27640;877467;197;20170127;https://www.jardiland.com/plantes/arbres-et-arbustes-d-ornement/coniferes/genevrier/33970-juniperus-chinensis-stricta.html
33969-39189;635811;197;20170127;https://www.jardiland.com/plantes/arbres-et-arbustes-d-ornement/coniferes/genevrier/33969-juniperus-chinensis-blue-alps.html
33886-9857;1317976;197;20170127;https://www.jardiland.com/plantes/arbres-et-arbustes-d-ornement/coniferes/araucaria/33886-araucaria-araucana.html
33847-7131;1212038;197;20170127;https://www.jardiland.com/plantes/arbres-et-arbustes-d-ornement/buis-et-topiaires/buis/33847-buis-commun.html
33841-26378;846944;197;20170127;https://www.jardiland.com/plantes/arbres-et-arbustes-d-ornement/buis-et-topiaires/buis/33841-buis-faulkner.html
34460-21272;642777;197;20170127;https://www.jardiland.com/plantes/arbres-et-arbustes-d-ornement/plantes-grimpantes/lierre/34460-lierre-goldheart.html
34441-7754;1245168;197;20170127;https://www.jardiland.com/plantes/arbres-et-arbustes-d-ornement/plantes-grimpantes/glycine/34441-glycine-honbeni.html
34434-11530;1374939;197;20170127;https://www.jardiland.com/plantes/arbres-et-arbustes-d-ornement/plantes-grimpantes/glycine/34434-glycine-amethyst-falls.html
41720-21370;643929;197;20170127;https://www.jardiland.com/plantes/arbres-et-arbustes-d-ornement/rosiers/rosiers-buissons/41720-rosier-william-shakespearer-ausroyal-pbr-anglais.html
41754-75728;1483951;197;20170127;https://www.jardiland.com/plantes/arbres-et-arbustes-d-ornement/rosiers/rosiers-buissons/41754-rosier-grand-siecler-delegran-grandes-fleurs.html
41817-25523;821258;197;20170127;https://www.jardiland.com/plantes/arbres-et-arbustes-d-ornement/rosiers/rosiers-couvre-sols/41817-rosier-decorosiersr-caliziar-noa97400a.html
34943-50667;904622;197;20170127;https://www.jardiland.com/plantes/arbres-et-arbustes-d-ornement/rosiers/rosiers-buissons/34943-rosier-anglais-david-austinr.html
41614-38970;608151;197;20170127;https://www.jardiland.com/plantes/arbres-et-arbustes-d-ornement/rosiers/rosiers-buissons/41614-rosier-virgo-grandes-fleurs.html
83396-79146;1491672;197;20170127;https://www.jardiland.com/plantes/arbres-et-arbustes-d-ornement/plantes-de-terre-de-bruyere/skimmia/83396-skimmia-japonica-gd-little-bunny.html
34252-21142;636710;197;20170127;https://www.jardiland.com/plantes/arbres-et-arbustes-d-ornement/plantes-de-terre-de-bruyere/magnolia/34252-magnolia-x-loebneri-leonard-messel.html
82642-76318;1476404;197;20170127;https://www.jardiland.com/plantes/arbres-et-arbustes-d-ornement/plantes-de-terre-de-bruyere/hortensia/82642-hydrangea-paniculata-diamantino.html
34197-14301;1435998;197;20170127;https://www.jardiland.com/plantes/arbres-et-arbustes-d-ornement/plantes-de-terre-de-bruyere/hortensia/34197-hortensia-a-grandes-feuilles.html
34072-16083;580522;197;20170127;https://www.jardiland.com/plantes/arbres-et-arbustes-d-ornement/plantes-de-terre-de-bruyere/azalee/34072-azalea-japonica-rose.html
34551-75647;1479474;197;20170127;https://www.jardiland.com/plantes/arbres-et-arbustes-d-ornement/plantes-mediterraneennes/autres-plantes-mediterraneennes/34551-pittosporum-tenuifollium-golf-ball.html
34604-52921;997822;197;20170127;https://www.jardiland.com/plantes/arbres-et-arbustes-d-ornement/plantes-mediterraneennes/autres-plantes-mediterraneennes/34604-liseron-de-turquie.html
34656-17672;590934;197;20170127;https://www.jardiland.com/plantes/arbres-et-arbustes-d-ornement/plantes-mediterraneennes/autres-plantes-mediterraneennes/34656-lilas-des-indes-pecharmantr.html
34605-7886;1248720;197;20170127;https://www.jardiland.com/plantes/arbres-et-arbustes-d-ornement/plantes-mediterraneennes/autres-plantes-mediterraneennes/34605-coprosma-lemon-and-lime.html
83152-74833;1474812;197;20170127;https://www.jardiland.com/plantes/arbres-et-arbustes-d-ornement/plantes-mediterraneennes/autres-plantes-mediterraneennes/83152-albizia-rouge-de-tuiliere.html
33296-18932;599684;197;20170127;https://www.jardiland.com/plantes/arbres-et-arbustes-d-ornement/arbres-et-arbustes/groseillier-a-fleurs/33296-ribes-odoratum.html
33363-18778;597824;197;20170127;https://www.jardiland.com/plantes/arbres-et-arbustes-d-ornement/arbres-et-arbustes/laurier-palme/33363-prunus-laurocerasus-otto-luyken.html
33524-12245;1381567;197;20170127;https://www.jardiland.com/plantes/arbres-et-arbustes-d-ornement/arbres-et-arbustes/physocarpe/33524-physocarpus-opulifolius-diable-d-orr-mindia.html
33446-17851;592161;197;20170127;https://www.jardiland.com/plantes/arbres-et-arbustes-d-ornement/arbres-et-arbustes/lonicera/33446-lonicera-nitida.html
33708-23006;693544;197;20170127;https://www.jardiland.com/plantes/arbres-et-arbustes-d-ornement/arbres-et-arbustes/troene/33708-ligustrum-japonicum.html
41531-11734;1375714;197;20170127;https://www.jardiland.com/plantes/arbres-et-arbustes-d-ornement/arbres-et-arbustes/laurier-palme/41531-laurier-du-portugal-angustifolia.html
33313-24368;745838;197;20170127;https://www.jardiland.com/plantes/arbres-et-arbustes-d-ornement/arbres-et-arbustes/hetre/33313-hetre-pourpre-purpurea.html
33281-43546;586699;197;20170127;https://www.jardiland.com/plantes/arbres-et-arbustes-d-ornement/arbres-et-arbustes/genet/33281-genet-a-balais-burkwoodii.html
41527-12297;1381438;197;20170127;https://www.jardiland.com/plantes/arbres-et-arbustes-d-ornement/arbres-et-arbustes/forsythia/41527-forsythia-x-intermedia.html
33230-17164;587975;197;20170127;https://www.jardiland.com/plantes/arbres-et-arbustes-d-ornement/arbres-et-arbustes/forsythia/33230-forsythia-week-endr-courtalyn.html
33230-17161;587971;197;20170127;https://www.jardiland.com/plantes/arbres-et-arbustes-d-ornement/arbres-et-arbustes/forsythia/33230-forsythia-week-endr-courtalyn.html
82290-72542;1370605;197;20170127;https://www.jardiland.com/plantes/arbres-et-arbustes-d-ornement/arbres-et-arbustes/forsythia/82290-forsythia-vir-bronxensis.html
33190-7131;1212038;197;20170127;https://www.jardiland.com/plantes/arbres-et-arbustes-d-ornement/arbres-et-arbustes/erable/33190-erable-champetre.html
33168-23781;722828;197;20170127;https://www.jardiland.com/plantes/arbres-et-arbustes-d-ornement/arbres-et-arbustes/deutzia/33168-deutzia-crenata-pride-of-rochester.html
33168-16931;586901;197;20170127;https://www.jardiland.com/plantes/arbres-et-arbustes-d-ornement/arbres-et-arbustes/deutzia/33168-deutzia-crenata-pride-of-rochester.html
43926-43548;722481;197;20170127;https://www.jardiland.com/plantes/arbres-et-arbustes-d-ornement/arbres-et-arbustes/genet/43926-cytisus-scoparius-moyclare-pink.html
33064-16371;583281;197;20170127;https://www.jardiland.com/plantes/arbres-et-arbustes-d-ornement/arbres-et-arbustes/ceanothe/33064-ceanothus-x-pallidus-marie-simon.html
33051-38657;582977;197;20170127;https://www.jardiland.com/plantes/arbres-et-arbustes-d-ornement/arbres-et-arbustes/caryopteris/33051-caryopteris-heavenly-blue.html
32926-15838;578619;197;20170127;https://www.jardiland.com/plantes/arbres-et-arbustes-d-ornement/arbres-et-arbustes/abelia/32926-abelia-x-grandiflora-prostrata.html
