ID_WEB;ID_JDN;CODEMAG;DATE_ASPI;URLPRODUIT
81454-78269;857156;195;20170126;https://www.jardiland.com/maison-deco/beaute-bien-tre/cosmetiques/savon/81454-savon-pur-vegetal.html
81454-78267;857153;195;20170126;https://www.jardiland.com/maison-deco/beaute-bien-tre/cosmetiques/savon/81454-savon-pur-vegetal.html
81454-78265;857160;195;20170126;https://www.jardiland.com/maison-deco/beaute-bien-tre/cosmetiques/savon/81454-savon-pur-vegetal.html
81454-78259;857144;195;20170126;https://www.jardiland.com/maison-deco/beaute-bien-tre/cosmetiques/savon/81454-savon-pur-vegetal.html
81454-73260;1443271;195;20170126;https://www.jardiland.com/maison-deco/beaute-bien-tre/cosmetiques/savon/81454-savon-pur-vegetal.html
81454-73259;1443269;195;20170126;https://www.jardiland.com/maison-deco/beaute-bien-tre/cosmetiques/savon/81454-savon-pur-vegetal.html
81454-73258;1443267;195;20170126;https://www.jardiland.com/maison-deco/beaute-bien-tre/cosmetiques/savon/81454-savon-pur-vegetal.html
81454-73257;1443264;195;20170126;https://www.jardiland.com/maison-deco/beaute-bien-tre/cosmetiques/savon/81454-savon-pur-vegetal.html
81454-73247;1443261;195;20170126;https://www.jardiland.com/maison-deco/beaute-bien-tre/cosmetiques/savon/81454-savon-pur-vegetal.html
81454-72424;1407914;195;20170126;https://www.jardiland.com/maison-deco/beaute-bien-tre/cosmetiques/savon/81454-savon-pur-vegetal.html
69399-69399;1426974;195;20170126;https://www.jardiland.com/maison-deco/epicerie-fine/epicerie-sucree/confiserie/69399-sucettes-artisanales-torsades.html
68186-68186;1463870;195;20170126;https://www.jardiland.com/maison-deco/epicerie-fine/epicerie-sucree/confiserie/68186-sucette-ronde-noel-panache-25g.html
68895-68895;1436112;195;20170126;https://www.jardiland.com/maison-deco/epicerie-fine/epicerie-sucree/confiserie/68895-sucette-pere-noel-chocolat-35g.html
82520-73347;1441027;195;20170126;https://www.jardiland.com/maison-deco/epicerie-fine/epicerie-sucree/confiserie/82520-sachet-mini-nougat-200g.html
82520-73346;1441026;195;20170126;https://www.jardiland.com/maison-deco/epicerie-fine/epicerie-sucree/confiserie/82520-sachet-mini-nougat-200g.html
82520-73345;1441022;195;20170126;https://www.jardiland.com/maison-deco/epicerie-fine/epicerie-sucree/confiserie/82520-sachet-mini-nougat-200g.html
82519-73343;1440995;195;20170126;https://www.jardiland.com/maison-deco/epicerie-fine/epicerie-sucree/confiserie/82519-part-de-nougat-tendre-120g.html
82519-73342;1440994;195;20170126;https://www.jardiland.com/maison-deco/epicerie-fine/epicerie-sucree/confiserie/82519-part-de-nougat-tendre-120g.html
82519-73341;1440980;195;20170126;https://www.jardiland.com/maison-deco/epicerie-fine/epicerie-sucree/confiserie/82519-part-de-nougat-tendre-120g.html
82518-73344;1441009;195;20170126;https://www.jardiland.com/maison-deco/epicerie-fine/epicerie-sucree/confiserie/82518-carre-croquant-130g.html
68894-68894;1436113;195;20170126;https://www.jardiland.com/maison-deco/epicerie-fine/epicerie-sucree/confiserie/68894-canne-sucre-d-orge-fraise-28g-seau-28g.html
69661-69661;1432067;195;20170126;https://www.jardiland.com/maison-deco/art-de-la-table/linge-de-table/set-de-table/69661-set-de-table-uni-vert-33x48cm.html
69659-69659;1432069;195;20170126;https://www.jardiland.com/maison-deco/art-de-la-table/linge-de-table/set-de-table/69659-set-de-table-uni-taupe-33x48cm.html
69658-69658;1432070;195;20170126;https://www.jardiland.com/maison-deco/art-de-la-table/linge-de-table/set-de-table/69658-set-de-table-uni-orange-33x48cm.html
69677-69677;1432051;195;20170126;https://www.jardiland.com/maison-deco/art-de-la-table/linge-de-table/set-de-table/69677-set-de-table-gris-33x48cm.html
69679-69679;1432049;195;20170126;https://www.jardiland.com/maison-deco/art-de-la-table/linge-de-table/chemin-de-table/69679-chemin-de-table-gris-40x140cm.html
68661-68661;1453699;195;20170126;https://www.jardiland.com/maison-deco/art-de-la-table/vaisselle/vaisselle-jetable/68661-serv-33x33-alignement-triangles-oranges.html
52806-52806;1383762;195;20170126;https://www.jardiland.com/maison-deco/art-de-la-table/vaisselle/plateau-presentoir-et-set/52806-coffret-6-ronds-de-serviette-fleurs.html
81305-72824;1454268;195;20170126;https://www.jardiland.com/maison-deco/art-de-la-table/vaisselle/assiette/81305-assiette-plate-piko-d27cm.html
81302-72825;1454271;195;20170126;https://www.jardiland.com/maison-deco/art-de-la-table/vaisselle/assiette/81302-assiette-dessert-piko-d21cm.html
81701-73696;1014326;195;20170126;https://www.jardiland.com/maison-deco/cache-pot-d-interieur/a-reserve-d-eau/fibre/81701-pot-claire.html
70656-70656;1386071;195;20170126;https://www.jardiland.com/maison-deco/cache-pot-d-interieur/cache-pot-simple/pot-special-bonsai/70656-scpe-pot-bonzai-rectangle-bleu-l9xl5cm.html
70652-70652;1386084;195;20170126;https://www.jardiland.com/maison-deco/cache-pot-d-interieur/cache-pot-simple/pot-special-bonsai/70652-scpe-pot-bonzai-ovale-noir-l9xl5cm.html
82154-72743;1375603;195;20170126;https://www.jardiland.com/maison-deco/cache-pot-d-interieur/cache-pot-simple/pot-special-orchidee-et-accessoires/82154-pot-rond-lidy-orchidee-d14-5xh12cm.html
82769-73190;1428134;195;20170126;https://www.jardiland.com/maison-deco/cache-pot-d-interieur/cache-pot-simple/cache-pot-aimante/82769-pot-aimante-k-basic-line-boule-6cm.html
32866-10519;1349952;195;20170126;https://www.jardiland.com/maison-deco/cache-pot-d-interieur/cache-pot-simple/cache-pot-aimante/32866-pot-aimante-cube-kalamitica.html
70471-70471;1395521;195;20170126;https://www.jardiland.com/maison-deco/cache-pot-d-interieur/cache-pot-simple/vannerie/70471-panier-rond-jacinthe-clair-d26-x-h21-1.html
70466-70466;1395526;195;20170126;https://www.jardiland.com/maison-deco/cache-pot-d-interieur/cache-pot-simple/vannerie/70466-panier-rond-en-jacinthe-d32-x-h27-1.html
82001-73187;1428131;195;20170126;https://www.jardiland.com/maison-deco/cache-pot-d-interieur/cache-pot-simple/cache-pot-aimante/82001-jardiniere-aimantee-kalamitica-12cm.html
70478-70478;1395514;195;20170126;https://www.jardiland.com/maison-deco/cache-pot-d-interieur/cache-pot-simple/vannerie/70478-cache-pot-rond-jacinthe-d26-x-h21-1.html
32869-10916;1359860;195;20170126;https://www.jardiland.com/maison-deco/cache-pot-d-interieur/cache-pot-simple/ceramique/32869-cache-pot-rond-en-plastique-brussels-diamant.html
70479-70479;1395513;195;20170126;https://www.jardiland.com/maison-deco/cache-pot-d-interieur/cache-pot-simple/vannerie/70479-cache-pot-clair-carre-jacinthe-38x38x32-1.html
50159-50159;1424446;195;20170126;https://www.jardiland.com/maison-deco/cache-pot-d-interieur/cache-pot-simple/ceramique/50159-cache-pot-blanc-alaska-2-3-l.html
70459-70459;1395533;195;20170126;https://www.jardiland.com/maison-deco/cache-pot-d-interieur/cache-pot-simple/vannerie/70459-cache-pot-bambou-rond-d29-x-h31-1.html
70460-70460;1395532;195;20170126;https://www.jardiland.com/maison-deco/cache-pot-d-interieur/cache-pot-simple/vannerie/70460-cache-pot-bambou-rond-d24-x-h25-1.html
70456-70456;1395537;195;20170126;https://www.jardiland.com/maison-deco/cache-pot-d-interieur/cache-pot-simple/vannerie/70456-cache-pot-bambou-rectangulaire-35x35x14-1.html
70457-70457;1395536;195;20170126;https://www.jardiland.com/maison-deco/cache-pot-d-interieur/cache-pot-simple/vannerie/70457-cache-pot-bambou-rectangulaire-27x27x11-1.html
70463-70463;1395529;195;20170126;https://www.jardiland.com/maison-deco/cache-pot-d-interieur/cache-pot-simple/vannerie/70463-cache-pot-bambou-carre-d26x26-1.html
69415-69415;1423320;195;20170126;https://www.jardiland.com/maison-deco/librairie-papeterie/librairie/livre-jardin/69415-taille-des-arbres-fruitiers.html
69423-69423;1423309;195;20170126;https://www.jardiland.com/maison-deco/librairie-papeterie/librairie/livre-jardin/69423-plantes-sauvages-comestibles-et-toxiques.html
70621-70621;1390018;195;20170126;https://www.jardiland.com/maison-deco/librairie-papeterie/librairie/livre-jardin/70621-plantes-melliferes-mois-par-mois.html
68354-68354;1459147;195;20170126;https://www.jardiland.com/maison-deco/librairie-papeterie/librairie/livre-jardin/68354-pivoines.html
69416-69416;1423318;195;20170126;https://www.jardiland.com/maison-deco/librairie-papeterie/librairie/livre-jardin/69416-permaculture-guide-pratique.html
68345-68345;1459157;195;20170126;https://www.jardiland.com/maison-deco/librairie-papeterie/librairie/livre-jardin/68345-le-potager-perpetuel.html
71555-71555;1265482;195;20170126;https://www.jardiland.com/maison-deco/librairie-papeterie/librairie/livre-jardin/71555-le-potager-au-naturel.html
68184-68184;1464101;195;20170126;https://www.jardiland.com/maison-deco/librairie-papeterie/librairie/livre-jardin/68184-jardinez-avec-la-lune-2017-1.html
68352-68352;1459149;195;20170126;https://www.jardiland.com/maison-deco/librairie-papeterie/librairie/livre-jardin/68352-guide-de-la-couleur-au-jardin.html
68364-68364;1459136;195;20170126;https://www.jardiland.com/maison-deco/librairie-papeterie/librairie/livre-jardin/68364-esprit-debrouille.html
69348-69348;1429021;195;20170126;https://www.jardiland.com/maison-deco/librairie-papeterie/papeterie/carte/69348-carte-92x77mm-joyeux-anniversaire.html
59662-59662;1467407;195;20170126;https://www.jardiland.com/maison-deco/librairie-papeterie/librairie/livre-animal/59662-berger-australien.html
68343-68343;1459159;195;20170126;https://www.jardiland.com/maison-deco/librairie-papeterie/librairie/livre-jardin/68343-amenagements-exterieurs.html
68344-68344;1459158;195;20170126;https://www.jardiland.com/maison-deco/librairie-papeterie/librairie/livre-jardin/68344-allees-et-dallages.html
2584-2584;1394824;195;20170126;https://www.jardiland.com/maison-deco/mobilier-d-interieur/2584-salon-de-jardin-2-fauteuils-1-table-basse.html
69080-69080;1433140;195;20170126;https://www.jardiland.com/maison-deco/mobilier-d-interieur/69080-etagere-metalique-l65-x-l30-x-h160-cm.html
52709-52709;1432927;195;20170126;https://www.jardiland.com/maison-deco/mobilier-d-interieur/52709-chaise-pliante.html
81255-72809;1453761;195;20170126;https://www.jardiland.com/maison-deco/mobilier-d-interieur/81255-canape-2-places-p82x-l131-x-h95-1.html
68376-68376;1458370;195;20170126;https://www.jardiland.com/maison-deco/objets-de-decoration/autres-objets-de-decoration/paillasson-et-tapis/68376-tapis-imprime-marguerites.html
50082-50082;1456344;195;20170126;https://www.jardiland.com/maison-deco/objets-de-decoration/autres-objets-de-decoration/sac/50082-sac-a-tarte-zazie2-maison-taupe.html
3481-3481;1434269;195;20170126;https://www.jardiland.com/maison-deco/objets-de-decoration/autres-objets-de-decoration/fruit-et-legume-artificiel/3481-pomme-orange-o-14-cm.html
69107-69107;1433106;195;20170126;https://www.jardiland.com/maison-deco/objets-de-decoration/autres-objets-de-decoration/autres-objets-de-decoration/69107-pomme-fibre-orange-d-20-h-22-cm.html
69106-69106;1433107;195;20170126;https://www.jardiland.com/maison-deco/objets-de-decoration/autres-objets-de-decoration/autres-objets-de-decoration/69106-pomme-fibre-orange-d-15-h-17-cm.html
70501-70501;1395413;195;20170126;https://www.jardiland.com/maison-deco/objets-de-decoration/autres-objets-de-decoration/autres-objets-de-decoration/70501-pomme-blanche-en-fibre-25-5x27-1.html
70497-70497;1395422;195;20170126;https://www.jardiland.com/maison-deco/objets-de-decoration/autres-objets-de-decoration/autres-objets-de-decoration/70497-pomme-blanche-en-fibre-20x22-1.html
70486-70486;1395495;195;20170126;https://www.jardiland.com/maison-deco/objets-de-decoration/autres-objets-de-decoration/panier/70486-paniere-vert-avec-poignee-26x37-1.html
70487-70487;1395493;195;20170126;https://www.jardiland.com/maison-deco/objets-de-decoration/autres-objets-de-decoration/panier/70487-paniere-jaune-avec-poignee-35x49-1.html
70488-70488;1395492;195;20170126;https://www.jardiland.com/maison-deco/objets-de-decoration/autres-objets-de-decoration/panier/70488-paniere-jaune-avec-poignee-31x43-1.html
70489-70489;1395491;195;20170126;https://www.jardiland.com/maison-deco/objets-de-decoration/autres-objets-de-decoration/panier/70489-paniere-jaune-avec-poignee-26x37-1.html
69126-69126;1433085;195;20170126;https://www.jardiland.com/maison-deco/objets-de-decoration/autres-objets-de-decoration/autres-objets-de-decoration/69126-panier-a-supendre-x3-25x140cm.html
70545-70545;1394344;195;20170126;https://www.jardiland.com/maison-deco/objets-de-decoration/autres-objets-de-decoration/panier/70545-p-bourguignon-db-coton-t2-1.html
69164-69164;1432774;195;20170126;https://www.jardiland.com/maison-deco/objets-de-decoration/autres-objets-de-decoration/panier/69164-corb-ass-ecl-gris-jute-t3-1.html
69165-69165;1432773;195;20170126;https://www.jardiland.com/maison-deco/objets-de-decoration/autres-objets-de-decoration/panier/69165-corb-ass-ecl-gris-jute-t2-1.html
71098-71098;1347306;195;20170126;https://www.jardiland.com/maison-deco/objets-de-decoration/autres-objets-de-decoration/panier/71098-corb-2a-os-gris-jute-ass-t2-1.html
68708-68708;1443594;195;20170126;https://www.jardiland.com/maison-deco/objets-de-decoration/autres-objets-de-decoration/mobile-carillon/68708-carillon-animaux-savane-2-1.html
64530-64530;1276765;195;20170126;https://www.jardiland.com/maison-deco/objets-de-decoration/autres-objets-de-decoration/autres-objets-de-decoration/64530-bougie-mica-bleu-petrole-15-cm.html
69141-69141;1433042;195;20170126;https://www.jardiland.com/maison-deco/objets-de-decoration/autres-objets-de-decoration/autres-objets-de-decoration/69141-bain-a-oiseau-ceramique-vert-35x8cm.html
69748-69748;1416672;195;20170126;https://www.jardiland.com/maison-deco/objets-de-decoration/rangement-boites-et-paniers/boite-fantaisie/69748-set-de-table-succulent.html
67948-67948;1472917;195;20170126;https://www.jardiland.com/maison-deco/objets-de-decoration/rangement-boites-et-paniers/boite-fantaisie/67948-repose-cuillere-saveur-bonheur.html
70765-70765;1367676;195;20170126;https://www.jardiland.com/maison-deco/objets-de-decoration/rangement-boites-et-paniers/coffret-et-boite-de-rangement/70765-parapluie-rouge-poids.html
70128-70128;1408825;195;20170126;https://www.jardiland.com/maison-deco/objets-de-decoration/rangement-boites-et-paniers/coffret-et-boite-de-rangement/70128-panier-grillage-noir-45x35x28-5cm.html
70984-70984;1351345;195;20170126;https://www.jardiland.com/maison-deco/objets-de-decoration/rangement-boites-et-paniers/coffret-et-boite-de-rangement/70984-boite-a-riz-repas-a-deux-violet-bleu.html
70979-70979;1351404;195;20170126;https://www.jardiland.com/maison-deco/objets-de-decoration/rangement-boites-et-paniers/coffret-et-boite-de-rangement/70979-boite-a-cacao-complicite-orange-violet.html
69476-69476;1417084;195;20170126;https://www.jardiland.com/maison-deco/objets-de-decoration/coussins-et-plaids/plaid/69476-gants-botanicae.html
68892-68892;1436327;195;20170126;https://www.jardiland.com/maison-deco/objets-de-decoration/coussins-et-plaids/plaid/68892-boudin-de-porte-chats.html
70432-70432;1395650;195;20170126;https://www.jardiland.com/maison-deco/objets-de-decoration/plantes-artificielles/tige-fleurie/70432-tige-orchidee-x3-90-cm-creme.html
71901-71901;1221831;195;20170126;https://www.jardiland.com/maison-deco/objets-de-decoration/plantes-artificielles/plante-et-fleur/71901-succulente-pot-zinc-ast-4-var.html
68554-68554;1454814;195;20170126;https://www.jardiland.com/maison-deco/objets-de-decoration/plantes-artificielles/tige-fleurie/68554-rose-fuchsia-60cm.html
65626-65626;919036;195;20170126;https://www.jardiland.com/maison-deco/objets-de-decoration/plantes-artificielles/tige-fleurie/65626-pommier-fleur-rose-blanc-83cm.html
65625-65625;919037;195;20170126;https://www.jardiland.com/maison-deco/objets-de-decoration/plantes-artificielles/tige-fleurie/65625-pommier-fleur-blanc-83cm.html
71340-71340;1303453;195;20170126;https://www.jardiland.com/maison-deco/objets-de-decoration/plantes-artificielles/bouquet-et-composition/71340-pivoine-bouquet-x3-fuchsia-26cm.html
71902-71902;1221784;195;20170126;https://www.jardiland.com/maison-deco/objets-de-decoration/plantes-artificielles/bouquet-et-composition/71902-pivoine-bouquet-35cm-lavande.html
68523-68523;1454846;195;20170126;https://www.jardiland.com/maison-deco/objets-de-decoration/plantes-artificielles/plante-et-fleur/68523-phalaeno-coupe-ronde-rose-blanc-36-cm.html
68526-68526;1454843;195;20170126;https://www.jardiland.com/maison-deco/objets-de-decoration/plantes-artificielles/plante-et-fleur/68526-phalaeno-coupe-ceramique-creme-46-cm.html
68966-68966;1434085;195;20170126;https://www.jardiland.com/maison-deco/objets-de-decoration/plantes-artificielles/tige-fleurie/68966-phalaeno-blanc-95cm.html
67678-67678;1474375;195;20170126;https://www.jardiland.com/maison-deco/objets-de-decoration/plantes-artificielles/tige-fleurie/67678-pavot-3-fleurs-orange-48-cm.html
68521-68521;1454848;195;20170126;https://www.jardiland.com/maison-deco/objets-de-decoration/plantes-artificielles/tige-fleurie/68521-orchidee-phalaeno-vert-72-cm.html
68519-68519;1454850;195;20170126;https://www.jardiland.com/maison-deco/objets-de-decoration/plantes-artificielles/tige-fleurie/68519-orchidee-phalaeno-pourpre-72-cm.html
68518-68518;1454851;195;20170126;https://www.jardiland.com/maison-deco/objets-de-decoration/plantes-artificielles/tige-fleurie/68518-orchidee-phalaeno-lilas-vert-72-cm.html
69797-69797;1414125;195;20170126;https://www.jardiland.com/maison-deco/objets-de-decoration/plantes-artificielles/plante-et-fleur/69797-orchidee-26cm-dans-pot-blanc-blanc-vert.html
67668-67668;1474385;195;20170126;https://www.jardiland.com/maison-deco/objets-de-decoration/plantes-artificielles/plante-et-fleur/67668-mini-phalaeno-en-pot-creme-25-cm.html
70530-70530;1394864;195;20170126;https://www.jardiland.com/maison-deco/objets-de-decoration/plantes-artificielles/bouquet-et-composition/70530-mini-orchidee-coupe-asst-clrs-18cm.html
68534-68534;1454834;195;20170126;https://www.jardiland.com/maison-deco/objets-de-decoration/plantes-artificielles/plante-et-fleur/68534-magnolia-compo-vase-blanc-creme-25-cm.html
69652-69652;1434063;195;20170126;https://www.jardiland.com/maison-deco/objets-de-decoration/plantes-artificielles/tige-fleurie/69652-lysianthus-tige-2fl-1bt-fuchsia-69cm.html
69009-69009;1434051;195;20170126;https://www.jardiland.com/maison-deco/objets-de-decoration/plantes-artificielles/tige-fleurie/69009-hortensia-45cm-lavande.html
68538-68538;1454830;195;20170126;https://www.jardiland.com/maison-deco/objets-de-decoration/plantes-artificielles/tige-fleurie/68538-gypsophile-fleur-blanche-67-cm.html
68746-68746;1441342;195;20170126;https://www.jardiland.com/maison-deco/objets-de-decoration/plantes-artificielles/tige-fleurie/68746-fougere-branche-78cm-vert.html
67686-67686;1474367;195;20170126;https://www.jardiland.com/maison-deco/objets-de-decoration/plantes-artificielles/bouquet-et-composition/67686-fleur-pecher-chaton-saule-botte-rose-43c.html
67685-67685;1474368;195;20170126;https://www.jardiland.com/maison-deco/objets-de-decoration/plantes-artificielles/bouquet-et-composition/67685-fleur-pecher-chaton-saule-botte-creme-43-1.html
67673-67673;1474380;195;20170126;https://www.jardiland.com/maison-deco/objets-de-decoration/plantes-artificielles/tige-fleurie/67673-feuille-palmier-brche-105-cm.html
68565-68565;1454803;195;20170126;https://www.jardiland.com/maison-deco/objets-de-decoration/plantes-artificielles/plante-et-fleur/68565-conifere-chute-glacee-91cm.html
68535-68535;1454833;195;20170126;https://www.jardiland.com/maison-deco/objets-de-decoration/plantes-artificielles/plante-et-fleur/68535-buis-boule-vert-14-cm.html
69019-69019;1434032;195;20170126;https://www.jardiland.com/maison-deco/objets-de-decoration/plantes-artificielles/plante-et-fleur/69019-buis-boule-d40cm.html
3417-3417;1434222;195;20170126;https://www.jardiland.com/maison-deco/objets-de-decoration/plantes-artificielles/tige-fleurie/3417-branche-de-fleurs-de-cerisiers-blanches-artificielle.html
1469-1469;1303457;195;20170126;https://www.jardiland.com/maison-deco/objets-de-decoration/plantes-artificielles/tige-fleurie/1469-branche-de-fleurs-de-cerisier-roses-et-blanches-artificielle.html
68583-68583;1454724;195;20170126;https://www.jardiland.com/maison-deco/objets-de-decoration/plantes-artificielles/tige-fleurie/68583-bouton-rose-67-cm-vieux-rose.html
68536-68536;1454832;195;20170126;https://www.jardiland.com/maison-deco/objets-de-decoration/plantes-artificielles/tige-fleurie/68536-banane-feuille-43-cm.html
72068-72068;1003607;195;20170126;https://www.jardiland.com/maison-deco/objets-de-decoration/plantes-artificielles/plante-et-fleur/72068-bambou-150cm-canne-noire-pot.html
70561-70561;1393581;195;20170126;https://www.jardiland.com/maison-deco/objets-de-decoration/vases-coupes-et-accessoires/pot-et-coupe/70561-vase-opale-fuseau-13x21-8cm.html
70562-70562;1393580;195;20170126;https://www.jardiland.com/maison-deco/objets-de-decoration/vases-coupes-et-accessoires/pot-et-coupe/70562-vase-opale-fuseau-12-5x31-7cm.html
69130-69130;1433072;195;20170126;https://www.jardiland.com/maison-deco/objets-de-decoration/vases-coupes-et-accessoires/pot-et-coupe/69130-vase-medicis-noir-26x35cm.html
69887-69887;1409859;195;20170126;https://www.jardiland.com/maison-deco/objets-de-decoration/vases-coupes-et-accessoires/pot-et-coupe/69887-vase-ceramique-motif-marron-d19-5x31cm.html
69885-69885;1409861;195;20170126;https://www.jardiland.com/maison-deco/objets-de-decoration/vases-coupes-et-accessoires/pot-et-coupe/69885-vase-ceramique-blanc-et-gris-d20x40cm.html
69882-69882;1409864;195;20170126;https://www.jardiland.com/maison-deco/objets-de-decoration/vases-coupes-et-accessoires/pot-et-coupe/69882-vase-blanc-en-ceramique-anse-d16x24cm.html
66589-66589;845704;195;20170126;https://www.jardiland.com/maison-deco/objets-de-decoration/vases-coupes-et-accessoires/accessoires-de-composition-florale/66589-raphia-aubergine-50g.html
69161-69161;1433009;195;20170126;https://www.jardiland.com/maison-deco/objets-de-decoration/vases-coupes-et-accessoires/pot-et-coupe/69161-pot-fibre-orange-20x36cm.html
66048-66048;840976;195;20170126;https://www.jardiland.com/maison-deco/objets-de-decoration/vases-coupes-et-accessoires/accessoires-de-composition-florale/66048-pinholder-x5-1.html
82256-78695;835214;195;20170126;https://www.jardiland.com/maison-deco/objets-de-decoration/vases-coupes-et-accessoires/accessoires-de-composition-florale/82256-papillon-7cm-x3pcs.html
82224-78696;835203;195;20170126;https://www.jardiland.com/maison-deco/objets-de-decoration/vases-coupes-et-accessoires/accessoires-de-composition-florale/82224-oiseaux-clip-6cm-3ass.html
82224-74144;1361583;195;20170126;https://www.jardiland.com/maison-deco/objets-de-decoration/vases-coupes-et-accessoires/accessoires-de-composition-florale/82224-oiseaux-clip-6cm-3ass.html
82224-73859;1211306;195;20170126;https://www.jardiland.com/maison-deco/objets-de-decoration/vases-coupes-et-accessoires/accessoires-de-composition-florale/82224-oiseaux-clip-6cm-3ass.html
68169-68169;1464758;195;20170126;https://www.jardiland.com/maison-deco/objets-de-decoration/vases-coupes-et-accessoires/accessoires-de-composition-florale/68169-mouton-s-pique-h38cm.html
67860-67860;1473701;195;20170126;https://www.jardiland.com/maison-deco/objets-de-decoration/vases-coupes-et-accessoires/vase-et-coupe-en-verre/67860-lotty-vase-carre-verre-6cm.html
67859-67859;1473703;195;20170126;https://www.jardiland.com/maison-deco/objets-de-decoration/vases-coupes-et-accessoires/vase-et-coupe-en-verre/67859-lotty-vase-carre-verre-10cm.html
69876-69876;1409870;195;20170126;https://www.jardiland.com/maison-deco/objets-de-decoration/vases-coupes-et-accessoires/pot-et-coupe/69876-long-vase-gris-f-en-ceramique-d10x41cm.html
82205-74145;1361841;195;20170126;https://www.jardiland.com/maison-deco/objets-de-decoration/vases-coupes-et-accessoires/sable-perle-d-eau-et-galet/82205-liquide-color-150ml.html
67856-67856;1473709;195;20170126;https://www.jardiland.com/maison-deco/objets-de-decoration/vases-coupes-et-accessoires/vase-et-coupe-en-verre/67856-kenny-coupe-ronde-d15cm.html
82247-78327;899175;195;20170126;https://www.jardiland.com/maison-deco/objets-de-decoration/vases-coupes-et-accessoires/accessoires-de-composition-florale/82247-hobby-brique-20x10-2x7-7cm.html
82247-78320;899204;195;20170126;https://www.jardiland.com/maison-deco/objets-de-decoration/vases-coupes-et-accessoires/accessoires-de-composition-florale/82247-hobby-brique-20x10-2x7-7cm.html
82247-73991;1021982;195;20170126;https://www.jardiland.com/maison-deco/objets-de-decoration/vases-coupes-et-accessoires/accessoires-de-composition-florale/82247-hobby-brique-20x10-2x7-7cm.html
66036-66036;845662;195;20170126;https://www.jardiland.com/maison-deco/objets-de-decoration/vases-coupes-et-accessoires/accessoires-de-composition-florale/66036-gomme-adhesive.html
70791-70791;1361062;195;20170126;https://www.jardiland.com/maison-deco/objets-de-decoration/vases-coupes-et-accessoires/accessoires-de-composition-florale/70791-fil-de-fer-0-8x400mm-30pcs-laque-vert.html
66268-66268;701390;195;20170126;https://www.jardiland.com/maison-deco/objets-de-decoration/vases-coupes-et-accessoires/accessoires-de-composition-florale/66268-coupe-sandwich-26x12-blanc.html
67858-67858;1473706;195;20170126;https://www.jardiland.com/maison-deco/objets-de-decoration/vases-coupes-et-accessoires/vase-et-coupe-en-verre/67858-cilla-cylinder-verre-h40xd15cm.html
70782-70782;1361876;195;20170126;https://www.jardiland.com/maison-deco/objets-de-decoration/vases-coupes-et-accessoires/accessoires-de-composition-florale/70782-4-ronds-mouillable-d8-h5cm-vert.html
68715-68715;1443407;195;20170126;https://www.jardiland.com/maison-deco/objets-de-decoration/bougies-et-senteurs/parfum-d-ambiance-diffuseur-a-froid/68715-scentchips-depliant-recettes-fr.html
32920-9944;1320730;195;20170126;https://www.jardiland.com/maison-deco/objets-de-decoration/bougies-et-senteurs/parfum-d-ambiance-diffuseur-a-froid/32920-recharge-parfum-goatier.html
81378-77175;1462382;195;20170126;https://www.jardiland.com/maison-deco/objets-de-decoration/bougies-et-senteurs/parfum-d-ambiance-diffuseur-a-froid/81378-recharge-250-ml.html
83513-79460;1484427;195;20170126;https://www.jardiland.com/maison-deco/objets-de-decoration/bougies-et-senteurs/bougie-parfumee/83513-pivoine.html
83513-79457;1484430;195;20170126;https://www.jardiland.com/maison-deco/objets-de-decoration/bougies-et-senteurs/bougie-parfumee/83513-pivoine.html
83513-79456;1484431;195;20170126;https://www.jardiland.com/maison-deco/objets-de-decoration/bougies-et-senteurs/bougie-parfumee/83513-pivoine.html
83513-79453;1484426;195;20170126;https://www.jardiland.com/maison-deco/objets-de-decoration/bougies-et-senteurs/bougie-parfumee/83513-pivoine.html
83511-79481;1484440;195;20170126;https://www.jardiland.com/maison-deco/objets-de-decoration/bougies-et-senteurs/support-et-accessoires/83511-photophore-teal-vine.html
83511-79480;1484441;195;20170126;https://www.jardiland.com/maison-deco/objets-de-decoration/bougies-et-senteurs/support-et-accessoires/83511-photophore-teal-vine.html
83511-79479;1484442;195;20170126;https://www.jardiland.com/maison-deco/objets-de-decoration/bougies-et-senteurs/support-et-accessoires/83511-photophore-teal-vine.html
83511-79478;1484443;195;20170126;https://www.jardiland.com/maison-deco/objets-de-decoration/bougies-et-senteurs/support-et-accessoires/83511-photophore-teal-vine.html
83516-79514;1484408;195;20170126;https://www.jardiland.com/maison-deco/objets-de-decoration/bougies-et-senteurs/bougie-parfumee/83516-peche-gourmande.html
83516-79507;1484407;195;20170126;https://www.jardiland.com/maison-deco/objets-de-decoration/bougies-et-senteurs/bougie-parfumee/83516-peche-gourmande.html
83516-79504;1484410;195;20170126;https://www.jardiland.com/maison-deco/objets-de-decoration/bougies-et-senteurs/bougie-parfumee/83516-peche-gourmande.html
83516-79502;1484412;195;20170126;https://www.jardiland.com/maison-deco/objets-de-decoration/bougies-et-senteurs/bougie-parfumee/83516-peche-gourmande.html
81301-75457;1479855;195;20170126;https://www.jardiland.com/maison-deco/objets-de-decoration/bougies-et-senteurs/parfum-d-ambiance-diffuseur-a-froid/81301-pampille-platre-solo-coeur.html
81301-75447;1479862;195;20170126;https://www.jardiland.com/maison-deco/objets-de-decoration/bougies-et-senteurs/parfum-d-ambiance-diffuseur-a-froid/81301-pampille-platre-solo-coeur.html
81462-80471;932813;195;20170126;https://www.jardiland.com/maison-deco/objets-de-decoration/bougies-et-senteurs/diffuseur-de-parfum-et-recharge/81462-huile-parfumee-15ml.html
81462-80468;932820;195;20170126;https://www.jardiland.com/maison-deco/objets-de-decoration/bougies-et-senteurs/diffuseur-de-parfum-et-recharge/81462-huile-parfumee-15ml.html
81462-80449;932842;195;20170126;https://www.jardiland.com/maison-deco/objets-de-decoration/bougies-et-senteurs/diffuseur-de-parfum-et-recharge/81462-huile-parfumee-15ml.html
81462-80448;932837;195;20170126;https://www.jardiland.com/maison-deco/objets-de-decoration/bougies-et-senteurs/diffuseur-de-parfum-et-recharge/81462-huile-parfumee-15ml.html
81462-80447;932830;195;20170126;https://www.jardiland.com/maison-deco/objets-de-decoration/bougies-et-senteurs/diffuseur-de-parfum-et-recharge/81462-huile-parfumee-15ml.html
81462-80446;932823;195;20170126;https://www.jardiland.com/maison-deco/objets-de-decoration/bougies-et-senteurs/diffuseur-de-parfum-et-recharge/81462-huile-parfumee-15ml.html
81462-73262;1443255;195;20170126;https://www.jardiland.com/maison-deco/objets-de-decoration/bougies-et-senteurs/diffuseur-de-parfum-et-recharge/81462-huile-parfumee-15ml.html
81462-73255;1443256;195;20170126;https://www.jardiland.com/maison-deco/objets-de-decoration/bougies-et-senteurs/diffuseur-de-parfum-et-recharge/81462-huile-parfumee-15ml.html
81462-73253;1443253;195;20170126;https://www.jardiland.com/maison-deco/objets-de-decoration/bougies-et-senteurs/diffuseur-de-parfum-et-recharge/81462-huile-parfumee-15ml.html
81462-73252;1443252;195;20170126;https://www.jardiland.com/maison-deco/objets-de-decoration/bougies-et-senteurs/diffuseur-de-parfum-et-recharge/81462-huile-parfumee-15ml.html
81462-73251;1443249;195;20170126;https://www.jardiland.com/maison-deco/objets-de-decoration/bougies-et-senteurs/diffuseur-de-parfum-et-recharge/81462-huile-parfumee-15ml.html
81462-73250;1443248;195;20170126;https://www.jardiland.com/maison-deco/objets-de-decoration/bougies-et-senteurs/diffuseur-de-parfum-et-recharge/81462-huile-parfumee-15ml.html
81462-73249;1443247;195;20170126;https://www.jardiland.com/maison-deco/objets-de-decoration/bougies-et-senteurs/diffuseur-de-parfum-et-recharge/81462-huile-parfumee-15ml.html
82066-72417;1406430;195;20170126;https://www.jardiland.com/maison-deco/objets-de-decoration/bougies-et-senteurs/parfum-d-ambiance-diffuseur-a-froid/82066-goatier-bul-200ml.html
81347-75461;1479850;195;20170126;https://www.jardiland.com/maison-deco/objets-de-decoration/bougies-et-senteurs/parfum-d-ambiance-diffuseur-a-froid/81347-diffuseur-parfum-ambiance-100-ml-rotin.html
81347-75460;1479851;195;20170126;https://www.jardiland.com/maison-deco/objets-de-decoration/bougies-et-senteurs/parfum-d-ambiance-diffuseur-a-froid/81347-diffuseur-parfum-ambiance-100-ml-rotin.html
81347-75459;1479852;195;20170126;https://www.jardiland.com/maison-deco/objets-de-decoration/bougies-et-senteurs/parfum-d-ambiance-diffuseur-a-froid/81347-diffuseur-parfum-ambiance-100-ml-rotin.html
81347-75458;1479853;195;20170126;https://www.jardiland.com/maison-deco/objets-de-decoration/bougies-et-senteurs/parfum-d-ambiance-diffuseur-a-froid/81347-diffuseur-parfum-ambiance-100-ml-rotin.html
81386-73525;1236475;195;20170126;https://www.jardiland.com/maison-deco/objets-de-decoration/bougies-et-senteurs/parfum-d-ambiance-diffuseur-a-froid/81386-diffuseur-encrier-rotin.html
83514-79528;1484459;195;20170126;https://www.jardiland.com/maison-deco/objets-de-decoration/bougies-et-senteurs/parfum-d-ambiance-diffuseur-a-froid/83514-diffuseur-car-ultimate.html
83514-79527;1484460;195;20170126;https://www.jardiland.com/maison-deco/objets-de-decoration/bougies-et-senteurs/parfum-d-ambiance-diffuseur-a-froid/83514-diffuseur-car-ultimate.html
83514-79526;1484461;195;20170126;https://www.jardiland.com/maison-deco/objets-de-decoration/bougies-et-senteurs/parfum-d-ambiance-diffuseur-a-froid/83514-diffuseur-car-ultimate.html
83514-79525;1484462;195;20170126;https://www.jardiland.com/maison-deco/objets-de-decoration/bougies-et-senteurs/parfum-d-ambiance-diffuseur-a-froid/83514-diffuseur-car-ultimate.html
83514-79524;1484463;195;20170126;https://www.jardiland.com/maison-deco/objets-de-decoration/bougies-et-senteurs/parfum-d-ambiance-diffuseur-a-froid/83514-diffuseur-car-ultimate.html
83514-79515;1484464;195;20170126;https://www.jardiland.com/maison-deco/objets-de-decoration/bougies-et-senteurs/parfum-d-ambiance-diffuseur-a-froid/83514-diffuseur-car-ultimate.html
83509-79560;1484456;195;20170126;https://www.jardiland.com/maison-deco/objets-de-decoration/bougies-et-senteurs/parfum-d-ambiance-diffuseur-a-froid/83509-diffuseur-car-jar.html
83509-79559;1484457;195;20170126;https://www.jardiland.com/maison-deco/objets-de-decoration/bougies-et-senteurs/parfum-d-ambiance-diffuseur-a-froid/83509-diffuseur-car-jar.html
82097-72435;1408576;195;20170126;https://www.jardiland.com/maison-deco/objets-de-decoration/bougies-et-senteurs/diffuseur-de-parfum-et-recharge/82097-coffret-bingo.html
83504-79467;1484419;195;20170126;https://www.jardiland.com/maison-deco/objets-de-decoration/bougies-et-senteurs/bougie-parfumee/83504-cocktail-fruit-de-la-passion.html
83504-79466;1484420;195;20170126;https://www.jardiland.com/maison-deco/objets-de-decoration/bougies-et-senteurs/bougie-parfumee/83504-cocktail-fruit-de-la-passion.html
83504-79465;1484421;195;20170126;https://www.jardiland.com/maison-deco/objets-de-decoration/bougies-et-senteurs/bougie-parfumee/83504-cocktail-fruit-de-la-passion.html
83504-79464;1484422;195;20170126;https://www.jardiland.com/maison-deco/objets-de-decoration/bougies-et-senteurs/bougie-parfumee/83504-cocktail-fruit-de-la-passion.html
83504-79463;1484423;195;20170126;https://www.jardiland.com/maison-deco/objets-de-decoration/bougies-et-senteurs/bougie-parfumee/83504-cocktail-fruit-de-la-passion.html
83504-79462;1484424;195;20170126;https://www.jardiland.com/maison-deco/objets-de-decoration/bougies-et-senteurs/bougie-parfumee/83504-cocktail-fruit-de-la-passion.html
83522-79475;1484434;195;20170126;https://www.jardiland.com/maison-deco/objets-de-decoration/bougies-et-senteurs/bougie-parfumee/83522-clair-de-lune.html
83522-79459;1484435;195;20170126;https://www.jardiland.com/maison-deco/objets-de-decoration/bougies-et-senteurs/bougie-parfumee/83522-clair-de-lune.html
81456-73533;1236393;195;20170126;https://www.jardiland.com/maison-deco/objets-de-decoration/bougies-et-senteurs/parfum-pour-le-linge/81456-brume-d-oreiller.html
81353-72910;1449244;195;20170126;https://www.jardiland.com/maison-deco/objets-de-decoration/bougies-et-senteurs/bougie-parfumee/81353-bougie-serviette-moelleuse.html
81326-72908;1449265;195;20170126;https://www.jardiland.com/maison-deco/objets-de-decoration/bougies-et-senteurs/bougie-parfumee/81326-bougie-pain-au-raisin.html
81431-72934;1449139;195;20170126;https://www.jardiland.com/maison-deco/objets-de-decoration/bougies-et-senteurs/bougie-parfumee/81431-bougie-noix-de-coco-noire.html
81431-72913;1449141;195;20170126;https://www.jardiland.com/maison-deco/objets-de-decoration/bougies-et-senteurs/bougie-parfumee/81431-bougie-noix-de-coco-noire.html
81256-72917;1449184;195;20170126;https://www.jardiland.com/maison-deco/objets-de-decoration/bougies-et-senteurs/bougie-parfumee/81256-bougie-marshmallow-grilles.html
81256-72916;1449185;195;20170126;https://www.jardiland.com/maison-deco/objets-de-decoration/bougies-et-senteurs/bougie-parfumee/81256-bougie-marshmallow-grilles.html
81455-72915;1449163;195;20170126;https://www.jardiland.com/maison-deco/objets-de-decoration/bougies-et-senteurs/bougie-parfumee/81455-bougie-lueur-hivernale.html
82599-72941;1449066;195;20170126;https://www.jardiland.com/maison-deco/objets-de-decoration/bougies-et-senteurs/bougie-parfumee/82599-bougie-lueur-de-miel.html
82599-72933;1449065;195;20170126;https://www.jardiland.com/maison-deco/objets-de-decoration/bougies-et-senteurs/bougie-parfumee/82599-bougie-lueur-de-miel.html
81382-72936;1449131;195;20170126;https://www.jardiland.com/maison-deco/objets-de-decoration/bougies-et-senteurs/bougie-parfumee/81382-bougie-lavande.html
81382-72921;1449134;195;20170126;https://www.jardiland.com/maison-deco/objets-de-decoration/bougies-et-senteurs/bougie-parfumee/81382-bougie-lavande.html
81402-72937;1449127;195;20170126;https://www.jardiland.com/maison-deco/objets-de-decoration/bougies-et-senteurs/bougie-parfumee/81402-bougie-glace-d-ete.html
81167-72940;1449112;195;20170126;https://www.jardiland.com/maison-deco/objets-de-decoration/bougies-et-senteurs/bougie-parfumee/81167-bougie-fruit-du-dragon-rose.html
81167-72939;1449113;195;20170126;https://www.jardiland.com/maison-deco/objets-de-decoration/bougies-et-senteurs/bougie-parfumee/81167-bougie-fruit-du-dragon-rose.html
81172-72949;1449105;195;20170126;https://www.jardiland.com/maison-deco/objets-de-decoration/bougies-et-senteurs/bougie-parfumee/81172-bougie-framboise-rouge.html
81381-79346;1485966;195;20170126;https://www.jardiland.com/maison-deco/objets-de-decoration/bougies-et-senteurs/bougie-parfumee/81381-bougie-boite-alu.html
81381-73548;1236516;195;20170126;https://www.jardiland.com/maison-deco/objets-de-decoration/bougies-et-senteurs/bougie-parfumee/81381-bougie-boite-alu.html
81274-72922;1449192;195;20170126;https://www.jardiland.com/maison-deco/objets-de-decoration/bougies-et-senteurs/bougie-parfumee/81274-bougie-au-chaud-dans-la-neige.html
81274-72914;1449191;195;20170126;https://www.jardiland.com/maison-deco/objets-de-decoration/bougies-et-senteurs/bougie-parfumee/81274-bougie-au-chaud-dans-la-neige.html
81274-72907;1449188;195;20170126;https://www.jardiland.com/maison-deco/objets-de-decoration/bougies-et-senteurs/bougie-parfumee/81274-bougie-au-chaud-dans-la-neige.html
81624-72964;1457041;195;20170126;https://www.jardiland.com/maison-deco/objets-de-decoration/bougies-et-senteurs/bougie-non-parfumee/81624-bgie-cyl-metal-d60-h110cm.html
81624-72963;1457040;195;20170126;https://www.jardiland.com/maison-deco/objets-de-decoration/bougies-et-senteurs/bougie-non-parfumee/81624-bgie-cyl-metal-d60-h110cm.html
81627-72966;1457055;195;20170126;https://www.jardiland.com/maison-deco/objets-de-decoration/bougies-et-senteurs/bougie-non-parfumee/81627-bgie-cyl-metal-d50-h80cm.html
81627-72965;1457054;195;20170126;https://www.jardiland.com/maison-deco/objets-de-decoration/bougies-et-senteurs/bougie-non-parfumee/81627-bgie-cyl-metal-d50-h80cm.html
83510-79476;1484446;195;20170126;https://www.jardiland.com/maison-deco/objets-de-decoration/bougies-et-senteurs/parfum-d-ambiance-diffuseur-a-froid/83510-batonnet-voiture.html
83510-79469;1484445;195;20170126;https://www.jardiland.com/maison-deco/objets-de-decoration/bougies-et-senteurs/parfum-d-ambiance-diffuseur-a-froid/83510-batonnet-voiture.html
70123-70123;1408830;195;20170126;https://www.jardiland.com/maison-deco/objets-de-decoration/bougeoirs-photophores-et-lanternes/bougeoir-et-photophore-deco/70123-plateau-rond-avec-photophore-24x24x12cm.html
70112-70112;1408844;195;20170126;https://www.jardiland.com/maison-deco/objets-de-decoration/bougeoirs-photophores-et-lanternes/bougeoir-et-photophore-deco/70112-photophore-arbre-metal-noir-40x36x58cm.html
70115-70115;1408841;195;20170126;https://www.jardiland.com/maison-deco/objets-de-decoration/bougeoirs-photophores-et-lanternes/lanterne/70115-lanterne-metal-cuivre-24x24x28cm.html
1914-1914;1327405;195;20170126;https://www.jardiland.com/maison-deco/objets-de-decoration/bougeoirs-photophores-et-lanternes/bougeoir-et-photophore-deco/1914-chandelier-victoria-h-105-cm.html
58416-58416;1455146;195;20170126;https://www.jardiland.com/maison-deco/objets-de-decoration/bougeoirs-photophores-et-lanternes/bougeoir-et-photophore-deco/58416-bougeoirs-en-metal.html
67189-67189;1486416;195;20170126;https://www.jardiland.com/animaux/reptiles-et-insectes/terrariums-et-accessoires/equipement-de-terrarium/67189-lampe-chauffante-infra-rouge-50w.html
66303-66303;685722;195;20170126;https://www.jardiland.com/animaux/reptiles-et-insectes/terrariums-et-accessoires/equipement-de-terrarium/66303-lampe-chauffante-60w.html
81777-79371;1486407;195;20170126;https://www.jardiland.com/animaux/reptiles-et-insectes/terrariums-et-accessoires/equipement-de-terrarium/81777-ampoule-reptile-uvb.html
67191-67191;1486414;195;20170126;https://www.jardiland.com/animaux/reptiles-et-insectes/alimentation/complement-nutritionnel/67191-bloc-tortue-terrestre-xxl.html
67192-67192;1486413;195;20170126;https://www.jardiland.com/animaux/reptiles-et-insectes/alimentation/complement-nutritionnel/67192-bloc-calcium-dr-turtl.html
67138-67138;1487292;195;20170126;https://www.jardiland.com/animaux/oiseau/hygiene-et-soins/soin-de-l-animal/67138-pou-net-oiseaux-de-cage-100ml.html
68899-68899;1435357;195;20170126;https://www.jardiland.com/animaux/oiseau/hygiene-et-soins/soin-de-l-animal/68899-os-de-seiche-x2-avec-support.html
32291-30358;972176;195;20170126;https://www.jardiland.com/animaux/oiseau/cages-volieres-et-accessoires/cage/32291-pied-de-cage-toledo.html
81917-72495;1402302;195;20170126;https://www.jardiland.com/animaux/oiseau/cages-volieres-et-accessoires/equipement-de-cage-et-voliere/81917-perchoir-droit-tyrol.html
81917-72486;1402303;195;20170126;https://www.jardiland.com/animaux/oiseau/cages-volieres-et-accessoires/equipement-de-cage-et-voliere/81917-perchoir-droit-tyrol.html
67274-67274;1483641;195;20170126;https://www.jardiland.com/animaux/oiseau/cages-volieres-et-accessoires/equipement-de-cage-et-voliere/67274-echelle-corde-cuir.html
81924-72529;1402934;195;20170126;https://www.jardiland.com/animaux/oiseau/cages-volieres-et-accessoires/equipement-de-cage-et-voliere/81924-echelle-bois-et-corde.html
81924-72528;1402933;195;20170126;https://www.jardiland.com/animaux/oiseau/cages-volieres-et-accessoires/equipement-de-cage-et-voliere/81924-echelle-bois-et-corde.html
82397-75058;1468974;195;20170126;https://www.jardiland.com/animaux/oiseau/cages-volieres-et-accessoires/voliere/82397-cage-arabesque-jeanne.html
68382-68382;1457281;195;20170126;https://www.jardiland.com/animaux/oiseau/cages-volieres-et-accessoires/equipement-de-cage-et-voliere/68382-balle-tetines-24cm.html
67275-67275;1483634;195;20170126;https://www.jardiland.com/animaux/oiseau/cages-volieres-et-accessoires/equipement-de-cage-et-voliere/67275-balancoire-bois-cadre-fer.html
68811-68811;1439347;195;20170126;https://www.jardiland.com/animaux/oiseau/alimentation-et-friandises/friandise/68811-prest-sp-perroquets-exotic-light750g.html
66869-66869;538537;195;20170126;https://www.jardiland.com/animaux/oiseau/alimentation-et-friandises/complement-nutritionnel/66869-orlux-gold-patee-colorante-250g.html
82541-73370;1440836;195;20170126;https://www.jardiland.com/animaux/oiseau/alimentation-et-friandises/friandise/82541-crunchy-stick-perruche.html
82541-73362;1440837;195;20170126;https://www.jardiland.com/animaux/oiseau/alimentation-et-friandises/friandise/82541-crunchy-stick-perruche.html
82541-73361;1440838;195;20170126;https://www.jardiland.com/animaux/oiseau/alimentation-et-friandises/friandise/82541-crunchy-stick-perruche.html
82540-73363;1440834;195;20170126;https://www.jardiland.com/animaux/oiseau/alimentation-et-friandises/friandise/82540-crunchy-stick-perroquet.html
82540-73360;1440833;195;20170126;https://www.jardiland.com/animaux/oiseau/alimentation-et-friandises/friandise/82540-crunchy-stick-perroquet.html
82538-73366;1440830;195;20170126;https://www.jardiland.com/animaux/oiseau/alimentation-et-friandises/friandise/82538-crunchy-stick-grande-perruche.html
82538-73365;1440831;195;20170126;https://www.jardiland.com/animaux/oiseau/alimentation-et-friandises/friandise/82538-crunchy-stick-grande-perruche.html
82536-73368;1440827;195;20170126;https://www.jardiland.com/animaux/oiseau/alimentation-et-friandises/friandise/82536-crunchy-stick-exotique.html
82536-73367;1440828;195;20170126;https://www.jardiland.com/animaux/oiseau/alimentation-et-friandises/friandise/82536-crunchy-stick-exotique.html
82522-73369;1440825;195;20170126;https://www.jardiland.com/animaux/oiseau/alimentation-et-friandises/friandise/82522-crunchy-stick-canari.html
82522-73364;1440823;195;20170126;https://www.jardiland.com/animaux/oiseau/alimentation-et-friandises/friandise/82522-crunchy-stick-canari.html
82522-73356;1440824;195;20170126;https://www.jardiland.com/animaux/oiseau/alimentation-et-friandises/friandise/82522-crunchy-stick-canari.html
67135-67135;1487413;195;20170126;https://www.jardiland.com/animaux/oiseau/alimentation-et-friandises/friandise/67135-crunchy-cake-x12-miel-fruits.html
81657-75651;1483564;195;20170126;https://www.jardiland.com/animaux/oiseau/alimentation-et-friandises/friandise/81657-crunchy-cake-oiseau-x6-1.html
81657-75650;1483565;195;20170126;https://www.jardiland.com/animaux/oiseau/alimentation-et-friandises/friandise/81657-crunchy-cake-oiseau-x6-1.html
67270-67270;1484387;195;20170126;https://www.jardiland.com/animaux/poisson/entretien-et-soins/produit-pour-l-eau/67270-jbl-starter-kit.html
68266-68266;1463243;195;20170126;https://www.jardiland.com/animaux/poisson/materiel-chauffage-filtres-et-pompes/chauffage/68266-thermometre-de-precision.html
81621-73025;1457276;195;20170126;https://www.jardiland.com/animaux/poisson/materiel-chauffage-filtres-et-pompes/aeration/81621-new-rena-air.html
68880-68880;1436811;195;20170126;https://www.jardiland.com/animaux/poisson/materiel-chauffage-filtres-et-pompes/masse-de-filtration/68880-mousse-90-120-30ppi.html
82830-75472;1481080;195;20170126;https://www.jardiland.com/animaux/poisson/materiel-chauffage-filtres-et-pompes/filtre-exterieur/82830-jard-tuyau-predecoupe-2-5m.html
82830-75470;1481079;195;20170126;https://www.jardiland.com/animaux/poisson/materiel-chauffage-filtres-et-pompes/filtre-exterieur/82830-jard-tuyau-predecoupe-2-5m.html
67312-67312;1481081;195;20170126;https://www.jardiland.com/animaux/poisson/materiel-chauffage-filtres-et-pompes/aeration/67312-jard-tuyau-aeration-3m.html
67548-67548;1477965;195;20170126;https://www.jardiland.com/animaux/poisson/materiel-chauffage-filtres-et-pompes/nettoyage-aquarium/67548-jard-siphon.html
67941-67941;1473550;195;20170126;https://www.jardiland.com/animaux/poisson/materiel-chauffage-filtres-et-pompes/nettoyage-aquarium/67941-jard-epuisette-ronde-10cm.html
82766-74969;1473543;195;20170126;https://www.jardiland.com/animaux/poisson/materiel-chauffage-filtres-et-pompes/nettoyage-aquarium/82766-jard-epuisette-maille-fine.html
82481-75892;1475829;195;20170126;https://www.jardiland.com/animaux/poisson/materiel-chauffage-filtres-et-pompes/aeration/82481-jard-diffuseur-d-air-3cm.html
82481-75886;1475828;195;20170126;https://www.jardiland.com/animaux/poisson/materiel-chauffage-filtres-et-pompes/aeration/82481-jard-diffuseur-d-air-3cm.html
32535-29883;957379;195;20170126;https://www.jardiland.com/animaux/poisson/materiel-chauffage-filtres-et-pompes/nettoyage-aquarium/32535-epuisette-grande-maille.html
5317-5317;867709;195;20170126;https://www.jardiland.com/animaux/poisson/decoration-pour-aquarium/sable-et-autres-graviers/5317-sable-de-loire-3-litres.html
67502-67502;1478531;195;20170126;https://www.jardiland.com/animaux/poisson/decoration-pour-aquarium/decor-naturel/67502-racine-mangrove-tgm.html
81339-72810;1453022;195;20170126;https://www.jardiland.com/animaux/poisson/decoration-pour-aquarium/sable-et-autres-graviers/81339-quartz-fluo-pour-aquarium-1-kg.html
81339-72806;1453027;195;20170126;https://www.jardiland.com/animaux/poisson/decoration-pour-aquarium/sable-et-autres-graviers/81339-quartz-fluo-pour-aquarium-1-kg.html
81339-72805;1453026;195;20170126;https://www.jardiland.com/animaux/poisson/decoration-pour-aquarium/sable-et-autres-graviers/81339-quartz-fluo-pour-aquarium-1-kg.html
81339-72804;1453023;195;20170126;https://www.jardiland.com/animaux/poisson/decoration-pour-aquarium/sable-et-autres-graviers/81339-quartz-fluo-pour-aquarium-1-kg.html
81339-72801;1453025;195;20170126;https://www.jardiland.com/animaux/poisson/decoration-pour-aquarium/sable-et-autres-graviers/81339-quartz-fluo-pour-aquarium-1-kg.html
70209-70209;1407979;195;20170126;https://www.jardiland.com/animaux/poisson/decoration-pour-aquarium/plante-artificielle/70209-massif-mm-mauve.html
81331-72803;1453015;195;20170126;https://www.jardiland.com/animaux/poisson/decoration-pour-aquarium/sable-et-autres-graviers/81331-jard-quartz-deco-1kg.html
67562-67562;1477808;195;20170126;https://www.jardiland.com/animaux/poisson/decoration-pour-aquarium/plante-artificielle/67562-herbe-mm-ass.html
72039-72039;1014825;195;20170126;https://www.jardiland.com/animaux/poisson/decoration-pour-aquarium/plante-artificielle/72039-feuillage-mm-2-brins-bambou.html
67552-67552;1477828;195;20170126;https://www.jardiland.com/animaux/poisson/decoration-pour-aquarium/plante-artificielle/67552-decor-fluo.html
68636-68636;1453945;195;20170126;https://www.jardiland.com/animaux/poisson/decoration-pour-aquarium/plante-artificielle/68636-decor-algue-mm-assortis.html
67557-67557;1477820;195;20170126;https://www.jardiland.com/animaux/poisson/decoration-pour-aquarium/plante-artificielle/67557-buisson-fleur-blanc.html
68637-68637;1453943;195;20170126;https://www.jardiland.com/animaux/poisson/decoration-pour-aquarium/plante-artificielle/68637-arbre-tgm-assortis.html
68377-68377;1457781;195;20170126;https://www.jardiland.com/animaux/poisson/aquariums/aquarium-pour-poisson-d-eau-chaude/68377-tetra-starter-line-led-54l.html
67126-67126;1487813;195;20170126;https://www.jardiland.com/animaux/poisson/aquariums/aquarium-pour-poisson-d-eau-froide/67126-kit-nanolife-kidz-blanc-35-1.html
65034-65011;1487307;195;20170126;https://www.jardiland.com/animaux/poisson/aquariums/aquarium-pour-poisson-d-eau-chaude/65034-aquarium-led-confort-60-1.html
68861-68861;1437578;195;20170126;https://www.jardiland.com/animaux/poisson/alimentation/pour-poisson-d-eau-chaude/68861-blocs-vacances-12g-betta-ma.html
32365-8136;1256395;195;20170126;https://www.jardiland.com/animaux/poisson/alimentation/pour-poisson-d-eau-froide/32365-api-japan-goldfish-granules.html
31833-9810;1315053;195;20170126;https://www.jardiland.com/animaux/chat/soins-antiparasitaires/insecticide/31833-advantage-40-pour-chat.html
81916-76503;1465574;195;20170126;https://www.jardiland.com/animaux/chat/colliers-laisses-et-harnais/laisse/81916-laisse-chat-sardine-1m.html
81914-76489;1465579;195;20170126;https://www.jardiland.com/animaux/chat/colliers-laisses-et-harnais/harnais/81914-harnais-chat-sardine-10mm.html
81921-76509;1465570;195;20170126;https://www.jardiland.com/animaux/chat/colliers-laisses-et-harnais/collier/81921-collier-chat-sardine-30cm.html
81921-76507;1465569;195;20170126;https://www.jardiland.com/animaux/chat/colliers-laisses-et-harnais/collier/81921-collier-chat-sardine-30cm.html
82336-72293;1401248;195;20170126;https://www.jardiland.com/animaux/chat/colliers-laisses-et-harnais/collier/82336-collier-chat-reflecto.html
81830-76594;1465558;195;20170126;https://www.jardiland.com/animaux/chat/colliers-laisses-et-harnais/collier/81830-collier-chat-ladycat-30cm.html
81830-76593;1465557;195;20170126;https://www.jardiland.com/animaux/chat/colliers-laisses-et-harnais/collier/81830-collier-chat-ladycat-30cm.html
81830-76536;1465559;195;20170126;https://www.jardiland.com/animaux/chat/colliers-laisses-et-harnais/collier/81830-collier-chat-ladycat-30cm.html
82275-72286;1401227;195;20170126;https://www.jardiland.com/animaux/chat/colliers-laisses-et-harnais/collier/82275-collier-chat-fancycat.html
82602-73377;1245534;195;20170126;https://www.jardiland.com/animaux/chat/colliers-laisses-et-harnais/collier/82602-collier-chat-basic-line-nylon.html
67507-67507;1478480;195;20170126;https://www.jardiland.com/animaux/chat/jeux-et-jouets/67507-phospho-balls-cat-toy-x2-1.html
68782-68782;1440201;195;20170126;https://www.jardiland.com/animaux/chat/jeux-et-jouets/68782-canne-a-peche-40cm.html
82466-73338;1440191;195;20170126;https://www.jardiland.com/animaux/chat/arbres-a-chat-et-griffoirs/griffoir/82466-griffoir-en-carton-49x22x8cm.html
40905-40905;1400726;195;20170126;https://www.jardiland.com/animaux/chat/arbres-a-chat-et-griffoirs/arbre-a-chat/40905-arbre-a-chat-twist.html
68783-68783;1440198;195;20170126;https://www.jardiland.com/animaux/chat/arbres-a-chat-et-griffoirs/arbre-a-chat/68783-arbre-a-chat-pyramide-104cm.html
46098-44157;1437312;195;20170126;https://www.jardiland.com/animaux/chat/hygiene-soins-et-litieres/bac-a-litiere-et-maison-de-toilette/46098-maison-de-toilette-nestor-twilight.html
69470-69470;1418908;195;20170126;https://www.jardiland.com/animaux/chat/hygiene-soins-et-litieres/soins-pour-chat/69470-feliway-recharge-48ml.html
81170-73161;1438355;195;20170126;https://www.jardiland.com/animaux/chat/hygiene-soins-et-litieres/soins-pour-chat/81170-bogadent-plaque-stop-chips-cat-50g.html
62908-74375;1318616;195;20170126;https://www.jardiland.com/animaux/chat/alimentation-et-friandises/boite-et-sachet-fraicheur/62908-sterilised-cat-sachet-repas-85g.html
62908-74374;1318615;195;20170126;https://www.jardiland.com/animaux/chat/alimentation-et-friandises/boite-et-sachet-fraicheur/62908-sterilised-cat-sachet-repas-85g.html
62895-62878;1439158;195;20170126;https://www.jardiland.com/animaux/chat/alimentation-et-friandises/boite-et-sachet-fraicheur/62895-schesir-patee-pour-chats-70-g.html
62895-62875;1439157;195;20170126;https://www.jardiland.com/animaux/chat/alimentation-et-friandises/boite-et-sachet-fraicheur/62895-schesir-patee-pour-chats-70-g.html
62895-62862;1439150;195;20170126;https://www.jardiland.com/animaux/chat/alimentation-et-friandises/boite-et-sachet-fraicheur/62895-schesir-patee-pour-chats-70-g.html
62895-62858;1439155;195;20170126;https://www.jardiland.com/animaux/chat/alimentation-et-friandises/boite-et-sachet-fraicheur/62895-schesir-patee-pour-chats-70-g.html
62895-62854;1439167;195;20170126;https://www.jardiland.com/animaux/chat/alimentation-et-friandises/boite-et-sachet-fraicheur/62895-schesir-patee-pour-chats-70-g.html
83479-79430;1486035;195;20170126;https://www.jardiland.com/animaux/chat/alimentation-et-friandises/croquette-pour-chat/83479-perfect-fit-sterilise-senior.html
83478-79429;1486037;195;20170126;https://www.jardiland.com/animaux/chat/alimentation-et-friandises/croquette-pour-chat/83478-perfect-fit-sterilise-adulte.html
83480-79431;1486033;195;20170126;https://www.jardiland.com/animaux/chat/alimentation-et-friandises/croquette-pour-chat/83480-perfect-fit-chaton.html
70151-70151;1408756;195;20170126;https://www.jardiland.com/animaux/chat/alimentation-et-friandises/boite-et-sachet-fraicheur/70151-kitten-sachet-dinde-et-poulet-12x85g.html
82905-73163;1437836;195;20170126;https://www.jardiland.com/animaux/rongeurs-et-petits-mammiferes/jouets-et-exercices/roue-tube-et-autres-accessoires-de-jeux/82905-balle-avec-clochette.html
295-295;1017123;195;20170126;https://www.jardiland.com/animaux/rongeurs-et-petits-mammiferes/jouets-et-exercices/roue-tube-et-autres-accessoires-de-jeux/295-air-de-jeux-rodykit-2-1.html
68900-68900;1435238;195;20170126;https://www.jardiland.com/animaux/rongeurs-et-petits-mammiferes/habitats-cages-et-accessoires/cage/68900-cage-billy-metro.html
82792-74379;1319293;195;20170126;https://www.jardiland.com/animaux/rongeurs-et-petits-mammiferes/aliments-et-friandises/alimentation-quotidienne/82792-selective-lapin-junior.html
82792-74378;1319292;195;20170126;https://www.jardiland.com/animaux/rongeurs-et-petits-mammiferes/aliments-et-friandises/alimentation-quotidienne/82792-selective-lapin-junior.html
82833-75807;1481464;195;20170126;https://www.jardiland.com/animaux/rongeurs-et-petits-mammiferes/aliments-et-friandises/alimentation-quotidienne/82833-cuni-complete-junior.html
67400-67400;1480553;195;20170126;https://www.jardiland.com/animaux/chien/soins-antiparasitaires/insectifuge/67400-e-shampooing-2-en-1-anti-demange-250ml.html
67249-67249;1486163;195;20170126;https://www.jardiland.com/animaux/chien/hygiene-et-soins/hygiene-et-soin/67249-tonivit-25ml.html
81809-73551;1263241;195;20170126;https://www.jardiland.com/animaux/chien/hygiene-et-soins/soin-de-toilettage/81809-shampoing-poil-long-2-en-1-canisc.html
70289-70289;1398797;195;20170126;https://www.jardiland.com/animaux/chien/hygiene-et-soins/soin-de-toilettage/70289-jd-brosse-de-massage.html
67613-67613;1476179;195;20170126;https://www.jardiland.com/animaux/chien/hygiene-et-soins/hygiene-et-soin/67613-diarsanyl-seringue-24ml.html
67526-67526;1478164;195;20170126;https://www.jardiland.com/animaux/chien/hygiene-et-soins/hygiene-et-soin/67526-dentifrice-en-poudre-70g.html
82805-74424;1327527;195;20170126;https://www.jardiland.com/animaux/chien/hygiene-et-soins/hygiene-et-soin/82805-culotte-chien-d-d-modele-brave.html
68148-68148;1467271;195;20170126;https://www.jardiland.com/animaux/chien/hygiene-et-soins/soin-de-toilettage/68148-coupe-ongle-large.html
68136-68136;1467889;195;20170126;https://www.jardiland.com/animaux/chien/hygiene-et-soins/soin-de-toilettage/68136-brosse-plastique-douce-small.html
82546-76239;1478375;195;20170126;https://www.jardiland.com/animaux/chien/hygiene-et-soins/hygiene-et-soin/82546-batonnets-ouates-bamboo-sticks-x30-1.html
65623-65623;919929;195;20170126;https://www.jardiland.com/animaux/chien/colliers-laisses-et-vetements/accessoires/65623-recharge-bonton.html
32083-11702;1372219;195;20170126;https://www.jardiland.com/animaux/chien/colliers-laisses-et-vetements/laisse-pour-chien/32083-laisse-pour-chien-pois-xs.html
62909-8002;1256775;195;20170126;https://www.jardiland.com/animaux/chien/colliers-laisses-et-vetements/laisse-pour-chien/62909-laisse-confort-nylon.html
81764-78557;739603;195;20170126;https://www.jardiland.com/animaux/chien/colliers-laisses-et-vetements/collier-pour-chien/81764-col-chai-1-2-etrangleur-2-rang.html
68216-68216;1485193;195;20170126;https://www.jardiland.com/animaux/chien/colliers-laisses-et-vetements/accessoires/68216-clicker-de-dressage-pour-chien.html
82552-76236;1478394;195;20170126;https://www.jardiland.com/animaux/chien/jeux-et-jouets/autres-jouets/82552-kong-marathon-replac-chews-euro.html
82552-76226;1478395;195;20170126;https://www.jardiland.com/animaux/chien/jeux-et-jouets/autres-jouets/82552-kong-marathon-replac-chews-euro.html
82548-76238;1478388;195;20170126;https://www.jardiland.com/animaux/chien/jeux-et-jouets/autres-jouets/82548-kong-marathon-bone-european.html
82548-76237;1478389;195;20170126;https://www.jardiland.com/animaux/chien/jeux-et-jouets/autres-jouets/82548-kong-marathon-bone-european.html
32187-6754;1017349;195;20170126;https://www.jardiland.com/animaux/chien/jeux-et-jouets/jouet-en-caoutchouc-et-latex/32187-jouet-pour-chien-balloon.html
81637-75741;1483760;195;20170126;https://www.jardiland.com/animaux/chien/jeux-et-jouets/peluche/81637-jouet-peluche-rope-circus-pour-chiens.html
81637-75740;1483761;195;20170126;https://www.jardiland.com/animaux/chien/jeux-et-jouets/peluche/81637-jouet-peluche-rope-circus-pour-chiens.html
69329-69329;1429812;195;20170126;https://www.jardiland.com/animaux/chien/niches-couchage-et-transport/panier-et-sac-de-transport/69329-sacob-mm-deluxe-theme.html
82498-73319;1440167;195;20170126;https://www.jardiland.com/animaux/chien/niches-couchage-et-transport/coussin-et-matelas/82498-matelas-ouatine-gris-pet-s-fashion.html
68179-68179;1464411;195;20170126;https://www.jardiland.com/animaux/chien/niches-couchage-et-transport/coussin-et-matelas/68179-matelas-dehoussable-gris-85x55x8cm.html
68182-68182;1464408;195;20170126;https://www.jardiland.com/animaux/chien/niches-couchage-et-transport/coussin-et-matelas/68182-matelas-dehoussable-bleu-70x45x6cm.html
68173-68173;1464422;195;20170126;https://www.jardiland.com/animaux/chien/niches-couchage-et-transport/coussin-et-matelas/68173-matelas-bimatiere-ecossais-marron70x45x6-1.html
68734-68734;1442039;195;20170126;https://www.jardiland.com/animaux/chien/niches-couchage-et-transport/tapis/68734-igloo-peluche.html
67504-67504;1478519;195;20170126;https://www.jardiland.com/animaux/chien/niches-couchage-et-transport/autres-accessoires-de-couchage/67504-edredon-so-chic-100x70xh18cm.html
32226-42556;1350482;195;20170126;https://www.jardiland.com/animaux/chien/niches-couchage-et-transport/coussin-et-matelas/32226-coussin-plat-feria-fushia.html
32225-10618;1350462;195;20170126;https://www.jardiland.com/animaux/chien/niches-couchage-et-transport/coussin-et-matelas/32225-coussin-plat-feria-bleu.html
32227-59840;1362326;195;20170126;https://www.jardiland.com/animaux/chien/niches-couchage-et-transport/coussin-et-matelas/32227-coussin-ouate-dehoussable-graffiti-vert.html
82474-73315;1440173;195;20170126;https://www.jardiland.com/animaux/chien/niches-couchage-et-transport/corbeille/82474-corbeille-ouatinee-gris-pet-s-fashion.html
32215-22012;660314;195;20170126;https://www.jardiland.com/animaux/chien/niches-couchage-et-transport/corbeille/32215-corbeille-club-kilt.html
68980-68980;1463801;195;20170126;https://www.jardiland.com/animaux/chien/alimentation-et-friandises/boite-et-sachet-fraicheur/68980-wet-yorkshire-adult-85g.html
68979-68979;1463802;195;20170126;https://www.jardiland.com/animaux/chien/alimentation-et-friandises/boite-et-sachet-fraicheur/68979-wet-chihuahua-adult-85g.html
65030-65009;1485052;195;20170126;https://www.jardiland.com/animaux/chien/alimentation-et-friandises/biscuit/65030-petits-fourres-au-saumon-et-aux-algues-400-g.html
65030-64990;1485055;195;20170126;https://www.jardiland.com/animaux/chien/alimentation-et-friandises/biscuit/65030-petits-fourres-au-saumon-et-aux-algues-400-g.html
68820-68820;1438871;195;20170126;https://www.jardiland.com/animaux/chien/alimentation-et-friandises/biscuit/68820-pedigree-sa-recompense-bouchee-moel-130g.html
31990-6736;1209693;195;20170126;https://www.jardiland.com/animaux/chien/alimentation-et-friandises/os-a-macher/31990-os-presses.html
70618-70618;1390051;195;20170126;https://www.jardiland.com/animaux/chien/alimentation-et-friandises/friandise-bucco-dentaire/70618-greenies-regular-x6-mini-pack-170g.html
65029-65008;1485045;195;20170126;https://www.jardiland.com/animaux/chien/alimentation-et-friandises/biscuit/65029-friandises-macarons-pour-chiens.html
65029-65007;1485044;195;20170126;https://www.jardiland.com/animaux/chien/alimentation-et-friandises/biscuit/65029-friandises-macarons-pour-chiens.html
83505-79550;1486143;195;20170126;https://www.jardiland.com/animaux/chien/alimentation-et-friandises/os-a-macher/83505-feedeez-os-presse.html
82284-75390;1469342;195;20170126;https://www.jardiland.com/animaux/chien/alimentation-et-friandises/biscuit/82284-feedeez-oreilles-porc.html
82296-72254;1400954;195;20170126;https://www.jardiland.com/animaux/chien/alimentation-et-friandises/croquette-pour-chien/82296-canine-perfect-weight-adult-medium.html
67957-67957;1472314;195;20170126;https://www.jardiland.com/animaux/chien/alimentation-et-friandises/os-a-macher/67957-ava-os-noue-11cm-x2-1.html
81801-77889;640025;195;20170126;https://www.jardiland.com/amenagement-du-jardin/bassins-et-jardin-aquatique/materiel/81801-tuyau-annele.html
66609-66609;640094;195;20170126;https://www.jardiland.com/amenagement-du-jardin/bassins-et-jardin-aquatique/materiel/66609-pompe-elimax-4000-1.html
66610-66610;640093;195;20170126;https://www.jardiland.com/amenagement-du-jardin/bassins-et-jardin-aquatique/materiel/66610-pompe-elimax-2500-1.html
81802-78459;803070;195;20170126;https://www.jardiland.com/amenagement-du-jardin/bassins-et-jardin-aquatique/materiel/81802-epuisette-rectangulaire.html
70221-70221;1404546;195;20170126;https://www.jardiland.com/amenagement-du-jardin/loisirs-plein-air/jouets/70221-tracteur-jcb-avec-chargeur-frontal.html
70267-70267;1401101;195;20170126;https://www.jardiland.com/amenagement-du-jardin/loisirs-plein-air/jouets/70267-poule.html
65114-65114;978810;195;20170126;https://www.jardiland.com/amenagement-du-jardin/loisirs-plein-air/jouets/65114-la-force-des-elastiques.html
69398-69398;1427240;195;20170126;https://www.jardiland.com/amenagement-du-jardin/loisirs-plein-air/jouets/69398-grenouille-equatoriale-verte.html
71992-71992;1015945;195;20170126;https://www.jardiland.com/amenagement-du-jardin/carre-potager/71992-kit-carre-potager-4-piece121cm-composite.html
31283-11047;1360459;195;20170126;https://www.jardiland.com/amenagement-du-jardin/carre-potager/31283-carre-potager-mon-espace-potager.html
2159-2159;1360903;195;20170126;https://www.jardiland.com/amenagement-du-jardin/carre-potager/2159-carre-potager-en-noisetier.html
2697-2697;1397142;195;20170126;https://www.jardiland.com/amenagement-du-jardin/decorations/autres-decorations/2697-oiseau-sur-pique.html
66453-66453;573527;195;20170126;https://www.jardiland.com/amenagement-du-jardin/decorations/fontaines/66453-robinet-colvert.html
68910-68910;1434298;195;20170126;https://www.jardiland.com/amenagement-du-jardin/decorations/fontaines/68910-led-font-seau-zinc-robinet-met-d26x73cm.html
1462-1462;1302931;195;20170126;https://www.jardiland.com/amenagement-du-jardin/decorations/fontaines/1462-fontaine-contemporaine.html
66066-66066;807570;195;20170126;https://www.jardiland.com/amenagement-du-jardin/decorations/statues-et-figurines/66066-potence-pecheur-met-fer-vieilli.html
70327-70327;1397775;195;20170126;https://www.jardiland.com/amenagement-du-jardin/decorations/statues-et-figurines/70327-oiseau-h19-vert-clair.html
70325-70325;1397777;195;20170126;https://www.jardiland.com/amenagement-du-jardin/decorations/statues-et-figurines/70325-oiseau-h19-noir.html
1457-1457;1302651;195;20170126;https://www.jardiland.com/amenagement-du-jardin/decorations/statues-et-figurines/1457-iguane-decoratif-de-jardin-en-metal.html
70317-70317;1397785;195;20170126;https://www.jardiland.com/amenagement-du-jardin/decorations/statues-et-figurines/70317-elephant-h16-noir.html
2042-2042;1349587;195;20170126;https://www.jardiland.com/amenagement-du-jardin/pots-bacs-jardinieres-et-supports/tuteurs-et-supports-de-plante/tuteur/2042-topiaire-gabarit-canard.html
66636-66636;571882;195;20170126;https://www.jardiland.com/amenagement-du-jardin/pots-bacs-jardinieres-et-supports/tuteurs-et-supports-de-plante/pergola-arche-et-arceau/66636-poutre-systeme-55-cm.html
66572-66572;572057;195;20170126;https://www.jardiland.com/amenagement-du-jardin/pots-bacs-jardinieres-et-supports/tuteurs-et-supports-de-plante/pergola-arche-et-arceau/66572-poutre-rabotee-4-5x12x240-1.html
66496-66496;572816;195;20170126;https://www.jardiland.com/amenagement-du-jardin/pots-bacs-jardinieres-et-supports/tuteurs-et-supports-de-plante/tuteur/66496-fixation-murale-x2-1.html
66730-66730;567355;195;20170126;https://www.jardiland.com/amenagement-du-jardin/pots-bacs-jardinieres-et-supports/tuteurs-et-supports-de-plante/support-pour-pot-et-balconniere/66730-cremaillere.html
69181-69181;1432648;195;20170126;https://www.jardiland.com/amenagement-du-jardin/pots-bacs-jardinieres-et-supports/autres-pots-et-jardinieres/pot-et-jardiniere-en-pierre/69181-pot-terracotta-finition-antique-42x28cm.html
69387-69387;1428794;195;20170126;https://www.jardiland.com/amenagement-du-jardin/pots-bacs-jardinieres-et-supports/autres-pots-et-jardinieres/pot-et-jardiniere-en-pierre/69387-pot-rond-gris-32x21x32-cm.html
69391-69391;1428789;195;20170126;https://www.jardiland.com/amenagement-du-jardin/pots-bacs-jardinieres-et-supports/autres-pots-et-jardinieres/pot-et-jardiniere-en-pierre/69391-pot-rond-ciment-gris-clair-30x30-cm.html
71010-71010;1350639;195;20170126;https://www.jardiland.com/amenagement-du-jardin/pots-bacs-jardinieres-et-supports/autres-pots-et-jardinieres/pot-et-jardiniere-en-pierre/71010-jardiniere-paloma-j30-1.html
31484-13468;1404902;195;20170126;https://www.jardiland.com/amenagement-du-jardin/pots-bacs-jardinieres-et-supports/en-email/31484-vase-en-terre-cuite-croisette.html
40520-39196;645177;195;20170126;https://www.jardiland.com/amenagement-du-jardin/pots-bacs-jardinieres-et-supports/en-email/40520-vase-ceruse-anduze.html
31429-13452;1404874;195;20170126;https://www.jardiland.com/amenagement-du-jardin/pots-bacs-jardinieres-et-supports/en-email/31429-vase-a-rebord-en-email.html
66111-66111;801823;195;20170126;https://www.jardiland.com/amenagement-du-jardin/pots-bacs-jardinieres-et-supports/en-email/66111-soucoupe-r-rouge-kl-bord-emaille-12cm.html
31476-10771;1352422;195;20170126;https://www.jardiland.com/amenagement-du-jardin/pots-bacs-jardinieres-et-supports/en-email/31476-pot-en-email-elipse.html
69685-69685;1431111;195;20170126;https://www.jardiland.com/amenagement-du-jardin/pots-bacs-jardinieres-et-supports/en-email/69685-cuvier-mystery-assorti-20-h16cm.html
69684-69684;1431112;195;20170126;https://www.jardiland.com/amenagement-du-jardin/pots-bacs-jardinieres-et-supports/en-email/69684-cuvier-miytery-assorti-27-h24cm.html
69770-69770;1415397;195;20170126;https://www.jardiland.com/amenagement-du-jardin/pots-bacs-jardinieres-et-supports/en-fibre/69770-pot-oeuf-strie-noir-14-litres.html
66697-66697;568976;195;20170126;https://www.jardiland.com/amenagement-du-jardin/pots-bacs-jardinieres-et-supports/en-terre-cuite/66697-soucoupe-jardiniere-terre-de-soleil-l-40-1.html
65735-65735;904811;195;20170126;https://www.jardiland.com/amenagement-du-jardin/pots-bacs-jardinieres-et-supports/en-terre-cuite/65735-cuvier-tresse-40-cms-gris.html
48907-48802;1403131;195;20170126;https://www.jardiland.com/amenagement-du-jardin/pots-bacs-jardinieres-et-supports/en-plastique/48907-pot-modulable-tokyo-grosfillex-o-50-cm.html
31543-7583;1236668;195;20170126;https://www.jardiland.com/amenagement-du-jardin/pots-bacs-jardinieres-et-supports/en-plastique/31543-pot-cylindro-design-rotomoule.html
82758-75373;1469459;195;20170126;https://www.jardiland.com/amenagement-du-jardin/pots-bacs-jardinieres-et-supports/en-plastique/82758-jardiniere-romeo.html
82758-75370;1469457;195;20170126;https://www.jardiland.com/amenagement-du-jardin/pots-bacs-jardinieres-et-supports/en-plastique/82758-jardiniere-romeo.html
82758-75369;1469462;195;20170126;https://www.jardiland.com/amenagement-du-jardin/pots-bacs-jardinieres-et-supports/en-plastique/82758-jardiniere-romeo.html
48892-50332;1389739;195;20170126;https://www.jardiland.com/amenagement-du-jardin/pots-bacs-jardinieres-et-supports/en-plastique/48892-grande-jardiniere-vasija.html
67149-67149;571917;195;20170126;https://www.jardiland.com/amenagement-du-jardin/amenagement/dalles-galets-et-pas-japonais/galet-et-gravier/67149-dalle-jardin-50x50-cm.html
66093-66093;802713;195;20170126;https://www.jardiland.com/amenagement-du-jardin/amenagement/bordures/66093-bordure-alizee-49x14x9-1.html
66244-66244;720746;195;20170126;https://www.jardiland.com/amenagement-du-jardin/amenagement/clotures-et-palissades/66244-panneau-design-excellent-90-180x90cm.html
69283-69283;1430924;195;20170126;https://www.jardiland.com/amenagement-du-jardin/barbecues-cuisine-exterieur/autres/accessoires-de-barbecue/69283-spatule-inox-44-cm-manche-bois.html
71950-71950;1018757;195;20170126;https://www.jardiland.com/amenagement-du-jardin/barbecues-cuisine-exterieur/autres/accessoires-de-barbecue/71950-set-gourmet.html
69284-69284;1430923;195;20170126;https://www.jardiland.com/amenagement-du-jardin/barbecues-cuisine-exterieur/autres/accessoires-de-barbecue/69284-pince-inox-40-cm-manche-bois.html
69318-69318;1430509;195;20170126;https://www.jardiland.com/amenagement-du-jardin/barbecues-cuisine-exterieur/autres/accessoires-de-barbecue/69318-pierre-a-pizza-bk.html
69366-69366;1428944;195;20170126;https://www.jardiland.com/amenagement-du-jardin/barbecues-cuisine-exterieur/autres/accessoires-de-barbecue/69366-housse-pop-up-pour-plancha-60-1.html
69368-69368;1428941;195;20170126;https://www.jardiland.com/amenagement-du-jardin/barbecues-cuisine-exterieur/autres/accessoires-de-barbecue/69368-housse-pop-up-pour-plancha-45-1.html
70389-70389;1396481;195;20170126;https://www.jardiland.com/amenagement-du-jardin/barbecues-cuisine-exterieur/autres/accessoires-de-barbecue/70389-housse-luxe-pour-spirit-3-bruleurs.html
71006-71006;1350644;195;20170126;https://www.jardiland.com/amenagement-du-jardin/barbecues-cuisine-exterieur/autres/accessoires-de-barbecue/71006-detendeur-propane.html
69758-69758;1415673;195;20170126;https://www.jardiland.com/amenagement-du-jardin/barbecues-cuisine-exterieur/autres/accessoires-de-barbecue/69758-barbecue-cleaner.html
72116-72116;1002687;195;20170126;https://www.jardiland.com/amenagement-du-jardin/barbecues-cuisine-exterieur/a-gaz/72116-barbecue-a-gaz-ambri.html
31218-12765;1396475;195;20170126;https://www.jardiland.com/amenagement-du-jardin/barbecues-cuisine-exterieur/au-charbon/31218-barbecue-au-charbon-master-touch-gbs-57-cm.html
82054-74187;1350652;195;20170126;https://www.jardiland.com/amenagement-du-jardin/eclairage-et-chauffage-d-exterieur/bougies-d-exterieur/82054-lot-3-boules-papier-avec-3-led.html
70363-70363;1397149;195;20170126;https://www.jardiland.com/amenagement-du-jardin/eclairage-et-chauffage-d-exterieur/eclairage-solaire/70363-thermometre-led-sol-blanc-110cm-1l.html
70309-70309;1397870;195;20170126;https://www.jardiland.com/amenagement-du-jardin/eclairage-et-chauffage-d-exterieur/eclairage-solaire/70309-oiseau-solar-l8l6-5h12-marron.html
68911-68911;1434297;195;20170126;https://www.jardiland.com/amenagement-du-jardin/eclairage-et-chauffage-d-exterieur/eclairage-solaire/68911-led-solaire-animaux-2ass-p-ext.html
68920-68920;1434276;195;20170126;https://www.jardiland.com/amenagement-du-jardin/eclairage-et-chauffage-d-exterieur/eclairage-solaire/68920-guirlande-led-bocal-70cm-15l.html
66430-66430;605574;195;20170126;https://www.jardiland.com/amenagement-du-jardin/parasols-tonnelles-et-voiles-d-ombrage/parasols-et-accessoires/accessoires/66430-pic-de-parasol-dia-25-mm-blanc.html
82065-74185;1350545;195;20170126;https://www.jardiland.com/amenagement-du-jardin/parasols-tonnelles-et-voiles-d-ombrage/parasols-et-accessoires/parasol-en-metal/82065-parasol-de-balcon.html
82065-74174;1350546;195;20170126;https://www.jardiland.com/amenagement-du-jardin/parasols-tonnelles-et-voiles-d-ombrage/parasols-et-accessoires/parasol-en-metal/82065-parasol-de-balcon.html
31321-10646;1350700;195;20170126;https://www.jardiland.com/amenagement-du-jardin/mobilier-de-jardin/accessoires-coussins-et-entretien/coussin/31321-polochon.html
49971-49078;1430983;195;20170126;https://www.jardiland.com/amenagement-du-jardin/mobilier-de-jardin/accessoires-coussins-et-entretien/coussin/49971-mini-polochon-en-polyester-17-x-30-cm.html
65632-65632;915935;195;20170126;https://www.jardiland.com/amenagement-du-jardin/mobilier-de-jardin/accessoires-coussins-et-entretien/coussin/65632-coussin-carre-floc-40x40-bleu-ecru.html
48894-48823;566655;195;20170126;https://www.jardiland.com/amenagement-du-jardin/mobilier-de-jardin/salon-de-jardin/mobilier-pliant/48894-table-bistro.html
36694-36694;1432322;195;20170126;https://www.jardiland.com/amenagement-du-jardin/mobilier-de-jardin/salon-de-jardin/salon-en-metal/36694-salon-de-jardin-lotus-set-de-6-pieces.html
65950-65950;856335;195;20170126;https://www.jardiland.com/amenagement-du-jardin/mobilier-de-jardin/salon-de-jardin/salon-en-bois/65950-fauteuil-regisseur-laque-blanc.html
48402-48402;1316483;195;20170126;https://www.jardiland.com/jardinage/bricolage-droguerie/outillage/quincaillerie-et-fixation/48402-support-bloque-manche.html
41051-41051;1316480;195;20170126;https://www.jardiland.com/jardinage/bricolage-droguerie/outillage/quincaillerie-et-fixation/41051-support-bloc-manche.html
41056-41056;1377146;195;20170126;https://www.jardiland.com/jardinage/bricolage-droguerie/outillage/quincaillerie-et-fixation/41056-crochet-strandart-80-mm.html
41057-41057;1377147;195;20170126;https://www.jardiland.com/jardinage/bricolage-droguerie/outillage/quincaillerie-et-fixation/41057-crochet-standard-16-mm.html
41054-41054;1316488;195;20170126;https://www.jardiland.com/jardinage/bricolage-droguerie/outillage/quincaillerie-et-fixation/41054-crochet-porte-tuyau.html
70213-70213;1405298;195;20170126;https://www.jardiland.com/jardinage/semis-protections-et-accessoires-de-jardinage/tuteurs-ficelles-et-accessoires/tuteur/70213-tueur-deco-d-60-80-x-300-cm.html
68149-68149;1466871;195;20170126;https://www.jardiland.com/jardinage/semis-protections-et-accessoires-de-jardinage/voiles-d-hivernage-et-protections/accessoires-de-plasticulture/68149-12-clips-de-fixation.html
66444-66444;574550;195;20170126;https://www.jardiland.com/jardinage/arrosage/arrosage-goutte-a-goutte/66444-tuyau-aqua-gout-13x16-50m-noir.html
5885-5885;981745;195;20170126;https://www.jardiland.com/jardinage/arrosage/arrosage-goutte-a-goutte/5885-derivation-en-t-13-mm-x3-1.html
1786-1786;1315212;195;20170126;https://www.jardiland.com/jardinage/arrosage/tuyaux-devidoirs-lances-et-pistolets/pistolet/1786-pistolet-multi-jets.html
68214-68214;1485718;195;20170126;https://www.jardiland.com/jardinage/arrosage/tuyaux-devidoirs-lances-et-pistolets/arrosage-de-vacances/68214-arroseur-autonome-hidroplant-x2-1.html
2795-2795;1398542;195;20170126;https://www.jardiland.com/jardinage/outils-et-materiel-du-jardinier/grands-outils-de-jardin/bechee-louchet-et-pelle/2795-beche-forgee.html
68724-68724;1442657;195;20170127;https://www.jardiland.com/jardinage/entretien-et-traitements/traitements-des-plantes-et-lutte-bio/autres-traitements/68724-blanc-arboricole-liquide-3l-uab.html
65782-65782;877389;195;20170127;https://www.jardiland.com/jardinage/entretien-et-traitements/traitements-des-plantes-et-lutte-bio/lutte-contre-les-maladies/65782-anti-pourritures-8x1-25g.html
81417-72788;1379416;195;20170127;https://www.jardiland.com/jardinage/entretien-et-traitements/desherbants/autres-desherbants/81417-devitalisant-de-souches.html
82724-74482;1312758;195;20170127;https://www.jardiland.com/jardinage/entretien-et-traitements/desherbants/desherbant-total/82724-desherbant-radicalr.html
82678-72902;1444428;195;20170127;https://www.jardiland.com/jardinage/entretien-et-traitements/engrais/engrais-pour-gazon/82678-engrais-gazon.html
68726-68726;1442647;195;20170127;https://www.jardiland.com/jardinage/entretien-et-traitements/anti-nuisibles-pieges-et-repulsifs/lutte-contre-les-rats-souris-taupes-et-rongeurs/68726-rat-souris-cereale-decortiquee-200g.html
8565-8565;1280008;195;20170127;https://www.jardiland.com/plantes/plantes-artificielles/plantes-artificielles/tige-fleurie/8565-caryopteris-sterling-silver-lissilv.html
35589-72927;1448832;195;20170127;https://www.jardiland.com/plantes/plantes-d-interieur/bonsais/ficus/35589-ficus-ginseng.html
84381-74026;1343479;195;20170127;https://www.jardiland.com/plantes/plantes-d-interieur/cactus-et-plantes-grasses/euphorbe/84381-euphorbia-lactea.html
35624-29803;955888;195;20170127;https://www.jardiland.com/plantes/plantes-d-interieur/cactus-et-plantes-grasses/crassula/35624-crassula-minor.html
81864-74208;1352146;195;20170127;https://www.jardiland.com/plantes/plantes-d-interieur/cactus-et-plantes-grasses/cactees-en-composition/81864-compos-int-cactee-900196-1.html
36077-27982;885620;195;20170127;https://www.jardiland.com/plantes/plantes-d-interieur/plantes-vertes/philodendron-monstera/36077-philodendron-xanadu.html
84832-76110;1475364;195;20170127;https://www.jardiland.com/plantes/plantes-d-interieur/plantes-vertes/fittonia/84832-fittonia-pink-star.html
35875-28072;892700;195;20170127;https://www.jardiland.com/plantes/plantes-d-interieur/plantes-vertes/autres-plantes-vertes/35875-fatsia-japonica-mini-plante.html
35852-77873;633294;195;20170127;https://www.jardiland.com/plantes/plantes-d-interieur/plantes-vertes/aralia-dizygotheca-fatsia/35852-fatsia-japonica.html
35872-13844;1416984;195;20170127;https://www.jardiland.com/plantes/plantes-d-interieur/plantes-vertes/autres-plantes-vertes/35872-coffea-arabica.html
83571-78970;1488150;195;20170127;https://www.jardiland.com/plantes/plantes-d-interieur/plantes-fleuries/bromeliacees/83571-tillandsia-antonio.html
84721-80024;632146;195;20170127;https://www.jardiland.com/plantes/plantes-d-interieur/plantes-fleuries/epiphyllum-schlumbergera-rhipsalis/84721-schlumbergera.html
84902-77782;642867;195;20170127;https://www.jardiland.com/plantes/plantes-d-interieur/plantes-fleuries/epiphyllum-schlumbergera-rhipsalis/84902-rhipsalis.html
82477-75896;1475799;195;20170127;https://www.jardiland.com/plantes/plantes-d-interieur/plantes-fleuries/autres-plantes-fleuries-d-interieur/82477-mini-plantes-fleuries.html
84696-77877;633835;195;20170127;https://www.jardiland.com/plantes/plantes-d-interieur/plantes-fleuries/kalanchoe/84696-kalanchoe-calandivar-a-fleurs-doubles.html
83758-73949;1018420;195;20170127;https://www.jardiland.com/plantes/plantes-d-interieur/plantes-fleuries/autres-plantes-fleuries-d-interieur/83758-hoya-kerii.html
84652-72473;1435243;195;20170127;https://www.jardiland.com/plantes/plantes-d-interieur/plantes-fleuries/begonia/84652-begonia.html
35752-39656;803830;195;20170127;https://www.jardiland.com/plantes/plantes-d-interieur/plantes-fleuries/azalee/35752-azalee-d-interieur.html
36887-36887;656537;195;20170127;https://www.jardiland.com/plantes/graines-et-gazon/gazon-et-prairies-fleuries/gazon-rustique/36887-gazon-rustique-5-kg.html
1573-1573;1308372;195;20170127;https://www.jardiland.com/plantes/graines-et-gazon/graines-ludiques-et-kits/kits-pour-enfants/1573-sachet-decoupe-tournesol-sunspot.html
68696-68696;1444790;195;20170127;https://www.jardiland.com/plantes/graines-et-gazon/graines-de-fleurs/fleurs-annuelles/68696-zinnia-pop-art-rg-blc-vl-fls3-1.html
53783-53783;1311019;195;20170127;https://www.jardiland.com/plantes/graines-et-gazon/graines-de-fleurs/fleurs-annuelles/53783-nielle-des-bles.html
53874-53874;1016383;195;20170127;https://www.jardiland.com/plantes/graines-et-gazon/graines-potageres-et-aromatiques/autres-graines-aromatiques/53874-thym-de-provence.html
826-826;1251904;195;20170127;https://www.jardiland.com/plantes/graines-et-gazon/graines-potageres-et-aromatiques/autres-graines-potageres/826-mon-premier-potager-en-carre.html
53813-53813;1254533;195;20170127;https://www.jardiland.com/plantes/graines-et-gazon/graines-potageres-et-aromatiques/salades/53813-laitue-batavia-splendor.html
56831-56831;1016439;195;20170127;https://www.jardiland.com/plantes/graines-et-gazon/graines-potageres-et-aromatiques/courges-melons/56831-courge-musquee-de-provence-bio.html
5186-5186;933858;195;20170127;https://www.jardiland.com/plantes/graines-et-gazon/graines-potageres-et-aromatiques/choux/5186-chou-cabus-coeur-de-boeuf-des-vertus-bio.html
3822-3822;564066;195;20170127;https://www.jardiland.com/plantes/graines-et-gazon/graines-potageres-et-aromatiques/radis-navets-carottes-et-autres-racines/3822-carotte-primo-hybride-f1-1.html
53851-53851;1016430;195;20170127;https://www.jardiland.com/plantes/graines-et-gazon/graines-potageres-et-aromatiques/radis-navets-carottes-et-autres-racines/53851-betterave-de-detroit-bio.html
67036-67036;1497215;195;20170127;https://www.jardiland.com/plantes/bulbes-et-pommes-de-terre/bulbes-potagers-oignons-ail/oignon/67036-oignon-white-ebenezer-14-21-filet-250-g.html
67017-67017;1497730;195;20170127;https://www.jardiland.com/plantes/bulbes-et-pommes-de-terre/bulbes-potagers-oignons-ail/oignon/67017-oignon-red-baron-14-21-filet-250-g.html
67037-67037;1497185;195;20170127;https://www.jardiland.com/plantes/bulbes-et-pommes-de-terre/bulbes-potagers-oignons-ail/echalote/67037-echalote-mikor-15-40-filet-250-g-clisson.html
67064-67064;1496721;195;20170127;https://www.jardiland.com/plantes/bulbes-et-pommes-de-terre/bulbes-potagers-oignons-ail/echalote/67064-echalote-longor-clisson.html
67014-67014;1497785;195;20170127;https://www.jardiland.com/plantes/bulbes-et-pommes-de-terre/pommes-de-terre-et-tubercules/pommes-de-terre/67014-pdt-preco-sirtema-28-35-poch-25pl-clisso.html
67166-67166;1497775;195;20170127;https://www.jardiland.com/plantes/bulbes-et-pommes-de-terre/pommes-de-terre-et-tubercules/pommes-de-terre/67166-pdt-preco-rosabelle-25-35-poch-25pl-clis.html
67049-67049;1497015;195;20170127;https://www.jardiland.com/plantes/bulbes-et-pommes-de-terre/pommes-de-terre-et-tubercules/pommes-de-terre/67049-pdt-preco-cherie-25-32-verbag-1-5kg-clis.html
67048-67048;1497026;195;20170127;https://www.jardiland.com/plantes/bulbes-et-pommes-de-terre/pommes-de-terre-et-tubercules/pommes-de-terre/67048-pdt-preco-cherie-25-32-poch-25pl-clisson.html
67042-67042;1497100;195;20170127;https://www.jardiland.com/plantes/bulbes-et-pommes-de-terre/pommes-de-terre-et-tubercules/pommes-de-terre/67042-pdt-preco-b-de-fontenay-25-32-1-5kg.html
67050-67050;1496970;195;20170127;https://www.jardiland.com/plantes/bulbes-et-pommes-de-terre/pommes-de-terre-et-tubercules/pommes-de-terre/67050-pdt-preco-anais-clisson.html
67053-67053;1496943;195;20170127;https://www.jardiland.com/plantes/bulbes-et-pommes-de-terre/pommes-de-terre-et-tubercules/pommes-de-terre/67053-pdt-preco-amandine-25-32-verbag-1-5kg-cl.html
67052-67052;1496957;195;20170127;https://www.jardiland.com/plantes/bulbes-et-pommes-de-terre/pommes-de-terre-et-tubercules/pommes-de-terre/67052-pdt-preco-amandine-25-32-poch-25pl-cliss.html
67015-67015;1497779;195;20170127;https://www.jardiland.com/plantes/bulbes-et-pommes-de-terre/pommes-de-terre-et-tubercules/pommes-de-terre/67015-pdt-mi-tardive-roseval-25-32-poch-25pl.html
67167-67167;1497773;195;20170127;https://www.jardiland.com/plantes/bulbes-et-pommes-de-terre/pommes-de-terre-et-tubercules/pommes-de-terre/67167-pdt-mi-tardive-pompadour-25-32-poch-25pl.html
67023-67023;1497435;195;20170127;https://www.jardiland.com/plantes/bulbes-et-pommes-de-terre/pommes-de-terre-et-tubercules/pommes-de-terre/67023-pdt-mi-tardive-desiree-28-35-verb-1-5kg.html
67013-67013;1497786;195;20170127;https://www.jardiland.com/plantes/bulbes-et-pommes-de-terre/pommes-de-terre-et-tubercules/pommes-de-terre/67013-pdt-mi-preco-spunta-25-35-poch-25pl.html
67033-67033;1497272;195;20170127;https://www.jardiland.com/plantes/bulbes-et-pommes-de-terre/pommes-de-terre-et-tubercules/pommes-de-terre/67033-pdt-mi-preco-samba-25-35-verbag-1-5kg-cl.html
67029-67029;1497343;195;20170127;https://www.jardiland.com/plantes/bulbes-et-pommes-de-terre/pommes-de-terre-et-tubercules/pommes-de-terre/67029-pdt-mi-preco-ratte-25-32-verbag-1-5kg-cl.html
67016-67016;1497761;195;20170127;https://www.jardiland.com/plantes/bulbes-et-pommes-de-terre/pommes-de-terre-et-tubercules/pommes-de-terre/67016-pdt-mi-preco-ratte-25-32-poch-25pl-cliss.html
67025-67025;1497393;195;20170127;https://www.jardiland.com/plantes/bulbes-et-pommes-de-terre/pommes-de-terre-et-tubercules/pommes-de-terre/67025-pdt-mi-preco-monalisa-28-35-verbag-1-5kg.html
67168-67168;1497771;195;20170127;https://www.jardiland.com/plantes/bulbes-et-pommes-de-terre/pommes-de-terre-et-tubercules/pommes-de-terre/67168-pdt-mi-preco-monalisa-28-35-poch-25pl-cl.html
67056-67056;1496904;195;20170127;https://www.jardiland.com/plantes/bulbes-et-pommes-de-terre/pommes-de-terre-et-tubercules/pommes-de-terre/67056-pdt-mi-preco-charlotte-25-32-verb-1-5kg.html
67021-67021;1497697;195;20170127;https://www.jardiland.com/plantes/bulbes-et-pommes-de-terre/pommes-de-terre-et-tubercules/pommes-de-terre/67021-pdt-mi-preco-charlotte-25-32-poch-25pl-c.html
67046-67046;1497068;195;20170127;https://www.jardiland.com/plantes/bulbes-et-pommes-de-terre/pommes-de-terre-et-tubercules/pommes-de-terre/67046-pdt-mi-preco-bintje-28-35-verbag-1-5kg-c.html
67038-67038;1497157;195;20170127;https://www.jardiland.com/plantes/bulbes-et-pommes-de-terre/pommes-de-terre-et-tubercules/pommes-de-terre/67038-pdt-mi-preco-bintje-28-35-poch-25pl-clis.html
34515-14040;1439244;195;20170127;https://www.jardiland.com/plantes/potager-et-verger/fruitiers/citronnier/34515-lime-rouge-osbeck.html
34522-29781;955201;195;20170127;https://www.jardiland.com/plantes/potager-et-verger/fruitiers/kumquat/34522-kumquat.html
36419-59785;1420404;195;20170127;https://www.jardiland.com/plantes/potager-et-verger/fruitiers/figuier/36419-figuier.html
41983-12892;1398971;195;20170127;https://www.jardiland.com/plantes/potager-et-verger/fruitiers/amandier/41983-amandier-sultane.html
36492-7930;1250289;195;20170127;https://www.jardiland.com/plantes/potager-et-verger/fruitiers/kiwi/36492-actinidia-deliciosa-hayward.html
36485-9400;1305295;195;20170127;https://www.jardiland.com/plantes/potager-et-verger/fruitiers/kiwai/36485-actinidia-arguta-weiki-kiwai.html
34035-14414;1439490;195;20170127;https://www.jardiland.com/plantes/arbres-et-arbustes-d-ornement/coniferes/sapin/34035-sapin-de-coree-brillant.html
33942-14706;1444671;195;20170127;https://www.jardiland.com/plantes/arbres-et-arbustes-d-ornement/coniferes/cypres/33942-cupressus-sempervirens.html
33914-56194;826394;195;20170127;https://www.jardiland.com/plantes/arbres-et-arbustes-d-ornement/coniferes/chamaecyparis/33914-chamaecyparis-obtusa-nana-gracilis.html
33863-8808;1285762;195;20170127;https://www.jardiland.com/plantes/arbres-et-arbustes-d-ornement/buis-et-topiaires/hibiscus-en-topiaire/33863-hibiscus-syriacus-resi.html
33847-21399;647566;195;20170127;https://www.jardiland.com/plantes/arbres-et-arbustes-d-ornement/buis-et-topiaires/buis/33847-buis-commun.html
34468-8108;1255529;195;20170127;https://www.jardiland.com/plantes/arbres-et-arbustes-d-ornement/plantes-grimpantes/lierre/34468-lierre-commun.html
81900-77103;1458058;195;20170127;https://www.jardiland.com/plantes/arbres-et-arbustes-d-ornement/plantes-grimpantes/jasmin/81900-jasminum-of-argenteovariegatum.html
34349-11414;1367764;195;20170127;https://www.jardiland.com/plantes/arbres-et-arbustes-d-ornement/plantes-grimpantes/bignone/34349-bignone-mme-galen.html
41795-75463;1479895;195;20170127;https://www.jardiland.com/plantes/arbres-et-arbustes-d-ornement/rosiers/rosiers-buissons/41795-rosier-rhapsody-in-bluer-frantasia-paysager.html
41867-75499;1480259;195;20170127;https://www.jardiland.com/plantes/arbres-et-arbustes-d-ornement/rosiers/rosiers-grimpants/41867-rosier-palais-royalr-meiviowit-grandes-fleurs.html
81183-75425;1480116;195;20170127;https://www.jardiland.com/plantes/arbres-et-arbustes-d-ornement/rosiers/rosiers-grimpants/81183-rosier-la-vanoise-parc-nationalr-kohokhel-grimpant-a-grandes-fleurs.html
41816-44072;608833;195;20170127;https://www.jardiland.com/plantes/arbres-et-arbustes-d-ornement/rosiers/rosiers-couvre-sols/41816-rosa-rugosa-rubra.html
81276-75809;1481265;195;20170127;https://www.jardiland.com/plantes/arbres-et-arbustes-d-ornement/rosiers/rosiers-grimpants/81276-ros-g-f-edith-piaf-r.html
34275-55208;595757;195;20170127;https://www.jardiland.com/plantes/arbres-et-arbustes-d-ornement/plantes-de-terre-de-bruyere/pieris/34275-pieris-japonica-bonfire.html
34245-6375;1010756;195;20170127;https://www.jardiland.com/plantes/arbres-et-arbustes-d-ornement/plantes-de-terre-de-bruyere/magnolia/34245-magnolia-grandiflora-galissonniere.html
81983-79050;1487812;195;20170127;https://www.jardiland.com/plantes/arbres-et-arbustes-d-ornement/plantes-de-terre-de-bruyere/magnolia/81983-magnolia-black-tulip.html
41578-17769;591645;195;20170127;https://www.jardiland.com/plantes/arbres-et-arbustes-d-ornement/plantes-de-terre-de-bruyere/leucothoe/41578-leucothoe-scarletta-zeblid.html
81797-74676;1471047;195;20170127;https://www.jardiland.com/plantes/arbres-et-arbustes-d-ornement/plantes-de-terre-de-bruyere/hortensia/81797-hydrangea-panic-prim-white.html
34185-60919;589142;195;20170127;https://www.jardiland.com/plantes/arbres-et-arbustes-d-ornement/plantes-de-terre-de-bruyere/hortensia/34185-hortensia-blaumeise-teller-blue.html
41567-29046;939531;195;20170127;https://www.jardiland.com/plantes/arbres-et-arbustes-d-ornement/plantes-de-terre-de-bruyere/erable-du-japon/41567-erable-du-japon.html
82471-79231;1488796;195;20170127;https://www.jardiland.com/plantes/arbres-et-arbustes-d-ornement/plantes-de-terre-de-bruyere/camelia/82471-camellia-jap-curly-lady-r.html
34097-8633;1281748;195;20170127;https://www.jardiland.com/plantes/arbres-et-arbustes-d-ornement/plantes-de-terre-de-bruyere/camelia/34097-camelia-transnokoensis.html
41566-29179;929689;195;20170127;https://www.jardiland.com/plantes/arbres-et-arbustes-d-ornement/plantes-de-terre-de-bruyere/camelia/41566-camelia.html
34831-19476;602626;195;20170127;https://www.jardiland.com/plantes/arbres-et-arbustes-d-ornement/plantes-mediterraneennes/palmiers/34831-yucca-flaccida-golden-sword.html
34551-75647;1479474;195;20170127;https://www.jardiland.com/plantes/arbres-et-arbustes-d-ornement/plantes-mediterraneennes/autres-plantes-mediterraneennes/34551-pittosporum-tenuifollium-golf-ball.html
34686-25446;819128;195;20170127;https://www.jardiland.com/plantes/arbres-et-arbustes-d-ornement/plantes-mediterraneennes/autres-plantes-mediterraneennes/34686-phillyrea-angustifolia.html
82261-73094;1454464;195;20170127;https://www.jardiland.com/plantes/arbres-et-arbustes-d-ornement/plantes-mediterraneennes/autres-plantes-mediterraneennes/82261-jasmin-du-cap-kleim-s-hardy.html
81957-77293;1459709;195;20170127;https://www.jardiland.com/plantes/arbres-et-arbustes-d-ornement/plantes-mediterraneennes/palmiers/81957-chamaerops-excelsa.html
33644-24522;750587;195;20170127;https://www.jardiland.com/plantes/arbres-et-arbustes-d-ornement/arbres-et-arbustes/savonnier/33644-savonnier.html
33640-23135;696353;195;20170127;https://www.jardiland.com/plantes/arbres-et-arbustes-d-ornement/arbres-et-arbustes/saule/33640-saule-marsault-pleureur-pendula-kilmarnock.html
33688-25895;833454;195;20170127;https://www.jardiland.com/plantes/arbres-et-arbustes-d-ornement/arbres-et-arbustes/sureau/33688-sambucus-nigra-aurea.html
33606-18845;598210;195;20170127;https://www.jardiland.com/plantes/arbres-et-arbustes-d-ornement/arbres-et-arbustes/pyracantha/33606-pyracantha-saphyr-rouger-cadrou.html
33358-18712;597844;195;20170127;https://www.jardiland.com/plantes/arbres-et-arbustes-d-ornement/arbres-et-arbustes/laurier-palme/33358-prunus-laurocerasus-rotundifolia.html
33512-18103;595144;195;20170127;https://www.jardiland.com/plantes/arbres-et-arbustes-d-ornement/arbres-et-arbustes/photinia/33512-photinia-x-fraseri-red-select.html
33505-23702;720291;195;20170127;https://www.jardiland.com/plantes/arbres-et-arbustes-d-ornement/arbres-et-arbustes/perovskia/33505-perovskia-blue-spire.html
33356-45705;718142;195;20170127;https://www.jardiland.com/plantes/arbres-et-arbustes-d-ornement/arbres-et-arbustes/kolkwitzia/33356-kolkwitzia-amabilis-pink-cloud.html
33357-25679;824848;195;20170127;https://www.jardiland.com/plantes/arbres-et-arbustes-d-ornement/arbres-et-arbustes/kolkwitzia/33357-kolkwitzia-amabilis.html
83565-79269;1499236;195;20170127;https://www.jardiland.com/plantes/arbres-et-arbustes-d-ornement/arbres-et-arbustes/houx/83565-ilex-maximo.html
33291-17225;588133;195;20170127;https://www.jardiland.com/plantes/arbres-et-arbustes-d-ornement/arbres-et-arbustes/genet/33291-genet-d-espagne.html
33190-21399;647566;195;20170127;https://www.jardiland.com/plantes/arbres-et-arbustes-d-ornement/arbres-et-arbustes/erable/33190-erable-champetre.html
33171-55997;1406874;195;20170127;https://www.jardiland.com/plantes/arbres-et-arbustes-d-ornement/arbres-et-arbustes/elaeagnus/33171-eleagnus-ebbingei-viveleg-r.html
33174-16985;587053;195;20170127;https://www.jardiland.com/plantes/arbres-et-arbustes-d-ornement/arbres-et-arbustes/elaeagnus/33174-elaeagnus-pungens-maculata.html
33142-16733;586078;195;20170127;https://www.jardiland.com/plantes/arbres-et-arbustes-d-ornement/arbres-et-arbustes/cotoneaster/33142-cotoneaster-dammeri.html
33130-59927;1499835;195;20170127;https://www.jardiland.com/plantes/arbres-et-arbustes-d-ornement/arbres-et-arbustes/cornouiller/33130-cornouiller-du-japon.html
33067-16350;583123;195;20170127;https://www.jardiland.com/plantes/arbres-et-arbustes-d-ornement/arbres-et-arbustes/ceanothe/33067-ceanothus-x-delilianus-gloire-de-versailles.html
33074-16382;583325;195;20170127;https://www.jardiland.com/plantes/arbres-et-arbustes-d-ornement/arbres-et-arbustes/ceanothe/33074-ceanothe-rampant.html
43394-43209;913263;195;20170127;https://www.jardiland.com/plantes/arbres-et-arbustes-d-ornement/arbres-et-arbustes/ceanothe/43394-ceanothe.html
33051-27638;877447;195;20170127;https://www.jardiland.com/plantes/arbres-et-arbustes-d-ornement/arbres-et-arbustes/caryopteris/33051-caryopteris-heavenly-blue.html
33051-15851;582971;195;20170127;https://www.jardiland.com/plantes/arbres-et-arbustes-d-ornement/arbres-et-arbustes/caryopteris/33051-caryopteris-heavenly-blue.html
82507-75922;1475715;195;20170127;https://www.jardiland.com/plantes/arbres-et-arbustes-d-ornement/arbres-et-arbustes/buddleia/82507-buddleja-davidii-white-chip.html
32941-22968;693424;195;20170127;https://www.jardiland.com/plantes/arbres-et-arbustes-d-ornement/arbres-et-arbustes/arbre-a-perruques/32941-arbre-a-perruque-grace.html
