ID_WEB;ID_JDN;CODEMAG;DATE_ASPI;URLPRODUIT
68185-68185;1463873;176;20170123;https://www.jardiland.com/maison-deco/epicerie-fine/epicerie-sucree/miel-et-derive/68185-tartinable-190g.html
68893-68893;1436117;176;20170123;https://www.jardiland.com/maison-deco/epicerie-fine/epicerie-sucree/confiserie/68893-sucre-d-orge-28g-framboise-seau-de-96-1.html
68186-68186;1463870;176;20170123;https://www.jardiland.com/maison-deco/epicerie-fine/epicerie-sucree/confiserie/68186-sucette-ronde-noel-panache-25g.html
48400-48400;1321381;176;20170123;https://www.jardiland.com/maison-deco/art-de-la-table/conserves-et-bocaux/congelation/48400-sacs-sous-vide-gauffres-20-x-30-x-50-cm.html
5793-5793;970819;176;20170123;https://www.jardiland.com/maison-deco/art-de-la-table/conserves-et-bocaux/accessoires/5793-moulin-a-coulis.html
69678-69678;1432050;176;20170123;https://www.jardiland.com/maison-deco/art-de-la-table/linge-de-table/set-de-table/69678-set-de-table-vert-33x48cm.html
69680-69680;1432048;176;20170123;https://www.jardiland.com/maison-deco/art-de-la-table/linge-de-table/chemin-de-table/69680-chemin-de-table-vert-40x140cm.html
69664-69664;1432064;176;20170123;https://www.jardiland.com/maison-deco/art-de-la-table/linge-de-table/chemin-de-table/69664-chemin-de-table-uni-vert-40x140cm.html
1904-1904;1327059;176;20170123;https://www.jardiland.com/maison-deco/art-de-la-table/vaisselle/vaisselle-decoree/1904-petite-assiette-en-verre-o-15-cm.html
68635-68635;1454293;176;20170123;https://www.jardiland.com/maison-deco/art-de-la-table/vaisselle/tasse-bol-et-mug/68635-bol-piko-d14cm-vert.html
2197-2197;1397387;176;20170123;https://www.jardiland.com/maison-deco/cache-pot-d-interieur/a-reserve-d-eau/autres-pots/2197-set-d-assemblage-cascadino.html
32872-7514;1232448;176;20170123;https://www.jardiland.com/maison-deco/cache-pot-d-interieur/cache-pot-simple/ceramique/32872-pot-pour-orchidee-alabaster.html
46600-46600;1424433;176;20170123;https://www.jardiland.com/maison-deco/cache-pot-d-interieur/cache-pot-simple/ceramique/46600-cache-pot-anthracite-3-l.html
72058-72058;1010768;176;20170123;https://www.jardiland.com/maison-deco/librairie-papeterie/librairie/livre-jardin/72058-orchidees-mini.html
70741-70741;1368166;176;20170123;https://www.jardiland.com/maison-deco/librairie-papeterie/librairie/livre-jardin/70741-manuel-pratique-du-petit-jardin.html
68184-68184;1464101;176;20170123;https://www.jardiland.com/maison-deco/librairie-papeterie/librairie/livre-jardin/68184-jardinez-avec-la-lune-2017-1.html
65984-65984;992124;176;20170123;https://www.jardiland.com/maison-deco/librairie-papeterie/librairie/livre-jardin/65984-desherber-jardins-et-allees-2e-ed.html
65070-65070;995524;176;20170123;https://www.jardiland.com/maison-deco/librairie-papeterie/papeterie/carte/65070-carte-double-system-cards-3-1.html
65071-65071;995523;176;20170123;https://www.jardiland.com/maison-deco/librairie-papeterie/papeterie/carte/65071-carte-double-system-cards-2-1.html
65072-65072;995522;176;20170123;https://www.jardiland.com/maison-deco/librairie-papeterie/papeterie/carte/65072-carte-double-system-cards-1-1.html
69107-69107;1433106;176;20170123;https://www.jardiland.com/maison-deco/objets-de-decoration/autres-objets-de-decoration/autres-objets-de-decoration/69107-pomme-fibre-orange-d-20-h-22-cm.html
69108-69108;1433105;176;20170123;https://www.jardiland.com/maison-deco/objets-de-decoration/autres-objets-de-decoration/autres-objets-de-decoration/69108-pomme-fibre-orange-d-25-5-h-27-cm.html
69106-69106;1433107;176;20170123;https://www.jardiland.com/maison-deco/objets-de-decoration/autres-objets-de-decoration/autres-objets-de-decoration/69106-pomme-fibre-orange-d-15-h-17-cm.html
3279-3279;1410289;176;20170123;https://www.jardiland.com/maison-deco/objets-de-decoration/autres-objets-de-decoration/autres-objets-de-decoration/3279-photophore-boule-en-verre-etoile-o-14-cm.html
3296-3296;1410314;176;20170123;https://www.jardiland.com/maison-deco/objets-de-decoration/autres-objets-de-decoration/plateau-et-serviteur/3296-etagere-a-gateau-felina-ha-48-cm.html
70982-70982;1351379;176;20170123;https://www.jardiland.com/maison-deco/objets-de-decoration/autres-objets-de-decoration/autres-objets-de-decoration/70982-dist-serv-duman-service-orange.html
70840-70840;1355402;176;20170123;https://www.jardiland.com/maison-deco/objets-de-decoration/autres-objets-de-decoration/autres-objets-de-decoration/70840-decoration-en-sisal-50gram-jaune.html
71674-71674;1242988;176;20170123;https://www.jardiland.com/maison-deco/objets-de-decoration/figurines-et-peluches/figurine/71674-poussins-dans-nid-4ass-jaune-d8cm.html
69233-69233;1432087;176;20170123;https://www.jardiland.com/maison-deco/objets-de-decoration/figurines-et-peluches/figurine/69233-oiseau-fil-tisse-20x8x12cm.html
69667-69667;1432061;176;20170123;https://www.jardiland.com/maison-deco/objets-de-decoration/coussins-et-plaids/plaid/69667-serviette-de-bain-vert-100x150cm.html
69666-69666;1432062;176;20170123;https://www.jardiland.com/maison-deco/objets-de-decoration/coussins-et-plaids/plaid/69666-serviette-de-bain-taupe-100x150cm.html
69669-69669;1432059;176;20170123;https://www.jardiland.com/maison-deco/objets-de-decoration/coussins-et-plaids/plaid/69669-serviette-de-bain-orange-100x150cm.html
69668-69668;1432060;176;20170123;https://www.jardiland.com/maison-deco/objets-de-decoration/coussins-et-plaids/plaid/69668-serviette-de-bain-gris-100x150cm.html
58529-58529;1453878;176;20170123;https://www.jardiland.com/maison-deco/objets-de-decoration/coussins-et-plaids/plaid/58529-plaid-motif-ecossais.html
1819-1819;1385244;176;20170123;https://www.jardiland.com/maison-deco/objets-de-decoration/coussins-et-plaids/plaid/1819-plaid-creme.html
1928-1928;1330509;176;20170123;https://www.jardiland.com/maison-deco/objets-de-decoration/coussins-et-plaids/plaid/1928-plaid-blanc.html
1929-1929;1330803;176;20170123;https://www.jardiland.com/maison-deco/objets-de-decoration/coussins-et-plaids/coussin/1929-coussin-blanc.html
71159-71159;1336442;176;20170123;https://www.jardiland.com/maison-deco/objets-de-decoration/plantes-artificielles/tige-fleurie/71159-rose-bresil-xl-55cm-blanc-prix-piece.html
65774-65774;879887;176;20170123;https://www.jardiland.com/maison-deco/objets-de-decoration/plantes-artificielles/funeraire/65774-primevere-piquet.html
71340-71340;1303453;176;20170123;https://www.jardiland.com/maison-deco/objets-de-decoration/plantes-artificielles/bouquet-et-composition/71340-pivoine-bouquet-x3-fuchsia-26cm.html
1223-1223;1297822;176;20170123;https://www.jardiland.com/maison-deco/objets-de-decoration/plantes-artificielles/plante-et-fleur/1223-mini-buis-taille-artificiel.html
71550-71550;1274838;176;20170123;https://www.jardiland.com/maison-deco/objets-de-decoration/plantes-artificielles/plante-et-fleur/71550-fougere-boston-vert-22-feuilles-53cm.html
69019-69019;1434032;176;20170123;https://www.jardiland.com/maison-deco/objets-de-decoration/plantes-artificielles/plante-et-fleur/69019-buis-boule-d40cm.html
69021-69021;1434030;176;20170123;https://www.jardiland.com/maison-deco/objets-de-decoration/plantes-artificielles/plante-et-fleur/69021-buis-boule-d20cm.html
71914-71914;1218158;176;20170123;https://www.jardiland.com/maison-deco/objets-de-decoration/plantes-artificielles/plante-et-fleur/71914-boule-herbe-d22cm.html
70666-70666;1382985;176;20170123;https://www.jardiland.com/maison-deco/objets-de-decoration/plantes-artificielles/tige-fleurie/70666-bambou-180cm.html
70776-70776;1365417;176;20170123;https://www.jardiland.com/maison-deco/objets-de-decoration/vases-coupes-et-accessoires/accessoires-de-composition-florale/70776-hobby-brique-seche.html
68719-68719;1443385;176;20170123;https://www.jardiland.com/maison-deco/objets-de-decoration/bougies-et-senteurs/parfum-d-ambiance-diffuseur-a-froid/68719-petale-de-cire-coloree-parfumee.html
2626-2626;1410327;176;20170123;https://www.jardiland.com/maison-deco/objets-de-decoration/bougeoirs-photophores-et-lanternes/bougeoir-et-photophore-deco/2626-set-photophores-et-plateau-filou.html
446-446;1234942;176;20170123;https://www.jardiland.com/maison-deco/objets-de-decoration/bougeoirs-photophores-et-lanternes/bougeoir-et-photophore-deco/446-photophore-rond-ajoure-sur-pied.html
2624-2624;1410325;176;20170123;https://www.jardiland.com/maison-deco/objets-de-decoration/bougeoirs-photophores-et-lanternes/bougeoir-et-photophore-deco/2624-photophore-boule-filou-o-8-cm.html
69222-69222;1432378;176;20170123;https://www.jardiland.com/maison-deco/objets-de-decoration/bougeoirs-photophores-et-lanternes/lanterne/69222-photophore-blanc-23x20-5x22-5cm.html
2162-2162;1362406;176;20170123;https://www.jardiland.com/maison-deco/objets-de-decoration/bougeoirs-photophores-et-lanternes/bougeoir-et-photophore-deco/2162-lanterne-ronde.html
70160-70160;1408257;176;20170123;https://www.jardiland.com/maison-deco/objets-de-decoration/bougeoirs-photophores-et-lanternes/lanterne/70160-lanterne-metal-noir-et-verre-he-46-cm.html
70159-70159;1408258;176;20170123;https://www.jardiland.com/maison-deco/objets-de-decoration/bougeoirs-photophores-et-lanternes/lanterne/70159-lanterne-metal-noir-et-verre-he-38-cm.html
69216-69216;1432391;176;20170123;https://www.jardiland.com/maison-deco/objets-de-decoration/bougeoirs-photophores-et-lanternes/lanterne/69216-lanterne-bois-blanc-19x19x27cm.html
69214-69214;1432393;176;20170123;https://www.jardiland.com/maison-deco/objets-de-decoration/bougeoirs-photophores-et-lanternes/bougeoir-et-photophore-deco/69214-bougeoir-papillon-noir-8-5x8-5x10cm.html
32327-14467;1440435;176;20170123;https://www.jardiland.com/animaux/oiseau-de-la-nature/alimentation/32327-cylindre-de-graisse-pour-oiseaux.html
32322-12858;1398625;176;20170123;https://www.jardiland.com/animaux/oiseau-de-la-nature/alimentation/32322-cylindre-de-graisse-avec-support.html
67479-67479;1478917;176;20170123;https://www.jardiland.com/animaux/reptiles-et-insectes/soins-et-entretien/sable-et-substrat/67479-ext-substrat-jungle-earth-8-8l.html
67480-67480;1478916;176;20170123;https://www.jardiland.com/animaux/reptiles-et-insectes/soins-et-entretien/sable-et-substrat/67480-ext-substrat-jungle-earth-4-4l.html
67478-67478;1478918;176;20170123;https://www.jardiland.com/animaux/reptiles-et-insectes/soins-et-entretien/sable-et-substrat/67478-ext-substrat-jungl-earth-26-4l.html
67481-67481;1478915;176;20170123;https://www.jardiland.com/animaux/reptiles-et-insectes/soins-et-entretien/sable-et-substrat/67481-ext-substrat-forest-bark-26-4l.html
67475-67475;1478921;176;20170123;https://www.jardiland.com/animaux/reptiles-et-insectes/soins-et-entretien/sable-et-substrat/67475-ex-t-substrat-rain-forest-8-8l.html
67476-67476;1478920;176;20170123;https://www.jardiland.com/animaux/reptiles-et-insectes/soins-et-entretien/sable-et-substrat/67476-ex-t-substrat-rain-forest-4-4l.html
67474-67474;1478922;176;20170123;https://www.jardiland.com/animaux/reptiles-et-insectes/soins-et-entretien/sable-et-substrat/67474-ex-t-substrat-rain-forest-26-4l.html
67482-67482;1478914;176;20170123;https://www.jardiland.com/animaux/reptiles-et-insectes/soins-et-entretien/sable-et-substrat/67482-ex-t-substrat-forest-bark-8-8l.html
67483-67483;1478913;176;20170123;https://www.jardiland.com/animaux/reptiles-et-insectes/soins-et-entretien/sable-et-substrat/67483-ex-t-substrat-forest-bark-4-4l.html
67477-67477;1478919;176;20170123;https://www.jardiland.com/animaux/reptiles-et-insectes/soins-et-entretien/sable-et-substrat/67477-coco-husk-10-litres-ex-t.html
66866-66866;538822;176;20170123;https://www.jardiland.com/animaux/oiseau/hygiene-et-soins/soin-de-l-animal/66866-vitaperruche.html
66867-66867;538817;176;20170123;https://www.jardiland.com/animaux/oiseau/hygiene-et-soins/soin-de-l-animal/66867-special-bain-flacon-24ml.html
68860-68860;1437656;176;20170123;https://www.jardiland.com/animaux/oiseau/hygiene-et-soins/soin-de-l-animal/68860-poudre-insectifuge-oiseaux-150g.html
68901-68901;1435170;176;20170123;https://www.jardiland.com/animaux/oiseau/cages-volieres-et-accessoires/equipement-de-cage-et-voliere/68901-jouet-oiseau-vis-et-ecrous.html
1584-1584;1311071;176;20170123;https://www.jardiland.com/animaux/oiseau/cages-volieres-et-accessoires/equipement-de-cage-et-voliere/1584-carillon-de-coque-de-noix.html
68255-68255;1465540;176;20170123;https://www.jardiland.com/animaux/oiseau/cages-volieres-et-accessoires/cage/68255-cage-melodie-50-argent.html
68879-68879;1436950;176;20170123;https://www.jardiland.com/animaux/oiseau/cages-volieres-et-accessoires/cage/68879-cage-camille-30-1.html
68382-68382;1457281;176;20170123;https://www.jardiland.com/animaux/oiseau/cages-volieres-et-accessoires/equipement-de-cage-et-voliere/68382-balle-tetines-24cm.html
68812-68812;1439346;176;20170123;https://www.jardiland.com/animaux/oiseau/alimentation-et-friandises/friandise/68812-prest-sp-perroquets-exotic-nuts-750g.html
68811-68811;1439347;176;20170123;https://www.jardiland.com/animaux/oiseau/alimentation-et-friandises/friandise/68811-prest-sp-perroquets-exotic-light750g.html
68813-68813;1439345;176;20170123;https://www.jardiland.com/animaux/oiseau/alimentation-et-friandises/friandise/68813-prest-sp-hawai-sweetnoodle-parrot-400g.html
68815-68815;1439342;176;20170123;https://www.jardiland.com/animaux/oiseau/alimentation-et-friandises/alimentation-quotidienne/68815-prest-loro-parq-african-parakeet-1kg.html
68810-68810;1439348;176;20170123;https://www.jardiland.com/animaux/oiseau/alimentation-et-friandises/complement-nutritionnel/68810-orlux-gold-patee-perruche-250g.html
66869-66869;538537;176;20170123;https://www.jardiland.com/animaux/oiseau/alimentation-et-friandises/complement-nutritionnel/66869-orlux-gold-patee-colorante-250g.html
485-485;1239038;176;20170123;https://www.jardiland.com/animaux/poisson/entretien-et-soins/produit-pour-poisson/485-gastrobac.html
68266-68266;1463243;176;20170123;https://www.jardiland.com/animaux/poisson/materiel-chauffage-filtres-et-pompes/chauffage/68266-thermometre-de-precision.html
68890-68890;1436797;176;20170123;https://www.jardiland.com/animaux/poisson/materiel-chauffage-filtres-et-pompes/filtre-interieur/68890-new-rena-superclean-60-1.html
68891-68891;1436795;176;20170123;https://www.jardiland.com/animaux/poisson/materiel-chauffage-filtres-et-pompes/filtre-interieur/68891-new-rena-superclean-20-1.html
68888-68888;1436799;176;20170123;https://www.jardiland.com/animaux/poisson/materiel-chauffage-filtres-et-pompes/filtre-interieur/68888-new-rena-superclean-120-1.html
68777-68777;1440479;176;20170123;https://www.jardiland.com/animaux/poisson/materiel-chauffage-filtres-et-pompes/masse-de-filtration/68777-mousse-foam-taille-m-x1-1.html
68880-68880;1436811;176;20170123;https://www.jardiland.com/animaux/poisson/materiel-chauffage-filtres-et-pompes/masse-de-filtration/68880-mousse-90-120-30ppi.html
68881-68881;1436810;176;20170123;https://www.jardiland.com/animaux/poisson/materiel-chauffage-filtres-et-pompes/masse-de-filtration/68881-mousse-40-60-30ppi.html
68882-68882;1436809;176;20170123;https://www.jardiland.com/animaux/poisson/materiel-chauffage-filtres-et-pompes/masse-de-filtration/68882-mousse-30ppi.html
105-105;1014903;176;20170123;https://www.jardiland.com/animaux/poisson/materiel-chauffage-filtres-et-pompes/autres-accessoires/105-jbl-artemioset.html
227-227;1014911;176;20170123;https://www.jardiland.com/animaux/poisson/materiel-chauffage-filtres-et-pompes/autres-accessoires/227-jbl-artemiopur.html
67605-67605;1476253;176;20170123;https://www.jardiland.com/animaux/poisson/materiel-chauffage-filtres-et-pompes/chauffage/67605-jard-thermometre-digital-exterieur.html
67548-67548;1477965;176;20170123;https://www.jardiland.com/animaux/poisson/materiel-chauffage-filtres-et-pompes/nettoyage-aquarium/67548-jard-siphon.html
67549-67549;1477960;176;20170123;https://www.jardiland.com/animaux/poisson/materiel-chauffage-filtres-et-pompes/aeration/67549-jard-repartiteur-2-sorties-x2-1.html
67941-67941;1473550;176;20170123;https://www.jardiland.com/animaux/poisson/materiel-chauffage-filtres-et-pompes/nettoyage-aquarium/67941-jard-epuisette-ronde-10cm.html
67606-67606;1476251;176;20170123;https://www.jardiland.com/animaux/poisson/materiel-chauffage-filtres-et-pompes/nettoyage-aquarium/67606-jard-aspirateur-a-piles.html
67626-67626;1475840;176;20170123;https://www.jardiland.com/animaux/poisson/materiel-chauffage-filtres-et-pompes/aeration/67626-jard-valve-anti-retour.html
67627-67627;1475836;176;20170123;https://www.jardiland.com/animaux/poisson/materiel-chauffage-filtres-et-pompes/autres-accessoires/67627-jard-pondoir-flottant.html
68883-68883;1436805;176;20170123;https://www.jardiland.com/animaux/poisson/materiel-chauffage-filtres-et-pompes/masse-de-filtration/68883-crystal-90-120-x6-1.html
68884-68884;1436804;176;20170123;https://www.jardiland.com/animaux/poisson/materiel-chauffage-filtres-et-pompes/masse-de-filtration/68884-crystal-90-120-x2-1.html
68885-68885;1436802;176;20170123;https://www.jardiland.com/animaux/poisson/materiel-chauffage-filtres-et-pompes/masse-de-filtration/68885-crystal-40-60-x2-1.html
68886-68886;1436801;176;20170123;https://www.jardiland.com/animaux/poisson/materiel-chauffage-filtres-et-pompes/masse-de-filtration/68886-crystal-20-x6-1.html
68887-68887;1436800;176;20170123;https://www.jardiland.com/animaux/poisson/materiel-chauffage-filtres-et-pompes/masse-de-filtration/68887-crystal-20-x2-1.html
32530-8066;1253174;176;20170123;https://www.jardiland.com/animaux/poisson/materiel-chauffage-filtres-et-pompes/masse-de-filtration/32530-charbon-super-actif.html
68866-68866;1437453;176;20170123;https://www.jardiland.com/animaux/poisson/materiel-chauffage-filtres-et-pompes/masse-de-filtration/68866-cartouche-waterclear-taille-s-x2-1.html
32432-27115;867697;176;20170123;https://www.jardiland.com/animaux/poisson/decoration-pour-aquarium/sable-et-autres-graviers/32432-quartz-3-litres.html
2904-2904;1403929;176;20170123;https://www.jardiland.com/animaux/poisson/decoration-pour-aquarium/decoration-d-aquarium/2904-amphore-xxii-slim-de-12-cm.html
41002-41002;1344151;176;20170123;https://www.jardiland.com/animaux/poisson/aquariums/aquarium-decoratif/41002-aquarium-nexus-pure.html
5671-5671;936979;176;20170123;https://www.jardiland.com/animaux/poisson/aquariums/aquarium-decoratif/5671-aquarium-betta-kit-zen-grand-modele.html
66221-66221;734731;176;20170123;https://www.jardiland.com/animaux/basse-cour/poulaillers-clapiers-et-accessoires/equipement/66221-support-de-lampe-chauffante-avec-protection.html
40873-40873;1365854;176;20170123;https://www.jardiland.com/animaux/basse-cour/poulaillers-clapiers-et-accessoires/clapier-et-parc/40873-parc-lapins-120cm.html
69474-69474;1418530;176;20170123;https://www.jardiland.com/animaux/chat/jeux-et-jouets/69474-souris-mecanique.html
68783-68783;1440198;176;20170123;https://www.jardiland.com/animaux/chat/arbres-a-chat-et-griffoirs/arbre-a-chat/68783-arbre-a-chat-pyramide-104cm.html
518-518;1244248;176;20170123;https://www.jardiland.com/animaux/chat/arbres-a-chat-et-griffoirs/arbre-a-chat/518-arbre-a-chat-azur-grisaframboise.html
69470-69470;1418908;176;20170123;https://www.jardiland.com/animaux/chat/hygiene-soins-et-litieres/soins-pour-chat/69470-feliway-recharge-48ml.html
67608-67608;1476199;176;20170123;https://www.jardiland.com/animaux/chat/hygiene-soins-et-litieres/soins-pour-chat/67608-feliway-friends-recharge-48ml.html
67609-67609;1476198;176;20170123;https://www.jardiland.com/animaux/chat/hygiene-soins-et-litieres/soins-pour-chat/67609-feliway-friends-diffuseur-recharge-48ml.html
68856-68856;1437725;176;20170123;https://www.jardiland.com/animaux/chat/hygiene-soins-et-litieres/desodorisant-litiere/68856-detergent-desinfectant-ecolo-1l.html
68855-68855;1437726;176;20170123;https://www.jardiland.com/animaux/chat/hygiene-soins-et-litieres/desodorisant-litiere/68855-detergent-desinfectant-ecolo-spray-750ml.html
65876-65876;865272;176;20170123;https://www.jardiland.com/animaux/chat/hygiene-soins-et-litieres/desodorisant-litiere/65876-desodorisant-chevrefeuille-375g.html
68822-68822;1438357;176;20170123;https://www.jardiland.com/animaux/chat/hygiene-soins-et-litieres/soins-pour-chat/68822-bogadent-water-additive-cat-250ml.html
68823-68823;1438353;176;20170123;https://www.jardiland.com/animaux/chat/hygiene-soins-et-litieres/soins-pour-chat/68823-bogadent-dental-lipo-gel-cat-50ml.html
68824-68824;1438352;176;20170123;https://www.jardiland.com/animaux/chat/hygiene-soins-et-litieres/soins-pour-chat/68824-bogadent-anti-plaque-finger-cat.html
1480-1480;1305396;176;20170123;https://www.jardiland.com/animaux/chat/gamelles-ecuelles-et-distributeurs/distributeur-d-eau-et-croquette/1480-fontaine-a-chat-drinkwell.html
68366-68366;1458921;176;20170123;https://www.jardiland.com/animaux/chat/alimentation-et-friandises/boite-et-sachet-fraicheur/68366-whiskas-mer-campagne-en-terrine-9x400g-3-1.html
67956-67956;1472404;176;20170123;https://www.jardiland.com/animaux/chat/alimentation-et-friandises/boite-et-sachet-fraicheur/67956-sheba-delice-jour-vol-poiss-6x50g.html
31711-15199;542532;176;20170123;https://www.jardiland.com/animaux/chat/alimentation-et-friandises/croquette-pour-chat/31711-proplan-cat-house-cat.html
70151-70151;1408756;176;20170123;https://www.jardiland.com/animaux/chat/alimentation-et-friandises/boite-et-sachet-fraicheur/70151-kitten-sachet-dinde-et-poulet-12x85g.html
67624-67624;1475952;176;20170123;https://www.jardiland.com/animaux/chat/alimentation-et-friandises/boite-et-sachet-fraicheur/67624-feline-perfect-weight-multipack-12x85g.html
70265-70265;1401962;176;20170123;https://www.jardiland.com/animaux/rongeurs-et-petits-mammiferes/hygiene-et-soins/soin-antiparasitaire/70265-spray-insecticide-cage-o-r-150ml.html
68669-68669;1452935;176;20170123;https://www.jardiland.com/animaux/rongeurs-et-petits-mammiferes/hygiene-et-soins/litiere/68669-smooz-paille-1kg.html
67953-67953;1472454;176;20170123;https://www.jardiland.com/animaux/rongeurs-et-petits-mammiferes/hygiene-et-soins/bois-a-ronger/67953-jard-buchettes-a-ronger.html
5792-5792;970723;176;20170123;https://www.jardiland.com/animaux/rongeurs-et-petits-mammiferes/habitats-cages-et-accessoires/cage/5792-cage-lapin-nero-3-deluxe.html
68370-68370;1458562;176;20170123;https://www.jardiland.com/animaux/chien/soins-antiparasitaires/vermifuge/68370-vers-o-net-chien-30-comprimes.html
67952-67952;1472492;176;20170123;https://www.jardiland.com/animaux/chien/soins-antiparasitaires/accessoires-antiparasitaires/67952-peigne-plastique-a-puce.html
68989-68989;1441698;176;20170123;https://www.jardiland.com/animaux/chien/soins-antiparasitaires/insecticide/68989-e-shampooing-chat-et-chien-250ml.html
71329-71329;1304325;176;20170123;https://www.jardiland.com/animaux/chien/hygiene-et-soins/soin-de-toilettage/71329-spray-desodorisant-450-ml-pet-head.html
68139-68139;1467886;176;20170123;https://www.jardiland.com/animaux/chien/hygiene-et-soins/soin-de-toilettage/68139-slicker-plastiq-retractable.html
71279-71279;1315633;176;20170123;https://www.jardiland.com/animaux/chien/hygiene-et-soins/soin-de-toilettage/71279-shampooing-spray-ss-rincage450mlpethead.html
71327-71327;1304332;176;20170123;https://www.jardiland.com/animaux/chien/hygiene-et-soins/soin-de-toilettage/71327-shampooing-doux-475-ml-pet-head.html
67610-67610;1476194;176;20170123;https://www.jardiland.com/animaux/chien/hygiene-et-soins/hygiene-et-soin/67610-prozym-rf2-250ml.html
68137-68137;1467888;176;20170123;https://www.jardiland.com/animaux/chien/hygiene-et-soins/soin-de-toilettage/68137-peigne-plastique-fin.html
5747-5747;957280;176;20170123;https://www.jardiland.com/animaux/chien/hygiene-et-soins/soin-de-toilettage/5747-peigne-double.html
67630-67630;1475665;176;20170123;https://www.jardiland.com/animaux/chien/hygiene-et-soins/soin-de-toilettage/67630-lotion-extraits-capucine-chien-250ml.html
70291-70291;1398785;176;20170123;https://www.jardiland.com/animaux/chien/hygiene-et-soins/soin-de-toilettage/70291-jd-ciseaux-de-toilettage.html
68134-68134;1468845;176;20170123;https://www.jardiland.com/animaux/chien/hygiene-et-soins/soin-de-toilettage/68134-etrille-retractable-20-dents.html
68148-68148;1467271;176;20170123;https://www.jardiland.com/animaux/chien/hygiene-et-soins/soin-de-toilettage/68148-coupe-ongle-large.html
68138-68138;1467887;176;20170123;https://www.jardiland.com/animaux/chien/hygiene-et-soins/soin-de-toilettage/68138-brosse-pneumatique-l.html
68136-68136;1467889;176;20170123;https://www.jardiland.com/animaux/chien/hygiene-et-soins/soin-de-toilettage/68136-brosse-plastique-douce-small.html
68135-68135;1468844;176;20170123;https://www.jardiland.com/animaux/chien/hygiene-et-soins/soin-de-toilettage/68135-brosse-plastique-double-large.html
70237-70237;1403567;176;20170123;https://www.jardiland.com/animaux/chien/hygiene-et-soins/hygiene-et-soin/70237-bogadent-dental-lipo-gel.html
70238-70238;1403566;176;20170123;https://www.jardiland.com/animaux/chien/hygiene-et-soins/hygiene-et-soin/70238-bogadent-anti-plaque-2-finger.html
69469-69469;1418912;176;20170123;https://www.jardiland.com/animaux/chien/hygiene-et-soins/hygiene-et-soin/69469-adaptil-spray-20ml.html
68990-68990;1441697;176;20170123;https://www.jardiland.com/animaux/chien/hygiene-et-soins/hygiene-et-soin/68990-adaptil-recharge-48ml.html
68988-68988;1441700;176;20170123;https://www.jardiland.com/animaux/chien/hygiene-et-soins/hygiene-et-soin/68988-adaptil-diffuseur-flacon-48ml.html
69467-69467;1418914;176;20170123;https://www.jardiland.com/animaux/chien/hygiene-et-soins/hygiene-et-soin/69467-adaptil-collier-70cm.html
69468-69468;1418913;176;20170123;https://www.jardiland.com/animaux/chien/hygiene-et-soins/hygiene-et-soin/69468-adaptil-collier-46-5cm.html
69576-69576;1416816;176;20170123;https://www.jardiland.com/animaux/chien/colliers-laisses-et-vetements/tube-et-medaille-d-identite/69576-medaille-classic-os-grand-noir.html
69591-69591;1416801;176;20170123;https://www.jardiland.com/animaux/chien/colliers-laisses-et-vetements/tube-et-medaille-d-identite/69591-medaille-classic-grand-cercle-patte-rose.html
69598-69598;1416794;176;20170123;https://www.jardiland.com/animaux/chien/colliers-laisses-et-vetements/tube-et-medaille-d-identite/69598-medaille-classic-grand-cercle-os-rose.html
67878-67878;1473668;176;20170123;https://www.jardiland.com/animaux/chien/colliers-laisses-et-vetements/tube-et-medaille-d-identite/67878-medaille-bronx-os-xl-plateforme.html
69604-69604;1416788;176;20170123;https://www.jardiland.com/animaux/chien/colliers-laisses-et-vetements/tube-et-medaille-d-identite/69604-medaille-basic-petit-os-laiton-dore.html
69616-69616;1416776;176;20170123;https://www.jardiland.com/animaux/chien/colliers-laisses-et-vetements/tube-et-medaille-d-identite/69616-medaille-basic-petit-os-laiton-chrome.html
69617-69617;1416775;176;20170123;https://www.jardiland.com/animaux/chien/colliers-laisses-et-vetements/tube-et-medaille-d-identite/69617-medaille-basic-petit-os-alu-violet.html
69580-69580;1416812;176;20170123;https://www.jardiland.com/animaux/chien/colliers-laisses-et-vetements/tube-et-medaille-d-identite/69580-medaille-basic-petit-os-alu-rouge.html
69592-69592;1416800;176;20170123;https://www.jardiland.com/animaux/chien/colliers-laisses-et-vetements/tube-et-medaille-d-identite/69592-medaille-basic-petit-os-alu-rose.html
69631-69631;1416761;176;20170123;https://www.jardiland.com/animaux/chien/colliers-laisses-et-vetements/tube-et-medaille-d-identite/69631-medaille-basic-petit-os-alu-noir.html
69618-69618;1416774;176;20170123;https://www.jardiland.com/animaux/chien/colliers-laisses-et-vetements/tube-et-medaille-d-identite/69618-medaille-basic-petit-os-alu-azur.html
69727-69727;1416700;176;20170123;https://www.jardiland.com/animaux/chien/colliers-laisses-et-vetements/tube-et-medaille-d-identite/69727-medaille-basic-petit-coeur-laiton-dore.html
69736-69736;1416688;176;20170123;https://www.jardiland.com/animaux/chien/colliers-laisses-et-vetements/tube-et-medaille-d-identite/69736-medaille-basic-petit-coeur-laiton-chrome.html
69602-69602;1416790;176;20170123;https://www.jardiland.com/animaux/chien/colliers-laisses-et-vetements/tube-et-medaille-d-identite/69602-medaille-basic-petit-coeur-alu-violet.html
69706-69706;1416724;176;20170123;https://www.jardiland.com/animaux/chien/colliers-laisses-et-vetements/tube-et-medaille-d-identite/69706-medaille-basic-petit-coeur-alu-rouge.html
69718-69718;1416712;176;20170123;https://www.jardiland.com/animaux/chien/colliers-laisses-et-vetements/tube-et-medaille-d-identite/69718-medaille-basic-petit-coeur-alu-rose.html
69626-69626;1416766;176;20170123;https://www.jardiland.com/animaux/chien/colliers-laisses-et-vetements/tube-et-medaille-d-identite/69626-medaille-basic-petit-coeur-alu-noir.html
69603-69603;1416789;176;20170123;https://www.jardiland.com/animaux/chien/colliers-laisses-et-vetements/tube-et-medaille-d-identite/69603-medaille-basic-petit-coeur-alu-azur.html
69536-69536;1416859;176;20170123;https://www.jardiland.com/animaux/chien/colliers-laisses-et-vetements/tube-et-medaille-d-identite/69536-medaille-basic-petit-cercle-laiton-dore.html
69555-69555;1416839;176;20170123;https://www.jardiland.com/animaux/chien/colliers-laisses-et-vetements/tube-et-medaille-d-identite/69555-medaille-basic-petit-cercle-laiton-chrom.html
69613-69613;1416779;176;20170123;https://www.jardiland.com/animaux/chien/colliers-laisses-et-vetements/tube-et-medaille-d-identite/69613-medaille-basic-petit-cercle-alu-violet.html
69513-69513;1416883;176;20170123;https://www.jardiland.com/animaux/chien/colliers-laisses-et-vetements/tube-et-medaille-d-identite/69513-medaille-basic-petit-cercle-alu-rouge.html
69525-69525;1416871;176;20170123;https://www.jardiland.com/animaux/chien/colliers-laisses-et-vetements/tube-et-medaille-d-identite/69525-medaille-basic-petit-cercle-alu-rose.html
69628-69628;1416764;176;20170123;https://www.jardiland.com/animaux/chien/colliers-laisses-et-vetements/tube-et-medaille-d-identite/69628-medaille-basic-petit-cercle-alu-noir.html
69614-69614;1416778;176;20170123;https://www.jardiland.com/animaux/chien/colliers-laisses-et-vetements/tube-et-medaille-d-identite/69614-medaille-basic-petit-cercle-alu-azur.html
69623-69623;1416769;176;20170123;https://www.jardiland.com/animaux/chien/colliers-laisses-et-vetements/tube-et-medaille-d-identite/69623-medaille-basic-militaire-petite-chrome.html
69624-69624;1416768;176;20170123;https://www.jardiland.com/animaux/chien/colliers-laisses-et-vetements/tube-et-medaille-d-identite/69624-medaille-basic-militaire-grande-chrome.html
69558-69558;1416836;176;20170123;https://www.jardiland.com/animaux/chien/colliers-laisses-et-vetements/tube-et-medaille-d-identite/69558-medaille-basic-grand-os-laiton-dore.html
69568-69568;1416824;176;20170123;https://www.jardiland.com/animaux/chien/colliers-laisses-et-vetements/tube-et-medaille-d-identite/69568-medaille-basic-grand-os-laiton-chrome.html
69621-69621;1416771;176;20170123;https://www.jardiland.com/animaux/chien/colliers-laisses-et-vetements/tube-et-medaille-d-identite/69621-medaille-basic-grand-os-alu-violet.html
69712-69712;1416718;176;20170123;https://www.jardiland.com/animaux/chien/colliers-laisses-et-vetements/tube-et-medaille-d-identite/69712-medaille-basic-grand-os-alu-rouge.html
69546-69546;1416848;176;20170123;https://www.jardiland.com/animaux/chien/colliers-laisses-et-vetements/tube-et-medaille-d-identite/69546-medaille-basic-grand-os-alu-rose.html
69620-69620;1416772;176;20170123;https://www.jardiland.com/animaux/chien/colliers-laisses-et-vetements/tube-et-medaille-d-identite/69620-medaille-basic-grand-os-alu-orange.html
69629-69629;1416763;176;20170123;https://www.jardiland.com/animaux/chien/colliers-laisses-et-vetements/tube-et-medaille-d-identite/69629-medaille-basic-grand-os-alu-noir.html
69622-69622;1416770;176;20170123;https://www.jardiland.com/animaux/chien/colliers-laisses-et-vetements/tube-et-medaille-d-identite/69622-medaille-basic-grand-os-alu-azur.html
69606-69606;1416786;176;20170123;https://www.jardiland.com/animaux/chien/colliers-laisses-et-vetements/tube-et-medaille-d-identite/69606-medaille-basic-grand-coeur-alu-violet.html
69632-69632;1416760;176;20170123;https://www.jardiland.com/animaux/chien/colliers-laisses-et-vetements/tube-et-medaille-d-identite/69632-medaille-basic-grand-coeur-alu-rouge.html
69633-69633;1416759;176;20170123;https://www.jardiland.com/animaux/chien/colliers-laisses-et-vetements/tube-et-medaille-d-identite/69633-medaille-basic-grand-coeur-alu-rose.html
69625-69625;1416767;176;20170123;https://www.jardiland.com/animaux/chien/colliers-laisses-et-vetements/tube-et-medaille-d-identite/69625-medaille-basic-grand-coeur-alu-noir.html
69607-69607;1416785;176;20170123;https://www.jardiland.com/animaux/chien/colliers-laisses-et-vetements/tube-et-medaille-d-identite/69607-medaille-basic-grand-coeur-alu-azur.html
69503-69503;1416895;176;20170123;https://www.jardiland.com/animaux/chien/colliers-laisses-et-vetements/tube-et-medaille-d-identite/69503-medaille-basic-grand-cercle-laiton-chrom.html
69610-69610;1416782;176;20170123;https://www.jardiland.com/animaux/chien/colliers-laisses-et-vetements/tube-et-medaille-d-identite/69610-medaille-basic-grand-cercle-alu-violet.html
69746-69746;1416676;176;20170123;https://www.jardiland.com/animaux/chien/colliers-laisses-et-vetements/tube-et-medaille-d-identite/69746-medaille-basic-grand-cercle-alu-rouge.html
69627-69627;1416765;176;20170123;https://www.jardiland.com/animaux/chien/colliers-laisses-et-vetements/tube-et-medaille-d-identite/69627-medaille-basic-grand-cercle-alu-noir.html
69611-69611;1416781;176;20170123;https://www.jardiland.com/animaux/chien/colliers-laisses-et-vetements/tube-et-medaille-d-identite/69611-medaille-basic-grand-cercle-alu-azur.html
32064-28871;921862;176;20170123;https://www.jardiland.com/animaux/chien/colliers-laisses-et-vetements/laisse-pour-chien/32064-laisse-pour-chien-camouflage.html
32002-13297;1403902;176;20170123;https://www.jardiland.com/animaux/chien/colliers-laisses-et-vetements/accessoires/32002-harnais-de-randonnee-pour-chien.html
54386-56068;1434642;176;20170123;https://www.jardiland.com/animaux/chien/colliers-laisses-et-vetements/collier-pour-chien/54386-collier-nylon.html
54386-54098;1434643;176;20170123;https://www.jardiland.com/animaux/chien/colliers-laisses-et-vetements/collier-pour-chien/54386-collier-nylon.html
69600-69600;1416792;176;20170123;https://www.jardiland.com/animaux/chien/colliers-laisses-et-vetements/tube-et-medaille-d-identite/69600-attache-porte-cles.html
65741-65741;901178;176;20170123;https://www.jardiland.com/animaux/chien/jeux-et-jouets/peluche/65741-vache-renifleuse.html
70282-70282;1398890;176;20170123;https://www.jardiland.com/animaux/chien/jeux-et-jouets/autres-jouets/70282-ice-cream-ball.html
70419-70419;1395918;176;20170123;https://www.jardiland.com/animaux/chien/jeux-et-jouets/corde/70419-corde-task-force-s.html
71102-71102;1345915;176;20170123;https://www.jardiland.com/animaux/chien/jeux-et-jouets/corde/71102-corde-a-linge-3-noeuds.html
68685-68685;1449339;176;20170123;https://www.jardiland.com/animaux/chien/gamelles-ecuelles-et-distributeurs/autres/68685-container-feedeez-4-1l.html
70418-70418;1395937;176;20170123;https://www.jardiland.com/animaux/chien/alimentation-et-friandises/friandise-bucco-dentaire/70418-smartbones-dental-mini-8-pk.html
31898-15816;578476;176;20170123;https://www.jardiland.com/animaux/chien/alimentation-et-friandises/croquette-pour-chien/31898-science-plan-puppy-mini.html
67954-67954;1472407;176;20170123;https://www.jardiland.com/animaux/chien/alimentation-et-friandises/biscuit/67954-pedigree-schmackos-multi-varietes-86g.html
68820-68820;1438871;176;20170123;https://www.jardiland.com/animaux/chien/alimentation-et-friandises/biscuit/68820-pedigree-sa-recompense-bouchee-moel-130g.html
68821-68821;1438870;176;20170123;https://www.jardiland.com/animaux/chien/alimentation-et-friandises/biscuit/68821-pedigree-sa-recompense-bouchee-croqu-95g.html
66863-66863;539793;176;20170123;https://www.jardiland.com/animaux/chien/alimentation-et-friandises/friandise-bucco-dentaire/66863-pedigree-junior-tubos-chiot-3st-72g.html
68211-68211;1486156;176;20170123;https://www.jardiland.com/animaux/chien/alimentation-et-friandises/friandise-bucco-dentaire/68211-feedeez-batonnets-torsades-au-fluor-x15-1.html
68126-68126;1469343;176;20170123;https://www.jardiland.com/animaux/chien/alimentation-et-friandises/biscuit/68126-feedeez-chips-de-porc-400-g.html
54397-59634;1431056;176;20170123;https://www.jardiland.com/animaux/chien/alimentation-et-friandises/croquette-pour-chien/54397-croquettes-ideal-balance-canine-adulte-poulet-riz-complet.html
71583-71583;1253608;176;20170123;https://www.jardiland.com/animaux/chien/alimentation-et-friandises/biscuit/71583-calendrier-de-l-avent.html
68183-68183;1464124;176;20170123;https://www.jardiland.com/animaux/chien/alimentation-et-friandises/os-a-macher/68183-ava-os-noue-7cm-x6-1.html
66610-66610;640093;176;20170123;https://www.jardiland.com/amenagement-du-jardin/bassins-et-jardin-aquatique/materiel/66610-pompe-elimax-2500-1.html
65511-65511;928522;176;20170123;https://www.jardiland.com/amenagement-du-jardin/loisirs-plein-air/jouets/65511-trampo-balle-unique-varies.html
65510-65510;928523;176;20170123;https://www.jardiland.com/amenagement-du-jardin/loisirs-plein-air/jouets/65510-ballon-rugby-unique-varies.html
65141-65141;975425;176;20170123;https://www.jardiland.com/amenagement-du-jardin/carre-potager/65141-4-tiges-acier-willow-diam-8-mm-x-40-cm.html
66477-66477;573004;176;20170123;https://www.jardiland.com/amenagement-du-jardin/pots-bacs-jardinieres-et-supports/tuteurs-et-supports-de-plante/support-pour-pot-et-balconniere/66477-potence-suspension-gris-d22-cm.html
65590-65590;924269;176;20170123;https://www.jardiland.com/amenagement-du-jardin/pots-bacs-jardinieres-et-supports/en-email/65590-soucoupe-ovale-email.html
65612-65612;923146;176;20170123;https://www.jardiland.com/amenagement-du-jardin/pots-bacs-jardinieres-et-supports/en-email/65612-soucoupe-les-tops-d18-pa-pl-pi.html
65613-65613;923145;176;20170123;https://www.jardiland.com/amenagement-du-jardin/pots-bacs-jardinieres-et-supports/en-email/65613-soucoupe-les-tops-d14-pa-pl-pi.html
65541-65541;927026;176;20170123;https://www.jardiland.com/amenagement-du-jardin/pots-bacs-jardinieres-et-supports/en-email/65541-soucoupe-glacis-prairie-15cm.html
65593-65593;924264;176;20170123;https://www.jardiland.com/amenagement-du-jardin/pots-bacs-jardinieres-et-supports/en-email/65593-ovale-28-cms-email.html
69382-69382;1428799;176;20170123;https://www.jardiland.com/amenagement-du-jardin/pots-bacs-jardinieres-et-supports/en-fibre/69382-pot-rond-gris-clair-fibre-54x54-cm.html
69381-69381;1428800;176;20170123;https://www.jardiland.com/amenagement-du-jardin/pots-bacs-jardinieres-et-supports/en-fibre/69381-pot-rond-gris-clair-fibre-45x45-cm.html
69379-69379;1428802;176;20170123;https://www.jardiland.com/amenagement-du-jardin/pots-bacs-jardinieres-et-supports/en-fibre/69379-pot-rond-gris-clair-fibre-30x30-cm.html
69375-69375;1428806;176;20170123;https://www.jardiland.com/amenagement-du-jardin/pots-bacs-jardinieres-et-supports/en-fibre/69375-pot-rond-gibre-gris-54x54-cm.html
69374-69374;1428807;176;20170123;https://www.jardiland.com/amenagement-du-jardin/pots-bacs-jardinieres-et-supports/en-fibre/69374-pot-rond-gibre-gris-45x45-cm.html
69373-69373;1428808;176;20170123;https://www.jardiland.com/amenagement-du-jardin/pots-bacs-jardinieres-et-supports/en-fibre/69373-pot-rond-gibre-gris-37x37-cm.html
69372-69372;1428809;176;20170123;https://www.jardiland.com/amenagement-du-jardin/pots-bacs-jardinieres-et-supports/en-fibre/69372-pot-rond-gibre-gris-30x30-cm.html
69378-69378;1428803;176;20170123;https://www.jardiland.com/amenagement-du-jardin/pots-bacs-jardinieres-et-supports/en-fibre/69378-pot-carre-fibre-gris-clair-40x40x75-cm.html
69377-69377;1428804;176;20170123;https://www.jardiland.com/amenagement-du-jardin/pots-bacs-jardinieres-et-supports/en-fibre/69377-pot-carre-fibre-gris-clair-31x31x58-cm.html
69376-69376;1428805;176;20170123;https://www.jardiland.com/amenagement-du-jardin/pots-bacs-jardinieres-et-supports/en-fibre/69376-pot-carre-fibre-gris-clair-23x23x43-cm.html
69371-69371;1428810;176;20170123;https://www.jardiland.com/amenagement-du-jardin/pots-bacs-jardinieres-et-supports/en-fibre/69371-pot-carre-fibre-gris-40x40x75-cm.html
69370-69370;1428811;176;20170123;https://www.jardiland.com/amenagement-du-jardin/pots-bacs-jardinieres-et-supports/en-fibre/69370-pot-carre-fibre-gris-31x31x58-cm.html
69369-69369;1428812;176;20170123;https://www.jardiland.com/amenagement-du-jardin/pots-bacs-jardinieres-et-supports/en-fibre/69369-pot-carre-fibre-gris-23x23x43-cm.html
5879-5879;978378;176;20170123;https://www.jardiland.com/amenagement-du-jardin/pots-bacs-jardinieres-et-supports/en-terre-cuite/5879-kit-jardiniere-en-terre-cuite-roma-liscia.html
31572-11195;1360593;176;20170123;https://www.jardiland.com/amenagement-du-jardin/pots-bacs-jardinieres-et-supports/en-plastique/31572-soucoupe-en-plastique-romeo.html
31549-11077;1360492;176;20170123;https://www.jardiland.com/amenagement-du-jardin/pots-bacs-jardinieres-et-supports/en-plastique/31549-pot-romeo.html
65526-65526;927996;176;20170123;https://www.jardiland.com/amenagement-du-jardin/amenagement/bordures/65526-bordure-natura-44x14x9-1.html
68993-68993;1441669;176;20170123;https://www.jardiland.com/amenagement-du-jardin/amenagement/bordures/68993-bordure-galva-fuschia.html
5604-5604;927995;176;20170123;https://www.jardiland.com/amenagement-du-jardin/amenagement/bordures/5604-bordure-en-pierre-imitation-bambou.html
66548-66548;572250;176;20170123;https://www.jardiland.com/amenagement-du-jardin/amenagement/clotures-et-palissades/66548-natte-privatex-vert-occultation-1-5x5-1.html
66547-66547;572252;176;20170123;https://www.jardiland.com/amenagement-du-jardin/amenagement/clotures-et-palissades/66547-natte-privatex-marron-occultation-1-5x5-1.html
36634-36634;741731;176;20170123;https://www.jardiland.com/amenagement-du-jardin/barbecues-cuisine-exterieur/autres/accessoires-de-barbecue/36634-gromme-double-rectangulaire.html
36633-36633;723705;176;20170123;https://www.jardiland.com/amenagement-du-jardin/barbecues-cuisine-exterieur/autres/accessoires-de-barbecue/36633-grille-double-ronde.html
40484-39543;723658;176;20170123;https://www.jardiland.com/amenagement-du-jardin/barbecues-cuisine-exterieur/autres/accessoires-de-barbecue/40484-grille-de-barbecue.html
40484-39542;723657;176;20170123;https://www.jardiland.com/amenagement-du-jardin/barbecues-cuisine-exterieur/autres/accessoires-de-barbecue/40484-grille-de-barbecue.html
66786-66786;566382;176;20170123;https://www.jardiland.com/amenagement-du-jardin/barbecues-cuisine-exterieur/autres/accessoires-de-barbecue/66786-couteau-multi-fonctions.html
66785-66785;566383;176;20170123;https://www.jardiland.com/amenagement-du-jardin/barbecues-cuisine-exterieur/autres/accessoires-de-barbecue/66785-brochette-bambou-l25-cm-x100-1.html
42137-42137;1352013;176;20170123;https://www.jardiland.com/amenagement-du-jardin/barbecues-cuisine-exterieur/electrique/42137-barbecue-electrique-q-2400-1.html
42116-42116;1352027;176;20170123;https://www.jardiland.com/amenagement-du-jardin/barbecues-cuisine-exterieur/a-gaz/42116-barbecue-a-gaz-weber-q-3200-1.html
36616-36616;1295293;176;20170123;https://www.jardiland.com/amenagement-du-jardin/barbecues-cuisine-exterieur/a-gaz/36616-barbecue-a-gaz-australien-puerta-luna-2-1.html
71714-71714;1237541;176;20170123;https://www.jardiland.com/amenagement-du-jardin/barbecues-cuisine-exterieur/a-gaz/71714-barbecue-a-gaz-ascona.html
42119-42119;1351187;176;20170123;https://www.jardiland.com/amenagement-du-jardin/barbecues-cuisine-exterieur/au-charbon/42119-barbecue-au-charbon-serena.html
65644-65644;915492;176;20170123;https://www.jardiland.com/amenagement-du-jardin/eclairage-et-chauffage-d-exterieur/parasols-chauffants/65644-parasol-chauffant-2100w-noir.html
70361-70361;1397151;176;20170123;https://www.jardiland.com/amenagement-du-jardin/eclairage-et-chauffage-d-exterieur/bougies-d-exterieur/70361-led-lanterne-4-col-ext-blc-chd-90cm-1l.html
70350-70350;1397388;176;20170123;https://www.jardiland.com/amenagement-du-jardin/eclairage-et-chauffage-d-exterieur/bougies-d-exterieur/70350-lanterne-metal-ajouree-blanche.html
70346-70346;1397394;176;20170123;https://www.jardiland.com/amenagement-du-jardin/eclairage-et-chauffage-d-exterieur/bougies-d-exterieur/70346-boule-ronde-blanche-d20cm.html
31301-12796;1400681;176;20170123;https://www.jardiland.com/amenagement-du-jardin/eclairage-et-chauffage-d-exterieur/bougies-d-exterieur/31301-bougie-en-terrine-taille-s.html
31299-10331;1349201;176;20170123;https://www.jardiland.com/amenagement-du-jardin/eclairage-et-chauffage-d-exterieur/bougies-d-exterieur/31299-bougie-d-exterieur-be-one.html
70349-70349;1397390;176;20170123;https://www.jardiland.com/amenagement-du-jardin/eclairage-et-chauffage-d-exterieur/eclairage-solaire/70349-guirlande-ampoules-paillettees-solaire.html
70352-70352;1397175;176;20170123;https://www.jardiland.com/amenagement-du-jardin/eclairage-et-chauffage-d-exterieur/eclairage-solaire/70352-canard-silhouette-metal.html
70306-70306;1398270;176;20170123;https://www.jardiland.com/amenagement-du-jardin/parasols-tonnelles-et-voiles-d-ombrage/parasols-et-accessoires/accessoires/70306-toile-pour-parasol-barcelone.html
70305-70305;1398271;176;20170123;https://www.jardiland.com/amenagement-du-jardin/parasols-tonnelles-et-voiles-d-ombrage/parasols-et-accessoires/accessoires/70305-toile-pour-parasol-barcelone.html
2754-2754;1398274;176;20170123;https://www.jardiland.com/amenagement-du-jardin/parasols-tonnelles-et-voiles-d-ombrage/parasols-et-accessoires/accessoires/2754-pied-de-parasol-diamant-25-kg.html
31404-30737;979605;176;20170123;https://www.jardiland.com/amenagement-du-jardin/parasols-tonnelles-et-voiles-d-ombrage/parasols-et-accessoires/parasol-en-metal/31404-parasol-artico.html
2104-2104;1354084;176;20170123;https://www.jardiland.com/amenagement-du-jardin/mobilier-de-jardin/accessoires-coussins-et-entretien/coussin/2104-pompe-electrique.html
31321-12731;1395100;176;20170123;https://www.jardiland.com/amenagement-du-jardin/mobilier-de-jardin/accessoires-coussins-et-entretien/coussin/31321-polochon.html
31321-10653;1350707;176;20170123;https://www.jardiland.com/amenagement-du-jardin/mobilier-de-jardin/accessoires-coussins-et-entretien/coussin/31321-polochon.html
31321-10652;1350706;176;20170123;https://www.jardiland.com/amenagement-du-jardin/mobilier-de-jardin/accessoires-coussins-et-entretien/coussin/31321-polochon.html
31321-10650;1350704;176;20170123;https://www.jardiland.com/amenagement-du-jardin/mobilier-de-jardin/accessoires-coussins-et-entretien/coussin/31321-polochon.html
31321-10646;1350700;176;20170123;https://www.jardiland.com/amenagement-du-jardin/mobilier-de-jardin/accessoires-coussins-et-entretien/coussin/31321-polochon.html
66755-66755;567054;176;20170123;https://www.jardiland.com/amenagement-du-jardin/mobilier-de-jardin/accessoires-coussins-et-entretien/coussin/66755-coussin-assise-dralon-ecru-pr-faut-savoy.html
65238-65238;965295;176;20170123;https://www.jardiland.com/amenagement-du-jardin/mobilier-de-jardin/accessoires-coussins-et-entretien/coussin/65238-cous-p-faut-ht-dossier-90x48x5-cot.html
2699-2699;1397144;176;20170123;https://www.jardiland.com/amenagement-du-jardin/mobilier-de-jardin/mobilier-enfant/salon-complet/2699-table-de-pique-nique-pour-enfant.html
65564-65564;925897;176;20170123;https://www.jardiland.com/amenagement-du-jardin/mobilier-de-jardin/bains-de-soleil-et-hamacs/hamac/65564-support-chaise-hamac-romano-a160-metal.html
36694-36694;1432322;176;20170123;https://www.jardiland.com/amenagement-du-jardin/mobilier-de-jardin/salon-de-jardin/salon-en-metal/36694-salon-de-jardin-lotus-set-de-6-pieces.html
66260-66260;715454;176;20170123;https://www.jardiland.com/amenagement-du-jardin/mobilier-de-jardin/salon-de-jardin/housse-de-protection/66260-protecteur-mobilier-resine-1l.html
66336-66336;683620;176;20170123;https://www.jardiland.com/amenagement-du-jardin/mobilier-de-jardin/salon-de-jardin/housse-de-protection/66336-nettoyant-mobilier-alu-et-osier-syntheti.html
66761-66761;566964;176;20170123;https://www.jardiland.com/amenagement-du-jardin/mobilier-de-jardin/salon-de-jardin/housse-de-protection/66761-nettoyant-cleaner-resine.html
66768-66768;566641;176;20170123;https://www.jardiland.com/amenagement-du-jardin/mobilier-de-jardin/salon-de-jardin/housse-de-protection/66768-kit-entretien-teck.html
36693-36693;1432319;176;20170123;https://www.jardiland.com/amenagement-du-jardin/mobilier-de-jardin/salon-de-jardin/salon-en-metal/36693-fauteuil-ben-en-aluminium-rouge.html
58310-58310;577241;176;20170123;https://www.jardiland.com/jardinage/bricolage-droguerie/insecticides-menagers/insecticide-volant-et-rampant/58310-piege-a-guepes-pomme.html
68730-68730;1442147;176;20170123;https://www.jardiland.com/jardinage/bricolage-droguerie/insecticides-menagers/insecticide-volant-et-rampant/68730-grill-insect-lampes-led-uv.html
36773-36773;577948;176;20170123;https://www.jardiland.com/jardinage/bricolage-droguerie/insecticides-menagers/insecticide-volant-et-rampant/36773-gel-appat-cafard.html
68731-68731;1442146;176;20170123;https://www.jardiland.com/jardinage/bricolage-droguerie/insecticides-menagers/insecticide-volant-et-rampant/68731-aerosol-nids-guepes-frelons-10-m.html
1830-1830;1315234;176;20170123;https://www.jardiland.com/jardinage/arrosage/tuyaux-devidoirs-lances-et-pistolets/raccord/1830-nez-de-robinet-o-20o27-reducteur-o-15o21-1.html
1828-1828;1315231;176;20170123;https://www.jardiland.com/jardinage/arrosage/tuyaux-devidoirs-lances-et-pistolets/raccord/1828-necessaire-de-connexion-15-mm.html
56514-56272;862853;176;20170123;https://www.jardiland.com/jardinage/arrosage/tuyaux-devidoirs-lances-et-pistolets/raccord/56514-coupleur-coup-eau.html
56514-56271;862854;176;20170123;https://www.jardiland.com/jardinage/arrosage/tuyaux-devidoirs-lances-et-pistolets/raccord/56514-coupleur-coup-eau.html
4245-4245;575766;176;20170123;https://www.jardiland.com/jardinage/outils-a-moteur/autres-outils-a-moteur/accessoires/4245-huile-de-synthese-2-temps.html
56824-56824;1343381;176;20170123;https://www.jardiland.com/jardinage/outils-et-materiel-du-jardinier/autres-outils/recuperateur-d-eau/56824-kit-collecteur-capt-eau-carre-8-a-10-cm.html
42308-42308;1379201;176;20170123;https://www.jardiland.com/jardinage/outils-et-materiel-du-jardinier/outils-de-taille/outil-de-taille/42308-elagueur-coupe-franche-os900t.html
4473-4473;573880;176;20170123;https://www.jardiland.com/jardinage/outils-et-materiel-du-jardinier/petits-outils-a-main/griffe/4473-griffe-a-fleurs-manche-en-bois.html
36783-36783;574352;176;20170123;https://www.jardiland.com/jardinage/outils-et-materiel-du-jardinier/grands-outils-de-jardin/autres-grands-outils/36783-sarcleuse-lame-oscillante-multi-star.html
3934-3934;573935;176;20170123;https://www.jardiland.com/jardinage/outils-et-materiel-du-jardinier/grands-outils-de-jardin/autres-grands-outils/3934-croc-leger-de-jardin.html
70695-70695;1379484;176;20170123;https://www.jardiland.com/jardinage/equipement-du-jardinier/vetements/70695-paire-de-genouillere.html
4459-4459;573784;176;20170123;https://www.jardiland.com/jardinage/entretien-et-traitements/pulverisateurs/accessoires-de-pulverisation/4459-lance-multifonction-profile.html
71518-71518;1282141;176;20170123;https://www.jardiland.com/jardinage/entretien-et-traitements/traitements-des-plantes-et-lutte-bio/autres-traitements/71518-nematodes-contre-les-vers-blancs.html
71559-71559;1261463;176;20170123;https://www.jardiland.com/jardinage/entretien-et-traitements/traitements-des-plantes-et-lutte-bio/lutte-contre-les-insectes/71559-naturen-cochenilles-pal-800ml.html
70713-70713;1374322;176;20170123;https://www.jardiland.com/jardinage/entretien-et-traitements/traitements-des-plantes-et-lutte-bio/lutte-contre-les-insectes/70713-insectes-fruits-et-legumes-pae-900ml.html
65782-65782;877389;176;20170123;https://www.jardiland.com/jardinage/entretien-et-traitements/traitements-des-plantes-et-lutte-bio/lutte-contre-les-maladies/65782-anti-pourritures-8x1-25g.html
70676-70676;1380294;176;20170123;https://www.jardiland.com/jardinage/entretien-et-traitements/traitements-des-plantes-et-lutte-bio/autres-traitements/70676-anti-germes-75g.html
32697-53142;1401615;176;20170123;https://www.jardiland.com/jardinage/entretien-et-traitements/engrais/engrais-pour-arbres-et-fleurs-du-jardin/32697-engrais-geraniums-et-balconnieres.html
68728-68728;1442642;176;20170123;https://www.jardiland.com/jardinage/entretien-et-traitements/anti-nuisibles-pieges-et-repulsifs/lutte-contre-les-rats-souris-taupes-et-rongeurs/68728-souris-pate-200g.html
68726-68726;1442647;176;20170123;https://www.jardiland.com/jardinage/entretien-et-traitements/anti-nuisibles-pieges-et-repulsifs/lutte-contre-les-rats-souris-taupes-et-rongeurs/68726-rat-souris-cereale-decortiquee-200g.html
68727-68727;1442645;176;20170123;https://www.jardiland.com/jardinage/entretien-et-traitements/anti-nuisibles-pieges-et-repulsifs/lutte-contre-les-rats-souris-taupes-et-rongeurs/68727-rat-pate-500g.html
68723-68723;1442661;176;20170123;https://www.jardiland.com/jardinage/entretien-et-traitements/anti-nuisibles-pieges-et-repulsifs/lutte-contre-les-rats-souris-taupes-et-rongeurs/68723-piege-a-rat-bois-pecf.html
68725-68725;1442654;176;20170123;https://www.jardiland.com/jardinage/entretien-et-traitements/anti-nuisibles-pieges-et-repulsifs/lutte-contre-les-rats-souris-taupes-et-rongeurs/68725-mulot-cereale-decortiquee-200g.html
68722-68722;1442662;176;20170123;https://www.jardiland.com/jardinage/entretien-et-traitements/anti-nuisibles-pieges-et-repulsifs/lutte-contre-les-rats-souris-taupes-et-rongeurs/68722-2-pieges-a-souris-bois-pecf.html
4692-4692;577368;176;20170123;https://www.jardiland.com/jardinage/paillage-et-amendement/amendement/fumier/4692-fumier-de-ferme.html
71543-71543;1276767;176;20170123;https://www.jardiland.com/plantes/sapins-de-noel/sapins-artificiels/sapin-artificiel-vert/71543-sapin-sherwood-215-cm.html
59303-59010;578694;176;20170123;https://www.jardiland.com/plantes/sapins-de-noel/sapins-de-noel-nordmann-fraser-nobilis/sapin-de-noel-coupe/59303-sapin-de-noel-nordmann-coupe.html
59620-59485;665121;176;20170123;https://www.jardiland.com/plantes/sapins-de-noel/sapins-de-noel-floques/59620-sapin-de-noel-epicea-commun-floque.html
37669-37669;707070;176;20170123;https://www.jardiland.com/plantes/sapins-de-noel/sapins-artificiels/sapin-artificiel-blanc/37669-sapin-artificiel-icelandic-215-cm.html
35656-20795;633494;176;20170123;https://www.jardiland.com/plantes/plantes-d-interieur/cactus-et-plantes-grasses/lithops/35656-lithops.html
35629-28731;926600;176;20170123;https://www.jardiland.com/plantes/plantes-d-interieur/cactus-et-plantes-grasses/crassula/35629-crassula-minor.html
36125-28441;907690;176;20170123;https://www.jardiland.com/plantes/plantes-d-interieur/plantes-vertes/zamioculcas/36125-zamioculcas-zamiifolia.html
36125-21119;642848;176;20170123;https://www.jardiland.com/plantes/plantes-d-interieur/plantes-vertes/zamioculcas/36125-zamioculcas-zamiifolia.html
36085-20844;658262;176;20170123;https://www.jardiland.com/plantes/plantes-d-interieur/plantes-vertes/platycerium/36085-platycerium-bifurcatum.html
36066-29525;948643;176;20170123;https://www.jardiland.com/plantes/plantes-d-interieur/plantes-vertes/nolina-beaucarnea/36066-pied-d-elephant.html
35891-40217;941780;176;20170123;https://www.jardiland.com/plantes/plantes-d-interieur/plantes-vertes/autres-plantes-vertes/35891-caryota-mitis.html
35896-27805;881769;176;20170123;https://www.jardiland.com/plantes/plantes-d-interieur/plantes-vertes/autres-plantes-vertes/35896-ardisia-crenata.html
35822-23835;723349;176;20170123;https://www.jardiland.com/plantes/plantes-d-interieur/plantes-fleuries/rosier-miniature/35822-rosier-miniature.html
35822-20321;631713;176;20170123;https://www.jardiland.com/plantes/plantes-d-interieur/plantes-fleuries/rosier-miniature/35822-rosier-miniature.html
68153-68153;1466692;176;20170123;https://www.jardiland.com/plantes/graines-et-gazon/graines-ludiques-et-kits/aromatiques/68153-capsule-menthe-lilo.html
46335-46335;565294;176;20170123;https://www.jardiland.com/plantes/graines-et-gazon/graines-de-fleurs/fleurs-annuelles/46335-verveine-mammouth-variee.html
46516-46516;565280;176;20170123;https://www.jardiland.com/plantes/graines-et-gazon/graines-de-fleurs/fleurs-annuelles/46516-sauge-splendens-naine-presto.html
46346-46346;565264;176;20170123;https://www.jardiland.com/plantes/graines-et-gazon/graines-de-fleurs/fleurs-annuelles/46346-reine-marguerite-plume-d-autruche-variee.html
4136-4136;565248;176;20170123;https://www.jardiland.com/plantes/graines-et-gazon/graines-de-fleurs/fleurs-annuelles/4136-pois-de-senteur-a-grande-fleur-spencer-varie.html
46422-46422;565543;176;20170123;https://www.jardiland.com/plantes/graines-et-gazon/graines-de-fleurs/fleurs-annuelles/46422-osteospermum-passion-melange.html
46368-46368;565120;176;20170123;https://www.jardiland.com/plantes/graines-et-gazon/graines-de-fleurs/fleurs-annuelles/46368-impatiens-royal-en-melange.html
46320-46320;565457;176;20170123;https://www.jardiland.com/plantes/graines-et-gazon/graines-de-fleurs/fleurs-annuelles/46320-geranium-royal-rose-hybride-f1-1.html
46711-46711;565566;176;20170123;https://www.jardiland.com/plantes/graines-et-gazon/graines-de-fleurs/fleurs-annuelles/46711-dolique-lune-rouge.html
46327-46327;565332;176;20170123;https://www.jardiland.com/plantes/graines-et-gazon/graines-de-fleurs/fleurs-annuelles/46327-clarkia-elegant-double-varie.html
46328-46328;565328;176;20170123;https://www.jardiland.com/plantes/graines-et-gazon/graines-de-fleurs/fleurs-annuelles/46328-chrysantheme-a-carene-merry-mixture.html
46286-46286;565831;176;20170123;https://www.jardiland.com/plantes/graines-et-gazon/graines-de-fleurs/fleurs-annuelles/46286-centauree-jubilee-gem.html
46292-46292;565814;176;20170123;https://www.jardiland.com/plantes/graines-et-gazon/graines-de-fleurs/fleurs-vivaces/46292-arabis-alpina-royal-rosea.html
46369-46369;565119;176;20170123;https://www.jardiland.com/plantes/graines-et-gazon/graines-de-fleurs/fleurs-annuelles/46369-anthemis-frutescens-blanc.html
3568-3568;564982;176;20170123;https://www.jardiland.com/plantes/graines-et-gazon/graines-de-fleurs/fleurs-vivaces/3568-ancolie-royal-geante-variee.html
46294-46294;565811;176;20170123;https://www.jardiland.com/plantes/graines-et-gazon/graines-de-fleurs/fleurs-annuelles/46294-acroclinium-royal-double-varie.html
3853-3853;564251;176;20170123;https://www.jardiland.com/plantes/graines-et-gazon/graines-potageres-et-aromatiques/tomates-piments-poivrons-aubergines/3853-tomate-sanzana-hybride-f1-1.html
53501-53501;564240;176;20170123;https://www.jardiland.com/plantes/graines-et-gazon/graines-potageres-et-aromatiques/radis-navets-carottes-et-autres-racines/53501-scorsonere-geante-noire-de-russie.html
53549-53549;564116;176;20170123;https://www.jardiland.com/plantes/graines-et-gazon/graines-potageres-et-aromatiques/radis-navets-carottes-et-autres-racines/53549-rutabaga-wilhelmsburger-jaune-a-collet-vert.html
46187-46187;657657;176;20170123;https://www.jardiland.com/plantes/graines-et-gazon/graines-potageres-et-aromatiques/radis-navets-carottes-et-autres-racines/46187-radis-bamba.html
57800-57800;564803;176;20170123;https://www.jardiland.com/plantes/graines-et-gazon/graines-potageres-et-aromatiques/salades/57800-laitue-romaine-chicon-panache-bio.html
53813-53813;1254533;176;20170123;https://www.jardiland.com/plantes/graines-et-gazon/graines-potageres-et-aromatiques/salades/53813-laitue-batavia-splendor.html
46833-46833;1013763;176;20170123;https://www.jardiland.com/plantes/graines-et-gazon/graines-potageres-et-aromatiques/courges-melons/46833-cornichon-parigyno-hybride-f1-1.html
46200-46200;657059;176;20170123;https://www.jardiland.com/plantes/graines-et-gazon/graines-potageres-et-aromatiques/choux/46200-chou-de-bruxelles-jade-cross-hybride-f1-1.html
3825-3825;564075;176;20170123;https://www.jardiland.com/plantes/graines-et-gazon/graines-potageres-et-aromatiques/autres-graines-potageres/3825-celeri-geant-dore-ameliore.html
46199-46199;657635;176;20170123;https://www.jardiland.com/plantes/graines-et-gazon/graines-potageres-et-aromatiques/radis-navets-carottes-et-autres-racines/46199-carotte-scarla.html
46844-46844;1013760;176;20170123;https://www.jardiland.com/plantes/graines-et-gazon/graines-potageres-et-aromatiques/radis-navets-carottes-et-autres-racines/46844-carotte-maestro-hybride-f1-1.html
46834-46834;1013762;176;20170123;https://www.jardiland.com/plantes/graines-et-gazon/graines-potageres-et-aromatiques/radis-navets-carottes-et-autres-racines/46834-betterave-de-detroit-3-race-short-top.html
46853-46853;1013741;176;20170123;https://www.jardiland.com/plantes/graines-et-gazon/graines-potageres-et-aromatiques/radis-navets-carottes-et-autres-racines/46853-betterave-d-egypte.html
35380-56947;1286428;176;20170123;https://www.jardiland.com/plantes/bulbes-et-pommes-de-terre/bulbes-a-fleurs/tulipe/35380-tulipes-triomphe-en-melange.html
35020-29219;931152;176;20170123;https://www.jardiland.com/plantes/bulbes-et-pommes-de-terre/bulbes-a-fleurs/amaryllis/35020-amaryllis.html
35020-28811;921115;176;20170123;https://www.jardiland.com/plantes/bulbes-et-pommes-de-terre/bulbes-a-fleurs/amaryllis/35020-amaryllis.html
42074-60474;751771;176;20170123;https://www.jardiland.com/plantes/potager-et-verger/fruitiers/pommier/42074-pommier-granny-smith.html
36512-17983;593090;176;20170123;https://www.jardiland.com/plantes/potager-et-verger/fruitiers/myrtille/36512-myrtille-a-gros-fruits.html
36513-22442;677860;176;20170123;https://www.jardiland.com/plantes/potager-et-verger/fruitiers/myrtille/36513-myrtille-atlantic.html
36442-31084;997920;176;20170123;https://www.jardiland.com/plantes/potager-et-verger/fruitiers/framboisier/36442-framboisier-willamette.html
36416-28735;920150;176;20170123;https://www.jardiland.com/plantes/potager-et-verger/fruitiers/cassissier/36416-cassissier-andega.html
36486-30327;971886;176;20170123;https://www.jardiland.com/plantes/potager-et-verger/fruitiers/kiwai/36486-actinidia-arguta-femelle-kiwai.html
33372-43020;709601;176;20170123;https://www.jardiland.com/plantes/potager-et-verger/plantes-aromatiques/lavande/33372-lavande.html
34041-19206;601054;176;20170123;https://www.jardiland.com/plantes/arbres-et-arbustes-d-ornement/coniferes/thuya/34041-thuja-occidentalis-smaragd-emeraude.html
34024-26485;847955;176;20170123;https://www.jardiland.com/plantes/arbres-et-arbustes-d-ornement/coniferes/pin/34024-pin-de-montagne.html
33964-52060;590335;176;20170123;https://www.jardiland.com/plantes/arbres-et-arbustes-d-ornement/coniferes/genevrier/33964-juniperus-sabina-tamariscifolia.html
33954-17997;595559;176;20170123;https://www.jardiland.com/plantes/arbres-et-arbustes-d-ornement/coniferes/epicea/33954-epicea-glauca-conica.html
33816-26537;849410;176;20170123;https://www.jardiland.com/plantes/arbres-et-arbustes-d-ornement/bambous/phyllostachys/33816-bambou-phyllostachys-aureosulcata-spectabilis.html
33804-55628;1472365;176;20170123;https://www.jardiland.com/plantes/arbres-et-arbustes-d-ornement/bambous/fargesia/33804-bambou-fargesia-scabrida-asian-wonder.html
34480-44349;635845;176;20170123;https://www.jardiland.com/plantes/arbres-et-arbustes-d-ornement/plantes-grimpantes/passiflore/34480-passiflore-bleue.html
41587-7507;1232405;176;20170123;https://www.jardiland.com/plantes/arbres-et-arbustes-d-ornement/plantes-grimpantes/lierre/41587-lierre-d-irlande.html
34470-7508;1232409;176;20170123;https://www.jardiland.com/plantes/arbres-et-arbustes-d-ornement/plantes-grimpantes/lierre/34470-lierre-commun-glacier.html
34437-55155;602457;176;20170123;https://www.jardiland.com/plantes/arbres-et-arbustes-d-ornement/plantes-grimpantes/glycine/34437-glycine-shiro-kapitan.html
34340-38740;586948;176;20170123;https://www.jardiland.com/plantes/arbres-et-arbustes-d-ornement/plantes-grimpantes/autres-plantes-grimpantes/34340-dregea-sinensis-wattakaka.html
45984-45294;950255;176;20170123;https://www.jardiland.com/plantes/arbres-et-arbustes-d-ornement/plantes-grimpantes/clematite/45984-clematite-a-petites-fleurs.html
34380-6434;1012594;176;20170123;https://www.jardiland.com/plantes/arbres-et-arbustes-d-ornement/plantes-grimpantes/clematite/34380-clematite.html
34365-17616;592086;176;20170123;https://www.jardiland.com/plantes/arbres-et-arbustes-d-ornement/plantes-grimpantes/chevrefeuille/34365-chevrefeuille-de-henry.html
41827-60204;607807;176;20170123;https://www.jardiland.com/plantes/arbres-et-arbustes-d-ornement/rosiers/rosiers-grimpants/41827-rosier-lolita-lempickar-meizincarosar-grandes-fleurs.html
41662-39174;643834;176;20170123;https://www.jardiland.com/plantes/arbres-et-arbustes-d-ornement/rosiers/rosiers-buissons/41662-rosier-henri-salvadorr-richoilier-grandes-fleurs.html
43411-60166;1442357;176;20170123;https://www.jardiland.com/plantes/arbres-et-arbustes-d-ornement/rosiers/rosiers-buissons/43411-rosier-broceliander-adaterhuit-grandes-fleurs.html
41611-60144;721191;176;20170123;https://www.jardiland.com/plantes/arbres-et-arbustes-d-ornement/rosiers/rosiers-buissons/41611-rosier-acapellar-tanallepa-grandes-fleurs.html
34332-6224;1008286;176;20170123;https://www.jardiland.com/plantes/arbres-et-arbustes-d-ornement/plantes-de-terre-de-bruyere/skimmia/34332-skimmia-japonica-fragrant-cloud.html
34334-6533;1018384;176;20170123;https://www.jardiland.com/plantes/arbres-et-arbustes-d-ornement/plantes-de-terre-de-bruyere/skimmia/34334-skimmia-magic-marlot.html
41584-45422;993889;176;20170123;https://www.jardiland.com/plantes/arbres-et-arbustes-d-ornement/plantes-de-terre-de-bruyere/rhododendron/41584-rhododendron.html
34286-24751;805384;176;20170123;https://www.jardiland.com/plantes/arbres-et-arbustes-d-ornement/plantes-de-terre-de-bruyere/pieris/34286-pieris.html
41579-17885;592398;176;20170123;https://www.jardiland.com/plantes/arbres-et-arbustes-d-ornement/plantes-de-terre-de-bruyere/magnolia/41579-magnolia-grandiflora.html
41578-17765;591638;176;20170123;https://www.jardiland.com/plantes/arbres-et-arbustes-d-ornement/plantes-de-terre-de-bruyere/leucothoe/41578-leucothoe-scarletta-zeblid.html
34221-26837;864362;176;20170123;https://www.jardiland.com/plantes/arbres-et-arbustes-d-ornement/plantes-de-terre-de-bruyere/hortensia/34221-hortensia-paniculata-vanille-fraiser-renhy.html
34202-8463;1267834;176;20170123;https://www.jardiland.com/plantes/arbres-et-arbustes-d-ornement/plantes-de-terre-de-bruyere/hortensia/34202-hortensia-paniculata.html
34109-28236;900606;176;20170123;https://www.jardiland.com/plantes/arbres-et-arbustes-d-ornement/plantes-de-terre-de-bruyere/camelia/34109-camelia-d-automne.html
36135-12654;1393472;176;20170123;https://www.jardiland.com/plantes/arbres-et-arbustes-d-ornement/plantes-de-terre-de-bruyere/bruyere-erica/36135-bruyere-d-hiver.html
34833-51167;1393472;176;20170123;https://www.jardiland.com/plantes/arbres-et-arbustes-d-ornement/plantes-mediterraneennes/palmiers/34833-yucca-gloriosa-variegata.html
34830-19474;602624;176;20170123;https://www.jardiland.com/plantes/arbres-et-arbustes-d-ornement/plantes-mediterraneennes/palmiers/34830-yucca-filamentosa.html
34816-47715;827144;176;20170123;https://www.jardiland.com/plantes/arbres-et-arbustes-d-ornement/plantes-mediterraneennes/palmiers/34816-phormium-tenax-variegatum.html
34794-26437;848613;176;20170123;https://www.jardiland.com/plantes/arbres-et-arbustes-d-ornement/plantes-mediterraneennes/palmiers/34794-palmier-dattier-des-canaries.html
34578-60904;807687;176;20170123;https://www.jardiland.com/plantes/arbres-et-arbustes-d-ornement/plantes-mediterraneennes/autres-plantes-mediterraneennes/34578-mimosa-d-hiver.html
34780-45397;997718;176;20170123;https://www.jardiland.com/plantes/arbres-et-arbustes-d-ornement/plantes-mediterraneennes/laurier-rose/34780-laurier-rose.html
34751-8342;1263280;176;20170123;https://www.jardiland.com/plantes/arbres-et-arbustes-d-ornement/plantes-mediterraneennes/autres-plantes-mediterraneennes/34751-eucalyptus-gunnii-azura.html
34601-55092;585461;176;20170123;https://www.jardiland.com/plantes/arbres-et-arbustes-d-ornement/plantes-mediterraneennes/autres-plantes-mediterraneennes/34601-clerodendrum-bungei.html
34721-46999;1420372;176;20170123;https://www.jardiland.com/plantes/arbres-et-arbustes-d-ornement/plantes-mediterraneennes/autres-plantes-mediterraneennes/34721-callistemon-masotti-pbr.html
33789-23772;722591;176;20170123;https://www.jardiland.com/plantes/arbres-et-arbustes-d-ornement/arbres-et-arbustes/weigelia/33789-weigela-candida-avalanche.html
33763-28058;892010;176;20170123;https://www.jardiland.com/plantes/arbres-et-arbustes-d-ornement/arbres-et-arbustes/viburnum/33763-viburnum-x-bodnantense.html
33712-11544;1369566;176;20170123;https://www.jardiland.com/plantes/arbres-et-arbustes-d-ornement/arbres-et-arbustes/troene/33712-troene-dore-de-californie.html
33298-29662;952399;176;20170123;https://www.jardiland.com/plantes/arbres-et-arbustes-d-ornement/arbres-et-arbustes/groseillier-a-fleurs/33298-ribes-sanguineum-king-edward-vii.html
33358-18710;597842;176;20170123;https://www.jardiland.com/plantes/arbres-et-arbustes-d-ornement/arbres-et-arbustes/laurier-palme/33358-prunus-laurocerasus-rotundifolia.html
33561-18691;597516;176;20170123;https://www.jardiland.com/plantes/arbres-et-arbustes-d-ornement/arbres-et-arbustes/potentille/33561-potentilla-fruticosa-lovely-pinkr-pink-beauty-pbr.html
33566-49791;597544;176;20170123;https://www.jardiland.com/plantes/arbres-et-arbustes-d-ornement/arbres-et-arbustes/potentille/33566-potentilla-fruticosa-red-ace.html
33544-17923;592726;176;20170123;https://www.jardiland.com/plantes/arbres-et-arbustes-d-ornement/arbres-et-arbustes/pommier-d-ornement/33544-pommier-d-ornement-perpetur-evereste-pbr.html
33519-30937;992989;176;20170123;https://www.jardiland.com/plantes/arbres-et-arbustes-d-ornement/arbres-et-arbustes/photinia/33519-photinia-x-fraseri-little-red-robin.html
33649-51949;594809;176;20170123;https://www.jardiland.com/plantes/arbres-et-arbustes-d-ornement/arbres-et-arbustes/seringat/33649-philadelphus-lemoinei.html
33506-27940;908404;176;20170123;https://www.jardiland.com/plantes/arbres-et-arbustes-d-ornement/arbres-et-arbustes/perovskia/33506-perovskia-atriplicifolia-little-spire-pbr.html
33485-24524;750704;176;20170123;https://www.jardiland.com/plantes/arbres-et-arbustes-d-ornement/arbres-et-arbustes/oranger-du-mexique/33485-oranger-du-mexique-sundancer.html
33477-28071;892347;176;20170123;https://www.jardiland.com/plantes/arbres-et-arbustes-d-ornement/arbres-et-arbustes/noisetier-ornemental/33477-noisetier-tortueux.html
41531-30330;971948;176;20170123;https://www.jardiland.com/plantes/arbres-et-arbustes-d-ornement/arbres-et-arbustes/laurier-palme/41531-laurier-du-portugal-angustifolia.html
41531-7297;1225203;176;20170123;https://www.jardiland.com/plantes/arbres-et-arbustes-d-ornement/arbres-et-arbustes/laurier-palme/41531-laurier-du-portugal-angustifolia.html
32986-17334;589017;176;20170123;https://www.jardiland.com/plantes/arbres-et-arbustes-d-ornement/arbres-et-arbustes/autres-arbres-et-arbustes/32986-hippophae-rhamnoides.html
33228-27456;874377;176;20170123;https://www.jardiland.com/plantes/arbres-et-arbustes-d-ornement/arbres-et-arbustes/forsythia/33228-forsythia-spectabilis.html
33266-24397;814932;176;20170123;https://www.jardiland.com/plantes/arbres-et-arbustes-d-ornement/arbres-et-arbustes/fusain/33266-euonymus-fortunei-emerald-n-gold.html
33214-17019;587262;176;20170123;https://www.jardiland.com/plantes/arbres-et-arbustes-d-ornement/arbres-et-arbustes/escallonia/33214-escallonia-iveyi.html
33190-30971;993892;176;20170123;https://www.jardiland.com/plantes/arbres-et-arbustes-d-ornement/arbres-et-arbustes/erable/33190-erable-champetre.html
33145-16744;586104;176;20170123;https://www.jardiland.com/plantes/arbres-et-arbustes-d-ornement/arbres-et-arbustes/cotoneaster/33145-cotoneaster-de-franchet.html
33137-22325;674971;176;20170123;https://www.jardiland.com/plantes/arbres-et-arbustes-d-ornement/arbres-et-arbustes/cornouiller/33137-cornouiller-a-bois-jaune-flaviramea.html
33098-8776;1284769;176;20170123;https://www.jardiland.com/plantes/arbres-et-arbustes-d-ornement/arbres-et-arbustes/cognassier-du-japon/33098-cognassier-a-fleurs.html
33054-7368;1228298;176;20170123;https://www.jardiland.com/plantes/arbres-et-arbustes-d-ornement/arbres-et-arbustes/catalpa/33054-catalpa-boule-nain-nana.html
33042-19747;609212;176;20170123;https://www.jardiland.com/plantes/arbres-et-arbustes-d-ornement/arbres-et-arbustes/callicarpa/33042-callicarpe-de-bodinier-profusion.html
33028-28601;917713;176;20170123;https://www.jardiland.com/plantes/arbres-et-arbustes-d-ornement/arbres-et-arbustes/buddleia/33028-buddleja-davidii.html
33002-16096;581043;176;20170123;https://www.jardiland.com/plantes/arbres-et-arbustes-d-ornement/arbres-et-arbustes/berberis/33002-berberis-thunbergii-atropurpurea.html
32965-16048;579993;176;20170123;https://www.jardiland.com/plantes/arbres-et-arbustes-d-ornement/arbres-et-arbustes/aucuba/32965-aucuba-japonica-crotonifolia.html
