ID_WEB;ID_JDN;CODEMAG;DATE_ASPI;URLPRODUIT
5793-5793;970819;138;20170119;https://www.jardiland.com/maison-deco/art-de-la-table/conserves-et-bocaux/accessoires/5793-moulin-a-coulis.html
32872-7514;1232448;138;20170119;https://www.jardiland.com/maison-deco/cache-pot-d-interieur/cache-pot-simple/ceramique/32872-pot-pour-orchidee-alabaster.html
4923-4923;791000;138;20170119;https://www.jardiland.com/maison-deco/cheminee/accessoires-de-cheminee/accessoires/4923-poele-a-marrons.html
4922-4922;790997;138;20170119;https://www.jardiland.com/maison-deco/cheminee/accessoires-de-cheminee/panier-a-buche/4922-panier-a-buches-en-osier-carre.html
3258-3258;1410115;138;20170119;https://www.jardiland.com/maison-deco/objets-de-decoration/autres-objets-de-decoration/plateau-et-serviteur/3258-serviteur-en-bois-de-3-etages.html
1819-1819;1385244;138;20170119;https://www.jardiland.com/maison-deco/objets-de-decoration/coussins-et-plaids/plaid/1819-plaid-creme.html
60134-60134;1302027;138;20170119;https://www.jardiland.com/maison-deco/objets-de-decoration/bougies-et-senteurs/parfum-d-ambiance-diffuseur-a-froid/60134-parfum-d-interieur-ovale-miel-amande.html
2162-2162;1362406;138;20170119;https://www.jardiland.com/maison-deco/objets-de-decoration/bougeoirs-photophores-et-lanternes/bougeoir-et-photophore-deco/2162-lanterne-ronde.html
52863-52863;1327846;138;20170119;https://www.jardiland.com/maison-deco/objets-de-decoration/bougeoirs-photophores-et-lanternes/lanterne/52863-lanterne-lacy-rouille.html
5515-5515;929377;138;20170119;https://www.jardiland.com/animaux/oiseau-de-la-nature/mangeoire-et-distributeur/5515-distributeur-arachides-300-g.html
32297-14981;537092;138;20170119;https://www.jardiland.com/animaux/oiseau/cages-volieres-et-accessoires/equipement-de-cage-et-voliere/32297-balancoire-en-bois-et-ciment.html
42197-42197;538531;138;20170119;https://www.jardiland.com/animaux/oiseau/alimentation-et-friandises/friandise/42197-patee-ravivant-la-couleur-100-g.html
42196-42196;538530;138;20170119;https://www.jardiland.com/animaux/oiseau/alimentation-et-friandises/friandise/42196-patee-fortifiante-au-miel-100-g.html
42195-42195;538527;138;20170119;https://www.jardiland.com/animaux/oiseau/alimentation-et-friandises/friandise/42195-patee-deelevage-100-g-aux-oeufs.html
42187-42187;538389;138;20170119;https://www.jardiland.com/animaux/oiseau/alimentation-et-friandises/alimentation-quotidienne/42187-melange-amazonian-pour-perroquet.html
43355-42969;686427;138;20170119;https://www.jardiland.com/animaux/oiseau/alimentation-et-friandises/friandise/43355-baguette-kracker-perruche-x3-1.html
43355-42751;538462;138;20170119;https://www.jardiland.com/animaux/oiseau/alimentation-et-friandises/friandise/43355-baguette-kracker-perruche-x3-1.html
43352-42759;538451;138;20170119;https://www.jardiland.com/animaux/oiseau/alimentation-et-friandises/friandise/43352-baguette-kracker-canari-x3-1.html
43352-42757;538447;138;20170119;https://www.jardiland.com/animaux/oiseau/alimentation-et-friandises/friandise/43352-baguette-kracker-canari-x3-1.html
43352-42755;538441;138;20170119;https://www.jardiland.com/animaux/oiseau/alimentation-et-friandises/friandise/43352-baguette-kracker-canari-x3-1.html
42192-42192;538442;138;20170119;https://www.jardiland.com/animaux/oiseau/alimentation-et-friandises/friandise/42192-baguette-kracker-canari-x2-color.html
43351-42758;538449;138;20170119;https://www.jardiland.com/animaux/oiseau/alimentation-et-friandises/friandise/43351-baguette-kracker-canari-x2-1.html
43351-42754;538484;138;20170119;https://www.jardiland.com/animaux/oiseau/alimentation-et-friandises/friandise/43351-baguette-kracker-canari-x2-1.html
42183-42183;1386572;138;20170119;https://www.jardiland.com/animaux/oiseau/alimentation-et-friandises/alimentation-quotidienne/42183-aliment-complet-pour-perruches.html
32466-15324;543787;138;20170119;https://www.jardiland.com/animaux/poisson/materiel-chauffage-filtres-et-pompes/aeration/32466-pompe-a-air-rena-accessoires-inclus.html
32535-29883;957379;138;20170119;https://www.jardiland.com/animaux/poisson/materiel-chauffage-filtres-et-pompes/nettoyage-aquarium/32535-epuisette-grande-maille.html
54385-54352;739270;138;20170119;https://www.jardiland.com/animaux/poisson/materiel-chauffage-filtres-et-pompes/masse-de-filtration/54385-dose-api-crystal-3-1.html
5520-5520;957344;138;20170119;https://www.jardiland.com/animaux/poisson/materiel-chauffage-filtres-et-pompes/aeration/5520-diffuseur-d-air-cylindrique-5-cm.html
5767-5767;957372;138;20170119;https://www.jardiland.com/animaux/poisson/materiel-chauffage-filtres-et-pompes/nettoyage-aquarium/5767-aspirateur-a-piles.html
32433-8183;1261001;138;20170119;https://www.jardiland.com/animaux/poisson/decoration-pour-aquarium/sable-et-autres-graviers/32433-quartz-couleur-deco-1-kg.html
32432-27122;867705;138;20170119;https://www.jardiland.com/animaux/poisson/decoration-pour-aquarium/sable-et-autres-graviers/32432-quartz-3-litres.html
2904-2904;1403929;138;20170119;https://www.jardiland.com/animaux/poisson/decoration-pour-aquarium/decoration-d-aquarium/2904-amphore-xxii-slim-de-12-cm.html
31833-9810;1315053;138;20170119;https://www.jardiland.com/animaux/chat/soins-antiparasitaires/insecticide/31833-advantage-40-pour-chat.html
31799-11891;1374695;138;20170119;https://www.jardiland.com/animaux/chat/colliers-laisses-et-harnais/harnais/31799-harnais-pour-chat-spring.html
5639-5639;970187;138;20170119;https://www.jardiland.com/animaux/chat/arbres-a-chat-et-griffoirs/arbre-a-chat/5639-arbre-a-chat-azur-bleuagris.html
42163-42163;1416387;138;20170119;https://www.jardiland.com/animaux/chat/hygiene-soins-et-litieres/litiere/42163-litiere-compact-supra-10-l.html
31828-12877;1398775;138;20170119;https://www.jardiland.com/animaux/chat/hygiene-soins-et-litieres/soin-de-toilettage/31828-ciseaux-coupe-griffe.html
31711-15199;542532;138;20170119;https://www.jardiland.com/animaux/chat/alimentation-et-friandises/croquette-pour-chat/31711-proplan-cat-house-cat.html
142-142;1017125;138;20170119;https://www.jardiland.com/animaux/rongeurs-et-petits-mammiferes/jouets-et-exercices/roue-tube-et-autres-accessoires-de-jeux/142-aire-rodykit-3-1.html
5792-5792;970723;138;20170119;https://www.jardiland.com/animaux/rongeurs-et-petits-mammiferes/habitats-cages-et-accessoires/cage/5792-cage-lapin-nero-3-deluxe.html
5280-5280;972186;138;20170119;https://www.jardiland.com/animaux/rongeurs-et-petits-mammiferes/habitats-cages-et-accessoires/cage/5280-cage-cochons-d-inde-nero-2-deluxe.html
32628-7030;1208638;138;20170119;https://www.jardiland.com/animaux/rongeurs-et-petits-mammiferes/habitats-cages-et-accessoires/cage/32628-cage-cochon-d-inde-et-lapin-bunny-home.html
42206-42206;1386577;138;20170119;https://www.jardiland.com/animaux/rongeurs-et-petits-mammiferes/aliments-et-friandises/alimentation-quotidienne/42206-aliment-complet-pour-lapins.html
42205-42205;1386576;138;20170119;https://www.jardiland.com/animaux/rongeurs-et-petits-mammiferes/aliments-et-friandises/alimentation-quotidienne/42205-aliment-complet-pour-hamsters.html
42207-42207;1386578;138;20170119;https://www.jardiland.com/animaux/rongeurs-et-petits-mammiferes/aliments-et-friandises/alimentation-quotidienne/42207-aliment-complet-pour-cochons-d-inde.html
5749-5749;957282;138;20170119;https://www.jardiland.com/animaux/chien/hygiene-et-soins/soin-de-toilettage/5749-peigne-demeloir-11-lames.html
5750-5750;957283;138;20170119;https://www.jardiland.com/animaux/chien/hygiene-et-soins/soin-de-toilettage/5750-ciseaux-de-toilettage.html
32060-11717;1372239;138;20170119;https://www.jardiland.com/animaux/chien/colliers-laisses-et-vetements/harnais/32060-harnais-pour-chien-pois-s.html
32047-28870;921861;138;20170119;https://www.jardiland.com/animaux/chien/colliers-laisses-et-vetements/harnais/32047-harnais-pour-chien-camouflage.html
32110-12577;1394653;138;20170119;https://www.jardiland.com/animaux/chien/colliers-laisses-et-vetements/manteau-pour-chien/32110-doudoune-pour-chien.html
3009-3009;1403696;138;20170119;https://www.jardiland.com/animaux/chien/jeux-et-jouets/jouet-en-caoutchouc-et-latex/3009-jouet-pour-chien-dental-roll.html
1959-1959;1338345;138;20170119;https://www.jardiland.com/animaux/chien/jeux-et-jouets/autres-jouets/1959-jouet-pour-chien-cuisse-de-poulet.html
52463-52185;1209402;138;20170119;https://www.jardiland.com/animaux/chien/alimentation-et-friandises/os-a-macher/52463-os-presse.html
53584-53584;539698;138;20170119;https://www.jardiland.com/animaux/chien/alimentation-et-friandises/biscuit/53584-beef-stick-junior.html
2159-2159;1360903;138;20170119;https://www.jardiland.com/amenagement-du-jardin/carre-potager/2159-carre-potager-en-noisetier.html
2153-2153;1360636;138;20170119;https://www.jardiland.com/amenagement-du-jardin/decorations/autres-decorations/2153-tuteur-anthracite-chat.html
42156-42156;1397755;138;20170119;https://www.jardiland.com/amenagement-du-jardin/pots-bacs-jardinieres-et-supports/en-terre-cuite/42156-pot-rond-en-terre-cuite-courbe-o-44-cm.html
42152-42152;1397751;138;20170119;https://www.jardiland.com/amenagement-du-jardin/pots-bacs-jardinieres-et-supports/en-terre-cuite/42152-pot-carre-en-terre-cuite-31-cm.html
31512-15490;568082;138;20170119;https://www.jardiland.com/amenagement-du-jardin/pots-bacs-jardinieres-et-supports/en-plastique/31512-soucoupe-en-plastique-granprisca.html
31549-14205;1429928;138;20170119;https://www.jardiland.com/amenagement-du-jardin/pots-bacs-jardinieres-et-supports/en-plastique/31549-pot-romeo.html
31549-11091;1360506;138;20170119;https://www.jardiland.com/amenagement-du-jardin/pots-bacs-jardinieres-et-supports/en-plastique/31549-pot-romeo.html
31549-11077;1360492;138;20170119;https://www.jardiland.com/amenagement-du-jardin/pots-bacs-jardinieres-et-supports/en-plastique/31549-pot-romeo.html
31535-10896;1359813;138;20170119;https://www.jardiland.com/amenagement-du-jardin/pots-bacs-jardinieres-et-supports/en-plastique/31535-pot-en-plastique-green-basics.html
31554-8790;1285500;138;20170119;https://www.jardiland.com/amenagement-du-jardin/pots-bacs-jardinieres-et-supports/en-plastique/31554-bac-en-plastique-landhaus.html
2076-2076;1352030;138;20170119;https://www.jardiland.com/amenagement-du-jardin/barbecues-cuisine-exterieur/autres/accessoires-de-barbecue/2076-plancha-en-fonte-emaillee-pour-spirit-3-bruleurs.html
2074-2074;1352023;138;20170119;https://www.jardiland.com/amenagement-du-jardin/barbecues-cuisine-exterieur/autres/accessoires-de-barbecue/2074-plancha-en-fonte-emaillee-genesis.html
42123-42123;1352009;138;20170119;https://www.jardiland.com/amenagement-du-jardin/barbecues-cuisine-exterieur/autres/accessoires-de-barbecue/42123-chariot-pour-barbecue-deluxe-weber-q-2000-1.html
2454-2454;1382051;138;20170119;https://www.jardiland.com/amenagement-du-jardin/barbecues-cuisine-exterieur/autres/combustible/2454-bois-de-fumage-hetre.html
2455-2455;1382052;138;20170119;https://www.jardiland.com/amenagement-du-jardin/barbecues-cuisine-exterieur/autres/combustible/2455-bois-de-fumage-copeaux-de-whisky.html
42116-42116;1352027;138;20170119;https://www.jardiland.com/amenagement-du-jardin/barbecues-cuisine-exterieur/a-gaz/42116-barbecue-a-gaz-weber-q-3200-1.html
31301-12981;1400685;138;20170119;https://www.jardiland.com/amenagement-du-jardin/eclairage-et-chauffage-d-exterieur/bougies-d-exterieur/31301-bougie-en-terrine-taille-s.html
31301-12796;1400681;138;20170119;https://www.jardiland.com/amenagement-du-jardin/eclairage-et-chauffage-d-exterieur/bougies-d-exterieur/31301-bougie-en-terrine-taille-s.html
31299-10331;1349201;138;20170119;https://www.jardiland.com/amenagement-du-jardin/eclairage-et-chauffage-d-exterieur/bougies-d-exterieur/31299-bougie-d-exterieur-be-one.html
31302-12779;1397838;138;20170119;https://www.jardiland.com/amenagement-du-jardin/eclairage-et-chauffage-d-exterieur/eclairage-solaire/31302-lanterne-solaire-coloree.html
2754-2754;1398274;138;20170119;https://www.jardiland.com/amenagement-du-jardin/parasols-tonnelles-et-voiles-d-ombrage/parasols-et-accessoires/accessoires/2754-pied-de-parasol-diamant-25-kg.html
31321-10653;1350707;138;20170119;https://www.jardiland.com/amenagement-du-jardin/mobilier-de-jardin/accessoires-coussins-et-entretien/coussin/31321-polochon.html
2698-2698;1397143;138;20170119;https://www.jardiland.com/amenagement-du-jardin/mobilier-de-jardin/mobilier-enfant/petit-mobilier/2698-fauteuil-pour-enfant.html
42343-42343;697034;138;20170119;https://www.jardiland.com/jardinage/semis-protections-et-accessoires-de-jardinage/voiles-d-hivernage-et-protections/accessoires-de-plasticulture/42343-manchons-anti-rongeurs-treex.html
41034-41034;803266;138;20170119;https://www.jardiland.com/jardinage/arrosage/tuyaux-devidoirs-lances-et-pistolets/raccord/41034-nez-de-robinet-15x21-1.html
56514-56272;862853;138;20170119;https://www.jardiland.com/jardinage/arrosage/tuyaux-devidoirs-lances-et-pistolets/raccord/56514-coupleur-coup-eau.html
56514-56271;862854;138;20170119;https://www.jardiland.com/jardinage/arrosage/tuyaux-devidoirs-lances-et-pistolets/raccord/56514-coupleur-coup-eau.html
32668-49395;1403951;138;20170119;https://www.jardiland.com/jardinage/arrosage/arrosoirs/32668-arrosoir-parisien.html
48197-47863;924926;138;20170119;https://www.jardiland.com/jardinage/equipement-du-jardinier/gants/48197-gants-gros-travaux-de-jardin.html
32697-53142;1401615;138;20170119;https://www.jardiland.com/jardinage/entretien-et-traitements/engrais/engrais-pour-arbres-et-fleurs-du-jardin/32697-engrais-geraniums-et-balconnieres.html
37681-37681;1381687;138;20170119;https://www.jardiland.com/plantes/sapins-de-noel/sapins-artificiels/sapin-artificiel-vert/37681-sapin-toile-de-jute-60-cm.html
59623-59473;578737;138;20170119;https://www.jardiland.com/plantes/sapins-de-noel/sapins-de-noel-nordmann-fraser-nobilis/sapin-de-noel-en-faux-conteneur/59623-sapin-de-noel-procera-en-faux-conteneur.html
59625-59588;665354;138;20170119;https://www.jardiland.com/plantes/sapins-de-noel/sapins-de-noel-nordmann-fraser-nobilis/sapin-de-noel-coupe/59625-sapin-de-noel-procera-coupe.html
59303-59563;998350;138;20170119;https://www.jardiland.com/plantes/sapins-de-noel/sapins-de-noel-nordmann-fraser-nobilis/sapin-de-noel-coupe/59303-sapin-de-noel-nordmann-coupe.html
59303-59494;662491;138;20170119;https://www.jardiland.com/plantes/sapins-de-noel/sapins-de-noel-nordmann-fraser-nobilis/sapin-de-noel-coupe/59303-sapin-de-noel-nordmann-coupe.html
59303-59493;662492;138;20170119;https://www.jardiland.com/plantes/sapins-de-noel/sapins-de-noel-nordmann-fraser-nobilis/sapin-de-noel-coupe/59303-sapin-de-noel-nordmann-coupe.html
59303-59010;578694;138;20170119;https://www.jardiland.com/plantes/sapins-de-noel/sapins-de-noel-nordmann-fraser-nobilis/sapin-de-noel-coupe/59303-sapin-de-noel-nordmann-coupe.html
59303-59007;578704;138;20170119;https://www.jardiland.com/plantes/sapins-de-noel/sapins-de-noel-nordmann-fraser-nobilis/sapin-de-noel-coupe/59303-sapin-de-noel-nordmann-coupe.html
59303-59001;578692;138;20170119;https://www.jardiland.com/plantes/sapins-de-noel/sapins-de-noel-nordmann-fraser-nobilis/sapin-de-noel-coupe/59303-sapin-de-noel-nordmann-coupe.html
59271-59468;595486;138;20170119;https://www.jardiland.com/plantes/sapins-de-noel/sapins-de-noel-epicea/sapin-de-noel-epicea-coupe/59271-sapin-de-noel-epicea-commun-coupe.html
59631-59565;997832;138;20170119;https://www.jardiland.com/plantes/sapins-de-noel/sapins-de-noel-nordmann-fraser-nobilis/sapin-de-noel-en-faux-conteneur/59631-sapin-de-noel-de-fraser-en-faux-conteneur.html
59630-59569;997744;138;20170119;https://www.jardiland.com/plantes/sapins-de-noel/sapins-de-noel-nordmann-fraser-nobilis/sapin-de-noel-coupe/59630-sapin-de-noel-de-fraser-coupe.html
59622-60886;812625;138;20170119;https://www.jardiland.com/plantes/sapins-de-noel/supports-pieds-et-accessoires-de-sapin/59622-houx-coupe-ilex-aquifolium.html
35666-39385;691225;138;20170119;https://www.jardiland.com/plantes/plantes-d-interieur/cactus-et-plantes-grasses/sansevieria/35666-sansevieria-trifasciata-laurentii.html
35659-25305;816567;138;20170119;https://www.jardiland.com/plantes/plantes-d-interieur/cactus-et-plantes-grasses/mammillaria/35659-mammillaria.html
35656-21834;657839;138;20170119;https://www.jardiland.com/plantes/plantes-d-interieur/cactus-et-plantes-grasses/lithops/35656-lithops.html
36125-24177;738049;138;20170119;https://www.jardiland.com/plantes/plantes-d-interieur/plantes-vertes/zamioculcas/36125-zamioculcas-zamiifolia.html
36119-30288;971224;138;20170119;https://www.jardiland.com/plantes/plantes-d-interieur/plantes-vertes/tradescantia/36119-tradescantia.html
36101-20975;635277;138;20170119;https://www.jardiland.com/plantes/plantes-d-interieur/plantes-vertes/schefflera/36101-schefflera-arboricola-gerda.html
36059-21280;642803;138;20170119;https://www.jardiland.com/plantes/plantes-d-interieur/plantes-vertes/nephrolepis/36059-nephrolepis-exaltata-bostoniensis.html
36059-20611;632667;138;20170119;https://www.jardiland.com/plantes/plantes-d-interieur/plantes-vertes/nephrolepis/36059-nephrolepis-exaltata-bostoniensis.html
35896-27805;881769;138;20170119;https://www.jardiland.com/plantes/plantes-d-interieur/plantes-vertes/autres-plantes-vertes/35896-ardisia-crenata.html
35704-49675;903821;138;20170119;https://www.jardiland.com/plantes/plantes-d-interieur/orchidees/phalaenopsis/35704-orchidee-phalaenopsis-grandiflora.html
35704-10218;1343550;138;20170119;https://www.jardiland.com/plantes/plantes-d-interieur/orchidees/phalaenopsis/35704-orchidee-phalaenopsis-grandiflora.html
35722-7319;1240149;138;20170119;https://www.jardiland.com/plantes/plantes-d-interieur/plantes-fleuries/aeschynanthus/35722-aeschynanthus-japhrolepis-pour-suspension.html
46680-46680;1252946;138;20170119;https://www.jardiland.com/plantes/graines-et-gazon/gazon-et-prairies-fleuries/prairie-fleurie/46680-prairie-fleurie-jachere-engrais-vert-fleuri.html
46836-46836;1252920;138;20170119;https://www.jardiland.com/plantes/graines-et-gazon/gazon-et-prairies-fleuries/prairie-fleurie/46836-melange-pour-gibier-100-me.html
46676-46676;1252955;138;20170119;https://www.jardiland.com/plantes/graines-et-gazon/gazon-et-prairies-fleuries/prairie-fleurie/46676-melange-massif-baroque-25-me.html
46694-46694;565889;138;20170119;https://www.jardiland.com/plantes/graines-et-gazon/graines-de-fleurs/fleurs-vivaces/46694-oeillet-mignardise-royal-rose.html
46352-46352;565233;138;20170119;https://www.jardiland.com/plantes/graines-et-gazon/graines-de-fleurs/fleurs-annuelles/46352-petunia-nain-compact-melange.html
46274-46274;565896;138;20170119;https://www.jardiland.com/plantes/graines-et-gazon/graines-de-fleurs/fleurs-bisannuelles/46274-pensee-sweetee.html
46512-46512;565903;138;20170119;https://www.jardiland.com/plantes/graines-et-gazon/graines-de-fleurs/fleurs-bisannuelles/46512-pensee-suisse-or-du-rhin.html
46515-46515;565899;138;20170119;https://www.jardiland.com/plantes/graines-et-gazon/graines-de-fleurs/fleurs-bisannuelles/46515-pensee-suisse-lueur-des-alpes.html
46776-46776;565904;138;20170119;https://www.jardiland.com/plantes/graines-et-gazon/graines-de-fleurs/fleurs-bisannuelles/46776-pensee-suisse-crete-rouge.html
46273-46273;565897;138;20170119;https://www.jardiland.com/plantes/graines-et-gazon/graines-de-fleurs/fleurs-bisannuelles/46273-pensee-sahari-hybride-f1-en-melange.html
46535-46535;565199;138;20170119;https://www.jardiland.com/plantes/graines-et-gazon/graines-de-fleurs/fleurs-bisannuelles/46535-paquerette-chevreuse-variee.html
46422-46422;565543;138;20170119;https://www.jardiland.com/plantes/graines-et-gazon/graines-de-fleurs/fleurs-annuelles/46422-osteospermum-passion-melange.html
46368-46368;565120;138;20170119;https://www.jardiland.com/plantes/graines-et-gazon/graines-de-fleurs/fleurs-annuelles/46368-impatiens-royal-en-melange.html
46322-46322;565378;138;20170119;https://www.jardiland.com/plantes/graines-et-gazon/graines-de-fleurs/fleurs-vivaces/46322-freesia-geant-varie.html
4293-4293;565491;138;20170119;https://www.jardiland.com/plantes/graines-et-gazon/graines-de-fleurs/fleurs-annuelles/4293-fortunia-cascade-purple-wave.html
46711-46711;565566;138;20170119;https://www.jardiland.com/plantes/graines-et-gazon/graines-de-fleurs/fleurs-annuelles/46711-dolique-lune-rouge.html
46327-46327;565332;138;20170119;https://www.jardiland.com/plantes/graines-et-gazon/graines-de-fleurs/fleurs-annuelles/46327-clarkia-elegant-double-varie.html
46332-46332;565303;138;20170119;https://www.jardiland.com/plantes/graines-et-gazon/graines-de-fleurs/fleurs-vivaces/46332-campanule-big-ben-1-2-naine-variee.html
46292-46292;565814;138;20170119;https://www.jardiland.com/plantes/graines-et-gazon/graines-de-fleurs/fleurs-vivaces/46292-arabis-alpina-royal-rosea.html
46294-46294;565811;138;20170119;https://www.jardiland.com/plantes/graines-et-gazon/graines-de-fleurs/fleurs-annuelles/46294-acroclinium-royal-double-varie.html
46780-46780;564981;138;20170119;https://www.jardiland.com/plantes/graines-et-gazon/graines-de-fleurs/fleurs-vivaces/46780-achillea-millefeuille-summer-pastel.html
46503-46503;564309;138;20170119;https://www.jardiland.com/plantes/graines-et-gazon/graines-potageres-et-aromatiques/courges-melons/46503-courge-pelerine.html
35138-56929;1430407;138;20170119;https://www.jardiland.com/plantes/bulbes-et-pommes-de-terre/bulbes-a-fleurs/crocus/35138-crocus-botaniques-en-melange.html
36562-6179;1004056;138;20170119;https://www.jardiland.com/plantes/potager-et-verger/fruitiers/vigne/36562-vigne-muscat-bleu.html
36549-28544;922443;138;20170119;https://www.jardiland.com/plantes/potager-et-verger/fruitiers/vigne/36549-vigne-chasselas-rose.html
42097-18587;597632;138;20170119;https://www.jardiland.com/plantes/potager-et-verger/fruitiers/prunier/42097-prunier-quetsche-d-alsace.html
42097-18585;597630;138;20170119;https://www.jardiland.com/plantes/potager-et-verger/fruitiers/prunier/42097-prunier-quetsche-d-alsace.html
42077-18639;597211;138;20170119;https://www.jardiland.com/plantes/potager-et-verger/fruitiers/pommier/42077-pommier-melrose.html
36516-40471;997750;138;20170119;https://www.jardiland.com/plantes/potager-et-verger/fruitiers/myrtille/36516-myrtille-patriot.html
36513-22442;677860;138;20170119;https://www.jardiland.com/plantes/potager-et-verger/fruitiers/myrtille/36513-myrtille-atlantic.html
34524-24865;807639;138;20170119;https://www.jardiland.com/plantes/potager-et-verger/fruitiers/kumquat/34524-kumquat-ovale.html
36469-8481;1270252;138;20170119;https://www.jardiland.com/plantes/potager-et-verger/fruitiers/groseillier-a-grappes/36469-groseillier-a-grappes-london-market-rouge.html
36443-49577;841203;138;20170119;https://www.jardiland.com/plantes/potager-et-verger/fruitiers/framboisier/36443-framboisier-zeva.html
36454-49576;841200;138;20170119;https://www.jardiland.com/plantes/potager-et-verger/fruitiers/framboisier/36454-framboisier-heritage.html
36451-29587;950384;138;20170119;https://www.jardiland.com/plantes/potager-et-verger/fruitiers/framboisier/36451-framboisier-fallgold.html
36439-24429;746712;138;20170119;https://www.jardiland.com/plantes/potager-et-verger/fruitiers/figuier/36439-figuier-madeleine-des-deux-saisons.html
34506-24454;748123;138;20170119;https://www.jardiland.com/plantes/potager-et-verger/fruitiers/autres-fruitiers/34506-combava.html
41588-29694;973888;138;20170119;https://www.jardiland.com/plantes/potager-et-verger/fruitiers/citronnier/41588-citronnier.html
34511-11588;1370037;138;20170119;https://www.jardiland.com/plantes/potager-et-verger/fruitiers/autres-fruitiers/34511-citron-caviar.html
34512-22416;676439;138;20170119;https://www.jardiland.com/plantes/potager-et-verger/fruitiers/calamondin/34512-calamondin.html
34512-16183;581836;138;20170119;https://www.jardiland.com/plantes/potager-et-verger/fruitiers/calamondin/34512-calamondin.html
34512-7769;1245439;138;20170119;https://www.jardiland.com/plantes/potager-et-verger/fruitiers/calamondin/34512-calamondin.html
34503-7360;1227736;138;20170119;https://www.jardiland.com/plantes/potager-et-verger/fruitiers/autres-fruitiers/34503-bergamotier.html
36489-15989;579554;138;20170119;https://www.jardiland.com/plantes/potager-et-verger/fruitiers/kiwi/36489-actinidia-deliciosa-autofertile.html
33948-16844;586412;138;20170119;https://www.jardiland.com/plantes/arbres-et-arbustes-d-ornement/coniferes/cypres-de-leyland/33948-x-cupressocyparis-leylandii.html
34041-30460;973919;138;20170119;https://www.jardiland.com/plantes/arbres-et-arbustes-d-ornement/coniferes/thuya/34041-thuja-occidentalis-smaragd-emeraude.html
34053-7656;1241204;138;20170119;https://www.jardiland.com/plantes/arbres-et-arbustes-d-ornement/coniferes/thuya/34053-thuja-occidentalis-golden-tuffet.html
34038-9425;1299879;138;20170119;https://www.jardiland.com/plantes/arbres-et-arbustes-d-ornement/coniferes/thuya/34038-thuja-occidentalis.html
34035-6208;1008088;138;20170119;https://www.jardiland.com/plantes/arbres-et-arbustes-d-ornement/coniferes/sapin/34035-sapin-de-coree-brillant.html
33988-60316;1484477;138;20170119;https://www.jardiland.com/plantes/arbres-et-arbustes-d-ornement/coniferes/genevrier/33988-juniperus-squamata-holger.html
61035-60298;678221;138;20170119;https://www.jardiland.com/plantes/arbres-et-arbustes-d-ornement/coniferes/epicea/61035-epicea-glauca-sander-s-blue.html
33954-18389;595563;138;20170119;https://www.jardiland.com/plantes/arbres-et-arbustes-d-ornement/coniferes/epicea/33954-epicea-glauca-conica.html
33951-27695;878603;138;20170119;https://www.jardiland.com/plantes/arbres-et-arbustes-d-ornement/coniferes/cypres-de-leyland/33951-cypres-de-leyland-castlewellan-gold.html
33804-27702;878786;138;20170119;https://www.jardiland.com/plantes/arbres-et-arbustes-d-ornement/bambous/fargesia/33804-bambou-fargesia-scabrida-asian-wonder.html
33798-21296;643119;138;20170119;https://www.jardiland.com/plantes/arbres-et-arbustes-d-ornement/bambous/fargesia/33798-bambou-fargesia-murieliae-rufa.html
33800-43001;701919;138;20170119;https://www.jardiland.com/plantes/arbres-et-arbustes-d-ornement/bambous/fargesia/33800-bambou-fargesia-murieliae.html
33793-28521;916132;138;20170119;https://www.jardiland.com/plantes/arbres-et-arbustes-d-ornement/bambous/arundo/33793-arundo-donax-variegata-superba.html
33847-60815;719696;138;20170119;https://www.jardiland.com/plantes/arbres-et-arbustes-d-ornement/buis-et-topiaires/buis/33847-buis-commun.html
33847-24050;733357;138;20170119;https://www.jardiland.com/plantes/arbres-et-arbustes-d-ornement/buis-et-topiaires/buis/33847-buis-commun.html
33847-8453;1264334;138;20170119;https://www.jardiland.com/plantes/arbres-et-arbustes-d-ornement/buis-et-topiaires/buis/33847-buis-commun.html
41587-7507;1232405;138;20170119;https://www.jardiland.com/plantes/arbres-et-arbustes-d-ornement/plantes-grimpantes/lierre/41587-lierre-d-irlande.html
34430-17130;587757;138;20170119;https://www.jardiland.com/plantes/arbres-et-arbustes-d-ornement/plantes-grimpantes/fallopia/34430-fallopia-aubertii.html
34430-17128;587751;138;20170119;https://www.jardiland.com/plantes/arbres-et-arbustes-d-ornement/plantes-grimpantes/fallopia/34430-fallopia-aubertii.html
41872-10434;1347946;138;20170119;https://www.jardiland.com/plantes/arbres-et-arbustes-d-ornement/rosiers/rosiers-grimpants/41872-rosier-grimpant-a-grandes-fleurs-collection-generale.html
34979-21529;650879;138;20170119;https://www.jardiland.com/plantes/arbres-et-arbustes-d-ornement/rosiers/rosiers-grimpants/34979-rosier-grimpant-a-grandes-fleurs.html
57266-57236;719684;138;20170119;https://www.jardiland.com/plantes/arbres-et-arbustes-d-ornement/rosiers/rosiers-buissons/57266-rosier-a-grandes-fleurs.html
57266-57216;661034;138;20170119;https://www.jardiland.com/plantes/arbres-et-arbustes-d-ornement/rosiers/rosiers-buissons/57266-rosier-a-grandes-fleurs.html
34320-25121;811161;138;20170119;https://www.jardiland.com/plantes/arbres-et-arbustes-d-ornement/plantes-de-terre-de-bruyere/rhododendron/34320-rhododendron-hybride.html
34233-58119;591629;138;20170119;https://www.jardiland.com/plantes/arbres-et-arbustes-d-ornement/plantes-de-terre-de-bruyere/leucothoe/34233-leucothoe-axillaris-curly-red-pbr.html
34221-26837;864362;138;20170119;https://www.jardiland.com/plantes/arbres-et-arbustes-d-ornement/plantes-de-terre-de-bruyere/hortensia/34221-hortensia-paniculata-vanille-fraiser-renhy.html
34198-28456;908999;138;20170119;https://www.jardiland.com/plantes/arbres-et-arbustes-d-ornement/plantes-de-terre-de-bruyere/hortensia/34198-hortensia-paniculata-limelight-pbr.html
34202-8463;1267834;138;20170119;https://www.jardiland.com/plantes/arbres-et-arbustes-d-ornement/plantes-de-terre-de-bruyere/hortensia/34202-hortensia-paniculata.html
34179-24139;750159;138;20170119;https://www.jardiland.com/plantes/arbres-et-arbustes-d-ornement/plantes-de-terre-de-bruyere/hortensia/34179-hortensia-annabelle.html
41567-15961;579165;138;20170119;https://www.jardiland.com/plantes/arbres-et-arbustes-d-ornement/plantes-de-terre-de-bruyere/erable-du-japon/41567-erable-du-japon.html
36135-16820;587141;138;20170119;https://www.jardiland.com/plantes/arbres-et-arbustes-d-ornement/plantes-de-terre-de-bruyere/bruyere-erica/36135-bruyere-d-hiver.html
34267-60400;1217703;138;20170119;https://www.jardiland.com/plantes/arbres-et-arbustes-d-ornement/plantes-de-terre-de-bruyere/nandina/34267-bambou-sacre.html
34267-27326;882702;138;20170119;https://www.jardiland.com/plantes/arbres-et-arbustes-d-ornement/plantes-de-terre-de-bruyere/nandina/34267-bambou-sacre.html
34824-49766;602612;138;20170119;https://www.jardiland.com/plantes/arbres-et-arbustes-d-ornement/plantes-mediterraneennes/palmiers/34824-yucca-filamentosa-bright-edge.html
34794-26437;848613;138;20170119;https://www.jardiland.com/plantes/arbres-et-arbustes-d-ornement/plantes-mediterraneennes/palmiers/34794-palmier-dattier-des-canaries.html
34794-18234;594907;138;20170119;https://www.jardiland.com/plantes/arbres-et-arbustes-d-ornement/plantes-mediterraneennes/palmiers/34794-palmier-dattier-des-canaries.html
33712-11544;1369566;138;20170119;https://www.jardiland.com/plantes/arbres-et-arbustes-d-ornement/arbres-et-arbustes/troene/33712-troene-dore-de-californie.html
33583-44319;597929;138;20170119;https://www.jardiland.com/plantes/arbres-et-arbustes-d-ornement/arbres-et-arbustes/prunus/33583-prunus-serrulata-kanzan.html
33358-18712;597844;138;20170119;https://www.jardiland.com/plantes/arbres-et-arbustes-d-ornement/arbres-et-arbustes/laurier-palme/33358-prunus-laurocerasus-rotundifolia.html
33363-18779;597826;138;20170119;https://www.jardiland.com/plantes/arbres-et-arbustes-d-ornement/arbres-et-arbustes/laurier-palme/33363-prunus-laurocerasus-otto-luyken.html
33361-57599;693589;138;20170119;https://www.jardiland.com/plantes/arbres-et-arbustes-d-ornement/arbres-et-arbustes/laurier-palme/33361-prunus-laurocerasus-caucasica.html
33561-18691;597516;138;20170119;https://www.jardiland.com/plantes/arbres-et-arbustes-d-ornement/arbres-et-arbustes/potentille/33561-potentilla-fruticosa-lovely-pinkr-pink-beauty-pbr.html
33566-49791;597544;138;20170119;https://www.jardiland.com/plantes/arbres-et-arbustes-d-ornement/arbres-et-arbustes/potentille/33566-potentilla-fruticosa-red-ace.html
33544-17927;592742;138;20170119;https://www.jardiland.com/plantes/arbres-et-arbustes-d-ornement/arbres-et-arbustes/pommier-d-ornement/33544-pommier-d-ornement-perpetur-evereste-pbr.html
33544-17925;592733;138;20170119;https://www.jardiland.com/plantes/arbres-et-arbustes-d-ornement/arbres-et-arbustes/pommier-d-ornement/33544-pommier-d-ornement-perpetur-evereste-pbr.html
45998-54296;920309;138;20170119;https://www.jardiland.com/plantes/arbres-et-arbustes-d-ornement/arbres-et-arbustes/physocarpe/45998-physocarpus-opulifolius-lady-in-redr-tuilad-pbr.html
33511-43022;750151;138;20170119;https://www.jardiland.com/plantes/arbres-et-arbustes-d-ornement/arbres-et-arbustes/photinia/33511-photinia-x-fraseri-red-robin.html
33511-23171;719144;138;20170119;https://www.jardiland.com/plantes/arbres-et-arbustes-d-ornement/arbres-et-arbustes/photinia/33511-photinia-x-fraseri-red-robin.html
33511-20206;626547;138;20170119;https://www.jardiland.com/plantes/arbres-et-arbustes-d-ornement/arbres-et-arbustes/photinia/33511-photinia-x-fraseri-red-robin.html
33520-11681;1371661;138;20170119;https://www.jardiland.com/plantes/arbres-et-arbustes-d-ornement/arbres-et-arbustes/photinia/33520-photinia-x-fraseri-nana.html
33519-30937;992989;138;20170119;https://www.jardiland.com/plantes/arbres-et-arbustes-d-ornement/arbres-et-arbustes/photinia/33519-photinia-x-fraseri-little-red-robin.html
33485-24524;750704;138;20170119;https://www.jardiland.com/plantes/arbres-et-arbustes-d-ornement/arbres-et-arbustes/oranger-du-mexique/33485-oranger-du-mexique-sundancer.html
33488-45706;643332;138;20170119;https://www.jardiland.com/plantes/arbres-et-arbustes-d-ornement/arbres-et-arbustes/oranger-du-mexique/33488-oranger-du-mexique.html
33488-16569;584735;138;20170119;https://www.jardiland.com/plantes/arbres-et-arbustes-d-ornement/arbres-et-arbustes/oranger-du-mexique/33488-oranger-du-mexique.html
33477-30697;977367;138;20170119;https://www.jardiland.com/plantes/arbres-et-arbustes-d-ornement/arbres-et-arbustes/noisetier-ornemental/33477-noisetier-tortueux.html
33477-28071;892347;138;20170119;https://www.jardiland.com/plantes/arbres-et-arbustes-d-ornement/arbres-et-arbustes/noisetier-ornemental/33477-noisetier-tortueux.html
33350-59087;1018527;138;20170119;https://www.jardiland.com/plantes/arbres-et-arbustes-d-ornement/arbres-et-arbustes/houx/33350-ilex-x-meserveae-blue-maidr-mesid.html
33337-51959;1468961;138;20170119;https://www.jardiland.com/plantes/arbres-et-arbustes-d-ornement/arbres-et-arbustes/hibiscus/33337-hibiscus-syriacus-blue-chiffon.html
33228-27456;874377;138;20170119;https://www.jardiland.com/plantes/arbres-et-arbustes-d-ornement/arbres-et-arbustes/forsythia/33228-forsythia-spectabilis.html
33253-17097;587548;138;20170119;https://www.jardiland.com/plantes/arbres-et-arbustes-d-ornement/arbres-et-arbustes/fusain/33253-euonymus-japonicus-aureus.html
33263-24812;809648;138;20170119;https://www.jardiland.com/plantes/arbres-et-arbustes-d-ornement/arbres-et-arbustes/fusain/33263-euonymus-japonicus.html
33218-39604;745214;138;20170119;https://www.jardiland.com/plantes/arbres-et-arbustes-d-ornement/arbres-et-arbustes/escallonia/33218-escallonia-red-dream.html
33192-15947;579094;138;20170119;https://www.jardiland.com/plantes/arbres-et-arbustes-d-ornement/arbres-et-arbustes/erable/33192-erable-de-colchide-rouge.html
33190-60815;719696;138;20170119;https://www.jardiland.com/plantes/arbres-et-arbustes-d-ornement/arbres-et-arbustes/erable/33190-erable-champetre.html
33190-24050;733357;138;20170119;https://www.jardiland.com/plantes/arbres-et-arbustes-d-ornement/arbres-et-arbustes/erable/33190-erable-champetre.html
33190-8453;1264334;138;20170119;https://www.jardiland.com/plantes/arbres-et-arbustes-d-ornement/arbres-et-arbustes/erable/33190-erable-champetre.html
33173-16976;587027;138;20170119;https://www.jardiland.com/plantes/arbres-et-arbustes-d-ornement/arbres-et-arbustes/elaeagnus/33173-elaeagnus-x-ebbingei.html
33162-16920;586834;138;20170119;https://www.jardiland.com/plantes/arbres-et-arbustes-d-ornement/arbres-et-arbustes/deutzia/33162-deutzia-x-hybrida-mont-rose.html
33145-60992;586109;138;20170119;https://www.jardiland.com/plantes/arbres-et-arbustes-d-ornement/arbres-et-arbustes/cotoneaster/33145-cotoneaster-de-franchet.html
33145-16744;586104;138;20170119;https://www.jardiland.com/plantes/arbres-et-arbustes-d-ornement/arbres-et-arbustes/cotoneaster/33145-cotoneaster-de-franchet.html
33142-16734;586079;138;20170119;https://www.jardiland.com/plantes/arbres-et-arbustes-d-ornement/arbres-et-arbustes/cotoneaster/33142-cotoneaster-dammeri.html
33125-47197;585719;138;20170119;https://www.jardiland.com/plantes/arbres-et-arbustes-d-ornement/arbres-et-arbustes/cornouiller/33125-cornouiller-a-fleurs-d-amerique.html
33080-21523;650734;138;20170119;https://www.jardiland.com/plantes/arbres-et-arbustes-d-ornement/arbres-et-arbustes/charme/33080-charme-commun.html
33051-15854;582978;138;20170119;https://www.jardiland.com/plantes/arbres-et-arbustes-d-ornement/arbres-et-arbustes/caryopteris/33051-caryopteris-heavenly-blue.html
33042-24073;734067;138;20170119;https://www.jardiland.com/plantes/arbres-et-arbustes-d-ornement/arbres-et-arbustes/callicarpa/33042-callicarpe-de-bodinier-profusion.html
33028-28601;917713;138;20170119;https://www.jardiland.com/plantes/arbres-et-arbustes-d-ornement/arbres-et-arbustes/buddleia/33028-buddleja-davidii.html
33019-60556;581181;138;20170119;https://www.jardiland.com/plantes/arbres-et-arbustes-d-ornement/arbres-et-arbustes/bouleau/33019-bouleau-pleureur-youngii.html
32927-13732;1410573;138;20170119;https://www.jardiland.com/plantes/arbres-et-arbustes-d-ornement/arbres-et-arbustes/abelia/32927-abelia-x-grandiflora-semperflorens.html
