ID_WEB;ID_JDN;CODEMAG;DATE_ASPI;URLPRODUIT
59668-59668;1465331;120;20170116;https://www.jardiland.com/maison-deco/epicerie-fine/epicerie-sucree/chocolat/59668-billes-de-cereales-aux-3-chocolats-mug.html
2613-2613;1408239;120;20170116;https://www.jardiland.com/maison-deco/art-de-la-table/vaisselle/plateau-presentoir-et-set/2613-plat-a-gateaux-dentelle-en-metal-blanc-o-25-cm.html
57945-57945;1456184;120;20170116;https://www.jardiland.com/maison-deco/art-de-la-table/vaisselle/tasse-bol-et-mug/57945-mug-de-noel.html
1123-1123;1255805;120;20170116;https://www.jardiland.com/maison-deco/objets-de-decoration/autres-objets-de-decoration/autres-objets-de-decoration/1123-sac-de-transport-miaou-mobile.html
13278-13278;1403767;120;20170116;https://www.jardiland.com/maison-deco/objets-de-decoration/autres-objets-de-decoration/fruit-et-legume-artificiel/13278-bassin-trendy-pond-outdoor.html
58546-58546;1453817;120;20170116;https://www.jardiland.com/maison-deco/objets-de-decoration/figurines-et-peluches/figurine/58546-hibou-en-ciment-21-2145-5-cm.html
1124-1124;1255973;120;20170116;https://www.jardiland.com/maison-deco/objets-de-decoration/plantes-artificielles/plante-et-fleur/1124-dahlia-orange-artificiel-en-pot.html
1258-1258;1273270;120;20170116;https://www.jardiland.com/maison-deco/objets-de-decoration/vases-coupes-et-accessoires/vase-et-coupe-en-verre/1258-moyenne-cloche-en-verre-decorative-o-18o5-x-ho-27-cm.html
41187-41187;1402876;120;20170116;https://www.jardiland.com/maison-deco/objets-de-decoration/bougies-et-senteurs/parfum-d-ambiance-diffuseur-a-froid/41187-rose-bouquet-parfume-paris-chic-lampe-berger.html
2452-2452;1381678;120;20170116;https://www.jardiland.com/maison-deco/objets-de-decoration/bougeoirs-photophores-et-lanternes/bougeoir-et-photophore-deco/2452-porte-bougie-rouge.html
58507-58507;1454223;120;20170116;https://www.jardiland.com/maison-deco/objets-de-decoration/bougeoirs-photophores-et-lanternes/lanterne/58507-lanterne-en-verre-et-metal-17-17-24e5-cm.html
5081-5081;729458;120;20170116;https://www.jardiland.com/animaux/oiseau/hygiene-et-soins/soin-de-l-animal/5081-baignoire-d-exterieure-molitor.html
4746-4746;607092;120;20170116;https://www.jardiland.com/animaux/oiseau/cages-volieres-et-accessoires/abreuvoir-et-mangeoire/4746-fontaine-pour-oiseaux-siphon.html
43355-42969;686427;120;20170116;https://www.jardiland.com/animaux/oiseau/alimentation-et-friandises/friandise/43355-baguette-kracker-perruche-x3-1.html
43355-42752;538466;120;20170116;https://www.jardiland.com/animaux/oiseau/alimentation-et-friandises/friandise/43355-baguette-kracker-perruche-x3-1.html
43355-42751;538462;120;20170116;https://www.jardiland.com/animaux/oiseau/alimentation-et-friandises/friandise/43355-baguette-kracker-perruche-x3-1.html
43352-42757;538447;120;20170116;https://www.jardiland.com/animaux/oiseau/alimentation-et-friandises/friandise/43352-baguette-kracker-canari-x3-1.html
43352-42755;538441;120;20170116;https://www.jardiland.com/animaux/oiseau/alimentation-et-friandises/friandise/43352-baguette-kracker-canari-x3-1.html
5173-5173;957358;120;20170116;https://www.jardiland.com/animaux/poisson/materiel-chauffage-filtres-et-pompes/chauffage/5173-thermometre-flottant.html
5757-5757;957328;120;20170116;https://www.jardiland.com/animaux/poisson/materiel-chauffage-filtres-et-pompes/aeration/5757-set-aeration-tuyau-accessoires.html
32466-15324;543787;120;20170116;https://www.jardiland.com/animaux/poisson/materiel-chauffage-filtres-et-pompes/aeration/32466-pompe-a-air-rena-accessoires-inclus.html
32509-14809;543725;120;20170116;https://www.jardiland.com/animaux/poisson/materiel-chauffage-filtres-et-pompes/masse-de-filtration/32509-mousse-filtration-superclean.html
5520-5520;957344;120;20170116;https://www.jardiland.com/animaux/poisson/materiel-chauffage-filtres-et-pompes/aeration/5520-diffuseur-d-air-cylindrique-5-cm.html
5517-5517;957338;120;20170116;https://www.jardiland.com/animaux/poisson/materiel-chauffage-filtres-et-pompes/aeration/5517-diffuseur-d-air-boule-3-cm.html
32472-29868;957335;120;20170116;https://www.jardiland.com/animaux/poisson/materiel-chauffage-filtres-et-pompes/aeration/32472-diffuseur-d-air-barre.html
32472-29572;957333;120;20170116;https://www.jardiland.com/animaux/poisson/materiel-chauffage-filtres-et-pompes/aeration/32472-diffuseur-d-air-barre.html
32481-12994;1400973;120;20170116;https://www.jardiland.com/animaux/poisson/materiel-chauffage-filtres-et-pompes/chauffage/32481-chauffage-aquarium-tetra-proline.html
32531-15318;543748;120;20170116;https://www.jardiland.com/animaux/poisson/materiel-chauffage-filtres-et-pompes/masse-de-filtration/32531-charbon-de-filtration-actikool.html
5317-5317;867709;120;20170116;https://www.jardiland.com/animaux/poisson/decoration-pour-aquarium/sable-et-autres-graviers/5317-sable-de-loire-3-litres.html
32434-13286;1403882;120;20170116;https://www.jardiland.com/animaux/poisson/decoration-pour-aquarium/sable-et-autres-graviers/32434-sable-aquasand.html
5316-5316;867702;120;20170116;https://www.jardiland.com/animaux/poisson/decoration-pour-aquarium/sable-et-autres-graviers/5316-quartz-naturel-3-litres.html
32430-27141;867727;120;20170116;https://www.jardiland.com/animaux/poisson/decoration-pour-aquarium/sable-et-autres-graviers/32430-quartz-15-kg.html
504-504;1244187;120;20170116;https://www.jardiland.com/animaux/poisson/decoration-pour-aquarium/plante-artificielle/504-decor-pour-aquarium-fond-de-decor.html
32427-12389;1386382;120;20170116;https://www.jardiland.com/animaux/poisson/decoration-pour-aquarium/plante-artificielle/32427-decor-pour-aquarium-euca.html
1547-1547;1308174;120;20170116;https://www.jardiland.com/animaux/poisson/aquariums/aquarium-non-equipe/1547-aquarium-scalaire-40-1.html
2533-2533;1390272;120;20170116;https://www.jardiland.com/animaux/poisson/aquariums/aquarium-pour-poisson-d-eau-chaude/2533-aquarium-elegance-100-led.html
32378-10932;1369797;120;20170116;https://www.jardiland.com/animaux/poisson/aquariums/aquarium-decoratif/32378-aquarium-betta-life.html
46575-46575;1435886;120;20170116;https://www.jardiland.com/animaux/basse-cour/poulaillers-clapiers-et-accessoires/clapier-et-parc/46575-parc-a-lapins-carre-le-120-cm.html
31793-15205;542789;120;20170116;https://www.jardiland.com/animaux/chat/colliers-laisses-et-harnais/harnais/31793-harnais-pour-chat.html
64-64;1015081;120;20170116;https://www.jardiland.com/animaux/chat/jeux-et-jouets/64-jouet-pour-chat-fish-hang.html
40905-40905;1400726;120;20170116;https://www.jardiland.com/animaux/chat/arbres-a-chat-et-griffoirs/arbre-a-chat/40905-arbre-a-chat-twist.html
40908-40908;1435888;120;20170116;https://www.jardiland.com/animaux/chat/arbres-a-chat-et-griffoirs/arbre-a-chat/40908-arbre-a-chat-gris-ha-84-cm.html
1804-1804;1336279;120;20170116;https://www.jardiland.com/animaux/chat/hygiene-soins-et-litieres/soin-de-toilettage/1804-shampooing-demelant-pour-chat-et-chaton.html
46098-44157;1437312;120;20170116;https://www.jardiland.com/animaux/chat/hygiene-soins-et-litieres/bac-a-litiere-et-maison-de-toilette/46098-maison-de-toilette-nestor-twilight.html
40926-40926;966579;120;20170116;https://www.jardiland.com/animaux/chat/hygiene-soins-et-litieres/bac-a-litiere-et-maison-de-toilette/40926-maison-de-toilette-cat-s-fashion-funny.html
2898-2898;1403698;120;20170116;https://www.jardiland.com/animaux/rongeurs-et-petits-mammiferes/hygiene-et-soins/litiere/2898-litiere-confort-bois-nature.html
32616-9866;1318326;120;20170116;https://www.jardiland.com/animaux/rongeurs-et-petits-mammiferes/habitats-cages-et-accessoires/abreuvoir-et-gamelle/32616-distributeur-mixte.html
32591-12158;1377914;120;20170116;https://www.jardiland.com/animaux/rongeurs-et-petits-mammiferes/aliments-et-friandises/alimentation-quotidienne/32591-menu-complet-cochon-d-inde.html
53405-53405;647493;120;20170116;https://www.jardiland.com/animaux/rongeurs-et-petits-mammiferes/aliments-et-friandises/friandise/53405-greenies-cochon-d-inde.html
32592-28791;920417;120;20170116;https://www.jardiland.com/animaux/rongeurs-et-petits-mammiferes/aliments-et-friandises/foin-et-fourrage/32592-foin-a-la-carotte.html
1801-1801;1336276;120;20170116;https://www.jardiland.com/animaux/chien/hygiene-et-soins/soin-de-toilettage/1801-shampooing-poils-blancs-clairs-pour-chien.html
32122-26267;842287;120;20170116;https://www.jardiland.com/animaux/chien/colliers-laisses-et-vetements/pull-pour-chien/32122-pull-basic-pour-chien.html
32103-24321;743675;120;20170116;https://www.jardiland.com/animaux/chien/colliers-laisses-et-vetements/manteau-pour-chien/32103-imper-basic-pour-chien.html
32041-12208;1380435;120;20170116;https://www.jardiland.com/animaux/chien/colliers-laisses-et-vetements/collier-pour-chien/32041-collier-lumineux-pour-chien-s.html
32043-12255;1380443;120;20170116;https://www.jardiland.com/animaux/chien/colliers-laisses-et-vetements/collier-pour-chien/32043-collier-lumineux-pour-chien-l.html
32184-27167;868627;120;20170116;https://www.jardiland.com/animaux/chien/jeux-et-jouets/jouet-en-caoutchouc-et-latex/32184-jouet-pour-chien-wubba.html
50903-41355;1402296;120;20170116;https://www.jardiland.com/animaux/chien/niches-couchage-et-transport/corbeille/50903-corbeille-pour-chien-petra.html
54755-54746;1473526;120;20170116;https://www.jardiland.com/animaux/chien/niches-couchage-et-transport/corbeille/54755-corbeille-mousse.html
31990-7064;1209676;120;20170116;https://www.jardiland.com/animaux/chien/alimentation-et-friandises/os-a-macher/31990-os-presses.html
5264-5264;824595;120;20170116;https://www.jardiland.com/animaux/chien/alimentation-et-friandises/os-a-macher/5264-os-presse-porks-x2-11e5-cm.html
52463-52187;1209404;120;20170116;https://www.jardiland.com/animaux/chien/alimentation-et-friandises/os-a-macher/52463-os-presse.html
52463-52185;1209402;120;20170116;https://www.jardiland.com/animaux/chien/alimentation-et-friandises/os-a-macher/52463-os-presse.html
293-293;1017118;120;20170116;https://www.jardiland.com/animaux/chien/alimentation-et-friandises/biscuit/293-biscuits-pour-chien.html
31944-7110;1210505;120;20170116;https://www.jardiland.com/animaux/chien/alimentation-et-friandises/croquette-pour-chien/31944-aliment-complet-chiot-moyenne-et-grande-taille.html
64534-64534;1248266;120;20170116;https://www.jardiland.com/amenagement-du-jardin/loisirs-plein-air/jeux-de-plein-air/64534-station-de-jeux-techwood.html
36664-36664;889171;120;20170116;https://www.jardiland.com/amenagement-du-jardin/loisirs-plein-air/jeux-de-plein-air/36664-siege-pour-bebe.html
36642-36642;1255298;120;20170116;https://www.jardiland.com/amenagement-du-jardin/carre-potager/36642-carre-potager-marta.html
31461-10732;1352342;120;20170116;https://www.jardiland.com/amenagement-du-jardin/pots-bacs-jardinieres-et-supports/en-email/31461-pot-en-email-rose-des-bois.html
1350-1350;1289302;120;20170116;https://www.jardiland.com/amenagement-du-jardin/pots-bacs-jardinieres-et-supports/en-fibre/1350-pot-rond-en-fibre-gris-cardiff-o-44-cm.html
21567-28932;923667;120;20170116;https://www.jardiland.com/amenagement-du-jardin/pots-bacs-jardinieres-et-supports/en-fibre/21567-pot-en-fibre-carre-haut.html
42156-42156;1397755;120;20170116;https://www.jardiland.com/amenagement-du-jardin/pots-bacs-jardinieres-et-supports/en-terre-cuite/42156-pot-rond-en-terre-cuite-courbe-o-44-cm.html
42149-42149;1397760;120;20170116;https://www.jardiland.com/amenagement-du-jardin/pots-bacs-jardinieres-et-supports/en-terre-cuite/42149-pot-rond-en-terre-cuite-courbe-o-23-cm.html
1363-1363;1292370;120;20170116;https://www.jardiland.com/amenagement-du-jardin/pots-bacs-jardinieres-et-supports/en-terre-cuite/1363-pot-carre-droit-en-terre-cuite.html
31572-11195;1360593;120;20170116;https://www.jardiland.com/amenagement-du-jardin/pots-bacs-jardinieres-et-supports/en-plastique/31572-soucoupe-en-plastique-romeo.html
31512-10339;1360400;120;20170116;https://www.jardiland.com/amenagement-du-jardin/pots-bacs-jardinieres-et-supports/en-plastique/31512-soucoupe-en-plastique-granprisca.html
31549-11093;1360508;120;20170116;https://www.jardiland.com/amenagement-du-jardin/pots-bacs-jardinieres-et-supports/en-plastique/31549-pot-romeo.html
31549-11077;1360492;120;20170116;https://www.jardiland.com/amenagement-du-jardin/pots-bacs-jardinieres-et-supports/en-plastique/31549-pot-romeo.html
31202-15553;571892;120;20170116;https://www.jardiland.com/amenagement-du-jardin/amenagement/occultations/31202-maille-carree-balconet-05-1.html
248-248;1015775;120;20170116;https://www.jardiland.com/amenagement-du-jardin/amenagement/clotures-et-palissades/248-portillon-pony.html
36622-36622;544992;120;20170116;https://www.jardiland.com/amenagement-du-jardin/barbecues-cuisine-exterieur/autres/accessoires-de-barbecue/36622-grille-double.html
31297-40348;964651;120;20170116;https://www.jardiland.com/amenagement-du-jardin/eclairage-et-chauffage-d-exterieur/bougies-d-exterieur/31297-huile-vegetale-parfumee-lelia.html
31297-40347;964646;120;20170116;https://www.jardiland.com/amenagement-du-jardin/eclairage-et-chauffage-d-exterieur/bougies-d-exterieur/31297-huile-vegetale-parfumee-lelia.html
36696-36696;1429497;120;20170116;https://www.jardiland.com/amenagement-du-jardin/mobilier-de-jardin/salon-de-jardin/salon-en-metal/36696-table-de-jardin-en-aluminium-elena-gris.html
2108-2108;1354437;120;20170116;https://www.jardiland.com/amenagement-du-jardin/mobilier-de-jardin/salon-de-jardin/salon-en-resine-tressee/2108-salon-de-jardin-ambiente.html
31379-13295;1403894;120;20170116;https://www.jardiland.com/amenagement-du-jardin/mobilier-de-jardin/salon-de-jardin/mobilier-pliant/31379-chaise-lys.html
23416-41494;935351;120;20170116;https://www.jardiland.com/jardinage/arrosage/tuyaux-devidoirs-lances-et-pistolets/arrosage-de-vacances/23416-pack-de-2-cones-en-ceramique-micro-poreuse-aquasolo.html
1830-1830;1315234;120;20170116;https://www.jardiland.com/jardinage/arrosage/tuyaux-devidoirs-lances-et-pistolets/raccord/1830-nez-de-robinet-o-20o27-reducteur-o-15o21-1.html
41034-41034;803266;120;20170116;https://www.jardiland.com/jardinage/arrosage/tuyaux-devidoirs-lances-et-pistolets/raccord/41034-nez-de-robinet-15x21-1.html
54696-54696;576409;120;20170116;https://www.jardiland.com/jardinage/arrosage/arrosoirs/54696-arrosoir-donna-2-l.html
42327-42327;1403741;120;20170116;https://www.jardiland.com/jardinage/outils-et-materiel-du-jardinier/petits-outils-a-main/serfouette/42327-serfouette-panne-fourche-manche-trimatiere.html
42324-42324;1403743;120;20170116;https://www.jardiland.com/jardinage/outils-et-materiel-du-jardinier/petits-outils-a-main/rateau/42324-rateau-a-fleurs-manche-trimatiere.html
5621-5621;928937;120;20170116;https://www.jardiland.com/jardinage/outils-et-materiel-du-jardinier/grands-outils-de-jardin/bechee-louchet-et-pelle/5621-louchet-poli-28-cm-a-rebord.html
4610-4610;576355;120;20170116;https://www.jardiland.com/jardinage/outils-et-materiel-du-jardinier/grands-outils-de-jardin/bechee-louchet-et-pelle/4610-fourche-a-becher-douille-4-dents-avec-manche-pomme.html
4487-4487;573915;120;20170116;https://www.jardiland.com/jardinage/outils-et-materiel-du-jardinier/grands-outils-de-jardin/binette-houe-et-serfouette/4487-binette-a-rosiers-soudee.html
4609-4609;576354;120;20170116;https://www.jardiland.com/jardinage/outils-et-materiel-du-jardinier/grands-outils-de-jardin/bechee-louchet-et-pelle/4609-beche-senlis-a-rebord-avec-bequille.html
4608-4608;576353;120;20170116;https://www.jardiland.com/jardinage/outils-et-materiel-du-jardinier/grands-outils-de-jardin/bechee-louchet-et-pelle/4608-beche-senlis-a-rebord.html
50864-14809;543725;120;20170116;https://www.jardiland.com/jardinage/equipement-du-jardinier/gants/50864-gant-travaux-humides.html
54920-54920;657026;120;20170116;https://www.jardiland.com/jardinage/entretien-et-traitements/pulverisateurs/accessoires-de-pulverisation/54920-coude-herbicide.html
406-406;1224609;120;20170116;https://www.jardiland.com/jardinage/entretien-et-traitements/engrais/engrais-pour-fruits-et-legumes/406-engrais-plantes-mediterraneennes-et-agrumes-1l-jardiland.html
32778-53132;1373573;120;20170116;https://www.jardiland.com/jardinage/entretien-et-traitements/engrais/engrais-pour-arbres-et-fleurs-du-jardin/32778-engrais-complet-double-actions.html
58743-58629;604796;120;20170116;https://www.jardiland.com/jardinage/entretien-et-traitements/engrais/engrais-matieres-premieres/58743-corne-broyee.html
36777-36777;1308151;120;20170116;https://www.jardiland.com/jardinage/entretien-et-traitements/anti-nuisibles-pieges-et-repulsifs/lutte-contre-les-rats-souris-taupes-et-rongeurs/36777-rats-pate-appat.html
4692-4692;577368;120;20170116;https://www.jardiland.com/jardinage/paillage-et-amendement/amendement/fumier/4692-fumier-de-ferme.html
50887-41435;577365;120;20170116;https://www.jardiland.com/jardinage/terreau/terreau-pour-jardin-et-potager/terreau-pour-agrumes/50887-terreau-agrumes.html
35589-27617;877105;120;20170116;https://www.jardiland.com/plantes/plantes-d-interieur/bonsais/ficus/35589-ficus-ginseng.html
35658-21860;658382;120;20170116;https://www.jardiland.com/plantes/plantes-d-interieur/cactus-et-plantes-grasses/mammillaria/35658-mammillaria.html
35645-29600;950842;120;20170116;https://www.jardiland.com/plantes/plantes-d-interieur/cactus-et-plantes-grasses/echinocactus/35645-echinocactus-grusonii.html
35590-29013;934042;120;20170116;https://www.jardiland.com/plantes/plantes-d-interieur/cactus-et-plantes-grasses/aeonium/35590-aeonium-arboreum.html
36125-21119;642848;120;20170116;https://www.jardiland.com/plantes/plantes-d-interieur/plantes-vertes/zamioculcas/36125-zamioculcas-zamiifolia.html
36109-14460;1451664;120;20170116;https://www.jardiland.com/plantes/plantes-d-interieur/plantes-vertes/senecio/36109-senecio-herreianus-mini-plante.html
35852-10233;1344333;120;20170116;https://www.jardiland.com/plantes/plantes-d-interieur/plantes-vertes/aralia-dizygotheca-fatsia/35852-fatsia-japonica.html
35847-24075;734083;120;20170116;https://www.jardiland.com/plantes/plantes-d-interieur/plantes-vertes/aglaonema/35847-aglaonema-silver-bay.html
35711-6024;1000959;120;20170116;https://www.jardiland.com/plantes/plantes-d-interieur/orchidees/vanda/35711-orchidee-vanda.html
54384-54078;1459921;120;20170116;https://www.jardiland.com/plantes/plantes-d-interieur/plantes-fleuries/gardenia/54384-gardenia-jasminoides.html
56543-56543;565428;120;20170116;https://www.jardiland.com/plantes/graines-et-gazon/graines-de-fleurs/fleurs-vivaces/56543-cineraire-maritime.html
925-925;1252142;120;20170116;https://www.jardiland.com/plantes/graines-et-gazon/graines-potageres-et-aromatiques/salades/925-laitue-grosse-blonde-d-hiver.html
35451-26312;857706;120;20170116;https://www.jardiland.com/plantes/bulbes-et-pommes-de-terre/bulbes-potagers-oignons-ail/oignon/35451-oignon-white-ebenezer.html
35448-25862;829224;120;20170116;https://www.jardiland.com/plantes/bulbes-et-pommes-de-terre/bulbes-potagers-oignons-ail/oignon/35448-oignon-stuttgarter-riesen.html
35456-25871;829407;120;20170116;https://www.jardiland.com/plantes/bulbes-et-pommes-de-terre/bulbes-potagers-oignons-ail/oignon/35456-oignon-red-baron.html
35443-26720;857633;120;20170116;https://www.jardiland.com/plantes/bulbes-et-pommes-de-terre/bulbes-potagers-oignons-ail/echalote/35443-echalote-mikor.html
35443-26088;837434;120;20170116;https://www.jardiland.com/plantes/bulbes-et-pommes-de-terre/bulbes-potagers-oignons-ail/echalote/35443-echalote-mikor.html
41903-26076;837430;120;20170116;https://www.jardiland.com/plantes/bulbes-et-pommes-de-terre/bulbes-potagers-oignons-ail/echalote/41903-echalote-longor.html
41903-26074;837428;120;20170116;https://www.jardiland.com/plantes/bulbes-et-pommes-de-terre/bulbes-potagers-oignons-ail/echalote/41903-echalote-longor.html
41902-26073;837427;120;20170116;https://www.jardiland.com/plantes/bulbes-et-pommes-de-terre/bulbes-potagers-oignons-ail/echalote/41902-echalote-jermor.html
35429-26054;837321;120;20170116;https://www.jardiland.com/plantes/bulbes-et-pommes-de-terre/bulbes-potagers-oignons-ail/ail/35429-ail-rose-de-lautrec.html
35430-26755;860643;120;20170116;https://www.jardiland.com/plantes/bulbes-et-pommes-de-terre/bulbes-potagers-oignons-ail/ail/35430-ail-cristo.html
35380-56947;1286428;120;20170116;https://www.jardiland.com/plantes/bulbes-et-pommes-de-terre/bulbes-a-fleurs/tulipe/35380-tulipes-triomphe-en-melange.html
56573-56573;1470901;120;20170116;https://www.jardiland.com/plantes/bulbes-et-pommes-de-terre/bulbes-a-fleurs/tulipe/56573-tulipes-simples-hatives-en-melange.html
56557-56557;1470917;120;20170116;https://www.jardiland.com/plantes/bulbes-et-pommes-de-terre/bulbes-a-fleurs/tulipe/56557-tulipes-doubles-hatives-en-melange.html
56663-56663;1470807;120;20170116;https://www.jardiland.com/plantes/bulbes-et-pommes-de-terre/bulbes-a-fleurs/tulipe/56663-tulipe-perroquet-orange-favourite.html
56687-56687;1470782;120;20170116;https://www.jardiland.com/plantes/bulbes-et-pommes-de-terre/bulbes-a-fleurs/tulipe/56687-tulipe-double-tardive-finola.html
56561-56561;1470913;120;20170116;https://www.jardiland.com/plantes/bulbes-et-pommes-de-terre/bulbes-a-fleurs/tulipe/56561-tulipe-double-tardive-carnaval-de-nice.html
56675-56675;1470794;120;20170116;https://www.jardiland.com/plantes/bulbes-et-pommes-de-terre/bulbes-a-fleurs/tulipe/56675-tulipe-double-hative-largo.html
56559-56559;1470915;120;20170116;https://www.jardiland.com/plantes/bulbes-et-pommes-de-terre/bulbes-a-fleurs/tulipe/56559-tulipe-botanique-greigii-chaperon-rouge.html
57001-56962;1232922;120;20170116;https://www.jardiland.com/plantes/bulbes-et-pommes-de-terre/bulbes-a-fleurs/jacinthe/57001-jacinthe-melange.html
58787-58787;1470858;120;20170116;https://www.jardiland.com/plantes/bulbes-et-pommes-de-terre/bulbes-a-fleurs/jacinthe/58787-jacinthe-d-orient-delft-blue.html
35061-56928;1430412;120;20170116;https://www.jardiland.com/plantes/bulbes-et-pommes-de-terre/bulbes-a-fleurs/autres-bulbes-a-fleurs/35061-fritillaire-meleagris.html
46542-46542;1451009;120;20170116;https://www.jardiland.com/plantes/bulbes-et-pommes-de-terre/bulbes-a-fleurs/autres-bulbes-a-fleurs/46542-eucomis-sparkling-burgundy.html
57104-57104;1429634;120;20170116;https://www.jardiland.com/plantes/bulbes-et-pommes-de-terre/bulbes-a-fleurs/tulipe/57104-add-love-tulipe-double-finola.html
5958-5958;1429632;120;20170116;https://www.jardiland.com/plantes/bulbes-et-pommes-de-terre/bulbes-a-fleurs/tulipe/5958-add-happiness-tulipe-triomphe-royal-virgin.html
42076-18628;597168;120;20170116;https://www.jardiland.com/plantes/potager-et-verger/fruitiers/pommier/42076-pommier-jonagold.html
34536-17942;592859;120;20170116;https://www.jardiland.com/plantes/potager-et-verger/fruitiers/mandarinier/34536-mandarinier-satsuma.html
36459-6184;1004067;120;20170116;https://www.jardiland.com/plantes/potager-et-verger/fruitiers/framboisier/36459-framboisier-marastarr.html
36434-30307;971549;120;20170116;https://www.jardiland.com/plantes/potager-et-verger/fruitiers/figuier/36434-figuier-violette-de-sollies.html
42013-17154;587898;120;20170116;https://www.jardiland.com/plantes/potager-et-verger/fruitiers/figuier/42013-figuier-rouge-de-bordeaux.html
42002-50566;1404150;120;20170116;https://www.jardiland.com/plantes/potager-et-verger/fruitiers/cerisier/42002-cerisier-bigarreau-napoleon.html
36487-28911;923165;120;20170116;https://www.jardiland.com/plantes/potager-et-verger/fruitiers/kiwai/36487-actinidia-arguta-male-kiwai.html
33982-48507;590251;120;20170116;https://www.jardiland.com/plantes/arbres-et-arbustes-d-ornement/coniferes/genevrier/33982-juniperus-x-pfitzeriana-mint-julep.html
33984-17373;590293;120;20170116;https://www.jardiland.com/plantes/arbres-et-arbustes-d-ornement/coniferes/genevrier/33984-genevrier-pfitzeriana-aurea.html
33951-57456;1010631;120;20170116;https://www.jardiland.com/plantes/arbres-et-arbustes-d-ornement/coniferes/cypres-de-leyland/33951-cypres-de-leyland-castlewellan-gold.html
33820-18344;595316;120;20170116;https://www.jardiland.com/plantes/arbres-et-arbustes-d-ornement/bambous/phyllostachys/33820-bambou-phyllostachys-bissetii.html
33816-18314;595235;120;20170116;https://www.jardiland.com/plantes/arbres-et-arbustes-d-ornement/bambous/phyllostachys/33816-bambou-phyllostachys-aureosulcata-spectabilis.html
33822-12064;1378709;120;20170116;https://www.jardiland.com/plantes/arbres-et-arbustes-d-ornement/bambous/phyllostachys/33822-bambou-phyllostachys.html
33798-55631;1472373;120;20170116;https://www.jardiland.com/plantes/arbres-et-arbustes-d-ornement/bambous/fargesia/33798-bambou-fargesia-murieliae-rufa.html
33798-25677;824749;120;20170116;https://www.jardiland.com/plantes/arbres-et-arbustes-d-ornement/bambous/fargesia/33798-bambou-fargesia-murieliae-rufa.html
33871-60231;1401781;120;20170116;https://www.jardiland.com/plantes/arbres-et-arbustes-d-ornement/buis-et-topiaires/houx-en-topiaire/33871-houx-crenele.html
33847-22494;678692;120;20170116;https://www.jardiland.com/plantes/arbres-et-arbustes-d-ornement/buis-et-topiaires/buis/33847-buis-commun.html
33847-16172;581732;120;20170116;https://www.jardiland.com/plantes/arbres-et-arbustes-d-ornement/buis-et-topiaires/buis/33847-buis-commun.html
33847-13768;1415268;120;20170116;https://www.jardiland.com/plantes/arbres-et-arbustes-d-ornement/buis-et-topiaires/buis/33847-buis-commun.html
33847-6216;1008205;120;20170116;https://www.jardiland.com/plantes/arbres-et-arbustes-d-ornement/buis-et-topiaires/buis/33847-buis-commun.html
33843-14151;1429700;120;20170116;https://www.jardiland.com/plantes/arbres-et-arbustes-d-ornement/buis-et-topiaires/buis/33843-buis-chateau.html
33842-7298;1225204;120;20170116;https://www.jardiland.com/plantes/arbres-et-arbustes-d-ornement/buis-et-topiaires/buis/33842-buis-arborescens.html
41587-7507;1232405;120;20170116;https://www.jardiland.com/plantes/arbres-et-arbustes-d-ornement/plantes-grimpantes/lierre/41587-lierre-d-irlande.html
34475-17058;588753;120;20170116;https://www.jardiland.com/plantes/arbres-et-arbustes-d-ornement/plantes-grimpantes/lierre/34475-lierre-shamrock.html
34458-22141;664920;120;20170116;https://www.jardiland.com/plantes/arbres-et-arbustes-d-ornement/plantes-grimpantes/jasmin/34458-jasmin-officinal-aureovariegatum.html
34441-21010;635869;120;20170116;https://www.jardiland.com/plantes/arbres-et-arbustes-d-ornement/plantes-grimpantes/glycine/34441-glycine-honbeni.html
34440-51806;602461;120;20170116;https://www.jardiland.com/plantes/arbres-et-arbustes-d-ornement/plantes-grimpantes/glycine/34440-glycine-alba.html
34422-49436;1363452;120;20170116;https://www.jardiland.com/plantes/arbres-et-arbustes-d-ornement/plantes-grimpantes/clematite/34422-clematite-saphyra-indigor.html
34339-13739;1414118;120;20170116;https://www.jardiland.com/plantes/arbres-et-arbustes-d-ornement/plantes-grimpantes/akebia/34339-akebia-quinata.html
41720-21370;643929;120;20170116;https://www.jardiland.com/plantes/arbres-et-arbustes-d-ornement/rosiers/rosiers-buissons/41720-rosier-william-shakespearer-ausroyal-pbr-anglais.html
34966-21344;643772;120;20170116;https://www.jardiland.com/plantes/arbres-et-arbustes-d-ornement/rosiers/rosiers-couvre-sols/34966-rosier-sunny-roser-korkilgwen-paysager.html
41709-12416;1386727;120;20170116;https://www.jardiland.com/plantes/arbres-et-arbustes-d-ornement/rosiers/rosiers-buissons/41709-rosier-rose-de-tavelr-reubis-polyantha.html
41632-19538;607392;120;20170116;https://www.jardiland.com/plantes/arbres-et-arbustes-d-ornement/rosiers/rosiers-buissons/41632-rosier-pat-austinr-ausmum-pbr-anglais.html
61016-60203;641299;120;20170116;https://www.jardiland.com/plantes/arbres-et-arbustes-d-ornement/rosiers/rosiers-grimpants/61016-rosier-grimpant-a-grandes-fleurs-pierre-de-ronsardr-meiviolin.html
41872-21340;643490;120;20170116;https://www.jardiland.com/plantes/arbres-et-arbustes-d-ornement/rosiers/rosiers-grimpants/41872-rosier-grimpant-a-grandes-fleurs-collection-generale.html
41823-21760;654823;120;20170116;https://www.jardiland.com/plantes/arbres-et-arbustes-d-ornement/rosiers/rosiers-couvre-sols/41823-rosier-fortunar-kortuna-paysager.html
41808-19687;608371;120;20170116;https://www.jardiland.com/plantes/arbres-et-arbustes-d-ornement/rosiers/rosiers-couvre-sols/41808-rosier-decorosiersr-opaliar-noaschnee.html
41610-28166;897620;120;20170116;https://www.jardiland.com/plantes/arbres-et-arbustes-d-ornement/rosiers/rosiers-buissons/41610-rosier-buisson-a-grandes-fleurs.html
41610-21674;653391;120;20170116;https://www.jardiland.com/plantes/arbres-et-arbustes-d-ornement/rosiers/rosiers-buissons/41610-rosier-buisson-a-grandes-fleurs.html
41611-60144;721191;120;20170116;https://www.jardiland.com/plantes/arbres-et-arbustes-d-ornement/rosiers/rosiers-buissons/41611-rosier-acapellar-tanallepa-grandes-fleurs.html
41611-40044;885509;120;20170116;https://www.jardiland.com/plantes/arbres-et-arbustes-d-ornement/rosiers/rosiers-buissons/41611-rosier-acapellar-tanallepa-grandes-fleurs.html
57266-57230;714680;120;20170116;https://www.jardiland.com/plantes/arbres-et-arbustes-d-ornement/rosiers/rosiers-buissons/57266-rosier-a-grandes-fleurs.html
41833-21663;653125;120;20170116;https://www.jardiland.com/plantes/arbres-et-arbustes-d-ornement/rosiers/rosiers-grimpants/41833-rosa-banksiae-ancien.html
41584-7191;1220254;120;20170116;https://www.jardiland.com/plantes/arbres-et-arbustes-d-ornement/plantes-de-terre-de-bruyere/rhododendron/41584-rhododendron.html
34230-24755;805487;120;20170116;https://www.jardiland.com/plantes/arbres-et-arbustes-d-ornement/plantes-de-terre-de-bruyere/kalmia/34230-kalmia-latifolia.html
34171-17385;589308;120;20170116;https://www.jardiland.com/plantes/arbres-et-arbustes-d-ornement/plantes-de-terre-de-bruyere/hortensia/34171-hortensia-rosita.html
34090-9824;1315915;120;20170116;https://www.jardiland.com/plantes/arbres-et-arbustes-d-ornement/plantes-de-terre-de-bruyere/bois-joli-daphne/34090-daphne-x-transatlantica-eternal-fragrance.html
41566-30922;992600;120;20170116;https://www.jardiland.com/plantes/arbres-et-arbustes-d-ornement/plantes-de-terre-de-bruyere/camelia/41566-camelia.html
34080-49121;580817;120;20170116;https://www.jardiland.com/plantes/arbres-et-arbustes-d-ornement/plantes-de-terre-de-bruyere/azalee/34080-azalea-mollis-hotspur-red-rouge.html
34699-21547;651307;120;20170116;https://www.jardiland.com/plantes/arbres-et-arbustes-d-ornement/plantes-mediterraneennes/autres-plantes-mediterraneennes/34699-sauge-microphylla.html
34770-7652;1240195;120;20170116;https://www.jardiland.com/plantes/arbres-et-arbustes-d-ornement/plantes-mediterraneennes/autres-plantes-mediterraneennes/34770-sauge-wendy-s-wish.html
34769-6261;1009138;120;20170116;https://www.jardiland.com/plantes/arbres-et-arbustes-d-ornement/plantes-mediterraneennes/autres-plantes-mediterraneennes/34769-sauge-melen-r.html
34683-39688;809749;120;20170116;https://www.jardiland.com/plantes/arbres-et-arbustes-d-ornement/plantes-mediterraneennes/autres-plantes-mediterraneennes/34683-pittosporum-tobira-nanum.html
34680-23705;720299;120;20170116;https://www.jardiland.com/plantes/arbres-et-arbustes-d-ornement/plantes-mediterraneennes/autres-plantes-mediterraneennes/34680-pittosporum-tenuifolium-variegatum.html
34681-18494;596427;120;20170116;https://www.jardiland.com/plantes/arbres-et-arbustes-d-ornement/plantes-mediterraneennes/autres-plantes-mediterraneennes/34681-pittosporum-tenuifolium.html
34681-18487;596419;120;20170116;https://www.jardiland.com/plantes/arbres-et-arbustes-d-ornement/plantes-mediterraneennes/autres-plantes-mediterraneennes/34681-pittosporum-tenuifolium.html
34682-59198;709662;120;20170116;https://www.jardiland.com/plantes/arbres-et-arbustes-d-ornement/plantes-mediterraneennes/autres-plantes-mediterraneennes/34682-pittospore-du-japon.html
34803-60855;584573;120;20170116;https://www.jardiland.com/plantes/arbres-et-arbustes-d-ornement/plantes-mediterraneennes/palmiers/34803-palmier-nain.html
34794-47092;594893;120;20170116;https://www.jardiland.com/plantes/arbres-et-arbustes-d-ornement/plantes-mediterraneennes/palmiers/34794-palmier-dattier-des-canaries.html
34794-23279;701741;120;20170116;https://www.jardiland.com/plantes/arbres-et-arbustes-d-ornement/plantes-mediterraneennes/palmiers/34794-palmier-dattier-des-canaries.html
34794-18225;594875;120;20170116;https://www.jardiland.com/plantes/arbres-et-arbustes-d-ornement/plantes-mediterraneennes/palmiers/34794-palmier-dattier-des-canaries.html
34794-17968;594895;120;20170116;https://www.jardiland.com/plantes/arbres-et-arbustes-d-ornement/plantes-mediterraneennes/palmiers/34794-palmier-dattier-des-canaries.html
34649-17597;590733;120;20170116;https://www.jardiland.com/plantes/arbres-et-arbustes-d-ornement/plantes-mediterraneennes/autres-plantes-mediterraneennes/34649-lilas-des-indes-jacqueline-desmartisr.html
34780-47011;1438061;120;20170116;https://www.jardiland.com/plantes/arbres-et-arbustes-d-ornement/plantes-mediterraneennes/laurier-rose/34780-laurier-rose.html
34571-51722;852067;120;20170116;https://www.jardiland.com/plantes/arbres-et-arbustes-d-ornement/plantes-mediterraneennes/autres-plantes-mediterraneennes/34571-callistemon-rugulosus-laevis.html
34545-7762;1245284;120;20170116;https://www.jardiland.com/plantes/arbres-et-arbustes-d-ornement/plantes-mediterraneennes/autres-plantes-mediterraneennes/34545-bignone-a-vrilles.html
34585-16031;579889;120;20170116;https://www.jardiland.com/plantes/arbres-et-arbustes-d-ornement/plantes-mediterraneennes/autres-plantes-mediterraneennes/34585-arbousier.html
34553-7421;1230939;120;20170116;https://www.jardiland.com/plantes/arbres-et-arbustes-d-ornement/plantes-mediterraneennes/autres-plantes-mediterraneennes/34553-anisodontea-scabrosa-miss-pinky.html
33629-19007;599995;120;20170116;https://www.jardiland.com/plantes/arbres-et-arbustes-d-ornement/arbres-et-arbustes/saule/33629-salix-viminalis.html
33681-60838;599679;120;20170116;https://www.jardiland.com/plantes/arbres-et-arbustes-d-ornement/arbres-et-arbustes/sumac/33681-rhus-typhina-dissecta.html
33600-38424;1419382;120;20170116;https://www.jardiland.com/plantes/arbres-et-arbustes-d-ornement/arbres-et-arbustes/prunus/33600-prunus-persica.html
33575-18788;597885;120;20170116;https://www.jardiland.com/plantes/arbres-et-arbustes-d-ornement/arbres-et-arbustes/prunus/33575-prunus-mume-beni-chi-dori.html
33358-27283;871216;120;20170116;https://www.jardiland.com/plantes/arbres-et-arbustes-d-ornement/arbres-et-arbustes/laurier-palme/33358-prunus-laurocerasus-rotundifolia.html
33358-18784;597840;120;20170116;https://www.jardiland.com/plantes/arbres-et-arbustes-d-ornement/arbres-et-arbustes/laurier-palme/33358-prunus-laurocerasus-rotundifolia.html
33579-25021;809319;120;20170116;https://www.jardiland.com/plantes/arbres-et-arbustes-d-ornement/arbres-et-arbustes/prunus/33579-prunus-cerasifera-nigra.html
33553-18675;597461;120;20170116;https://www.jardiland.com/plantes/arbres-et-arbustes-d-ornement/arbres-et-arbustes/potentille/33553-potentilla-fruticosa-abbotswood.html
33534-7271;1224581;120;20170116;https://www.jardiland.com/plantes/arbres-et-arbustes-d-ornement/arbres-et-arbustes/poirier-d-ornement/33534-poirier.html
33519-30466;973936;120;20170116;https://www.jardiland.com/plantes/arbres-et-arbustes-d-ornement/arbres-et-arbustes/photinia/33519-photinia-x-fraseri-little-red-robin.html
33519-14334;1439578;120;20170116;https://www.jardiland.com/plantes/arbres-et-arbustes-d-ornement/arbres-et-arbustes/photinia/33519-photinia-x-fraseri-little-red-robin.html
33490-10472;1348942;120;20170116;https://www.jardiland.com/plantes/arbres-et-arbustes-d-ornement/arbres-et-arbustes/oranger-du-mexique/33490-oranger-du-mexique-white-dazzler.html
33482-13275;1403563;120;20170116;https://www.jardiland.com/plantes/arbres-et-arbustes-d-ornement/arbres-et-arbustes/oranger-du-mexique/33482-oranger-du-mexique-aztec-gold.html
41540-17953;592945;120;20170116;https://www.jardiland.com/plantes/arbres-et-arbustes-d-ornement/arbres-et-arbustes/murier/41540-murier-a-feuilles-de-platane.html
33465-25346;817223;120;20170116;https://www.jardiland.com/plantes/arbres-et-arbustes-d-ornement/arbres-et-arbustes/millepertuis/33465-millepertuis-hidcote.html
33459-16004;579619;120;20170116;https://www.jardiland.com/plantes/arbres-et-arbustes-d-ornement/arbres-et-arbustes/marronnier/33459-marronnier-rouge-briotii.html
33538-17915;592686;120;20170116;https://www.jardiland.com/plantes/arbres-et-arbustes-d-ornement/arbres-et-arbustes/pommier-d-ornement/33538-malus-john-downie.html
59315-58902;1475648;120;20170116;https://www.jardiland.com/plantes/arbres-et-arbustes-d-ornement/arbres-et-arbustes/liquidambar/59315-liquidambar-gum-ball.html
33403-17681;591576;120;20170116;https://www.jardiland.com/plantes/arbres-et-arbustes-d-ornement/arbres-et-arbustes/lavatere/33403-lavatera-rosea.html
33409-47663;752803;120;20170116;https://www.jardiland.com/plantes/arbres-et-arbustes-d-ornement/arbres-et-arbustes/lavatere/33409-lavatera-red-rum.html
33356-17571;590523;120;20170116;https://www.jardiland.com/plantes/arbres-et-arbustes-d-ornement/arbres-et-arbustes/kolkwitzia/33356-kolkwitzia-amabilis-pink-cloud.html
33112-25141;818432;120;20170116;https://www.jardiland.com/plantes/arbres-et-arbustes-d-ornement/arbres-et-arbustes/corete-du-japon/33112-kerria-japonica-golden-guinea.html
33341-17492;589797;120;20170116;https://www.jardiland.com/plantes/arbres-et-arbustes-d-ornement/arbres-et-arbustes/houx/33341-ilex-aquifolium-j-c-van-tol.html
33347-17488;589733;120;20170116;https://www.jardiland.com/plantes/arbres-et-arbustes-d-ornement/arbres-et-arbustes/houx/33347-ilex-aquifolium-alaska.html
33319-11304;1363911;120;20170116;https://www.jardiland.com/plantes/arbres-et-arbustes-d-ornement/arbres-et-arbustes/hibiscus/33319-hibiscus-syriacus-resi.html
33334-21904;659809;120;20170116;https://www.jardiland.com/plantes/arbres-et-arbustes-d-ornement/arbres-et-arbustes/hibiscus/33334-hibiscus-syriacus-purple-ruffles.html
33254-17101;587553;120;20170116;https://www.jardiland.com/plantes/arbres-et-arbustes-d-ornement/arbres-et-arbustes/fusain/33254-fusain-du-japon-bravo.html
33252-17093;587525;120;20170116;https://www.jardiland.com/plantes/arbres-et-arbustes-d-ornement/arbres-et-arbustes/fusain/33252-fusain-du-japon-aureus.html
33231-17168;587983;120;20170116;https://www.jardiland.com/plantes/arbres-et-arbustes-d-ornement/arbres-et-arbustes/forsythia/33231-forsythia-maree-d-orr-courtasol-pbr.html
33272-29702;953249;120;20170116;https://www.jardiland.com/plantes/arbres-et-arbustes-d-ornement/arbres-et-arbustes/fusain/33272-euonymus-japonicus-microphyllus-pulchellus.html
33260-17113;587611;120;20170116;https://www.jardiland.com/plantes/arbres-et-arbustes-d-ornement/arbres-et-arbustes/fusain/33260-euonymus-japonicus-microphyllus.html
33268-13828;1429725;120;20170116;https://www.jardiland.com/plantes/arbres-et-arbustes-d-ornement/arbres-et-arbustes/fusain/33268-euonymus-japonicus-microphyllus-albovariegatus.html
33263-17119;587656;120;20170116;https://www.jardiland.com/plantes/arbres-et-arbustes-d-ornement/arbres-et-arbustes/fusain/33263-euonymus-japonicus.html
33245-17045;587428;120;20170116;https://www.jardiland.com/plantes/arbres-et-arbustes-d-ornement/arbres-et-arbustes/fusain/33245-euonymus-fortunei-emerald-gaiety.html
33245-14155;1429722;120;20170116;https://www.jardiland.com/plantes/arbres-et-arbustes-d-ornement/arbres-et-arbustes/fusain/33245-euonymus-fortunei-emerald-gaiety.html
33213-17016;587242;120;20170116;https://www.jardiland.com/plantes/arbres-et-arbustes-d-ornement/arbres-et-arbustes/escallonia/33213-escallonia-donard-radiance.html
33190-22494;678692;120;20170116;https://www.jardiland.com/plantes/arbres-et-arbustes-d-ornement/arbres-et-arbustes/erable/33190-erable-champetre.html
33161-21463;648722;120;20170116;https://www.jardiland.com/plantes/arbres-et-arbustes-d-ornement/arbres-et-arbustes/deutzia/33161-deutzia-gracilis-nikko.html
33159-26715;857195;120;20170116;https://www.jardiland.com/plantes/arbres-et-arbustes-d-ornement/arbres-et-arbustes/cytise/33159-cytise-vossii.html
33148-16764;586148;120;20170116;https://www.jardiland.com/plantes/arbres-et-arbustes-d-ornement/arbres-et-arbustes/cotoneaster/33148-cotoneaster-laiteux.html
33120-16663;585630;120;20170116;https://www.jardiland.com/plantes/arbres-et-arbustes-d-ornement/arbres-et-arbustes/cornouiller/33120-cornouiller-blanc.html
33092-18878;598278;120;20170116;https://www.jardiland.com/plantes/arbres-et-arbustes-d-ornement/arbres-et-arbustes/chene/33092-chene-vert.html
33064-16248;583280;120;20170116;https://www.jardiland.com/plantes/arbres-et-arbustes-d-ornement/arbres-et-arbustes/ceanothe/33064-ceanothus-x-pallidus-marie-simon.html
33055-16343;583079;120;20170116;https://www.jardiland.com/plantes/arbres-et-arbustes-d-ornement/arbres-et-arbustes/catalpa/33055-catalpa-commun.html
33038-51931;847189;120;20170116;https://www.jardiland.com/plantes/arbres-et-arbustes-d-ornement/arbres-et-arbustes/buddleia/33038-buddleja-davidii-adonis-blue-adokeep-pbr.html
33038-22135;664812;120;20170116;https://www.jardiland.com/plantes/arbres-et-arbustes-d-ornement/arbres-et-arbustes/buddleia/33038-buddleja-davidii-adonis-blue-adokeep-pbr.html
33037-26207;839953;120;20170116;https://www.jardiland.com/plantes/arbres-et-arbustes-d-ornement/arbres-et-arbustes/buddleia/33037-buddleja-davidii-white-profusion.html
33030-16129;581376;120;20170116;https://www.jardiland.com/plantes/arbres-et-arbustes-d-ornement/arbres-et-arbustes/buddleia/33030-buddleja-davidii-empire-blue.html
33007-16093;581018;120;20170116;https://www.jardiland.com/plantes/arbres-et-arbustes-d-ornement/arbres-et-arbustes/berberis/33007-berberis-x-ottawensis-auricoma.html
33011-16103;581063;120;20170116;https://www.jardiland.com/plantes/arbres-et-arbustes-d-ornement/arbres-et-arbustes/berberis/33011-berberis-thunbergii-green-carpet.html
33002-10934;1369816;120;20170116;https://www.jardiland.com/plantes/arbres-et-arbustes-d-ornement/arbres-et-arbustes/berberis/33002-berberis-thunbergii-atropurpurea.html
32959-16785;586230;120;20170116;https://www.jardiland.com/plantes/arbres-et-arbustes-d-ornement/arbres-et-arbustes/aubepine/32959-aubepine-paul-s-scarlet.html
32930-23271;701241;120;20170116;https://www.jardiland.com/plantes/arbres-et-arbustes-d-ornement/arbres-et-arbustes/abelia/32930-abelia-x-edward-goucher.html
