ID_WEB;ID_JDN;CODEMAG;DATE_ASPI;URLPRODUIT
2197-2197;1397387;147;20170119;https://www.jardiland.com/maison-deco/cache-pot-d-interieur/a-reserve-d-eau/autres-pots/2197-set-d-assemblage-cascadino.html
46799-46799;1424455;147;20170119;https://www.jardiland.com/maison-deco/cache-pot-d-interieur/cache-pot-simple/ceramique/46799-cache-pot-melrose-fuschia-5-184-l.html
46800-46800;1424454;147;20170119;https://www.jardiland.com/maison-deco/cache-pot-d-interieur/cache-pot-simple/ceramique/46800-cache-pot-melrose-fuschia-3-302-l.html
46594-46594;1424440;147;20170119;https://www.jardiland.com/maison-deco/cache-pot-d-interieur/cache-pot-simple/ceramique/46594-cache-pot-magic-gris-1-7-l.html
4941-4941;855377;147;20170119;https://www.jardiland.com/maison-deco/cheminee/accessoires-de-cheminee/pare-feu/4941-pare-feu-3-volets-feuillage.html
4940-4940;855371;147;20170119;https://www.jardiland.com/maison-deco/cheminee/accessoires-de-cheminee/pare-feu/4940-pare-feu-carre-a-bord-rond-la-64-x-ha-50-cm.html
3481-3481;1434269;147;20170119;https://www.jardiland.com/maison-deco/objets-de-decoration/autres-objets-de-decoration/fruit-et-legume-artificiel/3481-pomme-orange-o-14-cm.html
3451-3451;1434266;147;20170119;https://www.jardiland.com/maison-deco/objets-de-decoration/autres-objets-de-decoration/fruit-et-legume-artificiel/3451-pomme-bleu-clair-o-6o5-cm.html
1708-1708;1359255;147;20170119;https://www.jardiland.com/maison-deco/objets-de-decoration/autres-objets-de-decoration/autres-objets-de-decoration/1708-cache-pot-robinet.html
1900-1900;1325802;147;20170119;https://www.jardiland.com/maison-deco/objets-de-decoration/cadres-tableaux-et-stickers/cadre-et-tableau/1900-toile-imprimee-fleurs-grises-et-blanches.html
1379-1379;1292700;147;20170119;https://www.jardiland.com/maison-deco/objets-de-decoration/cadres-tableaux-et-stickers/cadre-et-tableau/1379-tableau-cerise.html
51569-51569;1417075;147;20170119;https://www.jardiland.com/maison-deco/objets-de-decoration/vases-coupes-et-accessoires/pot-et-coupe/51569-jardiniere-botanicae.html
14144-14144;1429472;147;20170119;https://www.jardiland.com/maison-deco/objets-de-decoration/bougies-et-senteurs/support-et-accessoires/14144-table-en-aluminium-naples-200-300cm.html
41187-41187;1402876;147;20170119;https://www.jardiland.com/maison-deco/objets-de-decoration/bougies-et-senteurs/parfum-d-ambiance-diffuseur-a-froid/41187-rose-bouquet-parfume-paris-chic-lampe-berger.html
32920-9957;1320743;147;20170119;https://www.jardiland.com/maison-deco/objets-de-decoration/bougies-et-senteurs/parfum-d-ambiance-diffuseur-a-froid/32920-recharge-parfum-goatier.html
32918-9937;1320691;147;20170119;https://www.jardiland.com/maison-deco/objets-de-decoration/bougies-et-senteurs/parfum-d-ambiance-diffuseur-a-froid/32918-parfum-goatier-cocoon.html
32918-9936;1320689;147;20170119;https://www.jardiland.com/maison-deco/objets-de-decoration/bougies-et-senteurs/parfum-d-ambiance-diffuseur-a-froid/32918-parfum-goatier-cocoon.html
58541-58541;1453827;147;20170119;https://www.jardiland.com/maison-deco/objets-de-decoration/bougeoirs-photophores-et-lanternes/bougeoir-et-photophore-deco/58541-photophore-gris-en-metal-10-10-20-cm.html
52721-52721;1432912;147;20170119;https://www.jardiland.com/maison-deco/objets-de-decoration/bougeoirs-photophores-et-lanternes/lanterne/52721-lanterne-ruth-noir.html
32327-14467;1440435;147;20170119;https://www.jardiland.com/animaux/oiseau-de-la-nature/alimentation/32327-cylindre-de-graisse-pour-oiseaux.html
32322-12859;1398626;147;20170119;https://www.jardiland.com/animaux/oiseau-de-la-nature/alimentation/32322-cylindre-de-graisse-avec-support.html
32322-12858;1398625;147;20170119;https://www.jardiland.com/animaux/oiseau-de-la-nature/alimentation/32322-cylindre-de-graisse-avec-support.html
32322-12857;1398624;147;20170119;https://www.jardiland.com/animaux/oiseau-de-la-nature/alimentation/32322-cylindre-de-graisse-avec-support.html
32322-12856;1398623;147;20170119;https://www.jardiland.com/animaux/oiseau-de-la-nature/alimentation/32322-cylindre-de-graisse-avec-support.html
60059-60059;544304;147;20170119;https://www.jardiland.com/animaux/poisson/entretien-et-soins/produit-pour-plante/60059-sera-co2-tabs-plus.html
32472-29572;957333;147;20170119;https://www.jardiland.com/animaux/poisson/materiel-chauffage-filtres-et-pompes/aeration/32472-diffuseur-d-air-barre.html
1309-1309;1304936;147;20170119;https://www.jardiland.com/animaux/poisson/decoration-pour-aquarium/decoration-d-aquarium/1309-decor-pour-aquarium-zen-garden.html
2904-2904;1403929;147;20170119;https://www.jardiland.com/animaux/poisson/decoration-pour-aquarium/decoration-d-aquarium/2904-amphore-xxii-slim-de-12-cm.html
56771-56771;1437537;147;20170119;https://www.jardiland.com/animaux/basse-cour/poulaillers-clapiers-et-accessoires/poulailler/56771-poulailler-nevada-extend.html
56548-56548;537445;147;20170119;https://www.jardiland.com/animaux/basse-cour/poulaillers-clapiers-et-accessoires/poulailler/56548-pigeonnier-barnet.html
52608-52608;1448422;147;20170119;https://www.jardiland.com/animaux/basse-cour/poulaillers-clapiers-et-accessoires/mangeoire-et-abreuvoir/52608-mangeoire-volailles-lineaire-pvc.html
12550-12550;1391137;147;20170119;https://www.jardiland.com/animaux/chat/alimentation-et-friandises/croquette-pour-chat/12550-whiskas-croquettes-adulte.html
31712-12550;1391137;147;20170119;https://www.jardiland.com/animaux/chat/alimentation-et-friandises/croquette-pour-chat/31712-whiskas-croquettes-adulte.html
32122-26278;842298;147;20170119;https://www.jardiland.com/animaux/chien/colliers-laisses-et-vetements/pull-pour-chien/32122-pull-basic-pour-chien.html
32126-13980;1423801;147;20170119;https://www.jardiland.com/animaux/chien/colliers-laisses-et-vetements/pull-pour-chien/32126-polaire-pour-chien-wouapy.html
32103-55448;743670;147;20170119;https://www.jardiland.com/animaux/chien/colliers-laisses-et-vetements/manteau-pour-chien/32103-imper-basic-pour-chien.html
32103-24323;743677;147;20170119;https://www.jardiland.com/animaux/chien/colliers-laisses-et-vetements/manteau-pour-chien/32103-imper-basic-pour-chien.html
32103-24322;743676;147;20170119;https://www.jardiland.com/animaux/chien/colliers-laisses-et-vetements/manteau-pour-chien/32103-imper-basic-pour-chien.html
32103-24321;743675;147;20170119;https://www.jardiland.com/animaux/chien/colliers-laisses-et-vetements/manteau-pour-chien/32103-imper-basic-pour-chien.html
32103-24312;743659;147;20170119;https://www.jardiland.com/animaux/chien/colliers-laisses-et-vetements/manteau-pour-chien/32103-imper-basic-pour-chien.html
32103-23867;743667;147;20170119;https://www.jardiland.com/animaux/chien/colliers-laisses-et-vetements/manteau-pour-chien/32103-imper-basic-pour-chien.html
32060-11717;1372239;147;20170119;https://www.jardiland.com/animaux/chien/colliers-laisses-et-vetements/harnais/32060-harnais-pour-chien-pois-s.html
32110-13643;1423763;147;20170119;https://www.jardiland.com/animaux/chien/colliers-laisses-et-vetements/manteau-pour-chien/32110-doudoune-pour-chien.html
32110-12577;1394653;147;20170119;https://www.jardiland.com/animaux/chien/colliers-laisses-et-vetements/manteau-pour-chien/32110-doudoune-pour-chien.html
32023-11692;1372167;147;20170119;https://www.jardiland.com/animaux/chien/colliers-laisses-et-vetements/collier-pour-chien/32023-collier-pour-chien-disco-xs.html
32044-12277;1380448;147;20170119;https://www.jardiland.com/animaux/chien/colliers-laisses-et-vetements/collier-pour-chien/32044-collier-lumineux-pour-chien-xl.html
32041-12230;1380437;147;20170119;https://www.jardiland.com/animaux/chien/colliers-laisses-et-vetements/collier-pour-chien/32041-collier-lumineux-pour-chien-s.html
32015-24214;739423;147;20170119;https://www.jardiland.com/animaux/chien/colliers-laisses-et-vetements/collier-pour-chien/32015-collier-etrangleur-pour-chien.html
32015-6667;1016632;147;20170119;https://www.jardiland.com/animaux/chien/colliers-laisses-et-vetements/collier-pour-chien/32015-collier-etrangleur-pour-chien.html
32240-22019;660339;147;20170119;https://www.jardiland.com/animaux/chien/niches-couchage-et-transport/tapis/32240-coussin-plat-kilt.html
32240-22015;660335;147;20170119;https://www.jardiland.com/animaux/chien/niches-couchage-et-transport/tapis/32240-coussin-plat-kilt.html
50782-50354;1448115;147;20170119;https://www.jardiland.com/animaux/chien/niches-couchage-et-transport/corbeille/50782-corbeille-club-bella-gris.html
52463-52183;1209401;147;20170119;https://www.jardiland.com/animaux/chien/alimentation-et-friandises/os-a-macher/52463-os-presse.html
31937-44156;1437630;147;20170119;https://www.jardiland.com/animaux/chien/alimentation-et-friandises/croquette-pour-chien/31937-croquettes-royal-canin-shih-tzu-adult.html
31663-14373;566371;147;20170119;https://www.jardiland.com/amenagement-du-jardin/pots-bacs-jardinieres-et-supports/tuteurs-et-supports-de-plante/tuteur/31663-anneaux-tuteurs.html
31442-10569;1350363;147;20170119;https://www.jardiland.com/amenagement-du-jardin/pots-bacs-jardinieres-et-supports/en-email/31442-pot-papyrus-en-email.html
31464-9198;1292908;147;20170119;https://www.jardiland.com/amenagement-du-jardin/pots-bacs-jardinieres-et-supports/en-email/31464-pot-en-email-austral.html
31464-6667;1016632;147;20170119;https://www.jardiland.com/amenagement-du-jardin/pots-bacs-jardinieres-et-supports/en-email/31464-pot-en-email-austral.html
31563-10373;1349140;147;20170119;https://www.jardiland.com/amenagement-du-jardin/pots-bacs-jardinieres-et-supports/en-plastique/31563-pot-rond-vasija-en-resine-de-polyethylene.html
31563-10372;1349139;147;20170119;https://www.jardiland.com/amenagement-du-jardin/pots-bacs-jardinieres-et-supports/en-plastique/31563-pot-rond-vasija-en-resine-de-polyethylene.html
31549-14205;1429928;147;20170119;https://www.jardiland.com/amenagement-du-jardin/pots-bacs-jardinieres-et-supports/en-plastique/31549-pot-romeo.html
31540-6803;1017932;147;20170119;https://www.jardiland.com/amenagement-du-jardin/pots-bacs-jardinieres-et-supports/en-plastique/31540-pot-maceta.html
2041-2041;1349585;147;20170119;https://www.jardiland.com/amenagement-du-jardin/pots-bacs-jardinieres-et-supports/en-plastique/2041-pot-lumineux-blanc-o-16-cm-a-led.html
31556-54781;1471652;147;20170119;https://www.jardiland.com/amenagement-du-jardin/pots-bacs-jardinieres-et-supports/en-plastique/31556-jardiniere-en-plastique-landhaus.html
21562-52422;976445;147;20170119;https://www.jardiland.com/amenagement-du-jardin/amenagement/dalles-galets-et-pas-japonais/galet-et-gravier/21562-galets-decoratifs-zen.html
31170-6599;1015495;147;20170119;https://www.jardiland.com/amenagement-du-jardin/amenagement/dalles-galets-et-pas-japonais/dalle/31170-dalle-gazon.html
2170-2170;1363897;147;20170119;https://www.jardiland.com/amenagement-du-jardin/barbecues-cuisine-exterieur/autres/accessoires-de-barbecue/2170-pince-de-barbecue.html
40484-39543;723658;147;20170119;https://www.jardiland.com/amenagement-du-jardin/barbecues-cuisine-exterieur/autres/accessoires-de-barbecue/40484-grille-de-barbecue.html
2573-2573;1394560;147;20170119;https://www.jardiland.com/amenagement-du-jardin/barbecues-cuisine-exterieur/autres/combustible/2573-cubes-allume-feu.html
46638-46638;1364132;147;20170119;https://www.jardiland.com/amenagement-du-jardin/barbecues-cuisine-exterieur/autres/accessoires-de-barbecue/46638-chariot-en-chene-et-inox.html
36626-36626;545101;147;20170119;https://www.jardiland.com/amenagement-du-jardin/barbecues-cuisine-exterieur/autres/accessoires-de-barbecue/36626-brosse-3-en-1-1.html
588-588;1250921;147;20170119;https://www.jardiland.com/amenagement-du-jardin/barbecues-cuisine-exterieur/autres/accessoires-de-barbecue/588-boule-de-laine-inox-avec-poignee.html
42119-42119;1351187;147;20170119;https://www.jardiland.com/amenagement-du-jardin/barbecues-cuisine-exterieur/au-charbon/42119-barbecue-au-charbon-serena.html
31300-12976;1400657;147;20170119;https://www.jardiland.com/amenagement-du-jardin/eclairage-et-chauffage-d-exterieur/bougies-d-exterieur/31300-bougie-en-bocal-le-parfait-taille-s.html
31302-12779;1397838;147;20170119;https://www.jardiland.com/amenagement-du-jardin/eclairage-et-chauffage-d-exterieur/eclairage-solaire/31302-lanterne-solaire-coloree.html
2699-2699;1397144;147;20170119;https://www.jardiland.com/amenagement-du-jardin/mobilier-de-jardin/mobilier-enfant/salon-complet/2699-table-de-pique-nique-pour-enfant.html
2698-2698;1397143;147;20170119;https://www.jardiland.com/amenagement-du-jardin/mobilier-de-jardin/mobilier-enfant/petit-mobilier/2698-fauteuil-pour-enfant.html
31358-10197;1341322;147;20170119;https://www.jardiland.com/amenagement-du-jardin/mobilier-de-jardin/salon-de-jardin/mobilier-pliant/31358-table-ronde-bistro.html
43334-10569;1350363;147;20170119;https://www.jardiland.com/amenagement-du-jardin/mobilier-de-jardin/salon-de-jardin/mobilier-pliant/43334-chaise-pliante-globe.html
5221-5221;981749;147;20170119;https://www.jardiland.com/jardinage/arrosage/arrosage-goutte-a-goutte/5221-jonction-droite-13-mm-x3-1.html
1786-1786;1315212;147;20170119;https://www.jardiland.com/jardinage/arrosage/tuyaux-devidoirs-lances-et-pistolets/pistolet/1786-pistolet-multi-jets.html
1828-1828;1315231;147;20170119;https://www.jardiland.com/jardinage/arrosage/tuyaux-devidoirs-lances-et-pistolets/raccord/1828-necessaire-de-connexion-15-mm.html
5210-5210;955714;147;20170119;https://www.jardiland.com/jardinage/outils-a-moteur/autres-outils-a-moteur/accessoires/5210-tetes-completes-pour-coupe-bordures-rlt4025-1.html
3929-3929;575780;147;20170119;https://www.jardiland.com/jardinage/outils-a-moteur/autres-outils-a-moteur/accessoires/3929-bougie-de-tronconneuse-et-debroussailleuse-cj8-1.html
4609-4609;576354;147;20170119;https://www.jardiland.com/jardinage/outils-et-materiel-du-jardinier/grands-outils-de-jardin/bechee-louchet-et-pelle/4609-beche-senlis-a-rebord-avec-bequille.html
32714-11930;1374819;147;20170119;https://www.jardiland.com/jardinage/equipement-du-jardinier/bottes-et-sabots/32714-sabots-en-caoutchouc-clean-land.html
32718-11965;1374881;147;20170119;https://www.jardiland.com/jardinage/equipement-du-jardinier/bottes-et-sabots/32718-sabot-en-caoutchouc-neo-walker.html
32718-11960;1374876;147;20170119;https://www.jardiland.com/jardinage/equipement-du-jardinier/bottes-et-sabots/32718-sabot-en-caoutchouc-neo-walker.html
32742-42629;1375043;147;20170119;https://www.jardiland.com/jardinage/equipement-du-jardinier/gants/32742-gants-de-jardin-pour-rosiers.html
4459-4459;573784;147;20170119;https://www.jardiland.com/jardinage/entretien-et-traitements/pulverisateurs/accessoires-de-pulverisation/4459-lance-multifonction-profile.html
32792-53174;577899;147;20170119;https://www.jardiland.com/jardinage/entretien-et-traitements/traitements-des-plantes-et-lutte-bio/autres-traitements/32792-mastic-a-cicatriser.html
40836-39493;706054;147;20170119;https://www.jardiland.com/plantes/sapins-de-noel/supports-pieds-et-accessoires-de-sapin/40836-pied-de-sapin-en-fer.html
40836-37923;1267739;147;20170119;https://www.jardiland.com/plantes/sapins-de-noel/supports-pieds-et-accessoires-de-sapin/40836-pied-de-sapin-en-fer.html
35629-56258;843875;147;20170119;https://www.jardiland.com/plantes/plantes-d-interieur/cactus-et-plantes-grasses/crassula/35629-crassula-minor.html
35630-23653;843875;147;20170119;https://www.jardiland.com/plantes/plantes-d-interieur/cactus-et-plantes-grasses/crassula/35630-crassula.html
35630-22783;688354;147;20170119;https://www.jardiland.com/plantes/plantes-d-interieur/cactus-et-plantes-grasses/crassula/35630-crassula.html
35674-28481;911327;147;20170119;https://www.jardiland.com/plantes/plantes-d-interieur/cactus-et-plantes-grasses/succulentes/35674-cotyledon-unulata.html
35622-30589;985414;147;20170119;https://www.jardiland.com/plantes/plantes-d-interieur/cactus-et-plantes-grasses/cereus/35622-cereus-peruvianus.html
36125-24853;810246;147;20170119;https://www.jardiland.com/plantes/plantes-d-interieur/plantes-vertes/zamioculcas/36125-zamioculcas-zamiifolia.html
36113-21757;654786;147;20170119;https://www.jardiland.com/plantes/plantes-d-interieur/plantes-vertes/senecio/36113-senecio-himalaya-mini-plante.html
36066-43813;704447;147;20170119;https://www.jardiland.com/plantes/plantes-d-interieur/plantes-vertes/nolina-beaucarnea/36066-pied-d-elephant.html
36066-39996;880072;147;20170119;https://www.jardiland.com/plantes/plantes-d-interieur/plantes-vertes/nolina-beaucarnea/36066-pied-d-elephant.html
36066-25633;823808;147;20170119;https://www.jardiland.com/plantes/plantes-d-interieur/plantes-vertes/nolina-beaucarnea/36066-pied-d-elephant.html
36069-21708;654304;147;20170119;https://www.jardiland.com/plantes/plantes-d-interieur/plantes-vertes/pachira/36069-pachira-aquatica.html
36060-20685;632942;147;20170119;https://www.jardiland.com/plantes/plantes-d-interieur/plantes-vertes/nephrolepis/36060-nephrolepis-exaltata-bostoniensis-mini-plante.html
36041-20607;632658;147;20170119;https://www.jardiland.com/plantes/plantes-d-interieur/plantes-vertes/helxine/36041-helxine-soleirolii-soleirolia.html
36037-23433;712192;147;20170119;https://www.jardiland.com/plantes/plantes-d-interieur/plantes-vertes/hedera/36037-hedera-panache-mini-plante.html
35990-28121;896528;147;20170119;https://www.jardiland.com/plantes/plantes-d-interieur/plantes-vertes/dracaena/35990-dracaena-fragrans-white-stripe.html
35950-20858;635346;147;20170119;https://www.jardiland.com/plantes/plantes-d-interieur/plantes-vertes/cycas/35950-cycas-du-japon.html
35941-24157;737221;147;20170119;https://www.jardiland.com/plantes/plantes-d-interieur/plantes-vertes/cordyline/35941-cordyline-fructicosa-kiwi.html
35872-13844;1416984;147;20170119;https://www.jardiland.com/plantes/plantes-d-interieur/plantes-vertes/autres-plantes-vertes/35872-coffea-arabica.html
35841-28445;907767;147;20170119;https://www.jardiland.com/plantes/plantes-d-interieur/plantes-fleuries/strelitzia/35841-strelitzia-reginae.html
634-634;1254090;147;20170119;https://www.jardiland.com/plantes/graines-et-gazon/gazon-et-prairies-fleuries/prairie-fleurie/634-prairie-fleurie-jachere-durable.html
46655-46655;1253025;147;20170119;https://www.jardiland.com/plantes/graines-et-gazon/gazon-et-prairies-fleuries/prairie-fleurie/46655-melange-pour-massifs-medieval.html
35580-39654;803218;147;20170119;https://www.jardiland.com/plantes/graines-et-gazon/gazon-et-prairies-fleuries/gazon-rustique/35580-gazon-rustique-traditionnel.html
3183-3183;1405605;147;20170119;https://www.jardiland.com/plantes/graines-et-gazon/graines-ludiques-et-kits/potageres/3183-sac-de-the-recycle-avec-salade-laitue-rouge-bio.html
3181-3181;1405603;147;20170119;https://www.jardiland.com/plantes/graines-et-gazon/graines-ludiques-et-kits/potageres/3181-sac-de-the-recycle-avec-melande-de-salade-epicee-bio.html
46654-46654;1260227;147;20170119;https://www.jardiland.com/plantes/graines-et-gazon/graines-ludiques-et-kits/potageres/46654-nappe-carree-radis-national-2-1.html
53790-53790;1308331;147;20170119;https://www.jardiland.com/plantes/graines-et-gazon/graines-de-fleurs/fleurs-annuelles/53790-pot-naissance-basilic.html
1043-1043;1253024;147;20170119;https://www.jardiland.com/plantes/graines-et-gazon/graines-de-fleurs/melange-mixte/1043-melange-pour-terrains-difficiles-8-me.html
1044-1044;1253027;147;20170119;https://www.jardiland.com/plantes/graines-et-gazon/graines-de-fleurs/melange-mixte/1044-melange-pour-repousser-les-pucerons-8-me.html
975-975;1252994;147;20170119;https://www.jardiland.com/plantes/graines-et-gazon/graines-de-fleurs/melange-mixte/975-melange-pour-pollinisateurs-8-me.html
53768-53768;1377144;147;20170119;https://www.jardiland.com/plantes/graines-et-gazon/graines-de-fleurs/melange-mixte/53768-jardiniere-maya-seme-une-prairie-fleurie-dans-ta-jardiniere.html
3568-3568;564982;147;20170119;https://www.jardiland.com/plantes/graines-et-gazon/graines-de-fleurs/fleurs-vivaces/3568-ancolie-royal-geante-variee.html
53874-53874;1016383;147;20170119;https://www.jardiland.com/plantes/graines-et-gazon/graines-potageres-et-aromatiques/autres-graines-aromatiques/53874-thym-de-provence.html
52512-52512;564624;147;20170119;https://www.jardiland.com/plantes/graines-et-gazon/graines-potageres-et-aromatiques/radis-navets-carottes-et-autres-racines/52512-radis-de-18-jours-bio.html
860-860;1252030;147;20170119;https://www.jardiland.com/plantes/graines-et-gazon/graines-potageres-et-aromatiques/pois/860-pois-nain-kristelle-200-g.html
53486-53486;564622;147;20170119;https://www.jardiland.com/plantes/graines-et-gazon/graines-potageres-et-aromatiques/persil/53486-persil-commun-bio.html
35587-38344;1404660;147;20170119;https://www.jardiland.com/plantes/graines-et-gazon/graines-potageres-et-aromatiques/haricots/35587-haricot-a-rames-montebello.html
53848-53848;1016438;147;20170119;https://www.jardiland.com/plantes/graines-et-gazon/graines-potageres-et-aromatiques/autres-graines-aromatiques/53848-coriandre-bio.html
53564-53564;564065;147;20170119;https://www.jardiland.com/plantes/graines-et-gazon/graines-potageres-et-aromatiques/autres-graines-potageres/53564-cardon-plein-blanc-inerme.html
35380-56947;1286428;147;20170119;https://www.jardiland.com/plantes/bulbes-et-pommes-de-terre/bulbes-a-fleurs/tulipe/35380-tulipes-triomphe-en-melange.html
56632-56632;1470835;147;20170119;https://www.jardiland.com/plantes/bulbes-et-pommes-de-terre/bulbes-a-fleurs/crocus/56632-crocus-tommasinianus.html
57104-57104;1429634;147;20170119;https://www.jardiland.com/plantes/bulbes-et-pommes-de-terre/bulbes-a-fleurs/tulipe/57104-add-love-tulipe-double-finola.html
41988-40458;992086;147;20170119;https://www.jardiland.com/plantes/potager-et-verger/fruitiers/autres-fruitiers/41988-ziziphus-jujuba-zizyphus.html
42101-18367;597683;147;20170119;https://www.jardiland.com/plantes/potager-et-verger/fruitiers/prunier/42101-prunier-thames-cross.html
36516-40471;997750;147;20170119;https://www.jardiland.com/plantes/potager-et-verger/fruitiers/myrtille/36516-myrtille-patriot.html
36501-11669;1371339;147;20170119;https://www.jardiland.com/plantes/potager-et-verger/fruitiers/mure/36501-mure-framboise-tayberry.html
34535-17939;592822;147;20170119;https://www.jardiland.com/plantes/potager-et-verger/fruitiers/mandarinier/34535-mandarinier.html
36466-49094;588366;147;20170119;https://www.jardiland.com/plantes/potager-et-verger/fruitiers/groseillier-a-grappes/36466-groseillier-a-grappes-jonkheer-van-tets-rouge.html
36454-17185;588027;147;20170119;https://www.jardiland.com/plantes/potager-et-verger/fruitiers/framboisier/36454-framboisier-heritage.html
36431-16938;587916;147;20170119;https://www.jardiland.com/plantes/potager-et-verger/fruitiers/figuier/36431-figuier-violette-dauphine.html
36407-29303;948015;147;20170119;https://www.jardiland.com/plantes/potager-et-verger/fruitiers/autres-fruitiers/36407-airelle-rouge.html
36489-15989;579554;147;20170119;https://www.jardiland.com/plantes/potager-et-verger/fruitiers/kiwi/36489-actinidia-deliciosa-autofertile.html
33948-16844;586412;147;20170119;https://www.jardiland.com/plantes/arbres-et-arbustes-d-ornement/coniferes/cypres-de-leyland/33948-x-cupressocyparis-leylandii.html
34031-15865;578666;147;20170119;https://www.jardiland.com/plantes/arbres-et-arbustes-d-ornement/coniferes/sapin/34031-sapin-baumier-nain.html
33967-17550;590393;147;20170119;https://www.jardiland.com/plantes/arbres-et-arbustes-d-ornement/coniferes/genevrier/33967-juniperus-squamata-blue-star.html
33972-49571;838777;147;20170119;https://www.jardiland.com/plantes/arbres-et-arbustes-d-ornement/coniferes/genevrier/33972-juniperus-communis-green-carpet.html
33972-42595;1369244;147;20170119;https://www.jardiland.com/plantes/arbres-et-arbustes-d-ornement/coniferes/genevrier/33972-juniperus-communis-green-carpet.html
33969-50711;590035;147;20170119;https://www.jardiland.com/plantes/arbres-et-arbustes-d-ornement/coniferes/genevrier/33969-juniperus-chinensis-blue-alps.html
33940-16863;586524;147;20170119;https://www.jardiland.com/plantes/arbres-et-arbustes-d-ornement/coniferes/cypres/33940-cupressus-sempervirens-stricta.html
41560-6195;1005029;147;20170119;https://www.jardiland.com/plantes/arbres-et-arbustes-d-ornement/coniferes/cypres/41560-cupressus-macrocarpa-goldcrest.html
33914-16534;584405;147;20170119;https://www.jardiland.com/plantes/arbres-et-arbustes-d-ornement/coniferes/chamaecyparis/33914-chamaecyparis-obtusa-nana-gracilis.html
33815-47436;1365651;147;20170119;https://www.jardiland.com/plantes/arbres-et-arbustes-d-ornement/bambous/phyllostachys/33815-bambou-phyllostachys-aureosulcata-aureocaulis.html
33800-17136;587779;147;20170119;https://www.jardiland.com/plantes/arbres-et-arbustes-d-ornement/bambous/fargesia/33800-bambou-fargesia-murieliae.html
41557-38517;1438138;147;20170119;https://www.jardiland.com/plantes/arbres-et-arbustes-d-ornement/buis-et-topiaires/troene-en-topiaire/41557-troene-a-petites-feuilles.html
41557-12942;1399940;147;20170119;https://www.jardiland.com/plantes/arbres-et-arbustes-d-ornement/buis-et-topiaires/troene-en-topiaire/41557-troene-a-petites-feuilles.html
33880-12967;1400257;147;20170119;https://www.jardiland.com/plantes/arbres-et-arbustes-d-ornement/buis-et-topiaires/photinia-en-topiaire/33880-photinia-x-fraseri-red-robin.html
33877-24544;751007;147;20170119;https://www.jardiland.com/plantes/arbres-et-arbustes-d-ornement/buis-et-topiaires/laurier-en-topiaire/33877-laurier-sauce.html
33877-14685;1443400;147;20170119;https://www.jardiland.com/plantes/arbres-et-arbustes-d-ornement/buis-et-topiaires/laurier-en-topiaire/33877-laurier-sauce.html
33847-59116;1415705;147;20170119;https://www.jardiland.com/plantes/arbres-et-arbustes-d-ornement/buis-et-topiaires/buis/33847-buis-commun.html
33847-30724;978544;147;20170119;https://www.jardiland.com/plantes/arbres-et-arbustes-d-ornement/buis-et-topiaires/buis/33847-buis-commun.html
33847-16165;581691;147;20170119;https://www.jardiland.com/plantes/arbres-et-arbustes-d-ornement/buis-et-topiaires/buis/33847-buis-commun.html
33847-6009;1000583;147;20170119;https://www.jardiland.com/plantes/arbres-et-arbustes-d-ornement/buis-et-topiaires/buis/33847-buis-commun.html
34468-17085;588666;147;20170120;https://www.jardiland.com/plantes/arbres-et-arbustes-d-ornement/plantes-grimpantes/lierre/34468-lierre-commun.html
34468-8205;1259648;147;20170120;https://www.jardiland.com/plantes/arbres-et-arbustes-d-ornement/plantes-grimpantes/lierre/34468-lierre-commun.html
34455-8568;1280078;147;20170120;https://www.jardiland.com/plantes/arbres-et-arbustes-d-ornement/plantes-grimpantes/jasmin/34455-jasmin-stephanense.html
34451-9833;1316177;147;20170120;https://www.jardiland.com/plantes/arbres-et-arbustes-d-ornement/plantes-grimpantes/jasmin/34451-jasmin-rose.html
34422-51198;1306702;147;20170120;https://www.jardiland.com/plantes/arbres-et-arbustes-d-ornement/plantes-grimpantes/clematite/34422-clematite-saphyra-indigor.html
45984-44636;1282003;147;20170120;https://www.jardiland.com/plantes/arbres-et-arbustes-d-ornement/plantes-grimpantes/clematite/45984-clematite-a-petites-fleurs.html
34366-55551;667702;147;20170120;https://www.jardiland.com/plantes/arbres-et-arbustes-d-ornement/plantes-grimpantes/chevrefeuille/34366-chevrefeuille-de-chine.html
34353-11290;1363327;147;20170120;https://www.jardiland.com/plantes/arbres-et-arbustes-d-ornement/plantes-grimpantes/bignone/34353-bignone-stromboli.html
34354-9626;1306144;147;20170120;https://www.jardiland.com/plantes/arbres-et-arbustes-d-ornement/plantes-grimpantes/chevrefeuille/34354-baie-de-mai-chevrefeuille.html
41843-9762;1313245;147;20170120;https://www.jardiland.com/plantes/arbres-et-arbustes-d-ornement/rosiers/rosiers-grimpants/41843-rosier-eric-tabarly-meidrason-grimpant-a-grandes-fleurs.html
41868-25293;815053;147;20170120;https://www.jardiland.com/plantes/arbres-et-arbustes-d-ornement/rosiers/rosiers-grimpants/41868-rosier-andre-le-notrer-meiceppus-grandes-fleurs.html
34296-23768;722399;147;20170120;https://www.jardiland.com/plantes/arbres-et-arbustes-d-ornement/plantes-de-terre-de-bruyere/rhododendron/34296-rhododendron-yakushimanum.html
34288-60962;1480964;147;20170120;https://www.jardiland.com/plantes/arbres-et-arbustes-d-ornement/plantes-de-terre-de-bruyere/pieris/34288-pieris-japonica-passion.html
43401-43073;831640;147;20170120;https://www.jardiland.com/plantes/arbres-et-arbustes-d-ornement/plantes-de-terre-de-bruyere/magnolia/43401-magnolia.html
34227-38378;1435475;147;20170120;https://www.jardiland.com/plantes/arbres-et-arbustes-d-ornement/plantes-de-terre-de-bruyere/hortensia/34227-hortensia-paniculata-sundae-fraise-r.html
34178-52929;867599;147;20170120;https://www.jardiland.com/plantes/arbres-et-arbustes-d-ornement/plantes-de-terre-de-bruyere/hortensia/34178-hortensia-paniculata-kyushu.html
34208-55854;1443908;147;20170120;https://www.jardiland.com/plantes/arbres-et-arbustes-d-ornement/plantes-de-terre-de-bruyere/hortensia/34208-hortensia-grimpant.html
34058-17175;588001;147;20170120;https://www.jardiland.com/plantes/arbres-et-arbustes-d-ornement/plantes-de-terre-de-bruyere/autres-plantes-de-terre-de-bruyere/34058-fothergilla-major.html
34117-21075;636262;147;20170120;https://www.jardiland.com/plantes/arbres-et-arbustes-d-ornement/plantes-de-terre-de-bruyere/erable-du-japon/34117-erable-du-japon-pourpre.html
34101-30032;980403;147;20170120;https://www.jardiland.com/plantes/arbres-et-arbustes-d-ornement/plantes-de-terre-de-bruyere/camelia/34101-camelia-du-japon.html
34101-8432;1263595;147;20170120;https://www.jardiland.com/plantes/arbres-et-arbustes-d-ornement/plantes-de-terre-de-bruyere/camelia/34101-camelia-du-japon.html
41566-29179;929689;147;20170120;https://www.jardiland.com/plantes/arbres-et-arbustes-d-ornement/plantes-de-terre-de-bruyere/camelia/41566-camelia.html
34267-27326;882702;147;20170120;https://www.jardiland.com/plantes/arbres-et-arbustes-d-ornement/plantes-de-terre-de-bruyere/nandina/34267-bambou-sacre.html
34267-13744;1414659;147;20170120;https://www.jardiland.com/plantes/arbres-et-arbustes-d-ornement/plantes-de-terre-de-bruyere/nandina/34267-bambou-sacre.html
34060-49494;879385;147;20170120;https://www.jardiland.com/plantes/arbres-et-arbustes-d-ornement/plantes-de-terre-de-bruyere/autres-plantes-de-terre-de-bruyere/34060-andromeda-polifolia-blue-ice.html
34672-59390;626493;147;20170120;https://www.jardiland.com/plantes/arbres-et-arbustes-d-ornement/plantes-mediterraneennes/autres-plantes-mediterraneennes/34672-troene-du-japon-texanum.html
34672-27377;875258;147;20170120;https://www.jardiland.com/plantes/arbres-et-arbustes-d-ornement/plantes-mediterraneennes/autres-plantes-mediterraneennes/34672-troene-du-japon-texanum.html
34672-25594;822440;147;20170120;https://www.jardiland.com/plantes/arbres-et-arbustes-d-ornement/plantes-mediterraneennes/autres-plantes-mediterraneennes/34672-troene-du-japon-texanum.html
34672-24737;804542;147;20170120;https://www.jardiland.com/plantes/arbres-et-arbustes-d-ornement/plantes-mediterraneennes/autres-plantes-mediterraneennes/34672-troene-du-japon-texanum.html
34699-21068;636154;147;20170120;https://www.jardiland.com/plantes/arbres-et-arbustes-d-ornement/plantes-mediterraneennes/autres-plantes-mediterraneennes/34699-sauge-microphylla.html
34682-25406;817999;147;20170120;https://www.jardiland.com/plantes/arbres-et-arbustes-d-ornement/plantes-mediterraneennes/autres-plantes-mediterraneennes/34682-pittospore-du-japon.html
34803-23455;714695;147;20170120;https://www.jardiland.com/plantes/arbres-et-arbustes-d-ornement/plantes-mediterraneennes/palmiers/34803-palmier-nain.html
34803-21062;636143;147;20170120;https://www.jardiland.com/plantes/arbres-et-arbustes-d-ornement/plantes-mediterraneennes/palmiers/34803-palmier-nain.html
34803-6228;1008344;147;20170120;https://www.jardiland.com/plantes/arbres-et-arbustes-d-ornement/plantes-mediterraneennes/palmiers/34803-palmier-nain.html
34854-29742;954309;147;20170120;https://www.jardiland.com/plantes/arbres-et-arbustes-d-ornement/plantes-mediterraneennes/palmiers/34854-palmier-miniature-de-chusan.html
34656-17672;590934;147;20170120;https://www.jardiland.com/plantes/arbres-et-arbustes-d-ornement/plantes-mediterraneennes/autres-plantes-mediterraneennes/34656-lilas-des-indes-pecharmantr.html
34566-17452;591605;147;20170120;https://www.jardiland.com/plantes/arbres-et-arbustes-d-ornement/plantes-mediterraneennes/autres-plantes-mediterraneennes/34566-leptospermum-scoparium.html
34626-25588;822379;147;20170120;https://www.jardiland.com/plantes/arbres-et-arbustes-d-ornement/plantes-mediterraneennes/autres-plantes-mediterraneennes/34626-griselinia-littoralis.html
34696-55214;598092;147;20170120;https://www.jardiland.com/plantes/arbres-et-arbustes-d-ornement/plantes-mediterraneennes/autres-plantes-mediterraneennes/34696-grenadier-pleniflora.html
34857-9340;1322879;147;20170120;https://www.jardiland.com/plantes/arbres-et-arbustes-d-ornement/plantes-mediterraneennes/palmiers/34857-dasylirion-wheeleri.html
34809-24376;746342;147;20170120;https://www.jardiland.com/plantes/arbres-et-arbustes-d-ornement/plantes-mediterraneennes/palmiers/34809-cordyline-australis.html
50826-50384;1449469;147;20170120;https://www.jardiland.com/plantes/arbres-et-arbustes-d-ornement/plantes-mediterraneennes/autres-plantes-mediterraneennes/50826-bougainvillier-bicolore.html
34585-44460;579883;147;20170120;https://www.jardiland.com/plantes/arbres-et-arbustes-d-ornement/plantes-mediterraneennes/autres-plantes-mediterraneennes/34585-arbousier.html
34585-40013;875622;147;20170120;https://www.jardiland.com/plantes/arbres-et-arbustes-d-ornement/plantes-mediterraneennes/autres-plantes-mediterraneennes/34585-arbousier.html
34610-22949;692842;147;20170120;https://www.jardiland.com/plantes/arbres-et-arbustes-d-ornement/plantes-mediterraneennes/autres-plantes-mediterraneennes/34610-aralia-du-japon.html
34584-25352;817474;147;20170120;https://www.jardiland.com/plantes/arbres-et-arbustes-d-ornement/plantes-mediterraneennes/autres-plantes-mediterraneennes/34584-albizia-ombrellar.html
32982-10033;1331141;147;20170120;https://www.jardiland.com/plantes/arbres-et-arbustes-d-ornement/arbres-et-arbustes/autres-arbres-et-arbustes/32982-tupelo.html
32992-31101;998522;147;20170120;https://www.jardiland.com/plantes/arbres-et-arbustes-d-ornement/arbres-et-arbustes/autres-arbres-et-arbustes/32992-sorbaria-sorbifolia-sem-pbr.html
33299-18942;599706;147;20170120;https://www.jardiland.com/plantes/arbres-et-arbustes-d-ornement/arbres-et-arbustes/groseillier-a-fleurs/33299-ribes-sanguineum-pulborough-scarlet.html
33680-22518;680850;147;20170120;https://www.jardiland.com/plantes/arbres-et-arbustes-d-ornement/arbres-et-arbustes/sumac/33680-rhus-typhina.html
33576-23803;723120;147;20170120;https://www.jardiland.com/plantes/arbres-et-arbustes-d-ornement/arbres-et-arbustes/prunus/33576-prunus-serrulata-amanogawa.html
33596-24586;752127;147;20170120;https://www.jardiland.com/plantes/arbres-et-arbustes-d-ornement/arbres-et-arbustes/prunus/33596-prunus-padus-colorata.html
33363-31059;997072;147;20170120;https://www.jardiland.com/plantes/arbres-et-arbustes-d-ornement/arbres-et-arbustes/laurier-palme/33363-prunus-laurocerasus-otto-luyken.html
33534-64599;1450199;147;20170120;https://www.jardiland.com/plantes/arbres-et-arbustes-d-ornement/arbres-et-arbustes/poirier-d-ornement/33534-poirier.html
33511-20206;626547;147;20170120;https://www.jardiland.com/plantes/arbres-et-arbustes-d-ornement/arbres-et-arbustes/photinia/33511-photinia-x-fraseri-red-robin.html
33511-18239;595100;147;20170120;https://www.jardiland.com/plantes/arbres-et-arbustes-d-ornement/arbres-et-arbustes/photinia/33511-photinia-x-fraseri-red-robin.html
33502-25126;811325;147;20170120;https://www.jardiland.com/plantes/arbres-et-arbustes-d-ornement/arbres-et-arbustes/parrotie/33502-parrotie-de-perse.html
33490-60809;1460931;147;20170120;https://www.jardiland.com/plantes/arbres-et-arbustes-d-ornement/arbres-et-arbustes/oranger-du-mexique/33490-oranger-du-mexique-white-dazzler.html
33482-13275;1403563;147;20170120;https://www.jardiland.com/plantes/arbres-et-arbustes-d-ornement/arbres-et-arbustes/oranger-du-mexique/33482-oranger-du-mexique-aztec-gold.html
33460-9248;1300165;147;20170120;https://www.jardiland.com/plantes/arbres-et-arbustes-d-ornement/arbres-et-arbustes/marronnier/33460-marronnier-commun-baumanii.html
33455-22598;683033;147;20170120;https://www.jardiland.com/plantes/arbres-et-arbustes-d-ornement/arbres-et-arbustes/mahonia/33455-mahonia-x-media-winter-sun.html
33356-17571;590523;147;20170120;https://www.jardiland.com/plantes/arbres-et-arbustes-d-ornement/arbres-et-arbustes/kolkwitzia/33356-kolkwitzia-amabilis-pink-cloud.html
33111-26052;837307;147;20170120;https://www.jardiland.com/plantes/arbres-et-arbustes-d-ornement/arbres-et-arbustes/corete-du-japon/33111-kerria-japonica.html
33348-11738;1376612;147;20170120;https://www.jardiland.com/plantes/arbres-et-arbustes-d-ornement/arbres-et-arbustes/houx/33348-ilex-aquifolium-argentea-marginata.html
33342-17495;589833;147;20170120;https://www.jardiland.com/plantes/arbres-et-arbustes-d-ornement/arbres-et-arbustes/houx/33342-ilex-aquifolium.html
33327-17318;588928;147;20170120;https://www.jardiland.com/plantes/arbres-et-arbustes-d-ornement/arbres-et-arbustes/hibiscus/33327-hibiscus-syriacus-pink-giantr.html
33332-6186;1004203;147;20170120;https://www.jardiland.com/plantes/arbres-et-arbustes-d-ornement/arbres-et-arbustes/hibiscus/33332-hibiscus-syriacus.html
41551-25304;816510;147;20170120;https://www.jardiland.com/plantes/arbres-et-arbustes-d-ornement/arbres-et-arbustes/veronique-arbustive/41551-hebe-emerald-gem.html
41528-22693;686222;147;20170120;https://www.jardiland.com/plantes/arbres-et-arbustes-d-ornement/arbres-et-arbustes/fusain/41528-euonymus-japonicus.html
33194-12301;1381603;147;20170120;https://www.jardiland.com/plantes/arbres-et-arbustes-d-ornement/arbres-et-arbustes/erable/33194-erable-tataricum-ginnala.html
33190-30724;978544;147;20170120;https://www.jardiland.com/plantes/arbres-et-arbustes-d-ornement/arbres-et-arbustes/erable/33190-erable-champetre.html
33190-16165;581691;147;20170120;https://www.jardiland.com/plantes/arbres-et-arbustes-d-ornement/arbres-et-arbustes/erable/33190-erable-champetre.html
33175-16960;586964;147;20170120;https://www.jardiland.com/plantes/arbres-et-arbustes-d-ornement/arbres-et-arbustes/elaeagnus/33175-elaeagnus-x-ebbingei-eleadorr-lannou-pbr.html
33165-16927;586870;147;20170120;https://www.jardiland.com/plantes/arbres-et-arbustes-d-ornement/arbres-et-arbustes/deutzia/33165-deutzia-x-magnifica.html
33160-16917;586822;147;20170120;https://www.jardiland.com/plantes/arbres-et-arbustes-d-ornement/arbres-et-arbustes/deutzia/33160-deutzia-gracilis.html
33145-24253;741535;147;20170120;https://www.jardiland.com/plantes/arbres-et-arbustes-d-ornement/arbres-et-arbustes/cotoneaster/33145-cotoneaster-de-franchet.html
33130-12065;1383004;147;20170120;https://www.jardiland.com/plantes/arbres-et-arbustes-d-ornement/arbres-et-arbustes/cornouiller/33130-cornouiller-du-japon.html
33487-26727;857689;147;20170120;https://www.jardiland.com/plantes/arbres-et-arbustes-d-ornement/arbres-et-arbustes/oranger-du-mexique/33487-choisya-aztec-pearl.html
33091-27270;870879;147;20170120;https://www.jardiland.com/plantes/arbres-et-arbustes-d-ornement/arbres-et-arbustes/chene/33091-chene-ecarlate.html
33080-21523;650734;147;20170120;https://www.jardiland.com/plantes/arbres-et-arbustes-d-ornement/arbres-et-arbustes/charme/33080-charme-commun.html
33068-39769;819505;147;20170120;https://www.jardiland.com/plantes/arbres-et-arbustes-d-ornement/arbres-et-arbustes/ceanothe/33068-ceanothus-x-delilianus-henri-defosse.html
33074-38596;583317;147;20170120;https://www.jardiland.com/plantes/arbres-et-arbustes-d-ornement/arbres-et-arbustes/ceanothe/33074-ceanothe-rampant.html
33074-16064;583303;147;20170120;https://www.jardiland.com/plantes/arbres-et-arbustes-d-ornement/arbres-et-arbustes/ceanothe/33074-ceanothe-rampant.html
33055-16343;583079;147;20170120;https://www.jardiland.com/plantes/arbres-et-arbustes-d-ornement/arbres-et-arbustes/catalpa/33055-catalpa-commun.html
33028-28601;917713;147;20170120;https://www.jardiland.com/plantes/arbres-et-arbustes-d-ornement/arbres-et-arbustes/buddleia/33028-buddleja-davidii.html
32948-58104;583584;147;20170120;https://www.jardiland.com/plantes/arbres-et-arbustes-d-ornement/arbres-et-arbustes/arbre-caramel/32948-arbre-caramel.html
