ID_WEB;ID_JDN;CODEMAG;DATE_ASPI;URLPRODUIT
3813-3813;558401;113;20170115;https://www.jardiland.com/maison-deco/epicerie-fine/epicerie-sucree/confiserie/3813-pastilles-du-bassin-de-vichy.html
41149-41149;1426664;113;20170115;https://www.jardiland.com/maison-deco/epicerie-fine/epicerie-sucree/coffret-et-autres/41149-coffret-metal-gourmandise.html
437-437;1233761;113;20170115;https://www.jardiland.com/maison-deco/art-de-la-table/vaisselle/vaisselle-decoree/437-assiette-en-verre-a-relief-o-25-cm.html
32856-41486;885280;113;20170115;https://www.jardiland.com/maison-deco/cache-pot-d-interieur/a-reserve-d-eau/resine/32856-pot-cubico-cottage.html
32856-6897;1018716;113;20170115;https://www.jardiland.com/maison-deco/cache-pot-d-interieur/a-reserve-d-eau/resine/32856-pot-cubico-cottage.html
32862-8407;1263378;113;20170115;https://www.jardiland.com/maison-deco/cache-pot-d-interieur/cache-pot-simple/cache-pot-aimante/32862-pot-aimante-pyramide-kalamitica.html
32866-8095;1263342;113;20170115;https://www.jardiland.com/maison-deco/cache-pot-d-interieur/cache-pot-simple/cache-pot-aimante/32866-pot-aimante-cube-kalamitica.html
46640-46640;1356196;113;20170115;https://www.jardiland.com/maison-deco/cache-pot-d-interieur/cache-pot-simple/pot-special-bonsai/46640-bac-a-bonzai-rectangulaire.html
46639-46639;1356197;113;20170115;https://www.jardiland.com/maison-deco/cache-pot-d-interieur/cache-pot-simple/pot-special-bonsai/46639-bac-a-bonzai-rectangulaire.html
2205-2205;1399751;113;20170115;https://www.jardiland.com/maison-deco/cheminee/accessoires-de-cheminee/serviteur/2205-valet-de-cheminee-ajoure.html
57827-57827;1470422;113;20170115;https://www.jardiland.com/maison-deco/cheminee/accessoires-de-cheminee/panier-a-buche/57827-sac-a-buches-nicoya-sable.html
3296-3296;1410314;113;20170115;https://www.jardiland.com/maison-deco/objets-de-decoration/autres-objets-de-decoration/plateau-et-serviteur/3296-etagere-a-gateau-felina-ha-48-cm.html
1843-1843;1316043;113;20170115;https://www.jardiland.com/maison-deco/objets-de-decoration/plantes-artificielles/tige-fleurie/1843-cosmos-fuchsia-artificiel.html
459-459;1237743;113;20170115;https://www.jardiland.com/maison-deco/objets-de-decoration/plantes-artificielles/tige-fleurie/459-branche-de-fleurs-de-cerisier-blanches-artificielle.html
4903-4903;660267;113;20170115;https://www.jardiland.com/animaux/oiseau-de-la-nature/alimentation/4903-melange-de-graines-seau-pour-pinsons.html
32327-14468;1440436;113;20170115;https://www.jardiland.com/animaux/oiseau-de-la-nature/alimentation/32327-cylindre-de-graisse-pour-oiseaux.html
40992-40992;1393027;113;20170115;https://www.jardiland.com/animaux/oiseau-de-la-nature/alimentation/40992-coffret-de-boules-de-graisse.html
32546-27152;868139;113;20170115;https://www.jardiland.com/animaux/reptiles-et-insectes/alimentation/boite-et-lyophilisee/32546-tetra-repto-delica-shrimps.html
32279-38635;538401;113;20170115;https://www.jardiland.com/animaux/oiseau/alimentation-et-friandises/alimentation-quotidienne/32279-menu-pour-tourterelle-prestige.html
42200-42200;544397;113;20170115;https://www.jardiland.com/animaux/poisson/entretien-et-soins/produit-pour-poisson/42200-sera-costapur.html
43358-53165;544468;113;20170115;https://www.jardiland.com/animaux/poisson/entretien-et-soins/produit-pour-l-eau/43358-sera-bio-nitrivec.html
43359-42720;544394;113;20170115;https://www.jardiland.com/animaux/poisson/entretien-et-soins/produit-pour-l-eau/43359-sera-baktopur.html
54446-54446;735286;113;20170115;https://www.jardiland.com/animaux/poisson/entretien-et-soins/produit-pour-poisson/54446-anti-points-blancs.html
54467-54467;1472491;113;20170115;https://www.jardiland.com/animaux/poisson/materiel-chauffage-filtres-et-pompes/aeration/54467-tuyau-a-air-en-silicone-2a5-m.html
32476-15325;543810;113;20170115;https://www.jardiland.com/animaux/poisson/materiel-chauffage-filtres-et-pompes/autres-accessoires/32476-silicone-aqua-transparent.html
5761-5761;957355;113;20170115;https://www.jardiland.com/animaux/poisson/materiel-chauffage-filtres-et-pompes/aeration/5761-set-aeration-repartiteur-2-robinets.html
53342-53342;919830;113;20170115;https://www.jardiland.com/animaux/poisson/materiel-chauffage-filtres-et-pompes/masse-de-filtration/53342-sera-mini-siporax.html
3515-3515;537788;113;20170115;https://www.jardiland.com/animaux/poisson/materiel-chauffage-filtres-et-pompes/masse-de-filtration/3515-mousse-pour-pompe-mcf-40-70-1.html
32498-12997;1400977;113;20170115;https://www.jardiland.com/animaux/poisson/materiel-chauffage-filtres-et-pompes/filtre-exterieur/32498-filtre-exterieur-tetra-plus.html
53617-53617;1453592;113;20170115;https://www.jardiland.com/animaux/poisson/materiel-chauffage-filtres-et-pompes/aeration/53617-diffuseur-d-air-rectangulaire-14-5-cm.html
32472-29867;957334;113;20170115;https://www.jardiland.com/animaux/poisson/materiel-chauffage-filtres-et-pompes/aeration/32472-diffuseur-d-air-barre.html
32472-29572;957333;113;20170115;https://www.jardiland.com/animaux/poisson/materiel-chauffage-filtres-et-pompes/aeration/32472-diffuseur-d-air-barre.html
3516-3516;537879;113;20170115;https://www.jardiland.com/animaux/poisson/materiel-chauffage-filtres-et-pompes/chauffage/3516-chauffage-newattino-10w.html
32420-9594;1304962;113;20170115;https://www.jardiland.com/animaux/poisson/decoration-pour-aquarium/plante-artificielle/32420-decor-pour-aquarium-salicorne.html
32421-9596;1304965;113;20170115;https://www.jardiland.com/animaux/poisson/decoration-pour-aquarium/plante-artificielle/32421-decor-pour-aquarium-salicorne.html
32412-6553;1014794;113;20170115;https://www.jardiland.com/animaux/poisson/decoration-pour-aquarium/plante-artificielle/32412-decor-pour-aquarium-herbe-fine-17-1.html
651-651;1252870;113;20170115;https://www.jardiland.com/animaux/poisson/decoration-pour-aquarium/decoration-d-aquarium/651-decor-pour-aquarium-diffuseur-boudha-bambou.html
53663-53663;1444840;113;20170115;https://www.jardiland.com/animaux/poisson/decoration-pour-aquarium/decoration-d-aquarium/53663-decor-corail-colore.html
53665-53665;1444838;113;20170115;https://www.jardiland.com/animaux/poisson/decoration-pour-aquarium/decoration-d-aquarium/53665-decor-corail-colore.html
53679-53679;1438168;113;20170115;https://www.jardiland.com/animaux/poisson/decoration-pour-aquarium/decoration-d-aquarium/53679-decor-corail.html
50915-41464;1381852;113;20170115;https://www.jardiland.com/animaux/basse-cour/aliments/aliment-pour-volaille/50915-aliment-complet-poussin.html
510-510;1244219;113;20170115;https://www.jardiland.com/animaux/chat/colliers-laisses-et-harnais/laisse/510-laisse-pour-chat-hippy.html
4939-4939;854012;113;20170115;https://www.jardiland.com/animaux/chat/jeux-et-jouets/4939-jouet-pour-chat-turbo-mousse.html
546-546;1248202;113;20170115;https://www.jardiland.com/animaux/chat/jeux-et-jouets/546-jouet-pour-chat-shiny.html
42165-42165;1283376;113;20170115;https://www.jardiland.com/animaux/chat/jeux-et-jouets/42165-jouet-pour-chat-kitty-fish.html
1961-1961;1338355;113;20170115;https://www.jardiland.com/animaux/chat/jeux-et-jouets/1961-jouet-pour-chat-canne-a-peche.html
1963-1963;1338363;113;20170115;https://www.jardiland.com/animaux/chat/jeux-et-jouets/1963-jouet-pour-chat-canne-a-peche.html
1299-1299;1288873;113;20170115;https://www.jardiland.com/animaux/chat/jeux-et-jouets/1299-jouet-pour-chat-avec-herbe-a-chat-fun-mice.html
54757-54757;1467388;113;20170115;https://www.jardiland.com/animaux/chat/hygiene-soins-et-litieres/bac-a-litiere-et-maison-de-toilette/54757-maison-de-toilette-smooz.html
2289-2289;1373563;113;20170115;https://www.jardiland.com/animaux/chat/gamelles-ecuelles-et-distributeurs/distributeur-d-eau-et-croquette/2289-cartouches-pour-fontaine-sense.html
31725-6047;1002503;113;20170115;https://www.jardiland.com/animaux/chat/alimentation-et-friandises/croquette-pour-chat/31725-science-plan-feline-sterilised-cat-mature.html
31730-15824;578531;113;20170115;https://www.jardiland.com/animaux/chat/alimentation-et-friandises/croquette-pour-chat/31730-science-plan-feline-adult.html
56806-56806;1430620;113;20170115;https://www.jardiland.com/animaux/chat/alimentation-et-friandises/croquette-pour-chat/56806-purina-one-pelage-et-boule-de-poils-poulet.html
31711-15199;542532;113;20170115;https://www.jardiland.com/animaux/chat/alimentation-et-friandises/croquette-pour-chat/31711-proplan-cat-house-cat.html
2672-2672;1414756;113;20170115;https://www.jardiland.com/animaux/rongeurs-et-petits-mammiferes/hygiene-et-soins/litiere/2672-paille-pour-rongeurs.html
32271-7334;1226073;113;20170115;https://www.jardiland.com/animaux/chien/soins-antiparasitaires/insectifuge/32271-insectifuge-pipette.html
32127-28798;920519;113;20170115;https://www.jardiland.com/animaux/chien/education/tapis-educateur-et-repulsif/32127-tapis-educateur-x-6-1.html
32127-27162;868538;113;20170115;https://www.jardiland.com/animaux/chien/education/tapis-educateur-et-repulsif/32127-tapis-educateur-x-6-1.html
5409-5409;953242;113;20170115;https://www.jardiland.com/animaux/chien/education/tapis-educateur-et-repulsif/5409-poop-patrol-sachet-rechange-x-3-paquets.html
5408-5408;953241;113;20170115;https://www.jardiland.com/animaux/chien/education/tapis-educateur-et-repulsif/5408-poop-patrol-distributeur-2-rouleaux.html
32001-13035;1401222;113;20170115;https://www.jardiland.com/animaux/chien/colliers-laisses-et-vetements/accessoires/32001-pendentif-lumineux-securite-pour-chien.html
32001-13033;1401220;113;20170115;https://www.jardiland.com/animaux/chien/colliers-laisses-et-vetements/accessoires/32001-pendentif-lumineux-securite-pour-chien.html
54386-54652;1434637;113;20170115;https://www.jardiland.com/animaux/chien/colliers-laisses-et-vetements/collier-pour-chien/54386-collier-nylon.html
54386-54103;1434632;113;20170115;https://www.jardiland.com/animaux/chien/colliers-laisses-et-vetements/collier-pour-chien/54386-collier-nylon.html
234-234;1015055;113;20170115;https://www.jardiland.com/animaux/chien/jeux-et-jouets/peluche/234-peluche-pour-chien-renard.html
32210-6591;1015064;113;20170115;https://www.jardiland.com/animaux/chien/jeux-et-jouets/peluche/32210-jouet-pour-chien-safari.html
5298-5298;853999;113;20170115;https://www.jardiland.com/animaux/chien/jeux-et-jouets/jouet-en-caoutchouc-et-latex/5298-jouet-head-rope.html
543-543;1248195;113;20170115;https://www.jardiland.com/animaux/chien/jeux-et-jouets/autres-jouets/543-balle-pour-chien-plays-gums.html
32231-53140;1395900;113;20170115;https://www.jardiland.com/animaux/chien/niches-couchage-et-transport/niche/32231-niche-en-bois.html
32231-12751;1395903;113;20170115;https://www.jardiland.com/animaux/chien/niches-couchage-et-transport/niche/32231-niche-en-bois.html
64655-64655;1464444;113;20170115;https://www.jardiland.com/animaux/chien/gamelles-ecuelles-et-distributeurs/gamelle-et-ecuelle/64655-gamelle-melaminee-gris-pour-chiens-350-ml.html
31875-8043;1252688;113;20170115;https://www.jardiland.com/animaux/chien/alimentation-et-friandises/croquette-pour-chien/31875-royal-canin-x-small-junior.html
31874-7468;1252666;113;20170115;https://www.jardiland.com/animaux/chien/alimentation-et-friandises/croquette-pour-chien/31874-royal-canin-x-small-adult.html
31930-8035;1252670;113;20170115;https://www.jardiland.com/animaux/chien/alimentation-et-friandises/croquette-pour-chien/31930-royal-canin-mini-junior.html
31905-7596;1237771;113;20170115;https://www.jardiland.com/animaux/chien/alimentation-et-friandises/croquette-pour-chien/31905-royal-canin-maxi-light.html
2555-2555;1393674;113;20170115;https://www.jardiland.com/animaux/chien/alimentation-et-friandises/croquette-pour-chien/2555-purina-dog-chow-adult-large-breed.html
5264-5264;824595;113;20170115;https://www.jardiland.com/animaux/chien/alimentation-et-friandises/os-a-macher/5264-os-presse-porks-x2-11e5-cm.html
31994-25666;824581;113;20170115;https://www.jardiland.com/animaux/chien/alimentation-et-friandises/os-a-macher/31994-os-presse-a-gout-20-cm.html
31996-25663;824578;113;20170115;https://www.jardiland.com/animaux/chien/alimentation-et-friandises/os-a-macher/31996-os-presse-a-gout-15-cm.html
31997-25660;824575;113;20170115;https://www.jardiland.com/animaux/chien/alimentation-et-friandises/os-a-macher/31997-os-presse-a-gout-x2-10-cm.html
31982-15096;539791;113;20170115;https://www.jardiland.com/animaux/chien/alimentation-et-friandises/friandise-bucco-dentaire/31982-friandises-dentastix-chien-moyen.html
31863-12658;1393668;113;20170115;https://www.jardiland.com/animaux/chien/alimentation-et-friandises/croquette-pour-chien/31863-dog-chow-adult-agneau-riz.html
31985-28805;921012;113;20170115;https://www.jardiland.com/animaux/chien/alimentation-et-friandises/friandise-bucco-dentaire/31985-dental-delights-8-in-1-1.html
31985-28749;921011;113;20170115;https://www.jardiland.com/animaux/chien/alimentation-et-friandises/friandise-bucco-dentaire/31985-dental-delights-8-in-1-1.html
54409-55863;1452965;113;20170115;https://www.jardiland.com/animaux/chien/alimentation-et-friandises/croquette-pour-chien/54409-croquettes-pour-chiens-sterilises-au-poulet.html
54413-54209;1430570;113;20170115;https://www.jardiland.com/animaux/chien/alimentation-et-friandises/croquette-pour-chien/54413-croquettes-pour-chiens-adultes-robustes-poulet.html
54397-56064;1431055;113;20170115;https://www.jardiland.com/animaux/chien/alimentation-et-friandises/croquette-pour-chien/54397-croquettes-ideal-balance-canine-adulte-poulet-riz-complet.html
31915-41512;992150;113;20170115;https://www.jardiland.com/animaux/chien/alimentation-et-friandises/croquette-pour-chien/31915-croquettes-breed-health-nutrition-berger-allemand-adult.html
58767-58688;1337724;113;20170115;https://www.jardiland.com/animaux/chien/alimentation-et-friandises/croquette-pour-chien/58767-canicaf-light-toutes-races.html
58768-58687;1337722;113;20170115;https://www.jardiland.com/animaux/chien/alimentation-et-friandises/croquette-pour-chien/58768-canicaf-adulte-toutes-races.html
58768-58686;1337721;113;20170115;https://www.jardiland.com/animaux/chien/alimentation-et-friandises/croquette-pour-chien/58768-canicaf-adulte-toutes-races.html
58768-58685;1337720;113;20170115;https://www.jardiland.com/animaux/chien/alimentation-et-friandises/croquette-pour-chien/58768-canicaf-adulte-toutes-races.html
58771-58691;1337711;113;20170115;https://www.jardiland.com/animaux/chien/alimentation-et-friandises/croquette-pour-chien/58771-canicaf-adulte-grandes-races.html
1528-1528;1307274;113;20170115;https://www.jardiland.com/animaux/chien/alimentation-et-friandises/biscuit/1528-biscuits-8in1-grills-chicken-style.html
31237-20869;639827;113;20170115;https://www.jardiland.com/amenagement-du-jardin/bassins-et-jardin-aquatique/alimentation/31237-tetra-pond-goldmix.html
31258-22643;690209;113;20170115;https://www.jardiland.com/amenagement-du-jardin/bassins-et-jardin-aquatique/materiel/31258-pompe-pondovario.html
4758-4758;639967;113;20170115;https://www.jardiland.com/amenagement-du-jardin/bassins-et-jardin-aquatique/bassins/4758-bassin-calmus-145-l.html
31252-59836;971511;113;20170115;https://www.jardiland.com/amenagement-du-jardin/bassins-et-jardin-aquatique/bassins/31252-bache-en-caoutchouc.html
40853-40853;1313381;113;20170115;https://www.jardiland.com/amenagement-du-jardin/loisirs-plein-air/piscines/40853-pataugette-carree.html
40843-40843;1254302;113;20170115;https://www.jardiland.com/amenagement-du-jardin/loisirs-plein-air/jouets/40843-grand-dauphin-a-chevaucher.html
363-363;1208199;113;20170115;https://www.jardiland.com/amenagement-du-jardin/loisirs-plein-air/jouets/363-figurine-kangourou-et-son-bebe.html
52-52;1208247;113;20170115;https://www.jardiland.com/amenagement-du-jardin/loisirs-plein-air/jouets/52-figurine-guepard-et-son-bebe.html
365-365;1208211;113;20170115;https://www.jardiland.com/amenagement-du-jardin/loisirs-plein-air/jouets/365-figurine-girafe.html
31283-7626;1239017;113;20170115;https://www.jardiland.com/amenagement-du-jardin/carre-potager/31283-carre-potager-mon-espace-potager.html
31283-7625;1239016;113;20170115;https://www.jardiland.com/amenagement-du-jardin/carre-potager/31283-carre-potager-mon-espace-potager.html
2159-2159;1360903;113;20170115;https://www.jardiland.com/amenagement-du-jardin/carre-potager/2159-carre-potager-en-noisetier.html
1171-1171;1261054;113;20170115;https://www.jardiland.com/amenagement-du-jardin/decorations/statues-et-figurines/1171-statue-jeune-moine-debout-h-80-cm.html
1870-1870;1319268;113;20170115;https://www.jardiland.com/amenagement-du-jardin/decorations/statues-et-figurines/1870-statue-de-bassin-chat-assis-h-45-cm.html
1457-1457;1302651;113;20170115;https://www.jardiland.com/amenagement-du-jardin/decorations/statues-et-figurines/1457-iguane-decoratif-de-jardin-en-metal.html
4445-4445;572684;113;20170115;https://www.jardiland.com/amenagement-du-jardin/pots-bacs-jardinieres-et-supports/tuteurs-et-supports-de-plante/tuteur/4445-tuteur-colonne-obelisque.html
31663-14373;566371;113;20170115;https://www.jardiland.com/amenagement-du-jardin/pots-bacs-jardinieres-et-supports/tuteurs-et-supports-de-plante/tuteur/31663-anneaux-tuteurs.html
2712-2712;1397815;113;20170115;https://www.jardiland.com/amenagement-du-jardin/pots-bacs-jardinieres-et-supports/en-email/2712-pot-rond-en-fibre-courbe-o-23-cm.html
31580-15505;568455;113;20170115;https://www.jardiland.com/amenagement-du-jardin/pots-bacs-jardinieres-et-supports/en-terre-cuite/31580-soucoupe-en-terre-cuite.html
31580-15504;568454;113;20170115;https://www.jardiland.com/amenagement-du-jardin/pots-bacs-jardinieres-et-supports/en-terre-cuite/31580-soucoupe-en-terre-cuite.html
1353-1353;1289356;113;20170115;https://www.jardiland.com/amenagement-du-jardin/pots-bacs-jardinieres-et-supports/en-terre-cuite/1353-pot-en-terre-cuite-basalt-oo-51-x-ho-60-1.html
1347-1347;1289280;113;20170115;https://www.jardiland.com/amenagement-du-jardin/pots-bacs-jardinieres-et-supports/en-terre-cuite/1347-pot-en-terre-cuite-basalt-oo-45-x-ho-51-1.html
1355-1355;1289362;113;20170115;https://www.jardiland.com/amenagement-du-jardin/pots-bacs-jardinieres-et-supports/en-terre-cuite/1355-pot-en-terre-cuite-basalt-oo-21-x-ho-25-1.html
2711-2711;1397813;113;20170115;https://www.jardiland.com/amenagement-du-jardin/pots-bacs-jardinieres-et-supports/en-terre-cuite/2711-pot-carre-evase-en-terre-cuite-25-cm-chocolat.html
31557-9150;1292124;113;20170115;https://www.jardiland.com/amenagement-du-jardin/pots-bacs-jardinieres-et-supports/en-plastique/31557-soucoupe-en-plastique-samba.html
31572-14272;1433688;113;20170115;https://www.jardiland.com/amenagement-du-jardin/pots-bacs-jardinieres-et-supports/en-plastique/31572-soucoupe-en-plastique-romeo.html
31572-11205;1360603;113;20170115;https://www.jardiland.com/amenagement-du-jardin/pots-bacs-jardinieres-et-supports/en-plastique/31572-soucoupe-en-plastique-romeo.html
31572-11195;1360593;113;20170115;https://www.jardiland.com/amenagement-du-jardin/pots-bacs-jardinieres-et-supports/en-plastique/31572-soucoupe-en-plastique-romeo.html
31523-41225;1015620;113;20170115;https://www.jardiland.com/amenagement-du-jardin/pots-bacs-jardinieres-et-supports/en-plastique/31523-soucoupe-en-plastique-prisca.html
31549-11087;1360502;113;20170115;https://www.jardiland.com/amenagement-du-jardin/pots-bacs-jardinieres-et-supports/en-plastique/31549-pot-romeo.html
5224-5224;802721;113;20170115;https://www.jardiland.com/amenagement-du-jardin/amenagement/dalles-galets-et-pas-japonais/dalle/5224-dalle-de-gazon-plastidal.html
31163-19504;604139;113;20170115;https://www.jardiland.com/amenagement-du-jardin/amenagement/bordures/31163-bordure-a-gazon.html
42124-42124;1352029;113;20170115;https://www.jardiland.com/amenagement-du-jardin/barbecues-cuisine-exterieur/autres/accessoires-de-barbecue/42124-plancha-en-fonte-pour-weber-q-serie-1000-1.html
31220-15365;545052;113;20170115;https://www.jardiland.com/amenagement-du-jardin/barbecues-cuisine-exterieur/autres/accessoires-de-barbecue/31220-housse-standard-pour-barbecue.html
42127-42127;1364110;113;20170115;https://www.jardiland.com/amenagement-du-jardin/barbecues-cuisine-exterieur/autres/accessoires-de-barbecue/42127-housse-pour-plancha-60-1.html
42126-42126;1364107;113;20170115;https://www.jardiland.com/amenagement-du-jardin/barbecues-cuisine-exterieur/autres/accessoires-de-barbecue/42126-housse-pour-plancha-45-1.html
5082-5082;730566;113;20170115;https://www.jardiland.com/amenagement-du-jardin/barbecues-cuisine-exterieur/autres/accessoires-de-barbecue/5082-housse-de-luxe-q300-3000-1.html
42123-42123;1352009;113;20170115;https://www.jardiland.com/amenagement-du-jardin/barbecues-cuisine-exterieur/autres/accessoires-de-barbecue/42123-chariot-pour-barbecue-deluxe-weber-q-2000-1.html
2175-2175;1364105;113;20170115;https://www.jardiland.com/amenagement-du-jardin/barbecues-cuisine-exterieur/plancha/2175-plancha-a-gaz-mania-60-1.html
42137-42137;1352013;113;20170115;https://www.jardiland.com/amenagement-du-jardin/barbecues-cuisine-exterieur/electrique/42137-barbecue-electrique-q-2400-1.html
31297-40347;964646;113;20170115;https://www.jardiland.com/amenagement-du-jardin/eclairage-et-chauffage-d-exterieur/bougies-d-exterieur/31297-huile-vegetale-parfumee-lelia.html
5205-5205;936403;113;20170115;https://www.jardiland.com/amenagement-du-jardin/eclairage-et-chauffage-d-exterieur/eclairage-solaire/5205-borne-solaire-en-metal.html
31348-14141;1428347;113;20170115;https://www.jardiland.com/amenagement-du-jardin/mobilier-de-jardin/bains-de-soleil-et-hamacs/transat-et-chilienne/31348-fauteuil-relax-futura-clip-batyline.html
4424-4424;566670;113;20170115;https://www.jardiland.com/amenagement-du-jardin/mobilier-de-jardin/bains-de-soleil-et-hamacs/banc/4424-banc-lorraine.html
31371-38001;1293563;113;20170115;https://www.jardiland.com/amenagement-du-jardin/mobilier-de-jardin/salon-de-jardin/mobilier-pliant/31371-table-burano.html
58310-58310;577241;113;20170115;https://www.jardiland.com/jardinage/bricolage-droguerie/insecticides-menagers/insecticide-volant-et-rampant/58310-piege-a-guepes-pomme.html
36773-36773;577948;113;20170115;https://www.jardiland.com/jardinage/bricolage-droguerie/insecticides-menagers/insecticide-volant-et-rampant/36773-gel-appat-cafard.html
41085-41085;877268;113;20170115;https://www.jardiland.com/jardinage/semis-protections-et-accessoires-de-jardinage/tuteurs-ficelles-et-accessoires/epouvantaile-effaroucheur/41085-cordeau-de-jardin-pic-ligne.html
58094-58094;1226243;113;20170115;https://www.jardiland.com/jardinage/semis-protections-et-accessoires-de-jardinage/voiles-d-hivernage-et-protections/accessoires-de-plasticulture/58094-minis-piquets-pour-cloche.html
42336-42336;1314837;113;20170115;https://www.jardiland.com/jardinage/semis-protections-et-accessoires-de-jardinage/accessoires-de-semis/autres-accessoires-de-semis/42336-etiquette-en-ardoise.html
5446-5446;878881;113;20170115;https://www.jardiland.com/jardinage/arrosage/arrosage-goutte-a-goutte/5446-tuyau-microporeux-20-m-5-m-gratuit.html
42236-42236;573682;113;20170115;https://www.jardiland.com/jardinage/arrosage/tuyaux-devidoirs-lances-et-pistolets/devidoir/42236-devidoir-jupiter-70-m-en-metal.html
54696-54696;576409;113;20170115;https://www.jardiland.com/jardinage/arrosage/arrosoirs/54696-arrosoir-donna-2-l.html
4244-4244;575765;113;20170115;https://www.jardiland.com/jardinage/outils-a-moteur/autres-outils-a-moteur/accessoires/4244-huile-de-moteur-4-temps.html
4248-4248;575778;113;20170115;https://www.jardiland.com/jardinage/outils-a-moteur/autres-outils-a-moteur/accessoires/4248-bougie-de-tondeuse-champion-resistance-rj19lm.html
36792-36792;877622;113;20170115;https://www.jardiland.com/jardinage/outils-et-materiel-du-jardinier/outils-de-taille/secateur/36792-secateur-premium-a-coupe-franche.html
54625-54625;1248520;113;20170115;https://www.jardiland.com/jardinage/outils-et-materiel-du-jardinier/outils-de-taille/secateur/54625-secateur-leger-pg-12-f.html
57795-57795;577089;113;20170115;https://www.jardiland.com/jardinage/outils-et-materiel-du-jardinier/outils-de-taille/secateur/57795-secateur-de-jardin-19-cm.html
4664-4664;577030;113;20170115;https://www.jardiland.com/jardinage/outils-et-materiel-du-jardinier/outils-de-taille/accessoires/4664-pierre-d-affutage.html
41075-41075;577099;113;20170115;https://www.jardiland.com/jardinage/outils-et-materiel-du-jardinier/outils-de-taille/outil-de-taille/41075-cisaille-a-haie-professionnel.html
36788-36788;576339;113;20170115;https://www.jardiland.com/jardinage/outils-et-materiel-du-jardinier/outils-de-taille/fauchaison/36788-cisaille-a-gazon-heritage.html
42322-42322;1314907;113;20170115;https://www.jardiland.com/jardinage/outils-et-materiel-du-jardinier/petits-outils-a-main/pelle/42322-pelle-a-terreau.html
41066-41066;573951;113;20170115;https://www.jardiland.com/jardinage/outils-et-materiel-du-jardinier/grands-outils-de-jardin/autres-grands-outils/41066-scarificateur.html
36783-36783;574352;113;20170115;https://www.jardiland.com/jardinage/outils-et-materiel-du-jardinier/grands-outils-de-jardin/autres-grands-outils/36783-sarcleuse-lame-oscillante-multi-star.html
36784-36784;574345;113;20170115;https://www.jardiland.com/jardinage/outils-et-materiel-du-jardinier/grands-outils-de-jardin/balai-et-rateau/36784-rateau-a-arc-multi-star.html
5658-5658;928940;113;20170115;https://www.jardiland.com/jardinage/outils-et-materiel-du-jardinier/grands-outils-de-jardin/autres-grands-outils/5658-pioche-de-jardin.html
32758-38651;574386;113;20170115;https://www.jardiland.com/jardinage/outils-et-materiel-du-jardinier/grands-outils-de-jardin/emmanchement-automatique/32758-manche-multi-star-wolf.html
32758-38650;574385;113;20170115;https://www.jardiland.com/jardinage/outils-et-materiel-du-jardinier/grands-outils-de-jardin/emmanchement-automatique/32758-manche-multi-star-wolf.html
52503-52503;573909;113;20170115;https://www.jardiland.com/jardinage/outils-et-materiel-du-jardinier/grands-outils-de-jardin/manche-pour-outil/52503-manche-a-balai-cantonnier.html
41081-41081;1314898;113;20170115;https://www.jardiland.com/jardinage/outils-et-materiel-du-jardinier/grands-outils-de-jardin/autres-grands-outils/41081-desherbinet.html
36786-36786;923000;113;20170115;https://www.jardiland.com/jardinage/outils-et-materiel-du-jardinier/grands-outils-de-jardin/binette-houe-et-serfouette/36786-binette-duo-pro.html
4487-4487;573915;113;20170115;https://www.jardiland.com/jardinage/outils-et-materiel-du-jardinier/grands-outils-de-jardin/binette-houe-et-serfouette/4487-binette-a-rosiers-soudee.html
54700-54700;573718;113;20170115;https://www.jardiland.com/jardinage/outils-et-materiel-du-jardinier/grands-outils-de-jardin/bechee-louchet-et-pelle/54700-beche-a-rebord.html
54921-54921;577225;113;20170115;https://www.jardiland.com/jardinage/entretien-et-traitements/pulverisateurs/pulverisateur-a-pression/54921-pulverisateur-total-7-desherbage.html
54920-54920;657026;113;20170115;https://www.jardiland.com/jardinage/entretien-et-traitements/pulverisateurs/accessoires-de-pulverisation/54920-coude-herbicide.html
54377-56235;974786;113;20170115;https://www.jardiland.com/jardinage/entretien-et-traitements/engrais/engrais-pour-arbres-et-fleurs-du-jardin/54377-engrais-liquide-geranium.html
32697-53142;1401615;113;20170115;https://www.jardiland.com/jardinage/entretien-et-traitements/engrais/engrais-pour-arbres-et-fleurs-du-jardin/32697-engrais-geraniums-et-balconnieres.html
32778-53130;1373571;113;20170115;https://www.jardiland.com/jardinage/entretien-et-traitements/engrais/engrais-pour-arbres-et-fleurs-du-jardin/32778-engrais-complet-double-actions.html
58743-58720;829153;113;20170115;https://www.jardiland.com/jardinage/entretien-et-traitements/engrais/engrais-matieres-premieres/58743-corne-broyee.html
58743-58629;604796;113;20170115;https://www.jardiland.com/jardinage/entretien-et-traitements/engrais/engrais-matieres-premieres/58743-corne-broyee.html
48308-48308;577253;113;20170115;https://www.jardiland.com/jardinage/entretien-et-traitements/anti-nuisibles-pieges-et-repulsifs/lutte-contre-les-rats-souris-taupes-et-rongeurs/48308-tapette-a-souris-bois-godet-clou-x2-1.html
32791-41313;1314778;113;20170115;https://www.jardiland.com/jardinage/entretien-et-traitements/anti-nuisibles-pieges-et-repulsifs/repulsif-pour-chien-et-chat/32791-repulsif-pour-chiens-et-chats-hot-exit.html
53879-53879;1014170;113;20170115;https://www.jardiland.com/jardinage/entretien-et-traitements/anti-nuisibles-pieges-et-repulsifs/lutte-contre-les-rats-souris-taupes-et-rongeurs/53879-nasse-a-rat.html
48405-48405;1313943;113;20170115;https://www.jardiland.com/jardinage/paillage-et-amendement/paillage/billes-d-argile/48405-perles-d-argile-8-16-mm.html
4691-4691;577355;113;20170115;https://www.jardiland.com/jardinage/terreau/terreau/terreau-de-plantation/4691-terreau-plantation.html
37671-37671;707069;113;20170115;https://www.jardiland.com/plantes/sapins-de-noel/sapins-artificiels/sapin-artificiel-blanc/37671-sapin-artificiel-icelandic-185-cm.html
40835-38642;556334;113;20170115;https://www.jardiland.com/plantes/sapins-de-noel/supports-pieds-et-accessoires-de-sapin/40835-pied-de-sapin-en-fer-o-7-cm.html
40836-39493;706054;113;20170115;https://www.jardiland.com/plantes/sapins-de-noel/supports-pieds-et-accessoires-de-sapin/40836-pied-de-sapin-en-fer.html
40836-38641;556321;113;20170115;https://www.jardiland.com/plantes/sapins-de-noel/supports-pieds-et-accessoires-de-sapin/40836-pied-de-sapin-en-fer.html
35720-23173;719615;113;20170115;https://www.jardiland.com/plantes/plantes-d-interieur/plantes-carnivores/nepenthes/35720-nepenthes.html
35644-49284;1283734;113;20170115;https://www.jardiland.com/plantes/plantes-d-interieur/cactus-et-plantes-grasses/echinocactus/35644-echinocactus-grusonii.html
35597-21684;653459;113;20170115;https://www.jardiland.com/plantes/plantes-d-interieur/cactus-et-plantes-grasses/aloe/35597-aloe-vera.html
36125-23877;724558;113;20170115;https://www.jardiland.com/plantes/plantes-d-interieur/plantes-vertes/zamioculcas/36125-zamioculcas-zamiifolia.html
36106-20629;632730;113;20170115;https://www.jardiland.com/plantes/plantes-d-interieur/plantes-vertes/scindapsus/36106-scindapsus-aureus-epiprenum-aureum.html
36068-20993;635498;113;20170115;https://www.jardiland.com/plantes/plantes-d-interieur/plantes-vertes/pachira/36068-pachira-aquatica.html
35958-20778;633378;113;20170115;https://www.jardiland.com/plantes/plantes-d-interieur/plantes-vertes/dieffenbachia/35958-dieffenbachia.html
35958-20672;632913;113;20170115;https://www.jardiland.com/plantes/plantes-d-interieur/plantes-vertes/dieffenbachia/35958-dieffenbachia.html
35950-23657;719545;113;20170115;https://www.jardiland.com/plantes/plantes-d-interieur/plantes-vertes/cycas/35950-cycas-du-japon.html
35950-22979;711516;113;20170115;https://www.jardiland.com/plantes/plantes-d-interieur/plantes-vertes/cycas/35950-cycas-du-japon.html
35950-20708;633020;113;20170115;https://www.jardiland.com/plantes/plantes-d-interieur/plantes-vertes/cycas/35950-cycas-du-japon.html
40734-59967;1499938;113;20170115;https://www.jardiland.com/plantes/plantes-d-interieur/orchidees/phalaenopsis/40734-orchidee-phalaenopsis-mini.html
35692-62412;731005;113;20170115;https://www.jardiland.com/plantes/plantes-d-interieur/orchidees/miltonia/35692-orchidee-miltonia.html
35822-23835;723349;113;20170115;https://www.jardiland.com/plantes/plantes-d-interieur/plantes-fleuries/rosier-miniature/35822-rosier-miniature.html
35826-21129;652416;113;20170115;https://www.jardiland.com/plantes/plantes-d-interieur/plantes-fleuries/rosier-miniature/35826-rosier-kordanar-mini-plante.html
35786-23364;709496;113;20170115;https://www.jardiland.com/plantes/plantes-d-interieur/plantes-fleuries/gerbera/35786-gerbera-mini-plante.html
62703-62640;1000238;113;20170115;https://www.jardiland.com/plantes/plantes-d-interieur/plantes-fleuries/tillandsia/62703-fille-de-l-air.html
62703-62638;812744;113;20170115;https://www.jardiland.com/plantes/plantes-d-interieur/plantes-fleuries/tillandsia/62703-fille-de-l-air.html
35752-23050;694593;113;20170115;https://www.jardiland.com/plantes/plantes-d-interieur/plantes-fleuries/azalee/35752-azalee-d-interieur.html
35752-22819;689205;113;20170115;https://www.jardiland.com/plantes/plantes-d-interieur/plantes-fleuries/azalee/35752-azalee-d-interieur.html
35752-22079;662054;113;20170115;https://www.jardiland.com/plantes/plantes-d-interieur/plantes-fleuries/azalee/35752-azalee-d-interieur.html
35752-6286;1015113;113;20170115;https://www.jardiland.com/plantes/plantes-d-interieur/plantes-fleuries/azalee/35752-azalee-d-interieur.html
35752-6285;1015112;113;20170115;https://www.jardiland.com/plantes/plantes-d-interieur/plantes-fleuries/azalee/35752-azalee-d-interieur.html
35758-25630;823226;113;20170115;https://www.jardiland.com/plantes/plantes-d-interieur/plantes-fleuries/azalee/35758-azalea-christine.html
35722-23827;734805;113;20170115;https://www.jardiland.com/plantes/plantes-d-interieur/plantes-fleuries/aeschynanthus/35722-aeschynanthus-japhrolepis-pour-suspension.html
35723-23156;697003;113;20170115;https://www.jardiland.com/plantes/plantes-d-interieur/plantes-fleuries/aeschynanthus/35723-aeschynanthus-pour-suspension.html
75-75;1254086;113;20170115;https://www.jardiland.com/plantes/graines-et-gazon/gazon-et-prairies-fleuries/prairie-fleurie/75-prairie-fleurie-talus.html
4834-4834;928142;113;20170115;https://www.jardiland.com/plantes/graines-et-gazon/gazon-et-prairies-fleuries/prairie-fleurie/4834-prairie-fleurie-papillons.html
53816-53816;1254083;113;20170115;https://www.jardiland.com/plantes/graines-et-gazon/gazon-et-prairies-fleuries/prairie-fleurie/53816-prairie-fleurie-fleurs-des-pres.html
1552-1552;1308197;113;20170115;https://www.jardiland.com/plantes/graines-et-gazon/gazon-et-prairies-fleuries/prairie-fleurie/1552-pied-de-mur-3-m.html
40722-38554;566190;113;20170115;https://www.jardiland.com/plantes/graines-et-gazon/gazon-et-prairies-fleuries/gazon-pour-terrain-sec/40722-gazon-terrain-sec.html
40722-38397;566220;113;20170115;https://www.jardiland.com/plantes/graines-et-gazon/gazon-et-prairies-fleuries/gazon-pour-terrain-sec/40722-gazon-terrain-sec.html
36879-36879;566193;113;20170115;https://www.jardiland.com/plantes/graines-et-gazon/gazon-et-prairies-fleuries/autres-gazons/36879-gazon-suisse.html
40720-38399;566224;113;20170115;https://www.jardiland.com/plantes/graines-et-gazon/gazon-et-prairies-fleuries/gazon-pour-sports-et-jeux/40720-gazon-sports-et-jeux-label-rouge.html
40724-38611;566154;113;20170115;https://www.jardiland.com/plantes/graines-et-gazon/gazon-et-prairies-fleuries/gazon-rustique/40724-gazon-rustique.html
40724-38609;566150;113;20170115;https://www.jardiland.com/plantes/graines-et-gazon/gazon-et-prairies-fleuries/gazon-rustique/40724-gazon-rustique.html
36878-36878;566209;113;20170115;https://www.jardiland.com/plantes/graines-et-gazon/gazon-et-prairies-fleuries/autres-gazons/36878-gazon-japonais.html
52474-52232;808920;113;20170115;https://www.jardiland.com/plantes/graines-et-gazon/gazon-et-prairies-fleuries/gazon-de-reparation-et-regarnissage/52474-gazon-de-regarnissage-avec-engrais.html
40716-38398;566221;113;20170115;https://www.jardiland.com/plantes/graines-et-gazon/gazon-et-prairies-fleuries/gazon-anglais/40716-gazon-anglais-label-rouge.html
53576-53576;564016;113;20170115;https://www.jardiland.com/plantes/graines-et-gazon/engrais-vert/53576-moutarde-500-g.html
5270-5270;875841;113;20170115;https://www.jardiland.com/plantes/graines-et-gazon/graines-ludiques-et-kits/potageres/5270-ruban-radis-rose-a-bout-blanc-2-1.html
5269-5269;875840;113;20170115;https://www.jardiland.com/plantes/graines-et-gazon/graines-ludiques-et-kits/potageres/5269-ruban-radis-de-18-jours.html
53347-53347;875839;113;20170115;https://www.jardiland.com/plantes/graines-et-gazon/graines-ludiques-et-kits/potageres/53347-ruban-radis-a-forcer-rond-ecarlate.html
5268-5268;875835;113;20170115;https://www.jardiland.com/plantes/graines-et-gazon/graines-ludiques-et-kits/potageres/5268-ruban-persil-commun-2-1.html
53355-53355;875829;113;20170115;https://www.jardiland.com/plantes/graines-et-gazon/graines-ludiques-et-kits/potageres/53355-ruban-carotte-potagere-nantaise-amelioree-3-1.html
5266-5266;875828;113;20170115;https://www.jardiland.com/plantes/graines-et-gazon/graines-ludiques-et-kits/potageres/5266-ruban-carotte-potagere-de-colmar-a-coeur-rouge-2-1.html
53364-53364;875816;113;20170115;https://www.jardiland.com/plantes/graines-et-gazon/graines-ludiques-et-kits/potageres/53364-rond-herbe-a-chat.html
53820-53820;1251503;113;20170115;https://www.jardiland.com/plantes/graines-et-gazon/graines-ludiques-et-kits/kits-pour-enfants/53820-radis-cherry-belle.html
42375-42375;1310996;113;20170115;https://www.jardiland.com/plantes/graines-et-gazon/graines-ludiques-et-kits/kits-pour-enfants/42375-haricot-vert-speedy.html
53825-53825;1251483;113;20170115;https://www.jardiland.com/plantes/graines-et-gazon/graines-ludiques-et-kits/kits-pour-enfants/53825-courge-decorative-serpentine.html
4325-4325;565875;113;20170115;https://www.jardiland.com/plantes/graines-et-gazon/graines-de-fleurs/fleurs-annuelles/4325-zinnia-fleur-de-chrysantheme.html
53357-53357;875825;113;20170115;https://www.jardiland.com/plantes/graines-et-gazon/graines-de-fleurs/fleurs-annuelles/53357-rond-malope-a-grande-fleur-variee.html
36893-36893;1251660;113;20170115;https://www.jardiland.com/plantes/graines-et-gazon/graines-de-fleurs/melange-mixte/36893-melange-jardin-medieval-grand-jardin.html
53457-53457;565871;113;20170115;https://www.jardiland.com/plantes/graines-et-gazon/graines-de-fleurs/fleurs-annuelles/53457-lin-annuel-saumon.html
136-136;1016365;113;20170115;https://www.jardiland.com/plantes/graines-et-gazon/graines-de-fleurs/fleurs-vivaces/136-achillee-millefeuille.html
53354-53354;875831;113;20170115;https://www.jardiland.com/plantes/graines-et-gazon/graines-potageres-et-aromatiques/epinards/53354-ruban-epinard-matador.html
53361-53361;875819;113;20170115;https://www.jardiland.com/plantes/graines-et-gazon/graines-potageres-et-aromatiques/tomates-piments-poivrons-aubergines/53361-rond-ronde-des-tomates-aperitif.html
53359-53359;875821;113;20170115;https://www.jardiland.com/plantes/graines-et-gazon/graines-potageres-et-aromatiques/basilic/53359-rond-ronde-des-basilics.html
53363-53363;875817;113;20170115;https://www.jardiland.com/plantes/graines-et-gazon/graines-potageres-et-aromatiques/persil/53363-rond-persil-commun-2-1.html
53367-53367;875812;113;20170115;https://www.jardiland.com/plantes/graines-et-gazon/graines-potageres-et-aromatiques/autres-graines-aromatiques/53367-rond-cerfeuil-commun.html
5184-5184;933856;113;20170115;https://www.jardiland.com/plantes/graines-et-gazon/graines-potageres-et-aromatiques/radis-navets-carottes-et-autres-racines/5184-radis-de-18-jours-bio.html
4976-4976;682033;113;20170115;https://www.jardiland.com/plantes/graines-et-gazon/graines-potageres-et-aromatiques/courges-melons/4976-courgette-verte-non-coureuse-d-italie.html
53868-53868;1016396;113;20170115;https://www.jardiland.com/plantes/graines-et-gazon/graines-potageres-et-aromatiques/radis-navets-carottes-et-autres-racines/53868-betterave-jaune-geante-de-vauriac-formant-economique.html
35018-29166;928949;113;20170115;https://www.jardiland.com/plantes/bulbes-et-pommes-de-terre/bulbes-a-fleurs/amaryllis/35018-amaryllis-rose.html
36540-8261;1260464;113;20170115;https://www.jardiland.com/plantes/potager-et-verger/fruitiers/vigne/36540-vigne-katharina.html
46085-21185;641886;113;20170115;https://www.jardiland.com/plantes/potager-et-verger/fruitiers/prunier/46085-prunier-mirabelle-de-nancy.html
42085-18673;597428;113;20170115;https://www.jardiland.com/plantes/potager-et-verger/fruitiers/pommier/42085-pommier-transparente-de-croncels.html
42077-18639;597211;113;20170115;https://www.jardiland.com/plantes/potager-et-verger/fruitiers/pommier/42077-pommier-melrose.html
42076-18632;597179;113;20170115;https://www.jardiland.com/plantes/potager-et-verger/fruitiers/pommier/42076-pommier-jonagold.html
42023-8139;1256411;113;20170115;https://www.jardiland.com/plantes/potager-et-verger/fruitiers/nectarinier/42023-nectarinier-nain-garden-beauty.html
36512-17653;593087;113;20170115;https://www.jardiland.com/plantes/potager-et-verger/fruitiers/myrtille/36512-myrtille-a-gros-fruits.html
36513-22442;677860;113;20170115;https://www.jardiland.com/plantes/potager-et-verger/fruitiers/myrtille/36513-myrtille-atlantic.html
36501-25275;814800;113;20170115;https://www.jardiland.com/plantes/potager-et-verger/fruitiers/mure/36501-mure-framboise-tayberry.html
36507-30310;971555;113;20170115;https://www.jardiland.com/plantes/potager-et-verger/fruitiers/mure/36507-mure-oregon-evergreen.html
36473-17052;588409;113;20170115;https://www.jardiland.com/plantes/potager-et-verger/fruitiers/groseillier-a-grappes/36473-groseillier-a-grappes-versailles-blanche.html
36466-30187;969779;113;20170115;https://www.jardiland.com/plantes/potager-et-verger/fruitiers/groseillier-a-grappes/36466-groseillier-a-grappes-jonkheer-van-tets-rouge.html
36465-19781;609360;113;20170115;https://www.jardiland.com/plantes/potager-et-verger/fruitiers/groseillier-a-grappes/36465-groseillier-a-grappes-gloire-des-sablons-rose.html
36465-17081;588361;113;20170115;https://www.jardiland.com/plantes/potager-et-verger/fruitiers/groseillier-a-grappes/36465-groseillier-a-grappes-gloire-des-sablons-rose.html
36443-20258;626840;113;20170115;https://www.jardiland.com/plantes/potager-et-verger/fruitiers/framboisier/36443-framboisier-zeva.html
36443-16830;588070;113;20170115;https://www.jardiland.com/plantes/potager-et-verger/fruitiers/framboisier/36443-framboisier-zeva.html
36456-17190;588041;113;20170115;https://www.jardiland.com/plantes/potager-et-verger/fruitiers/framboisier/36456-framboisier-malling-promise.html
36451-17182;588016;113;20170115;https://www.jardiland.com/plantes/potager-et-verger/fruitiers/framboisier/36451-framboisier-fallgold.html
36441-8621;1281611;113;20170115;https://www.jardiland.com/plantes/potager-et-verger/fruitiers/framboisier/36441-framboisier.html
36421-17147;587855;113;20170115;https://www.jardiland.com/plantes/potager-et-verger/fruitiers/figuier/36421-figuier-madeleine-blanche.html
42008-16643;585490;113;20170115;https://www.jardiland.com/plantes/potager-et-verger/fruitiers/cognassier/42008-cognassier-champion.html
34517-16583;584870;113;20170115;https://www.jardiland.com/plantes/potager-et-verger/fruitiers/citronnier/34517-citronnier-des-quatre-saisons.html
41992-16477;583814;113;20170115;https://www.jardiland.com/plantes/potager-et-verger/fruitiers/cerisier/41992-cerisier-bigarreau-van.html
41992-16476;583811;113;20170115;https://www.jardiland.com/plantes/potager-et-verger/fruitiers/cerisier/41992-cerisier-bigarreau-van.html
41991-16470;583795;113;20170115;https://www.jardiland.com/plantes/potager-et-verger/fruitiers/cerisier/41991-cerisier-bigarreau-summit.html
41990-16466;583770;113;20170115;https://www.jardiland.com/plantes/potager-et-verger/fruitiers/cerisier/41990-cerisier-bigarreau-reverchon.html
41990-16464;583766;113;20170115;https://www.jardiland.com/plantes/potager-et-verger/fruitiers/cerisier/41990-cerisier-bigarreau-reverchon.html
41999-16411;583704;113;20170115;https://www.jardiland.com/plantes/potager-et-verger/fruitiers/cerisier/41999-cerisier-bigarreau-geant-d-hedelfingen.html
42000-30034;980459;113;20170115;https://www.jardiland.com/plantes/potager-et-verger/fruitiers/cerisier/42000-cerisier-bigarreau-burlat-hatif.html
36491-15845;579566;113;20170115;https://www.jardiland.com/plantes/potager-et-verger/fruitiers/kiwi/36491-actinidia-deliciosa-male.html
36490-15990;579558;113;20170115;https://www.jardiland.com/plantes/potager-et-verger/fruitiers/kiwi/36490-actinidia-deliciosa-femelle.html
41973-47920;626740;113;20170115;https://www.jardiland.com/plantes/potager-et-verger/fruitiers/abricotier/41973-abricotier-luizet.html
41979-15871;578752;113;20170115;https://www.jardiland.com/plantes/potager-et-verger/fruitiers/abricotier/41979-abricotier-bergeron.html
33972-39881;839328;113;20170115;https://www.jardiland.com/plantes/arbres-et-arbustes-d-ornement/coniferes/genevrier/33972-juniperus-communis-green-carpet.html
33970-27640;877467;113;20170115;https://www.jardiland.com/plantes/arbres-et-arbustes-d-ornement/coniferes/genevrier/33970-juniperus-chinensis-stricta.html
33984-26590;852340;113;20170115;https://www.jardiland.com/plantes/arbres-et-arbustes-d-ornement/coniferes/genevrier/33984-genevrier-pfitzeriana-aurea.html
33951-47200;586345;113;20170115;https://www.jardiland.com/plantes/arbres-et-arbustes-d-ornement/coniferes/cypres-de-leyland/33951-cypres-de-leyland-castlewellan-gold.html
33906-16528;584249;113;20170115;https://www.jardiland.com/plantes/arbres-et-arbustes-d-ornement/coniferes/chamaecyparis/33906-chamaecyparis-lawsoniana-minima-glauca.html
33817-17406;595286;113;20170115;https://www.jardiland.com/plantes/arbres-et-arbustes-d-ornement/bambous/phyllostachys/33817-bambou-phyllostachys-aurea.html
33798-27719;879247;113;20170115;https://www.jardiland.com/plantes/arbres-et-arbustes-d-ornement/bambous/fargesia/33798-bambou-fargesia-murieliae-rufa.html
33851-11464;1368401;113;20170115;https://www.jardiland.com/plantes/arbres-et-arbustes-d-ornement/buis-et-topiaires/buis/33851-buis-golden-triumph.html
33842-24044;733302;113;20170115;https://www.jardiland.com/plantes/arbres-et-arbustes-d-ornement/buis-et-topiaires/buis/33842-buis-arborescens.html
34480-55290;1474676;113;20170115;https://www.jardiland.com/plantes/arbres-et-arbustes-d-ornement/plantes-grimpantes/passiflore/34480-passiflore-bleue.html
34480-21408;647606;113;20170115;https://www.jardiland.com/plantes/arbres-et-arbustes-d-ornement/plantes-grimpantes/passiflore/34480-passiflore-bleue.html
41587-7507;1232405;113;20170115;https://www.jardiland.com/plantes/arbres-et-arbustes-d-ornement/plantes-grimpantes/lierre/41587-lierre-d-irlande.html
41587-7062;1232295;113;20170115;https://www.jardiland.com/plantes/arbres-et-arbustes-d-ornement/plantes-grimpantes/lierre/41587-lierre-d-irlande.html
34462-7506;1232401;113;20170115;https://www.jardiland.com/plantes/arbres-et-arbustes-d-ornement/plantes-grimpantes/lierre/34462-lierre-gloire-de-marengo.html
34454-7810;1246506;113;20170115;https://www.jardiland.com/plantes/arbres-et-arbustes-d-ornement/plantes-grimpantes/jasmin/34454-jasmin-officinal.html
34447-7740;1244942;113;20170115;https://www.jardiland.com/plantes/arbres-et-arbustes-d-ornement/plantes-grimpantes/glycine/34447-glycine-de-chine-bleu.html
34446-7498;1232304;113;20170115;https://www.jardiland.com/plantes/arbres-et-arbustes-d-ornement/plantes-grimpantes/glycine/34446-glycine-de-chine.html
34439-8110;1255532;113;20170115;https://www.jardiland.com/plantes/arbres-et-arbustes-d-ornement/plantes-grimpantes/glycine/34439-glycine-multijuga.html
34388-23439;712722;113;20170115;https://www.jardiland.com/plantes/arbres-et-arbustes-d-ornement/plantes-grimpantes/clematite/34388-clematite.html
34357-10811;1363312;113;20170115;https://www.jardiland.com/plantes/arbres-et-arbustes-d-ornement/plantes-grimpantes/chevrefeuille/34357-chevrefeuille-du-japon-mint-crisp-pbr.html
34367-7494;1232297;113;20170115;https://www.jardiland.com/plantes/arbres-et-arbustes-d-ornement/plantes-grimpantes/chevrefeuille/34367-chevrefeuille-du-japon-halliana.html
34366-31007;995256;113;20170115;https://www.jardiland.com/plantes/arbres-et-arbustes-d-ornement/plantes-grimpantes/chevrefeuille/34366-chevrefeuille-de-chine.html
34359-50363;1461693;113;20170115;https://www.jardiland.com/plantes/arbres-et-arbustes-d-ornement/plantes-grimpantes/chevrefeuille/34359-chevrefeuille-scentsation.html
34362-7495;1232299;113;20170115;https://www.jardiland.com/plantes/arbres-et-arbustes-d-ornement/plantes-grimpantes/chevrefeuille/34362-chevrefeuille-goldflame.html
34362-7447;1232262;113;20170115;https://www.jardiland.com/plantes/arbres-et-arbustes-d-ornement/plantes-grimpantes/chevrefeuille/34362-chevrefeuille-goldflame.html
34361-17689;592044;113;20170115;https://www.jardiland.com/plantes/arbres-et-arbustes-d-ornement/plantes-grimpantes/chevrefeuille/34361-chevrefeuille-dropmore-scarlet.html
34349-16286;582849;113;20170115;https://www.jardiland.com/plantes/arbres-et-arbustes-d-ornement/plantes-grimpantes/bignone/34349-bignone-mme-galen.html
34349-7058;1232266;113;20170115;https://www.jardiland.com/plantes/arbres-et-arbustes-d-ornement/plantes-grimpantes/bignone/34349-bignone-mme-galen.html
43417-42938;643783;113;20170115;https://www.jardiland.com/plantes/arbres-et-arbustes-d-ornement/rosiers/rosiers-couvre-sols/43417-rosier-rotiliar-korvillade-paysager.html
41809-19689;608384;113;20170115;https://www.jardiland.com/plantes/arbres-et-arbustes-d-ornement/rosiers/rosiers-couvre-sols/41809-rosier-rhapsody-in-bluer-frantasia-paysager.html
41825-19612;607790;113;20170115;https://www.jardiland.com/plantes/arbres-et-arbustes-d-ornement/rosiers/rosiers-grimpants/41825-rosier-landorar-sunblest-grimpant-a-grandes-fleurs.html
61016-60199;752926;113;20170115;https://www.jardiland.com/plantes/arbres-et-arbustes-d-ornement/rosiers/rosiers-grimpants/61016-rosier-grimpant-a-grandes-fleurs-pierre-de-ronsardr-meiviolin.html
41804-21817;657492;113;20170115;https://www.jardiland.com/plantes/arbres-et-arbustes-d-ornement/rosiers/rosiers-couvre-sols/41804-rosier-decorosiersr-emerar-noatraum.html
57281-57118;1472165;113;20170115;https://www.jardiland.com/plantes/arbres-et-arbustes-d-ornement/rosiers/rosiers-couvre-sols/57281-rosier-decorosiersr.html
34943-28360;904426;113;20170115;https://www.jardiland.com/plantes/arbres-et-arbustes-d-ornement/rosiers/rosiers-buissons/34943-rosier-anglais-david-austinr.html
34968-19724;608819;113;20170115;https://www.jardiland.com/plantes/arbres-et-arbustes-d-ornement/rosiers/rosiers-couvre-sols/34968-rosa-rugosa-exception.html
34247-8887;1288130;113;20170115;https://www.jardiland.com/plantes/arbres-et-arbustes-d-ornement/plantes-de-terre-de-bruyere/magnolia/34247-magnolia-grandiflora-little-gem.html
34245-27325;882698;113;20170115;https://www.jardiland.com/plantes/arbres-et-arbustes-d-ornement/plantes-de-terre-de-bruyere/magnolia/34245-magnolia-grandiflora-galissonniere.html
34243-47042;1431585;113;20170115;https://www.jardiland.com/plantes/arbres-et-arbustes-d-ornement/plantes-de-terre-de-bruyere/loropetalum/34243-loropetale-de-chine.html
34221-26670;871253;113;20170115;https://www.jardiland.com/plantes/arbres-et-arbustes-d-ornement/plantes-de-terre-de-bruyere/hortensia/34221-hortensia-paniculata-vanille-fraiser-renhy.html
34197-23508;719596;113;20170115;https://www.jardiland.com/plantes/arbres-et-arbustes-d-ornement/plantes-de-terre-de-bruyere/hortensia/34197-hortensia-a-grandes-feuilles.html
34168-25261;814394;113;20170115;https://www.jardiland.com/plantes/arbres-et-arbustes-d-ornement/plantes-de-terre-de-bruyere/hortensia/34168-hortensia-freudenstein.html
41567-49906;670287;113;20170115;https://www.jardiland.com/plantes/arbres-et-arbustes-d-ornement/plantes-de-terre-de-bruyere/erable-du-japon/41567-erable-du-japon.html
34101-6413;1011503;113;20170115;https://www.jardiland.com/plantes/arbres-et-arbustes-d-ornement/plantes-de-terre-de-bruyere/camelia/34101-camelia-du-japon.html
34109-16263;582701;113;20170115;https://www.jardiland.com/plantes/arbres-et-arbustes-d-ornement/plantes-de-terre-de-bruyere/camelia/34109-camelia-d-automne.html
34264-11454;1368380;113;20170115;https://www.jardiland.com/plantes/arbres-et-arbustes-d-ornement/plantes-de-terre-de-bruyere/nandina/34264-bambou-sacre-blush-pinkr-aka.html
57260-58895;1472188;113;20170115;https://www.jardiland.com/plantes/arbres-et-arbustes-d-ornement/plantes-de-terre-de-bruyere/nandina/57260-bambou-sacre-twilight.html
34055-27534;876260;113;20170115;https://www.jardiland.com/plantes/arbres-et-arbustes-d-ornement/plantes-de-terre-de-bruyere/autres-plantes-de-terre-de-bruyere/34055-andromeda-polifolia-compacta.html
34834-60858;1473422;113;20170115;https://www.jardiland.com/plantes/arbres-et-arbustes-d-ornement/plantes-mediterraneennes/palmiers/34834-yucca-rostrata.html
34824-50654;953432;113;20170115;https://www.jardiland.com/plantes/arbres-et-arbustes-d-ornement/plantes-mediterraneennes/palmiers/34824-yucca-filamentosa-bright-edge.html
34846-38443;1426812;113;20170115;https://www.jardiland.com/plantes/arbres-et-arbustes-d-ornement/plantes-mediterraneennes/palmiers/34846-palmier-nain-bleu-cerifera.html
34794-17967;594891;113;20170115;https://www.jardiland.com/plantes/arbres-et-arbustes-d-ornement/plantes-mediterraneennes/palmiers/34794-palmier-dattier-des-canaries.html
34568-22761;687636;113;20170115;https://www.jardiland.com/plantes/arbres-et-arbustes-d-ornement/plantes-mediterraneennes/autres-plantes-mediterraneennes/34568-mimosa-d-hiver.html
34666-17718;591213;113;20170115;https://www.jardiland.com/plantes/arbres-et-arbustes-d-ornement/plantes-mediterraneennes/autres-plantes-mediterraneennes/34666-lilas-des-indes-yang-tser.html
34646-17594;590680;113;20170115;https://www.jardiland.com/plantes/arbres-et-arbustes-d-ornement/plantes-mediterraneennes/autres-plantes-mediterraneennes/34646-lilas-des-indes-berlingot-menthe.html
34671-25481;821793;113;20170115;https://www.jardiland.com/plantes/arbres-et-arbustes-d-ornement/plantes-mediterraneennes/autres-plantes-mediterraneennes/34671-laurier-sauce.html
34780-28362;904519;113;20170115;https://www.jardiland.com/plantes/arbres-et-arbustes-d-ornement/plantes-mediterraneennes/laurier-rose/34780-laurier-rose.html
41595-42848;598117;113;20170115;https://www.jardiland.com/plantes/arbres-et-arbustes-d-ornement/plantes-mediterraneennes/autres-plantes-mediterraneennes/41595-grenadier.html
34607-17035;587337;113;20170115;https://www.jardiland.com/plantes/arbres-et-arbustes-d-ornement/plantes-mediterraneennes/autres-plantes-mediterraneennes/34607-eucalyptus-gunnii.html
34738-53016;1239337;113;20170115;https://www.jardiland.com/plantes/arbres-et-arbustes-d-ornement/plantes-mediterraneennes/autres-plantes-mediterraneennes/34738-albizia-summer-chocolate.html
34738-23192;697736;113;20170115;https://www.jardiland.com/plantes/arbres-et-arbustes-d-ornement/plantes-mediterraneennes/autres-plantes-mediterraneennes/34738-albizia-summer-chocolate.html
33694-6436;1012823;113;20170115;https://www.jardiland.com/plantes/arbres-et-arbustes-d-ornement/arbres-et-arbustes/symphorine/33694-symphoricarpos-x-doorenbosii-magicalr-candy-kolmcan.html
33298-25410;818013;113;20170115;https://www.jardiland.com/plantes/arbres-et-arbustes-d-ornement/arbres-et-arbustes/groseillier-a-fleurs/33298-ribes-sanguineum-king-edward-vii.html
33556-23858;731020;113;20170115;https://www.jardiland.com/plantes/arbres-et-arbustes-d-ornement/arbres-et-arbustes/potentille/33556-potentilla-fruticosa-goldfinger.html
33521-30713;977928;113;20170115;https://www.jardiland.com/plantes/arbres-et-arbustes-d-ornement/arbres-et-arbustes/photinia/33521-photinia-x-fraseri-pink-marbler-cassini.html
33514-6972;1019930;113;20170115;https://www.jardiland.com/plantes/arbres-et-arbustes-d-ornement/arbres-et-arbustes/photinia/33514-photinia-x-fraseri-pink-marbler-cassini.html
33511-30282;971137;113;20170115;https://www.jardiland.com/plantes/arbres-et-arbustes-d-ornement/arbres-et-arbustes/photinia/33511-photinia-x-fraseri-red-robin.html
33510-22952;692867;113;20170115;https://www.jardiland.com/plantes/arbres-et-arbustes-d-ornement/arbres-et-arbustes/photinia/33510-photinia-x-fraseri-red-robin.html
33648-25476;821448;113;20170115;https://www.jardiland.com/plantes/arbres-et-arbustes-d-ornement/arbres-et-arbustes/seringat/33648-philadelphus-coronarius.html
33648-21728;674687;113;20170115;https://www.jardiland.com/plantes/arbres-et-arbustes-d-ornement/arbres-et-arbustes/seringat/33648-philadelphus-coronarius.html
33654-18214;594838;113;20170115;https://www.jardiland.com/plantes/arbres-et-arbustes-d-ornement/arbres-et-arbustes/seringat/33654-philadelphus-virginal.html
41546-18203;594774;113;20170115;https://www.jardiland.com/plantes/arbres-et-arbustes-d-ornement/arbres-et-arbustes/seringat/41546-philadelphus-belle-etoile.html
41546-18202;594773;113;20170115;https://www.jardiland.com/plantes/arbres-et-arbustes-d-ornement/arbres-et-arbustes/seringat/41546-philadelphus-belle-etoile.html
33477-49232;585942;113;20170115;https://www.jardiland.com/plantes/arbres-et-arbustes-d-ornement/arbres-et-arbustes/noisetier-ornemental/33477-noisetier-tortueux.html
33465-21138;636669;113;20170115;https://www.jardiland.com/plantes/arbres-et-arbustes-d-ornement/arbres-et-arbustes/millepertuis/33465-millepertuis-hidcote.html
33535-24832;807092;113;20170115;https://www.jardiland.com/plantes/arbres-et-arbustes-d-ornement/arbres-et-arbustes/pommier-d-ornement/33535-malus-perpetur-evereste-pbr.html
33539-29464;944422;113;20170115;https://www.jardiland.com/plantes/arbres-et-arbustes-d-ornement/arbres-et-arbustes/pommier-d-ornement/33539-malus-coccinellar-courtarou-pbr.html
33446-17851;592161;113;20170115;https://www.jardiland.com/plantes/arbres-et-arbustes-d-ornement/arbres-et-arbustes/lonicera/33446-lonicera-nitida.html
33711-24849;814432;113;20170115;https://www.jardiland.com/plantes/arbres-et-arbustes-d-ornement/arbres-et-arbustes/troene/33711-ligustrum-ovalifolium-argenteum.html
33714-17803;591804;113;20170115;https://www.jardiland.com/plantes/arbres-et-arbustes-d-ornement/arbres-et-arbustes/troene/33714-ligustrum-ovalifolium.html
33708-17786;591754;113;20170115;https://www.jardiland.com/plantes/arbres-et-arbustes-d-ornement/arbres-et-arbustes/troene/33708-ligustrum-japonicum.html
33402-55139;591575;113;20170115;https://www.jardiland.com/plantes/arbres-et-arbustes-d-ornement/arbres-et-arbustes/lavatere/33402-lavatera-rosea.html
33328-17320;588938;113;20170115;https://www.jardiland.com/plantes/arbres-et-arbustes-d-ornement/arbres-et-arbustes/hibiscus/33328-hibiscus-syriacus-red-heart.html
33337-51959;1468961;113;20170115;https://www.jardiland.com/plantes/arbres-et-arbustes-d-ornement/arbres-et-arbustes/hibiscus/33337-hibiscus-syriacus-blue-chiffon.html
33332-26642;855428;113;20170115;https://www.jardiland.com/plantes/arbres-et-arbustes-d-ornement/arbres-et-arbustes/hibiscus/33332-hibiscus-syriacus.html
33293-17230;588153;113;20170115;https://www.jardiland.com/plantes/arbres-et-arbustes-d-ornement/arbres-et-arbustes/genet/33293-genet-porlock.html
33261-17114;587626;113;20170115;https://www.jardiland.com/plantes/arbres-et-arbustes-d-ornement/arbres-et-arbustes/fusain/33261-euonymus-japonicus-president-gauthier.html
33250-43015;703642;113;20170115;https://www.jardiland.com/plantes/arbres-et-arbustes-d-ornement/arbres-et-arbustes/fusain/33250-euonymus-japonicus-aureomarginatus.html
33214-17022;587273;113;20170115;https://www.jardiland.com/plantes/arbres-et-arbustes-d-ornement/arbres-et-arbustes/escallonia/33214-escallonia-iveyi.html
33190-22548;679648;113;20170115;https://www.jardiland.com/plantes/arbres-et-arbustes-d-ornement/arbres-et-arbustes/erable/33190-erable-champetre.html
33182-9642;1307129;113;20170115;https://www.jardiland.com/plantes/arbres-et-arbustes-d-ornement/arbres-et-arbustes/elaeagnus/33182-eleagnus-x-ebbingei-vivelegr.html
33160-16917;586822;113;20170115;https://www.jardiland.com/plantes/arbres-et-arbustes-d-ornement/arbres-et-arbustes/deutzia/33160-deutzia-gracilis.html
33145-23283;701847;113;20170115;https://www.jardiland.com/plantes/arbres-et-arbustes-d-ornement/arbres-et-arbustes/cotoneaster/33145-cotoneaster-de-franchet.html
33155-26557;864349;113;20170115;https://www.jardiland.com/plantes/arbres-et-arbustes-d-ornement/arbres-et-arbustes/cotoneaster/33155-cotoneaster-atropurpureus-variegatus.html
33308-16702;585903;113;20170115;https://www.jardiland.com/plantes/arbres-et-arbustes-d-ornement/arbres-et-arbustes/herbe-de-la-pampa/33308-cortaderia-selloana-argentea.html
33103-16513;583968;113;20170115;https://www.jardiland.com/plantes/arbres-et-arbustes-d-ornement/arbres-et-arbustes/cognassier-du-japon/33103-cognassier-a-fleurs-umbilicata.html
33075-23322;703641;113;20170115;https://www.jardiland.com/plantes/arbres-et-arbustes-d-ornement/arbres-et-arbustes/ceanothe/33075-ceanothus-thyrsiflorus-skylark.html
33071-40184;920103;113;20170115;https://www.jardiland.com/plantes/arbres-et-arbustes-d-ornement/arbres-et-arbustes/ceanothe/33071-ceanothus-autumnal-blue.html
33051-15853;582976;113;20170115;https://www.jardiland.com/plantes/arbres-et-arbustes-d-ornement/arbres-et-arbustes/caryopteris/33051-caryopteris-heavenly-blue.html
33038-27637;877429;113;20170115;https://www.jardiland.com/plantes/arbres-et-arbustes-d-ornement/arbres-et-arbustes/buddleia/33038-buddleja-davidii-adonis-blue-adokeep-pbr.html
33030-16129;581376;113;20170115;https://www.jardiland.com/plantes/arbres-et-arbustes-d-ornement/arbres-et-arbustes/buddleia/33030-buddleja-davidii-empire-blue.html
33012-28945;924279;113;20170115;https://www.jardiland.com/plantes/arbres-et-arbustes-d-ornement/arbres-et-arbustes/berberis/33012-berberis-thunbergii-harlequin.html
33014-23970;732082;113;20170115;https://www.jardiland.com/plantes/arbres-et-arbustes-d-ornement/arbres-et-arbustes/berberis/33014-berberis-thunbergii.html
33005-16089;581003;113;20170115;https://www.jardiland.com/plantes/arbres-et-arbustes-d-ornement/arbres-et-arbustes/berberis/33005-berberis-darwinii.html
32954-16404;583642;113;20170115;https://www.jardiland.com/plantes/arbres-et-arbustes-d-ornement/arbres-et-arbustes/arbre-de-judee/32954-arbre-de-judee.html
32945-21387;644753;113;20170115;https://www.jardiland.com/plantes/arbres-et-arbustes-d-ornement/arbres-et-arbustes/arbre-aux-faisans/32945-arbre-aux-faisans-golden-lanterns.html
32929-28772;921261;113;20170115;https://www.jardiland.com/plantes/arbres-et-arbustes-d-ornement/arbres-et-arbustes/abelia/32929-abelia-a-grandes-fleurs.html
