ID_WEB;ID_JDN;CODEMAG;DATE_ASPI;URLPRODUIT
64533-64533;1276731;10;20170116;https://www.jardiland.com/maison-deco/objets-de-decoration/autres-objets-de-decoration/autres-objets-de-decoration/64533-bougie-mica-vert-clair-10-cm.html
923-923;1328245;10;20170116;https://www.jardiland.com/maison-deco/objets-de-decoration/plantes-artificielles/plante-et-fleur/923-aloe-vera-artificiel-en-pot-14-cm.html
32327-14468;1440436;10;20170116;https://www.jardiland.com/animaux/oiseau-de-la-nature/alimentation/32327-cylindre-de-graisse-pour-oiseaux.html
32322-12856;1398623;10;20170116;https://www.jardiland.com/animaux/oiseau-de-la-nature/alimentation/32322-cylindre-de-graisse-avec-support.html
57717-62890;838600;10;20170116;https://www.jardiland.com/animaux/reptiles-et-insectes/terrariums-et-accessoires/equipement-de-terrarium/57717-couvercle-avec-eclairage-fluorescent.html
32573-13202;1402803;10;20170116;https://www.jardiland.com/animaux/reptiles-et-insectes/terrariums-et-accessoires/terrarium/32573-aqua-terrarium-pour-tortues.html
5064-5064;701419;10;20170116;https://www.jardiland.com/animaux/oiseau/cages-volieres-et-accessoires/cage/5064-cage-a-oiseaux-family-6-1.html
32273-58712;941796;10;20170116;https://www.jardiland.com/animaux/oiseau/alimentation-et-friandises/alimentation-quotidienne/32273-menu-prestige-grande-perruche.html
32278-58711;941795;10;20170116;https://www.jardiland.com/animaux/oiseau/alimentation-et-friandises/alimentation-quotidienne/32278-melange-de-graines-pour-perruches-prestige.html
32281-58710;941794;10;20170116;https://www.jardiland.com/animaux/oiseau/alimentation-et-friandises/alimentation-quotidienne/32281-melange-de-graines-pour-oiseaux-exotiques-prestige.html
32453-14921;1452918;10;20170116;https://www.jardiland.com/animaux/poisson/entretien-et-soins/produit-pour-l-eau/32453-tetra-crystal-water.html
32494-29876;957351;10;20170116;https://www.jardiland.com/animaux/poisson/materiel-chauffage-filtres-et-pompes/filtre-exterieur/32494-ventouse-crochet-x4-1.html
54467-54467;1472491;10;20170116;https://www.jardiland.com/animaux/poisson/materiel-chauffage-filtres-et-pompes/aeration/54467-tuyau-a-air-en-silicone-2a5-m.html
32488-27198;875396;10;20170116;https://www.jardiland.com/animaux/poisson/materiel-chauffage-filtres-et-pompes/eclairage/32488-tube-high-lite-day.html
32487-26740;857848;10;20170116;https://www.jardiland.com/animaux/poisson/materiel-chauffage-filtres-et-pompes/eclairage/32487-tube-high-lite-colour.html
49966-49474;857858;10;20170116;https://www.jardiland.com/animaux/poisson/materiel-chauffage-filtres-et-pompes/produit-specifique-eau-de-mer/49966-tube-high-lite-blue.html
4416-4416;737086;10;20170116;https://www.jardiland.com/animaux/poisson/materiel-chauffage-filtres-et-pompes/masse-de-filtration/4416-mousse-pour-filtre-eden-501-1.html
53253-53162;543451;10;20170116;https://www.jardiland.com/animaux/poisson/materiel-chauffage-filtres-et-pompes/produit-specifique-eau-de-mer/53253-jbl-solar-marin-day-t8-1.html
5594-5594;927409;10;20170116;https://www.jardiland.com/animaux/poisson/materiel-chauffage-filtres-et-pompes/masse-de-filtration/5594-jbl-clearmec.html
592-592;1251150;10;20170116;https://www.jardiland.com/animaux/poisson/materiel-chauffage-filtres-et-pompes/masse-de-filtration/592-dose-crystal-size-4-1.html
32432-27122;867705;10;20170116;https://www.jardiland.com/animaux/poisson/decoration-pour-aquarium/sable-et-autres-graviers/32432-quartz-3-litres.html
32406-9663;1307207;10;20170116;https://www.jardiland.com/animaux/poisson/decoration-pour-aquarium/decoration-d-aquarium/32406-decoration-pour-aquarium-amphore-elephant.html
1309-1309;1304936;10;20170116;https://www.jardiland.com/animaux/poisson/decoration-pour-aquarium/decoration-d-aquarium/1309-decor-pour-aquarium-zen-garden.html
53663-53663;1444840;10;20170116;https://www.jardiland.com/animaux/poisson/decoration-pour-aquarium/decoration-d-aquarium/53663-decor-corail-colore.html
62901-62873;1469186;10;20170116;https://www.jardiland.com/animaux/poisson/aquariums/meuble-pour-aquarium/62901-meuble-pour-aquarium-lido-120-1.html
32375-9598;1305060;10;20170116;https://www.jardiland.com/animaux/poisson/aquariums/aquarium-decoratif/32375-aquarium-spec-3-1.html
60077-60077;1486127;10;20170116;https://www.jardiland.com/animaux/poisson/aquariums/aquarium-pour-poisson-d-eau-froide/60077-aquarium-nexus-15-led-sans-filtre.html
50788-41256;1250305;10;20170116;https://www.jardiland.com/animaux/poisson/aquariums/aquarium-pour-poisson-d-eau-chaude/50788-aquarium-lido-120-l.html
65032-64980;1487301;10;20170116;https://www.jardiland.com/animaux/poisson/aquariums/aquarium-pour-poisson-d-eau-froide/65032-aquarium-led-inwa-start40-pack-pur.html
65032-64979;1487302;10;20170116;https://www.jardiland.com/animaux/poisson/aquariums/aquarium-pour-poisson-d-eau-froide/65032-aquarium-led-inwa-start40-pack-pur.html
53583-53583;543180;10;20170116;https://www.jardiland.com/animaux/poisson/alimentation/pour-poisson-d-eau-de-mer/53583-jbl-maris.html
32365-8129;1256378;10;20170116;https://www.jardiland.com/animaux/poisson/alimentation/pour-poisson-d-eau-froide/32365-api-japan-goldfish-granules.html
1137-1137;1256396;10;20170116;https://www.jardiland.com/animaux/poisson/alimentation/pour-poisson-d-eau-chaude/1137-api-guppy-flocons.html
52608-52608;1448422;10;20170116;https://www.jardiland.com/animaux/basse-cour/poulaillers-clapiers-et-accessoires/mangeoire-et-abreuvoir/52608-mangeoire-volailles-lineaire-pvc.html
52627-52627;1448403;10;20170116;https://www.jardiland.com/animaux/basse-cour/poulaillers-clapiers-et-accessoires/mangeoire-et-abreuvoir/52627-abreuvoir-a-baionnette-vert-5-l.html
52634-52634;1448396;10;20170116;https://www.jardiland.com/animaux/basse-cour/poulaillers-clapiers-et-accessoires/mangeoire-et-abreuvoir/52634-abreuvoir-a-baionnette-avec-pieds-vert-8-l.html
56773-56773;1437534;10;20170116;https://www.jardiland.com/animaux/basse-cour/aliments/complement-nutritionnel/56773-vers-de-farine-deshydrates.html
31800-11903;1374711;10;20170116;https://www.jardiland.com/animaux/chat/colliers-laisses-et-harnais/harnais/31800-harnais-pour-chat-family.html
46559-46559;1444961;10;20170116;https://www.jardiland.com/animaux/chat/jeux-et-jouets/46559-jouet-pour-chat-peluche-coq.html
46098-44157;1437312;10;20170116;https://www.jardiland.com/animaux/chat/hygiene-soins-et-litieres/bac-a-litiere-et-maison-de-toilette/46098-maison-de-toilette-nestor-twilight.html
1178-1178;1282123;10;20170116;https://www.jardiland.com/animaux/chat/hygiene-soins-et-litieres/bac-a-litiere-et-maison-de-toilette/1178-maison-de-toilette-catsline-nature.html
31704-41395;1424803;10;20170116;https://www.jardiland.com/animaux/chat/alimentation-et-friandises/croquette-pour-chat/31704-friskies-chat.html
53405-53405;647493;10;20170116;https://www.jardiland.com/animaux/rongeurs-et-petits-mammiferes/aliments-et-friandises/friandise/53405-greenies-cochon-d-inde.html
32606-13292;1403890;10;20170116;https://www.jardiland.com/animaux/rongeurs-et-petits-mammiferes/aliments-et-friandises/friandise/32606-biscuit-pour-rongeur.html
58005-58005;1441559;10;20170116;https://www.jardiland.com/animaux/chien/soins-antiparasitaires/antiparasitaire-pour-l-habitat/58005-spray-insectifuge-de-l-habitat.html
1024-1024;1336281;10;20170116;https://www.jardiland.com/animaux/chien/hygiene-et-soins/soin-de-toilettage/1024-shampooing-anti-odeurs-pour-chien.html
50853-50526;1405244;10;20170116;https://www.jardiland.com/animaux/chien/colliers-laisses-et-vetements/laisse-pour-chien/50853-laisse-retractable-cordon-new-classic-bleu.html
50835-50429;1434626;10;20170116;https://www.jardiland.com/animaux/chien/colliers-laisses-et-vetements/laisse-pour-chien/50835-laisse-nylon-xl.html
50833-50546;1434705;10;20170116;https://www.jardiland.com/animaux/chien/colliers-laisses-et-vetements/laisse-pour-chien/50833-laisse-nylon-corde-lasso.html
50831-50449;1434715;10;20170116;https://www.jardiland.com/animaux/chien/colliers-laisses-et-vetements/laisse-pour-chien/50831-laisse-nylon-1m.html
32098-13536;1405255;10;20170116;https://www.jardiland.com/animaux/chien/colliers-laisses-et-vetements/laisse-pour-chien/32098-laisse-enrouleur-flexi-new-classic-sangle-s-5-m.html
32096-13390;1405247;10;20170116;https://www.jardiland.com/animaux/chien/colliers-laisses-et-vetements/laisse-pour-chien/32096-laisse-enrouleur-flexi-new-classic-5-m.html
50944-50944;679180;10;20170116;https://www.jardiland.com/animaux/chien/colliers-laisses-et-vetements/collier-pour-chien/50944-collier-reglable-mc-leather-25mm-jaune.html
32020-7989;1256744;10;20170116;https://www.jardiland.com/animaux/chien/colliers-laisses-et-vetements/collier-pour-chien/32020-collier-pour-chien-confort.html
50834-50560;1434665;10;20170116;https://www.jardiland.com/animaux/chien/colliers-laisses-et-vetements/collier-pour-chien/50834-collier-nylon-reglable.html
54386-56071;1434630;10;20170116;https://www.jardiland.com/animaux/chien/colliers-laisses-et-vetements/collier-pour-chien/54386-collier-nylon.html
54386-56068;1434642;10;20170116;https://www.jardiland.com/animaux/chien/colliers-laisses-et-vetements/collier-pour-chien/54386-collier-nylon.html
32041-12230;1380437;10;20170116;https://www.jardiland.com/animaux/chien/colliers-laisses-et-vetements/collier-pour-chien/32041-collier-lumineux-pour-chien-s.html
32041-12208;1380435;10;20170116;https://www.jardiland.com/animaux/chien/colliers-laisses-et-vetements/collier-pour-chien/32041-collier-lumineux-pour-chien-s.html
32043-12255;1380443;10;20170116;https://www.jardiland.com/animaux/chien/colliers-laisses-et-vetements/collier-pour-chien/32043-collier-lumineux-pour-chien-l.html
32244-8331;1263230;10;20170116;https://www.jardiland.com/animaux/chien/niches-couchage-et-transport/tapis/32244-coussin-plat-kilt-rouge.html
32240-22019;660339;10;20170116;https://www.jardiland.com/animaux/chien/niches-couchage-et-transport/tapis/32240-coussin-plat-kilt.html
50903-41355;1402296;10;20170116;https://www.jardiland.com/animaux/chien/niches-couchage-et-transport/corbeille/50903-corbeille-pour-chien-petra.html
50782-50354;1448115;10;20170116;https://www.jardiland.com/animaux/chien/niches-couchage-et-transport/corbeille/50782-corbeille-club-bella-gris.html
64655-64655;1464444;10;20170116;https://www.jardiland.com/animaux/chien/gamelles-ecuelles-et-distributeurs/gamelle-et-ecuelle/64655-gamelle-melaminee-gris-pour-chiens-350-ml.html
31904-41458;1300228;10;20170116;https://www.jardiland.com/animaux/chien/alimentation-et-friandises/croquette-pour-chien/31904-royal-canin-maxi-junior.html
31990-7077;1209703;10;20170116;https://www.jardiland.com/animaux/chien/alimentation-et-friandises/os-a-macher/31990-os-presses.html
31990-7074;1209697;10;20170116;https://www.jardiland.com/animaux/chien/alimentation-et-friandises/os-a-macher/31990-os-presses.html
31990-7064;1209676;10;20170116;https://www.jardiland.com/animaux/chien/alimentation-et-friandises/os-a-macher/31990-os-presses.html
5264-5264;824595;10;20170116;https://www.jardiland.com/animaux/chien/alimentation-et-friandises/os-a-macher/5264-os-presse-porks-x2-11e5-cm.html
52463-52187;1209404;10;20170116;https://www.jardiland.com/animaux/chien/alimentation-et-friandises/os-a-macher/52463-os-presse.html
52463-52185;1209402;10;20170116;https://www.jardiland.com/animaux/chien/alimentation-et-friandises/os-a-macher/52463-os-presse.html
31984-7075;1209698;10;20170116;https://www.jardiland.com/animaux/chien/alimentation-et-friandises/friandise-bucco-dentaire/31984-os-au-fluor.html
31984-7072;1209687;10;20170116;https://www.jardiland.com/animaux/chien/alimentation-et-friandises/friandise-bucco-dentaire/31984-os-au-fluor.html
40939-40939;1427537;10;20170116;https://www.jardiland.com/animaux/chien/alimentation-et-friandises/biscuit/40939-friandise-pour-chien-dog-choc-poulet-100-g.html
54409-55863;1452965;10;20170116;https://www.jardiland.com/animaux/chien/alimentation-et-friandises/croquette-pour-chien/54409-croquettes-pour-chiens-sterilises-au-poulet.html
54413-54209;1430570;10;20170116;https://www.jardiland.com/animaux/chien/alimentation-et-friandises/croquette-pour-chien/54413-croquettes-pour-chiens-adultes-robustes-poulet.html
31938-41442;657830;10;20170116;https://www.jardiland.com/animaux/chien/alimentation-et-friandises/croquette-pour-chien/31938-croquettes-club-special-performance-pour-chien-adulte.html
293-293;1017118;10;20170116;https://www.jardiland.com/animaux/chien/alimentation-et-friandises/biscuit/293-biscuits-pour-chien.html
50774-12470;1389686;10;20170116;https://www.jardiland.com/amenagement-du-jardin/pots-bacs-jardinieres-et-supports/en-plastique/50774-soucoupe-en-plastique-teramo.html
50774-6789;1017914;10;20170116;https://www.jardiland.com/amenagement-du-jardin/pots-bacs-jardinieres-et-supports/en-plastique/50774-soucoupe-en-plastique-teramo.html
31542-13166;1402595;10;20170116;https://www.jardiland.com/amenagement-du-jardin/pots-bacs-jardinieres-et-supports/en-plastique/31542-pot-en-resine-cuenco.html
50546-50546;1434705;10;20170116;https://www.jardiland.com/jardinage/bricolage-droguerie/insecticides-menagers/insecticide-mouche/50546-laisse-nylon-corde-lasso.html
50918-41371;1403847;10;20170116;https://www.jardiland.com/jardinage/semis-protections-et-accessoires-de-jardinage/serres-et-chassis/mini-serre/50918-soucoupe-green-basics.html
50918-41370;1403845;10;20170116;https://www.jardiland.com/jardinage/semis-protections-et-accessoires-de-jardinage/serres-et-chassis/mini-serre/50918-soucoupe-green-basics.html
50918-41369;1403844;10;20170116;https://www.jardiland.com/jardinage/semis-protections-et-accessoires-de-jardinage/serres-et-chassis/mini-serre/50918-soucoupe-green-basics.html
50918-41368;1403841;10;20170116;https://www.jardiland.com/jardinage/semis-protections-et-accessoires-de-jardinage/serres-et-chassis/mini-serre/50918-soucoupe-green-basics.html
46110-58694;1373048;10;20170116;https://www.jardiland.com/jardinage/entretien-et-traitements/engrais/engrais-universel/46110-engrais-bleu.html
37647-37647;1329613;10;20170116;https://www.jardiland.com/plantes/sapins-de-noel/sapins-artificiels/autres-sapins-artificiels/37647-guirlande-de-sapin-vert-l-180-cm.html
12482-12482;1389714;10;20170116;https://www.jardiland.com/plantes/plantes-artificielles/plantes-artificielles/fruit-et-legume/12482-plateau-carre-rotomoule-cubo.html
8680-8680;1282130;10;20170116;https://www.jardiland.com/plantes/plantes-artificielles/plantes-artificielles/fruit-et-legume/8680-olivier.html
40018-40018;876979;10;20170116;https://www.jardiland.com/plantes/plantes-artificielles/plantes-artificielles/fruit-et-legume/40018-cognassier-a-fleurs-rubra.html
35656-21834;657839;10;20170116;https://www.jardiland.com/plantes/plantes-d-interieur/cactus-et-plantes-grasses/lithops/35656-lithops.html
36045-24831;806966;10;20170116;https://www.jardiland.com/plantes/plantes-d-interieur/plantes-vertes/kentia/36045-kentia-de-foster.html
35992-20637;632774;10;20170116;https://www.jardiland.com/plantes/plantes-d-interieur/plantes-vertes/ficus/35992-ficus-pumila-mini-plante.html
35862-55638;1264777;10;20170116;https://www.jardiland.com/plantes/plantes-d-interieur/plantes-vertes/asparagus/35862-asparagus-setaceus-plumosus.html
62703-64993;1496761;10;20170116;https://www.jardiland.com/plantes/plantes-d-interieur/plantes-fleuries/tillandsia/62703-fille-de-l-air.html
62703-64983;1378096;10;20170116;https://www.jardiland.com/plantes/plantes-d-interieur/plantes-fleuries/tillandsia/62703-fille-de-l-air.html
35758-25630;823226;10;20170116;https://www.jardiland.com/plantes/plantes-d-interieur/plantes-fleuries/azalee/35758-azalea-christine.html
4709-4709;602903;10;20170116;https://www.jardiland.com/plantes/graines-et-gazon/graines-de-fleurs/fleurs-annuelles/4709-tournseol-russian-giant.html
4710-4710;602906;10;20170116;https://www.jardiland.com/plantes/graines-et-gazon/graines-de-fleurs/fleurs-vivaces/4710-lupin-band-of-nobles-en-melange.html
4177-4177;565351;10;20170116;https://www.jardiland.com/plantes/graines-et-gazon/graines-de-fleurs/fleurs-vivaces/4177-delphinium-pacific-geant.html
53385-53385;878016;10;20170116;https://www.jardiland.com/plantes/graines-et-gazon/graines-de-fleurs/fleurs-annuelles/53385-chassis-metal-zinc-3-pots-fleurs.html
4166-4166;565318;10;20170116;https://www.jardiland.com/plantes/graines-et-gazon/graines-de-fleurs/fleurs-annuelles/4166-capucine-grande-de-lobb-variee.html
4163-4163;565315;10;20170116;https://www.jardiland.com/plantes/graines-et-gazon/graines-de-fleurs/fleurs-annuelles/4163-capucine-bijou-naine-double-variee.html
3898-3898;564730;10;20170116;https://www.jardiland.com/plantes/graines-et-gazon/graines-potageres-et-aromatiques/tomates-piments-poivrons-aubergines/3898-tomate-sainte-lucie-bio.html
1516-1516;1307000;10;20170116;https://www.jardiland.com/plantes/graines-et-gazon/graines-potageres-et-aromatiques/tomates-piments-poivrons-aubergines/1516-tomate-noire-de-crimee-bio.html
1511-1511;1306984;10;20170116;https://www.jardiland.com/plantes/graines-et-gazon/graines-potageres-et-aromatiques/tomates-piments-poivrons-aubergines/1511-tomate-gardener-s-delight-bio.html
5184-5184;933856;10;20170116;https://www.jardiland.com/plantes/graines-et-gazon/graines-potageres-et-aromatiques/radis-navets-carottes-et-autres-racines/5184-radis-de-18-jours-bio.html
53858-53858;1016411;10;20170116;https://www.jardiland.com/plantes/graines-et-gazon/graines-potageres-et-aromatiques/poireaux/53858-poireau-bleu-de-solaise-format-economique.html
813-813;1251880;10;20170116;https://www.jardiland.com/plantes/graines-et-gazon/graines-potageres-et-aromatiques/oignons/813-oignon-jaune-paille-des-vertus.html
925-925;1252142;10;20170116;https://www.jardiland.com/plantes/graines-et-gazon/graines-potageres-et-aromatiques/salades/925-laitue-grosse-blonde-d-hiver.html
35497-64619;1010161;10;20170116;https://www.jardiland.com/plantes/bulbes-et-pommes-de-terre/pommes-de-terre-et-tubercules/pommes-de-terre/35497-pomme-de-terre-rikea-sac.html
35016-29646;952126;10;20170116;https://www.jardiland.com/plantes/bulbes-et-pommes-de-terre/bulbes-a-fleurs/amaryllis/35016-amaryllis-rouge.html
36491-8174;1259344;10;20170116;https://www.jardiland.com/plantes/potager-et-verger/fruitiers/kiwi/36491-actinidia-deliciosa-male.html
34041-18966;601065;10;20170116;https://www.jardiland.com/plantes/arbres-et-arbustes-d-ornement/coniferes/thuya/34041-thuja-occidentalis-smaragd-emeraude.html
33820-18344;595316;10;20170116;https://www.jardiland.com/plantes/arbres-et-arbustes-d-ornement/bambous/phyllostachys/33820-bambou-phyllostachys-bissetii.html
34400-13090;1401963;10;20170116;https://www.jardiland.com/plantes/arbres-et-arbustes-d-ornement/plantes-grimpantes/clematite/34400-clematite-a-grandes-fleurs.html
34365-25533;823255;10;20170116;https://www.jardiland.com/plantes/arbres-et-arbustes-d-ornement/plantes-grimpantes/chevrefeuille/34365-chevrefeuille-de-henry.html
34296-31085;997925;10;20170116;https://www.jardiland.com/plantes/arbres-et-arbustes-d-ornement/plantes-de-terre-de-bruyere/rhododendron/34296-rhododendron-yakushimanum.html
34286-23524;716305;10;20170116;https://www.jardiland.com/plantes/arbres-et-arbustes-d-ornement/plantes-de-terre-de-bruyere/pieris/34286-pieris.html
34197-23508;719596;10;20170116;https://www.jardiland.com/plantes/arbres-et-arbustes-d-ornement/plantes-de-terre-de-bruyere/hortensia/34197-hortensia-a-grandes-feuilles.html
34699-21068;636154;10;20170116;https://www.jardiland.com/plantes/arbres-et-arbustes-d-ornement/plantes-mediterraneennes/autres-plantes-mediterraneennes/34699-sauge-microphylla.html
34681-18494;596427;10;20170116;https://www.jardiland.com/plantes/arbres-et-arbustes-d-ornement/plantes-mediterraneennes/autres-plantes-mediterraneennes/34681-pittosporum-tenuifolium.html
34682-24553;751109;10;20170116;https://www.jardiland.com/plantes/arbres-et-arbustes-d-ornement/plantes-mediterraneennes/autres-plantes-mediterraneennes/34682-pittospore-du-japon.html
34682-18501;596454;10;20170116;https://www.jardiland.com/plantes/arbres-et-arbustes-d-ornement/plantes-mediterraneennes/autres-plantes-mediterraneennes/34682-pittospore-du-japon.html
34816-26056;837340;10;20170116;https://www.jardiland.com/plantes/arbres-et-arbustes-d-ornement/plantes-mediterraneennes/palmiers/34816-phormium-tenax-variegatum.html
34815-18268;595014;10;20170116;https://www.jardiland.com/plantes/arbres-et-arbustes-d-ornement/plantes-mediterraneennes/palmiers/34815-phormium-sundowner.html
34635-18222;594866;10;20170116;https://www.jardiland.com/plantes/arbres-et-arbustes-d-ornement/plantes-mediterraneennes/autres-plantes-mediterraneennes/34635-phlomis-fruticosa.html
34686-14184;1429760;10;20170116;https://www.jardiland.com/plantes/arbres-et-arbustes-d-ornement/plantes-mediterraneennes/autres-plantes-mediterraneennes/34686-phillyrea-angustifolia.html
34846-29818;956426;10;20170116;https://www.jardiland.com/plantes/arbres-et-arbustes-d-ornement/plantes-mediterraneennes/palmiers/34846-palmier-nain-bleu-cerifera.html
34803-43659;1417487;10;20170116;https://www.jardiland.com/plantes/arbres-et-arbustes-d-ornement/plantes-mediterraneennes/palmiers/34803-palmier-nain.html
34803-42694;1417626;10;20170116;https://www.jardiland.com/plantes/arbres-et-arbustes-d-ornement/plantes-mediterraneennes/palmiers/34803-palmier-nain.html
34803-25376;817676;10;20170116;https://www.jardiland.com/plantes/arbres-et-arbustes-d-ornement/plantes-mediterraneennes/palmiers/34803-palmier-nain.html
34803-24339;745070;10;20170116;https://www.jardiland.com/plantes/arbres-et-arbustes-d-ornement/plantes-mediterraneennes/palmiers/34803-palmier-nain.html
34803-22466;678502;10;20170116;https://www.jardiland.com/plantes/arbres-et-arbustes-d-ornement/plantes-mediterraneennes/palmiers/34803-palmier-nain.html
34827-22591;681887;10;20170116;https://www.jardiland.com/plantes/arbres-et-arbustes-d-ornement/plantes-mediterraneennes/palmiers/34827-palmier-a-jupon.html
34604-30682;977318;10;20170116;https://www.jardiland.com/plantes/arbres-et-arbustes-d-ornement/plantes-mediterraneennes/autres-plantes-mediterraneennes/34604-liseron-de-turquie.html
34670-17727;591334;10;20170116;https://www.jardiland.com/plantes/arbres-et-arbustes-d-ornement/plantes-mediterraneennes/autres-plantes-mediterraneennes/34670-lilas-des-indes-violet.html
34561-10787;1353124;10;20170116;https://www.jardiland.com/plantes/arbres-et-arbustes-d-ornement/plantes-mediterraneennes/autres-plantes-mediterraneennes/34561-lilas-des-indes-cordon-bleu.html
34671-17731;591371;10;20170116;https://www.jardiland.com/plantes/arbres-et-arbustes-d-ornement/plantes-mediterraneennes/autres-plantes-mediterraneennes/34671-laurier-sauce.html
34780-28495;911955;10;20170116;https://www.jardiland.com/plantes/arbres-et-arbustes-d-ornement/plantes-mediterraneennes/laurier-rose/34780-laurier-rose.html
34780-24869;807674;10;20170116;https://www.jardiland.com/plantes/arbres-et-arbustes-d-ornement/plantes-mediterraneennes/laurier-rose/34780-laurier-rose.html
34780-18047;593445;10;20170116;https://www.jardiland.com/plantes/arbres-et-arbustes-d-ornement/plantes-mediterraneennes/laurier-rose/34780-laurier-rose.html
34557-14086;1427197;10;20170116;https://www.jardiland.com/plantes/arbres-et-arbustes-d-ornement/plantes-mediterraneennes/autres-plantes-mediterraneennes/34557-jasmin-du-cap-crown-jewel.html
34591-16439;583896;10;20170116;https://www.jardiland.com/plantes/arbres-et-arbustes-d-ornement/plantes-mediterraneennes/autres-plantes-mediterraneennes/34591-jasmin-de-nuit.html
34696-55214;598092;10;20170116;https://www.jardiland.com/plantes/arbres-et-arbustes-d-ornement/plantes-mediterraneennes/autres-plantes-mediterraneennes/34696-grenadier-pleniflora.html
34622-26501;849104;10;20170116;https://www.jardiland.com/plantes/arbres-et-arbustes-d-ornement/plantes-mediterraneennes/autres-plantes-mediterraneennes/34622-fremontodendron-californicum.html
34809-43662;809238;10;20170116;https://www.jardiland.com/plantes/arbres-et-arbustes-d-ornement/plantes-mediterraneennes/palmiers/34809-cordyline-australis.html
34809-24371;746260;10;20170116;https://www.jardiland.com/plantes/arbres-et-arbustes-d-ornement/plantes-mediterraneennes/palmiers/34809-cordyline-australis.html
34809-22878;691236;10;20170116;https://www.jardiland.com/plantes/arbres-et-arbustes-d-ornement/plantes-mediterraneennes/palmiers/34809-cordyline-australis.html
34809-8704;1283438;10;20170116;https://www.jardiland.com/plantes/arbres-et-arbustes-d-ornement/plantes-mediterraneennes/palmiers/34809-cordyline-australis.html
34605-16651;585519;10;20170116;https://www.jardiland.com/plantes/arbres-et-arbustes-d-ornement/plantes-mediterraneennes/autres-plantes-mediterraneennes/34605-coprosma-lemon-and-lime.html
34552-7577;1236555;10;20170116;https://www.jardiland.com/plantes/arbres-et-arbustes-d-ornement/plantes-mediterraneennes/autres-plantes-mediterraneennes/34552-callistemon-viminalis.html
34571-21384;644730;10;20170116;https://www.jardiland.com/plantes/arbres-et-arbustes-d-ornement/plantes-mediterraneennes/autres-plantes-mediterraneennes/34571-callistemon-rugulosus-laevis.html
34589-47230;581894;10;20170116;https://www.jardiland.com/plantes/arbres-et-arbustes-d-ornement/plantes-mediterraneennes/autres-plantes-mediterraneennes/34589-callistemon-citrinus-splendens.html
34721-46999;1420372;10;20170116;https://www.jardiland.com/plantes/arbres-et-arbustes-d-ornement/plantes-mediterraneennes/autres-plantes-mediterraneennes/34721-callistemon-masotti-pbr.html
34721-22615;684823;10;20170116;https://www.jardiland.com/plantes/arbres-et-arbustes-d-ornement/plantes-mediterraneennes/autres-plantes-mediterraneennes/34721-callistemon-masotti-pbr.html
34745-26796;863915;10;20170116;https://www.jardiland.com/plantes/arbres-et-arbustes-d-ornement/plantes-mediterraneennes/autres-plantes-mediterraneennes/34745-bougainvillier-varie.html
50826-50384;1449469;10;20170116;https://www.jardiland.com/plantes/arbres-et-arbustes-d-ornement/plantes-mediterraneennes/autres-plantes-mediterraneennes/50826-bougainvillier-bicolore.html
34756-7533;1247392;10;20170116;https://www.jardiland.com/plantes/arbres-et-arbustes-d-ornement/plantes-mediterraneennes/autres-plantes-mediterraneennes/34756-bananier-du-sikkim-red-tiger.html
34738-6317;1009536;10;20170116;https://www.jardiland.com/plantes/arbres-et-arbustes-d-ornement/plantes-mediterraneennes/autres-plantes-mediterraneennes/34738-albizia-summer-chocolate.html
34787-24240;741035;10;20170116;https://www.jardiland.com/plantes/arbres-et-arbustes-d-ornement/plantes-mediterraneennes/palmiers/34787-agave-americana.html
41553-21481;648987;10;20170116;https://www.jardiland.com/plantes/arbres-et-arbustes-d-ornement/arbres-et-arbustes/weigelia/41553-weigela-florida-monet-verweig-pbr.html
33764-25418;818040;10;20170116;https://www.jardiland.com/plantes/arbres-et-arbustes-d-ornement/arbres-et-arbustes/vitex/33764-vitex-agnus-castus-f-latifolia.html
33694-6436;1012823;10;20170116;https://www.jardiland.com/plantes/arbres-et-arbustes-d-ornement/arbres-et-arbustes/symphorine/33694-symphoricarpos-x-doorenbosii-magicalr-candy-kolmcan.html
33634-18893;599841;10;20170116;https://www.jardiland.com/plantes/arbres-et-arbustes-d-ornement/arbres-et-arbustes/saule/33634-saule-marsault-curly-locks.html
33639-24756;805522;10;20170116;https://www.jardiland.com/plantes/arbres-et-arbustes-d-ornement/arbres-et-arbustes/saule/33639-saule-crevette.html
33689-29613;951175;10;20170116;https://www.jardiland.com/plantes/arbres-et-arbustes-d-ornement/arbres-et-arbustes/sureau/33689-sambucus-nigra-black-lace-eva-pbr.html
33556-23858;731020;10;20170116;https://www.jardiland.com/plantes/arbres-et-arbustes-d-ornement/arbres-et-arbustes/potentille/33556-potentilla-fruticosa-goldfinger.html
33556-18684;597487;10;20170116;https://www.jardiland.com/plantes/arbres-et-arbustes-d-ornement/arbres-et-arbustes/potentille/33556-potentilla-fruticosa-goldfinger.html
33524-44192;1429776;10;20170116;https://www.jardiland.com/plantes/arbres-et-arbustes-d-ornement/arbres-et-arbustes/physocarpe/33524-physocarpus-opulifolius-diable-d-orr-mindia.html
33654-23933;731015;10;20170116;https://www.jardiland.com/plantes/arbres-et-arbustes-d-ornement/arbres-et-arbustes/seringat/33654-philadelphus-virginal.html
33654-18215;594840;10;20170116;https://www.jardiland.com/plantes/arbres-et-arbustes-d-ornement/arbres-et-arbustes/seringat/33654-philadelphus-virginal.html
33645-18200;594764;10;20170116;https://www.jardiland.com/plantes/arbres-et-arbustes-d-ornement/arbres-et-arbustes/seringat/33645-philadelphus.html
33465-17480;589676;10;20170116;https://www.jardiland.com/plantes/arbres-et-arbustes-d-ornement/arbres-et-arbustes/millepertuis/33465-millepertuis-hidcote.html
33598-42689;1416052;10;20170116;https://www.jardiland.com/plantes/arbres-et-arbustes-d-ornement/arbres-et-arbustes/prunus/33598-merisier-des-oiseaux.html
33543-21722;663331;10;20170116;https://www.jardiland.com/plantes/arbres-et-arbustes-d-ornement/arbres-et-arbustes/pommier-d-ornement/33543-malus-coccinellar-courtarou-pbr.html
33543-17920;592718;10;20170116;https://www.jardiland.com/plantes/arbres-et-arbustes-d-ornement/arbres-et-arbustes/pommier-d-ornement/33543-malus-coccinellar-courtarou-pbr.html
33539-17916;592702;10;20170116;https://www.jardiland.com/plantes/arbres-et-arbustes-d-ornement/arbres-et-arbustes/pommier-d-ornement/33539-malus-coccinellar-courtarou-pbr.html
33455-22598;683033;10;20170116;https://www.jardiland.com/plantes/arbres-et-arbustes-d-ornement/arbres-et-arbustes/mahonia/33455-mahonia-x-media-winter-sun.html
33456-9847;1316717;10;20170116;https://www.jardiland.com/plantes/arbres-et-arbustes-d-ornement/arbres-et-arbustes/mahonia/33456-mahonia-aquifolium.html
33454-10109;1344026;10;20170116;https://www.jardiland.com/plantes/arbres-et-arbustes-d-ornement/arbres-et-arbustes/mahonia/33454-mahonia-soft-caress.html
33449-25761;826804;10;20170116;https://www.jardiland.com/plantes/arbres-et-arbustes-d-ornement/arbres-et-arbustes/lonicera/33449-lonicera-fragrantissima.html
33442-17823;591908;10;20170116;https://www.jardiland.com/plantes/arbres-et-arbustes-d-ornement/arbres-et-arbustes/liquidambar/33442-liquidambar-styraciflua.html
33713-27531;876245;10;20170116;https://www.jardiland.com/plantes/arbres-et-arbustes-d-ornement/arbres-et-arbustes/troene/33713-ligustrum-sinensis-lemon-and-lime.html
33714-17805;591806;10;20170116;https://www.jardiland.com/plantes/arbres-et-arbustes-d-ornement/arbres-et-arbustes/troene/33714-ligustrum-ovalifolium.html
33403-17681;591576;10;20170116;https://www.jardiland.com/plantes/arbres-et-arbustes-d-ornement/arbres-et-arbustes/lavatere/33403-lavatera-rosea.html
41531-29172;929247;10;20170116;https://www.jardiland.com/plantes/arbres-et-arbustes-d-ornement/arbres-et-arbustes/laurier-palme/41531-laurier-du-portugal-angustifolia.html
33356-17573;590526;10;20170116;https://www.jardiland.com/plantes/arbres-et-arbustes-d-ornement/arbres-et-arbustes/kolkwitzia/33356-kolkwitzia-amabilis-pink-cloud.html
33113-17557;590486;10;20170116;https://www.jardiland.com/plantes/arbres-et-arbustes-d-ornement/arbres-et-arbustes/corete-du-japon/33113-kerria-japonica-pleniflora.html
33112-25141;818432;10;20170116;https://www.jardiland.com/plantes/arbres-et-arbustes-d-ornement/arbres-et-arbustes/corete-du-japon/33112-kerria-japonica-golden-guinea.html
33348-59970;1498483;10;20170116;https://www.jardiland.com/plantes/arbres-et-arbustes-d-ornement/arbres-et-arbustes/houx/33348-ilex-aquifolium-argentea-marginata.html
33347-59387;678271;10;20170116;https://www.jardiland.com/plantes/arbres-et-arbustes-d-ornement/arbres-et-arbustes/houx/33347-ilex-aquifolium-alaska.html
33324-17309;588874;10;20170116;https://www.jardiland.com/plantes/arbres-et-arbustes-d-ornement/arbres-et-arbustes/hibiscus/33324-hibiscus-syriacus-lavender-chiffon.html
33728-27537;876417;10;20170116;https://www.jardiland.com/plantes/arbres-et-arbustes-d-ornement/arbres-et-arbustes/veronique-arbustive/33728-hebe-golden-esk.html
41551-6155;1009546;10;20170116;https://www.jardiland.com/plantes/arbres-et-arbustes-d-ornement/arbres-et-arbustes/veronique-arbustive/41551-hebe-emerald-gem.html
33269-23308;702800;10;20170116;https://www.jardiland.com/plantes/arbres-et-arbustes-d-ornement/arbres-et-arbustes/fusain/33269-euonymus-japonicus-microphyllus-aureovariegatus.html
33268-13828;1429725;10;20170116;https://www.jardiland.com/plantes/arbres-et-arbustes-d-ornement/arbres-et-arbustes/fusain/33268-euonymus-japonicus-microphyllus-albovariegatus.html
33245-14155;1429722;10;20170116;https://www.jardiland.com/plantes/arbres-et-arbustes-d-ornement/arbres-et-arbustes/fusain/33245-euonymus-fortunei-emerald-gaiety.html
33179-25599;822522;10;20170116;https://www.jardiland.com/plantes/arbres-et-arbustes-d-ornement/arbres-et-arbustes/elaeagnus/33179-eleagnus-x-ebbingei-limelight.html
32991-30906;992062;10;20170116;https://www.jardiland.com/plantes/arbres-et-arbustes-d-ornement/arbres-et-arbustes/autres-arbres-et-arbustes/32991-edgeworthia-chrysantha.html
33165-23926;730940;10;20170116;https://www.jardiland.com/plantes/arbres-et-arbustes-d-ornement/arbres-et-arbustes/deutzia/33165-deutzia-x-magnifica.html
33277-38742;586668;10;20170116;https://www.jardiland.com/plantes/arbres-et-arbustes-d-ornement/arbres-et-arbustes/genet/33277-cytisus-x-praecox-hollandia.html
33285-16890;586746;10;20170116;https://www.jardiland.com/plantes/arbres-et-arbustes-d-ornement/arbres-et-arbustes/genet/33285-cytisus-scoparius-roter-favorit.html
33157-13639;1420877;10;20170116;https://www.jardiland.com/plantes/arbres-et-arbustes-d-ornement/arbres-et-arbustes/cytise/33157-cytise-commun.html
33154-16782;586218;10;20170116;https://www.jardiland.com/plantes/arbres-et-arbustes-d-ornement/arbres-et-arbustes/cotoneaster/33154-cotoneaster-x-suecicus-skogholm.html
33145-16744;586104;10;20170116;https://www.jardiland.com/plantes/arbres-et-arbustes-d-ornement/arbres-et-arbustes/cotoneaster/33145-cotoneaster-de-franchet.html
33119-28577;917543;10;20170116;https://www.jardiland.com/plantes/arbres-et-arbustes-d-ornement/arbres-et-arbustes/cornouiller/33119-cornouiller-blanc-sibirica.html
33105-16516;583987;10;20170116;https://www.jardiland.com/plantes/arbres-et-arbustes-d-ornement/arbres-et-arbustes/cognassier-du-japon/33105-cognassier-a-fleurs-cameo.html
33092-55213;598271;10;20170116;https://www.jardiland.com/plantes/arbres-et-arbustes-d-ornement/arbres-et-arbustes/chene/33092-chene-vert.html
33079-22536;693421;10;20170116;https://www.jardiland.com/plantes/arbres-et-arbustes-d-ornement/arbres-et-arbustes/charme/33079-charme-commun.html
33064-21061;636142;10;20170116;https://www.jardiland.com/plantes/arbres-et-arbustes-d-ornement/arbres-et-arbustes/ceanothe/33064-ceanothus-x-pallidus-marie-simon.html
33076-14779;1450529;10;20170116;https://www.jardiland.com/plantes/arbres-et-arbustes-d-ornement/arbres-et-arbustes/ceanothe/33076-ceanothus-thyrsiflorus.html
33074-27609;877014;10;20170116;https://www.jardiland.com/plantes/arbres-et-arbustes-d-ornement/arbres-et-arbustes/ceanothe/33074-ceanothe-rampant.html
33074-16382;583325;10;20170116;https://www.jardiland.com/plantes/arbres-et-arbustes-d-ornement/arbres-et-arbustes/ceanothe/33074-ceanothe-rampant.html
33074-16064;583303;10;20170116;https://www.jardiland.com/plantes/arbres-et-arbustes-d-ornement/arbres-et-arbustes/ceanothe/33074-ceanothe-rampant.html
43394-43322;997812;10;20170116;https://www.jardiland.com/plantes/arbres-et-arbustes-d-ornement/arbres-et-arbustes/ceanothe/43394-ceanothe.html
33019-23176;723095;10;20170116;https://www.jardiland.com/plantes/arbres-et-arbustes-d-ornement/arbres-et-arbustes/bouleau/33019-bouleau-pleureur-youngii.html
33005-16091;581006;10;20170116;https://www.jardiland.com/plantes/arbres-et-arbustes-d-ornement/arbres-et-arbustes/berberis/33005-berberis-darwinii.html
32936-10039;1331178;10;20170116;https://www.jardiland.com/plantes/arbres-et-arbustes-d-ornement/arbres-et-arbustes/amelanchier/32936-amelanchier-de-lamarck.html
32925-15835;578614;10;20170116;https://www.jardiland.com/plantes/arbres-et-arbustes-d-ornement/arbres-et-arbustes/abelia/32925-abelia-x-grandiflora-hopleys-pbr.html
