ID_WEB;ID_JDN;CODEMAG;DATE_ASPI;URLPRODUIT
2486-2486;1386322;102;20170114;https://www.jardiland.com/maison-deco/epicerie-fine/epicerie-sucree/confiserie/2486-duos-fruites.html
59668-59668;1465331;102;20170114;https://www.jardiland.com/maison-deco/epicerie-fine/epicerie-sucree/chocolat/59668-billes-de-cereales-aux-3-chocolats-mug.html
3292-3292;1410310;102;20170114;https://www.jardiland.com/maison-deco/art-de-la-table/vaisselle/tasse-bol-et-mug/3292-tasse-hibou.html
46802-46802;1424452;102;20170114;https://www.jardiland.com/maison-deco/cache-pot-d-interieur/cache-pot-simple/pot-special-orchidee-et-accessoires/46802-vase-fushia-melrose.html
46803-46803;1424451;102;20170114;https://www.jardiland.com/maison-deco/cache-pot-d-interieur/cache-pot-simple/pot-special-orchidee-et-accessoires/46803-vase-blanc-alaska.html
32865-8411;1263386;102;20170114;https://www.jardiland.com/maison-deco/cache-pot-d-interieur/cache-pot-simple/cache-pot-aimante/32865-set-de-2-cactees-pot-aimante-kalamitica.html
32867-12565;1394015;102;20170114;https://www.jardiland.com/maison-deco/cache-pot-d-interieur/cache-pot-simple/cache-pot-aimante/32867-pot-aimante-cylindrique-kalamitica.html
32866-12557;1394007;102;20170114;https://www.jardiland.com/maison-deco/cache-pot-d-interieur/cache-pot-simple/cache-pot-aimante/32866-pot-aimante-cube-kalamitica.html
32866-10527;1349960;102;20170114;https://www.jardiland.com/maison-deco/cache-pot-d-interieur/cache-pot-simple/cache-pot-aimante/32866-pot-aimante-cube-kalamitica.html
32866-10519;1349952;102;20170114;https://www.jardiland.com/maison-deco/cache-pot-d-interieur/cache-pot-simple/cache-pot-aimante/32866-pot-aimante-cube-kalamitica.html
32866-8417;1263402;102;20170114;https://www.jardiland.com/maison-deco/cache-pot-d-interieur/cache-pot-simple/cache-pot-aimante/32866-pot-aimante-cube-kalamitica.html
46601-46601;1424432;102;20170114;https://www.jardiland.com/maison-deco/cache-pot-d-interieur/cache-pot-simple/ceramique/46601-cache-pot-anthracite-2-1-l.html
46640-46640;1356196;102;20170114;https://www.jardiland.com/maison-deco/cache-pot-d-interieur/cache-pot-simple/pot-special-bonsai/46640-bac-a-bonzai-rectangulaire.html
46639-46639;1356197;102;20170114;https://www.jardiland.com/maison-deco/cache-pot-d-interieur/cache-pot-simple/pot-special-bonsai/46639-bac-a-bonzai-rectangulaire.html
524-524;1247326;102;20170114;https://www.jardiland.com/maison-deco/librairie-papeterie/librairie/livre-enfant/524-gommettes-les-petits-chats-et-les-petits-chiens.html
5578-5578;926627;102;20170114;https://www.jardiland.com/maison-deco/librairie-papeterie/librairie/livre-enfant/5578-gommettes-les-dinosaures.html
1165-1165;1260866;102;20170114;https://www.jardiland.com/maison-deco/librairie-papeterie/librairie/livre-enfant/1165-gommettes-les-animaux-du-jardin.html
5147-5147;790957;102;20170114;https://www.jardiland.com/maison-deco/cheminee/accessoires-de-cheminee/accessoires/5147-pincette-en-fer-forge-de-cheminee.html
36829-36829;1432350;102;20170114;https://www.jardiland.com/maison-deco/mobilier-d-interieur/36829-table-2-tabouret-en-mosaique-et-metal-loren-gris.html
3481-3481;1434269;102;20170114;https://www.jardiland.com/maison-deco/objets-de-decoration/autres-objets-de-decoration/fruit-et-legume-artificiel/3481-pomme-orange-o-14-cm.html
3453-3453;1434268;102;20170114;https://www.jardiland.com/maison-deco/objets-de-decoration/autres-objets-de-decoration/fruit-et-legume-artificiel/3453-pomme-bleu-clair-o-7o5-cm.html
3451-3451;1434266;102;20170114;https://www.jardiland.com/maison-deco/objets-de-decoration/autres-objets-de-decoration/fruit-et-legume-artificiel/3451-pomme-bleu-clair-o-6o5-cm.html
2451-2451;1381666;102;20170114;https://www.jardiland.com/maison-deco/objets-de-decoration/autres-objets-de-decoration/autres-objets-de-decoration/2451-mini-cloche-sur-pied.html
56701-56701;1469546;102;20170114;https://www.jardiland.com/maison-deco/objets-de-decoration/autres-objets-de-decoration/autres-objets-de-decoration/56701-mangeoire-pour-oiseaux.html
31327-12268;1394829;102;20170114;https://www.jardiland.com/maison-deco/objets-de-decoration/autres-objets-de-decoration/fruit-et-legume-artificiel/31327-galette-d-assise.html
64531-64531;1276753;102;20170114;https://www.jardiland.com/maison-deco/objets-de-decoration/autres-objets-de-decoration/autres-objets-de-decoration/64531-bougie-mica-violet-fonce-15-cm.html
13278-13278;1403767;102;20170114;https://www.jardiland.com/maison-deco/objets-de-decoration/autres-objets-de-decoration/fruit-et-legume-artificiel/13278-bassin-trendy-pond-outdoor.html
48409-48409;1296684;102;20170114;https://www.jardiland.com/maison-deco/objets-de-decoration/rangement-boites-et-paniers/coffret-et-boite-de-rangement/48409-trousse-a-tout-pie-set-de-3-juste-multicolore.html
3442-3442;1434253;102;20170114;https://www.jardiland.com/maison-deco/objets-de-decoration/plantes-artificielles/tige-fleurie/3442-viburnum-vert-fonce-artificiel.html
3433-3433;1434238;102;20170114;https://www.jardiland.com/maison-deco/objets-de-decoration/plantes-artificielles/tige-fleurie/3433-roses-blanc-rose-artificielles.html
2101-2101;1353703;102;20170114;https://www.jardiland.com/maison-deco/objets-de-decoration/plantes-artificielles/tige-fleurie/2101-pavot-orange-artificiel.html
2466-2466;1384279;102;20170114;https://www.jardiland.com/maison-deco/objets-de-decoration/plantes-artificielles/bouquet-et-composition/2466-orchidee-glacee-blanche-23-cm.html
3151-3151;1434248;102;20170114;https://www.jardiland.com/maison-deco/objets-de-decoration/plantes-artificielles/tige-fleurie/3151-herbe-graminee-artificielle.html
57960-57960;1456161;102;20170114;https://www.jardiland.com/maison-deco/objets-de-decoration/plantes-artificielles/tige-fleurie/57960-fleur-glacee-acrylique-or-clair.html
1469-1469;1303457;102;20170114;https://www.jardiland.com/maison-deco/objets-de-decoration/plantes-artificielles/tige-fleurie/1469-branche-de-fleurs-de-cerisier-roses-et-blanches-artificielle.html
458-458;1237720;102;20170114;https://www.jardiland.com/maison-deco/objets-de-decoration/plantes-artificielles/tige-fleurie/458-branche-de-fleurs-de-cerisier-roses-artificielle.html
459-459;1237743;102;20170114;https://www.jardiland.com/maison-deco/objets-de-decoration/plantes-artificielles/tige-fleurie/459-branche-de-fleurs-de-cerisier-blanches-artificielle.html
2611-2611;1408233;102;20170114;https://www.jardiland.com/maison-deco/objets-de-decoration/vases-coupes-et-accessoires/pot-et-coupe/2611-photophore-dentelle-en-metal-blanc-ajoure-o-11-cm.html
32918-54021;1320693;102;20170114;https://www.jardiland.com/maison-deco/objets-de-decoration/bougies-et-senteurs/parfum-d-ambiance-diffuseur-a-froid/32918-parfum-goatier-cocoon.html
32918-9937;1320691;102;20170114;https://www.jardiland.com/maison-deco/objets-de-decoration/bougies-et-senteurs/parfum-d-ambiance-diffuseur-a-froid/32918-parfum-goatier-cocoon.html
32910-10422;1347192;102;20170114;https://www.jardiland.com/maison-deco/objets-de-decoration/bougies-et-senteurs/bougie-non-parfumee/32910-bougie-rustique-o7-cm.html
1986-1986;1343167;102;20170114;https://www.jardiland.com/maison-deco/objets-de-decoration/bougies-et-senteurs/bougie-parfumee/1986-bougie-parfumee-rouge-cerise.html
1978-1978;1343060;102;20170114;https://www.jardiland.com/maison-deco/objets-de-decoration/bougies-et-senteurs/bougie-parfumee/1978-bougie-parfumee-plume-de-musc.html
1984-1984;1343156;102;20170114;https://www.jardiland.com/maison-deco/objets-de-decoration/bougies-et-senteurs/bougie-parfumee/1984-bougie-parfumee-pivoine.html
1981-1981;1343095;102;20170114;https://www.jardiland.com/maison-deco/objets-de-decoration/bougies-et-senteurs/bougie-parfumee/1981-bougie-parfumee-love-patchouli.html
32906-10411;1347161;102;20170114;https://www.jardiland.com/maison-deco/objets-de-decoration/bougies-et-senteurs/bougie-non-parfumee/32906-bougie-laque.html
32909-10417;1347186;102;20170114;https://www.jardiland.com/maison-deco/objets-de-decoration/bougies-et-senteurs/bougie-non-parfumee/32909-bougie-boule-o6o5-cm.html
2162-2162;1362406;102;20170114;https://www.jardiland.com/maison-deco/objets-de-decoration/bougeoirs-photophores-et-lanternes/bougeoir-et-photophore-deco/2162-lanterne-ronde.html
5081-5081;729458;102;20170114;https://www.jardiland.com/animaux/oiseau/hygiene-et-soins/soin-de-l-animal/5081-baignoire-d-exterieure-molitor.html
4746-4746;607092;102;20170114;https://www.jardiland.com/animaux/oiseau/cages-volieres-et-accessoires/abreuvoir-et-mangeoire/4746-fontaine-pour-oiseaux-siphon.html
32494-29877;957352;102;20170114;https://www.jardiland.com/animaux/poisson/materiel-chauffage-filtres-et-pompes/filtre-exterieur/32494-ventouse-crochet-x4-1.html
3760-3760;543789;102;20170114;https://www.jardiland.com/animaux/poisson/materiel-chauffage-filtres-et-pompes/aeration/3760-pompe-a-air-rena-50-1.html
5204-5204;935865;102;20170114;https://www.jardiland.com/animaux/poisson/materiel-chauffage-filtres-et-pompes/masse-de-filtration/5204-extension-filtration-prevent-algae-taille-1-1.html
32536-29888;957386;102;20170114;https://www.jardiland.com/animaux/poisson/materiel-chauffage-filtres-et-pompes/nettoyage-aquarium/32536-epuisette-maille-fine.html
5518-5518;957339;102;20170114;https://www.jardiland.com/animaux/poisson/materiel-chauffage-filtres-et-pompes/aeration/5518-diffuseur-d-air-cube-2-5-cm.html
5517-5517;957338;102;20170114;https://www.jardiland.com/animaux/poisson/materiel-chauffage-filtres-et-pompes/aeration/5517-diffuseur-d-air-boule-3-cm.html
32429-27130;867714;102;20170114;https://www.jardiland.com/animaux/poisson/decoration-pour-aquarium/sable-et-autres-graviers/32429-quartz-fluo-1-kg.html
32433-8183;1261001;102;20170114;https://www.jardiland.com/animaux/poisson/decoration-pour-aquarium/sable-et-autres-graviers/32433-quartz-couleur-deco-1-kg.html
32406-9663;1307207;102;20170114;https://www.jardiland.com/animaux/poisson/decoration-pour-aquarium/decoration-d-aquarium/32406-decoration-pour-aquarium-amphore-elephant.html
32421-9596;1304965;102;20170114;https://www.jardiland.com/animaux/poisson/decoration-pour-aquarium/plante-artificielle/32421-decor-pour-aquarium-salicorne.html
502-502;1244148;102;20170114;https://www.jardiland.com/animaux/poisson/decoration-pour-aquarium/plante-artificielle/502-decor-pour-aquarium-parine.html
50792-41431;543362;102;20170114;https://www.jardiland.com/animaux/poisson/aquariums/meuble-pour-aquarium/50792-meuble-rio-300-1.html
50791-41445;660283;102;20170114;https://www.jardiland.com/animaux/poisson/aquariums/meuble-pour-aquarium/50791-meuble-rio-180-1.html
62901-62873;1469186;102;20170114;https://www.jardiland.com/animaux/poisson/aquariums/meuble-pour-aquarium/62901-meuble-pour-aquarium-lido-120-1.html
50787-41428;543319;102;20170114;https://www.jardiland.com/animaux/poisson/aquariums/aquarium-pour-poisson-d-eau-chaude/50787-aquarium-rio-180-l.html
60077-60077;1486127;102;20170114;https://www.jardiland.com/animaux/poisson/aquariums/aquarium-pour-poisson-d-eau-froide/60077-aquarium-nexus-15-led-sans-filtre.html
50788-41256;1250305;102;20170114;https://www.jardiland.com/animaux/poisson/aquariums/aquarium-pour-poisson-d-eau-chaude/50788-aquarium-lido-120-l.html
65032-64980;1487301;102;20170114;https://www.jardiland.com/animaux/poisson/aquariums/aquarium-pour-poisson-d-eau-froide/65032-aquarium-led-inwa-start40-pack-pur.html
65032-64979;1487302;102;20170114;https://www.jardiland.com/animaux/poisson/aquariums/aquarium-pour-poisson-d-eau-froide/65032-aquarium-led-inwa-start40-pack-pur.html
50777-64638;1307358;102;20170114;https://www.jardiland.com/animaux/poisson/aquariums/aquarium-pour-poisson-d-eau-chaude/50777-aquarium-carribean-80-1.html
50777-41310;1307357;102;20170114;https://www.jardiland.com/animaux/poisson/aquariums/aquarium-pour-poisson-d-eau-chaude/50777-aquarium-carribean-80-1.html
1137-1137;1256396;102;20170114;https://www.jardiland.com/animaux/poisson/alimentation/pour-poisson-d-eau-chaude/1137-api-guppy-flocons.html
52627-52627;1448403;102;20170114;https://www.jardiland.com/animaux/basse-cour/poulaillers-clapiers-et-accessoires/mangeoire-et-abreuvoir/52627-abreuvoir-a-baionnette-vert-5-l.html
52632-52632;1448398;102;20170114;https://www.jardiland.com/animaux/basse-cour/poulaillers-clapiers-et-accessoires/mangeoire-et-abreuvoir/52632-abreuvoir-a-baionnette-8-l-vert.html
58305-58305;1464426;102;20170114;https://www.jardiland.com/animaux/chat/coussins-et-paniers-de-transport/coussin-et-corbeille-pour-chat/58305-tipi-gris-pour-chats.html
467-467;1248167;102;20170114;https://www.jardiland.com/animaux/chat/jeux-et-jouets/467-mix-safari-avec-grelot.html
54757-54757;1467388;102;20170114;https://www.jardiland.com/animaux/chat/hygiene-soins-et-litieres/bac-a-litiere-et-maison-de-toilette/54757-maison-de-toilette-smooz.html
3251-3251;1409180;102;20170114;https://www.jardiland.com/animaux/chat/hygiene-soins-et-litieres/bac-a-litiere-et-maison-de-toilette/3251-maison-de-toilette-pour-chat-nestor.html
1599-1599;1311872;102;20170114;https://www.jardiland.com/animaux/rongeurs-et-petits-mammiferes/hygiene-et-soins/soin-de-toilettage/1599-shampoing-desodorisant-pour-furet.html
56802-56802;1435169;102;20170114;https://www.jardiland.com/animaux/rongeurs-et-petits-mammiferes/habitats-cages-et-accessoires/cage/56802-cage-pour-hamster.html
62899-64637;1481813;102;20170114;https://www.jardiland.com/animaux/rongeurs-et-petits-mammiferes/habitats-cages-et-accessoires/cage/62899-cage-de-luxe-cochon-d-inde-et-lapin-caesar-3-1.html
2432-2432;1378593;102;20170114;https://www.jardiland.com/animaux/chien/colliers-laisses-et-vetements/laisse-pour-chien/2432-vario-s-5-m-sangle-marron.html
32122-26272;842292;102;20170114;https://www.jardiland.com/animaux/chien/colliers-laisses-et-vetements/pull-pour-chien/32122-pull-basic-pour-chien.html
32126-13977;1423798;102;20170114;https://www.jardiland.com/animaux/chien/colliers-laisses-et-vetements/pull-pour-chien/32126-polaire-pour-chien-wouapy.html
32070-6663;1016620;102;20170114;https://www.jardiland.com/animaux/chien/colliers-laisses-et-vetements/laisse-pour-chien/32070-laisse-pour-chien-connection.html
50835-50431;1434628;102;20170114;https://www.jardiland.com/animaux/chien/colliers-laisses-et-vetements/laisse-pour-chien/50835-laisse-nylon-xl.html
50831-50551;1434708;102;20170114;https://www.jardiland.com/animaux/chien/colliers-laisses-et-vetements/laisse-pour-chien/50831-laisse-nylon-1m.html
32076-37859;1245724;102;20170114;https://www.jardiland.com/animaux/chien/colliers-laisses-et-vetements/laisse-pour-chien/32076-laisse-enrouleur-wouapy-roll.html
62914-44459;541635;102;20170114;https://www.jardiland.com/animaux/chien/colliers-laisses-et-vetements/laisse-pour-chien/62914-laisse-amortisseur.html
32103-24328;743682;102;20170114;https://www.jardiland.com/animaux/chien/colliers-laisses-et-vetements/manteau-pour-chien/32103-imper-basic-pour-chien.html
32103-23867;743667;102;20170114;https://www.jardiland.com/animaux/chien/colliers-laisses-et-vetements/manteau-pour-chien/32103-imper-basic-pour-chien.html
32052-7785;1256164;102;20170114;https://www.jardiland.com/animaux/chien/colliers-laisses-et-vetements/harnais/32052-harnais-pour-chien-un-chien-dans-la-ville.html
32059-11711;1372232;102;20170114;https://www.jardiland.com/animaux/chien/colliers-laisses-et-vetements/harnais/32059-harnais-pour-chien-pois-xs.html
32060-14693;1443673;102;20170114;https://www.jardiland.com/animaux/chien/colliers-laisses-et-vetements/harnais/32060-harnais-pour-chien-pois-s.html
32060-11715;1372237;102;20170114;https://www.jardiland.com/animaux/chien/colliers-laisses-et-vetements/harnais/32060-harnais-pour-chien-pois-s.html
54388-56061;1434689;102;20170114;https://www.jardiland.com/animaux/chien/colliers-laisses-et-vetements/harnais/54388-harnais-nylon-reglable.html
54388-55836;1434698;102;20170114;https://www.jardiland.com/animaux/chien/colliers-laisses-et-vetements/harnais/54388-harnais-nylon-reglable.html
54388-54107;1434691;102;20170114;https://www.jardiland.com/animaux/chien/colliers-laisses-et-vetements/harnais/54388-harnais-nylon-reglable.html
62918-11704;1372222;102;20170114;https://www.jardiland.com/animaux/chien/colliers-laisses-et-vetements/collier-pour-chien/62918-collier-nylon-pois.html
32044-12278;1380449;102;20170114;https://www.jardiland.com/animaux/chien/colliers-laisses-et-vetements/collier-pour-chien/32044-collier-lumineux-pour-chien-xl.html
32043-12255;1380443;102;20170114;https://www.jardiland.com/animaux/chien/colliers-laisses-et-vetements/collier-pour-chien/32043-collier-lumineux-pour-chien-l.html
32240-22015;660335;102;20170114;https://www.jardiland.com/animaux/chien/niches-couchage-et-transport/tapis/32240-coussin-plat-kilt.html
64655-64655;1464444;102;20170114;https://www.jardiland.com/animaux/chien/gamelles-ecuelles-et-distributeurs/gamelle-et-ecuelle/64655-gamelle-melaminee-gris-pour-chiens-350-ml.html
50111-50111;1443646;102;20170114;https://www.jardiland.com/animaux/chien/alimentation-et-friandises/friandise-bucco-dentaire/50111-stick-o-dent-puppy-x7-1.html
31917-41422;539479;102;20170114;https://www.jardiland.com/animaux/chien/alimentation-et-friandises/croquette-pour-chien/31917-royal-canin-giant-adult.html
31951-9579;1303962;102;20170114;https://www.jardiland.com/animaux/chien/alimentation-et-friandises/croquette-pour-chien/31951-pedigree-vital-protection-adulte.html
5264-5264;824595;102;20170114;https://www.jardiland.com/animaux/chien/alimentation-et-friandises/os-a-macher/5264-os-presse-porks-x2-11e5-cm.html
31908-41263;1252691;102;20170114;https://www.jardiland.com/animaux/chien/alimentation-et-friandises/croquette-pour-chien/31908-croquettes-royal-canin-labrador-retriever-junior.html
31938-41442;657830;102;20170114;https://www.jardiland.com/animaux/chien/alimentation-et-friandises/croquette-pour-chien/31938-croquettes-club-special-performance-pour-chien-adulte.html
7107-7107;1210502;102;20170114;https://www.jardiland.com/animaux/chien/alimentation-et-friandises/croquette-pour-chien/7107-aliment-complet-chien-allege.html
31252-8105;1255434;102;20170114;https://www.jardiland.com/amenagement-du-jardin/bassins-et-jardin-aquatique/bassins/31252-bache-en-caoutchouc.html
53577-53577;545444;102;20170114;https://www.jardiland.com/amenagement-du-jardin/loisirs-plein-air/piscines/53577-reactifs-cleph-dpd-2x18-pilules.html
52-52;1208247;102;20170114;https://www.jardiland.com/amenagement-du-jardin/loisirs-plein-air/jouets/52-figurine-guepard-et-son-bebe.html
2834-2834;1401093;102;20170114;https://www.jardiland.com/amenagement-du-jardin/loisirs-plein-air/jouets/2834-figurine-grizzly.html
362-362;1208196;102;20170114;https://www.jardiland.com/amenagement-du-jardin/loisirs-plein-air/jouets/362-figurine-faon.html
1493-1493;1305855;102;20170114;https://www.jardiland.com/amenagement-du-jardin/loisirs-plein-air/jouets/1493-figurine-cheval-tresse.html
1443-1443;1302061;102;20170114;https://www.jardiland.com/amenagement-du-jardin/decorations/fontaines/1443-fontaine-de-jardin-avalon.html
31429-43987;1463749;102;20170114;https://www.jardiland.com/amenagement-du-jardin/pots-bacs-jardinieres-et-supports/en-email/31429-vase-a-rebord-en-email.html
31429-43986;1463750;102;20170114;https://www.jardiland.com/amenagement-du-jardin/pots-bacs-jardinieres-et-supports/en-email/31429-vase-a-rebord-en-email.html
31429-43985;1463751;102;20170114;https://www.jardiland.com/amenagement-du-jardin/pots-bacs-jardinieres-et-supports/en-email/31429-vase-a-rebord-en-email.html
31446-10582;1352443;102;20170114;https://www.jardiland.com/amenagement-du-jardin/pots-bacs-jardinieres-et-supports/en-email/31446-soucoupe-en-email.html
31446-9206;1293166;102;20170114;https://www.jardiland.com/amenagement-du-jardin/pots-bacs-jardinieres-et-supports/en-email/31446-soucoupe-en-email.html
31478-44002;1463787;102;20170114;https://www.jardiland.com/amenagement-du-jardin/pots-bacs-jardinieres-et-supports/en-email/31478-pot-saintropp-en-terre-cuite.html
31478-13400;1404081;102;20170114;https://www.jardiland.com/amenagement-du-jardin/pots-bacs-jardinieres-et-supports/en-email/31478-pot-saintropp-en-terre-cuite.html
31478-13108;1404084;102;20170114;https://www.jardiland.com/amenagement-du-jardin/pots-bacs-jardinieres-et-supports/en-email/31478-pot-saintropp-en-terre-cuite.html
31478-13106;1404082;102;20170114;https://www.jardiland.com/amenagement-du-jardin/pots-bacs-jardinieres-et-supports/en-email/31478-pot-saintropp-en-terre-cuite.html
31481-13421;1404117;102;20170114;https://www.jardiland.com/amenagement-du-jardin/pots-bacs-jardinieres-et-supports/en-email/31481-pot-roseau-en-email.html
31481-13416;1404112;102;20170114;https://www.jardiland.com/amenagement-du-jardin/pots-bacs-jardinieres-et-supports/en-email/31481-pot-roseau-en-email.html
31481-13411;1404107;102;20170114;https://www.jardiland.com/amenagement-du-jardin/pots-bacs-jardinieres-et-supports/en-email/31481-pot-roseau-en-email.html
31482-13455;1404887;102;20170114;https://www.jardiland.com/amenagement-du-jardin/pots-bacs-jardinieres-et-supports/en-email/31482-pot-en-terre-cuite-emaillee-saintropp.html
31437-44765;1463731;102;20170114;https://www.jardiland.com/amenagement-du-jardin/pots-bacs-jardinieres-et-supports/en-email/31437-pot-en-email-odysee.html
31437-44764;1463732;102;20170114;https://www.jardiland.com/amenagement-du-jardin/pots-bacs-jardinieres-et-supports/en-email/31437-pot-en-email-odysee.html
31468-8372;1293008;102;20170114;https://www.jardiland.com/amenagement-du-jardin/pots-bacs-jardinieres-et-supports/en-email/31468-pot-en-email-maldives.html
31468-8371;1293006;102;20170114;https://www.jardiland.com/amenagement-du-jardin/pots-bacs-jardinieres-et-supports/en-email/31468-pot-en-email-maldives.html
31460-9125;1291874;102;20170114;https://www.jardiland.com/amenagement-du-jardin/pots-bacs-jardinieres-et-supports/en-email/31460-pot-en-email-kalanchoe.html
31464-44547;1463775;102;20170114;https://www.jardiland.com/amenagement-du-jardin/pots-bacs-jardinieres-et-supports/en-email/31464-pot-en-email-austral.html
31464-9198;1292908;102;20170114;https://www.jardiland.com/amenagement-du-jardin/pots-bacs-jardinieres-et-supports/en-email/31464-pot-en-email-austral.html
31480-13406;1404101;102;20170114;https://www.jardiland.com/amenagement-du-jardin/pots-bacs-jardinieres-et-supports/en-email/31480-pot-couture-en-email.html
2115-2115;1356186;102;20170114;https://www.jardiland.com/amenagement-du-jardin/pots-bacs-jardinieres-et-supports/en-email/2115-pot-soucoupe-silence-assorti-27-h24cm.html
2117-2117;1356190;102;20170114;https://www.jardiland.com/amenagement-du-jardin/pots-bacs-jardinieres-et-supports/en-email/2117-pot-soucoupe-silence.html
1350-1350;1289302;102;20170114;https://www.jardiland.com/amenagement-du-jardin/pots-bacs-jardinieres-et-supports/en-fibre/1350-pot-rond-en-fibre-gris-cardiff-o-44-cm.html
31485-28957;924834;102;20170114;https://www.jardiland.com/amenagement-du-jardin/pots-bacs-jardinieres-et-supports/en-fibre/31485-plat-rectangle-en-fibre-dustwood.html
31485-28955;924816;102;20170114;https://www.jardiland.com/amenagement-du-jardin/pots-bacs-jardinieres-et-supports/en-fibre/31485-plat-rectangle-en-fibre-dustwood.html
31485-9302;1294791;102;20170114;https://www.jardiland.com/amenagement-du-jardin/pots-bacs-jardinieres-et-supports/en-fibre/31485-plat-rectangle-en-fibre-dustwood.html
31593-22954;692880;102;20170114;https://www.jardiland.com/amenagement-du-jardin/pots-bacs-jardinieres-et-supports/en-terre-cuite/31593-soucoupe-en-terre-cuite-impermeable-antica.html
2985-2985;1403370;102;20170114;https://www.jardiland.com/amenagement-du-jardin/pots-bacs-jardinieres-et-supports/en-terre-cuite/2985-pot-en-terre-cuite-o-33-cabane-deroma.html
2711-2711;1397813;102;20170114;https://www.jardiland.com/amenagement-du-jardin/pots-bacs-jardinieres-et-supports/en-terre-cuite/2711-pot-carre-evase-en-terre-cuite-25-cm-chocolat.html
31615-7562;1233669;102;20170114;https://www.jardiland.com/amenagement-du-jardin/pots-bacs-jardinieres-et-supports/en-terre-cuite/31615-jarre-en-terre-cuite-contemporaine.html
1362-1362;1292369;102;20170114;https://www.jardiland.com/amenagement-du-jardin/pots-bacs-jardinieres-et-supports/en-terre-cuite/1362-applique-a-facettes-en-terre-cuite.html
50774-12470;1389686;102;20170114;https://www.jardiland.com/amenagement-du-jardin/pots-bacs-jardinieres-et-supports/en-plastique/50774-soucoupe-en-plastique-teramo.html
31570-11120;1360536;102;20170114;https://www.jardiland.com/amenagement-du-jardin/pots-bacs-jardinieres-et-supports/en-plastique/31570-soucoupe-en-plastique-romeo.html
31549-11104;1360519;102;20170114;https://www.jardiland.com/amenagement-du-jardin/pots-bacs-jardinieres-et-supports/en-plastique/31549-pot-romeo.html
31549-11087;1360502;102;20170114;https://www.jardiland.com/amenagement-du-jardin/pots-bacs-jardinieres-et-supports/en-plastique/31549-pot-romeo.html
31540-6835;1017992;102;20170114;https://www.jardiland.com/amenagement-du-jardin/pots-bacs-jardinieres-et-supports/en-plastique/31540-pot-maceta.html
2038-2038;1349566;102;20170114;https://www.jardiland.com/amenagement-du-jardin/pots-bacs-jardinieres-et-supports/en-plastique/2038-pot-lumineux-fuchsia-o-16-cm-a-led.html
2041-2041;1349585;102;20170114;https://www.jardiland.com/amenagement-du-jardin/pots-bacs-jardinieres-et-supports/en-plastique/2041-pot-lumineux-blanc-o-16-cm-a-led.html
31558-9143;1292117;102;20170114;https://www.jardiland.com/amenagement-du-jardin/pots-bacs-jardinieres-et-supports/en-plastique/31558-pot-en-plastique-samba.html
31530-7571;1236335;102;20170114;https://www.jardiland.com/amenagement-du-jardin/pots-bacs-jardinieres-et-supports/en-plastique/31530-pot-en-plastique-evase-cuenca.html
31171-28955;924816;102;20170114;https://www.jardiland.com/amenagement-du-jardin/amenagement/dalles-galets-et-pas-japonais/dalle/31171-dalle-bolenia.html
31171-9302;1294791;102;20170114;https://www.jardiland.com/amenagement-du-jardin/amenagement/dalles-galets-et-pas-japonais/dalle/31171-dalle-bolenia.html
248-248;1015775;102;20170114;https://www.jardiland.com/amenagement-du-jardin/amenagement/clotures-et-palissades/248-portillon-pony.html
2170-2170;1363897;102;20170114;https://www.jardiland.com/amenagement-du-jardin/barbecues-cuisine-exterieur/autres/accessoires-de-barbecue/2170-pince-de-barbecue.html
5942-5942;999697;102;20170114;https://www.jardiland.com/amenagement-du-jardin/barbecues-cuisine-exterieur/autres/accessoires-de-barbecue/5942-desserte-a-plancha.html
31223-6663;1016620;102;20170114;https://www.jardiland.com/amenagement-du-jardin/barbecues-cuisine-exterieur/autres/accessoires-de-barbecue/31223-brosse-metallique.html
31213-37753;1239286;102;20170114;https://www.jardiland.com/amenagement-du-jardin/barbecues-cuisine-exterieur/au-charbon/31213-barbecue-au-charbon-smokey-joe-premium.html
31218-12767;1396477;102;20170114;https://www.jardiland.com/amenagement-du-jardin/barbecues-cuisine-exterieur/au-charbon/31218-barbecue-au-charbon-master-touch-gbs-57-cm.html
31297-40348;964651;102;20170114;https://www.jardiland.com/amenagement-du-jardin/eclairage-et-chauffage-d-exterieur/bougies-d-exterieur/31297-huile-vegetale-parfumee-lelia.html
31297-40347;964646;102;20170114;https://www.jardiland.com/amenagement-du-jardin/eclairage-et-chauffage-d-exterieur/bougies-d-exterieur/31297-huile-vegetale-parfumee-lelia.html
31297-29712;964648;102;20170114;https://www.jardiland.com/amenagement-du-jardin/eclairage-et-chauffage-d-exterieur/bougies-d-exterieur/31297-huile-vegetale-parfumee-lelia.html
3800-3800;545309;102;20170114;https://www.jardiland.com/amenagement-du-jardin/eclairage-et-chauffage-d-exterieur/bougies-d-exterieur/3800-huile-claira.html
110-110;1002315;102;20170114;https://www.jardiland.com/amenagement-du-jardin/eclairage-et-chauffage-d-exterieur/bougies-d-exterieur/110-bougie-torche.html
111-111;1002321;102;20170114;https://www.jardiland.com/amenagement-du-jardin/eclairage-et-chauffage-d-exterieur/bougies-d-exterieur/111-bougie-en-verre-avec-citronnelle.html
2753-2753;1398273;102;20170114;https://www.jardiland.com/amenagement-du-jardin/parasols-tonnelles-et-voiles-d-ombrage/parasols-et-accessoires/accessoires/2753-pied-de-parasol-16-kg.html
49971-49083;1430988;102;20170114;https://www.jardiland.com/amenagement-du-jardin/mobilier-de-jardin/accessoires-coussins-et-entretien/coussin/49971-mini-polochon-en-polyester-17-x-30-cm.html
49971-49079;1430984;102;20170114;https://www.jardiland.com/amenagement-du-jardin/mobilier-de-jardin/accessoires-coussins-et-entretien/coussin/49971-mini-polochon-en-polyester-17-x-30-cm.html
31325-10397;1354070;102;20170114;https://www.jardiland.com/amenagement-du-jardin/mobilier-de-jardin/accessoires-coussins-et-entretien/coussin/31325-fauteuil-air-concept.html
31331-7172;1225987;102;20170114;https://www.jardiland.com/amenagement-du-jardin/mobilier-de-jardin/bains-de-soleil-et-hamacs/bain-de-soleil/31331-bain-de-soleil-fidji-tonus.html
31369-8434;1263644;102;20170114;https://www.jardiland.com/amenagement-du-jardin/mobilier-de-jardin/salon-de-jardin/mobilier-pliant/31369-table-vega.html
31359-29992;962609;102;20170114;https://www.jardiland.com/amenagement-du-jardin/mobilier-de-jardin/salon-de-jardin/mobilier-pliant/31359-table-rectangulaire-bistro.html
31359-15483;566621;102;20170114;https://www.jardiland.com/amenagement-du-jardin/mobilier-de-jardin/salon-de-jardin/mobilier-pliant/31359-table-rectangulaire-bistro.html
2654-2654;1396435;102;20170114;https://www.jardiland.com/amenagement-du-jardin/mobilier-de-jardin/salon-de-jardin/salon-en-resine/2654-table-de-jardin-vega-l-165-x-l-100-cm.html
53883-53883;1458208;102;20170114;https://www.jardiland.com/amenagement-du-jardin/mobilier-de-jardin/salon-de-jardin/salon-en-metal/53883-fauteuil-bas-irielle.html
31360-28512;913738;102;20170114;https://www.jardiland.com/amenagement-du-jardin/mobilier-de-jardin/salon-de-jardin/mobilier-pliant/31360-chaise-pliante-bistro.html
31379-13295;1403894;102;20170114;https://www.jardiland.com/amenagement-du-jardin/mobilier-de-jardin/salon-de-jardin/mobilier-pliant/31379-chaise-lys.html
4695-4695;577522;102;20170114;https://www.jardiland.com/jardinage/bricolage-droguerie/insecticides-menagers/insecticide-moustique/4695-recharge-liquide-anti-moustiques-45-nuits.html
13618-13618;1408291;102;20170114;https://www.jardiland.com/jardinage/bricolage-droguerie/droguerie/13618-harnais-pour-chien-new-dog-square.html
2474-2474;1384408;102;20170114;https://www.jardiland.com/jardinage/semis-protections-et-accessoires-de-jardinage/appareils-de-mesure/station-meteo/2474-station-meteo-quadro.html
48360-48360;1402356;102;20170114;https://www.jardiland.com/jardinage/outils-et-materiel-du-jardinier/outils-de-taille/secateur/48360-secateur-concave-170-mm.html
4664-4664;577030;102;20170114;https://www.jardiland.com/jardinage/outils-et-materiel-du-jardinier/outils-de-taille/accessoires/4664-pierre-d-affutage.html
5657-5657;928939;102;20170114;https://www.jardiland.com/jardinage/outils-et-materiel-du-jardinier/grands-outils-de-jardin/bechee-louchet-et-pelle/5657-pelle-carree.html
5337-5337;871442;102;20170114;https://www.jardiland.com/jardinage/outils-et-materiel-du-jardinier/grands-outils-de-jardin/autres-grands-outils/5337-brise-mottes.html
3937-3937;573938;102;20170114;https://www.jardiland.com/jardinage/outils-et-materiel-du-jardinier/grands-outils-de-jardin/binette-houe-et-serfouette/3937-binette-facon-nanterre.html
50838-47047;1433745;102;20170114;https://www.jardiland.com/jardinage/equipement-du-jardinier/vetements/50838-chapeau-ajoure-paille-homme.html
32718-11964;1374880;102;20170114;https://www.jardiland.com/jardinage/equipement-du-jardinier/bottes-et-sabots/32718-sabot-en-caoutchouc-neo-walker.html
32720-12057;1376715;102;20170114;https://www.jardiland.com/jardinage/equipement-du-jardinier/bottes-et-sabots/32720-bottes-en-pvc-cyclone.html
54920-54920;657026;102;20170114;https://www.jardiland.com/jardinage/entretien-et-traitements/pulverisateurs/accessoires-de-pulverisation/54920-coude-herbicide.html
32700-41503;975723;102;20170114;https://www.jardiland.com/jardinage/entretien-et-traitements/engrais/engrais-pour-gazon/32700-engrais-gazon-disparipousse.html
4692-4692;577368;102;20170114;https://www.jardiland.com/jardinage/paillage-et-amendement/amendement/fumier/4692-fumier-de-ferme.html
32830-15768;577271;102;20170114;https://www.jardiland.com/jardinage/terreau/terreau/terreau-de-rempotage/32830-terreau-de-rempotage.html
59459-59459;763455;102;20170114;https://www.jardiland.com/plantes/sapins-de-noel/supports-pieds-et-accessoires-de-sapin/59459-support-pour-sapin-de-noel-buche-o-60-mm.html
37680-37680;1381686;102;20170114;https://www.jardiland.com/plantes/sapins-de-noel/sapins-artificiels/sapin-artificiel-vert/37680-sapin-toile-de-jute-45-cm.html
59362-59526;1393651;102;20170114;https://www.jardiland.com/plantes/sapins-de-noel/sapins-de-noel-epicea/sapin-de-noel-epicea-en-faux-conteneur/59362-sapin-de-noel-epicea-commun-en-faux-conteneur.html
56061-56061;1434689;102;20170114;https://www.jardiland.com/plantes/plantes-artificielles/plantes-artificielles/plante/56061-harnais-nylon-reglable.html
16930-16930;586886;102;20170114;https://www.jardiland.com/plantes/plantes-artificielles/plantes-artificielles/fruit-et-legume/16930-deutzia-x-rosea-carminea.html
35720-44444;734357;102;20170114;https://www.jardiland.com/plantes/plantes-d-interieur/plantes-carnivores/nepenthes/35720-nepenthes.html
35589-30614;978211;102;20170114;https://www.jardiland.com/plantes/plantes-d-interieur/bonsais/ficus/35589-ficus-ginseng.html
35589-27617;877105;102;20170114;https://www.jardiland.com/plantes/plantes-d-interieur/bonsais/ficus/35589-ficus-ginseng.html
35666-39385;691225;102;20170114;https://www.jardiland.com/plantes/plantes-d-interieur/cactus-et-plantes-grasses/sansevieria/35666-sansevieria-trifasciata-laurentii.html
35658-56152;899268;102;20170114;https://www.jardiland.com/plantes/plantes-d-interieur/cactus-et-plantes-grasses/mammillaria/35658-mammillaria.html
35658-21860;658382;102;20170114;https://www.jardiland.com/plantes/plantes-d-interieur/cactus-et-plantes-grasses/mammillaria/35658-mammillaria.html
35624-54178;1476383;102;20170114;https://www.jardiland.com/plantes/plantes-d-interieur/cactus-et-plantes-grasses/crassula/35624-crassula-minor.html
35674-29275;933846;102;20170114;https://www.jardiland.com/plantes/plantes-d-interieur/cactus-et-plantes-grasses/succulentes/35674-cotyledon-unulata.html
35620-30954;993508;102;20170114;https://www.jardiland.com/plantes/plantes-d-interieur/cactus-et-plantes-grasses/cereus/35620-cereus-peruvianus-monstruosus.html
35617-19965;631753;102;20170114;https://www.jardiland.com/plantes/plantes-d-interieur/cactus-et-plantes-grasses/cereus/35617-cereus.html
35617-19964;631752;102;20170114;https://www.jardiland.com/plantes/plantes-d-interieur/cactus-et-plantes-grasses/cereus/35617-cereus.html
35597-21418;651786;102;20170114;https://www.jardiland.com/plantes/plantes-d-interieur/cactus-et-plantes-grasses/aloe/35597-aloe-vera.html
36125-21323;643351;102;20170114;https://www.jardiland.com/plantes/plantes-d-interieur/plantes-vertes/zamioculcas/36125-zamioculcas-zamiifolia.html
36066-29450;942951;102;20170114;https://www.jardiland.com/plantes/plantes-d-interieur/plantes-vertes/nolina-beaucarnea/36066-pied-d-elephant.html
36080-28027;890821;102;20170114;https://www.jardiland.com/plantes/plantes-d-interieur/plantes-vertes/phoenix/36080-phoenix-roebelenii.html
36069-20813;633715;102;20170114;https://www.jardiland.com/plantes/plantes-d-interieur/plantes-vertes/pachira/36069-pachira-aquatica.html
36059-23490;715403;102;20170114;https://www.jardiland.com/plantes/plantes-d-interieur/plantes-vertes/nephrolepis/36059-nephrolepis-exaltata-bostoniensis.html
36065-29495;947231;102;20170114;https://www.jardiland.com/plantes/plantes-d-interieur/plantes-vertes/nephrolepis/36065-nephrolepis-mini-plante.html
36045-30704;977587;102;20170114;https://www.jardiland.com/plantes/plantes-d-interieur/plantes-vertes/kentia/36045-kentia-de-foster.html
36031-47552;1392871;102;20170114;https://www.jardiland.com/plantes/plantes-d-interieur/plantes-vertes/hedera/36031-hedera-helix-goldchild.html
35972-44983;1305814;102;20170114;https://www.jardiland.com/plantes/plantes-d-interieur/plantes-vertes/dracaena/35972-dracaena-marginata-bicolor-mini-plante.html
35711-6443;1012949;102;20170114;https://www.jardiland.com/plantes/plantes-d-interieur/orchidees/vanda/35711-orchidee-vanda.html
35834-23028;693870;102;20170114;https://www.jardiland.com/plantes/plantes-d-interieur/plantes-fleuries/spathiphyllum/35834-spathiphyllum-chopin-mini-plante.html
35795-20715;633049;102;20170114;https://www.jardiland.com/plantes/plantes-d-interieur/plantes-fleuries/impatiens-de-nouvelle-guinee/35795-impatiens-de-nouvelle-guinee.html
62703-64993;1496761;102;20170114;https://www.jardiland.com/plantes/plantes-d-interieur/plantes-fleuries/tillandsia/62703-fille-de-l-air.html
62703-64984;1463179;102;20170114;https://www.jardiland.com/plantes/plantes-d-interieur/plantes-fleuries/tillandsia/62703-fille-de-l-air.html
62703-64983;1378096;102;20170114;https://www.jardiland.com/plantes/plantes-d-interieur/plantes-fleuries/tillandsia/62703-fille-de-l-air.html
35752-22861;690976;102;20170114;https://www.jardiland.com/plantes/plantes-d-interieur/plantes-fleuries/azalee/35752-azalee-d-interieur.html
35752-22819;689205;102;20170114;https://www.jardiland.com/plantes/plantes-d-interieur/plantes-fleuries/azalee/35752-azalee-d-interieur.html
35752-21416;651766;102;20170114;https://www.jardiland.com/plantes/plantes-d-interieur/plantes-fleuries/azalee/35752-azalee-d-interieur.html
35758-28243;901011;102;20170114;https://www.jardiland.com/plantes/plantes-d-interieur/plantes-fleuries/azalee/35758-azalea-christine.html
46665-46665;1253002;102;20170114;https://www.jardiland.com/plantes/graines-et-gazon/gazon-et-prairies-fleuries/prairie-fleurie/46665-melange-massif-tapis-de-perse-25-me.html
46661-46661;1253009;102;20170114;https://www.jardiland.com/plantes/graines-et-gazon/gazon-et-prairies-fleuries/prairie-fleurie/46661-melange-jachere-semis-d-automne-100-me.html
46840-46840;1251810;102;20170114;https://www.jardiland.com/plantes/graines-et-gazon/graines-de-fleurs/fleurs-annuelles/46840-reine-marguerite-plume-d-autruche-variee.html
46687-46687;1251962;102;20170114;https://www.jardiland.com/plantes/graines-et-gazon/graines-de-fleurs/fleurs-annuelles/46687-reine-marguerite-merveille-des-naines-variee.html
46685-46685;1252007;102;20170114;https://www.jardiland.com/plantes/graines-et-gazon/graines-de-fleurs/fleurs-annuelles/46685-haricot-d-espagne-varie.html
4170-4170;565336;102;20170114;https://www.jardiland.com/plantes/graines-et-gazon/graines-de-fleurs/fleurs-annuelles/4170-coloquinte-en-melange.html
4315-4315;565812;102;20170114;https://www.jardiland.com/plantes/graines-et-gazon/graines-de-fleurs/fleurs-annuelles/4315-alysse-odorant-tapis-de-neige.html
813-813;1251880;102;20170114;https://www.jardiland.com/plantes/graines-et-gazon/graines-potageres-et-aromatiques/oignons/813-oignon-jaune-paille-des-vertus.html
925-925;1252142;102;20170114;https://www.jardiland.com/plantes/graines-et-gazon/graines-potageres-et-aromatiques/salades/925-laitue-grosse-blonde-d-hiver.html
46500-46500;564328;102;20170114;https://www.jardiland.com/plantes/graines-et-gazon/graines-potageres-et-aromatiques/salades/46500-chicoree-frisee-de-meaux.html
41904-26510;857750;102;20170114;https://www.jardiland.com/plantes/bulbes-et-pommes-de-terre/bulbes-potagers-oignons-ail/oignon/41904-oignon-paille-des-vertus.html
35445-26201;857659;102;20170114;https://www.jardiland.com/plantes/bulbes-et-pommes-de-terre/bulbes-potagers-oignons-ail/echalote/35445-echalote-red-sun.html
35445-26200;857657;102;20170114;https://www.jardiland.com/plantes/bulbes-et-pommes-de-terre/bulbes-potagers-oignons-ail/echalote/35445-echalote-red-sun.html
35443-29399;936395;102;20170114;https://www.jardiland.com/plantes/bulbes-et-pommes-de-terre/bulbes-potagers-oignons-ail/echalote/35443-echalote-mikor.html
35351-56935;1430444;102;20170114;https://www.jardiland.com/plantes/bulbes-et-pommes-de-terre/bulbes-a-fleurs/tulipe/35351-tulipe-triomphe-princesse-irene.html
56669-56669;1470800;102;20170114;https://www.jardiland.com/plantes/bulbes-et-pommes-de-terre/bulbes-a-fleurs/tulipe/56669-tulipe-double-tardive-miranda.html
56648-56648;1470822;102;20170114;https://www.jardiland.com/plantes/bulbes-et-pommes-de-terre/bulbes-a-fleurs/tulipe/56648-tulipe-double-tardive-freeman.html
56687-56687;1470782;102;20170114;https://www.jardiland.com/plantes/bulbes-et-pommes-de-terre/bulbes-a-fleurs/tulipe/56687-tulipe-double-tardive-finola.html
56561-56561;1470913;102;20170114;https://www.jardiland.com/plantes/bulbes-et-pommes-de-terre/bulbes-a-fleurs/tulipe/56561-tulipe-double-tardive-carnaval-de-nice.html
56618-56618;1470849;102;20170114;https://www.jardiland.com/plantes/bulbes-et-pommes-de-terre/bulbes-a-fleurs/iris/56618-iris-de-hollande-bleu.html
35061-56928;1430412;102;20170114;https://www.jardiland.com/plantes/bulbes-et-pommes-de-terre/bulbes-a-fleurs/autres-bulbes-a-fleurs/35061-fritillaire-meleagris.html
35149-26771;860984;102;20170114;https://www.jardiland.com/plantes/bulbes-et-pommes-de-terre/bulbes-a-fleurs/crocus/35149-crocus-speciosus-aitchinsonii.html
35138-56929;1430407;102;20170114;https://www.jardiland.com/plantes/bulbes-et-pommes-de-terre/bulbes-a-fleurs/crocus/35138-crocus-botaniques-en-melange.html
5958-5958;1429632;102;20170114;https://www.jardiland.com/plantes/bulbes-et-pommes-de-terre/bulbes-a-fleurs/tulipe/5958-add-happiness-tulipe-triomphe-royal-virgin.html
36563-14182;1438088;102;20170114;https://www.jardiland.com/plantes/potager-et-verger/fruitiers/vigne/36563-vigne-muscat-blanc.html
42101-18367;597683;102;20170114;https://www.jardiland.com/plantes/potager-et-verger/fruitiers/prunier/42101-prunier-thames-cross.html
42083-20273;627053;102;20170114;https://www.jardiland.com/plantes/potager-et-verger/fruitiers/pommier/42083-pommier-starking.html
42076-18630;597171;102;20170114;https://www.jardiland.com/plantes/potager-et-verger/fruitiers/pommier/42076-pommier-jonagold.html
42027-16224;587178;102;20170114;https://www.jardiland.com/plantes/potager-et-verger/fruitiers/neflier-du-japon/42027-neflier-du-japon.html
36512-21677;653427;102;20170114;https://www.jardiland.com/plantes/potager-et-verger/fruitiers/myrtille/36512-myrtille-a-gros-fruits.html
36512-17653;593087;102;20170114;https://www.jardiland.com/plantes/potager-et-verger/fruitiers/myrtille/36512-myrtille-a-gros-fruits.html
36512-17652;593086;102;20170114;https://www.jardiland.com/plantes/potager-et-verger/fruitiers/myrtille/36512-myrtille-a-gros-fruits.html
36518-6181;1004058;102;20170114;https://www.jardiland.com/plantes/potager-et-verger/fruitiers/myrtille/36518-myrtille-spartan.html
36516-40471;997750;102;20170114;https://www.jardiland.com/plantes/potager-et-verger/fruitiers/myrtille/36516-myrtille-patriot.html
36514-38509;1435832;102;20170114;https://www.jardiland.com/plantes/potager-et-verger/fruitiers/myrtille/36514-myrtille-bluecrop.html
34536-7125;1211302;102;20170114;https://www.jardiland.com/plantes/potager-et-verger/fruitiers/mandarinier/34536-mandarinier-satsuma.html
34531-64556;1500381;102;20170114;https://www.jardiland.com/plantes/potager-et-verger/fruitiers/lime/34531-limette-douce-pursha.html
36484-27083;866774;102;20170114;https://www.jardiland.com/plantes/potager-et-verger/fruitiers/groseillier-a-maquereaux/36484-groseillier-a-maquereaux-hinnonmaki.html
36473-14480;1440805;102;20170114;https://www.jardiland.com/plantes/potager-et-verger/fruitiers/groseillier-a-grappes/36473-groseillier-a-grappes-versailles-blanche.html
36469-49095;588382;102;20170114;https://www.jardiland.com/plantes/potager-et-verger/fruitiers/groseillier-a-grappes/36469-groseillier-a-grappes-london-market-rouge.html
36466-28737;920152;102;20170114;https://www.jardiland.com/plantes/potager-et-verger/fruitiers/groseillier-a-grappes/36466-groseillier-a-grappes-jonkheer-van-tets-rouge.html
36443-16830;588070;102;20170114;https://www.jardiland.com/plantes/potager-et-verger/fruitiers/framboisier/36443-framboisier-zeva.html
36454-17185;588027;102;20170114;https://www.jardiland.com/plantes/potager-et-verger/fruitiers/framboisier/36454-framboisier-heritage.html
36451-17182;588016;102;20170114;https://www.jardiland.com/plantes/potager-et-verger/fruitiers/framboisier/36451-framboisier-fallgold.html
41588-6250;1008912;102;20170114;https://www.jardiland.com/plantes/potager-et-verger/fruitiers/citronnier/41588-citronnier.html
41992-23685;720066;102;20170114;https://www.jardiland.com/plantes/potager-et-verger/fruitiers/cerisier/41992-cerisier-bigarreau-van.html
36416-16331;583018;102;20170114;https://www.jardiland.com/plantes/potager-et-verger/fruitiers/cassissier/36416-cassissier-andega.html
36412-8886;1288112;102;20170114;https://www.jardiland.com/plantes/potager-et-verger/fruitiers/caseille/36412-caseille-josta.html
36407-16010;579649;102;20170114;https://www.jardiland.com/plantes/potager-et-verger/fruitiers/autres-fruitiers/36407-airelle-rouge.html
36487-28911;923165;102;20170114;https://www.jardiland.com/plantes/potager-et-verger/fruitiers/kiwai/36487-actinidia-arguta-male-kiwai.html
33612-23398;711175;102;20170114;https://www.jardiland.com/plantes/potager-et-verger/plantes-aromatiques/romarin/33612-romarin-majorcan-pink.html
33393-26456;847194;102;20170114;https://www.jardiland.com/plantes/potager-et-verger/plantes-aromatiques/lavande/33393-lavande-papillon-willow-vale.html
41535-38811;591542;102;20170114;https://www.jardiland.com/plantes/potager-et-verger/plantes-aromatiques/lavande/41535-lavande-papillon.html
33372-43020;709601;102;20170114;https://www.jardiland.com/plantes/potager-et-verger/plantes-aromatiques/lavande/33372-lavande.html
33947-58661;1402789;102;20170114;https://www.jardiland.com/plantes/arbres-et-arbustes-d-ornement/coniferes/cypres-de-leyland/33947-x-cupressocyparis-leylandii-gold-rider.html
33947-7480;1244341;102;20170114;https://www.jardiland.com/plantes/arbres-et-arbustes-d-ornement/coniferes/cypres-de-leyland/33947-x-cupressocyparis-leylandii-gold-rider.html
33948-16817;586397;102;20170114;https://www.jardiland.com/plantes/arbres-et-arbustes-d-ornement/coniferes/cypres-de-leyland/33948-x-cupressocyparis-leylandii.html
33983-17212;590270;102;20170114;https://www.jardiland.com/plantes/arbres-et-arbustes-d-ornement/coniferes/genevrier/33983-juniperus-x-pfitzeriana-old-gold.html
33965-60355;880983;102;20170114;https://www.jardiland.com/plantes/arbres-et-arbustes-d-ornement/coniferes/genevrier/33965-juniperus-scopulorum-blue-arrow.html
33973-16906;590139;102;20170114;https://www.jardiland.com/plantes/arbres-et-arbustes-d-ornement/coniferes/genevrier/33973-juniperus-communis-repanda.html
33972-25692;825776;102;20170114;https://www.jardiland.com/plantes/arbres-et-arbustes-d-ornement/coniferes/genevrier/33972-juniperus-communis-green-carpet.html
33951-51902;1405877;102;20170114;https://www.jardiland.com/plantes/arbres-et-arbustes-d-ornement/coniferes/cypres-de-leyland/33951-cypres-de-leyland-castlewellan-gold.html
33951-13575;1405878;102;20170114;https://www.jardiland.com/plantes/arbres-et-arbustes-d-ornement/coniferes/cypres-de-leyland/33951-cypres-de-leyland-castlewellan-gold.html
33941-24277;742235;102;20170114;https://www.jardiland.com/plantes/arbres-et-arbustes-d-ornement/coniferes/cypres/33941-cupressus-sempervirens-totem.html
33942-29181;930081;102;20170114;https://www.jardiland.com/plantes/arbres-et-arbustes-d-ornement/coniferes/cypres/33942-cupressus-sempervirens.html
33930-38729;586297;102;20170114;https://www.jardiland.com/plantes/arbres-et-arbustes-d-ornement/coniferes/cryptomeria/33930-cryptomeria-japonica-vilmoriniana.html
33909-16530;584317;102;20170114;https://www.jardiland.com/plantes/arbres-et-arbustes-d-ornement/coniferes/chamaecyparis/33909-chamaecyparis-lawsoniana-stardust.html
33896-9747;1312810;102;20170114;https://www.jardiland.com/plantes/arbres-et-arbustes-d-ornement/coniferes/cedre/33896-cedrus-deodara-aurea.html
33886-49694;918656;102;20170114;https://www.jardiland.com/plantes/arbres-et-arbustes-d-ornement/coniferes/araucaria/33886-araucaria-araucana.html
33828-28767;920203;102;20170114;https://www.jardiland.com/plantes/arbres-et-arbustes-d-ornement/bambous/pleioblastus/33828-bambou-pleioblastus.html
33817-28813;921130;102;20170114;https://www.jardiland.com/plantes/arbres-et-arbustes-d-ornement/bambous/phyllostachys/33817-bambou-phyllostachys-aurea.html
33817-18323;595273;102;20170114;https://www.jardiland.com/plantes/arbres-et-arbustes-d-ornement/bambous/phyllostachys/33817-bambou-phyllostachys-aurea.html
41557-12943;1399944;102;20170114;https://www.jardiland.com/plantes/arbres-et-arbustes-d-ornement/buis-et-topiaires/troene-en-topiaire/41557-troene-a-petites-feuilles.html
33881-47344;1013053;102;20170114;https://www.jardiland.com/plantes/arbres-et-arbustes-d-ornement/buis-et-topiaires/photinia-en-topiaire/33881-photinia-x-fraseri-little-red-robin.html
33872-14386;1438123;102;20170114;https://www.jardiland.com/plantes/arbres-et-arbustes-d-ornement/buis-et-topiaires/houx-en-topiaire/33872-houx-crenele-kinme.html
33871-60231;1401781;102;20170114;https://www.jardiland.com/plantes/arbres-et-arbustes-d-ornement/buis-et-topiaires/houx-en-topiaire/33871-houx-crenele.html
33847-20831;635745;102;20170114;https://www.jardiland.com/plantes/arbres-et-arbustes-d-ornement/buis-et-topiaires/buis/33847-buis-commun.html
33847-16170;581716;102;20170114;https://www.jardiland.com/plantes/arbres-et-arbustes-d-ornement/buis-et-topiaires/buis/33847-buis-commun.html
33847-16167;581702;102;20170114;https://www.jardiland.com/plantes/arbres-et-arbustes-d-ornement/buis-et-topiaires/buis/33847-buis-commun.html
34490-7980;1251210;102;20170114;https://www.jardiland.com/plantes/arbres-et-arbustes-d-ornement/plantes-grimpantes/vigne-vierge/34490-parthenocisus-tricuspidata.html
34470-17296;588687;102;20170114;https://www.jardiland.com/plantes/arbres-et-arbustes-d-ornement/plantes-grimpantes/lierre/34470-lierre-commun-glacier.html
34466-55424;821318;102;20170114;https://www.jardiland.com/plantes/arbres-et-arbustes-d-ornement/plantes-grimpantes/lierre/34466-lierre-sulphur-heart.html
34462-56373;873215;102;20170114;https://www.jardiland.com/plantes/arbres-et-arbustes-d-ornement/plantes-grimpantes/lierre/34462-lierre-gloire-de-marengo.html
34465-43639;1460771;102;20170114;https://www.jardiland.com/plantes/arbres-et-arbustes-d-ornement/plantes-grimpantes/lierre/34465-lierre-dentata-variegata.html
34454-17511;590003;102;20170114;https://www.jardiland.com/plantes/arbres-et-arbustes-d-ornement/plantes-grimpantes/jasmin/34454-jasmin-officinal.html
34452-14952;1454461;102;20170114;https://www.jardiland.com/plantes/arbres-et-arbustes-d-ornement/plantes-grimpantes/jasmin/34452-jasmin-d-hiver.html
34442-19460;602533;102;20170114;https://www.jardiland.com/plantes/arbres-et-arbustes-d-ornement/plantes-grimpantes/glycine/34442-glycine-violacea-plena.html
34442-7835;1247823;102;20170114;https://www.jardiland.com/plantes/arbres-et-arbustes-d-ornement/plantes-grimpantes/glycine/34442-glycine-violacea-plena.html
34416-7432;1231204;102;20170114;https://www.jardiland.com/plantes/arbres-et-arbustes-d-ornement/plantes-grimpantes/clematite/34416-clematite-montana-vare-wilsonii.html
34384-29473;945253;102;20170114;https://www.jardiland.com/plantes/arbres-et-arbustes-d-ornement/plantes-grimpantes/clematite/34384-clematite-a-grandes-fleurs.html
34362-6374;1010694;102;20170114;https://www.jardiland.com/plantes/arbres-et-arbustes-d-ornement/plantes-grimpantes/chevrefeuille/34362-chevrefeuille-goldflame.html
41770-19537;607374;102;20170114;https://www.jardiland.com/plantes/arbres-et-arbustes-d-ornement/rosiers/rosiers-buissons/41770-rosier-kathryn-morleyr-ausvariety-pbr-anglais.html
34979-26355;845728;102;20170114;https://www.jardiland.com/plantes/arbres-et-arbustes-d-ornement/rosiers/rosiers-grimpants/34979-rosier-grimpant-a-grandes-fleurs.html
41610-28166;897620;102;20170114;https://www.jardiland.com/plantes/arbres-et-arbustes-d-ornement/rosiers/rosiers-buissons/41610-rosier-buisson-a-grandes-fleurs.html
41610-21674;653391;102;20170114;https://www.jardiland.com/plantes/arbres-et-arbustes-d-ornement/rosiers/rosiers-buissons/41610-rosier-buisson-a-grandes-fleurs.html
41800-21662;653122;102;20170114;https://www.jardiland.com/plantes/arbres-et-arbustes-d-ornement/rosiers/rosiers-buissons/41800-rosier-ancien.html
57266-57233;716882;102;20170114;https://www.jardiland.com/plantes/arbres-et-arbustes-d-ornement/rosiers/rosiers-buissons/57266-rosier-a-grandes-fleurs.html
57266-57230;714680;102;20170114;https://www.jardiland.com/plantes/arbres-et-arbustes-d-ornement/rosiers/rosiers-buissons/57266-rosier-a-grandes-fleurs.html
34968-19724;608819;102;20170114;https://www.jardiland.com/plantes/arbres-et-arbustes-d-ornement/rosiers/rosiers-couvre-sols/34968-rosa-rugosa-exception.html
41833-21663;653125;102;20170114;https://www.jardiland.com/plantes/arbres-et-arbustes-d-ornement/rosiers/rosiers-grimpants/41833-rosa-banksiae-ancien.html
34296-31085;997925;102;20170114;https://www.jardiland.com/plantes/arbres-et-arbustes-d-ornement/plantes-de-terre-de-bruyere/rhododendron/34296-rhododendron-yakushimanum.html
34294-18824;599618;102;20170114;https://www.jardiland.com/plantes/arbres-et-arbustes-d-ornement/plantes-de-terre-de-bruyere/rhododendron/34294-rhododendron-ponticum.html
34291-12633;1391993;102;20170114;https://www.jardiland.com/plantes/arbres-et-arbustes-d-ornement/plantes-de-terre-de-bruyere/rhododendron/34291-rhododendron-edgeworthii-grandes-fleurs.html
34326-7976;1251017;102;20170114;https://www.jardiland.com/plantes/arbres-et-arbustes-d-ornement/plantes-de-terre-de-bruyere/rhododendron/34326-rhododendron-graziella-ponticum.html
34275-55208;595757;102;20170114;https://www.jardiland.com/plantes/arbres-et-arbustes-d-ornement/plantes-de-terre-de-bruyere/pieris/34275-pieris-japonica-bonfire.html
34256-20201;626518;102;20170114;https://www.jardiland.com/plantes/arbres-et-arbustes-d-ornement/plantes-de-terre-de-bruyere/magnolia/34256-magnolia-x-soulangeana.html
34256-17898;592537;102;20170114;https://www.jardiland.com/plantes/arbres-et-arbustes-d-ornement/plantes-de-terre-de-bruyere/magnolia/34256-magnolia-x-soulangeana.html
34247-29004;929841;102;20170114;https://www.jardiland.com/plantes/arbres-et-arbustes-d-ornement/plantes-de-terre-de-bruyere/magnolia/34247-magnolia-grandiflora-little-gem.html
34247-25380;817727;102;20170114;https://www.jardiland.com/plantes/arbres-et-arbustes-d-ornement/plantes-de-terre-de-bruyere/magnolia/34247-magnolia-grandiflora-little-gem.html
34247-11349;1371033;102;20170114;https://www.jardiland.com/plantes/arbres-et-arbustes-d-ornement/plantes-de-terre-de-bruyere/magnolia/34247-magnolia-grandiflora-little-gem.html
34247-9712;1311435;102;20170114;https://www.jardiland.com/plantes/arbres-et-arbustes-d-ornement/plantes-de-terre-de-bruyere/magnolia/34247-magnolia-grandiflora-little-gem.html
41578-17769;591645;102;20170114;https://www.jardiland.com/plantes/arbres-et-arbustes-d-ornement/plantes-de-terre-de-bruyere/leucothoe/41578-leucothoe-scarletta-zeblid.html
34210-17471;589644;102;20170114;https://www.jardiland.com/plantes/arbres-et-arbustes-d-ornement/plantes-de-terre-de-bruyere/hortensia/34210-hortensia-serrata.html
34227-7528;1241126;102;20170114;https://www.jardiland.com/plantes/arbres-et-arbustes-d-ornement/plantes-de-terre-de-bruyere/hortensia/34227-hortensia-paniculata-sundae-fraise-r.html
41575-17427;589470;102;20170114;https://www.jardiland.com/plantes/arbres-et-arbustes-d-ornement/plantes-de-terre-de-bruyere/hortensia/41575-hortensia-a-grandes-feuilles-rose.html
34197-23508;719596;102;20170114;https://www.jardiland.com/plantes/arbres-et-arbustes-d-ornement/plantes-de-terre-de-bruyere/hortensia/34197-hortensia-a-grandes-feuilles.html
34197-10037;1331165;102;20170114;https://www.jardiland.com/plantes/arbres-et-arbustes-d-ornement/plantes-de-terre-de-bruyere/hortensia/34197-hortensia-a-grandes-feuilles.html
34169-17364;589289;102;20170114;https://www.jardiland.com/plantes/arbres-et-arbustes-d-ornement/plantes-de-terre-de-bruyere/hortensia/34169-hortensia-schone-bautznerin-red-baron.html
34171-17367;589305;102;20170114;https://www.jardiland.com/plantes/arbres-et-arbustes-d-ornement/plantes-de-terre-de-bruyere/hortensia/34171-hortensia-rosita.html
34174-21080;636285;102;20170114;https://www.jardiland.com/plantes/arbres-et-arbustes-d-ornement/plantes-de-terre-de-bruyere/hortensia/34174-hortensia-leuchtfeuer.html
41573-38788;589360;102;20170114;https://www.jardiland.com/plantes/arbres-et-arbustes-d-ornement/plantes-de-terre-de-bruyere/hortensia/41573-hortensia-blaumeise-teller-blue.html
34122-53202;817592;102;20170114;https://www.jardiland.com/plantes/arbres-et-arbustes-d-ornement/plantes-de-terre-de-bruyere/erable-du-japon/34122-erable-du-japon-deshojo.html
36126-21918;670286;102;20170114;https://www.jardiland.com/plantes/arbres-et-arbustes-d-ornement/plantes-de-terre-de-bruyere/bruyere-calluna/36126-calluna-vulgaris.html
36135-22375;681977;102;20170114;https://www.jardiland.com/plantes/arbres-et-arbustes-d-ornement/plantes-de-terre-de-bruyere/bruyere-erica/36135-bruyere-d-hiver.html
34769-6261;1009138;102;20170114;https://www.jardiland.com/plantes/arbres-et-arbustes-d-ornement/plantes-mediterraneennes/autres-plantes-mediterraneennes/34769-sauge-melen-r.html
34849-26367;846319;102;20170114;https://www.jardiland.com/plantes/arbres-et-arbustes-d-ornement/plantes-mediterraneennes/palmiers/34849-phormium-rainbow-sunrise-moari-sunrise.html
34635-18222;594866;102;20170114;https://www.jardiland.com/plantes/arbres-et-arbustes-d-ornement/plantes-mediterraneennes/autres-plantes-mediterraneennes/34635-phlomis-fruticosa.html
34686-18219;594862;102;20170114;https://www.jardiland.com/plantes/arbres-et-arbustes-d-ornement/plantes-mediterraneennes/autres-plantes-mediterraneennes/34686-phillyrea-angustifolia.html
34686-14184;1429760;102;20170114;https://www.jardiland.com/plantes/arbres-et-arbustes-d-ornement/plantes-mediterraneennes/autres-plantes-mediterraneennes/34686-phillyrea-angustifolia.html
34803-38708;584541;102;20170114;https://www.jardiland.com/plantes/arbres-et-arbustes-d-ornement/plantes-mediterraneennes/palmiers/34803-palmier-nain.html
34803-23160;697552;102;20170114;https://www.jardiland.com/plantes/arbres-et-arbustes-d-ornement/plantes-mediterraneennes/palmiers/34803-palmier-nain.html
34578-27999;888832;102;20170114;https://www.jardiland.com/plantes/arbres-et-arbustes-d-ornement/plantes-mediterraneennes/autres-plantes-mediterraneennes/34578-mimosa-d-hiver.html
34604-30682;977318;102;20170114;https://www.jardiland.com/plantes/arbres-et-arbustes-d-ornement/plantes-mediterraneennes/autres-plantes-mediterraneennes/34604-liseron-de-turquie.html
34640-44754;1424771;102;20170114;https://www.jardiland.com/plantes/arbres-et-arbustes-d-ornement/plantes-mediterraneennes/autres-plantes-mediterraneennes/34640-jasmin-blanc-d-hiver.html
34696-23709;720321;102;20170114;https://www.jardiland.com/plantes/arbres-et-arbustes-d-ornement/plantes-mediterraneennes/autres-plantes-mediterraneennes/34696-grenadier-pleniflora.html
34621-17223;588111;102;20170114;https://www.jardiland.com/plantes/arbres-et-arbustes-d-ornement/plantes-mediterraneennes/autres-plantes-mediterraneennes/34621-fremontodendron-california-glory.html
34607-26153;839316;102;20170114;https://www.jardiland.com/plantes/arbres-et-arbustes-d-ornement/plantes-mediterraneennes/autres-plantes-mediterraneennes/34607-eucalyptus-gunnii.html
34612-38754;586925;102;20170114;https://www.jardiland.com/plantes/arbres-et-arbustes-d-ornement/plantes-mediterraneennes/autres-plantes-mediterraneennes/34612-diosma-hirsuta-pink-fountain.html
34807-40088;889382;102;20170114;https://www.jardiland.com/plantes/arbres-et-arbustes-d-ornement/plantes-mediterraneennes/palmiers/34807-cordyline-australis-red-star.html
34809-16655;585565;102;20170114;https://www.jardiland.com/plantes/arbres-et-arbustes-d-ornement/plantes-mediterraneennes/palmiers/34809-cordyline-australis.html
34753-9342;1333137;102;20170114;https://www.jardiland.com/plantes/arbres-et-arbustes-d-ornement/plantes-mediterraneennes/autres-plantes-mediterraneennes/34753-arbousier-atlantic.html
34556-11298;1363416;102;20170114;https://www.jardiland.com/plantes/arbres-et-arbustes-d-ornement/plantes-mediterraneennes/autres-plantes-mediterraneennes/34556-albizia-ombrellar.html
33764-27856;882474;102;20170114;https://www.jardiland.com/plantes/arbres-et-arbustes-d-ornement/arbres-et-arbustes/vitex/33764-vitex-agnus-castus-f-latifolia.html
33764-19418;602154;102;20170114;https://www.jardiland.com/plantes/arbres-et-arbustes-d-ornement/arbres-et-arbustes/vitex/33764-vitex-agnus-castus-f-latifolia.html
33755-49762;601763;102;20170114;https://www.jardiland.com/plantes/arbres-et-arbustes-d-ornement/arbres-et-arbustes/viburnum/33755-viburnum-plicatum-lanarth.html
41545-18949;599954;102;20170114;https://www.jardiland.com/plantes/arbres-et-arbustes-d-ornement/arbres-et-arbustes/saule/41545-saule-pleureur-chrysocoma.html
33634-18893;599841;102;20170114;https://www.jardiland.com/plantes/arbres-et-arbustes-d-ornement/arbres-et-arbustes/saule/33634-saule-marsault-curly-locks.html
33683-22585;681791;102;20170114;https://www.jardiland.com/plantes/arbres-et-arbustes-d-ornement/arbres-et-arbustes/sureau/33683-sambucus-nigra-aureomarginata.html
33609-18947;599729;102;20170114;https://www.jardiland.com/plantes/arbres-et-arbustes-d-ornement/arbres-et-arbustes/robinier/33609-robinier-faux-acacia-dore.html
33582-18790;597917;102;20170114;https://www.jardiland.com/plantes/arbres-et-arbustes-d-ornement/arbres-et-arbustes/prunus/33582-prunus-serrulata-kanzan.html
33358-29696;953054;102;20170114;https://www.jardiland.com/plantes/arbres-et-arbustes-d-ornement/arbres-et-arbustes/laurier-palme/33358-prunus-laurocerasus-rotundifolia.html
33363-18778;597824;102;20170114;https://www.jardiland.com/plantes/arbres-et-arbustes-d-ornement/arbres-et-arbustes/laurier-palme/33363-prunus-laurocerasus-otto-luyken.html
33367-7720;1244421;102;20170114;https://www.jardiland.com/plantes/arbres-et-arbustes-d-ornement/arbres-et-arbustes/laurier-palme/33367-prunus-laurocerasus-novita.html
33367-7719;1244419;102;20170114;https://www.jardiland.com/plantes/arbres-et-arbustes-d-ornement/arbres-et-arbustes/laurier-palme/33367-prunus-laurocerasus-novita.html
33580-18766;597799;102;20170114;https://www.jardiland.com/plantes/arbres-et-arbustes-d-ornement/arbres-et-arbustes/prunus/33580-prunus-incisa-kojo-no-nai.html
33556-23858;731020;102;20170114;https://www.jardiland.com/plantes/arbres-et-arbustes-d-ornement/arbres-et-arbustes/potentille/33556-potentilla-fruticosa-goldfinger.html
33523-18331;595474;102;20170114;https://www.jardiland.com/plantes/arbres-et-arbustes-d-ornement/arbres-et-arbustes/physocarpe/33523-physocarpus-opulifolius-diabolo-pbr.html
33522-18327;595466;102;20170114;https://www.jardiland.com/plantes/arbres-et-arbustes-d-ornement/arbres-et-arbustes/physocarpe/33522-physocarpus-opulifolius-dart-s-gold.html
33525-9052;1305758;102;20170114;https://www.jardiland.com/plantes/arbres-et-arbustes-d-ornement/arbres-et-arbustes/physocarpe/33525-physocarpus-opulifolius.html
33521-30713;977928;102;20170114;https://www.jardiland.com/plantes/arbres-et-arbustes-d-ornement/arbres-et-arbustes/photinia/33521-photinia-x-fraseri-pink-marbler-cassini.html
33513-18299;595154;102;20170114;https://www.jardiland.com/plantes/arbres-et-arbustes-d-ornement/arbres-et-arbustes/photinia/33513-photinia-x-fraseri-red-select.html
33512-18103;595144;102;20170114;https://www.jardiland.com/plantes/arbres-et-arbustes-d-ornement/arbres-et-arbustes/photinia/33512-photinia-x-fraseri-red-select.html
33648-18207;594787;102;20170114;https://www.jardiland.com/plantes/arbres-et-arbustes-d-ornement/arbres-et-arbustes/seringat/33648-philadelphus-coronarius.html
33652-26020;836100;102;20170114;https://www.jardiland.com/plantes/arbres-et-arbustes-d-ornement/arbres-et-arbustes/seringat/33652-philadelphus-natchez.html
33645-43169;883871;102;20170114;https://www.jardiland.com/plantes/arbres-et-arbustes-d-ornement/arbres-et-arbustes/seringat/33645-philadelphus.html
33501-29025;925935;102;20170114;https://www.jardiland.com/plantes/arbres-et-arbustes-d-ornement/arbres-et-arbustes/osmanthus/33501-osmanthus-heterophyllus-tricolor.html
33498-18130;594249;102;20170114;https://www.jardiland.com/plantes/arbres-et-arbustes-d-ornement/arbres-et-arbustes/osmanthus/33498-osmanthus-heterophyllus-purpureus.html
33485-16552;584701;102;20170114;https://www.jardiland.com/plantes/arbres-et-arbustes-d-ornement/arbres-et-arbustes/oranger-du-mexique/33485-oranger-du-mexique-sundancer.html
33484-25843;828366;102;20170114;https://www.jardiland.com/plantes/arbres-et-arbustes-d-ornement/arbres-et-arbustes/oranger-du-mexique/33484-oranger-du-mexique-goldfinger-limo.html
33477-16712;585935;102;20170114;https://www.jardiland.com/plantes/arbres-et-arbustes-d-ornement/arbres-et-arbustes/noisetier-ornemental/33477-noisetier-tortueux.html
33479-16714;585968;102;20170114;https://www.jardiland.com/plantes/arbres-et-arbustes-d-ornement/arbres-et-arbustes/noisetier-ornemental/33479-noisetier-pourpre.html
33476-27731;879513;102;20170114;https://www.jardiland.com/plantes/arbres-et-arbustes-d-ornement/arbres-et-arbustes/noisetier-ornemental/33476-noisetier.html
33535-24832;807092;102;20170114;https://www.jardiland.com/plantes/arbres-et-arbustes-d-ornement/arbres-et-arbustes/pommier-d-ornement/33535-malus-perpetur-evereste-pbr.html
33455-21036;636086;102;20170114;https://www.jardiland.com/plantes/arbres-et-arbustes-d-ornement/arbres-et-arbustes/mahonia/33455-mahonia-x-media-winter-sun.html
33457-17911;592652;102;20170114;https://www.jardiland.com/plantes/arbres-et-arbustes-d-ornement/arbres-et-arbustes/mahonia/33457-mahonia-x-media-charity.html
33454-9823;1315880;102;20170114;https://www.jardiland.com/plantes/arbres-et-arbustes-d-ornement/arbres-et-arbustes/mahonia/33454-mahonia-soft-caress.html
33447-22923;692588;102;20170114;https://www.jardiland.com/plantes/arbres-et-arbustes-d-ornement/arbres-et-arbustes/lonicera/33447-lonicera-nitida-maigrun.html
33447-17859;592181;102;20170114;https://www.jardiland.com/plantes/arbres-et-arbustes-d-ornement/arbres-et-arbustes/lonicera/33447-lonicera-nitida-maigrun.html
33714-17688;591803;102;20170114;https://www.jardiland.com/plantes/arbres-et-arbustes-d-ornement/arbres-et-arbustes/troene/33714-ligustrum-ovalifolium.html
33710-7635;1239207;102;20170114;https://www.jardiland.com/plantes/arbres-et-arbustes-d-ornement/arbres-et-arbustes/troene/33710-ligustrum-lucidum-excelsum-superbum.html
33708-28175;898029;102;20170114;https://www.jardiland.com/plantes/arbres-et-arbustes-d-ornement/arbres-et-arbustes/troene/33708-ligustrum-japonicum.html
33708-17786;591754;102;20170114;https://www.jardiland.com/plantes/arbres-et-arbustes-d-ornement/arbres-et-arbustes/troene/33708-ligustrum-japonicum.html
33412-25502;591754;102;20170114;https://www.jardiland.com/plantes/arbres-et-arbustes-d-ornement/arbres-et-arbustes/lespedeza/33412-lespedeza-thunbergii.html
33346-43552;589714;102;20170114;https://www.jardiland.com/plantes/arbres-et-arbustes-d-ornement/arbres-et-arbustes/houx/33346-ilex-x-altaclerensis-golden-king.html
33346-17441;589717;102;20170114;https://www.jardiland.com/plantes/arbres-et-arbustes-d-ornement/arbres-et-arbustes/houx/33346-ilex-x-altaclerensis-golden-king.html
33328-17325;588952;102;20170114;https://www.jardiland.com/plantes/arbres-et-arbustes-d-ornement/arbres-et-arbustes/hibiscus/33328-hibiscus-syriacus-red-heart.html
33324-17309;588874;102;20170114;https://www.jardiland.com/plantes/arbres-et-arbustes-d-ornement/arbres-et-arbustes/hibiscus/33324-hibiscus-syriacus-lavender-chiffon.html
33323-51962;588856;102;20170114;https://www.jardiland.com/plantes/arbres-et-arbustes-d-ornement/arbres-et-arbustes/hibiscus/33323-hibiscus-syriacus-hamabo.html
33332-26642;855428;102;20170114;https://www.jardiland.com/plantes/arbres-et-arbustes-d-ornement/arbres-et-arbustes/hibiscus/33332-hibiscus-syriacus.html
33252-17078;587519;102;20170114;https://www.jardiland.com/plantes/arbres-et-arbustes-d-ornement/arbres-et-arbustes/fusain/33252-fusain-du-japon-aureus.html
33232-24138;746896;102;20170114;https://www.jardiland.com/plantes/arbres-et-arbustes-d-ornement/arbres-et-arbustes/forsythia/33232-forsythia-melee-d-orr.html
33253-13731;1410505;102;20170114;https://www.jardiland.com/plantes/arbres-et-arbustes-d-ornement/arbres-et-arbustes/fusain/33253-euonymus-japonicus-aureus.html
33263-16833;587651;102;20170114;https://www.jardiland.com/plantes/arbres-et-arbustes-d-ornement/arbres-et-arbustes/fusain/33263-euonymus-japonicus.html
41528-25519;821181;102;20170114;https://www.jardiland.com/plantes/arbres-et-arbustes-d-ornement/arbres-et-arbustes/fusain/41528-euonymus-japonicus.html
33248-60279;1482564;102;20170114;https://www.jardiland.com/plantes/arbres-et-arbustes-d-ornement/arbres-et-arbustes/fusain/33248-euonymus-fortunei.html
33190-25356;817585;102;20170114;https://www.jardiland.com/plantes/arbres-et-arbustes-d-ornement/arbres-et-arbustes/erable/33190-erable-champetre.html
33190-20831;635745;102;20170114;https://www.jardiland.com/plantes/arbres-et-arbustes-d-ornement/arbres-et-arbustes/erable/33190-erable-champetre.html
33190-16167;581702;102;20170114;https://www.jardiland.com/plantes/arbres-et-arbustes-d-ornement/arbres-et-arbustes/erable/33190-erable-champetre.html
33171-30468;973955;102;20170114;https://www.jardiland.com/plantes/arbres-et-arbustes-d-ornement/arbres-et-arbustes/elaeagnus/33171-eleagnus-ebbingei-viveleg-r.html
33173-43071;805623;102;20170114;https://www.jardiland.com/plantes/arbres-et-arbustes-d-ornement/arbres-et-arbustes/elaeagnus/33173-elaeagnus-x-ebbingei.html
33163-16922;586852;102;20170114;https://www.jardiland.com/plantes/arbres-et-arbustes-d-ornement/arbres-et-arbustes/deutzia/33163-deutzia-x-hybrida-perle-rose.html
33160-49048;1423687;102;20170114;https://www.jardiland.com/plantes/arbres-et-arbustes-d-ornement/arbres-et-arbustes/deutzia/33160-deutzia-gracilis.html
33168-16932;586904;102;20170114;https://www.jardiland.com/plantes/arbres-et-arbustes-d-ornement/arbres-et-arbustes/deutzia/33168-deutzia-crenata-pride-of-rochester.html
33308-16702;585903;102;20170114;https://www.jardiland.com/plantes/arbres-et-arbustes-d-ornement/arbres-et-arbustes/herbe-de-la-pampa/33308-cortaderia-selloana-argentea.html
33079-16293;582896;102;20170114;https://www.jardiland.com/plantes/arbres-et-arbustes-d-ornement/arbres-et-arbustes/charme/33079-charme-commun.html
33073-16063;583291;102;20170114;https://www.jardiland.com/plantes/arbres-et-arbustes-d-ornement/arbres-et-arbustes/ceanothe/33073-ceanothus-x-pallidus-perle-rose.html
33064-16248;583280;102;20170114;https://www.jardiland.com/plantes/arbres-et-arbustes-d-ornement/arbres-et-arbustes/ceanothe/33064-ceanothus-x-pallidus-marie-simon.html
33075-19732;609055;102;20170114;https://www.jardiland.com/plantes/arbres-et-arbustes-d-ornement/arbres-et-arbustes/ceanothe/33075-ceanothus-thyrsiflorus-skylark.html
33060-16368;583238;102;20170114;https://www.jardiland.com/plantes/arbres-et-arbustes-d-ornement/arbres-et-arbustes/ceanothe/33060-ceanothus-italian-skies.html
43394-43322;997812;102;20170114;https://www.jardiland.com/plantes/arbres-et-arbustes-d-ornement/arbres-et-arbustes/ceanothe/43394-ceanothe.html
41520-16107;581089;102;20170114;https://www.jardiland.com/plantes/arbres-et-arbustes-d-ornement/arbres-et-arbustes/bouleau/41520-bouleau-blanc.html
33001-22448;678171;102;20170114;https://www.jardiland.com/plantes/arbres-et-arbustes-d-ornement/arbres-et-arbustes/berberis/33001-berberis-thunbergii-atropurpurea-nana.html
33004-16088;580995;102;20170114;https://www.jardiland.com/plantes/arbres-et-arbustes-d-ornement/arbres-et-arbustes/berberis/33004-berberis-buxifolia-nana.html
32962-30643;980466;102;20170114;https://www.jardiland.com/plantes/arbres-et-arbustes-d-ornement/arbres-et-arbustes/aubepine/32962-aubepine-blanche.html
32953-22617;684833;102;20170114;https://www.jardiland.com/plantes/arbres-et-arbustes-d-ornement/arbres-et-arbustes/arbre-de-judee/32953-arbre-de-judee.html
32940-16725;586019;102;20170114;https://www.jardiland.com/plantes/arbres-et-arbustes-d-ornement/arbres-et-arbustes/arbre-a-perruques/32940-arbre-a-perruque-royal-purple.html
32944-27895;884201;102;20170114;https://www.jardiland.com/plantes/arbres-et-arbustes-d-ornement/arbres-et-arbustes/arbre-a-perruques/32944-arbre-a-perruque.html
32929-15842;578631;102;20170114;https://www.jardiland.com/plantes/arbres-et-arbustes-d-ornement/arbres-et-arbustes/abelia/32929-abelia-a-grandes-fleurs.html
