ID_WEB;ID_JDN;CODEMAG;DATE_ASPI;URLPRODUIT
32896-15382;547088;6;20170116;https://www.jardiland.com/maison-deco/epicerie-fine/epicerie-sucree/confiture/32896-marmelade.html
54707-54707;547010;6;20170116;https://www.jardiland.com/maison-deco/epicerie-fine/epicerie-sucree/biscuit/54707-galettes-au-miel.html
48919-49112;547078;6;20170116;https://www.jardiland.com/maison-deco/epicerie-fine/epicerie-sucree/confiture/48919-confiture.html
1903-1903;1327043;6;20170116;https://www.jardiland.com/maison-deco/art-de-la-table/vaisselle/vaisselle-decoree/1903-assiette-en-verre-o-18-cm.html
32844-9031;1294578;6;20170116;https://www.jardiland.com/maison-deco/cache-pot-d-interieur/a-reserve-d-eau/plastique/32844-pot-a-reserve-d-eau-doko.html
1934-1934;1333794;6;20170116;https://www.jardiland.com/maison-deco/objets-de-decoration/autres-objets-de-decoration/autres-objets-de-decoration/1934-ours-en-peluche-couleur-chocolat.html
3285-3285;1410303;6;20170116;https://www.jardiland.com/maison-deco/objets-de-decoration/autres-objets-de-decoration/autres-objets-de-decoration/3285-objet-de-decoration-plume-he-35-cm.html
2451-2451;1381666;6;20170116;https://www.jardiland.com/maison-deco/objets-de-decoration/autres-objets-de-decoration/autres-objets-de-decoration/2451-mini-cloche-sur-pied.html
58555-58555;1453601;6;20170116;https://www.jardiland.com/maison-deco/objets-de-decoration/coussins-et-plaids/plaid/58555-plaid-en-fourrure-synthetique-beige-130-170-cm.html
5631-5631;964244;6;20170116;https://www.jardiland.com/maison-deco/objets-de-decoration/plantes-artificielles/tige-fleurie/5631-bleuet-artificiel.html
32918-14541;1441600;6;20170116;https://www.jardiland.com/maison-deco/objets-de-decoration/bougies-et-senteurs/parfum-d-ambiance-diffuseur-a-froid/32918-parfum-goatier-cocoon.html
32914-10317;1345660;6;20170116;https://www.jardiland.com/maison-deco/objets-de-decoration/bougies-et-senteurs/diffuseur-de-parfum-et-recharge/32914-lampe-berger-torsadee-satinee.html
2626-2626;1410327;6;20170116;https://www.jardiland.com/maison-deco/objets-de-decoration/bougeoirs-photophores-et-lanternes/bougeoir-et-photophore-deco/2626-set-photophores-et-plateau-filou.html
52717-52717;1432919;6;20170116;https://www.jardiland.com/maison-deco/objets-de-decoration/bougeoirs-photophores-et-lanternes/lanterne/52717-photophore-jaune.html
52724-52724;1432909;6;20170116;https://www.jardiland.com/maison-deco/objets-de-decoration/bougeoirs-photophores-et-lanternes/bougeoir-et-photophore-deco/52724-myron-photophore-blanc.html
52723-52723;1432910;6;20170116;https://www.jardiland.com/maison-deco/objets-de-decoration/bougeoirs-photophores-et-lanternes/bougeoir-et-photophore-deco/52723-myron-photophore-blanc.html
3220-3220;1410331;6;20170116;https://www.jardiland.com/maison-deco/objets-de-decoration/bougeoirs-photophores-et-lanternes/bougeoir-et-photophore-deco/3220-decoration-coupe-jerundo-o-30-cm.html
32324-12865;1398652;6;20170116;https://www.jardiland.com/animaux/oiseau-de-la-nature/alimentation/32324-granules-de-suif-aux-fruits-rouges.html
57742-59764;1398649;6;20170116;https://www.jardiland.com/animaux/oiseau-de-la-nature/alimentation/57742-friandises-graisse-et-vers-de-farine.html
5081-5081;729458;6;20170116;https://www.jardiland.com/animaux/oiseau/hygiene-et-soins/soin-de-l-animal/5081-baignoire-d-exterieure-molitor.html
42190-42190;642370;6;20170116;https://www.jardiland.com/animaux/oiseau/alimentation-et-friandises/complement-nutritionnel/42190-millet-en-grappes-anjou-pour-oiseaux.html
32279-38635;538401;6;20170116;https://www.jardiland.com/animaux/oiseau/alimentation-et-friandises/alimentation-quotidienne/32279-menu-pour-tourterelle-prestige.html
43360-42578;1338310;6;20170116;https://www.jardiland.com/animaux/poisson/entretien-et-soins/produit-pour-l-eau/43360-sera-goldy-aquatan.html
42200-42200;544397;6;20170116;https://www.jardiland.com/animaux/poisson/entretien-et-soins/produit-pour-poisson/42200-sera-costapur.html
43359-42720;544394;6;20170116;https://www.jardiland.com/animaux/poisson/entretien-et-soins/produit-pour-l-eau/43359-sera-baktopur.html
54446-54446;735286;6;20170116;https://www.jardiland.com/animaux/poisson/entretien-et-soins/produit-pour-poisson/54446-anti-points-blancs.html
5176-5176;957361;6;20170116;https://www.jardiland.com/animaux/poisson/materiel-chauffage-filtres-et-pompes/filtre-exterieur/5176-ventouse-pour-thermometre-x4-1.html
32538-15301;543579;6;20170116;https://www.jardiland.com/animaux/poisson/materiel-chauffage-filtres-et-pompes/pompe/32538-pompe.html
5204-5204;935865;6;20170116;https://www.jardiland.com/animaux/poisson/materiel-chauffage-filtres-et-pompes/masse-de-filtration/5204-extension-filtration-prevent-algae-taille-1-1.html
5517-5517;957338;6;20170116;https://www.jardiland.com/animaux/poisson/materiel-chauffage-filtres-et-pompes/aeration/5517-diffuseur-d-air-boule-3-cm.html
53610-53610;1463708;6;20170116;https://www.jardiland.com/animaux/poisson/materiel-chauffage-filtres-et-pompes/nettoyage-aquarium/53610-aimant-de-nettoyage-pour-aquarium-11-5-cm.html
32430-27140;867726;6;20170116;https://www.jardiland.com/animaux/poisson/decoration-pour-aquarium/sable-et-autres-graviers/32430-quartz-15-kg.html
53665-53665;1444838;6;20170116;https://www.jardiland.com/animaux/poisson/decoration-pour-aquarium/decoration-d-aquarium/53665-decor-corail-colore.html
53679-53679;1438168;6;20170116;https://www.jardiland.com/animaux/poisson/decoration-pour-aquarium/decoration-d-aquarium/53679-decor-corail.html
2904-2904;1403929;6;20170116;https://www.jardiland.com/animaux/poisson/decoration-pour-aquarium/decoration-d-aquarium/2904-amphore-xxii-slim-de-12-cm.html
31804-15208;542906;6;20170116;https://www.jardiland.com/animaux/chat/colliers-laisses-et-harnais/laisse/31804-laisse-pour-chat-poisson.html
42164-42164;1283370;6;20170116;https://www.jardiland.com/animaux/chat/jeux-et-jouets/42164-jouet-pour-chat-kitty-balles.html
2316-2316;1374782;6;20170116;https://www.jardiland.com/animaux/chat/alimentation-et-friandises/boite-et-sachet-fraicheur/2316-whiskas-moelleux-et-fondants.html
40898-40898;1406759;6;20170116;https://www.jardiland.com/animaux/chat/alimentation-et-friandises/boite-et-sachet-fraicheur/40898-royal-canin-ultra-light-jelly-x12-1.html
32645-11487;1369056;6;20170116;https://www.jardiland.com/animaux/rongeurs-et-petits-mammiferes/hygiene-et-soins/autres-produits-d-hygiene/32645-sable-de-bain.html
32611-14987;537282;6;20170116;https://www.jardiland.com/animaux/rongeurs-et-petits-mammiferes/habitats-cages-et-accessoires/abreuvoir-et-gamelle/32611-ecuelle-en-plastique.html
1024-1024;1336281;6;20170116;https://www.jardiland.com/animaux/chien/hygiene-et-soins/soin-de-toilettage/1024-shampooing-anti-odeurs-pour-chien.html
32150-21822;657579;6;20170116;https://www.jardiland.com/animaux/chien/hygiene-et-soins/hygiene-et-soin/32150-protege-culotte-pour-chien.html
32161-12875;1398773;6;20170116;https://www.jardiland.com/animaux/chien/hygiene-et-soins/soin-de-toilettage/32161-coupe-ongles.html
32162-29861;957273;6;20170116;https://www.jardiland.com/animaux/chien/hygiene-et-soins/soin-de-toilettage/32162-brosse-de-massage.html
32163-12879;1398777;6;20170116;https://www.jardiland.com/animaux/chien/hygiene-et-soins/soin-de-toilettage/32163-brosse-carde.html
50835-50426;1434623;6;20170116;https://www.jardiland.com/animaux/chien/colliers-laisses-et-vetements/laisse-pour-chien/50835-laisse-nylon-xl.html
32010-15133;540909;6;20170116;https://www.jardiland.com/animaux/chien/colliers-laisses-et-vetements/collier-pour-chien/32010-collier-pour-chien-rive.html
54386-56071;1434630;6;20170116;https://www.jardiland.com/animaux/chien/colliers-laisses-et-vetements/collier-pour-chien/54386-collier-nylon.html
174-174;1248211;6;20170116;https://www.jardiland.com/animaux/chien/jeux-et-jouets/jouet-en-caoutchouc-et-latex/174-jouet-pour-chien-os-bounce.html
32176-7288;1225084;6;20170116;https://www.jardiland.com/animaux/chien/jeux-et-jouets/corde/32176-balle-tennis-pour-chien.html
469-469;1248176;6;20170116;https://www.jardiland.com/animaux/chien/jeux-et-jouets/jouet-en-caoutchouc-et-latex/469-balle-pour-chien.html
32219-23526;716314;6;20170116;https://www.jardiland.com/animaux/chien/niches-couchage-et-transport/corbeille/32219-corbeille-pour-chien-siesta-deluxe-6-1.html
50903-41355;1402296;6;20170116;https://www.jardiland.com/animaux/chien/niches-couchage-et-transport/corbeille/50903-corbeille-pour-chien-petra.html
50111-50111;1443646;6;20170116;https://www.jardiland.com/animaux/chien/alimentation-et-friandises/friandise-bucco-dentaire/50111-stick-o-dent-puppy-x7-1.html
31920-6690;1016850;6;20170116;https://www.jardiland.com/animaux/chien/alimentation-et-friandises/croquette-pour-chien/31920-royal-canin-mini-starter-mother-babydog.html
31917-41422;539479;6;20170116;https://www.jardiland.com/animaux/chien/alimentation-et-friandises/croquette-pour-chien/31917-royal-canin-giant-adult.html
131-131;1009800;6;20170116;https://www.jardiland.com/animaux/chien/alimentation-et-friandises/friandise-bucco-dentaire/131-pedigree-sa-recompense.html
31996-25663;824578;6;20170116;https://www.jardiland.com/animaux/chien/alimentation-et-friandises/os-a-macher/31996-os-presse-a-gout-15-cm.html
31982-15096;539791;6;20170116;https://www.jardiland.com/animaux/chien/alimentation-et-friandises/friandise-bucco-dentaire/31982-friandises-dentastix-chien-moyen.html
31870-41362;1405459;6;20170116;https://www.jardiland.com/animaux/chien/alimentation-et-friandises/croquette-pour-chien/31870-dog-chow-complet.html
40942-40942;1432755;6;20170116;https://www.jardiland.com/animaux/chien/alimentation-et-friandises/biscuit/40942-cube-de-biscuits-croquant-pour-chien-330-g.html
31938-41442;657830;6;20170116;https://www.jardiland.com/animaux/chien/alimentation-et-friandises/croquette-pour-chien/31938-croquettes-club-special-performance-pour-chien-adulte.html
382-382;1209688;6;20170116;https://www.jardiland.com/animaux/chien/alimentation-et-friandises/friandise-bucco-dentaire/382-batonnets-torsades-au-fluor.html
31237-20869;639827;6;20170116;https://www.jardiland.com/amenagement-du-jardin/bassins-et-jardin-aquatique/alimentation/31237-tetra-pond-goldmix.html
2716-2716;1397851;6;20170116;https://www.jardiland.com/amenagement-du-jardin/decorations/statues-et-figurines/2716-pique-de-jardin-hibou.html
5315-5315;866907;6;20170116;https://www.jardiland.com/amenagement-du-jardin/decorations/statues-et-figurines/5315-coccinelle-en-ceramique.html
36747-36747;1251401;6;20170116;https://www.jardiland.com/amenagement-du-jardin/pots-bacs-jardinieres-et-supports/tuteurs-et-supports-de-plante/treillage/36747-greenly.html
31580-15505;568455;6;20170116;https://www.jardiland.com/amenagement-du-jardin/pots-bacs-jardinieres-et-supports/en-terre-cuite/31580-soucoupe-en-terre-cuite.html
31615-7562;1233669;6;20170116;https://www.jardiland.com/amenagement-du-jardin/pots-bacs-jardinieres-et-supports/en-terre-cuite/31615-jarre-en-terre-cuite-contemporaine.html
436-436;1233681;6;20170116;https://www.jardiland.com/amenagement-du-jardin/pots-bacs-jardinieres-et-supports/en-terre-cuite/436-jardiniere-lisse-en-terre-cuite.html
1370-1370;1292384;6;20170116;https://www.jardiland.com/amenagement-du-jardin/pots-bacs-jardinieres-et-supports/en-terre-cuite/1370-jardiniere-en-terre-cuite-contemporaine.html
1369-1369;1292383;6;20170116;https://www.jardiland.com/amenagement-du-jardin/pots-bacs-jardinieres-et-supports/en-terre-cuite/1369-jardiniere-en-terre-cuite-contemporaine.html
1362-1362;1292369;6;20170116;https://www.jardiland.com/amenagement-du-jardin/pots-bacs-jardinieres-et-supports/en-terre-cuite/1362-applique-a-facettes-en-terre-cuite.html
31570-11120;1360536;6;20170116;https://www.jardiland.com/amenagement-du-jardin/pots-bacs-jardinieres-et-supports/en-plastique/31570-soucoupe-en-plastique-romeo.html
31512-15491;568085;6;20170116;https://www.jardiland.com/amenagement-du-jardin/pots-bacs-jardinieres-et-supports/en-plastique/31512-soucoupe-en-plastique-granprisca.html
31512-10339;1360400;6;20170116;https://www.jardiland.com/amenagement-du-jardin/pots-bacs-jardinieres-et-supports/en-plastique/31512-soucoupe-en-plastique-granprisca.html
31512-6623;1015708;6;20170116;https://www.jardiland.com/amenagement-du-jardin/pots-bacs-jardinieres-et-supports/en-plastique/31512-soucoupe-en-plastique-granprisca.html
31549-14205;1429928;6;20170116;https://www.jardiland.com/amenagement-du-jardin/pots-bacs-jardinieres-et-supports/en-plastique/31549-pot-romeo.html
31549-14199;1429922;6;20170116;https://www.jardiland.com/amenagement-du-jardin/pots-bacs-jardinieres-et-supports/en-plastique/31549-pot-romeo.html
31549-11083;1360498;6;20170116;https://www.jardiland.com/amenagement-du-jardin/pots-bacs-jardinieres-et-supports/en-plastique/31549-pot-romeo.html
31519-15489;568079;6;20170116;https://www.jardiland.com/amenagement-du-jardin/pots-bacs-jardinieres-et-supports/en-plastique/31519-jardiniere-en-plastique-granprisca.html
31519-15488;568076;6;20170116;https://www.jardiland.com/amenagement-du-jardin/pots-bacs-jardinieres-et-supports/en-plastique/31519-jardiniere-en-plastique-granprisca.html
42113-42113;1404702;6;20170116;https://www.jardiland.com/amenagement-du-jardin/amenagement/treillages-pergolas-et-arches/treillage/42113-panneau-en-metal-ajoure-motif-feuille.html
5604-5604;927995;6;20170116;https://www.jardiland.com/amenagement-du-jardin/amenagement/bordures/5604-bordure-en-pierre-imitation-bambou.html
31163-19504;604139;6;20170116;https://www.jardiland.com/amenagement-du-jardin/amenagement/bordures/31163-bordure-a-gazon.html
31202-15553;571892;6;20170116;https://www.jardiland.com/amenagement-du-jardin/amenagement/occultations/31202-maille-carree-balconet-05-1.html
2074-2074;1352023;6;20170116;https://www.jardiland.com/amenagement-du-jardin/barbecues-cuisine-exterieur/autres/accessoires-de-barbecue/2074-plancha-en-fonte-emaillee-genesis.html
5082-5082;730566;6;20170116;https://www.jardiland.com/amenagement-du-jardin/barbecues-cuisine-exterieur/autres/accessoires-de-barbecue/5082-housse-de-luxe-q300-3000-1.html
40484-39543;723658;6;20170116;https://www.jardiland.com/amenagement-du-jardin/barbecues-cuisine-exterieur/autres/accessoires-de-barbecue/40484-grille-de-barbecue.html
2589-2589;1395083;6;20170116;https://www.jardiland.com/amenagement-du-jardin/barbecues-cuisine-exterieur/plancha/2589-plancha-a-gaz-cambo.html
42116-42116;1352027;6;20170116;https://www.jardiland.com/amenagement-du-jardin/barbecues-cuisine-exterieur/a-gaz/42116-barbecue-a-gaz-weber-q-3200-1.html
2018-2018;1348750;6;20170116;https://www.jardiland.com/amenagement-du-jardin/barbecues-cuisine-exterieur/a-gaz/2018-barbecue-a-gaz-4-series-rbs-lxs.html
31297-40347;964646;6;20170116;https://www.jardiland.com/amenagement-du-jardin/eclairage-et-chauffage-d-exterieur/bougies-d-exterieur/31297-huile-vegetale-parfumee-lelia.html
31301-12078;1394536;6;20170116;https://www.jardiland.com/amenagement-du-jardin/eclairage-et-chauffage-d-exterieur/bougies-d-exterieur/31301-bougie-en-terrine-taille-s.html
31300-12972;1400653;6;20170116;https://www.jardiland.com/amenagement-du-jardin/eclairage-et-chauffage-d-exterieur/bougies-d-exterieur/31300-bougie-en-bocal-le-parfait-taille-s.html
31300-12701;1394514;6;20170116;https://www.jardiland.com/amenagement-du-jardin/eclairage-et-chauffage-d-exterieur/bougies-d-exterieur/31300-bougie-en-bocal-le-parfait-taille-s.html
31300-12698;1394511;6;20170116;https://www.jardiland.com/amenagement-du-jardin/eclairage-et-chauffage-d-exterieur/bougies-d-exterieur/31300-bougie-en-bocal-le-parfait-taille-s.html
2754-2754;1398274;6;20170116;https://www.jardiland.com/amenagement-du-jardin/parasols-tonnelles-et-voiles-d-ombrage/parasols-et-accessoires/accessoires/2754-pied-de-parasol-diamant-25-kg.html
36705-36705;1432347;6;20170116;https://www.jardiland.com/amenagement-du-jardin/parasols-tonnelles-et-voiles-d-ombrage/parasols-et-accessoires/parasol-en-metal/36705-parasol-alix-excentre.html
4424-4424;566670;6;20170116;https://www.jardiland.com/amenagement-du-jardin/mobilier-de-jardin/bains-de-soleil-et-hamacs/banc/4424-banc-lorraine.html
36680-36680;1432328;6;20170116;https://www.jardiland.com/amenagement-du-jardin/mobilier-de-jardin/salon-de-jardin/salon-en-bi-matiere/36680-table-de-jardin-ambre-effet-ciment.html
31371-38001;1293563;6;20170116;https://www.jardiland.com/amenagement-du-jardin/mobilier-de-jardin/salon-de-jardin/mobilier-pliant/31371-table-burano.html
31394-10666;1350868;6;20170116;https://www.jardiland.com/amenagement-du-jardin/mobilier-de-jardin/salon-de-jardin/salon-en-metal/31394-fauteuil-bridge.html
31379-13295;1403894;6;20170116;https://www.jardiland.com/amenagement-du-jardin/mobilier-de-jardin/salon-de-jardin/mobilier-pliant/31379-chaise-lys.html
42343-42343;697034;6;20170116;https://www.jardiland.com/jardinage/semis-protections-et-accessoires-de-jardinage/voiles-d-hivernage-et-protections/accessoires-de-plasticulture/42343-manchons-anti-rongeurs-treex.html
50918-41370;1403845;6;20170116;https://www.jardiland.com/jardinage/semis-protections-et-accessoires-de-jardinage/serres-et-chassis/mini-serre/50918-soucoupe-green-basics.html
50918-41369;1403844;6;20170116;https://www.jardiland.com/jardinage/semis-protections-et-accessoires-de-jardinage/serres-et-chassis/mini-serre/50918-soucoupe-green-basics.html
50917-41372;1403849;6;20170116;https://www.jardiland.com/jardinage/semis-protections-et-accessoires-de-jardinage/serres-et-chassis/mini-serre/50917-plateau-de-jardin-green-basics.html
56529-56529;862857;6;20170116;https://www.jardiland.com/jardinage/arrosage/tuyaux-devidoirs-lances-et-pistolets/raccord/56529-y-de-derivation.html
41037-41037;803280;6;20170116;https://www.jardiland.com/jardinage/arrosage/tuyaux-devidoirs-lances-et-pistolets/raccord/41037-raccord-adaptateur-20x27-1.html
56514-56272;862853;6;20170116;https://www.jardiland.com/jardinage/arrosage/tuyaux-devidoirs-lances-et-pistolets/raccord/56514-coupleur-coup-eau.html
56514-56271;862854;6;20170116;https://www.jardiland.com/jardinage/arrosage/tuyaux-devidoirs-lances-et-pistolets/raccord/56514-coupleur-coup-eau.html
54696-54696;576409;6;20170116;https://www.jardiland.com/jardinage/arrosage/arrosoirs/54696-arrosoir-donna-2-l.html
32758-38651;574386;6;20170116;https://www.jardiland.com/jardinage/outils-et-materiel-du-jardinier/grands-outils-de-jardin/emmanchement-automatique/32758-manche-multi-star-wolf.html
32758-38650;574385;6;20170116;https://www.jardiland.com/jardinage/outils-et-materiel-du-jardinier/grands-outils-de-jardin/emmanchement-automatique/32758-manche-multi-star-wolf.html
52503-52503;573909;6;20170116;https://www.jardiland.com/jardinage/outils-et-materiel-du-jardinier/grands-outils-de-jardin/manche-pour-outil/52503-manche-a-balai-cantonnier.html
41081-41081;1314898;6;20170116;https://www.jardiland.com/jardinage/outils-et-materiel-du-jardinier/grands-outils-de-jardin/autres-grands-outils/41081-desherbinet.html
36786-36786;923000;6;20170116;https://www.jardiland.com/jardinage/outils-et-materiel-du-jardinier/grands-outils-de-jardin/binette-houe-et-serfouette/36786-binette-duo-pro.html
48197-47863;924926;6;20170116;https://www.jardiland.com/jardinage/equipement-du-jardinier/gants/48197-gants-gros-travaux-de-jardin.html
56539-56539;577227;6;20170116;https://www.jardiland.com/jardinage/entretien-et-traitements/pulverisateurs/pulverisateur-a-pression/56539-pulverisateur-selecta-7-1.html
32771-14345;1442059;6;20170116;https://www.jardiland.com/jardinage/entretien-et-traitements/engrais/engrais-matieres-premieres/32771-purin-d-orties.html
32696-53143;1401612;6;20170116;https://www.jardiland.com/jardinage/entretien-et-traitements/engrais/engrais-pour-arbres-et-fleurs-du-jardin/32696-engrais-rosiers-et-arbustes-a-fleurs.html
32697-53142;1401615;6;20170116;https://www.jardiland.com/jardinage/entretien-et-traitements/engrais/engrais-pour-arbres-et-fleurs-du-jardin/32697-engrais-geraniums-et-balconnieres.html
32778-53132;1373573;6;20170116;https://www.jardiland.com/jardinage/entretien-et-traitements/engrais/engrais-pour-arbres-et-fleurs-du-jardin/32778-engrais-complet-double-actions.html
53303-53172;577461;6;20170116;https://www.jardiland.com/jardinage/entretien-et-traitements/engrais/engrais-matieres-premieres/53303-activateur-de-compost.html
48445-48445;1017859;6;20170116;https://www.jardiland.com/jardinage/paillage-et-amendement/paillage/ecorce/48445-paillage-d-ecorces-aqua-controlr-naturenr.html
37671-37671;707069;6;20170116;https://www.jardiland.com/plantes/sapins-de-noel/sapins-artificiels/sapin-artificiel-blanc/37671-sapin-artificiel-icelandic-185-cm.html
59622-60886;812625;6;20170116;https://www.jardiland.com/plantes/sapins-de-noel/supports-pieds-et-accessoires-de-sapin/59622-houx-coupe-ilex-aquifolium.html
35595-23938;731053;6;20170116;https://www.jardiland.com/plantes/plantes-d-interieur/cactus-et-plantes-grasses/agave/35595-agave-americana.html
36125-21323;643351;6;20170116;https://www.jardiland.com/plantes/plantes-d-interieur/plantes-vertes/zamioculcas/36125-zamioculcas-zamiifolia.html
36125-21119;642848;6;20170116;https://www.jardiland.com/plantes/plantes-d-interieur/plantes-vertes/zamioculcas/36125-zamioculcas-zamiifolia.html
35990-11737;1376537;6;20170116;https://www.jardiland.com/plantes/plantes-d-interieur/plantes-vertes/dracaena/35990-dracaena-fragrans-white-stripe.html
35692-62412;731005;6;20170116;https://www.jardiland.com/plantes/plantes-d-interieur/orchidees/miltonia/35692-orchidee-miltonia.html
35795-20715;633049;6;20170116;https://www.jardiland.com/plantes/plantes-d-interieur/plantes-fleuries/impatiens-de-nouvelle-guinee/35795-impatiens-de-nouvelle-guinee.html
35784-20483;632097;6;20170116;https://www.jardiland.com/plantes/plantes-d-interieur/plantes-fleuries/gardenia/35784-gardenia-jasminoides-augusta.html
62703-64993;1496761;6;20170116;https://www.jardiland.com/plantes/plantes-d-interieur/plantes-fleuries/tillandsia/62703-fille-de-l-air.html
62703-64983;1378096;6;20170116;https://www.jardiland.com/plantes/plantes-d-interieur/plantes-fleuries/tillandsia/62703-fille-de-l-air.html
35730-20963;635078;6;20170116;https://www.jardiland.com/plantes/plantes-d-interieur/plantes-fleuries/anthurium/35730-anthurium-dakota.html
53880-53880;1013828;6;20170116;https://www.jardiland.com/plantes/graines-et-gazon/gazon-et-prairies-fleuries/prairie-fleurie/53880-prairie-fleurie-talus.html
54438-54438;928139;6;20170116;https://www.jardiland.com/plantes/graines-et-gazon/gazon-et-prairies-fleuries/prairie-fleurie/54438-prairie-fleurie-engrais-vert-fleuri.html
46836-46836;1252920;6;20170116;https://www.jardiland.com/plantes/graines-et-gazon/gazon-et-prairies-fleuries/prairie-fleurie/46836-melange-pour-gibier-100-me.html
46665-46665;1253002;6;20170116;https://www.jardiland.com/plantes/graines-et-gazon/gazon-et-prairies-fleuries/prairie-fleurie/46665-melange-massif-tapis-de-perse-25-me.html
36930-36930;1374893;6;20170116;https://www.jardiland.com/plantes/graines-et-gazon/graines-ludiques-et-kits/potageres/36930-pratic-radis-3-varietes.html
36911-36911;682970;6;20170116;https://www.jardiland.com/plantes/graines-et-gazon/graines-ludiques-et-kits/kits-et-ludiques/36911-jardiniere-soucoupe-fraisiers.html
46461-46461;565913;6;20170116;https://www.jardiland.com/plantes/graines-et-gazon/graines-de-fleurs/fleurs-annuelles/46461-rudbeckia-marmelade.html
53478-53478;564688;6;20170116;https://www.jardiland.com/plantes/graines-et-gazon/graines-potageres-et-aromatiques/courges-melons/53478-potiron-giraumon-turban.html
46406-46406;564551;6;20170116;https://www.jardiland.com/plantes/graines-et-gazon/graines-potageres-et-aromatiques/radis-navets-carottes-et-autres-racines/46406-navet-de-croissy.html
4351-4351;566033;6;20170116;https://www.jardiland.com/plantes/graines-et-gazon/graines-potageres-et-aromatiques/haricots/4351-haricot-nain-a-ecosser-tregor-200-g.html
46683-46683;1252075;6;20170116;https://www.jardiland.com/plantes/graines-et-gazon/graines-potageres-et-aromatiques/haricots/46683-haricot-nain-a-ecosser-antare-200-g.html
46490-46490;564352;6;20170116;https://www.jardiland.com/plantes/graines-et-gazon/graines-potageres-et-aromatiques/choux/46490-chou-navet-rutabaga-wilhemsburger-jaune-a-collet-vert.html
46431-46431;564497;6;20170116;https://www.jardiland.com/plantes/graines-et-gazon/graines-potageres-et-aromatiques/choux/46431-chou-fleur-mayfair-hybride-f1-1.html
46400-46400;564636;6;20170116;https://www.jardiland.com/plantes/graines-et-gazon/graines-potageres-et-aromatiques/choux/46400-chou-de-bruxelles-genius-hybride-f1-1.html
743-743;1251755;6;20170116;https://www.jardiland.com/plantes/graines-et-gazon/graines-potageres-et-aromatiques/salades/743-chicoree-witloof-turbo-hybride-f1-1.html
36562-6179;1004056;6;20170116;https://www.jardiland.com/plantes/potager-et-verger/fruitiers/vigne/36562-vigne-muscat-bleu.html
46085-45040;597607;6;20170116;https://www.jardiland.com/plantes/potager-et-verger/fruitiers/prunier/46085-prunier-mirabelle-de-nancy.html
42018-18024;593182;6;20170116;https://www.jardiland.com/plantes/potager-et-verger/fruitiers/nashi/42018-nashi-shinseiki.html
36475-27521;875929;6;20170116;https://www.jardiland.com/plantes/potager-et-verger/fruitiers/groseillier-a-maquereaux/36475-groseillier-a-maquereaux.html
36473-17053;588410;6;20170116;https://www.jardiland.com/plantes/potager-et-verger/fruitiers/groseillier-a-grappes/36473-groseillier-a-grappes-versailles-blanche.html
36421-17147;587855;6;20170116;https://www.jardiland.com/plantes/potager-et-verger/fruitiers/figuier/36421-figuier-madeleine-blanche.html
36419-49746;697558;6;20170116;https://www.jardiland.com/plantes/potager-et-verger/fruitiers/figuier/36419-figuier.html
41588-53006;1009171;6;20170116;https://www.jardiland.com/plantes/potager-et-verger/fruitiers/citronnier/41588-citronnier.html
42002-60434;1226185;6;20170116;https://www.jardiland.com/plantes/potager-et-verger/fruitiers/cerisier/42002-cerisier-bigarreau-napoleon.html
41999-60436;696975;6;20170116;https://www.jardiland.com/plantes/potager-et-verger/fruitiers/cerisier/41999-cerisier-bigarreau-geant-d-hedelfingen.html
41995-16406;583653;6;20170116;https://www.jardiland.com/plantes/potager-et-verger/fruitiers/cerisier/41995-cerisier.html
41989-16337;583038;6;20170116;https://www.jardiland.com/plantes/potager-et-verger/fruitiers/cassissier/41989-cassissier-noir-de-bourgogne.html
36407-16010;579649;6;20170116;https://www.jardiland.com/plantes/potager-et-verger/fruitiers/autres-fruitiers/36407-airelle-rouge.html
36491-15845;579566;6;20170116;https://www.jardiland.com/plantes/potager-et-verger/fruitiers/kiwi/36491-actinidia-deliciosa-male.html
36489-15989;579554;6;20170116;https://www.jardiland.com/plantes/potager-et-verger/fruitiers/kiwi/36489-actinidia-deliciosa-autofertile.html
36486-30327;971886;6;20170116;https://www.jardiland.com/plantes/potager-et-verger/fruitiers/kiwai/36486-actinidia-arguta-femelle-kiwai.html
41975-15882;578810;6;20170116;https://www.jardiland.com/plantes/potager-et-verger/fruitiers/abricotier/41975-abricotier-polonais.html
33393-26456;847194;6;20170116;https://www.jardiland.com/plantes/potager-et-verger/plantes-aromatiques/lavande/33393-lavande-papillon-willow-vale.html
33376-48542;1427754;6;20170116;https://www.jardiland.com/plantes/potager-et-verger/plantes-aromatiques/lavande/33376-lavande-little-lady.html
33372-23403;711286;6;20170116;https://www.jardiland.com/plantes/potager-et-verger/plantes-aromatiques/lavande/33372-lavande.html
33952-29632;951848;6;20170116;https://www.jardiland.com/plantes/arbres-et-arbustes-d-ornement/coniferes/cypres-de-leyland/33952-x-cupressocyparis-leylandii-2001-1.html
33982-17211;590253;6;20170116;https://www.jardiland.com/plantes/arbres-et-arbustes-d-ornement/coniferes/genevrier/33982-juniperus-x-pfitzeriana-mint-julep.html
33970-17521;590068;6;20170116;https://www.jardiland.com/plantes/arbres-et-arbustes-d-ornement/coniferes/genevrier/33970-juniperus-chinensis-stricta.html
33954-25939;831875;6;20170116;https://www.jardiland.com/plantes/arbres-et-arbustes-d-ornement/coniferes/epicea/33954-epicea-glauca-conica.html
33941-16871;586600;6;20170116;https://www.jardiland.com/plantes/arbres-et-arbustes-d-ornement/coniferes/cypres/33941-cupressus-sempervirens-totem.html
41559-16853;586456;6;20170116;https://www.jardiland.com/plantes/arbres-et-arbustes-d-ornement/coniferes/cypres/41559-cupressus-arizonica-fastigiata.html
33816-18312;595222;6;20170116;https://www.jardiland.com/plantes/arbres-et-arbustes-d-ornement/bambous/phyllostachys/33816-bambou-phyllostachys-aureosulcata-spectabilis.html
33847-55760;1008225;6;20170116;https://www.jardiland.com/plantes/arbres-et-arbustes-d-ornement/buis-et-topiaires/buis/33847-buis-commun.html
33847-24050;733357;6;20170116;https://www.jardiland.com/plantes/arbres-et-arbustes-d-ornement/buis-et-topiaires/buis/33847-buis-commun.html
33847-16174;581751;6;20170116;https://www.jardiland.com/plantes/arbres-et-arbustes-d-ornement/buis-et-topiaires/buis/33847-buis-commun.html
33847-6217;1008219;6;20170116;https://www.jardiland.com/plantes/arbres-et-arbustes-d-ornement/buis-et-topiaires/buis/33847-buis-commun.html
33842-24044;733302;6;20170116;https://www.jardiland.com/plantes/arbres-et-arbustes-d-ornement/buis-et-topiaires/buis/33842-buis-arborescens.html
34470-27819;886212;6;20170116;https://www.jardiland.com/plantes/arbres-et-arbustes-d-ornement/plantes-grimpantes/lierre/34470-lierre-commun-glacier.html
34470-7508;1232409;6;20170116;https://www.jardiland.com/plantes/arbres-et-arbustes-d-ornement/plantes-grimpantes/lierre/34470-lierre-commun-glacier.html
34468-8471;1267962;6;20170116;https://www.jardiland.com/plantes/arbres-et-arbustes-d-ornement/plantes-grimpantes/lierre/34468-lierre-commun.html
34462-7506;1232401;6;20170116;https://www.jardiland.com/plantes/arbres-et-arbustes-d-ornement/plantes-grimpantes/lierre/34462-lierre-gloire-de-marengo.html
34439-19454;602502;6;20170116;https://www.jardiland.com/plantes/arbres-et-arbustes-d-ornement/plantes-grimpantes/glycine/34439-glycine-multijuga.html
34441-7931;1250299;6;20170116;https://www.jardiland.com/plantes/arbres-et-arbustes-d-ornement/plantes-grimpantes/glycine/34441-glycine-honbeni.html
34430-17130;587757;6;20170116;https://www.jardiland.com/plantes/arbres-et-arbustes-d-ornement/plantes-grimpantes/fallopia/34430-fallopia-aubertii.html
34416-7432;1231204;6;20170116;https://www.jardiland.com/plantes/arbres-et-arbustes-d-ornement/plantes-grimpantes/clematite/34416-clematite-montana-vare-wilsonii.html
34379-29296;940830;6;20170116;https://www.jardiland.com/plantes/arbres-et-arbustes-d-ornement/plantes-grimpantes/clematite/34379-clematite-armandii.html
34379-22252;672296;6;20170116;https://www.jardiland.com/plantes/arbres-et-arbustes-d-ornement/plantes-grimpantes/clematite/34379-clematite-armandii.html
34375-11286;1363305;6;20170116;https://www.jardiland.com/plantes/arbres-et-arbustes-d-ornement/plantes-grimpantes/clematite/34375-clematite-fond-memories.html
34388-7689;1243713;6;20170116;https://www.jardiland.com/plantes/arbres-et-arbustes-d-ornement/plantes-grimpantes/clematite/34388-clematite.html
34367-21115;658368;6;20170116;https://www.jardiland.com/plantes/arbres-et-arbustes-d-ornement/plantes-grimpantes/chevrefeuille/34367-chevrefeuille-du-japon-halliana.html
34365-25533;823255;6;20170116;https://www.jardiland.com/plantes/arbres-et-arbustes-d-ornement/plantes-grimpantes/chevrefeuille/34365-chevrefeuille-de-henry.html
34365-17616;592086;6;20170116;https://www.jardiland.com/plantes/arbres-et-arbustes-d-ornement/plantes-grimpantes/chevrefeuille/34365-chevrefeuille-de-henry.html
34349-16286;582849;6;20170116;https://www.jardiland.com/plantes/arbres-et-arbustes-d-ornement/plantes-grimpantes/bignone/34349-bignone-mme-galen.html
41887-19701;608550;6;20170116;https://www.jardiland.com/plantes/arbres-et-arbustes-d-ornement/rosiers/rosiers-tiges-pleureurs/41887-rosier-red-dorothy-parkinsr-excelsa-polyantha.html
41632-19538;607392;6;20170116;https://www.jardiland.com/plantes/arbres-et-arbustes-d-ornement/rosiers/rosiers-buissons/41632-rosier-pat-austinr-ausmum-pbr-anglais.html
41846-37838;1227943;6;20170116;https://www.jardiland.com/plantes/arbres-et-arbustes-d-ornement/rosiers/rosiers-grimpants/41846-rosier-mon-jardin-ma-maisonr-meichavrin-grandes-fleurs.html
41785-21925;658642;6;20170116;https://www.jardiland.com/plantes/arbres-et-arbustes-d-ornement/rosiers/rosiers-buissons/41785-rosier-miniature.html
41606-30376;972253;6;20170116;https://www.jardiland.com/plantes/arbres-et-arbustes-d-ornement/rosiers/rosiers-buissons/41606-rosier-michelangelor-meitelov-grandes-fleurs.html
61016-60200;722996;6;20170116;https://www.jardiland.com/plantes/arbres-et-arbustes-d-ornement/rosiers/rosiers-grimpants/61016-rosier-grimpant-a-grandes-fleurs-pierre-de-ronsardr-meiviolin.html
41872-10434;1347946;6;20170116;https://www.jardiland.com/plantes/arbres-et-arbustes-d-ornement/rosiers/rosiers-grimpants/41872-rosier-grimpant-a-grandes-fleurs-collection-generale.html
34979-25442;819056;6;20170116;https://www.jardiland.com/plantes/arbres-et-arbustes-d-ornement/rosiers/rosiers-grimpants/34979-rosier-grimpant-a-grandes-fleurs.html
41804-14611;1442393;6;20170116;https://www.jardiland.com/plantes/arbres-et-arbustes-d-ornement/rosiers/rosiers-couvre-sols/41804-rosier-decorosiersr-emerar-noatraum.html
61040-60209;844558;6;20170116;https://www.jardiland.com/plantes/arbres-et-arbustes-d-ornement/rosiers/rosiers-buissons/61040-rosier-buisson-a-grandes-fleurs.html
34941-30197;972255;6;20170116;https://www.jardiland.com/plantes/arbres-et-arbustes-d-ornement/rosiers/rosiers-buissons/34941-rosier-anny-dupereyr-meitongas-paysager.html
57266-57200;851972;6;20170116;https://www.jardiland.com/plantes/arbres-et-arbustes-d-ornement/rosiers/rosiers-buissons/57266-rosier-a-grandes-fleurs.html
41584-45422;993889;6;20170116;https://www.jardiland.com/plantes/arbres-et-arbustes-d-ornement/plantes-de-terre-de-bruyere/rhododendron/41584-rhododendron.html
41584-29737;954119;6;20170116;https://www.jardiland.com/plantes/arbres-et-arbustes-d-ornement/plantes-de-terre-de-bruyere/rhododendron/41584-rhododendron.html
34258-30918;992505;6;20170116;https://www.jardiland.com/plantes/arbres-et-arbustes-d-ornement/plantes-de-terre-de-bruyere/magnolia/34258-magnolia-stellata.html
34249-38820;592423;6;20170116;https://www.jardiland.com/plantes/arbres-et-arbustes-d-ornement/plantes-de-terre-de-bruyere/magnolia/34249-magnolia-susan.html
34249-38799;592418;6;20170116;https://www.jardiland.com/plantes/arbres-et-arbustes-d-ornement/plantes-de-terre-de-bruyere/magnolia/34249-magnolia-susan.html
34170-17090;589295;6;20170116;https://www.jardiland.com/plantes/arbres-et-arbustes-d-ornement/plantes-de-terre-de-bruyere/hortensia/34170-hortensia-renate-steiniger.html
34123-55965;1468647;6;20170116;https://www.jardiland.com/plantes/arbres-et-arbustes-d-ornement/plantes-de-terre-de-bruyere/erable-du-japon/34123-erable-du-japon-jerre-schwartz.html
41567-37922;1264319;6;20170116;https://www.jardiland.com/plantes/arbres-et-arbustes-d-ornement/plantes-de-terre-de-bruyere/erable-du-japon/41567-erable-du-japon.html
41567-21114;644168;6;20170116;https://www.jardiland.com/plantes/arbres-et-arbustes-d-ornement/plantes-de-terre-de-bruyere/erable-du-japon/41567-erable-du-japon.html
34056-51975;586769;6;20170116;https://www.jardiland.com/plantes/arbres-et-arbustes-d-ornement/plantes-de-terre-de-bruyere/autres-plantes-de-terre-de-bruyere/34056-daboecia-cantabrica.html
36135-16820;587141;6;20170116;https://www.jardiland.com/plantes/arbres-et-arbustes-d-ornement/plantes-de-terre-de-bruyere/bruyere-erica/36135-bruyere-d-hiver.html
34267-18016;593157;6;20170116;https://www.jardiland.com/plantes/arbres-et-arbustes-d-ornement/plantes-de-terre-de-bruyere/nandina/34267-bambou-sacre.html
34635-18222;594866;6;20170116;https://www.jardiland.com/plantes/arbres-et-arbustes-d-ornement/plantes-mediterraneennes/autres-plantes-mediterraneennes/34635-phlomis-fruticosa.html
34803-21062;636143;6;20170116;https://www.jardiland.com/plantes/arbres-et-arbustes-d-ornement/plantes-mediterraneennes/palmiers/34803-palmier-nain.html
34794-42962;665822;6;20170116;https://www.jardiland.com/plantes/arbres-et-arbustes-d-ornement/plantes-mediterraneennes/palmiers/34794-palmier-dattier-des-canaries.html
34780-47112;699808;6;20170116;https://www.jardiland.com/plantes/arbres-et-arbustes-d-ornement/plantes-mediterraneennes/laurier-rose/34780-laurier-rose.html
34607-17038;587346;6;20170116;https://www.jardiland.com/plantes/arbres-et-arbustes-d-ornement/plantes-mediterraneennes/autres-plantes-mediterraneennes/34607-eucalyptus-gunnii.html
34809-16655;585565;6;20170116;https://www.jardiland.com/plantes/arbres-et-arbustes-d-ornement/plantes-mediterraneennes/palmiers/34809-cordyline-australis.html
34721-23426;711952;6;20170116;https://www.jardiland.com/plantes/arbres-et-arbustes-d-ornement/plantes-mediterraneennes/autres-plantes-mediterraneennes/34721-callistemon-masotti-pbr.html
34553-8165;1257088;6;20170116;https://www.jardiland.com/plantes/arbres-et-arbustes-d-ornement/plantes-mediterraneennes/autres-plantes-mediterraneennes/34553-anisodontea-scabrosa-miss-pinky.html
33712-17796;591787;6;20170116;https://www.jardiland.com/plantes/arbres-et-arbustes-d-ornement/arbres-et-arbustes/troene/33712-troene-dore-de-californie.html
33582-18790;597917;6;20170116;https://www.jardiland.com/plantes/arbres-et-arbustes-d-ornement/arbres-et-arbustes/prunus/33582-prunus-serrulata-kanzan.html
40569-39915;855462;6;20170116;https://www.jardiland.com/plantes/arbres-et-arbustes-d-ornement/arbres-et-arbustes/prunus/40569-prunus-persica.html
33361-18771;597808;6;20170116;https://www.jardiland.com/plantes/arbres-et-arbustes-d-ornement/arbres-et-arbustes/laurier-palme/33361-prunus-laurocerasus-caucasica.html
33366-30300;971462;6;20170116;https://www.jardiland.com/plantes/arbres-et-arbustes-d-ornement/arbres-et-arbustes/laurier-palme/33366-prunus-laurocerasus-caucasica-dart-s.html
33572-18765;597763;6;20170116;https://www.jardiland.com/plantes/arbres-et-arbustes-d-ornement/arbres-et-arbustes/prunus/33572-prunus-cerasifera-pissardii.html
33566-49791;597544;6;20170116;https://www.jardiland.com/plantes/arbres-et-arbustes-d-ornement/arbres-et-arbustes/potentille/33566-potentilla-fruticosa-red-ace.html
33521-30713;977928;6;20170116;https://www.jardiland.com/plantes/arbres-et-arbustes-d-ornement/arbres-et-arbustes/photinia/33521-photinia-x-fraseri-pink-marbler-cassini.html
33511-20206;626547;6;20170116;https://www.jardiland.com/plantes/arbres-et-arbustes-d-ornement/arbres-et-arbustes/photinia/33511-photinia-x-fraseri-red-robin.html
33648-21728;674687;6;20170116;https://www.jardiland.com/plantes/arbres-et-arbustes-d-ornement/arbres-et-arbustes/seringat/33648-philadelphus-coronarius.html
33652-17995;594830;6;20170116;https://www.jardiland.com/plantes/arbres-et-arbustes-d-ornement/arbres-et-arbustes/seringat/33652-philadelphus-natchez.html
33649-51949;594809;6;20170116;https://www.jardiland.com/plantes/arbres-et-arbustes-d-ornement/arbres-et-arbustes/seringat/33649-philadelphus-lemoinei.html
41546-55879;1457432;6;20170116;https://www.jardiland.com/plantes/arbres-et-arbustes-d-ornement/arbres-et-arbustes/seringat/41546-philadelphus-belle-etoile.html
33505-19786;609777;6;20170116;https://www.jardiland.com/plantes/arbres-et-arbustes-d-ornement/arbres-et-arbustes/perovskia/33505-perovskia-blue-spire.html
33465-17478;589674;6;20170116;https://www.jardiland.com/plantes/arbres-et-arbustes-d-ornement/arbres-et-arbustes/millepertuis/33465-millepertuis-hidcote.html
33539-17917;592703;6;20170116;https://www.jardiland.com/plantes/arbres-et-arbustes-d-ornement/arbres-et-arbustes/pommier-d-ornement/33539-malus-coccinellar-courtarou-pbr.html
33447-17858;592180;6;20170116;https://www.jardiland.com/plantes/arbres-et-arbustes-d-ornement/arbres-et-arbustes/lonicera/33447-lonicera-nitida-maigrun.html
33446-23799;723073;6;20170116;https://www.jardiland.com/plantes/arbres-et-arbustes-d-ornement/arbres-et-arbustes/lonicera/33446-lonicera-nitida.html
33714-17805;591806;6;20170116;https://www.jardiland.com/plantes/arbres-et-arbustes-d-ornement/arbres-et-arbustes/troene/33714-ligustrum-ovalifolium.html
33313-24368;745838;6;20170116;https://www.jardiland.com/plantes/arbres-et-arbustes-d-ornement/arbres-et-arbustes/hetre/33313-hetre-pourpre-purpurea.html
33293-17232;588156;6;20170116;https://www.jardiland.com/plantes/arbres-et-arbustes-d-ornement/arbres-et-arbustes/genet/33293-genet-porlock.html
33293-17230;588153;6;20170116;https://www.jardiland.com/plantes/arbres-et-arbustes-d-ornement/arbres-et-arbustes/genet/33293-genet-porlock.html
33263-22389;675950;6;20170116;https://www.jardiland.com/plantes/arbres-et-arbustes-d-ornement/arbres-et-arbustes/fusain/33263-euonymus-japonicus.html
33263-16833;587651;6;20170116;https://www.jardiland.com/plantes/arbres-et-arbustes-d-ornement/arbres-et-arbustes/fusain/33263-euonymus-japonicus.html
41528-30427;973508;6;20170116;https://www.jardiland.com/plantes/arbres-et-arbustes-d-ornement/arbres-et-arbustes/fusain/41528-euonymus-japonicus.html
33245-17066;587433;6;20170116;https://www.jardiland.com/plantes/arbres-et-arbustes-d-ornement/arbres-et-arbustes/fusain/33245-euonymus-fortunei-emerald-gaiety.html
33266-26212;840110;6;20170116;https://www.jardiland.com/plantes/arbres-et-arbustes-d-ornement/arbres-et-arbustes/fusain/33266-euonymus-fortunei-emerald-n-gold.html
33248-30325;971821;6;20170116;https://www.jardiland.com/plantes/arbres-et-arbustes-d-ornement/arbres-et-arbustes/fusain/33248-euonymus-fortunei.html
33218-39604;745214;6;20170116;https://www.jardiland.com/plantes/arbres-et-arbustes-d-ornement/arbres-et-arbustes/escallonia/33218-escallonia-red-dream.html
33190-55760;1008225;6;20170116;https://www.jardiland.com/plantes/arbres-et-arbustes-d-ornement/arbres-et-arbustes/erable/33190-erable-champetre.html
33190-39692;811049;6;20170116;https://www.jardiland.com/plantes/arbres-et-arbustes-d-ornement/arbres-et-arbustes/erable/33190-erable-champetre.html
33190-30971;993892;6;20170116;https://www.jardiland.com/plantes/arbres-et-arbustes-d-ornement/arbres-et-arbustes/erable/33190-erable-champetre.html
33190-24050;733357;6;20170116;https://www.jardiland.com/plantes/arbres-et-arbustes-d-ornement/arbres-et-arbustes/erable/33190-erable-champetre.html
33190-16174;581751;6;20170116;https://www.jardiland.com/plantes/arbres-et-arbustes-d-ornement/arbres-et-arbustes/erable/33190-erable-champetre.html
33175-16959;586962;6;20170116;https://www.jardiland.com/plantes/arbres-et-arbustes-d-ornement/arbres-et-arbustes/elaeagnus/33175-elaeagnus-x-ebbingei-eleadorr-lannou-pbr.html
33156-31081;997773;6;20170116;https://www.jardiland.com/plantes/arbres-et-arbustes-d-ornement/arbres-et-arbustes/cytise/33156-cytise-commun.html
33147-16754;586127;6;20170116;https://www.jardiland.com/plantes/arbres-et-arbustes-d-ornement/arbres-et-arbustes/cotoneaster/33147-cotoneaster-horizontalis.html
33145-16744;586104;6;20170116;https://www.jardiland.com/plantes/arbres-et-arbustes-d-ornement/arbres-et-arbustes/cotoneaster/33145-cotoneaster-de-franchet.html
33142-16734;586079;6;20170116;https://www.jardiland.com/plantes/arbres-et-arbustes-d-ornement/arbres-et-arbustes/cotoneaster/33142-cotoneaster-dammeri.html
33137-22325;674971;6;20170116;https://www.jardiland.com/plantes/arbres-et-arbustes-d-ornement/arbres-et-arbustes/cornouiller/33137-cornouiller-a-bois-jaune-flaviramea.html
32929-15858;578638;6;20170116;https://www.jardiland.com/plantes/arbres-et-arbustes-d-ornement/arbres-et-arbustes/abelia/32929-abelia-a-grandes-fleurs.html
