ID_WEB;ID_JDN;CODEMAG;DATE_ASPI;URLPRODUIT
81454-78265;857160;235;20170201;https://www.jardiland.com/maison-deco/beaute-bien-tre/cosmetiques/savon/81454-savon-pur-vegetal.html
41129-41129;1426644;235;20170201;https://www.jardiland.com/maison-deco/epicerie-fine/epicerie-sucree/coffret-et-autres/41129-sac-de-chocolat-nostalgie-de-noel.html
48398-48398;1330158;235;20170201;https://www.jardiland.com/maison-deco/epicerie-fine/epicerie-salee/aide-culinaire/48398-fleur-de-sel-de-guerande.html
69661-69661;1432067;235;20170201;https://www.jardiland.com/maison-deco/art-de-la-table/linge-de-table/set-de-table/69661-set-de-table-uni-vert-33x48cm.html
69659-69659;1432069;235;20170201;https://www.jardiland.com/maison-deco/art-de-la-table/linge-de-table/set-de-table/69659-set-de-table-uni-taupe-33x48cm.html
69677-69677;1432051;235;20170201;https://www.jardiland.com/maison-deco/art-de-la-table/linge-de-table/set-de-table/69677-set-de-table-gris-33x48cm.html
69679-69679;1432049;235;20170201;https://www.jardiland.com/maison-deco/art-de-la-table/linge-de-table/chemin-de-table/69679-chemin-de-table-gris-40x140cm.html
67735-67735;1474285;235;20170201;https://www.jardiland.com/maison-deco/art-de-la-table/linge-de-table/chemin-de-table/67735-chemin-de-table-dh-poly-2ass-40x160cm-ro.html
52570-52570;1456686;235;20170201;https://www.jardiland.com/maison-deco/art-de-la-table/vaisselle/autres/52570-cave-a-saucisson-en-hetre-laguiole.html
67784-67784;1474234;235;20170201;https://www.jardiland.com/maison-deco/cache-pot-d-interieur/cache-pot-simple/porte-plante/67784-velo-en-metal-p-deco-120x30x75cm-blc-cas.html
32862-8407;1263378;235;20170201;https://www.jardiland.com/maison-deco/cache-pot-d-interieur/cache-pot-simple/cache-pot-aimante/32862-pot-aimante-pyramide-kalamitica.html
32866-8095;1263342;235;20170201;https://www.jardiland.com/maison-deco/cache-pot-d-interieur/cache-pot-simple/cache-pot-aimante/32866-pot-aimante-cube-kalamitica.html
70466-70466;1395526;235;20170201;https://www.jardiland.com/maison-deco/cache-pot-d-interieur/cache-pot-simple/vannerie/70466-panier-rond-en-jacinthe-d32-x-h27-1.html
68484-68484;1455152;235;20170201;https://www.jardiland.com/maison-deco/cache-pot-d-interieur/cache-pot-simple/contenant-en-metal/68484-boite-verre-et-metal-dore-35x20x9-cm.html
68482-68482;1455154;235;20170201;https://www.jardiland.com/maison-deco/cache-pot-d-interieur/cache-pot-simple/contenant-en-metal/68482-boite-verre-et-metal-dore-23x23x8-cm.html
68483-68483;1455153;235;20170201;https://www.jardiland.com/maison-deco/cache-pot-d-interieur/cache-pot-simple/contenant-en-metal/68483-boite-verre-et-metal-dore-18x18x8-cm.html
69170-69170;1432738;235;20170201;https://www.jardiland.com/maison-deco/objets-de-decoration/autres-objets-de-decoration/autres-objets-de-decoration/69170-vase-frances-26cm-transparent.html
69177-69177;1432714;235;20170201;https://www.jardiland.com/maison-deco/objets-de-decoration/autres-objets-de-decoration/autres-objets-de-decoration/69177-vase-bouteille-rioja-50cm-vert-pomme.html
69107-69107;1433106;235;20170201;https://www.jardiland.com/maison-deco/objets-de-decoration/autres-objets-de-decoration/autres-objets-de-decoration/69107-pomme-fibre-orange-d-20-h-22-cm.html
69108-69108;1433105;235;20170201;https://www.jardiland.com/maison-deco/objets-de-decoration/autres-objets-de-decoration/autres-objets-de-decoration/69108-pomme-fibre-orange-d-25-5-h-27-cm.html
69106-69106;1433107;235;20170201;https://www.jardiland.com/maison-deco/objets-de-decoration/autres-objets-de-decoration/autres-objets-de-decoration/69106-pomme-fibre-orange-d-15-h-17-cm.html
69862-69862;1409886;235;20170201;https://www.jardiland.com/maison-deco/objets-de-decoration/autres-objets-de-decoration/panier/69862-panieres-ovales-gm.html
70486-70486;1395495;235;20170201;https://www.jardiland.com/maison-deco/objets-de-decoration/autres-objets-de-decoration/panier/70486-paniere-vert-avec-poignee-26x37-1.html
70491-70491;1395488;235;20170201;https://www.jardiland.com/maison-deco/objets-de-decoration/autres-objets-de-decoration/panier/70491-paniere-rose-avec-poignee-35x49-1.html
52687-52687;1432953;235;20170201;https://www.jardiland.com/maison-deco/objets-de-decoration/autres-objets-de-decoration/plateau-et-serviteur/52687-mambo-sous-plateau-marron.html
69339-69339;1429135;235;20170201;https://www.jardiland.com/maison-deco/objets-de-decoration/autres-objets-de-decoration/autres-objets-de-decoration/69339-cloche-verre-socle-gris-12-5x12-5x23-5-1.html
67821-67821;1474188;235;20170201;https://www.jardiland.com/maison-deco/objets-de-decoration/autres-objets-de-decoration/autres-objets-de-decoration/67821-arrosoir-en-plastique-4ass.html
67817-67817;1474196;235;20170201;https://www.jardiland.com/maison-deco/objets-de-decoration/autres-objets-de-decoration/autres-objets-de-decoration/67817-arrosoir-en-plastique-12l-44x39cm-fuchsi.html
67814-67814;1474200;235;20170201;https://www.jardiland.com/maison-deco/objets-de-decoration/autres-objets-de-decoration/autres-objets-de-decoration/67814-arrosoir-en-plastique-1-8l-30x20-5cm-fuc.html
67804-67804;1474211;235;20170201;https://www.jardiland.com/maison-deco/objets-de-decoration/figurines-et-peluches/figurine/67804-poulet-ceramique-2ass-13-5x10x13cm-blanc.html
67806-67806;1474209;235;20170201;https://www.jardiland.com/maison-deco/objets-de-decoration/figurines-et-peluches/figurine/67806-poule-ceramique-helix-2ass-9-5x7x9cm-nat.html
67796-67796;1474220;235;20170201;https://www.jardiland.com/maison-deco/objets-de-decoration/figurines-et-peluches/figurine/67796-nain-poly-magn-multi-2ass-27x21-5x60cm.html
1266-1266;1274497;235;20170201;https://www.jardiland.com/maison-deco/objets-de-decoration/figurines-et-peluches/figurine/1266-decoration-cerf-en-fonte-he-27-cm.html
67736-67736;1474284;235;20170201;https://www.jardiland.com/maison-deco/objets-de-decoration/coussins-et-plaids/coussin/67736-coussin-dh-poly-2ass-40x40cm-rose.html
70440-70440;1395633;235;20170201;https://www.jardiland.com/maison-deco/objets-de-decoration/plantes-artificielles/tige-fleurie/70440-tige-rose-2flr-3btn-h73cm.html
70431-70431;1395656;235;20170201;https://www.jardiland.com/maison-deco/objets-de-decoration/plantes-artificielles/tige-fleurie/70431-rose-ouverte-jaune.html
71564-71564;1258370;235;20170201;https://www.jardiland.com/maison-deco/objets-de-decoration/plantes-artificielles/tige-fleurie/71564-rose-anastasia-49cm-blanc.html
71711-71711;1237707;235;20170201;https://www.jardiland.com/maison-deco/objets-de-decoration/plantes-artificielles/tige-fleurie/71711-pivoine-grande-creme-rose-76cm.html
1223-1223;1297822;235;20170201;https://www.jardiland.com/maison-deco/objets-de-decoration/plantes-artificielles/plante-et-fleur/1223-mini-buis-taille-artificiel.html
70434-70434;1395648;235;20170201;https://www.jardiland.com/maison-deco/objets-de-decoration/plantes-artificielles/tige-fleurie/70434-lys-tiger-87-cm-2f-jaune-orange.html
69117-69117;1433096;235;20170201;https://www.jardiland.com/maison-deco/objets-de-decoration/vases-coupes-et-accessoires/pot-et-coupe/69117-vase-ceramique-bleu-25x32cm.html
69116-69116;1433097;235;20170201;https://www.jardiland.com/maison-deco/objets-de-decoration/vases-coupes-et-accessoires/pot-et-coupe/69116-vase-ceramique-bleu-18x23cm.html
69157-69157;1433015;235;20170201;https://www.jardiland.com/maison-deco/objets-de-decoration/vases-coupes-et-accessoires/pot-et-coupe/69157-vase-ceramique-blanc-noir-20x40cm.html
69778-69778;1415083;235;20170201;https://www.jardiland.com/maison-deco/objets-de-decoration/vases-coupes-et-accessoires/vase-et-coupe-en-verre/69778-vase-carafe-colonial-4l.html
66589-66589;845704;235;20170201;https://www.jardiland.com/maison-deco/objets-de-decoration/vases-coupes-et-accessoires/accessoires-de-composition-florale/66589-raphia-aubergine-50g.html
70512-70512;1395366;235;20170201;https://www.jardiland.com/maison-deco/objets-de-decoration/vases-coupes-et-accessoires/pot-et-coupe/70512-pot-interieur-en-fibre-vert-d34-x-h61-1.html
70513-70513;1395355;235;20170201;https://www.jardiland.com/maison-deco/objets-de-decoration/vases-coupes-et-accessoires/pot-et-coupe/70513-pot-interieur-en-fibre-vert-d20-x-h30-1.html
71551-71551;1273193;235;20170201;https://www.jardiland.com/maison-deco/objets-de-decoration/vases-coupes-et-accessoires/accessoires-de-composition-florale/71551-mica-fil-or-5m-tr-d2mm.html
82247-78327;899175;235;20170201;https://www.jardiland.com/maison-deco/objets-de-decoration/vases-coupes-et-accessoires/accessoires-de-composition-florale/82247-hobby-brique-20x10-2x7-7cm.html
82247-73991;1021982;235;20170201;https://www.jardiland.com/maison-deco/objets-de-decoration/vases-coupes-et-accessoires/accessoires-de-composition-florale/82247-hobby-brique-20x10-2x7-7cm.html
69334-69334;1429141;235;20170201;https://www.jardiland.com/maison-deco/objets-de-decoration/vases-coupes-et-accessoires/pot-et-coupe/69334-cloche-verre-sur-pied-20x20x24cm.html
70198-70198;1408191;235;20170201;https://www.jardiland.com/maison-deco/objets-de-decoration/vases-coupes-et-accessoires/pot-et-coupe/70198-boule-en-verre-a-suspendre-14x17-5cm.html
70197-70197;1408192;235;20170201;https://www.jardiland.com/maison-deco/objets-de-decoration/vases-coupes-et-accessoires/pot-et-coupe/70197-boule-en-verre-a-suspendre-12x13-5cm.html
2004-2004;1345614;235;20170201;https://www.jardiland.com/maison-deco/objets-de-decoration/bougies-et-senteurs/parfum-d-ambiance-diffuseur-a-froid/2004-parfum-lampe-berger-pommes-du-verger.html
81462-80468;932820;235;20170201;https://www.jardiland.com/maison-deco/objets-de-decoration/bougies-et-senteurs/diffuseur-de-parfum-et-recharge/81462-huile-parfumee-15ml.html
81462-80467;932821;235;20170201;https://www.jardiland.com/maison-deco/objets-de-decoration/bougies-et-senteurs/diffuseur-de-parfum-et-recharge/81462-huile-parfumee-15ml.html
81462-80449;932842;235;20170201;https://www.jardiland.com/maison-deco/objets-de-decoration/bougies-et-senteurs/diffuseur-de-parfum-et-recharge/81462-huile-parfumee-15ml.html
81462-80448;932837;235;20170201;https://www.jardiland.com/maison-deco/objets-de-decoration/bougies-et-senteurs/diffuseur-de-parfum-et-recharge/81462-huile-parfumee-15ml.html
82066-72417;1406430;235;20170201;https://www.jardiland.com/maison-deco/objets-de-decoration/bougies-et-senteurs/parfum-d-ambiance-diffuseur-a-froid/82066-goatier-bul-200ml.html
41185-41185;1390235;235;20170201;https://www.jardiland.com/maison-deco/objets-de-decoration/bougies-et-senteurs/parfum-d-ambiance-diffuseur-a-froid/41185-coffret-fleur-de-goatier.html
1980-1980;1343086;235;20170201;https://www.jardiland.com/maison-deco/objets-de-decoration/bougies-et-senteurs/bougie-parfumee/1980-bougie-parfumee-pivoine-ecarlate.html
82198-72358;1391718;235;20170201;https://www.jardiland.com/maison-deco/objets-de-decoration/bougies-et-senteurs/bougie-non-parfumee/82198-bougie-cylindrique-70-100-1.html
68491-68491;1455069;235;20170201;https://www.jardiland.com/maison-deco/objets-de-decoration/bougeoirs-photophores-et-lanternes/bougeoir-et-photophore-deco/68491-set-de-3-photophores-3-ast.html
69222-69222;1432378;235;20170201;https://www.jardiland.com/maison-deco/objets-de-decoration/bougeoirs-photophores-et-lanternes/lanterne/69222-photophore-blanc-23x20-5x22-5cm.html
69337-69337;1429137;235;20170201;https://www.jardiland.com/maison-deco/objets-de-decoration/bougeoirs-photophores-et-lanternes/bougeoir-et-photophore-deco/69337-photophore-a-suspendre-avec-corde-20x20-1.html
52877-52877;1298665;235;20170201;https://www.jardiland.com/maison-deco/objets-de-decoration/bougeoirs-photophores-et-lanternes/lanterne/52877-lanterne-venezia-noir.html
3211-3211;1410317;235;20170201;https://www.jardiland.com/maison-deco/objets-de-decoration/bougeoirs-photophores-et-lanternes/lanterne/3211-lanterne-felina-en-bois-h-170-cm.html
1914-1914;1327405;235;20170201;https://www.jardiland.com/maison-deco/objets-de-decoration/bougeoirs-photophores-et-lanternes/bougeoir-et-photophore-deco/1914-chandelier-victoria-h-105-cm.html
991-991;1308129;235;20170201;https://www.jardiland.com/animaux/oiseau-de-la-nature/mangeoire-et-distributeur/991-mangeoire-sur-pied-charme-d-ebene.html
32322-12859;1398626;235;20170201;https://www.jardiland.com/animaux/oiseau-de-la-nature/alimentation/32322-cylindre-de-graisse-avec-support.html
32543-24630;796390;235;20170201;https://www.jardiland.com/animaux/reptiles-et-insectes/alimentation/boite-et-lyophilisee/32543-jbl-nourriture-tortue.html
2354-2354;1377920;235;20170201;https://www.jardiland.com/animaux/oiseau/alimentation-et-friandises/alimentation-quotidienne/2354-menu-complet-pour-oiseaux-exotiques.html
32483-15281;543401;235;20170201;https://www.jardiland.com/animaux/poisson/materiel-chauffage-filtres-et-pompes/eclairage/32483-reflecteur.html
67516-67516;1478445;235;20170201;https://www.jardiland.com/animaux/poisson/materiel-chauffage-filtres-et-pompes/nettoyage-aquarium/67516-rapidcleaner-brosse-nettoyage.html
67514-67514;1478448;235;20170201;https://www.jardiland.com/animaux/poisson/materiel-chauffage-filtres-et-pompes/nettoyage-aquarium/67514-port-lame-rapidcleaner.html
32475-9800;1314978;235;20170201;https://www.jardiland.com/animaux/poisson/materiel-chauffage-filtres-et-pompes/aeration/32475-pompe-a-air-newair.html
68891-68891;1436795;235;20170201;https://www.jardiland.com/animaux/poisson/materiel-chauffage-filtres-et-pompes/filtre-interieur/68891-new-rena-superclean-20-1.html
81621-73026;1457277;235;20170201;https://www.jardiland.com/animaux/poisson/materiel-chauffage-filtres-et-pompes/aeration/81621-new-rena-air.html
81621-73025;1457276;235;20170201;https://www.jardiland.com/animaux/poisson/materiel-chauffage-filtres-et-pompes/aeration/81621-new-rena-air.html
81621-73024;1457275;235;20170201;https://www.jardiland.com/animaux/poisson/materiel-chauffage-filtres-et-pompes/aeration/81621-new-rena-air.html
3515-3515;537788;235;20170201;https://www.jardiland.com/animaux/poisson/materiel-chauffage-filtres-et-pompes/masse-de-filtration/3515-mousse-pour-pompe-mcf-40-70-1.html
68880-68880;1436811;235;20170201;https://www.jardiland.com/animaux/poisson/materiel-chauffage-filtres-et-pompes/masse-de-filtration/68880-mousse-90-120-30ppi.html
5594-5594;927409;235;20170201;https://www.jardiland.com/animaux/poisson/materiel-chauffage-filtres-et-pompes/masse-de-filtration/5594-jbl-clearmec.html
222-222;1014905;235;20170201;https://www.jardiland.com/animaux/poisson/materiel-chauffage-filtres-et-pompes/autres-accessoires/222-jbl-artemiomix.html
32500-28998;927403;235;20170201;https://www.jardiland.com/animaux/poisson/materiel-chauffage-filtres-et-pompes/filtre-interieur/32500-filtre-interieur-cristalprofi.html
32500-28997;927402;235;20170201;https://www.jardiland.com/animaux/poisson/materiel-chauffage-filtres-et-pompes/filtre-interieur/32500-filtre-interieur-cristalprofi.html
32500-28996;927401;235;20170201;https://www.jardiland.com/animaux/poisson/materiel-chauffage-filtres-et-pompes/filtre-interieur/32500-filtre-interieur-cristalprofi.html
32472-29868;957335;235;20170201;https://www.jardiland.com/animaux/poisson/materiel-chauffage-filtres-et-pompes/aeration/32472-diffuseur-d-air-barre.html
32479-9531;1303056;235;20170201;https://www.jardiland.com/animaux/poisson/materiel-chauffage-filtres-et-pompes/chauffage/32479-chauffage-submersible-visitherm-pro.html
81339-72810;1453022;235;20170201;https://www.jardiland.com/animaux/poisson/decoration-pour-aquarium/sable-et-autres-graviers/81339-quartz-fluo-pour-aquarium-1-kg.html
81339-72806;1453027;235;20170201;https://www.jardiland.com/animaux/poisson/decoration-pour-aquarium/sable-et-autres-graviers/81339-quartz-fluo-pour-aquarium-1-kg.html
81339-72805;1453026;235;20170201;https://www.jardiland.com/animaux/poisson/decoration-pour-aquarium/sable-et-autres-graviers/81339-quartz-fluo-pour-aquarium-1-kg.html
81339-72801;1453025;235;20170201;https://www.jardiland.com/animaux/poisson/decoration-pour-aquarium/sable-et-autres-graviers/81339-quartz-fluo-pour-aquarium-1-kg.html
32430-27143;867729;235;20170201;https://www.jardiland.com/animaux/poisson/decoration-pour-aquarium/sable-et-autres-graviers/32430-quartz-15-kg.html
32430-27139;867725;235;20170201;https://www.jardiland.com/animaux/poisson/decoration-pour-aquarium/sable-et-autres-graviers/32430-quartz-15-kg.html
650-650;1252868;235;20170201;https://www.jardiland.com/animaux/poisson/decoration-pour-aquarium/decoration-d-aquarium/650-decor-pour-aquarium-diffuseur-boudha-bonzai.html
5219-5219;958023;235;20170201;https://www.jardiland.com/animaux/poisson/decoration-pour-aquarium/plante-artificielle/5219-decor-papyrus-medium.html
32418-29922;958028;235;20170201;https://www.jardiland.com/animaux/poisson/decoration-pour-aquarium/plante-artificielle/32418-decor-mousse-amazone-sur-fond.html
5216-5216;958005;235;20170201;https://www.jardiland.com/animaux/poisson/decoration-pour-aquarium/plante-artificielle/5216-decor-composition-oasis.html
32415-29921;958021;235;20170201;https://www.jardiland.com/animaux/poisson/decoration-pour-aquarium/plante-artificielle/32415-decor-bambou-plante-sur-fond.html
31833-9810;1315053;235;20170201;https://www.jardiland.com/animaux/chat/soins-antiparasitaires/insecticide/31833-advantage-40-pour-chat.html
31802-15209;542907;235;20170201;https://www.jardiland.com/animaux/chat/colliers-laisses-et-harnais/laisse/31802-laisse-pour-chat-tete-de-chat.html
31804-15206;542904;235;20170201;https://www.jardiland.com/animaux/chat/colliers-laisses-et-harnais/laisse/31804-laisse-pour-chat-poisson.html
42164-42164;1283370;235;20170201;https://www.jardiland.com/animaux/chat/jeux-et-jouets/42164-jouet-pour-chat-kitty-balles.html
1961-1961;1338355;235;20170201;https://www.jardiland.com/animaux/chat/jeux-et-jouets/1961-jouet-pour-chat-canne-a-peche.html
82617-76191;1478614;235;20170201;https://www.jardiland.com/animaux/chat/hygiene-soins-et-litieres/bac-a-litiere-et-maison-de-toilette/82617-maison-de-toilette-nestor-retro.html
82617-76190;1478615;235;20170201;https://www.jardiland.com/animaux/chat/hygiene-soins-et-litieres/bac-a-litiere-et-maison-de-toilette/82617-maison-de-toilette-nestor-retro.html
69470-69470;1418908;235;20170201;https://www.jardiland.com/animaux/chat/hygiene-soins-et-litieres/soins-pour-chat/69470-feliway-recharge-48ml.html
1480-1480;1305396;235;20170201;https://www.jardiland.com/animaux/chat/gamelles-ecuelles-et-distributeurs/distributeur-d-eau-et-croquette/1480-fontaine-a-chat-drinkwell.html
62908-74375;1318616;235;20170201;https://www.jardiland.com/animaux/chat/alimentation-et-friandises/boite-et-sachet-fraicheur/62908-sterilised-cat-sachet-repas-85g.html
70151-70151;1408756;235;20170201;https://www.jardiland.com/animaux/chat/alimentation-et-friandises/boite-et-sachet-fraicheur/70151-kitten-sachet-dinde-et-poulet-12x85g.html
32646-11804;1372768;235;20170201;https://www.jardiland.com/animaux/rongeurs-et-petits-mammiferes/hygiene-et-soins/autres-produits-d-hygiene/32646-bloc-mineral.html
32646-11803;1372767;235;20170201;https://www.jardiland.com/animaux/rongeurs-et-petits-mammiferes/hygiene-et-soins/autres-produits-d-hygiene/32646-bloc-mineral.html
53586-53586;539178;235;20170201;https://www.jardiland.com/animaux/rongeurs-et-petits-mammiferes/jouets-et-exercices/roue-tube-et-autres-accessoires-de-jeux/53586-tunnel-tube-4812-1.html
82792-74378;1319292;235;20170201;https://www.jardiland.com/animaux/rongeurs-et-petits-mammiferes/aliments-et-friandises/alimentation-quotidienne/82792-selective-lapin-junior.html
85-85;1014535;235;20170201;https://www.jardiland.com/animaux/rongeurs-et-petits-mammiferes/aliments-et-friandises/alimentation-quotidienne/85-repas-complet-lapin-regul.html
86-86;1014537;235;20170201;https://www.jardiland.com/animaux/rongeurs-et-petits-mammiferes/aliments-et-friandises/alimentation-quotidienne/86-repas-complet-lapin-acti.html
87-87;1014539;235;20170201;https://www.jardiland.com/animaux/rongeurs-et-petits-mammiferes/aliments-et-friandises/alimentation-quotidienne/87-repas-complet-cochon-d-inde-motri.html
81635-77215;1458557;235;20170201;https://www.jardiland.com/animaux/chien/soins-antiparasitaires/insectifuge/81635-clearspot.html
1024-1024;1336281;235;20170201;https://www.jardiland.com/animaux/chien/hygiene-et-soins/soin-de-toilettage/1024-shampooing-anti-odeurs-pour-chien.html
82805-74424;1327527;235;20170201;https://www.jardiland.com/animaux/chien/hygiene-et-soins/hygiene-et-soin/82805-culotte-chien-d-d-modele-brave.html
82805-74394;1327526;235;20170201;https://www.jardiland.com/animaux/chien/hygiene-et-soins/hygiene-et-soin/82805-culotte-chien-d-d-modele-brave.html
32070-6663;1016620;235;20170201;https://www.jardiland.com/animaux/chien/colliers-laisses-et-vetements/laisse-pour-chien/32070-laisse-pour-chien-connection.html
32004-13307;1403919;235;20170201;https://www.jardiland.com/animaux/chien/colliers-laisses-et-vetements/accessoires/32004-harnais-de-traction-pour-chien.html
71304-71304;1310986;235;20170201;https://www.jardiland.com/animaux/chien/jeux-et-jouets/jouet-en-caoutchouc-et-latex/71304-jouet-siliencieux-latex.html
82880-74493;1310973;235;20170201;https://www.jardiland.com/animaux/chien/jeux-et-jouets/jouet-en-caoutchouc-et-latex/82880-jouet-pour-chien-tennis.html
82206-72731;1386194;235;20170201;https://www.jardiland.com/animaux/chien/jeux-et-jouets/autres-jouets/82206-jouet-pour-chien-happy-dog.html
68179-68179;1464411;235;20170201;https://www.jardiland.com/animaux/chien/niches-couchage-et-transport/coussin-et-matelas/68179-matelas-dehoussable-gris-85x55x8cm.html
68172-68172;1464424;235;20170201;https://www.jardiland.com/animaux/chien/niches-couchage-et-transport/coussin-et-matelas/68172-matelas-bimatiere-ecossais-marron85x55x8-1.html
68173-68173;1464422;235;20170201;https://www.jardiland.com/animaux/chien/niches-couchage-et-transport/coussin-et-matelas/68173-matelas-bimatiere-ecossais-marron70x45x6-1.html
32137-27407;873735;235;20170201;https://www.jardiland.com/animaux/chien/gamelles-ecuelles-et-distributeurs/gamelle-et-ecuelle/32137-ecuelle-plastique-antiderapante.html
31928-8034;1252661;235;20170201;https://www.jardiland.com/animaux/chien/alimentation-et-friandises/croquette-pour-chien/31928-royal-canin-mini-light.html
31846-15091;539594;235;20170201;https://www.jardiland.com/animaux/chien/alimentation-et-friandises/croquette-pour-chien/31846-proplan-dog-senior-original-poulet.html
31859-31027;996555;235;20170201;https://www.jardiland.com/animaux/chien/alimentation-et-friandises/croquette-pour-chien/31859-proplan-dog-puppy-original-poulet.html
31984-7075;1209698;235;20170201;https://www.jardiland.com/animaux/chien/alimentation-et-friandises/friandise-bucco-dentaire/31984-os-au-fluor.html
82284-75390;1469342;235;20170201;https://www.jardiland.com/animaux/chien/alimentation-et-friandises/biscuit/82284-feedeez-oreilles-porc.html
81801-77889;640025;235;20170201;https://www.jardiland.com/amenagement-du-jardin/bassins-et-jardin-aquatique/materiel/81801-tuyau-annele.html
66610-66610;640093;235;20170201;https://www.jardiland.com/amenagement-du-jardin/bassins-et-jardin-aquatique/materiel/66610-pompe-elimax-2500-1.html
66611-66611;640092;235;20170201;https://www.jardiland.com/amenagement-du-jardin/bassins-et-jardin-aquatique/materiel/66611-pompe-elimax-1500-1.html
66612-66612;639977;235;20170201;https://www.jardiland.com/amenagement-du-jardin/bassins-et-jardin-aquatique/bassins/66612-lot-bassin-start1000-1.html
934-934;1252449;235;20170201;https://www.jardiland.com/amenagement-du-jardin/bassins-et-jardin-aquatique/alimentation/934-jbl-koi-energil-midi.html
71889-71889;1228595;235;20170201;https://www.jardiland.com/amenagement-du-jardin/abris-de-jardin-serres-et-rangements/abris-de-jardin/71889-bucher-portland-180-cm-plancher.html
71942-71942;1208162;235;20170201;https://www.jardiland.com/amenagement-du-jardin/loisirs-plein-air/jouets/71942-poney-avec-selle.html
363-363;1208199;235;20170201;https://www.jardiland.com/amenagement-du-jardin/loisirs-plein-air/jouets/363-figurine-kangourou-et-son-bebe.html
65288-65288;963732;235;20170201;https://www.jardiland.com/amenagement-du-jardin/decorations/autres-decorations/65288-lanterne-orient-h38-1.html
66005-66005;854648;235;20170201;https://www.jardiland.com/amenagement-du-jardin/decorations/autres-decorations/66005-lanterne-jardin-croisillon-h30-1.html
65289-65289;963731;235;20170201;https://www.jardiland.com/amenagement-du-jardin/decorations/autres-decorations/65289-lanterne-boule-h26-1.html
67725-67725;1474297;235;20170201;https://www.jardiland.com/amenagement-du-jardin/decorations/fontaines/67725-led-font-poly-3-piliers-p-ext-42x41x58cm.html
67726-67726;1474296;235;20170201;https://www.jardiland.com/amenagement-du-jardin/decorations/fontaines/67726-led-font-mur-pierre-poly-p-ext-40x19x100-1.html
65709-65709;911142;235;20170201;https://www.jardiland.com/amenagement-du-jardin/decorations/statues-et-figurines/65709-tortue-decore.html
66009-66009;854640;235;20170201;https://www.jardiland.com/amenagement-du-jardin/decorations/statues-et-figurines/66009-nain-h14-1.html
65710-65710;911141;235;20170201;https://www.jardiland.com/amenagement-du-jardin/decorations/statues-et-figurines/65710-chien-assis.html
4431-4431;571506;235;20170201;https://www.jardiland.com/amenagement-du-jardin/pots-bacs-jardinieres-et-supports/autres-pots-et-jardinieres/pot-et-jardiniere-en-bois/4431-lot-de-3-jardinieres-rectangles-baroque-en-pin-sylvestre.html
31603-21948;658699;235;20170201;https://www.jardiland.com/amenagement-du-jardin/pots-bacs-jardinieres-et-supports/en-terre-cuite/31603-vase-en-terre-cuite-campana.html
82786-73235;1430012;235;20170201;https://www.jardiland.com/amenagement-du-jardin/pots-bacs-jardinieres-et-supports/en-plastique/82786-soucoupe-jard-granromeo.html
31557-9151;1292125;235;20170201;https://www.jardiland.com/amenagement-du-jardin/pots-bacs-jardinieres-et-supports/en-plastique/31557-soucoupe-en-plastique-samba.html
31523-11032;1360442;235;20170201;https://www.jardiland.com/amenagement-du-jardin/pots-bacs-jardinieres-et-supports/en-plastique/31523-soucoupe-en-plastique-prisca.html
31549-14200;1429923;235;20170201;https://www.jardiland.com/amenagement-du-jardin/pots-bacs-jardinieres-et-supports/en-plastique/31549-pot-romeo.html
31528-9142;1292116;235;20170201;https://www.jardiland.com/amenagement-du-jardin/pots-bacs-jardinieres-et-supports/en-plastique/31528-pot-en-plastique-farnese.html
31533-10872;1356160;235;20170201;https://www.jardiland.com/amenagement-du-jardin/pots-bacs-jardinieres-et-supports/en-plastique/31533-plateau-kyoto.html
42124-42124;1352029;235;20170201;https://www.jardiland.com/amenagement-du-jardin/barbecues-cuisine-exterieur/autres/accessoires-de-barbecue/42124-plancha-en-fonte-pour-weber-q-serie-1000-1.html
70389-70389;1396481;235;20170201;https://www.jardiland.com/amenagement-du-jardin/barbecues-cuisine-exterieur/autres/accessoires-de-barbecue/70389-housse-luxe-pour-spirit-3-bruleurs.html
70388-70388;1396483;235;20170201;https://www.jardiland.com/amenagement-du-jardin/barbecues-cuisine-exterieur/autres/accessoires-de-barbecue/70388-housse-luxe-pour-bbq-performer-original.html
70696-70696;1379260;235;20170201;https://www.jardiland.com/amenagement-du-jardin/barbecues-cuisine-exterieur/autres/accessoires-de-barbecue/70696-cartouche-de-gaz-445-g.html
71282-71282;1314800;235;20170201;https://www.jardiland.com/amenagement-du-jardin/barbecues-cuisine-exterieur/autres/combustible/71282-bio-allume-feu-gel-1l.html
66204-66204;748112;235;20170201;https://www.jardiland.com/amenagement-du-jardin/barbecues-cuisine-exterieur/au-charbon/66204-barbecue-fonte-copacabana-d-52cm.html
71268-71268;1318156;235;20170201;https://www.jardiland.com/amenagement-du-jardin/eclairage-et-chauffage-d-exterieur/bougies-d-exterieur/71268-lanterne-ronde-led-s-pile-blanc.html
67703-67703;1474322;235;20170201;https://www.jardiland.com/amenagement-du-jardin/eclairage-et-chauffage-d-exterieur/eclairage-solaire/67703-ledsolaire-lum-table-verre2ass-10cm-1l-b.html
67700-67700;1474325;235;20170201;https://www.jardiland.com/amenagement-du-jardin/eclairage-et-chauffage-d-exterieur/eclairage-solaire/67700-led-solaire-lum-table-2ass-10cm-1l-col.html
68911-68911;1434297;235;20170201;https://www.jardiland.com/amenagement-du-jardin/eclairage-et-chauffage-d-exterieur/eclairage-solaire/68911-led-solaire-animaux-2ass-p-ext.html
67698-67698;1474327;235;20170201;https://www.jardiland.com/amenagement-du-jardin/eclairage-et-chauffage-d-exterieur/eclairage-solaire/67698-led-sol-lum-mosaique-4assext-39cm-1l-bf.html
67691-67691;1474334;235;20170201;https://www.jardiland.com/amenagement-du-jardin/eclairage-et-chauffage-d-exterieur/eclairage-solaire/67691-led-sol-lum-jardin-4colass-ext-50cm-1l.html
67711-67711;1474312;235;20170201;https://www.jardiland.com/amenagement-du-jardin/eclairage-et-chauffage-d-exterieur/eclairage-solaire/67711-led-sol-lum-jardin-4colass-ext-42cm-2l.html
67718-67718;1474304;235;20170201;https://www.jardiland.com/amenagement-du-jardin/eclairage-et-chauffage-d-exterieur/eclairage-solaire/67718-led-lanterne-fil-metal-4colass-22cm-45l.html
68920-68920;1434276;235;20170201;https://www.jardiland.com/amenagement-du-jardin/eclairage-et-chauffage-d-exterieur/eclairage-solaire/68920-guirlande-led-bocal-70cm-15l.html
66180-66180;798726;235;20170201;https://www.jardiland.com/amenagement-du-jardin/parasols-tonnelles-et-voiles-d-ombrage/tonnelles-et-barnums/tonnelle-et-barnum-en-metal/66180-armature-tonnelle-privil-hexagonale-450-1.html
49971-49078;1430983;235;20170201;https://www.jardiland.com/amenagement-du-jardin/mobilier-de-jardin/accessoires-coussins-et-entretien/coussin/49971-mini-polochon-en-polyester-17-x-30-cm.html
67782-67782;1474236;235;20170201;https://www.jardiland.com/amenagement-du-jardin/mobilier-de-jardin/mobilier-enfant/salon-complet/67782-set-jardin-p-enfant-poly-cocci-ass-rouge.html
67780-67780;1474238;235;20170201;https://www.jardiland.com/amenagement-du-jardin/mobilier-de-jardin/mobilier-enfant/salon-complet/67780-set-jard-p-enf-poly-grenouille-ass-vert.html
36697-36697;1295263;235;20170201;https://www.jardiland.com/amenagement-du-jardin/mobilier-de-jardin/salon-de-jardin/salon-en-resine-tressee/36697-table-carolina.html
53756-53756;1392864;235;20170201;https://www.jardiland.com/jardinage/bricolage-droguerie/insecticides-menagers/insecticide-volant-et-rampant/53756-spray-insectes-rampants.html
5700-5700;948740;235;20170201;https://www.jardiland.com/jardinage/bricolage-droguerie/droguerie/5700-plastofix-fixations-permanentes-1-5-x-19-transparent.html
4672-4672;577092;235;20170201;https://www.jardiland.com/jardinage/outils-et-materiel-du-jardinier/outils-de-taille/secateur/4672-secateur-lames-croisantes.html
36781-36781;573921;235;20170201;https://www.jardiland.com/jardinage/outils-et-materiel-du-jardinier/grands-outils-de-jardin/autres-grands-outils/36781-ratissoire-a-tirer.html
5611-5611;928176;235;20170201;https://www.jardiland.com/jardinage/entretien-et-traitements/engrais/engrais-pour-plantes-d-interieur/5611-batonnets-d-engrais-plantes-vertes-x40-1.html
5612-5612;928177;235;20170201;https://www.jardiland.com/jardinage/entretien-et-traitements/engrais/engrais-pour-plantes-d-interieur/5612-batonnets-d-engrais-plantes-fleuries-x40-1.html
4692-4692;577368;235;20170201;https://www.jardiland.com/jardinage/paillage-et-amendement/amendement/fumier/4692-fumier-de-ferme.html
82836-76042;1474997;235;20170201;https://www.jardiland.com/plantes/sapins-de-noel/sapins-de-noel-floques/82836-picea-pungens-super-blue.html
82345-75897;1475796;235;20170201;https://www.jardiland.com/plantes/plantes-d-interieur/plantes-vertes/autres-plantes-vertes/82345-plante-verte-mixte.html
83756-80987;988743;235;20170201;https://www.jardiland.com/plantes/plantes-d-interieur/plantes-vertes/dracaena/83756-dracaena-fr-deremensis.html
48957-48957;1405299;235;20170201;https://www.jardiland.com/plantes/graines-et-gazon/gazon-et-prairies-fleuries/autres-gazons/48957-melange-prairie-5-kg.html
46794-46794;1253026;235;20170201;https://www.jardiland.com/plantes/graines-et-gazon/gazon-et-prairies-fleuries/prairie-fleurie/46794-melange-pour-zones-ombragees-25-me.html
46832-46832;1252968;235;20170201;https://www.jardiland.com/plantes/graines-et-gazon/gazon-et-prairies-fleuries/prairie-fleurie/46832-melange-pour-terrains-secs-25-me.html
46837-46837;1252919;235;20170201;https://www.jardiland.com/plantes/graines-et-gazon/gazon-et-prairies-fleuries/prairie-fleurie/46837-melange-pour-terrains-difficiles-25-me.html
46679-46679;1252949;235;20170201;https://www.jardiland.com/plantes/graines-et-gazon/gazon-et-prairies-fleuries/prairie-fleurie/46679-melange-pour-papillons-25-me.html
46657-46657;1253018;235;20170201;https://www.jardiland.com/plantes/graines-et-gazon/gazon-et-prairies-fleuries/prairie-fleurie/46657-melange-pour-oiseaux-vivaces-25-me.html
46830-46830;1252974;235;20170201;https://www.jardiland.com/plantes/graines-et-gazon/gazon-et-prairies-fleuries/prairie-fleurie/46830-melange-pour-oiseaux-annuelles-25-me.html
46670-46670;1252984;235;20170201;https://www.jardiland.com/plantes/graines-et-gazon/gazon-et-prairies-fleuries/prairie-fleurie/46670-melange-pour-limiter-les-pucerons-25-me.html
46673-46673;1252963;235;20170201;https://www.jardiland.com/plantes/graines-et-gazon/gazon-et-prairies-fleuries/prairie-fleurie/46673-melange-pour-coccinelles-25-me.html
46659-46659;1253013;235;20170201;https://www.jardiland.com/plantes/graines-et-gazon/gazon-et-prairies-fleuries/prairie-fleurie/46659-melange-massif-reflet-des-pres-25-me.html
46765-46765;1252934;235;20170201;https://www.jardiland.com/plantes/graines-et-gazon/gazon-et-prairies-fleuries/prairie-fleurie/46765-melange-massif-fleurs-champetres-25-me.html
46658-46658;1253017;235;20170201;https://www.jardiland.com/plantes/graines-et-gazon/gazon-et-prairies-fleuries/prairie-fleurie/46658-melange-jachere-fleurs-des-champs-100-me.html
46667-46667;1252995;235;20170201;https://www.jardiland.com/plantes/graines-et-gazon/gazon-et-prairies-fleuries/prairie-fleurie/46667-melange-jachere-campagne-en-fleurs-100-me.html
40720-38399;566224;235;20170201;https://www.jardiland.com/plantes/graines-et-gazon/gazon-et-prairies-fleuries/gazon-pour-sports-et-jeux/40720-gazon-sports-et-jeux-label-rouge.html
36888-36888;1405300;235;20170201;https://www.jardiland.com/plantes/graines-et-gazon/gazon-et-prairies-fleuries/gazon-special-ombre/36888-gazon-ombre-3-kg.html
46513-46513;565902;235;20170201;https://www.jardiland.com/plantes/graines-et-gazon/graines-de-fleurs/fleurs-bisannuelles/46513-pensee-suisse-lac-des-alpes.html
46364-46364;565131;235;20170201;https://www.jardiland.com/plantes/graines-et-gazon/graines-de-fleurs/fleurs-annuelles/46364-lavatere-silver-cup-mont-blanc.html
46327-46327;565332;235;20170201;https://www.jardiland.com/plantes/graines-et-gazon/graines-de-fleurs/fleurs-annuelles/46327-clarkia-elegant-double-varie.html
46286-46286;565831;235;20170201;https://www.jardiland.com/plantes/graines-et-gazon/graines-de-fleurs/fleurs-annuelles/46286-centauree-jubilee-gem.html
53874-53874;1016383;235;20170201;https://www.jardiland.com/plantes/graines-et-gazon/graines-potageres-et-aromatiques/autres-graines-aromatiques/53874-thym-de-provence.html
53549-53549;564116;235;20170201;https://www.jardiland.com/plantes/graines-et-gazon/graines-potageres-et-aromatiques/radis-navets-carottes-et-autres-racines/53549-rutabaga-wilhelmsburger-jaune-a-collet-vert.html
52512-52512;564624;235;20170201;https://www.jardiland.com/plantes/graines-et-gazon/graines-potageres-et-aromatiques/radis-navets-carottes-et-autres-racines/52512-radis-de-18-jours-bio.html
53328-53328;944593;235;20170201;https://www.jardiland.com/plantes/graines-et-gazon/graines-potageres-et-aromatiques/poireaux/53328-poireau-de-carentan-2-bio.html
53854-53854;1016419;235;20170201;https://www.jardiland.com/plantes/graines-et-gazon/graines-potageres-et-aromatiques/persil/53854-persil-geant-d-italie-grand-jardin.html
53486-53486;564622;235;20170201;https://www.jardiland.com/plantes/graines-et-gazon/graines-potageres-et-aromatiques/persil/53486-persil-commun-bio.html
53514-53514;564194;235;20170201;https://www.jardiland.com/plantes/graines-et-gazon/graines-potageres-et-aromatiques/oignons/53514-oignon-rouge-de-brunswick.html
53846-53846;1016442;235;20170201;https://www.jardiland.com/plantes/graines-et-gazon/graines-potageres-et-aromatiques/salades/53846-laitue-deliane-bio.html
53862-53862;1016402;235;20170201;https://www.jardiland.com/plantes/graines-et-gazon/graines-potageres-et-aromatiques/salades/53862-laitue-batavia-de-pierre-benite-format-economique.html
56833-56833;1016432;235;20170201;https://www.jardiland.com/plantes/graines-et-gazon/graines-potageres-et-aromatiques/radis-navets-carottes-et-autres-racines/56833-carotte-nantaise-amelioree-3-race-tamtam-bio.html
53853-53853;1016428;235;20170201;https://www.jardiland.com/plantes/graines-et-gazon/graines-potageres-et-aromatiques/autres-graines-aromatiques/53853-aneth-officinal-feuillage-dense-bio.html
42101-24848;814426;235;20170201;https://www.jardiland.com/plantes/potager-et-verger/fruitiers/prunier/42101-prunier-thames-cross.html
42097-28562;917240;235;20170201;https://www.jardiland.com/plantes/potager-et-verger/fruitiers/prunier/42097-prunier-quetsche-d-alsace.html
83158-75543;1478985;235;20170201;https://www.jardiland.com/plantes/potager-et-verger/fruitiers/myrtille/83158-myrtille-darrow.html
36453-13092;1401969;235;20170201;https://www.jardiland.com/plantes/potager-et-verger/fruitiers/framboisier/36453-framboisier-glen-ample.html
33983-17212;590270;235;20170201;https://www.jardiland.com/plantes/arbres-et-arbustes-d-ornement/coniferes/genevrier/33983-juniperus-x-pfitzeriana-old-gold.html
56495-55429;824196;235;20170201;https://www.jardiland.com/plantes/arbres-et-arbustes-d-ornement/bambous/arundo/56495-arundo-donax-versicolor-variegata.html
34468-8108;1255529;235;20170201;https://www.jardiland.com/plantes/arbres-et-arbustes-d-ornement/plantes-grimpantes/lierre/34468-lierre-commun.html
34388-8447;1263926;235;20170201;https://www.jardiland.com/plantes/arbres-et-arbustes-d-ornement/plantes-grimpantes/clematite/34388-clematite.html
41720-21370;643929;235;20170201;https://www.jardiland.com/plantes/arbres-et-arbustes-d-ornement/rosiers/rosiers-buissons/41720-rosier-william-shakespearer-ausroyal-pbr-anglais.html
41818-25525;821294;235;20170201;https://www.jardiland.com/plantes/arbres-et-arbustes-d-ornement/rosiers/rosiers-couvre-sols/41818-rosier-paysager.html
41794-29433;941390;235;20170201;https://www.jardiland.com/plantes/arbres-et-arbustes-d-ornement/rosiers/rosiers-buissons/41794-rosier-la-rose-du-petit-princer-delgramau-grandes-fleurs.html
82680-77335;1462484;235;20170201;https://www.jardiland.com/plantes/arbres-et-arbustes-d-ornement/rosiers/rosiers-couvre-sols/82680-rosier-drift.html
83396-79146;1491672;235;20170201;https://www.jardiland.com/plantes/arbres-et-arbustes-d-ornement/plantes-de-terre-de-bruyere/skimmia/83396-skimmia-japonica-gd-little-bunny.html
34266-60946;1441149;235;20170201;https://www.jardiland.com/plantes/arbres-et-arbustes-d-ornement/plantes-de-terre-de-bruyere/nandina/34266-bambou-sacre-fire-power.html
50826-50384;1449469;235;20170201;https://www.jardiland.com/plantes/arbres-et-arbustes-d-ornement/plantes-mediterraneennes/autres-plantes-mediterraneennes/50826-bougainvillier-bicolore.html
33731-52055;1464589;235;20170201;https://www.jardiland.com/plantes/arbres-et-arbustes-d-ornement/arbres-et-arbustes/viburnum/33731-viburnum-tinus-lisaroser.html
33628-14439;1440264;235;20170201;https://www.jardiland.com/plantes/arbres-et-arbustes-d-ornement/arbres-et-arbustes/saule/33628-salix-udensis-sekka.html
33628-13005;1401063;235;20170201;https://www.jardiland.com/plantes/arbres-et-arbustes-d-ornement/arbres-et-arbustes/saule/33628-salix-udensis-sekka.html
33296-18932;599684;235;20170201;https://www.jardiland.com/plantes/arbres-et-arbustes-d-ornement/arbres-et-arbustes/groseillier-a-fleurs/33296-ribes-odoratum.html
33569-18755;597715;235;20170201;https://www.jardiland.com/plantes/arbres-et-arbustes-d-ornement/arbres-et-arbustes/prunus/33569-prunus-x-blireana.html
33113-17563;590497;235;20170201;https://www.jardiland.com/plantes/arbres-et-arbustes-d-ornement/arbres-et-arbustes/corete-du-japon/33113-kerria-japonica-pleniflora.html
33351-11492;1369082;235;20170201;https://www.jardiland.com/plantes/arbres-et-arbustes-d-ornement/arbres-et-arbustes/houx/33351-ilex-x-meserveae-blue-prince.html
33325-13818;1420998;235;20170201;https://www.jardiland.com/plantes/arbres-et-arbustes-d-ornement/arbres-et-arbustes/hibiscus/33325-hibiscus-syriacus-marina.html
33271-58899;1464579;235;20170201;https://www.jardiland.com/plantes/arbres-et-arbustes-d-ornement/arbres-et-arbustes/fusain/33271-euonymus-fortunei-minimus.html
33137-16697;585856;235;20170201;https://www.jardiland.com/plantes/arbres-et-arbustes-d-ornement/arbres-et-arbustes/cornouiller/33137-cornouiller-a-bois-jaune-flaviramea.html
33098-8776;1284769;235;20170201;https://www.jardiland.com/plantes/arbres-et-arbustes-d-ornement/arbres-et-arbustes/cognassier-du-japon/33098-cognassier-a-fleurs.html
33079-16291;582887;235;20170201;https://www.jardiland.com/plantes/arbres-et-arbustes-d-ornement/arbres-et-arbustes/charme/33079-charme-commun.html
33053-11469;1368414;235;20170201;https://www.jardiland.com/plantes/arbres-et-arbustes-d-ornement/arbres-et-arbustes/caryopteris/33053-caryopteris-sunshine-bluer-jason.html
33042-24072;734065;235;20170201;https://www.jardiland.com/plantes/arbres-et-arbustes-d-ornement/arbres-et-arbustes/callicarpa/33042-callicarpe-de-bodinier-profusion.html
32941-51968;1440899;235;20170201;https://www.jardiland.com/plantes/arbres-et-arbustes-d-ornement/arbres-et-arbustes/arbre-a-perruques/32941-arbre-a-perruque-grace.html
