ID_WEB;ID_JDN;CODEMAG;DATE_ASPI;URLPRODUIT
81454-78265;857160;182;20170124;https://www.jardiland.com/maison-deco/beaute-bien-tre/cosmetiques/savon/81454-savon-pur-vegetal.html
81454-78259;857144;182;20170124;https://www.jardiland.com/maison-deco/beaute-bien-tre/cosmetiques/savon/81454-savon-pur-vegetal.html
81843-74650;1471270;182;20170124;https://www.jardiland.com/maison-deco/cache-pot-d-interieur/cache-pot-simple/cache-pot-aimante/81843-pot-aimante-k-basic-line-cube-6cm.html
81843-74648;1471272;182;20170124;https://www.jardiland.com/maison-deco/cache-pot-d-interieur/cache-pot-simple/cache-pot-aimante/81843-pot-aimante-k-basic-line-cube-6cm.html
82001-73186;1428130;182;20170124;https://www.jardiland.com/maison-deco/cache-pot-d-interieur/cache-pot-simple/cache-pot-aimante/82001-jardiniere-aimantee-kalamitica-12cm.html
82092-72428;1408572;182;20170124;https://www.jardiland.com/maison-deco/objets-de-decoration/bougies-et-senteurs/diffuseur-de-parfum-et-recharge/82092-lampe-sphere.html
81230-72945;1449083;182;20170124;https://www.jardiland.com/maison-deco/objets-de-decoration/bougies-et-senteurs/bougie-parfumee/81230-bougie-orange-epice.html
82584-72932;1449063;182;20170124;https://www.jardiland.com/maison-deco/objets-de-decoration/bougies-et-senteurs/bougie-parfumee/82584-bougie-mangue-peche.html
81402-72937;1449127;182;20170124;https://www.jardiland.com/maison-deco/objets-de-decoration/bougies-et-senteurs/bougie-parfumee/81402-bougie-glace-d-ete.html
81172-72949;1449105;182;20170124;https://www.jardiland.com/maison-deco/objets-de-decoration/bougies-et-senteurs/bougie-parfumee/81172-bougie-framboise-rouge.html
81287-72942;1449099;182;20170124;https://www.jardiland.com/maison-deco/objets-de-decoration/bougies-et-senteurs/bougie-parfumee/81287-bougie-canneberge-mandarine.html
81287-72935;1449098;182;20170124;https://www.jardiland.com/maison-deco/objets-de-decoration/bougies-et-senteurs/bougie-parfumee/81287-bougie-canneberge-mandarine.html
32543-24630;796390;182;20170124;https://www.jardiland.com/animaux/reptiles-et-insectes/alimentation/boite-et-lyophilisee/32543-jbl-nourriture-tortue.html
32307-9703;1311064;182;20170124;https://www.jardiland.com/animaux/oiseau/cages-volieres-et-accessoires/equipement-de-cage-et-voliere/32307-mangeoire-en-metal-attache.html
43355-42752;538466;182;20170124;https://www.jardiland.com/animaux/oiseau/alimentation-et-friandises/friandise/43355-baguette-kracker-perruche-x3-1.html
43354-42761;538453;182;20170124;https://www.jardiland.com/animaux/oiseau/alimentation-et-friandises/friandise/43354-baguette-kracker-exotique-x2-1.html
43352-42759;538451;182;20170124;https://www.jardiland.com/animaux/oiseau/alimentation-et-friandises/friandise/43352-baguette-kracker-canari-x3-1.html
43352-42755;538441;182;20170124;https://www.jardiland.com/animaux/oiseau/alimentation-et-friandises/friandise/43352-baguette-kracker-canari-x3-1.html
43351-53032;538444;182;20170124;https://www.jardiland.com/animaux/oiseau/alimentation-et-friandises/friandise/43351-baguette-kracker-canari-x2-1.html
43351-42758;538449;182;20170124;https://www.jardiland.com/animaux/oiseau/alimentation-et-friandises/friandise/43351-baguette-kracker-canari-x2-1.html
32483-15280;543400;182;20170124;https://www.jardiland.com/animaux/poisson/materiel-chauffage-filtres-et-pompes/eclairage/32483-reflecteur.html
81621-73025;1457276;182;20170124;https://www.jardiland.com/animaux/poisson/materiel-chauffage-filtres-et-pompes/aeration/81621-new-rena-air.html
81621-73024;1457275;182;20170124;https://www.jardiland.com/animaux/poisson/materiel-chauffage-filtres-et-pompes/aeration/81621-new-rena-air.html
82830-75472;1481080;182;20170124;https://www.jardiland.com/animaux/poisson/materiel-chauffage-filtres-et-pompes/filtre-exterieur/82830-jard-tuyau-predecoupe-2-5m.html
82766-74970;1473541;182;20170124;https://www.jardiland.com/animaux/poisson/materiel-chauffage-filtres-et-pompes/nettoyage-aquarium/82766-jard-epuisette-maille-fine.html
82478-75894;1475826;182;20170124;https://www.jardiland.com/animaux/poisson/materiel-chauffage-filtres-et-pompes/aeration/82478-jard-diffuseur-d-air-barre.html
82675-76170;1477947;182;20170124;https://www.jardiland.com/animaux/poisson/materiel-chauffage-filtres-et-pompes/nettoyage-aquarium/82675-jard-aimant-anti-algues.html
32535-29883;957379;182;20170124;https://www.jardiland.com/animaux/poisson/materiel-chauffage-filtres-et-pompes/nettoyage-aquarium/32535-epuisette-grande-maille.html
81806-73683;1014813;182;20170124;https://www.jardiland.com/animaux/poisson/decoration-pour-aquarium/plante-artificielle/81806-suspension-mm-3-brins.html
81339-72810;1453022;182;20170124;https://www.jardiland.com/animaux/poisson/decoration-pour-aquarium/sable-et-autres-graviers/81339-quartz-fluo-pour-aquarium-1-kg.html
81339-72806;1453027;182;20170124;https://www.jardiland.com/animaux/poisson/decoration-pour-aquarium/sable-et-autres-graviers/81339-quartz-fluo-pour-aquarium-1-kg.html
81339-72804;1453023;182;20170124;https://www.jardiland.com/animaux/poisson/decoration-pour-aquarium/sable-et-autres-graviers/81339-quartz-fluo-pour-aquarium-1-kg.html
81339-72801;1453025;182;20170124;https://www.jardiland.com/animaux/poisson/decoration-pour-aquarium/sable-et-autres-graviers/81339-quartz-fluo-pour-aquarium-1-kg.html
81331-72803;1453015;182;20170124;https://www.jardiland.com/animaux/poisson/decoration-pour-aquarium/sable-et-autres-graviers/81331-jard-quartz-deco-1kg.html
32424-12380;1386365;182;20170124;https://www.jardiland.com/animaux/poisson/decoration-pour-aquarium/plante-artificielle/32424-decor-pour-aquarium-massif-colore.html
65034-65011;1487307;182;20170124;https://www.jardiland.com/animaux/poisson/aquariums/aquarium-pour-poisson-d-eau-chaude/65034-aquarium-led-confort-60-1.html
65031-78987;1487298;182;20170124;https://www.jardiland.com/animaux/poisson/aquariums/aquarium-pour-poisson-d-eau-froide/65031-aquarium-inwa-start40-pack-pur.html
50849-41361;1405456;182;20170124;https://www.jardiland.com/animaux/poisson/aquariums/aquarium-pour-poisson-d-eau-chaude/50849-aquarium-aquadream-led-100-1.html
43341-42590;1341906;182;20170124;https://www.jardiland.com/animaux/basse-cour/aliments/aliment-pour-volaille/43341-sac-aliment-poule-pondeuse.html
56506-55673;1341897;182;20170124;https://www.jardiland.com/animaux/basse-cour/aliments/aliment-pour-mammifere/56506-sac-aliment-lapin.html
82588-73413;1245961;182;20170124;https://www.jardiland.com/animaux/chat/colliers-laisses-et-harnais/laisse/82588-laisse-chat-basic-line-nylon-1-20m.html
82585-81156;970136;182;20170124;https://www.jardiland.com/animaux/chat/colliers-laisses-et-harnais/collier/82585-collier-chat-fantaisie.html
82550-76231;1478430;182;20170124;https://www.jardiland.com/animaux/chat/jeux-et-jouets/82550-mini-fish-cat-toy.html
31766-23914;730574;182;20170124;https://www.jardiland.com/animaux/chat/arbres-a-chat-et-griffoirs/arbre-a-chat/31766-arbre-a-chat-draco.html
82463-73313;1440183;182;20170124;https://www.jardiland.com/animaux/chat/arbres-a-chat-et-griffoirs/arbre-a-chat/82463-arbre-a-chat-azur-104cm.html
82617-79353;1485197;182;20170124;https://www.jardiland.com/animaux/chat/hygiene-soins-et-litieres/bac-a-litiere-et-maison-de-toilette/82617-maison-de-toilette-nestor-retro.html
82617-76190;1478615;182;20170124;https://www.jardiland.com/animaux/chat/hygiene-soins-et-litieres/bac-a-litiere-et-maison-de-toilette/82617-maison-de-toilette-nestor-retro.html
54400-54110;1431066;182;20170124;https://www.jardiland.com/animaux/chat/alimentation-et-friandises/friandises/54400-ib-canine-friandises.html
82747-74794;1474197;182;20170124;https://www.jardiland.com/animaux/rongeurs-et-petits-mammiferes/aliments-et-friandises/friandise/82747-crunchy-pearls-45g.html
82747-74788;1474195;182;20170124;https://www.jardiland.com/animaux/rongeurs-et-petits-mammiferes/aliments-et-friandises/friandise/82747-crunchy-pearls-45g.html
82747-74781;1474193;182;20170124;https://www.jardiland.com/animaux/rongeurs-et-petits-mammiferes/aliments-et-friandises/friandise/82747-crunchy-pearls-45g.html
82390-72257;1398782;182;20170124;https://www.jardiland.com/animaux/chien/hygiene-et-soins/soin-de-toilettage/82390-jd-brosse-magique.html
50853-50526;1405244;182;20170124;https://www.jardiland.com/animaux/chien/colliers-laisses-et-vetements/laisse-pour-chien/50853-laisse-retractable-cordon-new-classic-bleu.html
81311-76839;1460847;182;20170124;https://www.jardiland.com/animaux/chien/colliers-laisses-et-vetements/harnais/81311-harnais-julius-k9-1.html
81311-76786;1460842;182;20170124;https://www.jardiland.com/animaux/chien/colliers-laisses-et-vetements/harnais/81311-harnais-julius-k9-1.html
81311-76444;1460874;182;20170124;https://www.jardiland.com/animaux/chien/colliers-laisses-et-vetements/harnais/81311-harnais-julius-k9-1.html
81311-76428;1460866;182;20170124;https://www.jardiland.com/animaux/chien/colliers-laisses-et-vetements/harnais/81311-harnais-julius-k9-1.html
32005-13309;1403922;182;20170124;https://www.jardiland.com/animaux/chien/colliers-laisses-et-vetements/accessoires/32005-ceinture-de-jogging.html
82552-76226;1478395;182;20170124;https://www.jardiland.com/animaux/chien/jeux-et-jouets/autres-jouets/82552-kong-marathon-replac-chews-euro.html
82548-76238;1478388;182;20170124;https://www.jardiland.com/animaux/chien/jeux-et-jouets/autres-jouets/82548-kong-marathon-bone-european.html
81638-75739;1483763;182;20170124;https://www.jardiland.com/animaux/chien/jeux-et-jouets/peluche/81638-jouet-peluche-round-circus.html
81637-75741;1483760;182;20170124;https://www.jardiland.com/animaux/chien/jeux-et-jouets/peluche/81637-jouet-peluche-rope-circus-pour-chiens.html
32201-7860;1248203;182;20170124;https://www.jardiland.com/animaux/chien/jeux-et-jouets/jouet-en-caoutchouc-et-latex/32201-haltere-pour-chien-black-purple.html
32176-7288;1225084;182;20170124;https://www.jardiland.com/animaux/chien/jeux-et-jouets/corde/32176-balle-tennis-pour-chien.html
32235-30355;972164;182;20170124;https://www.jardiland.com/animaux/chien/niches-couchage-et-transport/panier-et-sac-de-transport/32235-panier-de-transport-pour-chat-ou-petits-chiens.html
32235-6335;1009956;182;20170124;https://www.jardiland.com/animaux/chien/niches-couchage-et-transport/panier-et-sac-de-transport/32235-panier-de-transport-pour-chat-ou-petits-chiens.html
82451-73267;1442032;182;20170124;https://www.jardiland.com/animaux/chien/niches-couchage-et-transport/tapis/82451-matelas-peluche.html
82451-73266;1442033;182;20170124;https://www.jardiland.com/animaux/chien/niches-couchage-et-transport/tapis/82451-matelas-peluche.html
32230-12595;1391632;182;20170124;https://www.jardiland.com/animaux/chien/niches-couchage-et-transport/coussin-et-matelas/32230-coussin-ovale-ivan.html
82452-73269;1442036;182;20170124;https://www.jardiland.com/animaux/chien/niches-couchage-et-transport/tapis/82452-corbeille-peluche.html
31974-10432;1347694;182;20170124;https://www.jardiland.com/animaux/chien/alimentation-et-friandises/croquette-pour-chien/31974-proplan-dog-duo-delice-poulet.html
82083-74543;1472399;182;20170124;https://www.jardiland.com/animaux/chien/alimentation-et-friandises/friandise-bucco-dentaire/82083-pedigree-dentastix.html
82083-74521;1472400;182;20170124;https://www.jardiland.com/animaux/chien/alimentation-et-friandises/friandise-bucco-dentaire/82083-pedigree-dentastix.html
82083-74520;1472401;182;20170124;https://www.jardiland.com/animaux/chien/alimentation-et-friandises/friandise-bucco-dentaire/82083-pedigree-dentastix.html
83505-79553;1486139;182;20170124;https://www.jardiland.com/animaux/chien/alimentation-et-friandises/os-a-macher/83505-feedeez-os-presse.html
83505-79551;1486142;182;20170124;https://www.jardiland.com/animaux/chien/alimentation-et-friandises/os-a-macher/83505-feedeez-os-presse.html
83505-79549;1486144;182;20170124;https://www.jardiland.com/animaux/chien/alimentation-et-friandises/os-a-macher/83505-feedeez-os-presse.html
83505-79548;1486146;182;20170124;https://www.jardiland.com/animaux/chien/alimentation-et-friandises/os-a-macher/83505-feedeez-os-presse.html
83529-79547;1486152;182;20170124;https://www.jardiland.com/animaux/chien/alimentation-et-friandises/os-a-macher/83529-feedeez-os-noue-blanc.html
83506-79546;1486137;182;20170124;https://www.jardiland.com/animaux/chien/alimentation-et-friandises/friandise-bucco-dentaire/83506-feedeez-os-au-fluor.html
83531-79571;1486155;182;20170124;https://www.jardiland.com/animaux/chien/alimentation-et-friandises/biscuit/83531-feedeez-batonnets-torsades.html
83531-79569;1486154;182;20170124;https://www.jardiland.com/animaux/chien/alimentation-et-friandises/biscuit/83531-feedeez-batonnets-torsades.html
82284-75393;1469341;182;20170124;https://www.jardiland.com/animaux/chien/alimentation-et-friandises/biscuit/82284-feedeez-oreilles-porc.html
31863-12658;1393668;182;20170124;https://www.jardiland.com/animaux/chien/alimentation-et-friandises/croquette-pour-chien/31863-dog-chow-adult-agneau-riz.html
54397-54114;1431054;182;20170124;https://www.jardiland.com/animaux/chien/alimentation-et-friandises/croquette-pour-chien/54397-croquettes-ideal-balance-canine-adulte-poulet-riz-complet.html
54390-54115;1431051;182;20170124;https://www.jardiland.com/animaux/chien/alimentation-et-friandises/croquette-pour-chien/54390-croquettes-ideal-balance-canine-adult-small-breed-au-poulet.html
54398-56048;1431059;182;20170124;https://www.jardiland.com/animaux/chien/alimentation-et-friandises/croquette-pour-chien/54398-croquettes-ideal-balance-canine-adult-no-grain-au-poulet-pommes-de-terre.html
54398-54113;1431058;182;20170124;https://www.jardiland.com/animaux/chien/alimentation-et-friandises/croquette-pour-chien/54398-croquettes-ideal-balance-canine-adult-no-grain-au-poulet-pommes-de-terre.html
82296-72254;1400954;182;20170124;https://www.jardiland.com/animaux/chien/alimentation-et-friandises/croquette-pour-chien/82296-canine-perfect-weight-adult-medium.html
81801-77889;640025;182;20170124;https://www.jardiland.com/amenagement-du-jardin/bassins-et-jardin-aquatique/materiel/81801-tuyau-annele.html
31500-9300;1294748;182;20170124;https://www.jardiland.com/amenagement-du-jardin/pots-bacs-jardinieres-et-supports/en-fibre/31500-plat-rond-en-fibre-dustwood.html
31500-9299;1294746;182;20170124;https://www.jardiland.com/amenagement-du-jardin/pots-bacs-jardinieres-et-supports/en-fibre/31500-plat-rond-en-fibre-dustwood.html
31500-9297;1294742;182;20170124;https://www.jardiland.com/amenagement-du-jardin/pots-bacs-jardinieres-et-supports/en-fibre/31500-plat-rond-en-fibre-dustwood.html
31500-9295;1294740;182;20170124;https://www.jardiland.com/amenagement-du-jardin/pots-bacs-jardinieres-et-supports/en-fibre/31500-plat-rond-en-fibre-dustwood.html
31500-9294;1294739;182;20170124;https://www.jardiland.com/amenagement-du-jardin/pots-bacs-jardinieres-et-supports/en-fibre/31500-plat-rond-en-fibre-dustwood.html
31500-9293;1294735;182;20170124;https://www.jardiland.com/amenagement-du-jardin/pots-bacs-jardinieres-et-supports/en-fibre/31500-plat-rond-en-fibre-dustwood.html
31500-9288;1294728;182;20170124;https://www.jardiland.com/amenagement-du-jardin/pots-bacs-jardinieres-et-supports/en-fibre/31500-plat-rond-en-fibre-dustwood.html
31499-9281;1294712;182;20170124;https://www.jardiland.com/amenagement-du-jardin/pots-bacs-jardinieres-et-supports/en-fibre/31499-plat-carre-en-fibre-dustwood.html
31499-9278;1294708;182;20170124;https://www.jardiland.com/amenagement-du-jardin/pots-bacs-jardinieres-et-supports/en-fibre/31499-plat-carre-en-fibre-dustwood.html
31499-9276;1294705;182;20170124;https://www.jardiland.com/amenagement-du-jardin/pots-bacs-jardinieres-et-supports/en-fibre/31499-plat-carre-en-fibre-dustwood.html
82762-75381;1469467;182;20170124;https://www.jardiland.com/amenagement-du-jardin/pots-bacs-jardinieres-et-supports/en-plastique/82762-soucoupe-jardiniere-romeo.html
82762-75367;1469464;182;20170124;https://www.jardiland.com/amenagement-du-jardin/pots-bacs-jardinieres-et-supports/en-plastique/82762-soucoupe-jardiniere-romeo.html
82762-75366;1469465;182;20170124;https://www.jardiland.com/amenagement-du-jardin/pots-bacs-jardinieres-et-supports/en-plastique/82762-soucoupe-jardiniere-romeo.html
82762-75365;1469466;182;20170124;https://www.jardiland.com/amenagement-du-jardin/pots-bacs-jardinieres-et-supports/en-plastique/82762-soucoupe-jardiniere-romeo.html
82762-73244;1429977;182;20170124;https://www.jardiland.com/amenagement-du-jardin/pots-bacs-jardinieres-et-supports/en-plastique/82762-soucoupe-jardiniere-romeo.html
82762-73243;1429978;182;20170124;https://www.jardiland.com/amenagement-du-jardin/pots-bacs-jardinieres-et-supports/en-plastique/82762-soucoupe-jardiniere-romeo.html
82762-73240;1429972;182;20170124;https://www.jardiland.com/amenagement-du-jardin/pots-bacs-jardinieres-et-supports/en-plastique/82762-soucoupe-jardiniere-romeo.html
82762-73238;1429971;182;20170124;https://www.jardiland.com/amenagement-du-jardin/pots-bacs-jardinieres-et-supports/en-plastique/82762-soucoupe-jardiniere-romeo.html
31542-6794;1017919;182;20170124;https://www.jardiland.com/amenagement-du-jardin/pots-bacs-jardinieres-et-supports/en-plastique/31542-pot-en-resine-cuenco.html
31533-10872;1356160;182;20170124;https://www.jardiland.com/amenagement-du-jardin/pots-bacs-jardinieres-et-supports/en-plastique/31533-plateau-kyoto.html
82758-75373;1469459;182;20170124;https://www.jardiland.com/amenagement-du-jardin/pots-bacs-jardinieres-et-supports/en-plastique/82758-jardiniere-romeo.html
82758-75370;1469457;182;20170124;https://www.jardiland.com/amenagement-du-jardin/pots-bacs-jardinieres-et-supports/en-plastique/82758-jardiniere-romeo.html
82758-75369;1469462;182;20170124;https://www.jardiland.com/amenagement-du-jardin/pots-bacs-jardinieres-et-supports/en-plastique/82758-jardiniere-romeo.html
82758-75368;1469463;182;20170124;https://www.jardiland.com/amenagement-du-jardin/pots-bacs-jardinieres-et-supports/en-plastique/82758-jardiniere-romeo.html
82758-73229;1429953;182;20170124;https://www.jardiland.com/amenagement-du-jardin/pots-bacs-jardinieres-et-supports/en-plastique/82758-jardiniere-romeo.html
51496-51188;1352061;182;20170124;https://www.jardiland.com/amenagement-du-jardin/mobilier-de-jardin/salon-de-jardin/salon-en-bi-matiere/51496-chaise-pliante-thema.html
81166-73952;1208945;182;20170124;https://www.jardiland.com/jardinage/entretien-et-traitements/traitements-des-plantes-et-lutte-bio/autres-traitements/81166-traitement-insectes-et-maladies.html
81703-73655;1251432;182;20170124;https://www.jardiland.com/jardinage/entretien-et-traitements/traitements-des-plantes-et-lutte-bio/lutte-contre-les-maladies/81703-soufre-poudrage-400-gr.html
82129-72795;1379561;182;20170124;https://www.jardiland.com/jardinage/entretien-et-traitements/traitements-des-plantes-et-lutte-bio/lutte-contre-les-insectes/82129-naturen-insecticide-vegetal-polyvalent.html
81702-73131;1434207;182;20170124;https://www.jardiland.com/jardinage/entretien-et-traitements/desherbants/desherbant-gazon/81702-desherbant-gazon-superbix.html
82691-74488;1313937;182;20170124;https://www.jardiland.com/jardinage/entretien-et-traitements/desherbants/anti-mousse/82691-desherbant-anti-repousse.html
32696-53143;1401612;182;20170124;https://www.jardiland.com/jardinage/entretien-et-traitements/engrais/engrais-pour-arbres-et-fleurs-du-jardin/32696-engrais-rosiers-et-arbustes-a-fleurs.html
54379-56246;974784;182;20170124;https://www.jardiland.com/jardinage/entretien-et-traitements/engrais/engrais-universel/54379-engrais-liquide-universel.html
54378-56233;974794;182;20170124;https://www.jardiland.com/jardinage/entretien-et-traitements/engrais/engrais-pour-plantes-d-interieur/54378-engrais-liquide-plantes-vertes-et-ficus.html
82674-72901;1444421;182;20170124;https://www.jardiland.com/jardinage/entretien-et-traitements/engrais/engrais-pour-arbres-et-fleurs-du-jardin/82674-engrais-coniferes-et-arbustes.html
58743-58629;604796;182;20170124;https://www.jardiland.com/jardinage/entretien-et-traitements/engrais/engrais-matieres-premieres/58743-corne-broyee.html
35595-23938;731053;182;20170124;https://www.jardiland.com/plantes/plantes-d-interieur/cactus-et-plantes-grasses/agave/35595-agave-americana.html
82345-78972;1487176;182;20170124;https://www.jardiland.com/plantes/plantes-d-interieur/plantes-vertes/autres-plantes-vertes/82345-plante-verte-mixte.html
36066-29525;948643;182;20170124;https://www.jardiland.com/plantes/plantes-d-interieur/plantes-vertes/nolina-beaucarnea/36066-pied-d-elephant.html
36059-21280;642803;182;20170124;https://www.jardiland.com/plantes/plantes-d-interieur/plantes-vertes/nephrolepis/36059-nephrolepis-exaltata-bostoniensis.html
83571-78970;1488150;182;20170124;https://www.jardiland.com/plantes/plantes-d-interieur/plantes-fleuries/bromeliacees/83571-tillandsia-antonio.html
35837-23746;742535;182;20170124;https://www.jardiland.com/plantes/plantes-d-interieur/plantes-fleuries/spathiphyllum/35837-spathiphyllum-chopin.html
40743-62656;708540;182;20170124;https://www.jardiland.com/plantes/plantes-d-interieur/plantes-fleuries/hortensia/40743-hortensia-bleu-mini-plante.html
35459-26525;864506;182;20170124;https://www.jardiland.com/plantes/bulbes-et-pommes-de-terre/bulbes-potagers-oignons-ail/oignon/35459-oignon-hyred.html
35457-26071;837424;182;20170124;https://www.jardiland.com/plantes/bulbes-et-pommes-de-terre/bulbes-potagers-oignons-ail/oignon/35457-oignon-hercules.html
35447-30778;981106;182;20170124;https://www.jardiland.com/plantes/bulbes-et-pommes-de-terre/bulbes-potagers-oignons-ail/echalote/35447-echalote-biztro.html
35447-30777;981104;182;20170124;https://www.jardiland.com/plantes/bulbes-et-pommes-de-terre/bulbes-potagers-oignons-ail/echalote/35447-echalote-biztro.html
35429-26055;837322;182;20170124;https://www.jardiland.com/plantes/bulbes-et-pommes-de-terre/bulbes-potagers-oignons-ail/ail/35429-ail-rose-de-lautrec.html
35440-6399;1011107;182;20170124;https://www.jardiland.com/plantes/bulbes-et-pommes-de-terre/bulbes-potagers-oignons-ail/ail/35440-ail-gardos.html
35440-6398;1011106;182;20170124;https://www.jardiland.com/plantes/bulbes-et-pommes-de-terre/bulbes-potagers-oignons-ail/ail/35440-ail-gardos.html
35434-26753;860641;182;20170124;https://www.jardiland.com/plantes/bulbes-et-pommes-de-terre/bulbes-potagers-oignons-ail/ail/35434-ail-cledor.html
35435-26750;860638;182;20170124;https://www.jardiland.com/plantes/bulbes-et-pommes-de-terre/bulbes-potagers-oignons-ail/ail/35435-ail-arno.html
35435-26749;860637;182;20170124;https://www.jardiland.com/plantes/bulbes-et-pommes-de-terre/bulbes-potagers-oignons-ail/ail/35435-ail-arno.html
35527-26860;864913;182;20170124;https://www.jardiland.com/plantes/bulbes-et-pommes-de-terre/pommes-de-terre-et-tubercules/pommes-de-terre/35527-pomme-de-terre-tardive-la-violette-pochette.html
41932-26967;865139;182;20170124;https://www.jardiland.com/plantes/bulbes-et-pommes-de-terre/pommes-de-terre-et-tubercules/pommes-de-terre/41932-pomme-de-terre-spunta-sac.html
35533-26865;864924;182;20170124;https://www.jardiland.com/plantes/bulbes-et-pommes-de-terre/pommes-de-terre-et-tubercules/pommes-de-terre/35533-pomme-de-terre-sirtema-pochette.html
35506-26960;865112;182;20170124;https://www.jardiland.com/plantes/bulbes-et-pommes-de-terre/pommes-de-terre-et-tubercules/pommes-de-terre/35506-pomme-de-terre-roseval-sac.html
41929-26950;865093;182;20170124;https://www.jardiland.com/plantes/bulbes-et-pommes-de-terre/pommes-de-terre-et-tubercules/pommes-de-terre/41929-pomme-de-terre-ratte-sac.html
41939-26443;864917;182;20170124;https://www.jardiland.com/plantes/bulbes-et-pommes-de-terre/pommes-de-terre-et-tubercules/pommes-de-terre/41939-pomme-de-terre-ratte-pochette.html
35504-26947;865088;182;20170124;https://www.jardiland.com/plantes/bulbes-et-pommes-de-terre/pommes-de-terre-et-tubercules/pommes-de-terre/35504-pomme-de-terre-pompadour-sac.html
35529-26862;864915;182;20170124;https://www.jardiland.com/plantes/bulbes-et-pommes-de-terre/pommes-de-terre-et-tubercules/pommes-de-terre/35529-pomme-de-terre-pompadour-pochette.html
35528-26861;864914;182;20170124;https://www.jardiland.com/plantes/bulbes-et-pommes-de-terre/pommes-de-terre-et-tubercules/pommes-de-terre/35528-pomme-de-terre-monalisa-pochette.html
41942-26973;865190;182;20170124;https://www.jardiland.com/plantes/bulbes-et-pommes-de-terre/pommes-de-terre-et-tubercules/pommes-de-terre/41942-pomme-de-terre-elodie-pochette.html
41911-26938;865046;182;20170124;https://www.jardiland.com/plantes/bulbes-et-pommes-de-terre/pommes-de-terre-et-tubercules/pommes-de-terre/41911-pomme-de-terre-desiree-sac.html
41906-24899;808264;182;20170124;https://www.jardiland.com/plantes/bulbes-et-pommes-de-terre/pommes-de-terre-et-tubercules/pommes-de-terre/41906-pomme-de-terre-amandine-sac.html
41915-24797;808227;182;20170124;https://www.jardiland.com/plantes/bulbes-et-pommes-de-terre/pommes-de-terre-et-tubercules/pommes-de-terre/41915-pomme-de-terre-agata-sac.html
57057-56904;853604;182;20170124;https://www.jardiland.com/plantes/bulbes-et-pommes-de-terre/bulbes-a-fleurs/narcisse/57057-narcisse-tazetta-scarlet-gem.html
35262-12769;1396550;182;20170124;https://www.jardiland.com/plantes/bulbes-et-pommes-de-terre/bulbes-a-fleurs/jacinthe/35262-jacinthe-aiolos.html
36562-6179;1004056;182;20170124;https://www.jardiland.com/plantes/potager-et-verger/fruitiers/vigne/36562-vigne-muscat-bleu.html
36563-14182;1438088;182;20170124;https://www.jardiland.com/plantes/potager-et-verger/fruitiers/vigne/36563-vigne-muscat-blanc.html
81395-75467;1480977;182;20170124;https://www.jardiland.com/plantes/potager-et-verger/fruitiers/prunier/81395-prunier-nain-goldustr.html
42097-60483;751935;182;20170124;https://www.jardiland.com/plantes/potager-et-verger/fruitiers/prunier/42097-prunier-quetsche-d-alsace.html
42097-18585;597630;182;20170124;https://www.jardiland.com/plantes/potager-et-verger/fruitiers/prunier/42097-prunier-quetsche-d-alsace.html
46085-60371;752001;182;20170124;https://www.jardiland.com/plantes/potager-et-verger/fruitiers/prunier/46085-prunier-mirabelle-de-nancy.html
46085-45040;597607;182;20170124;https://www.jardiland.com/plantes/potager-et-verger/fruitiers/prunier/46085-prunier-mirabelle-de-nancy.html
42082-45679;626587;182;20170124;https://www.jardiland.com/plantes/potager-et-verger/fruitiers/pommier/42082-pommier-royal-galar-tenroy.html
81735-75857;1482094;182;20170124;https://www.jardiland.com/plantes/potager-et-verger/fruitiers/pommier/81735-pommier-apple-me-yellow-golden.html
42083-24572;751798;182;20170124;https://www.jardiland.com/plantes/potager-et-verger/fruitiers/pommier/42083-pommier-starking.html
42078-24566;751689;182;20170124;https://www.jardiland.com/plantes/potager-et-verger/fruitiers/pommier/42078-pommier-reinette-grise-du-canada.html
42078-18642;597271;182;20170124;https://www.jardiland.com/plantes/potager-et-verger/fruitiers/pommier/42078-pommier-reinette-grise-du-canada.html
41992-59434;737484;182;20170124;https://www.jardiland.com/plantes/potager-et-verger/fruitiers/cerisier/41992-cerisier-bigarreau-van.html
41992-16474;583804;182;20170124;https://www.jardiland.com/plantes/potager-et-verger/fruitiers/cerisier/41992-cerisier-bigarreau-van.html
36418-14335;1439767;182;20170124;https://www.jardiland.com/plantes/potager-et-verger/fruitiers/cerisier/36418-cerisier-bigarreau-napoleon.html
41999-24153;737140;182;20170124;https://www.jardiland.com/plantes/potager-et-verger/fruitiers/cerisier/41999-cerisier-bigarreau-geant-d-hedelfingen.html
34512-16185;581838;182;20170124;https://www.jardiland.com/plantes/potager-et-verger/fruitiers/calamondin/34512-calamondin.html
36489-15989;579554;182;20170124;https://www.jardiland.com/plantes/potager-et-verger/fruitiers/kiwi/36489-actinidia-deliciosa-autofertile.html
41978-60383;578854;182;20170124;https://www.jardiland.com/plantes/potager-et-verger/fruitiers/abricotier/41978-abricotier-rouge-tardif-delbard-delmast.html
41973-59441;740192;182;20170124;https://www.jardiland.com/plantes/potager-et-verger/fruitiers/abricotier/41973-abricotier-luizet.html
33949-16800;586317;182;20170124;https://www.jardiland.com/plantes/arbres-et-arbustes-d-ornement/coniferes/cypres-de-leyland/33949-x-cupressocyparis-leylandii-atro.html
34033-53925;578713;182;20170124;https://www.jardiland.com/plantes/arbres-et-arbustes-d-ornement/coniferes/sapin/34033-sapin-de-nordmann.html
33965-39103;636306;182;20170124;https://www.jardiland.com/plantes/arbres-et-arbustes-d-ornement/coniferes/genevrier/33965-juniperus-scopulorum-blue-arrow.html
33979-21000;635818;182;20170124;https://www.jardiland.com/plantes/arbres-et-arbustes-d-ornement/coniferes/genevrier/33979-juniperus-horizontalis-prince-of-wales.html
33974-21089;636300;182;20170124;https://www.jardiland.com/plantes/arbres-et-arbustes-d-ornement/coniferes/genevrier/33974-juniperus-communis-sentinel.html
33903-24118;736069;182;20170124;https://www.jardiland.com/plantes/arbres-et-arbustes-d-ornement/coniferes/cedre/33903-cedrus-libani-glauca.html
33878-60270;1479940;182;20170124;https://www.jardiland.com/plantes/arbres-et-arbustes-d-ornement/buis-et-topiaires/photinia-en-topiaire/33878-photinia-x-fraseri-nana.html
33878-12438;1400000;182;20170124;https://www.jardiland.com/plantes/arbres-et-arbustes-d-ornement/buis-et-topiaires/photinia-en-topiaire/33878-photinia-x-fraseri-nana.html
33847-20831;635745;182;20170124;https://www.jardiland.com/plantes/arbres-et-arbustes-d-ornement/buis-et-topiaires/buis/33847-buis-commun.html
82389-72571;1372620;182;20170124;https://www.jardiland.com/plantes/arbres-et-arbustes-d-ornement/plantes-grimpantes/chevrefeuille/82389-lonicera-sempervirens-john-clayton.html
41587-7507;1232405;182;20170124;https://www.jardiland.com/plantes/arbres-et-arbustes-d-ornement/plantes-grimpantes/lierre/41587-lierre-d-irlande.html
34452-14952;1454461;182;20170124;https://www.jardiland.com/plantes/arbres-et-arbustes-d-ornement/plantes-grimpantes/jasmin/34452-jasmin-d-hiver.html
34441-21010;635869;182;20170124;https://www.jardiland.com/plantes/arbres-et-arbustes-d-ornement/plantes-grimpantes/glycine/34441-glycine-honbeni.html
41702-19711;608667;182;20170124;https://www.jardiland.com/plantes/arbres-et-arbustes-d-ornement/rosiers/rosiers-buissons/41702-rosier-manou-meillandr-meitulimon-polyantha.html
41827-60204;607807;182;20170124;https://www.jardiland.com/plantes/arbres-et-arbustes-d-ornement/rosiers/rosiers-grimpants/41827-rosier-lolita-lempickar-meizincarosar-grandes-fleurs.html
41853-19681;608311;182;20170124;https://www.jardiland.com/plantes/arbres-et-arbustes-d-ornement/rosiers/rosiers-grimpants/41853-rosier-la-sevillanar-meigekanusar-grimpant.html
34979-21155;639410;182;20170124;https://www.jardiland.com/plantes/arbres-et-arbustes-d-ornement/rosiers/rosiers-grimpants/34979-rosier-grimpant-a-grandes-fleurs.html
34199-17439;589551;182;20170124;https://www.jardiland.com/plantes/arbres-et-arbustes-d-ornement/plantes-de-terre-de-bruyere/hortensia/34199-hortensia-paniculata-pink-diamond.html
34672-59390;626493;182;20170124;https://www.jardiland.com/plantes/arbres-et-arbustes-d-ornement/plantes-mediterraneennes/autres-plantes-mediterraneennes/34672-troene-du-japon-texanum.html
34841-26576;851975;182;20170124;https://www.jardiland.com/plantes/arbres-et-arbustes-d-ornement/plantes-mediterraneennes/palmiers/34841-dasylirion-serratifolium.html
33745-7359;1227707;182;20170124;https://www.jardiland.com/plantes/arbres-et-arbustes-d-ornement/arbres-et-arbustes/viburnum/33745-viburnum-x-bodnantense-charles-lamont.html
33712-17794;591785;182;20170124;https://www.jardiland.com/plantes/arbres-et-arbustes-d-ornement/arbres-et-arbustes/troene/33712-troene-dore-de-californie.html
33569-18755;597715;182;20170124;https://www.jardiland.com/plantes/arbres-et-arbustes-d-ornement/arbres-et-arbustes/prunus/33569-prunus-x-blireana.html
46075-50720;597552;182;20170124;https://www.jardiland.com/plantes/arbres-et-arbustes-d-ornement/arbres-et-arbustes/potentille/46075-potentilla-fruticosa-snowbird.html
33559-51250;597505;182;20170124;https://www.jardiland.com/plantes/arbres-et-arbustes-d-ornement/arbres-et-arbustes/potentille/33559-potentilla-fruticosa-jackman-s-variety.html
33557-49790;597493;182;20170124;https://www.jardiland.com/plantes/arbres-et-arbustes-d-ornement/arbres-et-arbustes/potentille/33557-potentilla-fruticosa-goldstar.html
33556-51157;597483;182;20170124;https://www.jardiland.com/plantes/arbres-et-arbustes-d-ornement/arbres-et-arbustes/potentille/33556-potentilla-fruticosa-goldfinger.html
33553-18677;597465;182;20170124;https://www.jardiland.com/plantes/arbres-et-arbustes-d-ornement/arbres-et-arbustes/potentille/33553-potentilla-fruticosa-abbotswood.html
33511-20206;626547;182;20170124;https://www.jardiland.com/plantes/arbres-et-arbustes-d-ornement/arbres-et-arbustes/photinia/33511-photinia-x-fraseri-red-robin.html
33510-22998;693505;182;20170124;https://www.jardiland.com/plantes/arbres-et-arbustes-d-ornement/arbres-et-arbustes/photinia/33510-photinia-x-fraseri-red-robin.html
33505-18195;594758;182;20170124;https://www.jardiland.com/plantes/arbres-et-arbustes-d-ornement/arbres-et-arbustes/perovskia/33505-perovskia-blue-spire.html
33484-39544;724201;182;20170124;https://www.jardiland.com/plantes/arbres-et-arbustes-d-ornement/arbres-et-arbustes/oranger-du-mexique/33484-oranger-du-mexique-goldfinger-limo.html
33539-17917;592703;182;20170124;https://www.jardiland.com/plantes/arbres-et-arbustes-d-ornement/arbres-et-arbustes/pommier-d-ornement/33539-malus-coccinellar-courtarou-pbr.html
33457-38824;592651;182;20170124;https://www.jardiland.com/plantes/arbres-et-arbustes-d-ornement/arbres-et-arbustes/mahonia/33457-mahonia-x-media-charity.html
33446-17853;592166;182;20170124;https://www.jardiland.com/plantes/arbres-et-arbustes-d-ornement/arbres-et-arbustes/lonicera/33446-lonicera-nitida.html
33714-22630;686567;182;20170124;https://www.jardiland.com/plantes/arbres-et-arbustes-d-ornement/arbres-et-arbustes/troene/33714-ligustrum-ovalifolium.html
41531-23014;693608;182;20170124;https://www.jardiland.com/plantes/arbres-et-arbustes-d-ornement/arbres-et-arbustes/laurier-palme/41531-laurier-du-portugal-angustifolia.html
59304-59247;816543;182;20170124;https://www.jardiland.com/plantes/arbres-et-arbustes-d-ornement/arbres-et-arbustes/houx/59304-ilex-aquifolium-madame-briot.html
33327-17316;588921;182;20170124;https://www.jardiland.com/plantes/arbres-et-arbustes-d-ornement/arbres-et-arbustes/hibiscus/33327-hibiscus-syriacus-pink-giantr.html
33330-17327;588965;182;20170124;https://www.jardiland.com/plantes/arbres-et-arbustes-d-ornement/arbres-et-arbustes/hibiscus/33330-hibiscus-syriacus-white-chiffon.html
33328-17321;588939;182;20170124;https://www.jardiland.com/plantes/arbres-et-arbustes-d-ornement/arbres-et-arbustes/hibiscus/33328-hibiscus-syriacus-red-heart.html
33321-16904;588823;182;20170124;https://www.jardiland.com/plantes/arbres-et-arbustes-d-ornement/arbres-et-arbustes/hibiscus/33321-hibiscus-syriacus-diana.html
33190-20831;635745;182;20170124;https://www.jardiland.com/plantes/arbres-et-arbustes-d-ornement/arbres-et-arbustes/erable/33190-erable-champetre.html
33181-22240;670924;182;20170124;https://www.jardiland.com/plantes/arbres-et-arbustes-d-ornement/arbres-et-arbustes/elaeagnus/33181-eleagnus-x-ebbingei.html
33165-44118;586875;182;20170124;https://www.jardiland.com/plantes/arbres-et-arbustes-d-ornement/arbres-et-arbustes/deutzia/33165-deutzia-x-magnifica.html
33143-16738;586091;182;20170124;https://www.jardiland.com/plantes/arbres-et-arbustes-d-ornement/arbres-et-arbustes/cotoneaster/33143-cotoneaster-dammeri-major-var-radicans.html
33119-16320;585676;182;20170124;https://www.jardiland.com/plantes/arbres-et-arbustes-d-ornement/arbres-et-arbustes/cornouiller/33119-cornouiller-blanc-sibirica.html
33121-16664;585632;182;20170124;https://www.jardiland.com/plantes/arbres-et-arbustes-d-ornement/arbres-et-arbustes/cornouiller/33121-cornouiller-blanc-aurea.html
33487-21895;674332;182;20170124;https://www.jardiland.com/plantes/arbres-et-arbustes-d-ornement/arbres-et-arbustes/oranger-du-mexique/33487-choisya-aztec-pearl.html
33079-23346;706217;182;20170124;https://www.jardiland.com/plantes/arbres-et-arbustes-d-ornement/arbres-et-arbustes/charme/33079-charme-commun.html
33075-23000;693524;182;20170124;https://www.jardiland.com/plantes/arbres-et-arbustes-d-ornement/arbres-et-arbustes/ceanothe/33075-ceanothus-thyrsiflorus-skylark.html
33074-16380;583322;182;20170124;https://www.jardiland.com/plantes/arbres-et-arbustes-d-ornement/arbres-et-arbustes/ceanothe/33074-ceanothe-rampant.html
33607-18849;598217;182;20170124;https://www.jardiland.com/plantes/arbres-et-arbustes-d-ornement/arbres-et-arbustes/pyracantha/33607-buisson-ardent-soleil-d-or.html
33603-21049;636119;182;20170124;https://www.jardiland.com/plantes/arbres-et-arbustes-d-ornement/arbres-et-arbustes/pyracantha/33603-buisson-ardent-orange-glow.html
33002-16096;581043;182;20170124;https://www.jardiland.com/plantes/arbres-et-arbustes-d-ornement/arbres-et-arbustes/berberis/33002-berberis-thunbergii-atropurpurea.html
32959-25072;809992;182;20170124;https://www.jardiland.com/plantes/arbres-et-arbustes-d-ornement/arbres-et-arbustes/aubepine/32959-aubepine-paul-s-scarlet.html
