ID_WEB;ID_JDN;CODEMAG;DATE_ASPI;URLPRODUIT
67581-67581;1477654;168;20170121;https://www.jardiland.com/maison-deco/beaute-bien-tre/accessoires/coffret/67581-bouquet-parfume-anti-odeur-salle-d-eau.html
67584-67584;1477651;168;20170121;https://www.jardiland.com/maison-deco/beaute-bien-tre/accessoires/coffret/67584-bouquet-parfume-anti-odeur-cuisine.html
67583-67583;1477652;168;20170121;https://www.jardiland.com/maison-deco/beaute-bien-tre/accessoires/coffret/67583-bouquet-parfume-anti-odeur-animaux.html
68185-68185;1463873;168;20170121;https://www.jardiland.com/maison-deco/epicerie-fine/epicerie-sucree/miel-et-derive/68185-tartinable-190g.html
68186-68186;1463870;168;20170121;https://www.jardiland.com/maison-deco/epicerie-fine/epicerie-sucree/confiserie/68186-sucette-ronde-noel-panache-25g.html
68897-68897;1436110;168;20170121;https://www.jardiland.com/maison-deco/epicerie-fine/epicerie-sucree/confiserie/68897-sucette-ourson-chocolat-35g.html
68896-68896;1436111;168;20170121;https://www.jardiland.com/maison-deco/epicerie-fine/epicerie-sucree/confiserie/68896-sucette-bonhomme-neige-chocolat-35g.html
381-381;1209550;168;20170121;https://www.jardiland.com/maison-deco/epicerie-fine/epicerie-sucree/confiserie/381-seau-d-oursons-guimauve-enrobes-de-chocolat.html
2236-2236;1367544;168;20170121;https://www.jardiland.com/maison-deco/epicerie-fine/epicerie-sucree/biscuit/2236-sables-gourmands-cramberies.html
2235-2235;1367543;168;20170121;https://www.jardiland.com/maison-deco/epicerie-fine/epicerie-sucree/biscuit/2235-sables-gourmands-citron-pavot.html
54587-54587;1436103;168;20170121;https://www.jardiland.com/maison-deco/epicerie-fine/epicerie-sucree/miel-et-derive/54587-coffret-decouverte-5-verrines-de-miel.html
66602-66602;649514;168;20170121;https://www.jardiland.com/maison-deco/librairie-papeterie/librairie/livre-jardin/66602-vivaces-mode-d-emploi.html
68347-68347;1459154;168;20170121;https://www.jardiland.com/maison-deco/librairie-papeterie/librairie/livre-jardin/68347-tomates.html
69422-69422;1423310;168;20170121;https://www.jardiland.com/maison-deco/librairie-papeterie/librairie/livre-jardin/69422-recoltes-abondantes-dans-un-petit-jardin.html
68359-68359;1459142;168;20170121;https://www.jardiland.com/maison-deco/librairie-papeterie/librairie/livre-jardin/68359-que-faire-avec-mon-miel.html
69421-69421;1423311;168;20170121;https://www.jardiland.com/maison-deco/librairie-papeterie/librairie/livre-jardin/69421-purins-d-orties-et-extraits-vegetaux.html
69418-69418;1423315;168;20170121;https://www.jardiland.com/maison-deco/librairie-papeterie/librairie/livre-jardin/69418-premier-rucher-dans-mon-jardin.html
69423-69423;1423309;168;20170121;https://www.jardiland.com/maison-deco/librairie-papeterie/librairie/livre-jardin/69423-plantes-sauvages-comestibles-et-toxiques.html
70621-70621;1390018;168;20170121;https://www.jardiland.com/maison-deco/librairie-papeterie/librairie/livre-jardin/70621-plantes-melliferes-mois-par-mois.html
69432-69432;1423297;168;20170121;https://www.jardiland.com/maison-deco/librairie-papeterie/librairie/livre-jardin/69432-plantes-de-climat-doux.html
68345-68345;1459157;168;20170121;https://www.jardiland.com/maison-deco/librairie-papeterie/librairie/livre-jardin/68345-le-potager-perpetuel.html
71555-71555;1265482;168;20170121;https://www.jardiland.com/maison-deco/librairie-papeterie/librairie/livre-jardin/71555-le-potager-au-naturel.html
68184-68184;1464101;168;20170121;https://www.jardiland.com/maison-deco/librairie-papeterie/librairie/livre-jardin/68184-jardinez-avec-la-lune-2017-1.html
68362-68362;1459139;168;20170121;https://www.jardiland.com/maison-deco/librairie-papeterie/librairie/livre-jardin/68362-jardiner-avec-5-plantes.html
69428-69428;1423302;168;20170121;https://www.jardiland.com/maison-deco/librairie-papeterie/librairie/livre-jardin/69428-hotel-a-insectes.html
68352-68352;1459149;168;20170121;https://www.jardiland.com/maison-deco/librairie-papeterie/librairie/livre-jardin/68352-guide-de-la-couleur-au-jardin.html
69430-69430;1423300;168;20170121;https://www.jardiland.com/maison-deco/librairie-papeterie/librairie/livre-jardin/69430-faire-son-compost.html
68364-68364;1459136;168;20170121;https://www.jardiland.com/maison-deco/librairie-papeterie/librairie/livre-jardin/68364-esprit-debrouille.html
70746-70746;1368152;168;20170121;https://www.jardiland.com/maison-deco/librairie-papeterie/librairie/livre-jardin/70746-diagnostic-et-soins-des-plantes.html
68346-68346;1459156;168;20170121;https://www.jardiland.com/maison-deco/librairie-papeterie/librairie/livre-jardin/68346-des-compagnes-pour-mes-roses.html
59662-59662;1467407;168;20170121;https://www.jardiland.com/maison-deco/librairie-papeterie/librairie/livre-animal/59662-berger-australien.html
65076-65076;992105;168;20170121;https://www.jardiland.com/maison-deco/librairie-papeterie/librairie/livre-jardin/65076-arbustes-mode-d-emploi-2e-ed.html
31327-12268;1394829;168;20170121;https://www.jardiland.com/maison-deco/objets-de-decoration/autres-objets-de-decoration/fruit-et-legume-artificiel/31327-galette-d-assise.html
66193-66193;777631;168;20170121;https://www.jardiland.com/maison-deco/objets-de-decoration/autres-objets-de-decoration/paillasson-et-tapis/66193-brosse-pieds-animaux-herisson.html
51014-51014;1436759;168;20170121;https://www.jardiland.com/maison-deco/objets-de-decoration/rangement-boites-et-paniers/boite-fantaisie/51014-sac-a-main-mika-escampette-rouge-blanc.html
69005-69005;1434073;168;20170121;https://www.jardiland.com/maison-deco/objets-de-decoration/plantes-artificielles/plante-et-fleur/69005-violettes-dans-pot-17cm-violet.html
69003-69003;1434075;168;20170121;https://www.jardiland.com/maison-deco/objets-de-decoration/plantes-artificielles/plante-et-fleur/69003-violettes-dans-pot-17cm-rose.html
69004-69004;1434074;168;20170121;https://www.jardiland.com/maison-deco/objets-de-decoration/plantes-artificielles/plante-et-fleur/69004-violettes-dans-pot-17cm-blanc.html
71549-71549;1274896;168;20170121;https://www.jardiland.com/maison-deco/objets-de-decoration/plantes-artificielles/tige-fleurie/71549-tournesol-jaune-86cm.html
70933-70933;1354246;168;20170121;https://www.jardiland.com/maison-deco/objets-de-decoration/plantes-artificielles/tige-fleurie/70933-tige-retombante-cerisier-124cm.html
70428-70428;1395665;168;20170121;https://www.jardiland.com/maison-deco/objets-de-decoration/plantes-artificielles/tige-fleurie/70428-tige-branche-ficus-panache.html
70943-70943;1354118;168;20170121;https://www.jardiland.com/maison-deco/objets-de-decoration/plantes-artificielles/tige-fleurie/70943-tige-31cm-anemone.html
68967-68967;1434084;168;20170121;https://www.jardiland.com/maison-deco/objets-de-decoration/plantes-artificielles/tige-fleurie/68967-phalaeno-blanc-65cm.html
71141-71141;1337624;168;20170121;https://www.jardiland.com/maison-deco/objets-de-decoration/plantes-artificielles/bouquet-et-composition/71141-pensees-dans-pot-en-papier-20cm.html
69002-69002;1434082;168;20170121;https://www.jardiland.com/maison-deco/objets-de-decoration/plantes-artificielles/plante-et-fleur/69002-mini-succulentes-asstx4-pot-verre-rond.html
69001-69001;1434083;168;20170121;https://www.jardiland.com/maison-deco/objets-de-decoration/plantes-artificielles/plante-et-fleur/69001-mini-succulentes-asstx4-pot-verre-carre.html
69014-69014;1434045;168;20170121;https://www.jardiland.com/maison-deco/objets-de-decoration/plantes-artificielles/plante-et-fleur/69014-lierre-petite-chute-146f-43cm-panache.html
69010-69010;1434050;168;20170121;https://www.jardiland.com/maison-deco/objets-de-decoration/plantes-artificielles/plante-et-fleur/69010-lierre-guirlande-vert-98f-180cm.html
69011-69011;1434049;168;20170121;https://www.jardiland.com/maison-deco/objets-de-decoration/plantes-artificielles/plante-et-fleur/69011-lierre-guirlande-panache-98f-180cm.html
69012-69012;1434047;168;20170121;https://www.jardiland.com/maison-deco/objets-de-decoration/plantes-artificielles/plante-et-fleur/69012-lierre-chute-303f-1m30-vert.html
69015-69015;1434044;168;20170121;https://www.jardiland.com/maison-deco/objets-de-decoration/plantes-artificielles/plante-et-fleur/69015-lierre-chute-303f-1m30-panache.html
69013-69013;1434046;168;20170121;https://www.jardiland.com/maison-deco/objets-de-decoration/plantes-artificielles/plante-et-fleur/69013-lierre-chute-244f-1m-vert.html
71550-71550;1274838;168;20170121;https://www.jardiland.com/maison-deco/objets-de-decoration/plantes-artificielles/plante-et-fleur/71550-fougere-boston-vert-22-feuilles-53cm.html
68786-68786;1439892;168;20170121;https://www.jardiland.com/maison-deco/objets-de-decoration/plantes-artificielles/tige-fleurie/68786-fagot-branche-bouleau-90-cm.html
68787-68787;1439891;168;20170121;https://www.jardiland.com/maison-deco/objets-de-decoration/plantes-artificielles/tige-fleurie/68787-fagot-branche-bouleau-69-cm.html
68785-68785;1439893;168;20170121;https://www.jardiland.com/maison-deco/objets-de-decoration/plantes-artificielles/tige-fleurie/68785-fagot-branche-bouleau-150-cm.html
69028-69028;1434009;168;20170121;https://www.jardiland.com/maison-deco/objets-de-decoration/plantes-artificielles/tige-fleurie/69028-clematite-tige-x3-fl-fuchsia-85cm.html
69029-69029;1434008;168;20170121;https://www.jardiland.com/maison-deco/objets-de-decoration/plantes-artificielles/tige-fleurie/69029-clematite-tige-x3-fl-blanc-85cm.html
71146-71146;1337157;168;20170121;https://www.jardiland.com/maison-deco/objets-de-decoration/plantes-artificielles/plante-et-fleur/71146-chute-tradescantia-286f-60cm-2-clrs.html
71140-71140;1337663;168;20170121;https://www.jardiland.com/maison-deco/objets-de-decoration/plantes-artificielles/tige-fleurie/71140-branche-mimosa-76cm-av-5-tiges-jaune.html
69793-69793;1414131;168;20170121;https://www.jardiland.com/maison-deco/objets-de-decoration/plantes-artificielles/bouquet-et-composition/69793-bqt-rose-hydrangea-30-cm-marron-orange.html
71914-71914;1218158;168;20170121;https://www.jardiland.com/maison-deco/objets-de-decoration/plantes-artificielles/plante-et-fleur/71914-boule-herbe-d22cm.html
70664-70664;1382987;168;20170121;https://www.jardiland.com/maison-deco/objets-de-decoration/plantes-artificielles/tige-fleurie/70664-bambou-80cm.html
69026-69026;1434012;168;20170121;https://www.jardiland.com/maison-deco/objets-de-decoration/plantes-artificielles/tige-fleurie/69026-asparagus-bouquet-114cm.html
70937-70937;1354215;168;20170121;https://www.jardiland.com/maison-deco/objets-de-decoration/plantes-artificielles/plante-et-fleur/70937-agave-x-2-plants-pot-d22-h-75cm-green.html
69104-69104;1433109;168;20170121;https://www.jardiland.com/maison-deco/objets-de-decoration/vases-coupes-et-accessoires/pot-et-coupe/69104-pot-aromates-4-ast.html
66605-66605;644387;168;20170121;https://www.jardiland.com/maison-deco/objets-de-decoration/bougies-et-senteurs/accessoires-pour-encens/66605-support-35-cm.html
67578-67578;1477657;168;20170121;https://www.jardiland.com/maison-deco/objets-de-decoration/bougies-et-senteurs/parfum-d-ambiance-diffuseur-a-froid/67578-recharge-anti-odeur-200ml-tabac.html
67577-67577;1477658;168;20170121;https://www.jardiland.com/maison-deco/objets-de-decoration/bougies-et-senteurs/parfum-d-ambiance-diffuseur-a-froid/67577-recharge-anti-odeur-200ml-salle-d-eau.html
67580-67580;1477655;168;20170121;https://www.jardiland.com/maison-deco/objets-de-decoration/bougies-et-senteurs/parfum-d-ambiance-diffuseur-a-froid/67580-recharge-anti-odeur-200ml-cuisine.html
67579-67579;1477656;168;20170121;https://www.jardiland.com/maison-deco/objets-de-decoration/bougies-et-senteurs/parfum-d-ambiance-diffuseur-a-froid/67579-recharge-anti-odeur-200ml-animaux.html
32918-55701;1320687;168;20170121;https://www.jardiland.com/maison-deco/objets-de-decoration/bougies-et-senteurs/parfum-d-ambiance-diffuseur-a-froid/32918-parfum-goatier-cocoon.html
68686-68686;1449274;168;20170121;https://www.jardiland.com/maison-deco/objets-de-decoration/bougies-et-senteurs/diffuseur-de-parfum-et-recharge/68686-brule-parfum-blanc-pack-de-3-bruleurs.html
70254-70254;1402883;168;20170121;https://www.jardiland.com/maison-deco/objets-de-decoration/bougies-et-senteurs/parfum-d-ambiance-diffuseur-a-froid/70254-bouquet-parfume-cube-zeste-de-verveine.html
68902-68902;1434903;168;20170121;https://www.jardiland.com/maison-deco/objets-de-decoration/bougies-et-senteurs/bougie-parfumee/68902-bougie-de-jardin-628g-pomme-verte.html
989-989;1308127;168;20170121;https://www.jardiland.com/animaux/oiseau-de-la-nature/mangeoire-et-distributeur/989-mangeoire-sur-pied-beaute-d-ebene.html
32327-14467;1440435;168;20170121;https://www.jardiland.com/animaux/oiseau-de-la-nature/alimentation/32327-cylindre-de-graisse-pour-oiseaux.html
66866-66866;538822;168;20170121;https://www.jardiland.com/animaux/oiseau/hygiene-et-soins/soin-de-l-animal/66866-vitaperruche.html
66867-66867;538817;168;20170121;https://www.jardiland.com/animaux/oiseau/hygiene-et-soins/soin-de-l-animal/66867-special-bain-flacon-24ml.html
68860-68860;1437656;168;20170121;https://www.jardiland.com/animaux/oiseau/hygiene-et-soins/soin-de-l-animal/68860-poudre-insectifuge-oiseaux-150g.html
67138-67138;1487292;168;20170121;https://www.jardiland.com/animaux/oiseau/hygiene-et-soins/soin-de-l-animal/67138-pou-net-oiseaux-de-cage-100ml.html
68865-68865;1437547;168;20170121;https://www.jardiland.com/animaux/oiseau/cages-volieres-et-accessoires/equipement-de-cage-et-voliere/68865-tetines-des-suspendus-gd-perruch.html
68812-68812;1439346;168;20170121;https://www.jardiland.com/animaux/oiseau/alimentation-et-friandises/friandise/68812-prest-sp-perroquets-exotic-nuts-750g.html
68811-68811;1439347;168;20170121;https://www.jardiland.com/animaux/oiseau/alimentation-et-friandises/friandise/68811-prest-sp-perroquets-exotic-light750g.html
68809-68809;1439349;168;20170121;https://www.jardiland.com/animaux/oiseau/alimentation-et-friandises/friandise/68809-prest-sp-perroquet-exotic-fruit-600g.html
68816-68816;1439339;168;20170121;https://www.jardiland.com/animaux/oiseau/alimentation-et-friandises/alimentation-quotidienne/68816-prest-loro-parq-amazon-parrot-mix-1kg.html
68817-68817;1439338;168;20170121;https://www.jardiland.com/animaux/oiseau/alimentation-et-friandises/alimentation-quotidienne/68817-prest-loro-parq-african-parrot-mix1kg.html
68815-68815;1439342;168;20170121;https://www.jardiland.com/animaux/oiseau/alimentation-et-friandises/alimentation-quotidienne/68815-prest-loro-parq-african-parakeet-1kg.html
42197-42197;538531;168;20170121;https://www.jardiland.com/animaux/oiseau/alimentation-et-friandises/friandise/42197-patee-ravivant-la-couleur-100-g.html
66869-66869;538537;168;20170121;https://www.jardiland.com/animaux/oiseau/alimentation-et-friandises/complement-nutritionnel/66869-orlux-gold-patee-colorante-250g.html
42191-42191;870211;168;20170121;https://www.jardiland.com/animaux/oiseau/alimentation-et-friandises/complement-nutritionnel/42191-millet-en-grappe.html
53594-53594;538385;168;20170121;https://www.jardiland.com/animaux/oiseau/alimentation-et-friandises/alimentation-quotidienne/53594-melange-australian-pour-grande-perruche.html
42188-42188;538382;168;20170121;https://www.jardiland.com/animaux/oiseau/alimentation-et-friandises/alimentation-quotidienne/42188-melange-african-pour-agapornis.html
43353-53085;538454;168;20170121;https://www.jardiland.com/animaux/oiseau/alimentation-et-friandises/friandise/43353-kracker-australi-g-perruche-x2-1.html
67135-67135;1487413;168;20170121;https://www.jardiland.com/animaux/oiseau/alimentation-et-friandises/friandise/67135-crunchy-cake-x12-miel-fruits.html
43355-42969;686427;168;20170121;https://www.jardiland.com/animaux/oiseau/alimentation-et-friandises/friandise/43355-baguette-kracker-perruche-x3-1.html
43355-42752;538466;168;20170121;https://www.jardiland.com/animaux/oiseau/alimentation-et-friandises/friandise/43355-baguette-kracker-perruche-x3-1.html
43355-42751;538462;168;20170121;https://www.jardiland.com/animaux/oiseau/alimentation-et-friandises/friandise/43355-baguette-kracker-perruche-x3-1.html
43354-42761;538453;168;20170121;https://www.jardiland.com/animaux/oiseau/alimentation-et-friandises/friandise/43354-baguette-kracker-exotique-x2-1.html
43352-42759;538451;168;20170121;https://www.jardiland.com/animaux/oiseau/alimentation-et-friandises/friandise/43352-baguette-kracker-canari-x3-1.html
43352-42757;538447;168;20170121;https://www.jardiland.com/animaux/oiseau/alimentation-et-friandises/friandise/43352-baguette-kracker-canari-x3-1.html
43352-42755;538441;168;20170121;https://www.jardiland.com/animaux/oiseau/alimentation-et-friandises/friandise/43352-baguette-kracker-canari-x3-1.html
42192-42192;538442;168;20170121;https://www.jardiland.com/animaux/oiseau/alimentation-et-friandises/friandise/42192-baguette-kracker-canari-x2-color.html
43351-53032;538444;168;20170121;https://www.jardiland.com/animaux/oiseau/alimentation-et-friandises/friandise/43351-baguette-kracker-canari-x2-1.html
43351-42758;538449;168;20170121;https://www.jardiland.com/animaux/oiseau/alimentation-et-friandises/friandise/43351-baguette-kracker-canari-x2-1.html
67401-67401;1480312;168;20170121;https://www.jardiland.com/animaux/poisson/entretien-et-soins/produit-pour-plante/67401-jbl-co2-bout-500g-jetable.html
485-485;1239038;168;20170121;https://www.jardiland.com/animaux/poisson/entretien-et-soins/produit-pour-poisson/485-gastrobac.html
68267-68267;1463242;168;20170121;https://www.jardiland.com/animaux/poisson/materiel-chauffage-filtres-et-pompes/aeration/68267-ventouses-tuyau-a-air-x4-1.html
68269-68269;1463240;168;20170121;https://www.jardiland.com/animaux/poisson/materiel-chauffage-filtres-et-pompes/aeration/68269-tuyau-a-air-cristal-2-5m.html
68266-68266;1463243;168;20170121;https://www.jardiland.com/animaux/poisson/materiel-chauffage-filtres-et-pompes/chauffage/68266-thermometre-de-precision.html
71326-71326;1305222;168;20170121;https://www.jardiland.com/animaux/poisson/materiel-chauffage-filtres-et-pompes/masse-de-filtration/71326-tetra-easy-crystal-filterpack-c100-1.html
32483-15281;543401;168;20170121;https://www.jardiland.com/animaux/poisson/materiel-chauffage-filtres-et-pompes/eclairage/32483-reflecteur.html
32483-14820;543403;168;20170121;https://www.jardiland.com/animaux/poisson/materiel-chauffage-filtres-et-pompes/eclairage/32483-reflecteur.html
68889-68889;1436798;168;20170121;https://www.jardiland.com/animaux/poisson/materiel-chauffage-filtres-et-pompes/filtre-interieur/68889-new-rena-superclean-90-1.html
68890-68890;1436797;168;20170121;https://www.jardiland.com/animaux/poisson/materiel-chauffage-filtres-et-pompes/filtre-interieur/68890-new-rena-superclean-60-1.html
68891-68891;1436795;168;20170121;https://www.jardiland.com/animaux/poisson/materiel-chauffage-filtres-et-pompes/filtre-interieur/68891-new-rena-superclean-20-1.html
68888-68888;1436799;168;20170121;https://www.jardiland.com/animaux/poisson/materiel-chauffage-filtres-et-pompes/filtre-interieur/68888-new-rena-superclean-120-1.html
42203-42203;837357;168;20170121;https://www.jardiland.com/animaux/poisson/materiel-chauffage-filtres-et-pompes/masse-de-filtration/42203-mousse-pre-filtration-coussin-ouate-professionel-3-1.html
68777-68777;1440479;168;20170121;https://www.jardiland.com/animaux/poisson/materiel-chauffage-filtres-et-pompes/masse-de-filtration/68777-mousse-foam-taille-m-x1-1.html
68880-68880;1436811;168;20170121;https://www.jardiland.com/animaux/poisson/materiel-chauffage-filtres-et-pompes/masse-de-filtration/68880-mousse-90-120-30ppi.html
68882-68882;1436809;168;20170121;https://www.jardiland.com/animaux/poisson/materiel-chauffage-filtres-et-pompes/masse-de-filtration/68882-mousse-30ppi.html
3769-3769;543867;168;20170121;https://www.jardiland.com/animaux/poisson/materiel-chauffage-filtres-et-pompes/nettoyage-aquarium/3769-jbl-gant-de-nettoyage.html
222-222;1014905;168;20170121;https://www.jardiland.com/animaux/poisson/materiel-chauffage-filtres-et-pompes/autres-accessoires/222-jbl-artemiomix.html
67605-67605;1476253;168;20170121;https://www.jardiland.com/animaux/poisson/materiel-chauffage-filtres-et-pompes/chauffage/67605-jard-thermometre-digital-exterieur.html
67548-67548;1477965;168;20170121;https://www.jardiland.com/animaux/poisson/materiel-chauffage-filtres-et-pompes/nettoyage-aquarium/67548-jard-siphon.html
67549-67549;1477960;168;20170121;https://www.jardiland.com/animaux/poisson/materiel-chauffage-filtres-et-pompes/aeration/67549-jard-repartiteur-2-sorties-x2-1.html
67606-67606;1476251;168;20170121;https://www.jardiland.com/animaux/poisson/materiel-chauffage-filtres-et-pompes/nettoyage-aquarium/67606-jard-aspirateur-a-piles.html
67626-67626;1475840;168;20170121;https://www.jardiland.com/animaux/poisson/materiel-chauffage-filtres-et-pompes/aeration/67626-jard-valve-anti-retour.html
43364-52937;892220;168;20170121;https://www.jardiland.com/animaux/poisson/materiel-chauffage-filtres-et-pompes/masse-de-filtration/43364-ehfimech.html
54385-54352;739270;168;20170121;https://www.jardiland.com/animaux/poisson/materiel-chauffage-filtres-et-pompes/masse-de-filtration/54385-dose-api-crystal-3-1.html
68677-68677;1450118;168;20170121;https://www.jardiland.com/animaux/poisson/materiel-chauffage-filtres-et-pompes/aeration/68677-diffuseur-air-flexib-rect-40cm.html
68883-68883;1436805;168;20170121;https://www.jardiland.com/animaux/poisson/materiel-chauffage-filtres-et-pompes/masse-de-filtration/68883-crystal-90-120-x6-1.html
68884-68884;1436804;168;20170121;https://www.jardiland.com/animaux/poisson/materiel-chauffage-filtres-et-pompes/masse-de-filtration/68884-crystal-90-120-x2-1.html
68885-68885;1436802;168;20170121;https://www.jardiland.com/animaux/poisson/materiel-chauffage-filtres-et-pompes/masse-de-filtration/68885-crystal-40-60-x2-1.html
68886-68886;1436801;168;20170121;https://www.jardiland.com/animaux/poisson/materiel-chauffage-filtres-et-pompes/masse-de-filtration/68886-crystal-20-x6-1.html
68887-68887;1436800;168;20170121;https://www.jardiland.com/animaux/poisson/materiel-chauffage-filtres-et-pompes/masse-de-filtration/68887-crystal-20-x2-1.html
70559-70559;1393809;168;20170121;https://www.jardiland.com/animaux/poisson/materiel-chauffage-filtres-et-pompes/eclairage/70559-controleur-ultra-seal-25-30w-acu30x.html
32531-15318;543748;168;20170121;https://www.jardiland.com/animaux/poisson/materiel-chauffage-filtres-et-pompes/masse-de-filtration/32531-charbon-de-filtration-actikool.html
68776-68776;1440485;168;20170121;https://www.jardiland.com/animaux/poisson/materiel-chauffage-filtres-et-pompes/masse-de-filtration/68776-cartouches-waterclear-taille-m-x1-1.html
68866-68866;1437453;168;20170121;https://www.jardiland.com/animaux/poisson/materiel-chauffage-filtres-et-pompes/masse-de-filtration/68866-cartouche-waterclear-taille-s-x2-1.html
70210-70210;1407977;168;20170121;https://www.jardiland.com/animaux/poisson/decoration-pour-aquarium/plante-artificielle/70210-plantes-pm-display.html
68667-68667;1453039;168;20170121;https://www.jardiland.com/animaux/poisson/decoration-pour-aquarium/sable-et-autres-graviers/68667-jard-sable-blanc-fin-3l.html
68668-68668;1453038;168;20170121;https://www.jardiland.com/animaux/poisson/decoration-pour-aquarium/sable-et-autres-graviers/68668-jard-sable-blanc-fin-15kg.html
70214-70214;1405229;168;20170121;https://www.jardiland.com/animaux/poisson/decoration-pour-aquarium/decoration-d-aquarium/70214-giant-rock-xxxl.html
68674-68674;1451105;168;20170121;https://www.jardiland.com/animaux/poisson/decoration-pour-aquarium/plante-artificielle/68674-display-decor-colore-ass.html
68675-68675;1451101;168;20170121;https://www.jardiland.com/animaux/poisson/decoration-pour-aquarium/plante-artificielle/68675-display-arbre-vert-mm.html
70774-70774;1365613;168;20170121;https://www.jardiland.com/animaux/poisson/decoration-pour-aquarium/plante-artificielle/70774-display-arbre-gm-par-26-1.html
68691-68691;1445590;168;20170121;https://www.jardiland.com/animaux/poisson/decoration-pour-aquarium/plante-artificielle/68691-decors-assortis.html
68264-68264;1463828;168;20170121;https://www.jardiland.com/animaux/poisson/decoration-pour-aquarium/decoration-d-aquarium/68264-decor-soldier-skull.html
651-651;1252870;168;20170121;https://www.jardiland.com/animaux/poisson/decoration-pour-aquarium/decoration-d-aquarium/651-decor-pour-aquarium-diffuseur-boudha-bambou.html
70150-70150;1408758;168;20170121;https://www.jardiland.com/animaux/poisson/decoration-pour-aquarium/plante-artificielle/70150-decor-marin-bambou.html
68199-68199;1463850;168;20170121;https://www.jardiland.com/animaux/poisson/decoration-pour-aquarium/decor-enfant/68199-decor-coral-reef-ml.html
68197-68197;1463852;168;20170121;https://www.jardiland.com/animaux/poisson/decoration-pour-aquarium/decor-enfant/68197-decor-coral-module-m1-1.html
68193-68193;1463856;168;20170121;https://www.jardiland.com/animaux/poisson/decoration-pour-aquarium/decor-enfant/68193-decor-coral-module-l3-1.html
68261-68261;1463831;168;20170121;https://www.jardiland.com/animaux/poisson/decoration-pour-aquarium/decoration-d-aquarium/68261-decor-chimpanzee.html
68202-68202;1463844;168;20170121;https://www.jardiland.com/animaux/poisson/decoration-pour-aquarium/decoration-d-aquarium/68202-decor-buddha-s.html
68970-68970;1463814;168;20170121;https://www.jardiland.com/animaux/poisson/decoration-pour-aquarium/decoration-d-aquarium/68970-decor-balinese-lion.html
67553-67553;1477827;168;20170121;https://www.jardiland.com/animaux/poisson/decoration-pour-aquarium/plante-artificielle/67553-cabomba-mm.html
67556-67556;1477821;168;20170121;https://www.jardiland.com/animaux/poisson/decoration-pour-aquarium/plante-artificielle/67556-buisson-fleur-rouge.html
5671-5671;936979;168;20170121;https://www.jardiland.com/animaux/poisson/aquariums/aquarium-decoratif/5671-aquarium-betta-kit-zen-grand-modele.html
50849-41361;1405456;168;20170121;https://www.jardiland.com/animaux/poisson/aquariums/aquarium-pour-poisson-d-eau-chaude/50849-aquarium-aquadream-led-100-1.html
67404-67404;1480249;168;20170121;https://www.jardiland.com/animaux/poisson/alimentation/pour-poisson-d-eau-chaude/67404-tetra-betta-larvasticks-85-ml.html
5190-5190;951562;168;20170121;https://www.jardiland.com/animaux/poisson/alimentation/distributeur-d-aliment/5190-distributeur-automatique-de-nourriture-juwel.html
56771-56771;1437537;168;20170121;https://www.jardiland.com/animaux/basse-cour/poulaillers-clapiers-et-accessoires/poulailler/56771-poulailler-nevada-extend.html
70674-70674;1381870;168;20170121;https://www.jardiland.com/animaux/basse-cour/poulaillers-clapiers-et-accessoires/mangeoire-et-abreuvoir/70674-mangeoire-plast-poussin-30cm.html
68256-68256;1465507;168;20170121;https://www.jardiland.com/animaux/basse-cour/aliments/complement-nutritionnel/68256-pack-vers-o-net-volaille-2x250ml.html
68369-68369;1458563;168;20170121;https://www.jardiland.com/animaux/chat/soins-antiparasitaires/vermifuge/68369-vers-o-net-chat-15-comprimes.html
31802-15209;542907;168;20170121;https://www.jardiland.com/animaux/chat/colliers-laisses-et-harnais/laisse/31802-laisse-pour-chat-tete-de-chat.html
31804-15208;542906;168;20170121;https://www.jardiland.com/animaux/chat/colliers-laisses-et-harnais/laisse/31804-laisse-pour-chat-poisson.html
31801-15213;542912;168;20170121;https://www.jardiland.com/animaux/chat/colliers-laisses-et-harnais/laisse/31801-laisse-pour-chat-carnaval.html
67632-67632;1475537;168;20170121;https://www.jardiland.com/animaux/chat/jeux-et-jouets/67632-jouet-mad-cap-go-buggy.html
68378-68378;1457712;168;20170121;https://www.jardiland.com/animaux/chat/jeux-et-jouets/68378-bobine-de-laine-balle.html
70534-70534;1394712;168;20170121;https://www.jardiland.com/animaux/chat/arbres-a-chat-et-griffoirs/arbre-a-chat/70534-arbre-chat-helico-deluxe-theme.html
31770-12374;1386353;168;20170121;https://www.jardiland.com/animaux/chat/arbres-a-chat-et-griffoirs/arbre-a-chat/31770-arbre-a-chat-twist.html
68783-68783;1440198;168;20170121;https://www.jardiland.com/animaux/chat/arbres-a-chat-et-griffoirs/arbre-a-chat/68783-arbre-a-chat-pyramide-104cm.html
2283-2283;1373537;168;20170121;https://www.jardiland.com/animaux/chat/arbres-a-chat-et-griffoirs/arbre-a-chat/2283-arbre-a-chat-pesaro-anthracite-104-cm.html
67259-67259;1484935;168;20170121;https://www.jardiland.com/animaux/chat/arbres-a-chat-et-griffoirs/arbre-a-chat/67259-arbre-a-chat-north-dakota-gris.html
31766-23914;730574;168;20170121;https://www.jardiland.com/animaux/chat/arbres-a-chat-et-griffoirs/arbre-a-chat/31766-arbre-a-chat-draco.html
31766-9691;1307389;168;20170121;https://www.jardiland.com/animaux/chat/arbres-a-chat-et-griffoirs/arbre-a-chat/31766-arbre-a-chat-draco.html
31772-41501;970190;168;20170121;https://www.jardiland.com/animaux/chat/arbres-a-chat-et-griffoirs/arbre-a-chat/31772-arbre-a-chat-batman.html
5639-5639;970187;168;20170121;https://www.jardiland.com/animaux/chat/arbres-a-chat-et-griffoirs/arbre-a-chat/5639-arbre-a-chat-azur-bleuagris.html
68857-68857;1437724;168;20170121;https://www.jardiland.com/animaux/chat/hygiene-soins-et-litieres/desodorisant-litiere/68857-urine-stop-600ml.html
67399-67399;1480979;168;20170121;https://www.jardiland.com/animaux/chat/hygiene-soins-et-litieres/litiere/67399-smooz-litiere-veget-mais-chat-10l.html
46098-44157;1437312;168;20170121;https://www.jardiland.com/animaux/chat/hygiene-soins-et-litieres/bac-a-litiere-et-maison-de-toilette/46098-maison-de-toilette-nestor-twilight.html
40926-40926;966579;168;20170121;https://www.jardiland.com/animaux/chat/hygiene-soins-et-litieres/bac-a-litiere-et-maison-de-toilette/40926-maison-de-toilette-cat-s-fashion-funny.html
42162-42162;1403576;168;20170121;https://www.jardiland.com/animaux/chat/hygiene-soins-et-litieres/litiere/42162-litiere-magic-clean-8e4-l.html
5849-5849;974148;168;20170121;https://www.jardiland.com/animaux/chat/hygiene-soins-et-litieres/litiere/5849-litiere-magic-clean-2-mois.html
42163-42163;1416387;168;20170121;https://www.jardiland.com/animaux/chat/hygiene-soins-et-litieres/litiere/42163-litiere-compact-supra-10-l.html
67608-67608;1476199;168;20170121;https://www.jardiland.com/animaux/chat/hygiene-soins-et-litieres/soins-pour-chat/67608-feliway-friends-recharge-48ml.html
67609-67609;1476198;168;20170121;https://www.jardiland.com/animaux/chat/hygiene-soins-et-litieres/soins-pour-chat/67609-feliway-friends-diffuseur-recharge-48ml.html
68856-68856;1437725;168;20170121;https://www.jardiland.com/animaux/chat/hygiene-soins-et-litieres/desodorisant-litiere/68856-detergent-desinfectant-ecolo-1l.html
68855-68855;1437726;168;20170121;https://www.jardiland.com/animaux/chat/hygiene-soins-et-litieres/desodorisant-litiere/68855-detergent-desinfectant-ecolo-spray-750ml.html
2289-2289;1373563;168;20170121;https://www.jardiland.com/animaux/chat/gamelles-ecuelles-et-distributeurs/distributeur-d-eau-et-croquette/2289-cartouches-pour-fontaine-sense.html
40898-40898;1406759;168;20170121;https://www.jardiland.com/animaux/chat/alimentation-et-friandises/boite-et-sachet-fraicheur/40898-royal-canin-ultra-light-jelly-x12-1.html
31741-26109;837977;168;20170121;https://www.jardiland.com/animaux/chat/alimentation-et-friandises/croquette-pour-chat/31741-royal-canin-pure-feline-n-01-beauty.html
70151-70151;1408756;168;20170121;https://www.jardiland.com/animaux/chat/alimentation-et-friandises/boite-et-sachet-fraicheur/70151-kitten-sachet-dinde-et-poulet-12x85g.html
54400-54110;1431066;168;20170121;https://www.jardiland.com/animaux/chat/alimentation-et-friandises/friandises/54400-ib-canine-friandises.html
67624-67624;1475952;168;20170121;https://www.jardiland.com/animaux/chat/alimentation-et-friandises/boite-et-sachet-fraicheur/67624-feline-perfect-weight-multipack-12x85g.html
59649-59649;868527;168;20170121;https://www.jardiland.com/animaux/rongeurs-et-petits-mammiferes/hygiene-et-soins/soin-de-toilettage/59649-shampooing-pour-lapin.html
2672-2672;1414756;168;20170121;https://www.jardiland.com/animaux/rongeurs-et-petits-mammiferes/hygiene-et-soins/litiere/2672-paille-pour-rongeurs.html
5792-5792;970723;168;20170121;https://www.jardiland.com/animaux/rongeurs-et-petits-mammiferes/habitats-cages-et-accessoires/cage/5792-cage-lapin-nero-3-deluxe.html
68370-68370;1458562;168;20170121;https://www.jardiland.com/animaux/chien/soins-antiparasitaires/vermifuge/68370-vers-o-net-chien-30-comprimes.html
58005-58005;1441559;168;20170121;https://www.jardiland.com/animaux/chien/soins-antiparasitaires/antiparasitaire-pour-l-habitat/58005-spray-insectifuge-de-l-habitat.html
67952-67952;1472492;168;20170121;https://www.jardiland.com/animaux/chien/soins-antiparasitaires/accessoires-antiparasitaires/67952-peigne-plastique-a-puce.html
68989-68989;1441698;168;20170121;https://www.jardiland.com/animaux/chien/soins-antiparasitaires/insecticide/68989-e-shampooing-chat-et-chien-250ml.html
68858-68858;1437723;168;20170121;https://www.jardiland.com/animaux/chien/soins-antiparasitaires/insectifuge/68858-e-shampooing-2en1-vanille-250ml.html
68859-68859;1437722;168;20170121;https://www.jardiland.com/animaux/chien/soins-antiparasitaires/insectifuge/68859-e-shampooing-2en1-fruite-250ml.html
1024-1024;1336281;168;20170121;https://www.jardiland.com/animaux/chien/hygiene-et-soins/soin-de-toilettage/1024-shampooing-anti-odeurs-pour-chien.html
67610-67610;1476194;168;20170121;https://www.jardiland.com/animaux/chien/hygiene-et-soins/hygiene-et-soin/67610-prozym-rf2-250ml.html
67526-67526;1478164;168;20170121;https://www.jardiland.com/animaux/chien/hygiene-et-soins/hygiene-et-soin/67526-dentifrice-en-poudre-70g.html
68981-68981;1463706;168;20170121;https://www.jardiland.com/animaux/chien/hygiene-et-soins/soin-de-toilettage/68981-coupe-ongle-small.html
68136-68136;1467889;168;20170121;https://www.jardiland.com/animaux/chien/hygiene-et-soins/soin-de-toilettage/68136-brosse-plastique-douce-small.html
69469-69469;1418912;168;20170121;https://www.jardiland.com/animaux/chien/hygiene-et-soins/hygiene-et-soin/69469-adaptil-spray-20ml.html
68990-68990;1441697;168;20170121;https://www.jardiland.com/animaux/chien/hygiene-et-soins/hygiene-et-soin/68990-adaptil-recharge-48ml.html
68988-68988;1441700;168;20170121;https://www.jardiland.com/animaux/chien/hygiene-et-soins/hygiene-et-soin/68988-adaptil-diffuseur-flacon-48ml.html
69468-69468;1418913;168;20170121;https://www.jardiland.com/animaux/chien/hygiene-et-soins/hygiene-et-soin/69468-adaptil-collier-46-5cm.html
57761-57510;1438182;168;20170121;https://www.jardiland.com/animaux/chien/education/autres-accessoires-d-education/57761-systeme-localisation-pour-chiens-chats.html
71869-71869;1271581;168;20170121;https://www.jardiland.com/animaux/chien/education/autres-accessoires-d-education/71869-pile-lithium-3-volts.html
65623-65623;919929;168;20170121;https://www.jardiland.com/animaux/chien/colliers-laisses-et-vetements/accessoires/65623-recharge-bonton.html
32126-13985;1423806;168;20170121;https://www.jardiland.com/animaux/chien/colliers-laisses-et-vetements/pull-pour-chien/32126-polaire-pour-chien-wouapy.html
32126-13978;1423799;168;20170121;https://www.jardiland.com/animaux/chien/colliers-laisses-et-vetements/pull-pour-chien/32126-polaire-pour-chien-wouapy.html
32126-13977;1423798;168;20170121;https://www.jardiland.com/animaux/chien/colliers-laisses-et-vetements/pull-pour-chien/32126-polaire-pour-chien-wouapy.html
50853-50526;1405244;168;20170121;https://www.jardiland.com/animaux/chien/colliers-laisses-et-vetements/laisse-pour-chien/50853-laisse-retractable-cordon-new-classic-bleu.html
53268-53121;1369871;168;20170121;https://www.jardiland.com/animaux/chien/colliers-laisses-et-vetements/laisse-pour-chien/53268-laisse-pour-chien-snake.html
32103-24322;743676;168;20170121;https://www.jardiland.com/animaux/chien/colliers-laisses-et-vetements/manteau-pour-chien/32103-imper-basic-pour-chien.html
32103-24316;743663;168;20170121;https://www.jardiland.com/animaux/chien/colliers-laisses-et-vetements/manteau-pour-chien/32103-imper-basic-pour-chien.html
32103-24312;743659;168;20170121;https://www.jardiland.com/animaux/chien/colliers-laisses-et-vetements/manteau-pour-chien/32103-imper-basic-pour-chien.html
32103-23866;743666;168;20170121;https://www.jardiland.com/animaux/chien/colliers-laisses-et-vetements/manteau-pour-chien/32103-imper-basic-pour-chien.html
32049-28080;904205;168;20170121;https://www.jardiland.com/animaux/chien/colliers-laisses-et-vetements/harnais/32049-harnais-reglable-pour-chien-choco.html
32059-11712;1372233;168;20170121;https://www.jardiland.com/animaux/chien/colliers-laisses-et-vetements/harnais/32059-harnais-pour-chien-pois-xs.html
32110-13643;1423763;168;20170121;https://www.jardiland.com/animaux/chien/colliers-laisses-et-vetements/manteau-pour-chien/32110-doudoune-pour-chien.html
32110-12577;1394653;168;20170121;https://www.jardiland.com/animaux/chien/colliers-laisses-et-vetements/manteau-pour-chien/32110-doudoune-pour-chien.html
32010-15133;540909;168;20170121;https://www.jardiland.com/animaux/chien/colliers-laisses-et-vetements/collier-pour-chien/32010-collier-pour-chien-rive.html
70285-70285;1398887;168;20170121;https://www.jardiland.com/animaux/chien/jeux-et-jouets/autres-jouets/70285-rubber-bone-l.html
71307-71307;1310981;168;20170121;https://www.jardiland.com/animaux/chien/jeux-et-jouets/jouet-en-caoutchouc-et-latex/71307-kitty-souris-retrofriction.html
70724-70724;1368528;168;20170121;https://www.jardiland.com/animaux/chien/jeux-et-jouets/jouet-en-caoutchouc-et-latex/70724-jouet-pour-chien-haltere.html
69750-69750;1416518;168;20170121;https://www.jardiland.com/animaux/chien/jeux-et-jouets/autres-jouets/69750-basculo-souris-jaune.html
69327-69327;1429814;168;20170121;https://www.jardiland.com/animaux/chien/niches-couchage-et-transport/panier-et-sac-de-transport/69327-sac-mm-deluxe-theme.html
62903-62817;1398869;168;20170121;https://www.jardiland.com/animaux/chien/niches-couchage-et-transport/autres-accessoires-de-couchage/62903-niche-pour-chien-petite-maison.html
69326-69326;1429815;168;20170121;https://www.jardiland.com/animaux/chien/niches-couchage-et-transport/coussin-et-matelas/69326-matelas-deluxe-theme-t100-1.html
68181-68181;1464409;168;20170121;https://www.jardiland.com/animaux/chien/niches-couchage-et-transport/coussin-et-matelas/68181-matelas-dehoussable-gris-70x45x6cm.html
32225-10619;1350463;168;20170121;https://www.jardiland.com/animaux/chien/niches-couchage-et-transport/coussin-et-matelas/32225-coussin-plat-feria-bleu.html
32219-23526;716314;168;20170121;https://www.jardiland.com/animaux/chien/niches-couchage-et-transport/corbeille/32219-corbeille-pour-chien-siesta-deluxe-6-1.html
43346-42519;1283397;168;20170121;https://www.jardiland.com/animaux/chien/gamelles-ecuelles-et-distributeurs/gamelle-et-ecuelle/43346-gamelle-pour-chien.html
43346-42518;1283396;168;20170121;https://www.jardiland.com/animaux/chien/gamelles-ecuelles-et-distributeurs/gamelle-et-ecuelle/43346-gamelle-pour-chien.html
70418-70418;1395937;168;20170121;https://www.jardiland.com/animaux/chien/alimentation-et-friandises/friandise-bucco-dentaire/70418-smartbones-dental-mini-8-pk.html
31904-6688;1016843;168;20170121;https://www.jardiland.com/animaux/chien/alimentation-et-friandises/croquette-pour-chien/31904-royal-canin-maxi-junior.html
67954-67954;1472407;168;20170121;https://www.jardiland.com/animaux/chien/alimentation-et-friandises/biscuit/67954-pedigree-schmackos-multi-varietes-86g.html
68820-68820;1438871;168;20170121;https://www.jardiland.com/animaux/chien/alimentation-et-friandises/biscuit/68820-pedigree-sa-recompense-bouchee-moel-130g.html
68821-68821;1438870;168;20170121;https://www.jardiland.com/animaux/chien/alimentation-et-friandises/biscuit/68821-pedigree-sa-recompense-bouchee-croqu-95g.html
66863-66863;539793;168;20170121;https://www.jardiland.com/animaux/chien/alimentation-et-friandises/friandise-bucco-dentaire/66863-pedigree-junior-tubos-chiot-3st-72g.html
5264-5264;824595;168;20170121;https://www.jardiland.com/animaux/chien/alimentation-et-friandises/os-a-macher/5264-os-presse-porks-x2-11e5-cm.html
52463-52185;1209402;168;20170121;https://www.jardiland.com/animaux/chien/alimentation-et-friandises/os-a-macher/52463-os-presse.html
70618-70618;1390051;168;20170121;https://www.jardiland.com/animaux/chien/alimentation-et-friandises/friandise-bucco-dentaire/70618-greenies-regular-x6-mini-pack-170g.html
67524-67524;1478247;168;20170121;https://www.jardiland.com/animaux/chien/alimentation-et-friandises/friandise-bucco-dentaire/67524-friandise-mini-dental-100-g.html
67523-67523;1478248;168;20170121;https://www.jardiland.com/animaux/chien/alimentation-et-friandises/os-a-macher/67523-friandise-mini-chewbone-125g.html
67525-67525;1478246;168;20170121;https://www.jardiland.com/animaux/chien/alimentation-et-friandises/os-a-macher/67525-friandise-mini-bacon-strips-85g.html
68211-68211;1486156;168;20170121;https://www.jardiland.com/animaux/chien/alimentation-et-friandises/friandise-bucco-dentaire/68211-feedeez-batonnets-torsades-au-fluor-x15-1.html
68126-68126;1469343;168;20170121;https://www.jardiland.com/animaux/chien/alimentation-et-friandises/biscuit/68126-feedeez-chips-de-porc-400-g.html
46080-44461;537302;168;20170121;https://www.jardiland.com/animaux/chien/alimentation-et-friandises/croquette-pour-chien/46080-eukanuba-adult-maintenance-moyenne-race.html
31937-44156;1437630;168;20170121;https://www.jardiland.com/animaux/chien/alimentation-et-friandises/croquette-pour-chien/31937-croquettes-royal-canin-shih-tzu-adult.html
56507-56053;1430576;168;20170121;https://www.jardiland.com/animaux/chien/alimentation-et-friandises/croquette-pour-chien/56507-croquettes-pro-plan-duo-delice-adulte.html
56507-56051;1430578;168;20170121;https://www.jardiland.com/animaux/chien/alimentation-et-friandises/croquette-pour-chien/56507-croquettes-pro-plan-duo-delice-adulte.html
56507-56049;1430580;168;20170121;https://www.jardiland.com/animaux/chien/alimentation-et-friandises/croquette-pour-chien/56507-croquettes-pro-plan-duo-delice-adulte.html
54397-54114;1431054;168;20170121;https://www.jardiland.com/animaux/chien/alimentation-et-friandises/croquette-pour-chien/54397-croquettes-ideal-balance-canine-adulte-poulet-riz-complet.html
54390-54115;1431051;168;20170121;https://www.jardiland.com/animaux/chien/alimentation-et-friandises/croquette-pour-chien/54390-croquettes-ideal-balance-canine-adult-small-breed-au-poulet.html
54398-56048;1431059;168;20170121;https://www.jardiland.com/animaux/chien/alimentation-et-friandises/croquette-pour-chien/54398-croquettes-ideal-balance-canine-adult-no-grain-au-poulet-pommes-de-terre.html
71933-71933;1209408;168;20170121;https://www.jardiland.com/animaux/chien/alimentation-et-friandises/biscuit/71933-batonnets-torsades-x-100-1.html
53318-53318;975375;168;20170121;https://www.jardiland.com/amenagement-du-jardin/loisirs-plein-air/piscines/53318-thermometre.html
53311-53311;975382;168;20170121;https://www.jardiland.com/amenagement-du-jardin/loisirs-plein-air/piscines/53311-petite-brosse.html
66623-66623;571971;168;20170121;https://www.jardiland.com/amenagement-du-jardin/pots-bacs-jardinieres-et-supports/tuteurs-et-supports-de-plante/pergola-arche-et-arceau/66623-travr-en-arc-bois-traite-4-5x7x187cm.html
66622-66622;571972;168;20170121;https://www.jardiland.com/amenagement-du-jardin/pots-bacs-jardinieres-et-supports/tuteurs-et-supports-de-plante/pergola-arche-et-arceau/66622-chevalet-arc-050cm.html
66621-66621;571973;168;20170121;https://www.jardiland.com/amenagement-du-jardin/pots-bacs-jardinieres-et-supports/tuteurs-et-supports-de-plante/pergola-arche-et-arceau/66621-cavalier-simple-060cm.html
66620-66620;571974;168;20170121;https://www.jardiland.com/amenagement-du-jardin/pots-bacs-jardinieres-et-supports/tuteurs-et-supports-de-plante/pergola-arche-et-arceau/66620-cavalier-doublebois-traite-7x7x72cm.html
66730-66730;567355;168;20170121;https://www.jardiland.com/amenagement-du-jardin/pots-bacs-jardinieres-et-supports/tuteurs-et-supports-de-plante/support-pour-pot-et-balconniere/66730-cremaillere.html
69317-69317;1430657;168;20170121;https://www.jardiland.com/amenagement-du-jardin/pots-bacs-jardinieres-et-supports/autres-pots-et-jardinieres/pot-et-jardiniere-en-bois/69317-bac-seul-naturel-100x49x40-leolynn.html
31484-13462;1404896;168;20170121;https://www.jardiland.com/amenagement-du-jardin/pots-bacs-jardinieres-et-supports/en-email/31484-vase-en-terre-cuite-croisette.html
31429-13451;1404873;168;20170121;https://www.jardiland.com/amenagement-du-jardin/pots-bacs-jardinieres-et-supports/en-email/31429-vase-a-rebord-en-email.html
65719-65719;911092;168;20170121;https://www.jardiland.com/amenagement-du-jardin/pots-bacs-jardinieres-et-supports/en-email/65719-soucoupe-ronde-d34-rouge.html
31446-10782;1352433;168;20170121;https://www.jardiland.com/amenagement-du-jardin/pots-bacs-jardinieres-et-supports/en-email/31446-soucoupe-en-email.html
31446-9215;1293197;168;20170121;https://www.jardiland.com/amenagement-du-jardin/pots-bacs-jardinieres-et-supports/en-email/31446-soucoupe-en-email.html
31446-9202;1293152;168;20170121;https://www.jardiland.com/amenagement-du-jardin/pots-bacs-jardinieres-et-supports/en-email/31446-soucoupe-en-email.html
66413-66413;658807;168;20170121;https://www.jardiland.com/amenagement-du-jardin/pots-bacs-jardinieres-et-supports/en-terre-cuite/66413-soucoupe-impermeable-d51cm.html
50774-6834;1017991;168;20170121;https://www.jardiland.com/amenagement-du-jardin/pots-bacs-jardinieres-et-supports/en-plastique/50774-soucoupe-en-plastique-teramo.html
31523-19487;603480;168;20170121;https://www.jardiland.com/amenagement-du-jardin/pots-bacs-jardinieres-et-supports/en-plastique/31523-soucoupe-en-plastique-prisca.html
31523-11032;1360442;168;20170121;https://www.jardiland.com/amenagement-du-jardin/pots-bacs-jardinieres-et-supports/en-plastique/31523-soucoupe-en-plastique-prisca.html
31538-7580;1236646;168;20170121;https://www.jardiland.com/amenagement-du-jardin/pots-bacs-jardinieres-et-supports/en-plastique/31538-plateau-rectangle-jardinera.html
31538-6866;1018101;168;20170121;https://www.jardiland.com/amenagement-du-jardin/pots-bacs-jardinieres-et-supports/en-plastique/31538-plateau-rectangle-jardinera.html
65610-65610;923348;168;20170121;https://www.jardiland.com/amenagement-du-jardin/pots-bacs-jardinieres-et-supports/en-plastique/65610-corsica-flower-bridge-d-30cm-terre-cuite.html
66339-66339;683609;168;20170121;https://www.jardiland.com/amenagement-du-jardin/amenagement/dalles-galets-et-pas-japonais/galet-et-gravier/66339-planche-exotique-1-9x9x210cm.html
70997-70997;1351020;168;20170121;https://www.jardiland.com/amenagement-du-jardin/amenagement/dalles-galets-et-pas-japonais/pas-japonais/70997-pas-pied-de-geant-droite-ton-pierre-le-44-cm.html
70245-70245;1403480;168;20170121;https://www.jardiland.com/amenagement-du-jardin/amenagement/dalles-galets-et-pas-japonais/pas-japonais/70245-pas-de-cheminement-schiste.html
70246-70246;1403478;168;20170121;https://www.jardiland.com/amenagement-du-jardin/amenagement/bordures/70246-bordure-plate-schiste-ton-ardoise.html
70247-70247;1403477;168;20170121;https://www.jardiland.com/amenagement-du-jardin/amenagement/bordures/70247-bordure-aspect-bois.html
66070-66070;803236;168;20170121;https://www.jardiland.com/amenagement-du-jardin/amenagement/clotures-et-palissades/66070-planche-ipe-2-1x14-5x210cm.html
66082-66082;803077;168;20170121;https://www.jardiland.com/amenagement-du-jardin/amenagement/clotures-et-palissades/66082-ecran-luth-180x180cm-deco-droit-cd-44mm.html
70215-70215;1405069;168;20170121;https://www.jardiland.com/amenagement-du-jardin/barbecues-cuisine-exterieur/autres/barbecue-fixe/70215-poele-de-terrasse-pm-110cm.html
42124-42124;1352029;168;20170121;https://www.jardiland.com/amenagement-du-jardin/barbecues-cuisine-exterieur/autres/accessoires-de-barbecue/42124-plancha-en-fonte-pour-weber-q-serie-1000-1.html
70699-70699;1379166;168;20170121;https://www.jardiland.com/amenagement-du-jardin/barbecues-cuisine-exterieur/autres/accessoires-de-barbecue/70699-detendeur-twiny-propane-blister.html
70698-70698;1379167;168;20170121;https://www.jardiland.com/amenagement-du-jardin/barbecues-cuisine-exterieur/autres/accessoires-de-barbecue/70698-detendeur-twiny-butane-ac-tetine-blister.html
71006-71006;1350644;168;20170121;https://www.jardiland.com/amenagement-du-jardin/barbecues-cuisine-exterieur/autres/accessoires-de-barbecue/71006-detendeur-propane.html
31230-9259;1317505;168;20170121;https://www.jardiland.com/amenagement-du-jardin/barbecues-cuisine-exterieur/autres/combustible/31230-charbon-de-bois-express.html
1855-1855;1317506;168;20170121;https://www.jardiland.com/amenagement-du-jardin/barbecues-cuisine-exterieur/autres/combustible/1855-briquettes-de-charbon-de-bois.html
70973-70973;1352008;168;20170121;https://www.jardiland.com/amenagement-du-jardin/barbecues-cuisine-exterieur/autres/accessoires-de-barbecue/70973-barbecue-a-gaz-go-anywhere.html
31304-12781;1397841;168;20170121;https://www.jardiland.com/amenagement-du-jardin/eclairage-et-chauffage-d-exterieur/eclairage-solaire/31304-lanterne-solaire-marrakech.html
31304-10725;1352249;168;20170121;https://www.jardiland.com/amenagement-du-jardin/eclairage-et-chauffage-d-exterieur/eclairage-solaire/31304-lanterne-solaire-marrakech.html
72114-72114;1002818;168;20170121;https://www.jardiland.com/amenagement-du-jardin/parasols-tonnelles-et-voiles-d-ombrage/tonnelles-et-barnums/tonnelle-et-barnum-en-metal/72114-tonnelle-murale-illusion.html
2754-2754;1398274;168;20170121;https://www.jardiland.com/amenagement-du-jardin/parasols-tonnelles-et-voiles-d-ombrage/parasols-et-accessoires/accessoires/2754-pied-de-parasol-diamant-25-kg.html
31410-12328;1382889;168;20170121;https://www.jardiland.com/amenagement-du-jardin/parasols-tonnelles-et-voiles-d-ombrage/parasols-et-accessoires/parasol-en-metal/31410-parasol-papillon-ii-deporte.html
31337-6043;1002449;168;20170121;https://www.jardiland.com/amenagement-du-jardin/mobilier-de-jardin/bains-de-soleil-et-hamacs/hamac/31337-hamac-belem-a-barre.html
68733-68733;1442142;168;20170121;https://www.jardiland.com/jardinage/bricolage-droguerie/insecticides-menagers/insecticide-mouche/68733-ultrason-mouches.html
70263-70263;1402273;168;20170121;https://www.jardiland.com/jardinage/bricolage-droguerie/tapis/70263-tapis-jasmin-80x50-1.html
70296-70296;1398442;168;20170121;https://www.jardiland.com/jardinage/bricolage-droguerie/droguerie/70296-pate-renovatrice-protectrice-inox-250ml.html
68730-68730;1442147;168;20170121;https://www.jardiland.com/jardinage/bricolage-droguerie/insecticides-menagers/insecticide-volant-et-rampant/68730-grill-insect-lampes-led-uv.html
36773-36773;577948;168;20170121;https://www.jardiland.com/jardinage/bricolage-droguerie/insecticides-menagers/insecticide-volant-et-rampant/36773-gel-appat-cafard.html
50918-41368;1403841;168;20170121;https://www.jardiland.com/jardinage/semis-protections-et-accessoires-de-jardinage/serres-et-chassis/mini-serre/50918-soucoupe-green-basics.html
1786-1786;1315212;168;20170121;https://www.jardiland.com/jardinage/arrosage/tuyaux-devidoirs-lances-et-pistolets/pistolet/1786-pistolet-multi-jets.html
1830-1830;1315234;168;20170121;https://www.jardiland.com/jardinage/arrosage/tuyaux-devidoirs-lances-et-pistolets/raccord/1830-nez-de-robinet-o-20o27-reducteur-o-15o21-1.html
32665-54628;574408;168;20170121;https://www.jardiland.com/jardinage/arrosage/arrosoirs/32665-arrosoir-ovale-pomme.html
4232-4232;575676;168;20170121;https://www.jardiland.com/jardinage/outils-a-moteur/autres-outils-a-moteur/accessoires/4232-brins-de-fils-carres.html
36781-36781;573921;168;20170121;https://www.jardiland.com/jardinage/outils-et-materiel-du-jardinier/grands-outils-de-jardin/autres-grands-outils/36781-ratissoire-a-tirer.html
5656-5656;928938;168;20170121;https://www.jardiland.com/jardinage/outils-et-materiel-du-jardinier/grands-outils-de-jardin/autres-grands-outils/5656-griffe-piocheuse.html
56539-56539;577227;168;20170121;https://www.jardiland.com/jardinage/entretien-et-traitements/pulverisateurs/pulverisateur-a-pression/56539-pulverisateur-selecta-7-1.html
72054-72054;1013936;168;20170121;https://www.jardiland.com/jardinage/entretien-et-traitements/traitements-des-plantes-et-lutte-bio/autres-traitements/72054-soin-potager-fruitier-megagreen-125g.html
70264-70264;1402145;168;20170121;https://www.jardiland.com/jardinage/entretien-et-traitements/traitements-des-plantes-et-lutte-bio/lutte-contre-les-insectes/70264-pyrale-du-buis.html
65557-65557;926882;168;20170121;https://www.jardiland.com/jardinage/entretien-et-traitements/traitements-des-plantes-et-lutte-bio/lutte-contre-les-insectes/65557-processionnaire-du-pin.html
71518-71518;1282141;168;20170121;https://www.jardiland.com/jardinage/entretien-et-traitements/traitements-des-plantes-et-lutte-bio/autres-traitements/71518-nematodes-contre-les-vers-blancs.html
68779-68779;1440453;168;20170121;https://www.jardiland.com/jardinage/entretien-et-traitements/traitements-des-plantes-et-lutte-bio/lutte-contre-les-maladies/68779-maladies-des-rosiers-125ml.html
71855-71855;1313959;168;20170121;https://www.jardiland.com/jardinage/entretien-et-traitements/traitements-des-plantes-et-lutte-bio/lutte-contre-les-insectes/71855-cochenilles-systemique-aceta-pae-800ml.html
70676-70676;1380294;168;20170121;https://www.jardiland.com/jardinage/entretien-et-traitements/traitements-des-plantes-et-lutte-bio/autres-traitements/70676-anti-germes-75g.html
68748-68748;1441334;168;20170121;https://www.jardiland.com/jardinage/entretien-et-traitements/engrais/engrais-matieres-premieres/68748-jd-purin-orties-1l.html
68747-68747;1441336;168;20170121;https://www.jardiland.com/jardinage/entretien-et-traitements/engrais/engrais-matieres-premieres/68747-jd-purin-mixte-preles-orties-1l.html
32778-53132;1373573;168;20170121;https://www.jardiland.com/jardinage/entretien-et-traitements/engrais/engrais-pour-arbres-et-fleurs-du-jardin/32778-engrais-complet-double-actions.html
50889-58638;642227;168;20170121;https://www.jardiland.com/jardinage/entretien-et-traitements/engrais/engrais-pour-fruits-et-legumes/50889-engrais-agrumes.html
68133-68133;1469004;168;20170121;https://www.jardiland.com/jardinage/paillage-et-amendement/paillage/autres-paillages/68133-sphaigne-5l.html
32764-62747;1491620;168;20170121;https://www.jardiland.com/jardinage/paillage-et-amendement/paillage/autres-paillages/32764-ardoise-decorative.html
35720-23173;719615;168;20170121;https://www.jardiland.com/plantes/plantes-d-interieur/plantes-carnivores/nepenthes/35720-nepenthes.html
35589-51435;942439;168;20170121;https://www.jardiland.com/plantes/plantes-d-interieur/bonsais/ficus/35589-ficus-ginseng.html
54383-55104;655454;168;20170121;https://www.jardiland.com/plantes/plantes-d-interieur/cactus-et-plantes-grasses/succulentes/54383-succulente.html
35599-29442;942702;168;20170121;https://www.jardiland.com/plantes/plantes-d-interieur/cactus-et-plantes-grasses/aloe/35599-aloe-vera.html
36125-49534;822791;168;20170121;https://www.jardiland.com/plantes/plantes-d-interieur/plantes-vertes/zamioculcas/36125-zamioculcas-zamiifolia.html
36084-39256;647901;168;20170121;https://www.jardiland.com/plantes/plantes-d-interieur/plantes-vertes/platycerium/36084-platycerium-bifurcatum-pour-suspension.html
36066-11385;1365876;168;20170121;https://www.jardiland.com/plantes/plantes-d-interieur/plantes-vertes/nolina-beaucarnea/36066-pied-d-elephant.html
36055-20488;632119;168;20170121;https://www.jardiland.com/plantes/plantes-d-interieur/plantes-vertes/nephrolepis/36055-nephrolepis-exalta-pour-suspension.html
36045-24831;806966;168;20170121;https://www.jardiland.com/plantes/plantes-d-interieur/plantes-vertes/kentia/36045-kentia-de-foster.html
36045-22458;678340;168;20170121;https://www.jardiland.com/plantes/plantes-d-interieur/plantes-vertes/kentia/36045-kentia-de-foster.html
36005-28165;907280;168;20170121;https://www.jardiland.com/plantes/plantes-d-interieur/plantes-vertes/ficus/36005-ficus-lyrata.html
35950-8092;1263101;168;20170121;https://www.jardiland.com/plantes/plantes-d-interieur/plantes-vertes/cycas/35950-cycas-du-japon.html
35941-24157;737221;168;20170121;https://www.jardiland.com/plantes/plantes-d-interieur/plantes-vertes/cordyline/35941-cordyline-fructicosa-kiwi.html
35896-24858;810318;168;20170121;https://www.jardiland.com/plantes/plantes-d-interieur/plantes-vertes/autres-plantes-vertes/35896-ardisia-crenata.html
35711-47960;668360;168;20170121;https://www.jardiland.com/plantes/plantes-d-interieur/orchidees/vanda/35711-orchidee-vanda.html
35711-6926;1019527;168;20170121;https://www.jardiland.com/plantes/plantes-d-interieur/orchidees/vanda/35711-orchidee-vanda.html
35816-8629;1281731;168;20170121;https://www.jardiland.com/plantes/plantes-d-interieur/plantes-fleuries/poinsettia/35816-poinsettia-princettia.html
35795-54987;1367419;168;20170121;https://www.jardiland.com/plantes/plantes-d-interieur/plantes-fleuries/impatiens-de-nouvelle-guinee/35795-impatiens-de-nouvelle-guinee.html
35784-39094;632878;168;20170121;https://www.jardiland.com/plantes/plantes-d-interieur/plantes-fleuries/gardenia/35784-gardenia-jasminoides-augusta.html
35752-20525;632294;168;20170121;https://www.jardiland.com/plantes/plantes-d-interieur/plantes-fleuries/azalee/35752-azalee-d-interieur.html
35758-13592;1406745;168;20170121;https://www.jardiland.com/plantes/plantes-d-interieur/plantes-fleuries/azalee/35758-azalea-christine.html
53815-53815;1254085;168;20170121;https://www.jardiland.com/plantes/graines-et-gazon/gazon-et-prairies-fleuries/prairie-fleurie/53815-prairie-fleurie-terrain-sec.html
53816-53816;1254083;168;20170121;https://www.jardiland.com/plantes/graines-et-gazon/gazon-et-prairies-fleuries/prairie-fleurie/53816-prairie-fleurie-fleurs-des-pres.html
40715-38046;1312768;168;20170121;https://www.jardiland.com/plantes/graines-et-gazon/gazon-et-prairies-fleuries/autres-gazons/40715-pelouse-ecodurable.html
36877-36877;1402370;168;20170121;https://www.jardiland.com/plantes/graines-et-gazon/gazon-et-prairies-fleuries/autres-gazons/36877-cynodon-480-g.html
68696-68696;1444790;168;20170121;https://www.jardiland.com/plantes/graines-et-gazon/graines-de-fleurs/fleurs-annuelles/68696-zinnia-pop-art-rg-blc-vl-fls3-1.html
42371-42371;1404640;168;20170121;https://www.jardiland.com/plantes/graines-et-gazon/graines-de-fleurs/fleurs-annuelles/42371-pavot-des-jardins-blanc.html
53783-53783;1311019;168;20170121;https://www.jardiland.com/plantes/graines-et-gazon/graines-de-fleurs/fleurs-annuelles/53783-nielle-des-bles.html
53786-53786;1311012;168;20170121;https://www.jardiland.com/plantes/graines-et-gazon/graines-de-fleurs/melange-mixte/53786-melange-californien.html
53768-53768;1377144;168;20170121;https://www.jardiland.com/plantes/graines-et-gazon/graines-de-fleurs/melange-mixte/53768-jardiniere-maya-seme-une-prairie-fleurie-dans-ta-jardiniere.html
53782-53782;1311021;168;20170121;https://www.jardiland.com/plantes/graines-et-gazon/graines-de-fleurs/fleurs-vivaces/53782-edelweiss.html
42372-42372;1310993;168;20170121;https://www.jardiland.com/plantes/graines-et-gazon/graines-de-fleurs/fleurs-vivaces/42372-digitale-gant-de-notre-dame.html
53447-53447;602929;168;20170121;https://www.jardiland.com/plantes/graines-et-gazon/graines-de-fleurs/fleurs-annuelles/53447-cosmos-daydream.html
42362-42362;1311006;168;20170121;https://www.jardiland.com/plantes/graines-et-gazon/graines-de-fleurs/fleurs-annuelles/42362-coquelicot.html
53414-53414;602900;168;20170121;https://www.jardiland.com/plantes/graines-et-gazon/graines-de-fleurs/fleurs-annuelles/53414-coloquintes-jim-jams.html
53781-53781;1311022;168;20170121;https://www.jardiland.com/plantes/graines-et-gazon/graines-de-fleurs/fleurs-annuelles/53781-bleuet-blue-diadem.html
57798-57798;565847;168;20170121;https://www.jardiland.com/plantes/graines-et-gazon/graines-de-fleurs/fleurs-vivaces/57798-agastache-rugosa.html
1518-1518;1307023;168;20170121;https://www.jardiland.com/plantes/graines-et-gazon/graines-potageres-et-aromatiques/tomates-piments-poivrons-aubergines/1518-tomate-banana-legs-bio.html
53874-53874;1016383;168;20170121;https://www.jardiland.com/plantes/graines-et-gazon/graines-potageres-et-aromatiques/autres-graines-aromatiques/53874-thym-de-provence.html
58064-58064;1404642;168;20170121;https://www.jardiland.com/plantes/graines-et-gazon/graines-potageres-et-aromatiques/autres-graines-aromatiques/58064-sauge-verte.html
53349-53349;875837;168;20170121;https://www.jardiland.com/plantes/graines-et-gazon/graines-potageres-et-aromatiques/poireaux/53349-ruban-poireau-bleu-de-solaise.html
53353-53353;875832;168;20170121;https://www.jardiland.com/plantes/graines-et-gazon/graines-potageres-et-aromatiques/salades/53353-ruban-de-mache-a-grosse-graine.html
53361-53361;875819;168;20170121;https://www.jardiland.com/plantes/graines-et-gazon/graines-potageres-et-aromatiques/tomates-piments-poivrons-aubergines/53361-rond-ronde-des-tomates-aperitif.html
53362-53362;875818;168;20170121;https://www.jardiland.com/plantes/graines-et-gazon/graines-potageres-et-aromatiques/persil/53362-rond-persil-frise-vert-fonce.html
53363-53363;875817;168;20170121;https://www.jardiland.com/plantes/graines-et-gazon/graines-potageres-et-aromatiques/persil/53363-rond-persil-commun-2-1.html
53368-53368;875810;168;20170121;https://www.jardiland.com/plantes/graines-et-gazon/graines-potageres-et-aromatiques/basilic/53368-rond-de-basilic-citron.html
53366-53366;875814;168;20170121;https://www.jardiland.com/plantes/graines-et-gazon/graines-potageres-et-aromatiques/courges-melons/53366-rond-courgette-de-nice-a-fruits-ronds.html
46510-46510;566006;168;20170121;https://www.jardiland.com/plantes/graines-et-gazon/graines-potageres-et-aromatiques/pois/46510-pois-roi-des-conserves.html
57800-57800;564803;168;20170121;https://www.jardiland.com/plantes/graines-et-gazon/graines-potageres-et-aromatiques/salades/57800-laitue-romaine-chicon-panache-bio.html
4358-4358;566119;168;20170121;https://www.jardiland.com/plantes/graines-et-gazon/graines-potageres-et-aromatiques/haricots/4358-haricot-mais-gros-blanc-a-ecosser-tarbais-bio.html
34526-30903;992002;168;20170121;https://www.jardiland.com/plantes/potager-et-verger/fruitiers/lime/34526-oranger-amer.html
36499-11668;1371338;168;20170121;https://www.jardiland.com/plantes/potager-et-verger/fruitiers/mure/36499-mure-reuben.html
34536-29747;954689;168;20170121;https://www.jardiland.com/plantes/potager-et-verger/fruitiers/mandarinier/34536-mandarinier-satsuma.html
34523-27862;882786;168;20170121;https://www.jardiland.com/plantes/potager-et-verger/fruitiers/kumquat/34523-kumquat-kucli.html
36477-9732;1312198;168;20170121;https://www.jardiland.com/plantes/potager-et-verger/fruitiers/groseillier-a-maquereaux/36477-groseillier-a-maquereaux-captivator.html
36421-17148;587857;168;20170121;https://www.jardiland.com/plantes/potager-et-verger/fruitiers/figuier/36421-figuier-madeleine-blanche.html
52438-51988;626478;168;20170121;https://www.jardiland.com/plantes/potager-et-verger/fruitiers/figuier/52438-figuier-goutte-d-or.html
36433-22409;676245;168;20170121;https://www.jardiland.com/plantes/potager-et-verger/fruitiers/figuier/36433-figuier-brown-turkey.html
41588-22741;686912;168;20170121;https://www.jardiland.com/plantes/potager-et-verger/fruitiers/citronnier/41588-citronnier.html
34511-12062;1378672;168;20170121;https://www.jardiland.com/plantes/potager-et-verger/fruitiers/autres-fruitiers/34511-citron-caviar.html
41981-27400;873424;168;20170121;https://www.jardiland.com/plantes/potager-et-verger/fruitiers/abricotier/41981-abricotier.html
33621-29798;955688;168;20170121;https://www.jardiland.com/plantes/potager-et-verger/plantes-aromatiques/romarin/33621-romarin-rampant-repens.html
33382-21032;636080;168;20170121;https://www.jardiland.com/plantes/potager-et-verger/plantes-aromatiques/lavande/33382-lavande-richard-gray.html
33948-21064;636148;168;20170121;https://www.jardiland.com/plantes/arbres-et-arbustes-d-ornement/coniferes/cypres-de-leyland/33948-x-cupressocyparis-leylandii.html
33948-16817;586397;168;20170121;https://www.jardiland.com/plantes/arbres-et-arbustes-d-ornement/coniferes/cypres-de-leyland/33948-x-cupressocyparis-leylandii.html
33941-27194;875129;168;20170121;https://www.jardiland.com/plantes/arbres-et-arbustes-d-ornement/coniferes/cypres/33941-cupressus-sempervirens-totem.html
33938-9437;1300141;168;20170121;https://www.jardiland.com/plantes/arbres-et-arbustes-d-ornement/coniferes/cypres/33938-cupressus-sempervirens-garda.html
33939-39600;742224;168;20170121;https://www.jardiland.com/plantes/arbres-et-arbustes-d-ornement/coniferes/cypres/33939-cupressus-sempervirens-pyramidalis.html
41560-16856;586479;168;20170121;https://www.jardiland.com/plantes/arbres-et-arbustes-d-ornement/coniferes/cypres/41560-cupressus-macrocarpa-goldcrest.html
41559-16853;586456;168;20170121;https://www.jardiland.com/plantes/arbres-et-arbustes-d-ornement/coniferes/cypres/41559-cupressus-arizonica-fastigiata.html
33817-21184;641880;168;20170121;https://www.jardiland.com/plantes/arbres-et-arbustes-d-ornement/bambous/phyllostachys/33817-bambou-phyllostachys-aurea.html
33795-30044;965891;168;20170121;https://www.jardiland.com/plantes/arbres-et-arbustes-d-ornement/bambous/arundo/33795-arundo-donax-variegata-versicolor.html
33792-16041;579968;168;20170121;https://www.jardiland.com/plantes/arbres-et-arbustes-d-ornement/bambous/arundo/33792-arundo-donax.html
33874-14697;1443949;168;20170121;https://www.jardiland.com/plantes/arbres-et-arbustes-d-ornement/buis-et-topiaires/houx-en-topiaire/33874-houx-crenele-kimme.html
33875-7937;1250335;168;20170121;https://www.jardiland.com/plantes/arbres-et-arbustes-d-ornement/buis-et-topiaires/houx-en-topiaire/33875-houx-crenele-convexa.html
33841-22227;670778;168;20170121;https://www.jardiland.com/plantes/arbres-et-arbustes-d-ornement/buis-et-topiaires/buis/33841-buis-faulkner.html
34458-22141;664920;168;20170121;https://www.jardiland.com/plantes/arbres-et-arbustes-d-ornement/plantes-grimpantes/jasmin/34458-jasmin-officinal-aureovariegatum.html
34454-39387;696570;168;20170121;https://www.jardiland.com/plantes/arbres-et-arbustes-d-ornement/plantes-grimpantes/jasmin/34454-jasmin-officinal.html
34454-25139;818420;168;20170121;https://www.jardiland.com/plantes/arbres-et-arbustes-d-ornement/plantes-grimpantes/jasmin/34454-jasmin-officinal.html
46103-51781;584959;168;20170121;https://www.jardiland.com/plantes/arbres-et-arbustes-d-ornement/plantes-grimpantes/clematite/46103-clematite-armandii.html
46071-47511;1284642;168;20170121;https://www.jardiland.com/plantes/arbres-et-arbustes-d-ornement/plantes-grimpantes/clematite/46071-clematite-diamantina.html
34388-29859;957166;168;20170121;https://www.jardiland.com/plantes/arbres-et-arbustes-d-ornement/plantes-grimpantes/clematite/34388-clematite.html
34366-17839;592102;168;20170121;https://www.jardiland.com/plantes/arbres-et-arbustes-d-ornement/plantes-grimpantes/chevrefeuille/34366-chevrefeuille-de-chine.html
34339-6465;1013337;168;20170121;https://www.jardiland.com/plantes/arbres-et-arbustes-d-ornement/plantes-grimpantes/akebia/34339-akebia-quinata.html
34978-12400;1386543;168;20170121;https://www.jardiland.com/plantes/arbres-et-arbustes-d-ornement/rosiers/rosiers-grimpants/34978-rosier-yves-piagetr-meivildo-grandes-fleurs.html
41632-53967;607391;168;20170121;https://www.jardiland.com/plantes/arbres-et-arbustes-d-ornement/rosiers/rosiers-buissons/41632-rosier-pat-austinr-ausmum-pbr-anglais.html
41623-19641;607938;168;20170121;https://www.jardiland.com/plantes/arbres-et-arbustes-d-ornement/rosiers/rosiers-buissons/41623-rosier-papa-meillandr-meicesar-grandes-fleurs.html
41832-14707;1444776;168;20170121;https://www.jardiland.com/plantes/arbres-et-arbustes-d-ornement/rosiers/rosiers-grimpants/41832-rosier-papa-meillandr-meicesar-grandes-fleurs.html
43415-29849;956996;168;20170121;https://www.jardiland.com/plantes/arbres-et-arbustes-d-ornement/rosiers/rosiers-buissons/43415-rosier-metropolitanr-meifasseil-grandes-fleurs.html
41666-19602;607741;168;20170121;https://www.jardiland.com/plantes/arbres-et-arbustes-d-ornement/rosiers/rosiers-buissons/41666-rosier-jacques-prevertr-meimouslin-grandes-fleurs.html
41765-26630;855051;168;20170121;https://www.jardiland.com/plantes/arbres-et-arbustes-d-ornement/rosiers/rosiers-buissons/41765-rosier-edith-piafr-meiramboys-grandes-fleurs.html
41643-40366;972250;168;20170121;https://www.jardiland.com/plantes/arbres-et-arbustes-d-ornement/rosiers/rosiers-buissons/41643-rosier-boteror-meiafone-grandes-fleurs.html
41739-22129;664753;168;20170121;https://www.jardiland.com/plantes/arbres-et-arbustes-d-ornement/rosiers/rosiers-buissons/41739-rosier-alain-souchonr-meikarouz-grandes-fleurs.html
34322-24694;803762;168;20170121;https://www.jardiland.com/plantes/arbres-et-arbustes-d-ornement/plantes-de-terre-de-bruyere/rhododendron/34322-rhododendron-hybride-rose.html
41584-30847;987105;168;20170121;https://www.jardiland.com/plantes/arbres-et-arbustes-d-ornement/plantes-de-terre-de-bruyere/rhododendron/41584-rhododendron.html
34245-27192;875084;168;20170121;https://www.jardiland.com/plantes/arbres-et-arbustes-d-ornement/plantes-de-terre-de-bruyere/magnolia/34245-magnolia-grandiflora-galissonniere.html
41567-15959;579162;168;20170121;https://www.jardiland.com/plantes/arbres-et-arbustes-d-ornement/plantes-de-terre-de-bruyere/erable-du-japon/41567-erable-du-japon.html
41567-15956;579156;168;20170121;https://www.jardiland.com/plantes/arbres-et-arbustes-d-ornement/plantes-de-terre-de-bruyere/erable-du-japon/41567-erable-du-japon.html
34097-8633;1281748;168;20170121;https://www.jardiland.com/plantes/arbres-et-arbustes-d-ornement/plantes-de-terre-de-bruyere/camelia/34097-camelia-transnokoensis.html
34101-10436;1347989;168;20170121;https://www.jardiland.com/plantes/arbres-et-arbustes-d-ornement/plantes-de-terre-de-bruyere/camelia/34101-camelia-du-japon.html
34109-16263;582701;168;20170121;https://www.jardiland.com/plantes/arbres-et-arbustes-d-ornement/plantes-de-terre-de-bruyere/camelia/34109-camelia-d-automne.html
36130-60396;587094;168;20170121;https://www.jardiland.com/plantes/arbres-et-arbustes-d-ornement/plantes-de-terre-de-bruyere/bruyere-erica/36130-bruyere-en-arbre.html
34824-30834;986878;168;20170121;https://www.jardiland.com/plantes/arbres-et-arbustes-d-ornement/plantes-mediterraneennes/palmiers/34824-yucca-filamentosa-bright-edge.html
34630-48523;1391547;168;20170121;https://www.jardiland.com/plantes/arbres-et-arbustes-d-ornement/plantes-mediterraneennes/autres-plantes-mediterraneennes/34630-rhaphiolepis-umbellata-var-ovata.html
34680-23705;720299;168;20170121;https://www.jardiland.com/plantes/arbres-et-arbustes-d-ornement/plantes-mediterraneennes/autres-plantes-mediterraneennes/34680-pittosporum-tenuifolium-variegatum.html
34682-18496;596440;168;20170121;https://www.jardiland.com/plantes/arbres-et-arbustes-d-ornement/plantes-mediterraneennes/autres-plantes-mediterraneennes/34682-pittospore-du-japon.html
34845-30020;973975;168;20170121;https://www.jardiland.com/plantes/arbres-et-arbustes-d-ornement/plantes-mediterraneennes/palmiers/34845-palmier-nain-vulcano.html
34677-29183;930102;168;20170121;https://www.jardiland.com/plantes/arbres-et-arbustes-d-ornement/plantes-mediterraneennes/autres-plantes-mediterraneennes/34677-myrte-commun.html
34566-22762;687644;168;20170121;https://www.jardiland.com/plantes/arbres-et-arbustes-d-ornement/plantes-mediterraneennes/autres-plantes-mediterraneennes/34566-leptospermum-scoparium.html
34671-49144;591398;168;20170121;https://www.jardiland.com/plantes/arbres-et-arbustes-d-ornement/plantes-mediterraneennes/autres-plantes-mediterraneennes/34671-laurier-sauce.html
34671-17649;591361;168;20170121;https://www.jardiland.com/plantes/arbres-et-arbustes-d-ornement/plantes-mediterraneennes/autres-plantes-mediterraneennes/34671-laurier-sauce.html
34784-18060;593762;168;20170121;https://www.jardiland.com/plantes/arbres-et-arbustes-d-ornement/plantes-mediterraneennes/laurier-rose/34784-laurier-rose-a-fleurs-saumon.html
34780-25921;830897;168;20170121;https://www.jardiland.com/plantes/arbres-et-arbustes-d-ornement/plantes-mediterraneennes/laurier-rose/34780-laurier-rose.html
34591-16439;583896;168;20170121;https://www.jardiland.com/plantes/arbres-et-arbustes-d-ornement/plantes-mediterraneennes/autres-plantes-mediterraneennes/34591-jasmin-de-nuit.html
34693-18814;598067;168;20170121;https://www.jardiland.com/plantes/arbres-et-arbustes-d-ornement/plantes-mediterraneennes/autres-plantes-mediterraneennes/34693-grenadier-maxima-rubra.html
34583-25032;809388;168;20170121;https://www.jardiland.com/plantes/arbres-et-arbustes-d-ornement/plantes-mediterraneennes/autres-plantes-mediterraneennes/34583-goyavier-du-bresil.html
34583-15939;579046;168;20170121;https://www.jardiland.com/plantes/arbres-et-arbustes-d-ornement/plantes-mediterraneennes/autres-plantes-mediterraneennes/34583-goyavier-du-bresil.html
34607-39605;745233;168;20170121;https://www.jardiland.com/plantes/arbres-et-arbustes-d-ornement/plantes-mediterraneennes/autres-plantes-mediterraneennes/34607-eucalyptus-gunnii.html
34616-16957;586943;168;20170121;https://www.jardiland.com/plantes/arbres-et-arbustes-d-ornement/plantes-mediterraneennes/autres-plantes-mediterraneennes/34616-dorycnium-hirsutum.html
34848-48524;1279291;168;20170121;https://www.jardiland.com/plantes/arbres-et-arbustes-d-ornement/plantes-mediterraneennes/palmiers/34848-dasylirion-longissimum.html
34813-28903;922871;168;20170121;https://www.jardiland.com/plantes/arbres-et-arbustes-d-ornement/plantes-mediterraneennes/palmiers/34813-cycas-du-japon.html
34611-16790;586256;168;20170121;https://www.jardiland.com/plantes/arbres-et-arbustes-d-ornement/plantes-mediterraneennes/autres-plantes-mediterraneennes/34611-crinodendron-hookerianum.html
34840-55418;809617;168;20170121;https://www.jardiland.com/plantes/arbres-et-arbustes-d-ornement/plantes-mediterraneennes/palmiers/34840-cordyline-australis-torbay-dazzler.html
34592-40307;951637;168;20170121;https://www.jardiland.com/plantes/arbres-et-arbustes-d-ornement/plantes-mediterraneennes/autres-plantes-mediterraneennes/34592-cinnamomum-camphora.html
34553-8165;1257088;168;20170121;https://www.jardiland.com/plantes/arbres-et-arbustes-d-ornement/plantes-mediterraneennes/autres-plantes-mediterraneennes/34553-anisodontea-scabrosa-miss-pinky.html
33755-49762;601763;168;20170121;https://www.jardiland.com/plantes/arbres-et-arbustes-d-ornement/arbres-et-arbustes/viburnum/33755-viburnum-plicatum-lanarth.html
33358-60973;809322;168;20170121;https://www.jardiland.com/plantes/arbres-et-arbustes-d-ornement/arbres-et-arbustes/laurier-palme/33358-prunus-laurocerasus-rotundifolia.html
33519-14334;1439578;168;20170121;https://www.jardiland.com/plantes/arbres-et-arbustes-d-ornement/arbres-et-arbustes/photinia/33519-photinia-x-fraseri-little-red-robin.html
33488-16574;584747;168;20170121;https://www.jardiland.com/plantes/arbres-et-arbustes-d-ornement/arbres-et-arbustes/oranger-du-mexique/33488-oranger-du-mexique.html
41539-45313;929113;168;20170121;https://www.jardiland.com/plantes/arbres-et-arbustes-d-ornement/arbres-et-arbustes/murier/41539-murier-a-feuilles-de-platane-fruitless-sterile.html
41539-43045;740836;168;20170121;https://www.jardiland.com/plantes/arbres-et-arbustes-d-ornement/arbres-et-arbustes/murier/41539-murier-a-feuilles-de-platane-fruitless-sterile.html
33598-7477;1244274;168;20170121;https://www.jardiland.com/plantes/arbres-et-arbustes-d-ornement/arbres-et-arbustes/prunus/33598-merisier-des-oiseaux.html
49961-7477;1244274;168;20170121;https://www.jardiland.com/plantes/arbres-et-arbustes-d-ornement/arbres-et-arbustes/prunus/49961-merisier-des-oiseaux.html
33455-59038;592667;168;20170121;https://www.jardiland.com/plantes/arbres-et-arbustes-d-ornement/arbres-et-arbustes/mahonia/33455-mahonia-x-media-winter-sun.html
33344-29672;952897;168;20170121;https://www.jardiland.com/plantes/arbres-et-arbustes-d-ornement/arbres-et-arbustes/houx/33344-ilex-crenata-fastigiata.html
33325-11289;1363317;168;20170121;https://www.jardiland.com/plantes/arbres-et-arbustes-d-ornement/arbres-et-arbustes/hibiscus/33325-hibiscus-syriacus-marina.html
33332-23654;719509;168;20170121;https://www.jardiland.com/plantes/arbres-et-arbustes-d-ornement/arbres-et-arbustes/hibiscus/33332-hibiscus-syriacus.html
33175-16960;586964;168;20170121;https://www.jardiland.com/plantes/arbres-et-arbustes-d-ornement/arbres-et-arbustes/elaeagnus/33175-elaeagnus-x-ebbingei-eleadorr-lannou-pbr.html
33180-24296;742545;168;20170121;https://www.jardiland.com/plantes/arbres-et-arbustes-d-ornement/arbres-et-arbustes/elaeagnus/33180-elaeagnus-x-ebbingei-limelight.html
33173-16976;587027;168;20170121;https://www.jardiland.com/plantes/arbres-et-arbustes-d-ornement/arbres-et-arbustes/elaeagnus/33173-elaeagnus-x-ebbingei.html
33068-16355;583132;168;20170121;https://www.jardiland.com/plantes/arbres-et-arbustes-d-ornement/arbres-et-arbustes/ceanothe/33068-ceanothus-x-delilianus-henri-defosse.html
33074-16382;583325;168;20170121;https://www.jardiland.com/plantes/arbres-et-arbustes-d-ornement/arbres-et-arbustes/ceanothe/33074-ceanothe-rampant.html
