ID_WEB;ID_JDN;CODEMAG;DATE_ASPI;URLPRODUIT
81454-78269;857156;233;20170131;https://www.jardiland.com/maison-deco/beaute-bien-tre/cosmetiques/savon/81454-savon-pur-vegetal.html
81454-78267;857153;233;20170131;https://www.jardiland.com/maison-deco/beaute-bien-tre/cosmetiques/savon/81454-savon-pur-vegetal.html
81447-81046;982344;233;20170131;https://www.jardiland.com/maison-deco/beaute-bien-tre/cosmetiques/huile-essentielle/81447-huile-essentielle.html
82519-73343;1440995;233;20170131;https://www.jardiland.com/maison-deco/epicerie-fine/epicerie-sucree/confiserie/82519-part-de-nougat-tendre-120g.html
82519-73342;1440994;233;20170131;https://www.jardiland.com/maison-deco/epicerie-fine/epicerie-sucree/confiserie/82519-part-de-nougat-tendre-120g.html
4809-4809;982984;233;20170131;https://www.jardiland.com/maison-deco/epicerie-fine/epicerie-sucree/biscuit/4809-croccantini-chocolat-et-noisettes-du-piemont.html
69659-69659;1432069;233;20170131;https://www.jardiland.com/maison-deco/art-de-la-table/linge-de-table/set-de-table/69659-set-de-table-uni-taupe-33x48cm.html
69658-69658;1432070;233;20170131;https://www.jardiland.com/maison-deco/art-de-la-table/linge-de-table/set-de-table/69658-set-de-table-uni-orange-33x48cm.html
69677-69677;1432051;233;20170131;https://www.jardiland.com/maison-deco/art-de-la-table/linge-de-table/set-de-table/69677-set-de-table-gris-33x48cm.html
1260-1260;1274152;233;20170131;https://www.jardiland.com/maison-deco/art-de-la-table/linge-de-table/chemin-de-table/1260-chemin-de-table-ivoire.html
69679-69679;1432049;233;20170131;https://www.jardiland.com/maison-deco/art-de-la-table/linge-de-table/chemin-de-table/69679-chemin-de-table-gris-40x140cm.html
32856-41486;885280;233;20170131;https://www.jardiland.com/maison-deco/cache-pot-d-interieur/a-reserve-d-eau/resine/32856-pot-cubico-cottage.html
81701-73696;1014326;233;20170131;https://www.jardiland.com/maison-deco/cache-pot-d-interieur/a-reserve-d-eau/fibre/81701-pot-claire.html
32844-49265;1294573;233;20170131;https://www.jardiland.com/maison-deco/cache-pot-d-interieur/a-reserve-d-eau/plastique/32844-pot-a-reserve-d-eau-doko.html
82179-73699;1014341;233;20170131;https://www.jardiland.com/maison-deco/cache-pot-d-interieur/cache-pot-simple/pot-special-orchidee-et-accessoires/82179-pot-orchidee-d13-h14-1.html
48244-47460;1405991;233;20170131;https://www.jardiland.com/maison-deco/cache-pot-d-interieur/cache-pot-simple/ceramique/48244-pot-b-for-soft-carre.html
32866-12557;1394007;233;20170131;https://www.jardiland.com/maison-deco/cache-pot-d-interieur/cache-pot-simple/cache-pot-aimante/32866-pot-aimante-cube-kalamitica.html
68184-68184;1464101;233;20170131;https://www.jardiland.com/maison-deco/librairie-papeterie/librairie/livre-jardin/68184-jardinez-avec-la-lune-2017-1.html
71887-71887;1229509;233;20170131;https://www.jardiland.com/maison-deco/librairie-papeterie/papeterie/carte/71887-carte-92x77mm-tout-simplement.html
69345-69345;1429024;233;20170131;https://www.jardiland.com/maison-deco/librairie-papeterie/papeterie/carte/69345-carte-92x77mm-sinceres-condoleances-mod4-1.html
71556-71556;1265481;233;20170131;https://www.jardiland.com/maison-deco/librairie-papeterie/librairie/livre-jardin/71556-bases-pour-jardiner-ne.html
69003-69003;1434075;233;20170131;https://www.jardiland.com/maison-deco/objets-de-decoration/plantes-artificielles/plante-et-fleur/69003-violettes-dans-pot-17cm-rose.html
69004-69004;1434074;233;20170131;https://www.jardiland.com/maison-deco/objets-de-decoration/plantes-artificielles/plante-et-fleur/69004-violettes-dans-pot-17cm-blanc.html
67668-67668;1474385;233;20170131;https://www.jardiland.com/maison-deco/objets-de-decoration/plantes-artificielles/plante-et-fleur/67668-mini-phalaeno-en-pot-creme-25-cm.html
68546-68546;1454822;233;20170131;https://www.jardiland.com/maison-deco/objets-de-decoration/plantes-artificielles/tige-fleurie/68546-eucalyptus-argent-71cm.html
68565-68565;1454803;233;20170131;https://www.jardiland.com/maison-deco/objets-de-decoration/plantes-artificielles/plante-et-fleur/68565-conifere-chute-glacee-91cm.html
68564-68564;1454804;233;20170131;https://www.jardiland.com/maison-deco/objets-de-decoration/plantes-artificielles/plante-et-fleur/68564-conifere-chute-glacee-73cm.html
69019-69019;1434032;233;20170131;https://www.jardiland.com/maison-deco/objets-de-decoration/plantes-artificielles/plante-et-fleur/69019-buis-boule-d40cm.html
69793-69793;1414131;233;20170131;https://www.jardiland.com/maison-deco/objets-de-decoration/plantes-artificielles/bouquet-et-composition/69793-bqt-rose-hydrangea-30-cm-marron-orange.html
69026-69026;1434012;233;20170131;https://www.jardiland.com/maison-deco/objets-de-decoration/plantes-artificielles/tige-fleurie/69026-asparagus-bouquet-114cm.html
69887-69887;1409859;233;20170131;https://www.jardiland.com/maison-deco/objets-de-decoration/vases-coupes-et-accessoires/pot-et-coupe/69887-vase-ceramique-motif-marron-d19-5x31cm.html
70563-70563;1393550;233;20170131;https://www.jardiland.com/maison-deco/objets-de-decoration/vases-coupes-et-accessoires/pot-et-coupe/70563-goutte-en-verre-a-suspendre-dd10-9x20cm.html
71944-71944;1021987;233;20170131;https://www.jardiland.com/maison-deco/objets-de-decoration/vases-coupes-et-accessoires/accessoires-de-composition-florale/71944-coupe-tout-h15cm.html
66268-66268;701390;233;20170131;https://www.jardiland.com/maison-deco/objets-de-decoration/vases-coupes-et-accessoires/accessoires-de-composition-florale/66268-coupe-sandwich-26x12-blanc.html
83511-79481;1484440;233;20170131;https://www.jardiland.com/maison-deco/objets-de-decoration/bougies-et-senteurs/support-et-accessoires/83511-photophore-teal-vine.html
83511-79480;1484441;233;20170131;https://www.jardiland.com/maison-deco/objets-de-decoration/bougies-et-senteurs/support-et-accessoires/83511-photophore-teal-vine.html
32918-55701;1320687;233;20170131;https://www.jardiland.com/maison-deco/objets-de-decoration/bougies-et-senteurs/parfum-d-ambiance-diffuseur-a-froid/32918-parfum-goatier-cocoon.html
81462-80447;932830;233;20170131;https://www.jardiland.com/maison-deco/objets-de-decoration/bougies-et-senteurs/diffuseur-de-parfum-et-recharge/81462-huile-parfumee-15ml.html
81462-80445;932822;233;20170131;https://www.jardiland.com/maison-deco/objets-de-decoration/bougies-et-senteurs/diffuseur-de-parfum-et-recharge/81462-huile-parfumee-15ml.html
81462-73253;1443253;233;20170131;https://www.jardiland.com/maison-deco/objets-de-decoration/bougies-et-senteurs/diffuseur-de-parfum-et-recharge/81462-huile-parfumee-15ml.html
81462-73251;1443249;233;20170131;https://www.jardiland.com/maison-deco/objets-de-decoration/bougies-et-senteurs/diffuseur-de-parfum-et-recharge/81462-huile-parfumee-15ml.html
81462-73250;1443248;233;20170131;https://www.jardiland.com/maison-deco/objets-de-decoration/bougies-et-senteurs/diffuseur-de-parfum-et-recharge/81462-huile-parfumee-15ml.html
81462-73249;1443247;233;20170131;https://www.jardiland.com/maison-deco/objets-de-decoration/bougies-et-senteurs/diffuseur-de-parfum-et-recharge/81462-huile-parfumee-15ml.html
41198-41198;1418987;233;20170131;https://www.jardiland.com/maison-deco/objets-de-decoration/bougies-et-senteurs/parfum-d-ambiance-diffuseur-a-froid/41198-cube-bouquet-parfume-caresse-de-coton-lampe-berger.html
81336-72912;1449228;233;20170131;https://www.jardiland.com/maison-deco/objets-de-decoration/bougies-et-senteurs/diffuseur-de-parfum-et-recharge/81336-brule-parfum-petal-bowl.html
70254-70254;1402883;233;20170131;https://www.jardiland.com/maison-deco/objets-de-decoration/bougies-et-senteurs/parfum-d-ambiance-diffuseur-a-froid/70254-bouquet-parfume-cube-zeste-de-verveine.html
81402-72937;1449127;233;20170131;https://www.jardiland.com/maison-deco/objets-de-decoration/bougies-et-senteurs/bougie-parfumee/81402-bougie-glace-d-ete.html
81172-72949;1449105;233;20170131;https://www.jardiland.com/maison-deco/objets-de-decoration/bougies-et-senteurs/bougie-parfumee/81172-bougie-framboise-rouge.html
68491-68491;1455069;233;20170131;https://www.jardiland.com/maison-deco/objets-de-decoration/bougeoirs-photophores-et-lanternes/bougeoir-et-photophore-deco/68491-set-de-3-photophores-3-ast.html
69217-69217;1432390;233;20170131;https://www.jardiland.com/maison-deco/objets-de-decoration/bougeoirs-photophores-et-lanternes/lanterne/69217-lanterne-bois-blanc-26x26x48cm.html
67640-67640;1475394;233;20170131;https://www.jardiland.com/animaux/oiseau-de-la-nature/nichoir/67640-nichoir-nature.html
67646-67646;1475388;233;20170131;https://www.jardiland.com/animaux/oiseau-de-la-nature/nichoir/67646-nichoir-entrees-multiples-pour-oiseaux-sauvages.html
67645-67645;1475389;233;20170131;https://www.jardiland.com/animaux/oiseau-de-la-nature/nichoir/67645-nichoir-a-oiseaux.html
67643-67643;1475391;233;20170131;https://www.jardiland.com/animaux/oiseau-de-la-nature/mangeoire-et-distributeur/67643-mangeoire-rustique-h-18-cm.html
2249-2249;1368133;233;20170131;https://www.jardiland.com/animaux/oiseau-de-la-nature/mangeoire-et-distributeur/2249-mangeoire-ring.html
67644-67644;1475390;233;20170131;https://www.jardiland.com/animaux/oiseau-de-la-nature/mangeoire-et-distributeur/67644-mangeoire-pour-graines-rustique-h-18-cm.html
32321-11437;1368132;233;20170131;https://www.jardiland.com/animaux/oiseau-de-la-nature/alimentation/32321-aliment-pour-oiseaux-de-la-nature.html
32321-11434;1368129;233;20170131;https://www.jardiland.com/animaux/oiseau-de-la-nature/alimentation/32321-aliment-pour-oiseaux-de-la-nature.html
81789-77585;737348;233;20170131;https://www.jardiland.com/animaux/reptiles-et-insectes/alimentation/boite-et-lyophilisee/81789-nourriture-sauterelles-sauvages.html
81789-77584;737349;233;20170131;https://www.jardiland.com/animaux/reptiles-et-insectes/alimentation/boite-et-lyophilisee/81789-nourriture-sauterelles-sauvages.html
42198-42198;538854;233;20170131;https://www.jardiland.com/animaux/oiseau/hygiene-et-soins/fond-de-cage/42198-sable-vita-sandy.html
68899-68899;1435357;233;20170131;https://www.jardiland.com/animaux/oiseau/hygiene-et-soins/soin-de-l-animal/68899-os-de-seiche-x2-avec-support.html
67137-67137;1487318;233;20170131;https://www.jardiland.com/animaux/oiseau/cages-volieres-et-accessoires/voliere/67137-voliere-arabesque-mathilde-taupe-78cm.html
32298-14983;537112;233;20170131;https://www.jardiland.com/animaux/oiseau/cages-volieres-et-accessoires/equipement-de-cage-et-voliere/32298-perchoir-en-bois-et-ciment.html
81924-72529;1402934;233;20170131;https://www.jardiland.com/animaux/oiseau/cages-volieres-et-accessoires/equipement-de-cage-et-voliere/81924-echelle-bois-et-corde.html
68382-68382;1457281;233;20170131;https://www.jardiland.com/animaux/oiseau/cages-volieres-et-accessoires/equipement-de-cage-et-voliere/68382-balle-tetines-24cm.html
66869-66869;538537;233;20170131;https://www.jardiland.com/animaux/oiseau/alimentation-et-friandises/complement-nutritionnel/66869-orlux-gold-patee-colorante-250g.html
42191-42191;870211;233;20170131;https://www.jardiland.com/animaux/oiseau/alimentation-et-friandises/complement-nutritionnel/42191-millet-en-grappe.html
82541-73362;1440837;233;20170131;https://www.jardiland.com/animaux/oiseau/alimentation-et-friandises/friandise/82541-crunchy-stick-perruche.html
82541-73361;1440838;233;20170131;https://www.jardiland.com/animaux/oiseau/alimentation-et-friandises/friandise/82541-crunchy-stick-perruche.html
82540-73363;1440834;233;20170131;https://www.jardiland.com/animaux/oiseau/alimentation-et-friandises/friandise/82540-crunchy-stick-perroquet.html
82540-73360;1440833;233;20170131;https://www.jardiland.com/animaux/oiseau/alimentation-et-friandises/friandise/82540-crunchy-stick-perroquet.html
82538-73366;1440830;233;20170131;https://www.jardiland.com/animaux/oiseau/alimentation-et-friandises/friandise/82538-crunchy-stick-grande-perruche.html
82538-73365;1440831;233;20170131;https://www.jardiland.com/animaux/oiseau/alimentation-et-friandises/friandise/82538-crunchy-stick-grande-perruche.html
82536-73368;1440827;233;20170131;https://www.jardiland.com/animaux/oiseau/alimentation-et-friandises/friandise/82536-crunchy-stick-exotique.html
82536-73367;1440828;233;20170131;https://www.jardiland.com/animaux/oiseau/alimentation-et-friandises/friandise/82536-crunchy-stick-exotique.html
82522-73369;1440825;233;20170131;https://www.jardiland.com/animaux/oiseau/alimentation-et-friandises/friandise/82522-crunchy-stick-canari.html
82522-73364;1440823;233;20170131;https://www.jardiland.com/animaux/oiseau/alimentation-et-friandises/friandise/82522-crunchy-stick-canari.html
82522-73356;1440824;233;20170131;https://www.jardiland.com/animaux/oiseau/alimentation-et-friandises/friandise/82522-crunchy-stick-canari.html
60059-60059;544304;233;20170131;https://www.jardiland.com/animaux/poisson/entretien-et-soins/produit-pour-plante/60059-sera-co2-tabs-plus.html
43359-53927;544393;233;20170131;https://www.jardiland.com/animaux/poisson/entretien-et-soins/produit-pour-l-eau/43359-sera-baktopur.html
68267-68267;1463242;233;20170131;https://www.jardiland.com/animaux/poisson/materiel-chauffage-filtres-et-pompes/aeration/68267-ventouses-tuyau-a-air-x4-1.html
68889-68889;1436798;233;20170131;https://www.jardiland.com/animaux/poisson/materiel-chauffage-filtres-et-pompes/filtre-interieur/68889-new-rena-superclean-90-1.html
68891-68891;1436795;233;20170131;https://www.jardiland.com/animaux/poisson/materiel-chauffage-filtres-et-pompes/filtre-interieur/68891-new-rena-superclean-20-1.html
81621-73026;1457277;233;20170131;https://www.jardiland.com/animaux/poisson/materiel-chauffage-filtres-et-pompes/aeration/81621-new-rena-air.html
67605-67605;1476253;233;20170131;https://www.jardiland.com/animaux/poisson/materiel-chauffage-filtres-et-pompes/chauffage/67605-jard-thermometre-digital-exterieur.html
67548-67548;1477965;233;20170131;https://www.jardiland.com/animaux/poisson/materiel-chauffage-filtres-et-pompes/nettoyage-aquarium/67548-jard-siphon.html
67941-67941;1473550;233;20170131;https://www.jardiland.com/animaux/poisson/materiel-chauffage-filtres-et-pompes/nettoyage-aquarium/67941-jard-epuisette-ronde-10cm.html
82766-74970;1473541;233;20170131;https://www.jardiland.com/animaux/poisson/materiel-chauffage-filtres-et-pompes/nettoyage-aquarium/82766-jard-epuisette-maille-fine.html
82766-74969;1473543;233;20170131;https://www.jardiland.com/animaux/poisson/materiel-chauffage-filtres-et-pompes/nettoyage-aquarium/82766-jard-epuisette-maille-fine.html
82478-75894;1475826;233;20170131;https://www.jardiland.com/animaux/poisson/materiel-chauffage-filtres-et-pompes/aeration/82478-jard-diffuseur-d-air-barre.html
82481-75892;1475829;233;20170131;https://www.jardiland.com/animaux/poisson/materiel-chauffage-filtres-et-pompes/aeration/82481-jard-diffuseur-d-air-3cm.html
82481-75886;1475828;233;20170131;https://www.jardiland.com/animaux/poisson/materiel-chauffage-filtres-et-pompes/aeration/82481-jard-diffuseur-d-air-3cm.html
67606-67606;1476251;233;20170131;https://www.jardiland.com/animaux/poisson/materiel-chauffage-filtres-et-pompes/nettoyage-aquarium/67606-jard-aspirateur-a-piles.html
32535-29883;957379;233;20170131;https://www.jardiland.com/animaux/poisson/materiel-chauffage-filtres-et-pompes/nettoyage-aquarium/32535-epuisette-grande-maille.html
68886-68886;1436801;233;20170131;https://www.jardiland.com/animaux/poisson/materiel-chauffage-filtres-et-pompes/masse-de-filtration/68886-crystal-20-x6-1.html
297-297;1017195;233;20170131;https://www.jardiland.com/animaux/poisson/materiel-chauffage-filtres-et-pompes/aeration/297-aerateur-pour-aquarium-bubblemaker.html
5318-5318;867730;233;20170131;https://www.jardiland.com/animaux/poisson/decoration-pour-aquarium/sable-et-autres-graviers/5318-quartz-naturel-fin-15-kg.html
81339-72806;1453027;233;20170131;https://www.jardiland.com/animaux/poisson/decoration-pour-aquarium/sable-et-autres-graviers/81339-quartz-fluo-pour-aquarium-1-kg.html
81339-72805;1453026;233;20170131;https://www.jardiland.com/animaux/poisson/decoration-pour-aquarium/sable-et-autres-graviers/81339-quartz-fluo-pour-aquarium-1-kg.html
81339-72804;1453023;233;20170131;https://www.jardiland.com/animaux/poisson/decoration-pour-aquarium/sable-et-autres-graviers/81339-quartz-fluo-pour-aquarium-1-kg.html
81339-72801;1453025;233;20170131;https://www.jardiland.com/animaux/poisson/decoration-pour-aquarium/sable-et-autres-graviers/81339-quartz-fluo-pour-aquarium-1-kg.html
5419-5419;958034;233;20170131;https://www.jardiland.com/animaux/poisson/decoration-pour-aquarium/plante-artificielle/5419-plante-artificielle-pont-aquatic.html
70209-70209;1407979;233;20170131;https://www.jardiland.com/animaux/poisson/decoration-pour-aquarium/plante-artificielle/70209-massif-mm-mauve.html
68258-68258;1463834;233;20170131;https://www.jardiland.com/animaux/poisson/decoration-pour-aquarium/decoration-d-aquarium/68258-liana-sm-75cm.html
81331-72803;1453015;233;20170131;https://www.jardiland.com/animaux/poisson/decoration-pour-aquarium/sable-et-autres-graviers/81331-jard-quartz-deco-1kg.html
72039-72039;1014825;233;20170131;https://www.jardiland.com/animaux/poisson/decoration-pour-aquarium/plante-artificielle/72039-feuillage-mm-2-brins-bambou.html
1309-1309;1304936;233;20170131;https://www.jardiland.com/animaux/poisson/decoration-pour-aquarium/decoration-d-aquarium/1309-decor-pour-aquarium-zen-garden.html
32409-6551;1014759;233;20170131;https://www.jardiland.com/animaux/poisson/decoration-pour-aquarium/plante-artificielle/32409-decor-pour-aquarium-mini-massif.html
1311-1311;1304951;233;20170131;https://www.jardiland.com/animaux/poisson/decoration-pour-aquarium/decoration-d-aquarium/1311-decor-pour-aquarium-maison-de-bois.html
2183-2183;1365624;233;20170131;https://www.jardiland.com/animaux/poisson/decoration-pour-aquarium/plante-artificielle/2183-decor-pour-aquarium-coupe-gazon-nano.html
2181-2181;1365614;233;20170131;https://www.jardiland.com/animaux/poisson/decoration-pour-aquarium/plante-artificielle/2181-decor-pour-aquarium-algue-epee-pierre-rose.html
32415-29921;958021;233;20170131;https://www.jardiland.com/animaux/poisson/decoration-pour-aquarium/plante-artificielle/32415-decor-bambou-plante-sur-fond.html
81365-75502;1480246;233;20170131;https://www.jardiland.com/animaux/poisson/aquariums/aquarium-decoratif/81365-tetra-betta-projector.html
65034-65011;1487307;233;20170131;https://www.jardiland.com/animaux/poisson/aquariums/aquarium-pour-poisson-d-eau-chaude/65034-aquarium-led-confort-60-1.html
66221-66221;734731;233;20170131;https://www.jardiland.com/animaux/basse-cour/poulaillers-clapiers-et-accessoires/equipement/66221-support-de-lampe-chauffante-avec-protection.html
68256-68256;1465507;233;20170131;https://www.jardiland.com/animaux/basse-cour/aliments/complement-nutritionnel/68256-pack-vers-o-net-volaille-2x250ml.html
31802-15211;542909;233;20170131;https://www.jardiland.com/animaux/chat/colliers-laisses-et-harnais/laisse/31802-laisse-pour-chat-tete-de-chat.html
81916-76505;1465573;233;20170131;https://www.jardiland.com/animaux/chat/colliers-laisses-et-harnais/laisse/81916-laisse-chat-sardine-1m.html
81916-76503;1465574;233;20170131;https://www.jardiland.com/animaux/chat/colliers-laisses-et-harnais/laisse/81916-laisse-chat-sardine-1m.html
81916-76486;1465575;233;20170131;https://www.jardiland.com/animaux/chat/colliers-laisses-et-harnais/laisse/81916-laisse-chat-sardine-1m.html
82588-73437;1245970;233;20170131;https://www.jardiland.com/animaux/chat/colliers-laisses-et-harnais/laisse/82588-laisse-chat-basic-line-nylon-1-20m.html
82588-73413;1245961;233;20170131;https://www.jardiland.com/animaux/chat/colliers-laisses-et-harnais/laisse/82588-laisse-chat-basic-line-nylon-1-20m.html
82588-73394;1245870;233;20170131;https://www.jardiland.com/animaux/chat/colliers-laisses-et-harnais/laisse/82588-laisse-chat-basic-line-nylon-1-20m.html
82339-72294;1401265;233;20170131;https://www.jardiland.com/animaux/chat/colliers-laisses-et-harnais/harnais/82339-harnais-laisse-reflecto.html
81914-76488;1465578;233;20170131;https://www.jardiland.com/animaux/chat/colliers-laisses-et-harnais/harnais/81914-harnais-chat-sardine-10mm.html
82587-73443;1246117;233;20170131;https://www.jardiland.com/animaux/chat/colliers-laisses-et-harnais/harnais/82587-harnais-chat-basic-line-nylon.html
82587-73379;1245601;233;20170131;https://www.jardiland.com/animaux/chat/colliers-laisses-et-harnais/harnais/82587-harnais-chat-basic-line-nylon.html
81921-76509;1465570;233;20170131;https://www.jardiland.com/animaux/chat/colliers-laisses-et-harnais/collier/81921-collier-chat-sardine-30cm.html
82336-72308;1401250;233;20170131;https://www.jardiland.com/animaux/chat/colliers-laisses-et-harnais/collier/82336-collier-chat-reflecto.html
82586-81155;970137;233;20170131;https://www.jardiland.com/animaux/chat/colliers-laisses-et-harnais/collier/82586-collier-chat-original.html
82586-73386;1245733;233;20170131;https://www.jardiland.com/animaux/chat/colliers-laisses-et-harnais/collier/82586-collier-chat-original.html
81830-76536;1465559;233;20170131;https://www.jardiland.com/animaux/chat/colliers-laisses-et-harnais/collier/81830-collier-chat-ladycat-30cm.html
82585-81156;970136;233;20170131;https://www.jardiland.com/animaux/chat/colliers-laisses-et-harnais/collier/82585-collier-chat-fantaisie.html
82585-73439;1245984;233;20170131;https://www.jardiland.com/animaux/chat/colliers-laisses-et-harnais/collier/82585-collier-chat-fantaisie.html
82592-73383;1245703;233;20170131;https://www.jardiland.com/animaux/chat/colliers-laisses-et-harnais/collier/82592-collier-chat-elastic.html
82602-73395;1245874;233;20170131;https://www.jardiland.com/animaux/chat/colliers-laisses-et-harnais/collier/82602-collier-chat-basic-line-nylon.html
82602-73392;1245821;233;20170131;https://www.jardiland.com/animaux/chat/colliers-laisses-et-harnais/collier/82602-collier-chat-basic-line-nylon.html
82602-73377;1245534;233;20170131;https://www.jardiland.com/animaux/chat/colliers-laisses-et-harnais/collier/82602-collier-chat-basic-line-nylon.html
70538-70538;1394707;233;20170131;https://www.jardiland.com/animaux/chat/coussins-et-paniers-de-transport/coussin-et-corbeille-pour-chat/70538-pyramide-deluxe-theme-36cm.html
70539-70539;1394706;233;20170131;https://www.jardiland.com/animaux/chat/coussins-et-paniers-de-transport/coussin-et-corbeille-pour-chat/70539-igloo-pm-deluxe-theme.html
70537-70537;1394708;233;20170131;https://www.jardiland.com/animaux/chat/coussins-et-paniers-de-transport/coussin-et-corbeille-pour-chat/70537-couffin-deluxe-theme-37cm.html
70536-70536;1394709;233;20170131;https://www.jardiland.com/animaux/chat/coussins-et-paniers-de-transport/coussin-et-corbeille-pour-chat/70536-bucket-deluxe-theme-40x25-cm.html
68378-68378;1457712;233;20170131;https://www.jardiland.com/animaux/chat/jeux-et-jouets/68378-bobine-de-laine-balle.html
82466-73338;1440191;233;20170131;https://www.jardiland.com/animaux/chat/arbres-a-chat-et-griffoirs/griffoir/82466-griffoir-en-carton-49x22x8cm.html
82466-73308;1440190;233;20170131;https://www.jardiland.com/animaux/chat/arbres-a-chat-et-griffoirs/griffoir/82466-griffoir-en-carton-49x22x8cm.html
82468-73358;1440194;233;20170131;https://www.jardiland.com/animaux/chat/arbres-a-chat-et-griffoirs/griffoir/82468-griffoir-en-carton-46x22x20cm.html
82468-73357;1440193;233;20170131;https://www.jardiland.com/animaux/chat/arbres-a-chat-et-griffoirs/griffoir/82468-griffoir-en-carton-46x22x20cm.html
68783-68783;1440198;233;20170131;https://www.jardiland.com/animaux/chat/arbres-a-chat-et-griffoirs/arbre-a-chat/68783-arbre-a-chat-pyramide-104cm.html
2283-2283;1373537;233;20170131;https://www.jardiland.com/animaux/chat/arbres-a-chat-et-griffoirs/arbre-a-chat/2283-arbre-a-chat-pesaro-anthracite-104-cm.html
67257-67257;1484937;233;20170131;https://www.jardiland.com/animaux/chat/arbres-a-chat-et-griffoirs/arbre-a-chat/67257-arbre-a-chat-jump-noir.html
5430-5430;877318;233;20170131;https://www.jardiland.com/animaux/chat/arbres-a-chat-et-griffoirs/arbre-a-chat/5430-arbre-a-chat-fish.html
31766-28902;922786;233;20170131;https://www.jardiland.com/animaux/chat/arbres-a-chat-et-griffoirs/arbre-a-chat/31766-arbre-a-chat-draco.html
31766-23914;730574;233;20170131;https://www.jardiland.com/animaux/chat/arbres-a-chat-et-griffoirs/arbre-a-chat/31766-arbre-a-chat-draco.html
5639-5639;970187;233;20170131;https://www.jardiland.com/animaux/chat/arbres-a-chat-et-griffoirs/arbre-a-chat/5639-arbre-a-chat-azur-bleuagris.html
67628-67628;1475667;233;20170131;https://www.jardiland.com/animaux/chat/hygiene-soins-et-litieres/soin-de-toilettage/67628-shampoing-aux-extraits-de-bouleau-250ml.html
31823-10931;1369763;233;20170131;https://www.jardiland.com/animaux/chat/hygiene-soins-et-litieres/bac-a-litiere-et-maison-de-toilette/31823-maison-de-toilette-cathy.html
69470-69470;1418908;233;20170131;https://www.jardiland.com/animaux/chat/hygiene-soins-et-litieres/soins-pour-chat/69470-feliway-recharge-48ml.html
62895-62858;1439155;233;20170131;https://www.jardiland.com/animaux/chat/alimentation-et-friandises/boite-et-sachet-fraicheur/62895-schesir-patee-pour-chats-70-g.html
32657-7960;1250579;233;20170131;https://www.jardiland.com/animaux/rongeurs-et-petits-mammiferes/jouets-et-exercices/roue-tube-et-autres-accessoires-de-jeux/32657-roue-silencieuse-orbital.html
1650-1650;1371018;233;20170131;https://www.jardiland.com/animaux/rongeurs-et-petits-mammiferes/jouets-et-exercices/roue-tube-et-autres-accessoires-de-jeux/1650-bois-a-ronger-petit-modele-monster.html
82747-74794;1474197;233;20170131;https://www.jardiland.com/animaux/rongeurs-et-petits-mammiferes/aliments-et-friandises/friandise/82747-crunchy-pearls-45g.html
82747-74788;1474195;233;20170131;https://www.jardiland.com/animaux/rongeurs-et-petits-mammiferes/aliments-et-friandises/friandise/82747-crunchy-pearls-45g.html
81635-77215;1458557;233;20170131;https://www.jardiland.com/animaux/chien/soins-antiparasitaires/insectifuge/81635-clearspot.html
1024-1024;1336281;233;20170131;https://www.jardiland.com/animaux/chien/hygiene-et-soins/soin-de-toilettage/1024-shampooing-anti-odeurs-pour-chien.html
67629-67629;1475666;233;20170131;https://www.jardiland.com/animaux/chien/hygiene-et-soins/soin-de-toilettage/67629-shampoing-huile-d-amande-douce-250ml.html
82805-74434;1327525;233;20170131;https://www.jardiland.com/animaux/chien/hygiene-et-soins/hygiene-et-soin/82805-culotte-chien-d-d-modele-brave.html
82805-74425;1327528;233;20170131;https://www.jardiland.com/animaux/chien/hygiene-et-soins/hygiene-et-soin/82805-culotte-chien-d-d-modele-brave.html
82805-74424;1327527;233;20170131;https://www.jardiland.com/animaux/chien/hygiene-et-soins/hygiene-et-soin/82805-culotte-chien-d-d-modele-brave.html
82805-74403;1327524;233;20170131;https://www.jardiland.com/animaux/chien/hygiene-et-soins/hygiene-et-soin/82805-culotte-chien-d-d-modele-brave.html
82805-74394;1327526;233;20170131;https://www.jardiland.com/animaux/chien/hygiene-et-soins/hygiene-et-soin/82805-culotte-chien-d-d-modele-brave.html
68148-68148;1467271;233;20170131;https://www.jardiland.com/animaux/chien/hygiene-et-soins/soin-de-toilettage/68148-coupe-ongle-large.html
68136-68136;1467889;233;20170131;https://www.jardiland.com/animaux/chien/hygiene-et-soins/soin-de-toilettage/68136-brosse-plastique-douce-small.html
2432-2432;1378593;233;20170131;https://www.jardiland.com/animaux/chien/colliers-laisses-et-vetements/laisse-pour-chien/2432-vario-s-5-m-sangle-marron.html
65623-65623;919929;233;20170131;https://www.jardiland.com/animaux/chien/colliers-laisses-et-vetements/accessoires/65623-recharge-bonton.html
32077-7781;1256133;233;20170131;https://www.jardiland.com/animaux/chien/colliers-laisses-et-vetements/laisse-pour-chien/32077-laisse-pour-chien-black-and-than.html
46041-52343;926801;233;20170131;https://www.jardiland.com/animaux/chien/colliers-laisses-et-vetements/laisse-pour-chien/46041-laisse-pour-chien-avec-bord-arrondi.html
46041-39525;739455;233;20170131;https://www.jardiland.com/animaux/chien/colliers-laisses-et-vetements/laisse-pour-chien/46041-laisse-pour-chien-avec-bord-arrondi.html
50832-50737;679293;233;20170131;https://www.jardiland.com/animaux/chien/colliers-laisses-et-vetements/laisse-pour-chien/50832-laisse-nylon-corde-lasso.html
82375-72548;1371959;233;20170131;https://www.jardiland.com/animaux/chien/colliers-laisses-et-vetements/laisse-pour-chien/82375-laisse-metal-forte-corde-wouapy.html
82375-72547;1371957;233;20170131;https://www.jardiland.com/animaux/chien/colliers-laisses-et-vetements/laisse-pour-chien/82375-laisse-metal-forte-corde-wouapy.html
62909-78595;739413;233;20170131;https://www.jardiland.com/animaux/chien/colliers-laisses-et-vetements/laisse-pour-chien/62909-laisse-confort-nylon.html
62909-8002;1256775;233;20170131;https://www.jardiland.com/animaux/chien/colliers-laisses-et-vetements/laisse-pour-chien/62909-laisse-confort-nylon.html
62909-7995;1256754;233;20170131;https://www.jardiland.com/animaux/chien/colliers-laisses-et-vetements/laisse-pour-chien/62909-laisse-confort-nylon.html
62909-7994;1256753;233;20170131;https://www.jardiland.com/animaux/chien/colliers-laisses-et-vetements/laisse-pour-chien/62909-laisse-confort-nylon.html
82580-73397;1245697;233;20170131;https://www.jardiland.com/animaux/chien/colliers-laisses-et-vetements/laisse-pour-chien/82580-laisse-basic-line-nylon.html
32003-13302;1403908;233;20170131;https://www.jardiland.com/animaux/chien/colliers-laisses-et-vetements/accessoires/32003-harnais-d-utilite-pour-chien.html
82649-73304;1443679;233;20170131;https://www.jardiland.com/animaux/chien/colliers-laisses-et-vetements/harnais/82649-harnais-baudrier-confort.html
82649-73278;1443692;233;20170131;https://www.jardiland.com/animaux/chien/colliers-laisses-et-vetements/harnais/82649-harnais-baudrier-confort.html
82649-73275;1443699;233;20170131;https://www.jardiland.com/animaux/chien/colliers-laisses-et-vetements/harnais/82649-harnais-baudrier-confort.html
82649-73272;1443696;233;20170131;https://www.jardiland.com/animaux/chien/colliers-laisses-et-vetements/harnais/82649-harnais-baudrier-confort.html
82649-73271;1443695;233;20170131;https://www.jardiland.com/animaux/chien/colliers-laisses-et-vetements/harnais/82649-harnais-baudrier-confort.html
82649-72891;1444298;233;20170131;https://www.jardiland.com/animaux/chien/colliers-laisses-et-vetements/harnais/82649-harnais-baudrier-confort.html
82594-73463;1245953;233;20170131;https://www.jardiland.com/animaux/chien/colliers-laisses-et-vetements/harnais/82594-harnais-basic-line-nylon.html
82594-73422;1245949;233;20170131;https://www.jardiland.com/animaux/chien/colliers-laisses-et-vetements/harnais/82594-harnais-basic-line-nylon.html
32036-11776;1372419;233;20170131;https://www.jardiland.com/animaux/chien/colliers-laisses-et-vetements/collier-pour-chien/32036-collier-pour-chien-en-cuir-pique-noir.html
32036-11773;1372416;233;20170131;https://www.jardiland.com/animaux/chien/colliers-laisses-et-vetements/collier-pour-chien/32036-collier-pour-chien-en-cuir-pique-noir.html
32020-79570;1486473;233;20170131;https://www.jardiland.com/animaux/chien/colliers-laisses-et-vetements/collier-pour-chien/32020-collier-pour-chien-confort.html
32020-79395;1486470;233;20170131;https://www.jardiland.com/animaux/chien/colliers-laisses-et-vetements/collier-pour-chien/32020-collier-pour-chien-confort.html
32012-15132;540850;233;20170131;https://www.jardiland.com/animaux/chien/colliers-laisses-et-vetements/collier-pour-chien/32012-collier-pour-chien-avec-bord-arrondi.html
81207-73466;1231487;233;20170131;https://www.jardiland.com/animaux/chien/colliers-laisses-et-vetements/collier-pour-chien/81207-collier-luxe-fantaisie-theme.html
81785-81157;970129;233;20170131;https://www.jardiland.com/animaux/chien/colliers-laisses-et-vetements/collier-pour-chien/81785-collier-etrangleur-metal.html
82591-73393;1245866;233;20170131;https://www.jardiland.com/animaux/chien/colliers-laisses-et-vetements/collier-pour-chien/82591-collier-basic-line-nylon.html
82591-73390;1245785;233;20170131;https://www.jardiland.com/animaux/chien/colliers-laisses-et-vetements/collier-pour-chien/82591-collier-basic-line-nylon.html
82591-73378;1245538;233;20170131;https://www.jardiland.com/animaux/chien/colliers-laisses-et-vetements/collier-pour-chien/82591-collier-basic-line-nylon.html
68216-68216;1485193;233;20170131;https://www.jardiland.com/animaux/chien/colliers-laisses-et-vetements/accessoires/68216-clicker-de-dressage-pour-chien.html
83495-79746;1486494;233;20170131;https://www.jardiland.com/animaux/chien/colliers-laisses-et-vetements/collier-pour-chien/83495-accouple-nylon.html
68293-68293;1462427;233;20170131;https://www.jardiland.com/animaux/chien/jeux-et-jouets/jouet-en-caoutchouc-et-latex/68293-rugby-bumper-10-cm.html
81641-75764;1483776;233;20170131;https://www.jardiland.com/animaux/chien/jeux-et-jouets/autres-jouets/81641-jouet-tpr-tetine-pop.html
81641-75763;1483777;233;20170131;https://www.jardiland.com/animaux/chien/jeux-et-jouets/autres-jouets/81641-jouet-tpr-tetine-pop.html
81639-75766;1483773;233;20170131;https://www.jardiland.com/animaux/chien/jeux-et-jouets/autres-jouets/81639-jouet-tpr-os-pop.html
81637-75741;1483760;233;20170131;https://www.jardiland.com/animaux/chien/jeux-et-jouets/peluche/81637-jouet-peluche-rope-circus-pour-chiens.html
81637-75740;1483761;233;20170131;https://www.jardiland.com/animaux/chien/jeux-et-jouets/peluche/81637-jouet-peluche-rope-circus-pour-chiens.html
68908-68908;1434795;233;20170131;https://www.jardiland.com/animaux/chien/jeux-et-jouets/autres-jouets/68908-jouet-dura-brite-tpr-anneaux.html
65742-65742;901177;233;20170131;https://www.jardiland.com/animaux/chien/jeux-et-jouets/peluche/65742-chien-renifleur.html
32225-10622;1350467;233;20170131;https://www.jardiland.com/animaux/chien/niches-couchage-et-transport/coussin-et-matelas/32225-coussin-plat-feria-bleu.html
32225-10618;1350462;233;20170131;https://www.jardiland.com/animaux/chien/niches-couchage-et-transport/coussin-et-matelas/32225-coussin-plat-feria-bleu.html
32227-59840;1362326;233;20170131;https://www.jardiland.com/animaux/chien/niches-couchage-et-transport/coussin-et-matelas/32227-coussin-ouate-dehoussable-graffiti-vert.html
32219-23532;716324;233;20170131;https://www.jardiland.com/animaux/chien/niches-couchage-et-transport/corbeille/32219-corbeille-pour-chien-siesta-deluxe-6-1.html
65030-65009;1485052;233;20170131;https://www.jardiland.com/animaux/chien/alimentation-et-friandises/biscuit/65030-petits-fourres-au-saumon-et-aux-algues-400-g.html
65030-64990;1485055;233;20170131;https://www.jardiland.com/animaux/chien/alimentation-et-friandises/biscuit/65030-petits-fourres-au-saumon-et-aux-algues-400-g.html
70618-70618;1390051;233;20170131;https://www.jardiland.com/animaux/chien/alimentation-et-friandises/friandise-bucco-dentaire/70618-greenies-regular-x6-mini-pack-170g.html
65029-65008;1485045;233;20170131;https://www.jardiland.com/animaux/chien/alimentation-et-friandises/biscuit/65029-friandises-macarons-pour-chiens.html
65029-65007;1485044;233;20170131;https://www.jardiland.com/animaux/chien/alimentation-et-friandises/biscuit/65029-friandises-macarons-pour-chiens.html
83505-79550;1486143;233;20170131;https://www.jardiland.com/animaux/chien/alimentation-et-friandises/os-a-macher/83505-feedeez-os-presse.html
82284-75390;1469342;233;20170131;https://www.jardiland.com/animaux/chien/alimentation-et-friandises/biscuit/82284-feedeez-oreilles-porc.html
46080-44461;537302;233;20170131;https://www.jardiland.com/animaux/chien/alimentation-et-friandises/croquette-pour-chien/46080-eukanuba-adult-maintenance-moyenne-race.html
82296-72254;1400954;233;20170131;https://www.jardiland.com/animaux/chien/alimentation-et-friandises/croquette-pour-chien/82296-canine-perfect-weight-adult-medium.html
68318-68318;1460778;233;20170131;https://www.jardiland.com/animaux/chien/alimentation-et-friandises/biscuit/68318-ava-batonnets-tors-7-8mm-x25-1.html
81801-77889;640025;233;20170131;https://www.jardiland.com/amenagement-du-jardin/bassins-et-jardin-aquatique/materiel/81801-tuyau-annele.html
66609-66609;640094;233;20170131;https://www.jardiland.com/amenagement-du-jardin/bassins-et-jardin-aquatique/materiel/66609-pompe-elimax-4000-1.html
81802-78459;803070;233;20170131;https://www.jardiland.com/amenagement-du-jardin/bassins-et-jardin-aquatique/materiel/81802-epuisette-rectangulaire.html
68421-68421;1456740;233;20170131;https://www.jardiland.com/amenagement-du-jardin/loisirs-plein-air/piscines/68421-traitement-piscine-hors-sol.html
71942-71942;1208162;233;20170131;https://www.jardiland.com/amenagement-du-jardin/loisirs-plein-air/jouets/71942-poney-avec-selle.html
65181-65181;974805;233;20170131;https://www.jardiland.com/amenagement-du-jardin/loisirs-plein-air/jouets/65181-mini-badmington-2-jeux.html
1498-1498;1305863;233;20170131;https://www.jardiland.com/amenagement-du-jardin/loisirs-plein-air/jouets/1498-figurine-chameau-de-bactriane.html
371-371;1208245;233;20170131;https://www.jardiland.com/amenagement-du-jardin/loisirs-plein-air/jouets/371-figurine-bebe-gorille.html
65668-65668;912977;233;20170131;https://www.jardiland.com/amenagement-du-jardin/loisirs-plein-air/jouets/65668-ballon-beach-foot.html
31283-11047;1360459;233;20170131;https://www.jardiland.com/amenagement-du-jardin/carre-potager/31283-carre-potager-mon-espace-potager.html
68756-68756;1441232;233;20170131;https://www.jardiland.com/amenagement-du-jardin/decorations/statues-et-figurines/68756-paon-metal-94cm.html
71342-71342;1303316;233;20170131;https://www.jardiland.com/amenagement-du-jardin/decorations/statues-et-figurines/71342-lapin-longues-oreilles-22-2x13-8x14-5cm.html
70847-70847;1354637;233;20170131;https://www.jardiland.com/amenagement-du-jardin/decorations/statues-et-figurines/70847-herisson-xxl-30-cm.html
70920-70920;1354487;233;20170131;https://www.jardiland.com/amenagement-du-jardin/decorations/statues-et-figurines/70920-herisson-xl-h-15-2cm.html
70924-70924;1354473;233;20170131;https://www.jardiland.com/amenagement-du-jardin/decorations/statues-et-figurines/70924-escargot-mm-l-29-7-cm.html
70906-70906;1354538;233;20170131;https://www.jardiland.com/amenagement-du-jardin/decorations/statues-et-figurines/70906-crapaud-pm-15-cm.html
65567-65567;925225;233;20170131;https://www.jardiland.com/amenagement-du-jardin/decorations/statues-et-figurines/65567-cocci-noir-pt-jaune-pm-8x10x4-ceramique.html
70913-70913;1354517;233;20170131;https://www.jardiland.com/amenagement-du-jardin/decorations/statues-et-figurines/70913-chouette-harfang-h-33cm.html
71126-71126;1341603;233;20170131;https://www.jardiland.com/amenagement-du-jardin/decorations/statues-et-figurines/71126-bouddha-thai-assis-ii-48cm.html
71127-71127;1341600;233;20170131;https://www.jardiland.com/amenagement-du-jardin/decorations/statues-et-figurines/71127-bouddha-shaolin-ouie-i-25cm.html
69387-69387;1428794;233;20170131;https://www.jardiland.com/amenagement-du-jardin/pots-bacs-jardinieres-et-supports/autres-pots-et-jardinieres/pot-et-jardiniere-en-pierre/69387-pot-rond-gris-32x21x32-cm.html
69393-69393;1428787;233;20170131;https://www.jardiland.com/amenagement-du-jardin/pots-bacs-jardinieres-et-supports/autres-pots-et-jardinieres/pot-et-jardiniere-en-pierre/69393-pot-rond-ciment-gris-clair-50x50-cm.html
40520-39198;645179;233;20170131;https://www.jardiland.com/amenagement-du-jardin/pots-bacs-jardinieres-et-supports/en-email/40520-vase-ceruse-anduze.html
40520-39196;645177;233;20170131;https://www.jardiland.com/amenagement-du-jardin/pots-bacs-jardinieres-et-supports/en-email/40520-vase-ceruse-anduze.html
81479-80902;972824;233;20170131;https://www.jardiland.com/amenagement-du-jardin/pots-bacs-jardinieres-et-supports/en-email/81479-soucoupe-deco.html
81479-80799;923261;233;20170131;https://www.jardiland.com/amenagement-du-jardin/pots-bacs-jardinieres-et-supports/en-email/81479-soucoupe-deco.html
81479-80783;923276;233;20170131;https://www.jardiland.com/amenagement-du-jardin/pots-bacs-jardinieres-et-supports/en-email/81479-soucoupe-deco.html
81479-78332;900048;233;20170131;https://www.jardiland.com/amenagement-du-jardin/pots-bacs-jardinieres-et-supports/en-email/81479-soucoupe-deco.html
81479-73959;1209169;233;20170131;https://www.jardiland.com/amenagement-du-jardin/pots-bacs-jardinieres-et-supports/en-email/81479-soucoupe-deco.html
81479-73950;1209174;233;20170131;https://www.jardiland.com/amenagement-du-jardin/pots-bacs-jardinieres-et-supports/en-email/81479-soucoupe-deco.html
81480-73960;1209171;233;20170131;https://www.jardiland.com/amenagement-du-jardin/pots-bacs-jardinieres-et-supports/en-email/81480-godet-comete.html
81481-80904;972810;233;20170131;https://www.jardiland.com/amenagement-du-jardin/pots-bacs-jardinieres-et-supports/en-email/81481-caluna-deco-perce.html
81481-80802;923273;233;20170131;https://www.jardiland.com/amenagement-du-jardin/pots-bacs-jardinieres-et-supports/en-email/81481-caluna-deco-perce.html
81481-80796;923280;233;20170131;https://www.jardiland.com/amenagement-du-jardin/pots-bacs-jardinieres-et-supports/en-email/81481-caluna-deco-perce.html
81481-80775;923285;233;20170131;https://www.jardiland.com/amenagement-du-jardin/pots-bacs-jardinieres-et-supports/en-email/81481-caluna-deco-perce.html
81481-80486;977643;233;20170131;https://www.jardiland.com/amenagement-du-jardin/pots-bacs-jardinieres-et-supports/en-email/81481-caluna-deco-perce.html
81481-78336;900020;233;20170131;https://www.jardiland.com/amenagement-du-jardin/pots-bacs-jardinieres-et-supports/en-email/81481-caluna-deco-perce.html
81481-78335;900026;233;20170131;https://www.jardiland.com/amenagement-du-jardin/pots-bacs-jardinieres-et-supports/en-email/81481-caluna-deco-perce.html
81481-78333;900040;233;20170131;https://www.jardiland.com/amenagement-du-jardin/pots-bacs-jardinieres-et-supports/en-email/81481-caluna-deco-perce.html
81481-73956;1209165;233;20170131;https://www.jardiland.com/amenagement-du-jardin/pots-bacs-jardinieres-et-supports/en-email/81481-caluna-deco-perce.html
81481-73955;1209164;233;20170131;https://www.jardiland.com/amenagement-du-jardin/pots-bacs-jardinieres-et-supports/en-email/81481-caluna-deco-perce.html
81481-73954;1209163;233;20170131;https://www.jardiland.com/amenagement-du-jardin/pots-bacs-jardinieres-et-supports/en-email/81481-caluna-deco-perce.html
69771-69771;1415394;233;20170131;https://www.jardiland.com/amenagement-du-jardin/pots-bacs-jardinieres-et-supports/en-fibre/69771-vase-rond-evase-strie-iii-55-5x50-ivoire.html
71121-71121;1341618;233;20170131;https://www.jardiland.com/amenagement-du-jardin/pots-bacs-jardinieres-et-supports/en-fibre/71121-vase-elegant-deluxe-blanc-53-litres.html
71114-71114;1341634;233;20170131;https://www.jardiland.com/amenagement-du-jardin/pots-bacs-jardinieres-et-supports/en-fibre/71114-vase-boule-strie-ivoire-17-litres.html
69753-69753;1416339;233;20170131;https://www.jardiland.com/amenagement-du-jardin/pots-bacs-jardinieres-et-supports/en-fibre/69753-vase-boule-noir-28-litres.html
69770-69770;1415397;233;20170131;https://www.jardiland.com/amenagement-du-jardin/pots-bacs-jardinieres-et-supports/en-fibre/69770-pot-oeuf-strie-noir-14-litres.html
2119-2119;1356194;233;20170131;https://www.jardiland.com/amenagement-du-jardin/pots-bacs-jardinieres-et-supports/en-terre-cuite/2119-vase-en-terre-cuite-nature.html
82786-73235;1430012;233;20170131;https://www.jardiland.com/amenagement-du-jardin/pots-bacs-jardinieres-et-supports/en-plastique/82786-soucoupe-jard-granromeo.html
31572-11147;1360565;233;20170131;https://www.jardiland.com/amenagement-du-jardin/pots-bacs-jardinieres-et-supports/en-plastique/31572-soucoupe-en-plastique-romeo.html
31563-10372;1349139;233;20170131;https://www.jardiland.com/amenagement-du-jardin/pots-bacs-jardinieres-et-supports/en-plastique/31563-pot-rond-vasija-en-resine-de-polyethylene.html
31558-39588;739670;233;20170131;https://www.jardiland.com/amenagement-du-jardin/pots-bacs-jardinieres-et-supports/en-plastique/31558-pot-en-plastique-samba.html
31558-9146;1292120;233;20170131;https://www.jardiland.com/amenagement-du-jardin/pots-bacs-jardinieres-et-supports/en-plastique/31558-pot-en-plastique-samba.html
31522-11016;1360426;233;20170131;https://www.jardiland.com/amenagement-du-jardin/pots-bacs-jardinieres-et-supports/en-plastique/31522-jardiniere-en-plastique-prisca.html
31522-11013;1360423;233;20170131;https://www.jardiland.com/amenagement-du-jardin/pots-bacs-jardinieres-et-supports/en-plastique/31522-jardiniere-en-plastique-prisca.html
31522-11009;1360419;233;20170131;https://www.jardiland.com/amenagement-du-jardin/pots-bacs-jardinieres-et-supports/en-plastique/31522-jardiniere-en-plastique-prisca.html
31574-11219;1360620;233;20170131;https://www.jardiland.com/amenagement-du-jardin/pots-bacs-jardinieres-et-supports/en-plastique/31574-crochet-de-suspension.html
71175-71175;1333074;233;20170131;https://www.jardiland.com/amenagement-du-jardin/barbecues-cuisine-exterieur/autres/accessoires-de-barbecue/71175-support-cuisson-goumet-poulet.html
42124-42124;1352029;233;20170131;https://www.jardiland.com/amenagement-du-jardin/barbecues-cuisine-exterieur/autres/accessoires-de-barbecue/42124-plancha-en-fonte-pour-weber-q-serie-1000-1.html
71176-71176;1333072;233;20170131;https://www.jardiland.com/amenagement-du-jardin/barbecues-cuisine-exterieur/autres/accessoires-de-barbecue/71176-pierre-a-pizza-goumet.html
70389-70389;1396481;233;20170131;https://www.jardiland.com/amenagement-du-jardin/barbecues-cuisine-exterieur/autres/accessoires-de-barbecue/70389-housse-luxe-pour-spirit-3-bruleurs.html
5082-5082;730566;233;20170131;https://www.jardiland.com/amenagement-du-jardin/barbecues-cuisine-exterieur/autres/accessoires-de-barbecue/5082-housse-de-luxe-q300-3000-1.html
70696-70696;1379260;233;20170131;https://www.jardiland.com/amenagement-du-jardin/barbecues-cuisine-exterieur/autres/accessoires-de-barbecue/70696-cartouche-de-gaz-445-g.html
36626-36626;545101;233;20170131;https://www.jardiland.com/amenagement-du-jardin/barbecues-cuisine-exterieur/autres/accessoires-de-barbecue/36626-brosse-3-en-1-1.html
42134-42134;545019;233;20170131;https://www.jardiland.com/amenagement-du-jardin/barbecues-cuisine-exterieur/autres/combustible/42134-allume-feu-solide.html
42137-42137;1352013;233;20170131;https://www.jardiland.com/amenagement-du-jardin/barbecues-cuisine-exterieur/electrique/42137-barbecue-electrique-q-2400-1.html
31231-10688;1351981;233;20170131;https://www.jardiland.com/amenagement-du-jardin/barbecues-cuisine-exterieur/electrique/31231-barbecue-electrique-q-1400-ll.html
2018-2018;1348750;233;20170131;https://www.jardiland.com/amenagement-du-jardin/barbecues-cuisine-exterieur/a-gaz/2018-barbecue-a-gaz-4-series-rbs-lxs.html
70709-70709;1377073;233;20170131;https://www.jardiland.com/amenagement-du-jardin/eclairage-et-chauffage-d-exterieur/eclairage-solaire/70709-lampes-chiens.html
2587-2587;1395002;233;20170131;https://www.jardiland.com/amenagement-du-jardin/parasols-tonnelles-et-voiles-d-ombrage/parasols-et-accessoires/parasol-en-metal/2587-parasol-deporte-royal-grey-3x4-m.html
31406-62754;965493;233;20170131;https://www.jardiland.com/amenagement-du-jardin/parasols-tonnelles-et-voiles-d-ombrage/parasols-et-accessoires/parasol-en-metal/31406-parasol-aluminium-deporte.html
31319-10545;1350191;233;20170131;https://www.jardiland.com/amenagement-du-jardin/mobilier-de-jardin/accessoires-coussins-et-entretien/coussin/31319-galette-d-assise.html
2568-2568;1394298;233;20170131;https://www.jardiland.com/amenagement-du-jardin/mobilier-de-jardin/bains-de-soleil-et-hamacs/transat-et-chilienne/2568-repose-jambes-next-air-comfort.html
70262-70262;1402275;233;20170131;https://www.jardiland.com/jardinage/bricolage-droguerie/tapis/70262-tapis-sully-70x40-1.html
5705-5705;948933;233;20170131;https://www.jardiland.com/jardinage/bricolage-droguerie/outillage/outillage-a-main/5705-rape-plate-batarde.html
48401-48401;1316484;233;20170131;https://www.jardiland.com/jardinage/bricolage-droguerie/outillage/quincaillerie-et-fixation/48401-range-outil-a-manche-ou-balai.html
5700-5700;948740;233;20170131;https://www.jardiland.com/jardinage/bricolage-droguerie/droguerie/5700-plastofix-fixations-permanentes-1-5-x-19-transparent.html
5709-5709;949035;233;20170131;https://www.jardiland.com/jardinage/bricolage-droguerie/outillage/quincaillerie-et-fixation/5709-patte-d-assemblage-80-mm.html
66741-66741;567185;233;20170131;https://www.jardiland.com/jardinage/bricolage-droguerie/droguerie/66741-nettoyant-pour-meubles-en-teck.html
5711-5711;949056;233;20170131;https://www.jardiland.com/jardinage/bricolage-droguerie/outillage/quincaillerie-et-fixation/5711-crochet-pour-beton-30-mm.html
5702-5702;948773;233;20170131;https://www.jardiland.com/jardinage/bricolage-droguerie/droguerie/5702-ciment-prompt-vicat-boite-de-1-kg.html
5712-5712;949062;233;20170131;https://www.jardiland.com/jardinage/bricolage-droguerie/outillage/quincaillerie-et-fixation/5712-cheville-ram-assortiment.html
5699-5699;948739;233;20170131;https://www.jardiland.com/jardinage/bricolage-droguerie/droguerie/5699-adhesif-tous-travaux-pvc-souple-33-m-x-50-mm-orange.html
70213-70213;1405298;233;20170131;https://www.jardiland.com/jardinage/semis-protections-et-accessoires-de-jardinage/tuteurs-ficelles-et-accessoires/tuteur/70213-tueur-deco-d-60-80-x-300-cm.html
58094-58094;1226243;233;20170131;https://www.jardiland.com/jardinage/semis-protections-et-accessoires-de-jardinage/voiles-d-hivernage-et-protections/accessoires-de-plasticulture/58094-minis-piquets-pour-cloche.html
42306-42306;1379199;233;20170131;https://www.jardiland.com/jardinage/outils-et-materiel-du-jardinier/outils-de-taille/outil-de-taille/42306-elagueur-coupe-enclume-or750-1.html
4473-4473;573880;233;20170131;https://www.jardiland.com/jardinage/outils-et-materiel-du-jardinier/petits-outils-a-main/griffe/4473-griffe-a-fleurs-manche-en-bois.html
82678-72902;1444428;233;20170131;https://www.jardiland.com/jardinage/entretien-et-traitements/engrais/engrais-pour-gazon/82678-engrais-gazon.html
68726-68726;1442647;233;20170131;https://www.jardiland.com/jardinage/entretien-et-traitements/anti-nuisibles-pieges-et-repulsifs/lutte-contre-les-rats-souris-taupes-et-rongeurs/68726-rat-souris-cereale-decortiquee-200g.html
48273-48273;931183;233;20170131;https://www.jardiland.com/jardinage/paillage-et-amendement/paillage/paillis/48273-paillis-de-miscanthus.html
35589-72927;1448832;233;20170131;https://www.jardiland.com/plantes/plantes-d-interieur/bonsais/ficus/35589-ficus-ginseng.html
35589-45461;906278;233;20170131;https://www.jardiland.com/plantes/plantes-d-interieur/bonsais/ficus/35589-ficus-ginseng.html
35589-21857;658220;233;20170131;https://www.jardiland.com/plantes/plantes-d-interieur/bonsais/ficus/35589-ficus-ginseng.html
84906-77581;734383;233;20170131;https://www.jardiland.com/plantes/plantes-d-interieur/cactus-et-plantes-grasses/opuntia/84906-opuntia.html
35650-29098;927219;233;20170131;https://www.jardiland.com/plantes/plantes-d-interieur/cactus-et-plantes-grasses/haworthia/35650-haworthia-fasciata.html
35624-45307;855859;233;20170131;https://www.jardiland.com/plantes/plantes-d-interieur/cactus-et-plantes-grasses/crassula/35624-crassula-minor.html
35630-52091;902400;233;20170131;https://www.jardiland.com/plantes/plantes-d-interieur/cactus-et-plantes-grasses/crassula/35630-crassula.html
83136-81042;984175;233;20170131;https://www.jardiland.com/plantes/plantes-d-interieur/plantes-vertes/tradescantia/83136-tradescantia-zebrina.html
83355-78950;1488071;233;20170131;https://www.jardiland.com/plantes/plantes-d-interieur/plantes-vertes/tradescantia/83355-tradescantia-violet-hill.html
82345-75897;1475796;233;20170131;https://www.jardiland.com/plantes/plantes-d-interieur/plantes-vertes/autres-plantes-vertes/82345-plante-verte-mixte.html
36066-39996;880072;233;20170131;https://www.jardiland.com/plantes/plantes-d-interieur/plantes-vertes/nolina-beaucarnea/36066-pied-d-elephant.html
36066-28164;907272;233;20170131;https://www.jardiland.com/plantes/plantes-d-interieur/plantes-vertes/nolina-beaucarnea/36066-pied-d-elephant.html
84681-77876;633858;233;20170131;https://www.jardiland.com/plantes/plantes-d-interieur/plantes-vertes/hedera/84681-hedera.html
35875-28072;892700;233;20170131;https://www.jardiland.com/plantes/plantes-d-interieur/plantes-vertes/autres-plantes-vertes/35875-fatsia-japonica-mini-plante.html
84676-80733;904322;233;20170131;https://www.jardiland.com/plantes/plantes-d-interieur/plantes-vertes/dracaena/84676-dracaena-sanderiana.html
83226-78647;744006;233;20170131;https://www.jardiland.com/plantes/plantes-d-interieur/plantes-vertes/alocasia/83226-alocasia-bambino.html
35837-23746;742535;233;20170131;https://www.jardiland.com/plantes/plantes-d-interieur/plantes-fleuries/spathiphyllum/35837-spathiphyllum-chopin.html
35816-8629;1281731;233;20170131;https://www.jardiland.com/plantes/plantes-d-interieur/plantes-fleuries/poinsettia/35816-poinsettia-princettia.html
35752-43244;937394;233;20170131;https://www.jardiland.com/plantes/plantes-d-interieur/plantes-fleuries/azalee/35752-azalee-d-interieur.html
53815-53815;1254085;233;20170131;https://www.jardiland.com/plantes/graines-et-gazon/gazon-et-prairies-fleuries/prairie-fleurie/53815-prairie-fleurie-terrain-sec.html
53816-53816;1254083;233;20170131;https://www.jardiland.com/plantes/graines-et-gazon/gazon-et-prairies-fleuries/prairie-fleurie/53816-prairie-fleurie-fleurs-des-pres.html
788-788;1308350;233;20170131;https://www.jardiland.com/plantes/graines-et-gazon/graines-ludiques-et-kits/kits-pour-enfants/788-tete-a-pot-cochon.html
68145-68145;1467875;233;20170131;https://www.jardiland.com/plantes/graines-et-gazon/graines-ludiques-et-kits/potageres/68145-mhgtomr-mhg-capsule-tomates-rondes.html
68144-68144;1467876;233;20170131;https://www.jardiland.com/plantes/graines-et-gazon/graines-ludiques-et-kits/potageres/68144-mhgtomc-mhg-capsule-tomates-cerises.html
68140-68140;1467880;233;20170131;https://www.jardiland.com/plantes/graines-et-gazon/graines-ludiques-et-kits/potageres/68140-mhgpoiv-mhg-capsule-poivrons.html
68142-68142;1467878;233;20170131;https://www.jardiland.com/plantes/graines-et-gazon/graines-ludiques-et-kits/potageres/68142-mhgpim-mhg-capsule-piments.html
68141-68141;1467879;233;20170131;https://www.jardiland.com/plantes/graines-et-gazon/graines-ludiques-et-kits/potageres/68141-mhgcour-mhg-capsule-courgettes.html
68143-68143;1467877;233;20170131;https://www.jardiland.com/plantes/graines-et-gazon/graines-ludiques-et-kits/potageres/68143-mhgconc-mhg-capsule-concombres.html
790-790;1308352;233;20170131;https://www.jardiland.com/plantes/graines-et-gazon/graines-ludiques-et-kits/kits-pour-enfants/790-kit-a-semer-poulet.html
36911-36911;682970;233;20170131;https://www.jardiland.com/plantes/graines-et-gazon/graines-ludiques-et-kits/kits-et-ludiques/36911-jardiniere-soucoupe-fraisiers.html
46694-46694;565889;233;20170131;https://www.jardiland.com/plantes/graines-et-gazon/graines-de-fleurs/fleurs-vivaces/46694-oeillet-mignardise-royal-rose.html
46351-46351;565238;233;20170131;https://www.jardiland.com/plantes/graines-et-gazon/graines-de-fleurs/fleurs-annuelles/46351-pied-d-alouette-imperial-geant.html
46352-46352;565233;233;20170131;https://www.jardiland.com/plantes/graines-et-gazon/graines-de-fleurs/fleurs-annuelles/46352-petunia-nain-compact-melange.html
53457-53457;565871;233;20170131;https://www.jardiland.com/plantes/graines-et-gazon/graines-de-fleurs/fleurs-annuelles/53457-lin-annuel-saumon.html
46819-46819;565584;233;20170131;https://www.jardiland.com/plantes/graines-et-gazon/graines-de-fleurs/fleurs-annuelles/46819-lavatere-a-grandes-fleurs-variee.html
58887-58887;1254221;233;20170131;https://www.jardiland.com/plantes/graines-et-gazon/graines-de-fleurs/fleurs-annuelles/58887-kit-a-semer-pere-noel.html
58886-58886;1254222;233;20170131;https://www.jardiland.com/plantes/graines-et-gazon/graines-de-fleurs/fleurs-annuelles/58886-kit-a-semer-boule-de-neige.html
4293-4293;565491;233;20170131;https://www.jardiland.com/plantes/graines-et-gazon/graines-de-fleurs/fleurs-annuelles/4293-fortunia-cascade-purple-wave.html
46327-46327;565332;233;20170131;https://www.jardiland.com/plantes/graines-et-gazon/graines-de-fleurs/fleurs-annuelles/46327-clarkia-elegant-double-varie.html
4161-4161;565313;233;20170131;https://www.jardiland.com/plantes/graines-et-gazon/graines-de-fleurs/fleurs-annuelles/4161-capucine-naine-tom-pouce.html
1517-1517;1307021;233;20170131;https://www.jardiland.com/plantes/graines-et-gazon/graines-potageres-et-aromatiques/tomates-piments-poivrons-aubergines/1517-tomate-moneymaker-bio.html
53874-53874;1016383;233;20170131;https://www.jardiland.com/plantes/graines-et-gazon/graines-potageres-et-aromatiques/autres-graines-aromatiques/53874-thym-de-provence.html
53549-53549;564116;233;20170131;https://www.jardiland.com/plantes/graines-et-gazon/graines-potageres-et-aromatiques/radis-navets-carottes-et-autres-racines/53549-rutabaga-wilhelmsburger-jaune-a-collet-vert.html
46503-46503;564309;233;20170131;https://www.jardiland.com/plantes/graines-et-gazon/graines-potageres-et-aromatiques/courges-melons/46503-courge-pelerine.html
52547-52547;564071;233;20170131;https://www.jardiland.com/plantes/graines-et-gazon/graines-potageres-et-aromatiques/radis-navets-carottes-et-autres-racines/52547-carotte-de-chantenay-a-coeur-rouge-2-1.html
35440-6399;1011107;233;20170131;https://www.jardiland.com/plantes/bulbes-et-pommes-de-terre/bulbes-potagers-oignons-ail/ail/35440-ail-gardos.html
67200-67200;1486401;233;20170131;https://www.jardiland.com/plantes/bulbes-et-pommes-de-terre/pommes-de-terre-et-tubercules/pommes-de-terre/67200-primlady-1-5-kg-dt500-gr-gr.html
35482-26899;864983;233;20170131;https://www.jardiland.com/plantes/bulbes-et-pommes-de-terre/pommes-de-terre-et-tubercules/pommes-de-terre/35482-pomme-de-terre-rosabelle-clayette.html
41942-26973;865190;233;20170131;https://www.jardiland.com/plantes/bulbes-et-pommes-de-terre/pommes-de-terre-et-tubercules/pommes-de-terre/41942-pomme-de-terre-elodie-pochette.html
41941-26868;864947;233;20170131;https://www.jardiland.com/plantes/bulbes-et-pommes-de-terre/pommes-de-terre-et-tubercules/pommes-de-terre/41941-pomme-de-terre-desiree-clayette.html
41926-24978;809119;233;20170131;https://www.jardiland.com/plantes/bulbes-et-pommes-de-terre/pommes-de-terre-et-tubercules/pommes-de-terre/41926-pomme-de-terre-charlotte-clayette.html
35509-25218;813181;233;20170131;https://www.jardiland.com/plantes/bulbes-et-pommes-de-terre/pommes-de-terre-et-tubercules/pommes-de-terre/35509-pomme-de-terre-bonnotte-de-noirmoutier-pochette.html
35492-24966;809076;233;20170131;https://www.jardiland.com/plantes/bulbes-et-pommes-de-terre/pommes-de-terre-et-tubercules/pommes-de-terre/35492-pomme-de-terre-b-f-15-clayette.html
41906-26930;865014;233;20170131;https://www.jardiland.com/plantes/bulbes-et-pommes-de-terre/pommes-de-terre-et-tubercules/pommes-de-terre/41906-pomme-de-terre-amandine-sac.html
41920-24896;808250;233;20170131;https://www.jardiland.com/plantes/bulbes-et-pommes-de-terre/pommes-de-terre-et-tubercules/pommes-de-terre/41920-pomme-de-terre-amandine-clayette.html
46085-19854;627199;233;20170131;https://www.jardiland.com/plantes/potager-et-verger/fruitiers/prunier/46085-prunier-mirabelle-de-nancy.html
42056-18559;596753;233;20170131;https://www.jardiland.com/plantes/potager-et-verger/fruitiers/poirier/42056-poirier-bonne-louise-d-avranches.html
34532-51795;1367772;233;20170131;https://www.jardiland.com/plantes/potager-et-verger/fruitiers/lime/34532-oranger-amer-chinotto.html
36512-17652;593086;233;20170131;https://www.jardiland.com/plantes/potager-et-verger/fruitiers/myrtille/36512-myrtille-a-gros-fruits.html
34525-44741;1284717;233;20170131;https://www.jardiland.com/plantes/potager-et-verger/fruitiers/lime/34525-limquat.html
81439-75644;1479319;233;20170131;https://www.jardiland.com/plantes/potager-et-verger/fruitiers/framboisier/81439-framboisier-autumn-amberr.html
36459-6184;1004067;233;20170131;https://www.jardiland.com/plantes/potager-et-verger/fruitiers/framboisier/36459-framboisier-marastarr.html
36433-30281;971096;233;20170131;https://www.jardiland.com/plantes/potager-et-verger/fruitiers/figuier/36433-figuier-brown-turkey.html
41588-60853;996369;233;20170131;https://www.jardiland.com/plantes/potager-et-verger/fruitiers/citronnier/41588-citronnier.html
36488-79396;1486222;233;20170131;https://www.jardiland.com/plantes/potager-et-verger/fruitiers/kiwi/36488-actinidia-arguta-kiwai.html
33613-18974;599764;233;20170131;https://www.jardiland.com/plantes/potager-et-verger/plantes-aromatiques/romarin/33613-romarin-rampant-pointe-du-ratz.html
33375-17741;591445;233;20170131;https://www.jardiland.com/plantes/potager-et-verger/plantes-aromatiques/lavande/33375-lavande-grosso.html
34046-19224;601154;233;20170131;https://www.jardiland.com/plantes/arbres-et-arbustes-d-ornement/coniferes/thuya/34046-thuja-occidentalis-yellow-ribbon.html
33951-13575;1405878;233;20170131;https://www.jardiland.com/plantes/arbres-et-arbustes-d-ornement/coniferes/cypres-de-leyland/33951-cypres-de-leyland-castlewellan-gold.html
33951-9829;1316132;233;20170131;https://www.jardiland.com/plantes/arbres-et-arbustes-d-ornement/coniferes/cypres-de-leyland/33951-cypres-de-leyland-castlewellan-gold.html
33925-19751;609256;233;20170131;https://www.jardiland.com/plantes/arbres-et-arbustes-d-ornement/coniferes/chamaecyparis/33925-cypres-de-lawson-ellwoodii.html
82040-77113;1467881;233;20170131;https://www.jardiland.com/plantes/arbres-et-arbustes-d-ornement/buis-et-topiaires/fusain-en-topiaire/82040-euonymus.html
33847-27331;883948;233;20170131;https://www.jardiland.com/plantes/arbres-et-arbustes-d-ornement/buis-et-topiaires/buis/33847-buis-commun.html
33847-26921;867262;233;20170131;https://www.jardiland.com/plantes/arbres-et-arbustes-d-ornement/buis-et-topiaires/buis/33847-buis-commun.html
34446-26579;851995;233;20170131;https://www.jardiland.com/plantes/arbres-et-arbustes-d-ornement/plantes-grimpantes/glycine/34446-glycine-de-chine.html
34446-11461;1368390;233;20170131;https://www.jardiland.com/plantes/arbres-et-arbustes-d-ornement/plantes-grimpantes/glycine/34446-glycine-de-chine.html
34399-31004;995036;233;20170131;https://www.jardiland.com/plantes/arbres-et-arbustes-d-ornement/plantes-grimpantes/clematite/34399-clematite-ville-de-lyon.html
34399-16629;585151;233;20170131;https://www.jardiland.com/plantes/arbres-et-arbustes-d-ornement/plantes-grimpantes/clematite/34399-clematite-ville-de-lyon.html
34398-37861;1246471;233;20170131;https://www.jardiland.com/plantes/arbres-et-arbustes-d-ornement/plantes-grimpantes/clematite/34398-clematite-rouge-cardinal.html
34920-22505;678751;233;20170131;https://www.jardiland.com/plantes/arbres-et-arbustes-d-ornement/rosiers/rosiers-buissons/34920-rosier-burgundy-icer-polyantha.html
34931-28187;898425;233;20170131;https://www.jardiland.com/plantes/arbres-et-arbustes-d-ornement/rosiers/rosiers-buissons/34931-rosier-bernadette-lafontr-sauvachild-grandes-fleurs.html
61018-19529;607326;233;20170131;https://www.jardiland.com/plantes/arbres-et-arbustes-d-ornement/rosiers/rosiers-grimpants/61018-rosier-zephirine-drouhin-ancien.html
41612-60152;676027;233;20170131;https://www.jardiland.com/plantes/arbres-et-arbustes-d-ornement/rosiers/rosiers-buissons/41612-rosier-amatsu-otome-grandes-fleurs.html
34243-49338;1210964;233;20170131;https://www.jardiland.com/plantes/arbres-et-arbustes-d-ornement/plantes-de-terre-de-bruyere/loropetalum/34243-loropetale-de-chine.html
34210-7393;1229301;233;20170131;https://www.jardiland.com/plantes/arbres-et-arbustes-d-ornement/plantes-de-terre-de-bruyere/hortensia/34210-hortensia-serrata.html
34198-24546;751031;233;20170131;https://www.jardiland.com/plantes/arbres-et-arbustes-d-ornement/plantes-de-terre-de-bruyere/hortensia/34198-hortensia-paniculata-limelight-pbr.html
34216-50524;1244944;233;20170131;https://www.jardiland.com/plantes/arbres-et-arbustes-d-ornement/plantes-de-terre-de-bruyere/hortensia/34216-hortensia-zorro-pbr.html
34164-17389;589322;233;20170131;https://www.jardiland.com/plantes/arbres-et-arbustes-d-ornement/plantes-de-terre-de-bruyere/hortensia/34164-hortensia-merveille-sanguinea.html
34124-60966;1471189;233;20170131;https://www.jardiland.com/plantes/arbres-et-arbustes-d-ornement/plantes-de-terre-de-bruyere/erable-du-japon/34124-erable-du-japon-koto-no-ito.html
34125-30446;973809;233;20170131;https://www.jardiland.com/plantes/arbres-et-arbustes-d-ornement/plantes-de-terre-de-bruyere/erable-du-japon/34125-erable-du-japon-katsura.html
41567-28405;906141;233;20170131;https://www.jardiland.com/plantes/arbres-et-arbustes-d-ornement/plantes-de-terre-de-bruyere/erable-du-japon/41567-erable-du-japon.html
41567-7458;1240220;233;20170131;https://www.jardiland.com/plantes/arbres-et-arbustes-d-ornement/plantes-de-terre-de-bruyere/erable-du-japon/41567-erable-du-japon.html
34056-51975;586769;233;20170131;https://www.jardiland.com/plantes/arbres-et-arbustes-d-ornement/plantes-de-terre-de-bruyere/autres-plantes-de-terre-de-bruyere/34056-daboecia-cantabrica.html
41566-30645;980475;233;20170131;https://www.jardiland.com/plantes/arbres-et-arbustes-d-ornement/plantes-de-terre-de-bruyere/camelia/41566-camelia.html
36130-7911;1249864;233;20170131;https://www.jardiland.com/plantes/arbres-et-arbustes-d-ornement/plantes-de-terre-de-bruyere/bruyere-erica/36130-bruyere-en-arbre.html
36135-12654;1393472;233;20170131;https://www.jardiland.com/plantes/arbres-et-arbustes-d-ornement/plantes-de-terre-de-bruyere/bruyere-erica/36135-bruyere-d-hiver.html
34747-26842;864527;233;20170131;https://www.jardiland.com/plantes/arbres-et-arbustes-d-ornement/plantes-mediterraneennes/autres-plantes-mediterraneennes/34747-sauge-royal-bumble.html
34686-30290;971286;233;20170131;https://www.jardiland.com/plantes/arbres-et-arbustes-d-ornement/plantes-mediterraneennes/autres-plantes-mediterraneennes/34686-phillyrea-angustifolia.html
34677-30591;993686;233;20170131;https://www.jardiland.com/plantes/arbres-et-arbustes-d-ornement/plantes-mediterraneennes/autres-plantes-mediterraneennes/34677-myrte-commun.html
34633-30080;966881;233;20170131;https://www.jardiland.com/plantes/arbres-et-arbustes-d-ornement/plantes-mediterraneennes/autres-plantes-mediterraneennes/34633-lilas-des-indes-rose-vif.html
34695-21046;636116;233;20170131;https://www.jardiland.com/plantes/arbres-et-arbustes-d-ornement/plantes-mediterraneennes/autres-plantes-mediterraneennes/34695-grenadier-nain-nana-gracilissima.html
34617-44674;1230469;233;20170131;https://www.jardiland.com/plantes/arbres-et-arbustes-d-ornement/plantes-mediterraneennes/autres-plantes-mediterraneennes/34617-erythrine-crete-de-coq.html
34721-48062;900203;233;20170131;https://www.jardiland.com/plantes/arbres-et-arbustes-d-ornement/plantes-mediterraneennes/autres-plantes-mediterraneennes/34721-callistemon-masotti-pbr.html
84168-76819;1465007;233;20170131;https://www.jardiland.com/plantes/arbres-et-arbustes-d-ornement/plantes-mediterraneennes/autres-plantes-mediterraneennes/84168-anisodontea-malvastroides.html
33363-18778;597824;233;20170131;https://www.jardiland.com/plantes/arbres-et-arbustes-d-ornement/arbres-et-arbustes/laurier-palme/33363-prunus-laurocerasus-otto-luyken.html
33361-18769;597806;233;20170131;https://www.jardiland.com/plantes/arbres-et-arbustes-d-ornement/arbres-et-arbustes/laurier-palme/33361-prunus-laurocerasus-caucasica.html
33511-38862;595083;233;20170131;https://www.jardiland.com/plantes/arbres-et-arbustes-d-ornement/arbres-et-arbustes/photinia/33511-photinia-x-fraseri-red-robin.html
33485-16555;584705;233;20170131;https://www.jardiland.com/plantes/arbres-et-arbustes-d-ornement/arbres-et-arbustes/oranger-du-mexique/33485-oranger-du-mexique-sundancer.html
33479-55094;585980;233;20170131;https://www.jardiland.com/plantes/arbres-et-arbustes-d-ornement/arbres-et-arbustes/noisetier-ornemental/33479-noisetier-pourpre.html
33467-17485;589693;233;20170131;https://www.jardiland.com/plantes/arbres-et-arbustes-d-ornement/arbres-et-arbustes/millepertuis/33467-millepertuis-tricolor.html
33465-25296;816380;233;20170131;https://www.jardiland.com/plantes/arbres-et-arbustes-d-ornement/arbres-et-arbustes/millepertuis/33465-millepertuis-hidcote.html
33465-17476;589671;233;20170131;https://www.jardiland.com/plantes/arbres-et-arbustes-d-ornement/arbres-et-arbustes/millepertuis/33465-millepertuis-hidcote.html
33711-17792;591781;233;20170131;https://www.jardiland.com/plantes/arbres-et-arbustes-d-ornement/arbres-et-arbustes/troene/33711-ligustrum-ovalifolium-argenteum.html
41531-25409;818010;233;20170131;https://www.jardiland.com/plantes/arbres-et-arbustes-d-ornement/arbres-et-arbustes/laurier-palme/41531-laurier-du-portugal-angustifolia.html
33728-39751;817162;233;20170131;https://www.jardiland.com/plantes/arbres-et-arbustes-d-ornement/arbres-et-arbustes/veronique-arbustive/33728-hebe-golden-esk.html
33292-23511;720157;233;20170131;https://www.jardiland.com/plantes/arbres-et-arbustes-d-ornement/arbres-et-arbustes/genet/33292-genista-lydia.html
41529-25313;816641;233;20170131;https://www.jardiland.com/plantes/arbres-et-arbustes-d-ornement/arbres-et-arbustes/genet/41529-genet-des-canaries.html
33293-25312;816640;233;20170131;https://www.jardiland.com/plantes/arbres-et-arbustes-d-ornement/arbres-et-arbustes/genet/33293-genet-porlock.html
33293-17233;588162;233;20170131;https://www.jardiland.com/plantes/arbres-et-arbustes-d-ornement/arbres-et-arbustes/genet/33293-genet-porlock.html
33227-16939;587927;233;20170131;https://www.jardiland.com/plantes/arbres-et-arbustes-d-ornement/arbres-et-arbustes/forsythia/33227-forsythia-lynwood.html
33190-27331;883948;233;20170131;https://www.jardiland.com/plantes/arbres-et-arbustes-d-ornement/arbres-et-arbustes/erable/33190-erable-champetre.html
33182-9642;1307129;233;20170131;https://www.jardiland.com/plantes/arbres-et-arbustes-d-ornement/arbres-et-arbustes/elaeagnus/33182-eleagnus-x-ebbingei-vivelegr.html
33179-25599;822522;233;20170131;https://www.jardiland.com/plantes/arbres-et-arbustes-d-ornement/arbres-et-arbustes/elaeagnus/33179-eleagnus-x-ebbingei-limelight.html
33179-22254;672750;233;20170131;https://www.jardiland.com/plantes/arbres-et-arbustes-d-ornement/arbres-et-arbustes/elaeagnus/33179-eleagnus-x-ebbingei-limelight.html
33183-25562;822109;233;20170131;https://www.jardiland.com/plantes/arbres-et-arbustes-d-ornement/arbres-et-arbustes/elaeagnus/33183-elaeagnus-macrophylla.html
33287-22189;668701;233;20170131;https://www.jardiland.com/plantes/arbres-et-arbustes-d-ornement/arbres-et-arbustes/genet/33287-cytisus-x-praecox.html
33116-26916;867187;233;20170131;https://www.jardiland.com/plantes/arbres-et-arbustes-d-ornement/arbres-et-arbustes/cornouiller/33116-cornouiller-blanc-ivory-halor-baihalo.html
33487-19753;609274;233;20170131;https://www.jardiland.com/plantes/arbres-et-arbustes-d-ornement/arbres-et-arbustes/oranger-du-mexique/33487-choisya-aztec-pearl.html
33066-39795;824470;233;20170131;https://www.jardiland.com/plantes/arbres-et-arbustes-d-ornement/arbres-et-arbustes/ceanothe/33066-ceanothus-arboreus.html
33074-16379;583314;233;20170131;https://www.jardiland.com/plantes/arbres-et-arbustes-d-ornement/arbres-et-arbustes/ceanothe/33074-ceanothe-rampant.html
