ID_WEB;ID_JDN;CODEMAG;DATE_ASPI;URLPRODUIT
81454-78269;857156;189;20170125;https://www.jardiland.com/maison-deco/beaute-bien-tre/cosmetiques/savon/81454-savon-pur-vegetal.html
81454-78267;857153;189;20170125;https://www.jardiland.com/maison-deco/beaute-bien-tre/cosmetiques/savon/81454-savon-pur-vegetal.html
81454-78265;857160;189;20170125;https://www.jardiland.com/maison-deco/beaute-bien-tre/cosmetiques/savon/81454-savon-pur-vegetal.html
81454-78259;857144;189;20170125;https://www.jardiland.com/maison-deco/beaute-bien-tre/cosmetiques/savon/81454-savon-pur-vegetal.html
81447-81046;982344;189;20170125;https://www.jardiland.com/maison-deco/beaute-bien-tre/cosmetiques/huile-essentielle/81447-huile-essentielle.html
69659-69659;1432069;189;20170125;https://www.jardiland.com/maison-deco/art-de-la-table/linge-de-table/set-de-table/69659-set-de-table-uni-taupe-33x48cm.html
69658-69658;1432070;189;20170125;https://www.jardiland.com/maison-deco/art-de-la-table/linge-de-table/set-de-table/69658-set-de-table-uni-orange-33x48cm.html
69677-69677;1432051;189;20170125;https://www.jardiland.com/maison-deco/art-de-la-table/linge-de-table/set-de-table/69677-set-de-table-gris-33x48cm.html
82179-73699;1014341;189;20170125;https://www.jardiland.com/maison-deco/cache-pot-d-interieur/cache-pot-simple/pot-special-orchidee-et-accessoires/82179-pot-orchidee-d13-h14-1.html
81843-74657;1471271;189;20170125;https://www.jardiland.com/maison-deco/cache-pot-d-interieur/cache-pot-simple/cache-pot-aimante/81843-pot-aimante-k-basic-line-cube-6cm.html
81843-74645;1471275;189;20170125;https://www.jardiland.com/maison-deco/cache-pot-d-interieur/cache-pot-simple/cache-pot-aimante/81843-pot-aimante-k-basic-line-cube-6cm.html
32867-12563;1394013;189;20170125;https://www.jardiland.com/maison-deco/cache-pot-d-interieur/cache-pot-simple/cache-pot-aimante/32867-pot-aimante-cylindrique-kalamitica.html
82028-74373;1318556;189;20170125;https://www.jardiland.com/maison-deco/cache-pot-d-interieur/cache-pot-simple/cache-pot-aimante/82028-plaque-met-avec-2-tillandsia-3-5-cm.html
70556-70556;1394041;189;20170125;https://www.jardiland.com/maison-deco/cache-pot-d-interieur/cache-pot-simple/cache-pot-aimante/70556-plaque-14x70-cm-argent-sans-socle.html
32869-7520;1236797;189;20170125;https://www.jardiland.com/maison-deco/cache-pot-d-interieur/cache-pot-simple/ceramique/32869-cache-pot-rond-en-plastique-brussels-diamant.html
59720-59720;1212329;189;20170125;https://www.jardiland.com/maison-deco/librairie-papeterie/librairie/livre-jardin/59720-un-petit-potager-qui-vaut-le-coup.html
68184-68184;1464101;189;20170125;https://www.jardiland.com/maison-deco/librairie-papeterie/librairie/livre-jardin/68184-jardinez-avec-la-lune-2017-1.html
70489-70489;1395491;189;20170125;https://www.jardiland.com/maison-deco/objets-de-decoration/autres-objets-de-decoration/panier/70489-paniere-jaune-avec-poignee-26x37-1.html
70983-70983;1351364;189;20170125;https://www.jardiland.com/maison-deco/objets-de-decoration/autres-objets-de-decoration/paillasson-et-tapis/70983-paillasson-merci-facteur-jaune.html
70982-70982;1351379;189;20170125;https://www.jardiland.com/maison-deco/objets-de-decoration/autres-objets-de-decoration/autres-objets-de-decoration/70982-dist-serv-duman-service-orange.html
69339-69339;1429135;189;20170125;https://www.jardiland.com/maison-deco/objets-de-decoration/autres-objets-de-decoration/autres-objets-de-decoration/69339-cloche-verre-socle-gris-12-5x12-5x23-5-1.html
69338-69338;1429136;189;20170125;https://www.jardiland.com/maison-deco/objets-de-decoration/autres-objets-de-decoration/autres-objets-de-decoration/69338-cloche-verre-socle-gris-12-5x12-5x19-5-1.html
51054-51054;1400942;189;20170125;https://www.jardiland.com/maison-deco/objets-de-decoration/rangement-boites-et-paniers/boite-fantaisie/51054-porte-cles-opat-on-est-la-gris.html
1405-1405;1296587;189;20170125;https://www.jardiland.com/maison-deco/objets-de-decoration/rangement-boites-et-paniers/coffret-et-boite-de-rangement/1405-boite-en-metal-apero.html
71722-71722;1236973;189;20170125;https://www.jardiland.com/maison-deco/objets-de-decoration/rangement-boites-et-paniers/coffret-et-boite-de-rangement/71722-boite-a-sachet-de-puree-jne.html
68945-68945;1434116;189;20170125;https://www.jardiland.com/maison-deco/objets-de-decoration/plantes-artificielles/tige-fleurie/68945-tige-rose-59cm-x3-saumon.html
70430-70430;1395657;189;20170125;https://www.jardiland.com/maison-deco/objets-de-decoration/plantes-artificielles/tige-fleurie/70430-rose-ouverte-orange.html
71712-71712;1237634;189;20170125;https://www.jardiland.com/maison-deco/objets-de-decoration/plantes-artificielles/tige-fleurie/71712-pivoine-grande-mauve-76cm.html
71711-71711;1237707;189;20170125;https://www.jardiland.com/maison-deco/objets-de-decoration/plantes-artificielles/tige-fleurie/71711-pivoine-grande-creme-rose-76cm.html
3378-3378;1414724;189;20170125;https://www.jardiland.com/maison-deco/objets-de-decoration/plantes-artificielles/tige-fleurie/3378-pivoine-couleur-creme-effet-glace-65-cm.html
71424-71424;1296815;189;20170125;https://www.jardiland.com/maison-deco/objets-de-decoration/plantes-artificielles/plante-et-fleur/71424-chute-liseron-90-cm-fuschia.html
69019-69019;1434032;189;20170125;https://www.jardiland.com/maison-deco/objets-de-decoration/plantes-artificielles/plante-et-fleur/69019-buis-boule-d40cm.html
69887-69887;1409859;189;20170125;https://www.jardiland.com/maison-deco/objets-de-decoration/vases-coupes-et-accessoires/pot-et-coupe/69887-vase-ceramique-motif-marron-d19-5x31cm.html
71551-71551;1273193;189;20170125;https://www.jardiland.com/maison-deco/objets-de-decoration/vases-coupes-et-accessoires/accessoires-de-composition-florale/71551-mica-fil-or-5m-tr-d2mm.html
66055-66055;834905;189;20170125;https://www.jardiland.com/maison-deco/objets-de-decoration/vases-coupes-et-accessoires/accessoires-de-composition-florale/66055-coupe-sandwich-26x12cm-vert.html
32920-9944;1320730;189;20170125;https://www.jardiland.com/maison-deco/objets-de-decoration/bougies-et-senteurs/parfum-d-ambiance-diffuseur-a-froid/32920-recharge-parfum-goatier.html
81462-80472;932815;189;20170125;https://www.jardiland.com/maison-deco/objets-de-decoration/bougies-et-senteurs/diffuseur-de-parfum-et-recharge/81462-huile-parfumee-15ml.html
81462-80448;932837;189;20170125;https://www.jardiland.com/maison-deco/objets-de-decoration/bougies-et-senteurs/diffuseur-de-parfum-et-recharge/81462-huile-parfumee-15ml.html
81462-80447;932830;189;20170125;https://www.jardiland.com/maison-deco/objets-de-decoration/bougies-et-senteurs/diffuseur-de-parfum-et-recharge/81462-huile-parfumee-15ml.html
81462-80445;932822;189;20170125;https://www.jardiland.com/maison-deco/objets-de-decoration/bougies-et-senteurs/diffuseur-de-parfum-et-recharge/81462-huile-parfumee-15ml.html
54734-54734;1320769;189;20170125;https://www.jardiland.com/maison-deco/objets-de-decoration/bougies-et-senteurs/parfum-d-ambiance-diffuseur-a-froid/54734-fleur-de-goatier-patchouli-cedrat.html
32322-12859;1398626;189;20170125;https://www.jardiland.com/animaux/oiseau-de-la-nature/alimentation/32322-cylindre-de-graisse-avec-support.html
81734-73126;1455307;189;20170125;https://www.jardiland.com/animaux/reptiles-et-insectes/alimentation/boite-et-lyophilisee/81734-sera-reptil-pro-herbivor.html
67138-67138;1487292;189;20170125;https://www.jardiland.com/animaux/oiseau/hygiene-et-soins/soin-de-l-animal/67138-pou-net-oiseaux-de-cage-100ml.html
81917-72486;1402303;189;20170125;https://www.jardiland.com/animaux/oiseau/cages-volieres-et-accessoires/equipement-de-cage-et-voliere/81917-perchoir-droit-tyrol.html
67531-67531;1478146;189;20170125;https://www.jardiland.com/animaux/oiseau/cages-volieres-et-accessoires/equipement-de-cage-et-voliere/67531-jouet-mikado-pako-bec-tyrol-25cm.html
67542-67542;1478121;189;20170125;https://www.jardiland.com/animaux/oiseau/cages-volieres-et-accessoires/equipement-de-cage-et-voliere/67542-jouet-dippy-doo-pako-pat-tyrol.html
66869-66869;538537;189;20170125;https://www.jardiland.com/animaux/oiseau/alimentation-et-friandises/complement-nutritionnel/66869-orlux-gold-patee-colorante-250g.html
42191-42191;870211;189;20170125;https://www.jardiland.com/animaux/oiseau/alimentation-et-friandises/complement-nutritionnel/42191-millet-en-grappe.html
82541-73370;1440836;189;20170125;https://www.jardiland.com/animaux/oiseau/alimentation-et-friandises/friandise/82541-crunchy-stick-perruche.html
82541-73362;1440837;189;20170125;https://www.jardiland.com/animaux/oiseau/alimentation-et-friandises/friandise/82541-crunchy-stick-perruche.html
82541-73361;1440838;189;20170125;https://www.jardiland.com/animaux/oiseau/alimentation-et-friandises/friandise/82541-crunchy-stick-perruche.html
82540-73363;1440834;189;20170125;https://www.jardiland.com/animaux/oiseau/alimentation-et-friandises/friandise/82540-crunchy-stick-perroquet.html
82540-73360;1440833;189;20170125;https://www.jardiland.com/animaux/oiseau/alimentation-et-friandises/friandise/82540-crunchy-stick-perroquet.html
82536-73368;1440827;189;20170125;https://www.jardiland.com/animaux/oiseau/alimentation-et-friandises/friandise/82536-crunchy-stick-exotique.html
82536-73367;1440828;189;20170125;https://www.jardiland.com/animaux/oiseau/alimentation-et-friandises/friandise/82536-crunchy-stick-exotique.html
82522-73369;1440825;189;20170125;https://www.jardiland.com/animaux/oiseau/alimentation-et-friandises/friandise/82522-crunchy-stick-canari.html
82522-73364;1440823;189;20170125;https://www.jardiland.com/animaux/oiseau/alimentation-et-friandises/friandise/82522-crunchy-stick-canari.html
82522-73356;1440824;189;20170125;https://www.jardiland.com/animaux/oiseau/alimentation-et-friandises/friandise/82522-crunchy-stick-canari.html
67270-67270;1484387;189;20170125;https://www.jardiland.com/animaux/poisson/entretien-et-soins/produit-pour-l-eau/67270-jbl-starter-kit.html
68267-68267;1463242;189;20170125;https://www.jardiland.com/animaux/poisson/materiel-chauffage-filtres-et-pompes/aeration/68267-ventouses-tuyau-a-air-x4-1.html
5758-5758;957350;189;20170125;https://www.jardiland.com/animaux/poisson/materiel-chauffage-filtres-et-pompes/aeration/5758-ventouse-crochet-aerateur-x4-1.html
68269-68269;1463240;189;20170125;https://www.jardiland.com/animaux/poisson/materiel-chauffage-filtres-et-pompes/aeration/68269-tuyau-a-air-cristal-2-5m.html
3760-3760;543789;189;20170125;https://www.jardiland.com/animaux/poisson/materiel-chauffage-filtres-et-pompes/aeration/3760-pompe-a-air-rena-50-1.html
68891-68891;1436795;189;20170125;https://www.jardiland.com/animaux/poisson/materiel-chauffage-filtres-et-pompes/filtre-interieur/68891-new-rena-superclean-20-1.html
81621-73024;1457275;189;20170125;https://www.jardiland.com/animaux/poisson/materiel-chauffage-filtres-et-pompes/aeration/81621-new-rena-air.html
82830-75472;1481080;189;20170125;https://www.jardiland.com/animaux/poisson/materiel-chauffage-filtres-et-pompes/filtre-exterieur/82830-jard-tuyau-predecoupe-2-5m.html
82830-75470;1481079;189;20170125;https://www.jardiland.com/animaux/poisson/materiel-chauffage-filtres-et-pompes/filtre-exterieur/82830-jard-tuyau-predecoupe-2-5m.html
67312-67312;1481081;189;20170125;https://www.jardiland.com/animaux/poisson/materiel-chauffage-filtres-et-pompes/aeration/67312-jard-tuyau-aeration-3m.html
67605-67605;1476253;189;20170125;https://www.jardiland.com/animaux/poisson/materiel-chauffage-filtres-et-pompes/chauffage/67605-jard-thermometre-digital-exterieur.html
67548-67548;1477965;189;20170125;https://www.jardiland.com/animaux/poisson/materiel-chauffage-filtres-et-pompes/nettoyage-aquarium/67548-jard-siphon.html
67941-67941;1473550;189;20170125;https://www.jardiland.com/animaux/poisson/materiel-chauffage-filtres-et-pompes/nettoyage-aquarium/67941-jard-epuisette-ronde-10cm.html
82766-74969;1473543;189;20170125;https://www.jardiland.com/animaux/poisson/materiel-chauffage-filtres-et-pompes/nettoyage-aquarium/82766-jard-epuisette-maille-fine.html
82481-75892;1475829;189;20170125;https://www.jardiland.com/animaux/poisson/materiel-chauffage-filtres-et-pompes/aeration/82481-jard-diffuseur-d-air-3cm.html
82481-75886;1475828;189;20170125;https://www.jardiland.com/animaux/poisson/materiel-chauffage-filtres-et-pompes/aeration/82481-jard-diffuseur-d-air-3cm.html
53248-53160;543688;189;20170125;https://www.jardiland.com/animaux/poisson/materiel-chauffage-filtres-et-pompes/masse-de-filtration/53248-ehfikarbon.html
68886-68886;1436801;189;20170125;https://www.jardiland.com/animaux/poisson/materiel-chauffage-filtres-et-pompes/masse-de-filtration/68886-crystal-20-x6-1.html
32531-15318;543748;189;20170125;https://www.jardiland.com/animaux/poisson/materiel-chauffage-filtres-et-pompes/masse-de-filtration/32531-charbon-de-filtration-actikool.html
67502-67502;1478531;189;20170125;https://www.jardiland.com/animaux/poisson/decoration-pour-aquarium/decor-naturel/67502-racine-mangrove-tgm.html
81339-72810;1453022;189;20170125;https://www.jardiland.com/animaux/poisson/decoration-pour-aquarium/sable-et-autres-graviers/81339-quartz-fluo-pour-aquarium-1-kg.html
81339-72806;1453027;189;20170125;https://www.jardiland.com/animaux/poisson/decoration-pour-aquarium/sable-et-autres-graviers/81339-quartz-fluo-pour-aquarium-1-kg.html
81339-72805;1453026;189;20170125;https://www.jardiland.com/animaux/poisson/decoration-pour-aquarium/sable-et-autres-graviers/81339-quartz-fluo-pour-aquarium-1-kg.html
81339-72804;1453023;189;20170125;https://www.jardiland.com/animaux/poisson/decoration-pour-aquarium/sable-et-autres-graviers/81339-quartz-fluo-pour-aquarium-1-kg.html
81339-72801;1453025;189;20170125;https://www.jardiland.com/animaux/poisson/decoration-pour-aquarium/sable-et-autres-graviers/81339-quartz-fluo-pour-aquarium-1-kg.html
1065-1065;1253926;189;20170125;https://www.jardiland.com/animaux/poisson/decoration-pour-aquarium/plante-artificielle/1065-plante-rocky-coast-large.html
1021-1021;1328652;189;20170125;https://www.jardiland.com/animaux/poisson/decoration-pour-aquarium/plante-artificielle/1021-plante-artificielle-terracotta-pot-air-diffuser.html
5419-5419;958034;189;20170125;https://www.jardiland.com/animaux/poisson/decoration-pour-aquarium/plante-artificielle/5419-plante-artificielle-pont-aquatic.html
1022-1022;1328653;189;20170125;https://www.jardiland.com/animaux/poisson/decoration-pour-aquarium/plante-artificielle/1022-plante-artificielle-aquaplant-rock-large.html
1236-1236;1263999;189;20170125;https://www.jardiland.com/animaux/poisson/decoration-pour-aquarium/plante-artificielle/1236-decor-rocher-marin-medium.html
1309-1309;1304936;189;20170125;https://www.jardiland.com/animaux/poisson/decoration-pour-aquarium/decoration-d-aquarium/1309-decor-pour-aquarium-zen-garden.html
32400-26213;840119;189;20170125;https://www.jardiland.com/animaux/poisson/decoration-pour-aquarium/decoration-d-aquarium/32400-decor-pour-aquarium-roche-vulcano.html
32424-12380;1386365;189;20170125;https://www.jardiland.com/animaux/poisson/decoration-pour-aquarium/plante-artificielle/32424-decor-pour-aquarium-massif-colore.html
650-650;1252868;189;20170125;https://www.jardiland.com/animaux/poisson/decoration-pour-aquarium/decoration-d-aquarium/650-decor-pour-aquarium-diffuseur-boudha-bonzai.html
5219-5219;958023;189;20170125;https://www.jardiland.com/animaux/poisson/decoration-pour-aquarium/plante-artificielle/5219-decor-papyrus-medium.html
32418-29922;958028;189;20170125;https://www.jardiland.com/animaux/poisson/decoration-pour-aquarium/plante-artificielle/32418-decor-mousse-amazone-sur-fond.html
32418-29918;958018;189;20170125;https://www.jardiland.com/animaux/poisson/decoration-pour-aquarium/plante-artificielle/32418-decor-mousse-amazone-sur-fond.html
5414-5414;958027;189;20170125;https://www.jardiland.com/animaux/poisson/decoration-pour-aquarium/plante-artificielle/5414-decor-fleur-amazone.html
5216-5216;958005;189;20170125;https://www.jardiland.com/animaux/poisson/decoration-pour-aquarium/plante-artificielle/5216-decor-composition-oasis.html
5776-5776;958002;189;20170125;https://www.jardiland.com/animaux/poisson/decoration-pour-aquarium/plante-artificielle/5776-decor-composition-mum-head.html
32416-29920;958020;189;20170125;https://www.jardiland.com/animaux/poisson/decoration-pour-aquarium/plante-artificielle/32416-decor-amphore-large-sur-fond.html
81365-75502;1480246;189;20170125;https://www.jardiland.com/animaux/poisson/aquariums/aquarium-decoratif/81365-tetra-betta-projector.html
65034-65011;1487307;189;20170125;https://www.jardiland.com/animaux/poisson/aquariums/aquarium-pour-poisson-d-eau-chaude/65034-aquarium-led-confort-60-1.html
65031-78987;1487298;189;20170125;https://www.jardiland.com/animaux/poisson/aquariums/aquarium-pour-poisson-d-eau-froide/65031-aquarium-inwa-start40-pack-pur.html
1399-1399;1295312;189;20170125;https://www.jardiland.com/animaux/poisson/aquariums/aquarium-boule/1399-aquarium-boule-zen.html
32386-41382;1405450;189;20170125;https://www.jardiland.com/animaux/poisson/aquariums/aquarium-pour-poisson-d-eau-chaude/32386-aquarium-aquadream-led-60-1.html
31802-15211;542909;189;20170125;https://www.jardiland.com/animaux/chat/colliers-laisses-et-harnais/laisse/31802-laisse-pour-chat-tete-de-chat.html
31804-15206;542904;189;20170125;https://www.jardiland.com/animaux/chat/colliers-laisses-et-harnais/laisse/31804-laisse-pour-chat-poisson.html
31793-15205;542789;189;20170125;https://www.jardiland.com/animaux/chat/colliers-laisses-et-harnais/harnais/31793-harnais-pour-chat.html
82339-72418;1401266;189;20170125;https://www.jardiland.com/animaux/chat/colliers-laisses-et-harnais/harnais/82339-harnais-laisse-reflecto.html
82339-72294;1401265;189;20170125;https://www.jardiland.com/animaux/chat/colliers-laisses-et-harnais/harnais/82339-harnais-laisse-reflecto.html
82337-72298;1401260;189;20170125;https://www.jardiland.com/animaux/chat/colliers-laisses-et-harnais/harnais/82337-harnais-laisse-chat-kiddy.html
82337-72297;1401261;189;20170125;https://www.jardiland.com/animaux/chat/colliers-laisses-et-harnais/harnais/82337-harnais-laisse-chat-kiddy.html
82337-72296;1401262;189;20170125;https://www.jardiland.com/animaux/chat/colliers-laisses-et-harnais/harnais/82337-harnais-laisse-chat-kiddy.html
82330-72301;1401236;189;20170125;https://www.jardiland.com/animaux/chat/colliers-laisses-et-harnais/collier/82330-collier-chat-night.html
82332-72278;1401238;189;20170125;https://www.jardiland.com/animaux/chat/colliers-laisses-et-harnais/collier/82332-collier-chat-glow.html
82275-72287;1401228;189;20170125;https://www.jardiland.com/animaux/chat/colliers-laisses-et-harnais/collier/82275-collier-chat-fancycat.html
82275-72286;1401227;189;20170125;https://www.jardiland.com/animaux/chat/colliers-laisses-et-harnais/collier/82275-collier-chat-fancycat.html
82275-72285;1401226;189;20170125;https://www.jardiland.com/animaux/chat/colliers-laisses-et-harnais/collier/82275-collier-chat-fancycat.html
82246-72366;1391963;189;20170125;https://www.jardiland.com/animaux/chat/coussins-et-paniers-de-transport/coussin-et-corbeille-pour-chat/82246-pyramide-prestige-printemps.html
69473-69473;1418531;189;20170125;https://www.jardiland.com/animaux/chat/jeux-et-jouets/69473-canne-a-peche-rumy-55-cm.html
68782-68782;1440201;189;20170125;https://www.jardiland.com/animaux/chat/jeux-et-jouets/68782-canne-a-peche-40cm.html
68378-68378;1457712;189;20170125;https://www.jardiland.com/animaux/chat/jeux-et-jouets/68378-bobine-de-laine-balle.html
5938-5938;998271;189;20170125;https://www.jardiland.com/animaux/chat/arbres-a-chat-et-griffoirs/griffoir/5938-griffoir-pour-chat-zebre.html
5939-5939;998273;189;20170125;https://www.jardiland.com/animaux/chat/arbres-a-chat-et-griffoirs/griffoir/5939-griffoir-pour-chat-papillon.html
82466-73338;1440191;189;20170125;https://www.jardiland.com/animaux/chat/arbres-a-chat-et-griffoirs/griffoir/82466-griffoir-en-carton-49x22x8cm.html
82468-73357;1440193;189;20170125;https://www.jardiland.com/animaux/chat/arbres-a-chat-et-griffoirs/griffoir/82468-griffoir-en-carton-46x22x20cm.html
2283-2283;1373537;189;20170125;https://www.jardiland.com/animaux/chat/arbres-a-chat-et-griffoirs/arbre-a-chat/2283-arbre-a-chat-pesaro-anthracite-104-cm.html
31766-23914;730574;189;20170125;https://www.jardiland.com/animaux/chat/arbres-a-chat-et-griffoirs/arbre-a-chat/31766-arbre-a-chat-draco.html
31769-12357;1385700;189;20170125;https://www.jardiland.com/animaux/chat/arbres-a-chat-et-griffoirs/arbre-a-chat/31769-arbre-a-chat-dora.html
67628-67628;1475667;189;20170125;https://www.jardiland.com/animaux/chat/hygiene-soins-et-litieres/soin-de-toilettage/67628-shampoing-aux-extraits-de-bouleau-250ml.html
40926-40926;966579;189;20170125;https://www.jardiland.com/animaux/chat/hygiene-soins-et-litieres/bac-a-litiere-et-maison-de-toilette/40926-maison-de-toilette-cat-s-fashion-funny.html
69470-69470;1418908;189;20170125;https://www.jardiland.com/animaux/chat/hygiene-soins-et-litieres/soins-pour-chat/69470-feliway-recharge-48ml.html
32657-7960;1250579;189;20170125;https://www.jardiland.com/animaux/rongeurs-et-petits-mammiferes/jouets-et-exercices/roue-tube-et-autres-accessoires-de-jeux/32657-roue-silencieuse-orbital.html
82398-75057;1468976;189;20170125;https://www.jardiland.com/animaux/rongeurs-et-petits-mammiferes/habitats-cages-et-accessoires/cage/82398-cage-indoor-pour-hamster.html
53801-53801;1281798;189;20170125;https://www.jardiland.com/animaux/rongeurs-et-petits-mammiferes/habitats-cages-et-accessoires/cage/53801-cage-cavie-80-decor.html
58005-58005;1441559;189;20170125;https://www.jardiland.com/animaux/chien/soins-antiparasitaires/antiparasitaire-pour-l-habitat/58005-spray-insectifuge-de-l-habitat.html
81635-77215;1458557;189;20170125;https://www.jardiland.com/animaux/chien/soins-antiparasitaires/insectifuge/81635-clearspot.html
67629-67629;1475666;189;20170125;https://www.jardiland.com/animaux/chien/hygiene-et-soins/soin-de-toilettage/67629-shampoing-huile-d-amande-douce-250ml.html
5745-5745;957278;189;20170125;https://www.jardiland.com/animaux/chien/hygiene-et-soins/soin-de-toilettage/5745-peigne-fin.html
5748-5748;957281;189;20170125;https://www.jardiland.com/animaux/chien/hygiene-et-soins/soin-de-toilettage/5748-peigne-demeloir-pour-chien.html
68148-68148;1467271;189;20170125;https://www.jardiland.com/animaux/chien/hygiene-et-soins/soin-de-toilettage/68148-coupe-ongle-large.html
68138-68138;1467887;189;20170125;https://www.jardiland.com/animaux/chien/hygiene-et-soins/soin-de-toilettage/68138-brosse-pneumatique-l.html
68136-68136;1467889;189;20170125;https://www.jardiland.com/animaux/chien/hygiene-et-soins/soin-de-toilettage/68136-brosse-plastique-douce-small.html
5744-5744;957277;189;20170125;https://www.jardiland.com/animaux/chien/hygiene-et-soins/soin-de-toilettage/5744-brosse-douce.html
32083-11702;1372219;189;20170125;https://www.jardiland.com/animaux/chien/colliers-laisses-et-vetements/laisse-pour-chien/32083-laisse-pour-chien-pois-xs.html
32064-28872;921863;189;20170125;https://www.jardiland.com/animaux/chien/colliers-laisses-et-vetements/laisse-pour-chien/32064-laisse-pour-chien-camouflage.html
46041-39525;739455;189;20170125;https://www.jardiland.com/animaux/chien/colliers-laisses-et-vetements/laisse-pour-chien/46041-laisse-pour-chien-avec-bord-arrondi.html
62909-7994;1256753;189;20170125;https://www.jardiland.com/animaux/chien/colliers-laisses-et-vetements/laisse-pour-chien/62909-laisse-confort-nylon.html
32049-28081;904207;189;20170125;https://www.jardiland.com/animaux/chien/colliers-laisses-et-vetements/harnais/32049-harnais-reglable-pour-chien-choco.html
32049-28080;904205;189;20170125;https://www.jardiland.com/animaux/chien/colliers-laisses-et-vetements/harnais/32049-harnais-reglable-pour-chien-choco.html
81311-76839;1460847;189;20170125;https://www.jardiland.com/animaux/chien/colliers-laisses-et-vetements/harnais/81311-harnais-julius-k9-1.html
32002-13297;1403902;189;20170125;https://www.jardiland.com/animaux/chien/colliers-laisses-et-vetements/accessoires/32002-harnais-de-randonnee-pour-chien.html
32012-15132;540850;189;20170125;https://www.jardiland.com/animaux/chien/colliers-laisses-et-vetements/collier-pour-chien/32012-collier-pour-chien-avec-bord-arrondi.html
81764-78557;739603;189;20170125;https://www.jardiland.com/animaux/chien/colliers-laisses-et-vetements/collier-pour-chien/81764-col-chai-1-2-etrangleur-2-rang.html
68216-68216;1485193;189;20170125;https://www.jardiland.com/animaux/chien/colliers-laisses-et-vetements/accessoires/68216-clicker-de-dressage-pour-chien.html
83579-78555;739605;189;20170125;https://www.jardiland.com/animaux/chien/colliers-laisses-et-vetements/collier-pour-chien/83579-accouple-chaine.html
32184-27167;868627;189;20170125;https://www.jardiland.com/animaux/chien/jeux-et-jouets/jouet-en-caoutchouc-et-latex/32184-jouet-pour-chien-wubba.html
65742-65742;901177;189;20170125;https://www.jardiland.com/animaux/chien/jeux-et-jouets/peluche/65742-chien-renifleur.html
82576-77009;1462421;189;20170125;https://www.jardiland.com/animaux/chien/jeux-et-jouets/jouet-en-caoutchouc-et-latex/82576-balle-caoutchouc-extra.html
32235-30355;972164;189;20170125;https://www.jardiland.com/animaux/chien/niches-couchage-et-transport/panier-et-sac-de-transport/32235-panier-de-transport-pour-chat-ou-petits-chiens.html
51288-51148;1437063;189;20170125;https://www.jardiland.com/animaux/chien/niches-couchage-et-transport/coussin-et-matelas/51288-master-dehoussable-chien-mink.html
32244-8333;1263232;189;20170125;https://www.jardiland.com/animaux/chien/niches-couchage-et-transport/tapis/32244-coussin-plat-kilt-rouge.html
32244-8330;1263227;189;20170125;https://www.jardiland.com/animaux/chien/niches-couchage-et-transport/tapis/32244-coussin-plat-kilt-rouge.html
32219-23532;716324;189;20170125;https://www.jardiland.com/animaux/chien/niches-couchage-et-transport/corbeille/32219-corbeille-pour-chien-siesta-deluxe-6-1.html
82474-73321;1440174;189;20170125;https://www.jardiland.com/animaux/chien/niches-couchage-et-transport/corbeille/82474-corbeille-ouatinee-gris-pet-s-fashion.html
82474-73309;1440172;189;20170125;https://www.jardiland.com/animaux/chien/niches-couchage-et-transport/corbeille/82474-corbeille-ouatinee-gris-pet-s-fashion.html
65030-65009;1485052;189;20170125;https://www.jardiland.com/animaux/chien/alimentation-et-friandises/biscuit/65030-petits-fourres-au-saumon-et-aux-algues-400-g.html
65030-64990;1485055;189;20170125;https://www.jardiland.com/animaux/chien/alimentation-et-friandises/biscuit/65030-petits-fourres-au-saumon-et-aux-algues-400-g.html
31990-7077;1209703;189;20170125;https://www.jardiland.com/animaux/chien/alimentation-et-friandises/os-a-macher/31990-os-presses.html
31990-7070;1209683;189;20170125;https://www.jardiland.com/animaux/chien/alimentation-et-friandises/os-a-macher/31990-os-presses.html
70618-70618;1390051;189;20170125;https://www.jardiland.com/animaux/chien/alimentation-et-friandises/friandise-bucco-dentaire/70618-greenies-regular-x6-mini-pack-170g.html
65029-65008;1485045;189;20170125;https://www.jardiland.com/animaux/chien/alimentation-et-friandises/biscuit/65029-friandises-macarons-pour-chiens.html
65029-65007;1485044;189;20170125;https://www.jardiland.com/animaux/chien/alimentation-et-friandises/biscuit/65029-friandises-macarons-pour-chiens.html
83505-79550;1486143;189;20170125;https://www.jardiland.com/animaux/chien/alimentation-et-friandises/os-a-macher/83505-feedeez-os-presse.html
82284-75390;1469342;189;20170125;https://www.jardiland.com/animaux/chien/alimentation-et-friandises/biscuit/82284-feedeez-oreilles-porc.html
46080-44461;537302;189;20170125;https://www.jardiland.com/animaux/chien/alimentation-et-friandises/croquette-pour-chien/46080-eukanuba-adult-maintenance-moyenne-race.html
1396-1396;1295028;189;20170125;https://www.jardiland.com/animaux/chien/alimentation-et-friandises/biscuit/1396-chips-oreilles-de-porc.html
31249-48088;640159;189;20170125;https://www.jardiland.com/amenagement-du-jardin/bassins-et-jardin-aquatique/alimentation/31249-tetra-pond-sticks.html
81802-78459;803070;189;20170125;https://www.jardiland.com/amenagement-du-jardin/bassins-et-jardin-aquatique/materiel/81802-epuisette-rectangulaire.html
31280-9620;1305745;189;20170125;https://www.jardiland.com/amenagement-du-jardin/bassins-et-jardin-aquatique/soins-et-entretien/31280-api-quick-start.html
71889-71889;1228595;189;20170125;https://www.jardiland.com/amenagement-du-jardin/abris-de-jardin-serres-et-rangements/abris-de-jardin/71889-bucher-portland-180-cm-plancher.html
70221-70221;1404546;189;20170125;https://www.jardiland.com/amenagement-du-jardin/loisirs-plein-air/jouets/70221-tracteur-jcb-avec-chargeur-frontal.html
365-365;1208211;189;20170125;https://www.jardiland.com/amenagement-du-jardin/loisirs-plein-air/jouets/365-figurine-girafe.html
1498-1498;1305863;189;20170125;https://www.jardiland.com/amenagement-du-jardin/loisirs-plein-air/jouets/1498-figurine-chameau-de-bactriane.html
371-371;1208245;189;20170125;https://www.jardiland.com/amenagement-du-jardin/loisirs-plein-air/jouets/371-figurine-bebe-gorille.html
70872-70872;1354562;189;20170125;https://www.jardiland.com/amenagement-du-jardin/decorations/statues-et-figurines/70872-ourson-polaire-40-cm.html
70867-70867;1354574;189;20170125;https://www.jardiland.com/amenagement-du-jardin/decorations/statues-et-figurines/70867-mini-cochon-h9-5-cm.html
70917-70917;1354504;189;20170125;https://www.jardiland.com/amenagement-du-jardin/decorations/statues-et-figurines/70917-coq-de-bresse-h-41-5cm.html
70845-70845;1354642;189;20170125;https://www.jardiland.com/amenagement-du-jardin/decorations/statues-et-figurines/70845-ara-rouge-38-7-cm.html
66487-66487;572895;189;20170125;https://www.jardiland.com/amenagement-du-jardin/pots-bacs-jardinieres-et-supports/tuteurs-et-supports-de-plante/treillage/66487-treillis-cache-gouttiere-180cm.html
66483-66483;572940;189;20170125;https://www.jardiland.com/amenagement-du-jardin/pots-bacs-jardinieres-et-supports/tuteurs-et-supports-de-plante/pergola-arche-et-arceau/66483-pergola-ramses-arc-curve-210x215-224x49c.html
31426-24415;801374;189;20170125;https://www.jardiland.com/amenagement-du-jardin/pots-bacs-jardinieres-et-supports/autres-pots-et-jardinieres/pot-et-jardiniere-en-metal/31426-jardiniere-en-zinc-balconniere.html
81479-80783;923276;189;20170125;https://www.jardiland.com/amenagement-du-jardin/pots-bacs-jardinieres-et-supports/en-email/81479-soucoupe-deco.html
81479-80776;923293;189;20170125;https://www.jardiland.com/amenagement-du-jardin/pots-bacs-jardinieres-et-supports/en-email/81479-soucoupe-deco.html
81479-77958;661604;189;20170125;https://www.jardiland.com/amenagement-du-jardin/pots-bacs-jardinieres-et-supports/en-email/81479-soucoupe-deco.html
81479-77559;675496;189;20170125;https://www.jardiland.com/amenagement-du-jardin/pots-bacs-jardinieres-et-supports/en-email/81479-soucoupe-deco.html
31442-10568;1350362;189;20170125;https://www.jardiland.com/amenagement-du-jardin/pots-bacs-jardinieres-et-supports/en-email/31442-pot-papyrus-en-email.html
81481-80905;972816;189;20170125;https://www.jardiland.com/amenagement-du-jardin/pots-bacs-jardinieres-et-supports/en-email/81481-caluna-deco-perce.html
81481-80796;923280;189;20170125;https://www.jardiland.com/amenagement-du-jardin/pots-bacs-jardinieres-et-supports/en-email/81481-caluna-deco-perce.html
81481-80477;977642;189;20170125;https://www.jardiland.com/amenagement-du-jardin/pots-bacs-jardinieres-et-supports/en-email/81481-caluna-deco-perce.html
81481-73954;1209163;189;20170125;https://www.jardiland.com/amenagement-du-jardin/pots-bacs-jardinieres-et-supports/en-email/81481-caluna-deco-perce.html
31496-7609;1238050;189;20170125;https://www.jardiland.com/amenagement-du-jardin/pots-bacs-jardinieres-et-supports/en-fibre/31496-pot-rond-en-fibre-gris.html
31489-6681;1016787;189;20170125;https://www.jardiland.com/amenagement-du-jardin/pots-bacs-jardinieres-et-supports/en-fibre/31489-pot-en-fibre-conique.html
31489-6680;1016786;189;20170125;https://www.jardiland.com/amenagement-du-jardin/pots-bacs-jardinieres-et-supports/en-fibre/31489-pot-en-fibre-conique.html
82786-75386;1469475;189;20170125;https://www.jardiland.com/amenagement-du-jardin/pots-bacs-jardinieres-et-supports/en-plastique/82786-soucoupe-jard-granromeo.html
82786-75385;1469476;189;20170125;https://www.jardiland.com/amenagement-du-jardin/pots-bacs-jardinieres-et-supports/en-plastique/82786-soucoupe-jard-granromeo.html
82786-73235;1430012;189;20170125;https://www.jardiland.com/amenagement-du-jardin/pots-bacs-jardinieres-et-supports/en-plastique/82786-soucoupe-jard-granromeo.html
31572-11153;1360571;189;20170125;https://www.jardiland.com/amenagement-du-jardin/pots-bacs-jardinieres-et-supports/en-plastique/31572-soucoupe-en-plastique-romeo.html
31572-11147;1360565;189;20170125;https://www.jardiland.com/amenagement-du-jardin/pots-bacs-jardinieres-et-supports/en-plastique/31572-soucoupe-en-plastique-romeo.html
82758-75373;1469459;189;20170125;https://www.jardiland.com/amenagement-du-jardin/pots-bacs-jardinieres-et-supports/en-plastique/82758-jardiniere-romeo.html
82758-75370;1469457;189;20170125;https://www.jardiland.com/amenagement-du-jardin/pots-bacs-jardinieres-et-supports/en-plastique/82758-jardiniere-romeo.html
82758-75369;1469462;189;20170125;https://www.jardiland.com/amenagement-du-jardin/pots-bacs-jardinieres-et-supports/en-plastique/82758-jardiniere-romeo.html
82767-75383;1469471;189;20170125;https://www.jardiland.com/amenagement-du-jardin/pots-bacs-jardinieres-et-supports/en-plastique/82767-jardiniere-granromeo.html
82767-75371;1469472;189;20170125;https://www.jardiland.com/amenagement-du-jardin/pots-bacs-jardinieres-et-supports/en-plastique/82767-jardiniere-granromeo.html
31574-11219;1360620;189;20170125;https://www.jardiland.com/amenagement-du-jardin/pots-bacs-jardinieres-et-supports/en-plastique/31574-crochet-de-suspension.html
18854-24411;801196;189;20170125;https://www.jardiland.com/amenagement-du-jardin/pots-bacs-jardinieres-et-supports/en-plastique/18854-conteneur-en-plastique-noir.html
66557-66557;572154;189;20170125;https://www.jardiland.com/amenagement-du-jardin/amenagement/dalles-galets-et-pas-japonais/dalle/66557-vis-4x45-boite-de-70-piecesinox.html
81615-80875;976443;189;20170125;https://www.jardiland.com/amenagement-du-jardin/amenagement/dalles-galets-et-pas-japonais/galet-et-gravier/81615-seau-galet.html
21562-52422;976445;189;20170125;https://www.jardiland.com/amenagement-du-jardin/amenagement/dalles-galets-et-pas-japonais/galet-et-gravier/21562-galets-decoratifs-zen.html
65624-65624;919575;189;20170125;https://www.jardiland.com/amenagement-du-jardin/amenagement/bordures/65624-bordure-flexible-plate-boite-3-m.html
65524-65524;927999;189;20170125;https://www.jardiland.com/amenagement-du-jardin/amenagement/bordures/65524-bloc-muret-natura-45x12x11-1.html
31205-52221;1247723;189;20170125;https://www.jardiland.com/amenagement-du-jardin/amenagement/occultations/31205-brise-vue-ombrag-haie.html
31205-10687;1351191;189;20170125;https://www.jardiland.com/amenagement-du-jardin/amenagement/occultations/31205-brise-vue-ombrag-haie.html
81570-79883;571758;189;20170125;https://www.jardiland.com/amenagement-du-jardin/amenagement/clotures-et-palissades/81570-jambe-de-force-plastifiee-vert.html
71175-71175;1333074;189;20170125;https://www.jardiland.com/amenagement-du-jardin/barbecues-cuisine-exterieur/autres/accessoires-de-barbecue/71175-support-cuisson-goumet-poulet.html
42124-42124;1352029;189;20170125;https://www.jardiland.com/amenagement-du-jardin/barbecues-cuisine-exterieur/autres/accessoires-de-barbecue/42124-plancha-en-fonte-pour-weber-q-serie-1000-1.html
2076-2076;1352030;189;20170125;https://www.jardiland.com/amenagement-du-jardin/barbecues-cuisine-exterieur/autres/accessoires-de-barbecue/2076-plancha-en-fonte-emaillee-pour-spirit-3-bruleurs.html
71176-71176;1333072;189;20170125;https://www.jardiland.com/amenagement-du-jardin/barbecues-cuisine-exterieur/autres/accessoires-de-barbecue/71176-pierre-a-pizza-goumet.html
69366-69366;1428944;189;20170125;https://www.jardiland.com/amenagement-du-jardin/barbecues-cuisine-exterieur/autres/accessoires-de-barbecue/69366-housse-pop-up-pour-plancha-60-1.html
69368-69368;1428941;189;20170125;https://www.jardiland.com/amenagement-du-jardin/barbecues-cuisine-exterieur/autres/accessoires-de-barbecue/69368-housse-pop-up-pour-plancha-45-1.html
5082-5082;730566;189;20170125;https://www.jardiland.com/amenagement-du-jardin/barbecues-cuisine-exterieur/autres/accessoires-de-barbecue/5082-housse-de-luxe-q300-3000-1.html
36634-36634;741731;189;20170125;https://www.jardiland.com/amenagement-du-jardin/barbecues-cuisine-exterieur/autres/accessoires-de-barbecue/36634-gromme-double-rectangulaire.html
42123-42123;1352009;189;20170125;https://www.jardiland.com/amenagement-du-jardin/barbecues-cuisine-exterieur/autres/accessoires-de-barbecue/42123-chariot-pour-barbecue-deluxe-weber-q-2000-1.html
31230-9259;1317505;189;20170125;https://www.jardiland.com/amenagement-du-jardin/barbecues-cuisine-exterieur/autres/combustible/31230-charbon-de-bois-express.html
42134-42134;545019;189;20170125;https://www.jardiland.com/amenagement-du-jardin/barbecues-cuisine-exterieur/autres/combustible/42134-allume-feu-solide.html
42137-42137;1352013;189;20170125;https://www.jardiland.com/amenagement-du-jardin/barbecues-cuisine-exterieur/electrique/42137-barbecue-electrique-q-2400-1.html
31218-12765;1396475;189;20170125;https://www.jardiland.com/amenagement-du-jardin/barbecues-cuisine-exterieur/au-charbon/31218-barbecue-au-charbon-master-touch-gbs-57-cm.html
70555-70555;1394083;189;20170125;https://www.jardiland.com/amenagement-du-jardin/eclairage-et-chauffage-d-exterieur/bougies-d-exterieur/70555-torche-bambou-tresse-ht150cm.html
81687-73785;1002329;189;20170125;https://www.jardiland.com/amenagement-du-jardin/eclairage-et-chauffage-d-exterieur/bougies-d-exterieur/81687-lampe-tempete-3-coul-assorties.html
70902-70902;1377074;189;20170125;https://www.jardiland.com/amenagement-du-jardin/eclairage-et-chauffage-d-exterieur/eclairage-solaire/70902-spots-bouddha.html
2713-2713;1397846;189;20170125;https://www.jardiland.com/amenagement-du-jardin/eclairage-et-chauffage-d-exterieur/eclairage-solaire/2713-lanterne-solaire-tressee.html
81250-81122;962583;189;20170125;https://www.jardiland.com/amenagement-du-jardin/parasols-tonnelles-et-voiles-d-ombrage/voiles-d-ombrage/81250-toile-velum-triangulaire-5m00-1.html
49971-49078;1430983;189;20170125;https://www.jardiland.com/amenagement-du-jardin/mobilier-de-jardin/accessoires-coussins-et-entretien/coussin/49971-mini-polochon-en-polyester-17-x-30-cm.html
70292-70292;1398451;189;20170125;https://www.jardiland.com/amenagement-du-jardin/mobilier-de-jardin/accessoires-coussins-et-entretien/entretien-lasure-et-accessoires/70292-huile-protectrice-teck-bois-2-5l.html
31337-6043;1002449;189;20170125;https://www.jardiland.com/amenagement-du-jardin/mobilier-de-jardin/bains-de-soleil-et-hamacs/hamac/31337-hamac-belem-a-barre.html
31359-15483;566621;189;20170125;https://www.jardiland.com/amenagement-du-jardin/mobilier-de-jardin/salon-de-jardin/mobilier-pliant/31359-table-rectangulaire-bistro.html
36696-36696;1429497;189;20170125;https://www.jardiland.com/amenagement-du-jardin/mobilier-de-jardin/salon-de-jardin/salon-en-metal/36696-table-de-jardin-en-aluminium-elena-gris.html
66230-66230;730498;189;20170125;https://www.jardiland.com/amenagement-du-jardin/mobilier-de-jardin/salon-de-jardin/housse-de-protection/66230-nettoyant-teck-1-litre.html
70263-70263;1402273;189;20170125;https://www.jardiland.com/jardinage/bricolage-droguerie/tapis/70263-tapis-jasmin-80x50-1.html
66741-66741;567185;189;20170125;https://www.jardiland.com/jardinage/bricolage-droguerie/droguerie/66741-nettoyant-pour-meubles-en-teck.html
5054-5054;697145;189;20170125;https://www.jardiland.com/jardinage/semis-protections-et-accessoires-de-jardinage/voiles-d-hivernage-et-protections/tunnel-film-et-voile-de-forcage/5054-jeu-de-2-embouts-pour-tunnel-de-culture-rigide.html
5886-5886;981746;189;20170125;https://www.jardiland.com/jardinage/arrosage/arrosage-goutte-a-goutte/5886-reducteur-t-13mme4e6-mm.html
32665-54628;574408;189;20170125;https://www.jardiland.com/jardinage/arrosage/arrosoirs/32665-arrosoir-ovale-pomme.html
41073-41073;874329;189;20170125;https://www.jardiland.com/jardinage/outils-et-materiel-du-jardinier/outils-de-taille/bucheronnage/41073-hachette-awax-novagrip.html
51520-51520;927839;189;20170125;https://www.jardiland.com/jardinage/outils-et-materiel-du-jardinier/outils-de-taille/bucheronnage/51520-chevalet-porte-buches-en-metal.html
4613-4613;576358;189;20170125;https://www.jardiland.com/jardinage/outils-et-materiel-du-jardinier/grands-outils-de-jardin/balai-et-rateau/4613-rateau-trempe-14-dents-courbes.html
4610-4610;576355;189;20170125;https://www.jardiland.com/jardinage/outils-et-materiel-du-jardinier/grands-outils-de-jardin/bechee-louchet-et-pelle/4610-fourche-a-becher-douille-4-dents-avec-manche-pomme.html
32697-53142;1401615;189;20170125;https://www.jardiland.com/jardinage/entretien-et-traitements/engrais/engrais-pour-arbres-et-fleurs-du-jardin/32697-engrais-geraniums-et-balconnieres.html
32778-53132;1373573;189;20170125;https://www.jardiland.com/jardinage/entretien-et-traitements/engrais/engrais-pour-arbres-et-fleurs-du-jardin/32778-engrais-complet-double-actions.html
68726-68726;1442647;189;20170125;https://www.jardiland.com/jardinage/entretien-et-traitements/anti-nuisibles-pieges-et-repulsifs/lutte-contre-les-rats-souris-taupes-et-rongeurs/68726-rat-souris-cereale-decortiquee-200g.html
5242-5242;803520;189;20170125;https://www.jardiland.com/jardinage/paillage-et-amendement/amendement/tourbe/5242-tourbe-blonde.html
4692-4692;577368;189;20170125;https://www.jardiland.com/jardinage/paillage-et-amendement/amendement/fumier/4692-fumier-de-ferme.html
5236-5236;803505;189;20170125;https://www.jardiland.com/jardinage/paillage-et-amendement/amendement/autres-amendements/5236-activateur-de-compost.html
35715-49832;742005;189;20170125;https://www.jardiland.com/plantes/plantes-d-interieur/plantes-carnivores/autres-plantes-carnivores/35715-pinguicula-tina.html
35715-20887;634137;189;20170125;https://www.jardiland.com/plantes/plantes-d-interieur/plantes-carnivores/autres-plantes-carnivores/35715-pinguicula-tina.html
35589-79112;1491839;189;20170125;https://www.jardiland.com/plantes/plantes-d-interieur/bonsais/ficus/35589-ficus-ginseng.html
84709-77405;1459448;189;20170125;https://www.jardiland.com/plantes/plantes-d-interieur/bonsais/carmona/84709-carmona-microphylla.html
83162-73417;1243371;189;20170125;https://www.jardiland.com/plantes/plantes-d-interieur/cactus-et-plantes-grasses/euphorbe/83162-euphorbia-lactea-cristata.html
35624-45307;855859;189;20170125;https://www.jardiland.com/plantes/plantes-d-interieur/cactus-et-plantes-grasses/crassula/35624-crassula-minor.html
35599-29436;941763;189;20170125;https://www.jardiland.com/plantes/plantes-d-interieur/cactus-et-plantes-grasses/aloe/35599-aloe-vera.html
36117-29936;958792;189;20170125;https://www.jardiland.com/plantes/plantes-d-interieur/plantes-vertes/syngonium/36117-syngonium-white-butterfly-mini-plante.html
82345-75897;1475796;189;20170125;https://www.jardiland.com/plantes/plantes-d-interieur/plantes-vertes/autres-plantes-vertes/82345-plante-verte-mixte.html
36066-52286;642031;189;20170125;https://www.jardiland.com/plantes/plantes-d-interieur/plantes-vertes/nolina-beaucarnea/36066-pied-d-elephant.html
36066-29597;950628;189;20170125;https://www.jardiland.com/plantes/plantes-d-interieur/plantes-vertes/nolina-beaucarnea/36066-pied-d-elephant.html
36066-27991;887711;189;20170125;https://www.jardiland.com/plantes/plantes-d-interieur/plantes-vertes/nolina-beaucarnea/36066-pied-d-elephant.html
36068-22750;687479;189;20170125;https://www.jardiland.com/plantes/plantes-d-interieur/plantes-vertes/pachira/36068-pachira-aquatica.html
36063-21799;656098;189;20170125;https://www.jardiland.com/plantes/plantes-d-interieur/plantes-vertes/nephrolepis/36063-nephrolepis-exaltata-bostoniensis-pour-suspension.html
84681-77876;633858;189;20170125;https://www.jardiland.com/plantes/plantes-d-interieur/plantes-vertes/hedera/84681-hedera.html
82909-73158;1438102;189;20170125;https://www.jardiland.com/plantes/plantes-d-interieur/plantes-vertes/autres-plantes-vertes/82909-fougere.html
36024-28392;905530;189;20170125;https://www.jardiland.com/plantes/plantes-d-interieur/plantes-vertes/fittonia/36024-fittonia-mini-plante.html
35875-28072;892700;189;20170125;https://www.jardiland.com/plantes/plantes-d-interieur/plantes-vertes/autres-plantes-vertes/35875-fatsia-japonica-mini-plante.html
83756-80987;988743;189;20170125;https://www.jardiland.com/plantes/plantes-d-interieur/plantes-vertes/dracaena/83756-dracaena-fr-deremensis.html
35953-26016;835781;189;20170125;https://www.jardiland.com/plantes/plantes-d-interieur/plantes-vertes/cyperus/35953-cyperus-alternifolius.html
35700-62661;1486359;189;20170125;https://www.jardiland.com/plantes/plantes-d-interieur/orchidees/phalaenopsis/35700-orchidee-phalaenopsis-multiflora.html
35837-23746;742535;189;20170125;https://www.jardiland.com/plantes/plantes-d-interieur/plantes-fleuries/spathiphyllum/35837-spathiphyllum-chopin.html
84721-80024;632146;189;20170125;https://www.jardiland.com/plantes/plantes-d-interieur/plantes-fleuries/epiphyllum-schlumbergera-rhipsalis/84721-schlumbergera.html
35822-48005;713836;189;20170125;https://www.jardiland.com/plantes/plantes-d-interieur/plantes-fleuries/rosier-miniature/35822-rosier-miniature.html
35815-12553;1391294;189;20170125;https://www.jardiland.com/plantes/plantes-d-interieur/plantes-fleuries/nertera/35815-nertera-depressa-mini-plante.html
35752-39656;803830;189;20170125;https://www.jardiland.com/plantes/plantes-d-interieur/plantes-fleuries/azalee/35752-azalee-d-interieur.html
35741-28411;906513;189;20170125;https://www.jardiland.com/plantes/plantes-d-interieur/plantes-fleuries/anthurium/35741-anthurium-white-championr.html
35743-28022;890713;189;20170125;https://www.jardiland.com/plantes/plantes-d-interieur/plantes-fleuries/anthurium/35743-anthurium-rouge.html
35743-27762;880332;189;20170125;https://www.jardiland.com/plantes/plantes-d-interieur/plantes-fleuries/anthurium/35743-anthurium-rouge.html
46694-46694;565889;189;20170125;https://www.jardiland.com/plantes/graines-et-gazon/graines-de-fleurs/fleurs-vivaces/46694-oeillet-mignardise-royal-rose.html
46713-46713;565174;189;20170125;https://www.jardiland.com/plantes/graines-et-gazon/graines-de-fleurs/fleurs-annuelles/46713-oeillet-de-chine-geant-double-varie.html
68696-68696;1444790;189;20170125;https://www.jardiland.com/plantes/graines-et-gazon/graines-de-fleurs/fleurs-annuelles/68696-zinnia-pop-art-rg-blc-vl-fls3-1.html
46351-46351;565238;189;20170125;https://www.jardiland.com/plantes/graines-et-gazon/graines-de-fleurs/fleurs-annuelles/46351-pied-d-alouette-imperial-geant.html
46513-46513;565902;189;20170125;https://www.jardiland.com/plantes/graines-et-gazon/graines-de-fleurs/fleurs-bisannuelles/46513-pensee-suisse-lac-des-alpes.html
46819-46819;565584;189;20170125;https://www.jardiland.com/plantes/graines-et-gazon/graines-de-fleurs/fleurs-annuelles/46819-lavatere-a-grandes-fleurs-variee.html
4293-4293;565491;189;20170125;https://www.jardiland.com/plantes/graines-et-gazon/graines-de-fleurs/fleurs-annuelles/4293-fortunia-cascade-purple-wave.html
46286-46286;565831;189;20170125;https://www.jardiland.com/plantes/graines-et-gazon/graines-de-fleurs/fleurs-annuelles/46286-centauree-jubilee-gem.html
4161-4161;565313;189;20170125;https://www.jardiland.com/plantes/graines-et-gazon/graines-de-fleurs/fleurs-annuelles/4161-capucine-naine-tom-pouce.html
46780-46780;564981;189;20170125;https://www.jardiland.com/plantes/graines-et-gazon/graines-de-fleurs/fleurs-vivaces/46780-achillea-millefeuille-summer-pastel.html
1517-1517;1307021;189;20170125;https://www.jardiland.com/plantes/graines-et-gazon/graines-potageres-et-aromatiques/tomates-piments-poivrons-aubergines/1517-tomate-moneymaker-bio.html
860-860;1252030;189;20170125;https://www.jardiland.com/plantes/graines-et-gazon/graines-potageres-et-aromatiques/pois/860-pois-nain-kristelle-200-g.html
53810-53810;1254511;189;20170125;https://www.jardiland.com/plantes/graines-et-gazon/graines-potageres-et-aromatiques/persil/53810-persil-frise-vert-race-magnac.html
46379-46379;564936;189;20170125;https://www.jardiland.com/plantes/graines-et-gazon/graines-potageres-et-aromatiques/courges-melons/46379-melon-mehari-hybride-f1-1.html
57774-57774;996469;189;20170125;https://www.jardiland.com/plantes/graines-et-gazon/graines-potageres-et-aromatiques/salades/57774-laitue-romaine-celtuce.html
35457-26071;837424;189;20170125;https://www.jardiland.com/plantes/bulbes-et-pommes-de-terre/bulbes-potagers-oignons-ail/oignon/35457-oignon-hercules.html
35457-26070;837423;189;20170125;https://www.jardiland.com/plantes/bulbes-et-pommes-de-terre/bulbes-potagers-oignons-ail/oignon/35457-oignon-hercules.html
35447-30778;981106;189;20170125;https://www.jardiland.com/plantes/bulbes-et-pommes-de-terre/bulbes-potagers-oignons-ail/echalote/35447-echalote-biztro.html
35429-26055;837322;189;20170125;https://www.jardiland.com/plantes/bulbes-et-pommes-de-terre/bulbes-potagers-oignons-ail/ail/35429-ail-rose-de-lautrec.html
41900-26763;860654;189;20170125;https://www.jardiland.com/plantes/bulbes-et-pommes-de-terre/bulbes-potagers-oignons-ail/ail/41900-ail-flavor.html
35428-26760;860650;189;20170125;https://www.jardiland.com/plantes/bulbes-et-pommes-de-terre/bulbes-potagers-oignons-ail/ail/35428-ail-edenrose.html
35507-26962;865117;189;20170125;https://www.jardiland.com/plantes/bulbes-et-pommes-de-terre/pommes-de-terre-et-tubercules/pommes-de-terre/35507-pomme-de-terre-samba-sac.html
35507-26961;865116;189;20170125;https://www.jardiland.com/plantes/bulbes-et-pommes-de-terre/pommes-de-terre-et-tubercules/pommes-de-terre/35507-pomme-de-terre-samba-sac.html
35506-28180;898291;189;20170125;https://www.jardiland.com/plantes/bulbes-et-pommes-de-terre/pommes-de-terre-et-tubercules/pommes-de-terre/35506-pomme-de-terre-roseval-sac.html
41928-26944;865084;189;20170125;https://www.jardiland.com/plantes/bulbes-et-pommes-de-terre/pommes-de-terre-et-tubercules/pommes-de-terre/41928-pomme-de-terre-nicola-sac.html
41927-26807;865077;189;20170125;https://www.jardiland.com/plantes/bulbes-et-pommes-de-terre/pommes-de-terre-et-tubercules/pommes-de-terre/41927-pomme-de-terre-monalisa-sac.html
35528-26861;864914;189;20170125;https://www.jardiland.com/plantes/bulbes-et-pommes-de-terre/pommes-de-terre-et-tubercules/pommes-de-terre/35528-pomme-de-terre-monalisa-pochette.html
35539-12034;1375875;189;20170125;https://www.jardiland.com/plantes/bulbes-et-pommes-de-terre/pommes-de-terre-et-tubercules/pommes-de-terre/35539-pomme-de-terre-elodie-sac.html
41906-26930;865014;189;20170125;https://www.jardiland.com/plantes/bulbes-et-pommes-de-terre/pommes-de-terre-et-tubercules/pommes-de-terre/41906-pomme-de-terre-amandine-sac.html
68664-68664;1453536;189;20170125;https://www.jardiland.com/plantes/bulbes-et-pommes-de-terre/pommes-de-terre-et-tubercules/pommes-de-terre/68664-pdt-dolreine-3kg-32-35-1.html
35248-10365;1346515;189;20170125;https://www.jardiland.com/plantes/bulbes-et-pommes-de-terre/bulbes-a-fleurs/jacinthe/35248-jacinthe-pink-pearl.html
53292-52996;1019709;189;20170125;https://www.jardiland.com/plantes/bulbes-et-pommes-de-terre/bulbes-a-fleurs/glaieul/53292-glaieul-blue-shade-grandes-fleurs.html
35032-26709;856635;189;20170125;https://www.jardiland.com/plantes/bulbes-et-pommes-de-terre/bulbes-a-fleurs/autres-bulbes-a-fleurs/35032-agapanthe-bleu.html
35032-26641;855422;189;20170125;https://www.jardiland.com/plantes/bulbes-et-pommes-de-terre/bulbes-a-fleurs/autres-bulbes-a-fleurs/35032-agapanthe-bleu.html
42056-18559;596753;189;20170125;https://www.jardiland.com/plantes/potager-et-verger/fruitiers/poirier/42056-poirier-bonne-louise-d-avranches.html
36514-17985;593097;189;20170125;https://www.jardiland.com/plantes/potager-et-verger/fruitiers/myrtille/36514-myrtille-bluecrop.html
81392-75452;1479920;189;20170125;https://www.jardiland.com/plantes/potager-et-verger/fruitiers/framboisier/81392-framboisier-boheme.html
36438-43605;1457687;189;20170125;https://www.jardiland.com/plantes/potager-et-verger/fruitiers/figuier/36438-figuier-marseillaise.html
41999-60437;583696;189;20170125;https://www.jardiland.com/plantes/potager-et-verger/fruitiers/cerisier/41999-cerisier-bigarreau-geant-d-hedelfingen.html
33375-17742;591446;189;20170125;https://www.jardiland.com/plantes/potager-et-verger/plantes-aromatiques/lavande/33375-lavande-grosso.html
33952-25764;826912;189;20170125;https://www.jardiland.com/plantes/arbres-et-arbustes-d-ornement/coniferes/cypres-de-leyland/33952-x-cupressocyparis-leylandii-2001-1.html
34000-8574;1280187;189;20170125;https://www.jardiland.com/plantes/arbres-et-arbustes-d-ornement/coniferes/pin/34000-pin-de-montagne-benjamin.html
33967-17548;590391;189;20170125;https://www.jardiland.com/plantes/arbres-et-arbustes-d-ornement/coniferes/genevrier/33967-juniperus-squamata-blue-star.html
61025-60184;1405836;189;20170125;https://www.jardiland.com/plantes/arbres-et-arbustes-d-ornement/coniferes/genevrier/61025-juniperus-horizontalis-limeglow.html
33974-30298;971457;189;20170125;https://www.jardiland.com/plantes/arbres-et-arbustes-d-ornement/coniferes/genevrier/33974-juniperus-communis-sentinel.html
84172-79020;1486832;189;20170125;https://www.jardiland.com/plantes/arbres-et-arbustes-d-ornement/coniferes/chamaecyparis/84172-chamaecyp-law-green-globe.html
33880-12968;1400259;189;20170125;https://www.jardiland.com/plantes/arbres-et-arbustes-d-ornement/buis-et-topiaires/photinia-en-topiaire/33880-photinia-x-fraseri-red-robin.html
33847-27331;883948;189;20170125;https://www.jardiland.com/plantes/arbres-et-arbustes-d-ornement/buis-et-topiaires/buis/33847-buis-commun.html
33847-22494;678692;189;20170125;https://www.jardiland.com/plantes/arbres-et-arbustes-d-ornement/buis-et-topiaires/buis/33847-buis-commun.html
33847-7691;1243750;189;20170125;https://www.jardiland.com/plantes/arbres-et-arbustes-d-ornement/buis-et-topiaires/buis/33847-buis-commun.html
34396-16606;585090;189;20170125;https://www.jardiland.com/plantes/arbres-et-arbustes-d-ornement/plantes-grimpantes/clematite/34396-clematite-nelly-moser.html
34423-10167;1338412;189;20170125;https://www.jardiland.com/plantes/arbres-et-arbustes-d-ornement/plantes-grimpantes/clematite/34423-clematite-avalanche.html
34342-39551;735374;189;20170125;https://www.jardiland.com/plantes/arbres-et-arbustes-d-ornement/plantes-grimpantes/bignone/34342-bignone-dancing-flames.html
34931-28187;898425;189;20170125;https://www.jardiland.com/plantes/arbres-et-arbustes-d-ornement/rosiers/rosiers-buissons/34931-rosier-bernadette-lafontr-sauvachild-grandes-fleurs.html
34270-18189;594722;189;20170125;https://www.jardiland.com/plantes/arbres-et-arbustes-d-ornement/plantes-de-terre-de-bruyere/pernettya-gaultheria/34270-gaultheria-mucronata-parelmoer-pernettya-mucronata-mother-of-pearl.html
34140-60960;1439728;189;20170125;https://www.jardiland.com/plantes/arbres-et-arbustes-d-ornement/plantes-de-terre-de-bruyere/erable-du-japon/34140-erable-du-japon-viridis.html
41567-29046;939531;189;20170125;https://www.jardiland.com/plantes/arbres-et-arbustes-d-ornement/plantes-de-terre-de-bruyere/erable-du-japon/41567-erable-du-japon.html
41567-28305;903409;189;20170125;https://www.jardiland.com/plantes/arbres-et-arbustes-d-ornement/plantes-de-terre-de-bruyere/erable-du-japon/41567-erable-du-japon.html
34090-9824;1315915;189;20170125;https://www.jardiland.com/plantes/arbres-et-arbustes-d-ornement/plantes-de-terre-de-bruyere/bois-joli-daphne/34090-daphne-x-transatlantica-eternal-fragrance.html
41565-16258;582549;189;20170125;https://www.jardiland.com/plantes/arbres-et-arbustes-d-ornement/plantes-de-terre-de-bruyere/camelia/41565-camelia-du-japon-rose.html
34681-37827;1267787;189;20170125;https://www.jardiland.com/plantes/arbres-et-arbustes-d-ornement/plantes-mediterraneennes/autres-plantes-mediterraneennes/34681-pittosporum-tenuifolium.html
34801-43479;744531;189;20170125;https://www.jardiland.com/plantes/arbres-et-arbustes-d-ornement/plantes-mediterraneennes/palmiers/34801-palmier-bleu-du-mexique.html
43935-43703;1419058;189;20170125;https://www.jardiland.com/plantes/arbres-et-arbustes-d-ornement/plantes-mediterraneennes/laurier-rose/43935-laurier-rose-a-fleurs-simples-blanches.html
34695-21046;636116;189;20170125;https://www.jardiland.com/plantes/arbres-et-arbustes-d-ornement/plantes-mediterraneennes/autres-plantes-mediterraneennes/34695-grenadier-nain-nana-gracilissima.html
82533-76854;1463694;189;20170125;https://www.jardiland.com/plantes/arbres-et-arbustes-d-ornement/plantes-mediterraneennes/autres-plantes-mediterraneennes/82533-fatsia-spider-web.html
34589-30448;973823;189;20170125;https://www.jardiland.com/plantes/arbres-et-arbustes-d-ornement/plantes-mediterraneennes/autres-plantes-mediterraneennes/34589-callistemon-citrinus-splendens.html
34721-22615;684823;189;20170125;https://www.jardiland.com/plantes/arbres-et-arbustes-d-ornement/plantes-mediterraneennes/autres-plantes-mediterraneennes/34721-callistemon-masotti-pbr.html
34560-16038;579923;189;20170125;https://www.jardiland.com/plantes/arbres-et-arbustes-d-ornement/plantes-mediterraneennes/autres-plantes-mediterraneennes/34560-arbousier-rubra.html
33758-7459;1240229;189;20170125;https://www.jardiland.com/plantes/arbres-et-arbustes-d-ornement/arbres-et-arbustes/viburnum/33758-viburnum-plicatum-shasta.html
33694-55759;1008231;189;20170125;https://www.jardiland.com/plantes/arbres-et-arbustes-d-ornement/arbres-et-arbustes/symphorine/33694-symphoricarpos-x-doorenbosii-magicalr-candy-kolmcan.html
33299-21342;643494;189;20170125;https://www.jardiland.com/plantes/arbres-et-arbustes-d-ornement/arbres-et-arbustes/groseillier-a-fleurs/33299-ribes-sanguineum-pulborough-scarlet.html
33361-18769;597806;189;20170125;https://www.jardiland.com/plantes/arbres-et-arbustes-d-ornement/arbres-et-arbustes/laurier-palme/33361-prunus-laurocerasus-caucasica.html
33579-24495;752199;189;20170125;https://www.jardiland.com/plantes/arbres-et-arbustes-d-ornement/arbres-et-arbustes/prunus/33579-prunus-cerasifera-nigra.html
33474-13711;1408778;189;20170125;https://www.jardiland.com/plantes/arbres-et-arbustes-d-ornement/arbres-et-arbustes/murier/33474-murier-fruitless-sterile.html
33235-23928;730948;189;20170125;https://www.jardiland.com/plantes/arbres-et-arbustes-d-ornement/arbres-et-arbustes/frene/33235-frene-a-feuilles-etroites-raywood.html
33255-17104;587561;189;20170125;https://www.jardiland.com/plantes/arbres-et-arbustes-d-ornement/arbres-et-arbustes/fusain/33255-euonymus-japonicus-bravo.html
33190-27331;883948;189;20170125;https://www.jardiland.com/plantes/arbres-et-arbustes-d-ornement/arbres-et-arbustes/erable/33190-erable-champetre.html
33190-7691;1243750;189;20170125;https://www.jardiland.com/plantes/arbres-et-arbustes-d-ornement/arbres-et-arbustes/erable/33190-erable-champetre.html
33179-25599;822522;189;20170125;https://www.jardiland.com/plantes/arbres-et-arbustes-d-ornement/arbres-et-arbustes/elaeagnus/33179-eleagnus-x-ebbingei-limelight.html
33181-25551;821432;189;20170125;https://www.jardiland.com/plantes/arbres-et-arbustes-d-ornement/arbres-et-arbustes/elaeagnus/33181-eleagnus-x-ebbingei.html
33171-30468;973955;189;20170125;https://www.jardiland.com/plantes/arbres-et-arbustes-d-ornement/arbres-et-arbustes/elaeagnus/33171-eleagnus-ebbingei-viveleg-r.html
33156-17583;590600;189;20170125;https://www.jardiland.com/plantes/arbres-et-arbustes-d-ornement/arbres-et-arbustes/cytise/33156-cytise-commun.html
43394-43322;997812;189;20170125;https://www.jardiland.com/plantes/arbres-et-arbustes-d-ornement/arbres-et-arbustes/ceanothe/43394-ceanothe.html
41520-16108;581096;189;20170125;https://www.jardiland.com/plantes/arbres-et-arbustes-d-ornement/arbres-et-arbustes/bouleau/41520-bouleau-blanc.html
32930-59266;818532;189;20170125;https://www.jardiland.com/plantes/arbres-et-arbustes-d-ornement/arbres-et-arbustes/abelia/32930-abelia-x-edward-goucher.html
