ID_WEB;ID_JDN;CODEMAG;DATE_ASPI;URLPRODUIT
71236-71236;1321777;6;20170123;https://www.jardiland.com/maison-deco/beaute-bien-tre/cosmetiques/savon/71236-savon-rond-au-lait-d-aloe-vera.html
68893-68893;1436117;6;20170123;https://www.jardiland.com/maison-deco/epicerie-fine/epicerie-sucree/confiserie/68893-sucre-d-orge-28g-framboise-seau-de-96-1.html
68186-68186;1463870;6;20170123;https://www.jardiland.com/maison-deco/epicerie-fine/epicerie-sucree/confiserie/68186-sucette-ronde-noel-panache-25g.html
32896-15382;547088;6;20170123;https://www.jardiland.com/maison-deco/epicerie-fine/epicerie-sucree/confiture/32896-marmelade.html
69678-69678;1432050;6;20170123;https://www.jardiland.com/maison-deco/art-de-la-table/linge-de-table/set-de-table/69678-set-de-table-vert-33x48cm.html
69661-69661;1432067;6;20170123;https://www.jardiland.com/maison-deco/art-de-la-table/linge-de-table/set-de-table/69661-set-de-table-uni-vert-33x48cm.html
69659-69659;1432069;6;20170123;https://www.jardiland.com/maison-deco/art-de-la-table/linge-de-table/set-de-table/69659-set-de-table-uni-taupe-33x48cm.html
69658-69658;1432070;6;20170123;https://www.jardiland.com/maison-deco/art-de-la-table/linge-de-table/set-de-table/69658-set-de-table-uni-orange-33x48cm.html
69660-69660;1432068;6;20170123;https://www.jardiland.com/maison-deco/art-de-la-table/linge-de-table/set-de-table/69660-set-de-table-uni-gris-33x48cm.html
69676-69676;1432052;6;20170123;https://www.jardiland.com/maison-deco/art-de-la-table/linge-de-table/set-de-table/69676-set-de-table-orange-33x48cm.html
69677-69677;1432051;6;20170123;https://www.jardiland.com/maison-deco/art-de-la-table/linge-de-table/set-de-table/69677-set-de-table-gris-33x48cm.html
69680-69680;1432048;6;20170123;https://www.jardiland.com/maison-deco/art-de-la-table/linge-de-table/chemin-de-table/69680-chemin-de-table-vert-40x140cm.html
69681-69681;1432047;6;20170123;https://www.jardiland.com/maison-deco/art-de-la-table/linge-de-table/chemin-de-table/69681-chemin-de-table-orange-40x140cm.html
69679-69679;1432049;6;20170123;https://www.jardiland.com/maison-deco/art-de-la-table/linge-de-table/chemin-de-table/69679-chemin-de-table-gris-40x140cm.html
69255-69255;1430959;6;20170123;https://www.jardiland.com/maison-deco/art-de-la-table/vaisselle/verre/69255-verre-sur-pied-martele-transparent.html
69256-69256;1430958;6;20170123;https://www.jardiland.com/maison-deco/art-de-la-table/vaisselle/verre/69256-verre-haut-martele-transparent.html
69257-69257;1430956;6;20170123;https://www.jardiland.com/maison-deco/art-de-la-table/vaisselle/couvert/69257-couverts-a-salade-blanc.html
69253-69253;1430975;6;20170123;https://www.jardiland.com/maison-deco/art-de-la-table/vaisselle/tasse-bol-et-mug/69253-bol-martele-gris-d15-2cm.html
69252-69252;1430976;6;20170123;https://www.jardiland.com/maison-deco/art-de-la-table/vaisselle/tasse-bol-et-mug/69252-bol-martele-blanc-d15-2cm.html
1903-1903;1327043;6;20170123;https://www.jardiland.com/maison-deco/art-de-la-table/vaisselle/vaisselle-decoree/1903-assiette-en-verre-o-18-cm.html
32844-9031;1294578;6;20170123;https://www.jardiland.com/maison-deco/cache-pot-d-interieur/a-reserve-d-eau/plastique/32844-pot-a-reserve-d-eau-doko.html
69064-69064;1433158;6;20170123;https://www.jardiland.com/maison-deco/cache-pot-d-interieur/cache-pot-simple/contenant-en-metal/69064-seau-zinc-vert-clair-26-x-17-x-16-cm.html
69067-69067;1433155;6;20170123;https://www.jardiland.com/maison-deco/cache-pot-d-interieur/cache-pot-simple/contenant-en-metal/69067-seau-zinc-corail-36-x-23-x-h-22-cm.html
69066-69066;1433156;6;20170123;https://www.jardiland.com/maison-deco/cache-pot-d-interieur/cache-pot-simple/contenant-en-metal/69066-seau-zinc-corail-26-x-17-x-16-cm.html
69063-69063;1433159;6;20170123;https://www.jardiland.com/maison-deco/cache-pot-d-interieur/cache-pot-simple/contenant-en-metal/69063-seau-zinc-blanc-motif-pissenlit-55x21x40-1.html
69062-69062;1433160;6;20170123;https://www.jardiland.com/maison-deco/cache-pot-d-interieur/cache-pot-simple/contenant-en-metal/69062-seau-zinc-blanc-motif-pissenlit-55x21x30-1.html
69162-69162;1433008;6;20170123;https://www.jardiland.com/maison-deco/cache-pot-d-interieur/cache-pot-simple/contenant-en-metal/69162-pots-zinc-x4-s-plateau-gris-46x12x10cm.html
69059-69059;1433164;6;20170123;https://www.jardiland.com/maison-deco/cache-pot-d-interieur/cache-pot-simple/contenant-en-metal/69059-pot-zinc-gris-pissenlit-d18xh14-1.html
69058-69058;1433165;6;20170123;https://www.jardiland.com/maison-deco/cache-pot-d-interieur/cache-pot-simple/contenant-en-metal/69058-pot-zinc-gris-pissenlit-d16xh12-1.html
69056-69056;1433167;6;20170123;https://www.jardiland.com/maison-deco/cache-pot-d-interieur/cache-pot-simple/contenant-en-metal/69056-jardiniere-rect-gris-fonce-oiseau.html
69055-69055;1433168;6;20170123;https://www.jardiland.com/maison-deco/cache-pot-d-interieur/cache-pot-simple/contenant-en-metal/69055-jardiniere-ovale-gris-fonce-31x24x22cm.html
69052-69052;1433172;6;20170123;https://www.jardiland.com/maison-deco/cache-pot-d-interieur/cache-pot-simple/contenant-en-metal/69052-jardiniere-ovale-gris-clair-48x31x23-5cm.html
69051-69051;1433173;6;20170123;https://www.jardiland.com/maison-deco/cache-pot-d-interieur/cache-pot-simple/contenant-en-metal/69051-jardiniere-ovale-gris-clair-38x25x18cm.html
70701-70701;1378790;6;20170123;https://www.jardiland.com/maison-deco/hygiene-de-la-maison/70701-pot-a-recettes-500ml.html
69855-69855;1409903;6;20170123;https://www.jardiland.com/maison-deco/mobilier-d-interieur/69855-chaise-49x40x92cm.html
69123-69123;1433088;6;20170123;https://www.jardiland.com/maison-deco/objets-de-decoration/autres-objets-de-decoration/autres-objets-de-decoration/69123-serre-metal-noir-grillage-40x20x40cm.html
69137-69137;1433046;6;20170123;https://www.jardiland.com/maison-deco/objets-de-decoration/autres-objets-de-decoration/autres-objets-de-decoration/69137-pot-a-suspendre-vert-d17x17cm.html
69139-69139;1433044;6;20170123;https://www.jardiland.com/maison-deco/objets-de-decoration/autres-objets-de-decoration/autres-objets-de-decoration/69139-pot-a-suspendre-orange-d17x17cm.html
69136-69136;1433047;6;20170123;https://www.jardiland.com/maison-deco/objets-de-decoration/autres-objets-de-decoration/autres-objets-de-decoration/69136-pot-a-suspendre-gris-d17x17cm.html
70497-70497;1395422;6;20170123;https://www.jardiland.com/maison-deco/objets-de-decoration/autres-objets-de-decoration/autres-objets-de-decoration/70497-pomme-blanche-en-fibre-20x22-1.html
68702-68702;1443611;6;20170123;https://www.jardiland.com/maison-deco/objets-de-decoration/autres-objets-de-decoration/mobile-carillon/68702-pluviometre-animaux-jungle-2-1.html
70515-70515;1395348;6;20170123;https://www.jardiland.com/maison-deco/objets-de-decoration/autres-objets-de-decoration/autres-objets-de-decoration/70515-plateau-4-pots-en-terre-cuite-31x31x14-1.html
69862-69862;1409886;6;20170123;https://www.jardiland.com/maison-deco/objets-de-decoration/autres-objets-de-decoration/panier/69862-panieres-ovales-gm.html
69094-69094;1433124;6;20170123;https://www.jardiland.com/maison-deco/objets-de-decoration/autres-objets-de-decoration/panier/69094-paniere-rotin-ractangulaire-40x30x12-1.html
69093-69093;1433125;6;20170123;https://www.jardiland.com/maison-deco/objets-de-decoration/autres-objets-de-decoration/panier/69093-paniere-rotin-ractangulaire-35x26x10-1.html
69100-69100;1433114;6;20170123;https://www.jardiland.com/maison-deco/objets-de-decoration/autres-objets-de-decoration/panier/69100-paniere-ronde-deco-30x10cm.html
69099-69099;1433115;6;20170123;https://www.jardiland.com/maison-deco/objets-de-decoration/autres-objets-de-decoration/panier/69099-paniere-ronde-deco-25x9cm.html
70505-70505;1395377;6;20170123;https://www.jardiland.com/maison-deco/objets-de-decoration/autres-objets-de-decoration/panier/70505-paniere-rectang-en-plastique-50x44x36-1.html
70508-70508;1395373;6;20170123;https://www.jardiland.com/maison-deco/objets-de-decoration/autres-objets-de-decoration/panier/70508-paniere-rectang-en-plastique-47x40x18-1.html
70509-70509;1395372;6;20170123;https://www.jardiland.com/maison-deco/objets-de-decoration/autres-objets-de-decoration/panier/70509-paniere-rectang-en-plastique-41x32x16-1.html
70506-70506;1395376;6;20170123;https://www.jardiland.com/maison-deco/objets-de-decoration/autres-objets-de-decoration/panier/70506-paniere-rectang-en-plastique-40x35x31-1.html
70507-70507;1395374;6;20170123;https://www.jardiland.com/maison-deco/objets-de-decoration/autres-objets-de-decoration/panier/70507-paniere-rectang-en-plastique-34x29x27-1.html
69095-69095;1433120;6;20170123;https://www.jardiland.com/maison-deco/objets-de-decoration/autres-objets-de-decoration/autres-objets-de-decoration/69095-paniere-metal-a-suspendre-37x15x27cm.html
70450-70450;1395589;6;20170123;https://www.jardiland.com/maison-deco/objets-de-decoration/autres-objets-de-decoration/panier/70450-paniere-en-jacinthe-bicolore-53x33x28-1.html
70451-70451;1395586;6;20170123;https://www.jardiland.com/maison-deco/objets-de-decoration/autres-objets-de-decoration/panier/70451-paniere-en-jacinthe-bicolore-39x26x22-1.html
69126-69126;1433085;6;20170123;https://www.jardiland.com/maison-deco/objets-de-decoration/autres-objets-de-decoration/autres-objets-de-decoration/69126-panier-a-supendre-x3-25x140cm.html
69124-69124;1433087;6;20170123;https://www.jardiland.com/maison-deco/objets-de-decoration/autres-objets-de-decoration/autres-objets-de-decoration/69124-jardiniere-rect-a-suspendre-30x15x76cm.html
70495-70495;1395425;6;20170123;https://www.jardiland.com/maison-deco/objets-de-decoration/autres-objets-de-decoration/autres-objets-de-decoration/70495-jardiniere-bois-3-pots-zinc-42x16x13-1.html
70195-70195;1408194;6;20170123;https://www.jardiland.com/maison-deco/objets-de-decoration/autres-objets-de-decoration/autres-objets-de-decoration/70195-cage-a-oiseaux-metal-14x14x34-5cm.html
70490-70490;1395489;6;20170123;https://www.jardiland.com/maison-deco/objets-de-decoration/figurines-et-peluches/figurine/70490-pomme-verte-en-fibre-15x17cm.html
70881-70881;1395433;6;20170123;https://www.jardiland.com/maison-deco/objets-de-decoration/figurines-et-peluches/figurine/70881-pomme-blanche-en-fibre-15x17-1.html
70493-70493;1395427;6;20170123;https://www.jardiland.com/maison-deco/objets-de-decoration/figurines-et-peluches/figurine/70493-bain-d-oiseau-sur-pied-22x35-5-1.html
70980-70980;1351401;6;20170123;https://www.jardiland.com/maison-deco/objets-de-decoration/rangement-boites-et-paniers/coffret-et-boite-de-rangement/70980-bte-a-pain-de-mie-tout-mou-orange-vert.html
70986-70986;1351340;6;20170123;https://www.jardiland.com/maison-deco/objets-de-decoration/rangement-boites-et-paniers/coffret-et-boite-de-rangement/70986-boite-a-sel-de-ma-vie-bleu.html
70952-70952;1353583;6;20170123;https://www.jardiland.com/maison-deco/objets-de-decoration/plantes-artificielles/tige-fleurie/70952-rose-velours-60cm-rouge.html
70950-70950;1353627;6;20170123;https://www.jardiland.com/maison-deco/objets-de-decoration/plantes-artificielles/tige-fleurie/70950-pivoine-fuchsia-63cm.html
70664-70664;1382987;6;20170123;https://www.jardiland.com/maison-deco/objets-de-decoration/plantes-artificielles/tige-fleurie/70664-bambou-80cm.html
70665-70665;1382986;6;20170123;https://www.jardiland.com/maison-deco/objets-de-decoration/plantes-artificielles/tige-fleurie/70665-bambou-50cm.html
70889-70889;1393565;6;20170123;https://www.jardiland.com/maison-deco/objets-de-decoration/vases-coupes-et-accessoires/pot-et-coupe/70889-vase-en-verre-avec-corde-29-5x11cm.html
70888-70888;1393566;6;20170123;https://www.jardiland.com/maison-deco/objets-de-decoration/vases-coupes-et-accessoires/pot-et-coupe/70888-vase-en-verre-avec-corde-28-5x11-5cm.html
70887-70887;1393567;6;20170123;https://www.jardiland.com/maison-deco/objets-de-decoration/vases-coupes-et-accessoires/pot-et-coupe/70887-vase-en-verre-avec-corde-24x10-7cm.html
69152-69152;1433021;6;20170123;https://www.jardiland.com/maison-deco/objets-de-decoration/vases-coupes-et-accessoires/pot-et-coupe/69152-vase-ceramique-vert-oiseau-brche-18x35cm.html
69154-69154;1433019;6;20170123;https://www.jardiland.com/maison-deco/objets-de-decoration/vases-coupes-et-accessoires/pot-et-coupe/69154-vase-ceramique-blanc-noir-25x32cm.html
69157-69157;1433015;6;20170123;https://www.jardiland.com/maison-deco/objets-de-decoration/vases-coupes-et-accessoires/pot-et-coupe/69157-vase-ceramique-blanc-noir-20x40cm.html
69146-69146;1433029;6;20170123;https://www.jardiland.com/maison-deco/objets-de-decoration/vases-coupes-et-accessoires/pot-et-coupe/69146-vase-ceramique-blanc-fond-beton-d10xh23-1.html
69135-69135;1433051;6;20170123;https://www.jardiland.com/maison-deco/objets-de-decoration/vases-coupes-et-accessoires/pot-et-coupe/69135-pots-motif-oiseau-x3-sur-support.html
69131-69131;1433063;6;20170123;https://www.jardiland.com/maison-deco/objets-de-decoration/vases-coupes-et-accessoires/pot-et-coupe/69131-pot-x4-aromates-vert-et-jaune-14x14cm.html
69132-69132;1433062;6;20170123;https://www.jardiland.com/maison-deco/objets-de-decoration/vases-coupes-et-accessoires/pot-et-coupe/69132-pot-x3-aromates-14x14cm.html
69035-69035;1433644;6;20170123;https://www.jardiland.com/maison-deco/objets-de-decoration/vases-coupes-et-accessoires/pot-et-coupe/69035-pot-ceramique-blanc-oiseau-s-fil-d15x16-1.html
69104-69104;1433109;6;20170123;https://www.jardiland.com/maison-deco/objets-de-decoration/vases-coupes-et-accessoires/pot-et-coupe/69104-pot-aromates-4-ast.html
69334-69334;1429141;6;20170123;https://www.jardiland.com/maison-deco/objets-de-decoration/vases-coupes-et-accessoires/pot-et-coupe/69334-cloche-verre-sur-pied-20x20x24cm.html
66605-66605;644387;6;20170123;https://www.jardiland.com/maison-deco/objets-de-decoration/bougies-et-senteurs/accessoires-pour-encens/66605-support-35-cm.html
70773-70773;1365856;6;20170123;https://www.jardiland.com/maison-deco/objets-de-decoration/bougies-et-senteurs/parfum-d-ambiance-diffuseur-a-froid/70773-rotin.html
68719-68719;1443385;6;20170123;https://www.jardiland.com/maison-deco/objets-de-decoration/bougies-et-senteurs/parfum-d-ambiance-diffuseur-a-froid/68719-petale-de-cire-coloree-parfumee.html
68904-68904;1434878;6;20170123;https://www.jardiland.com/maison-deco/objets-de-decoration/bougies-et-senteurs/bougie-parfumee/68904-moyenne-bougie-320g-framboise-vanillee.html
68905-68905;1434877;6;20170123;https://www.jardiland.com/maison-deco/objets-de-decoration/bougies-et-senteurs/bougie-parfumee/68905-moyenne-bougie-320g-embruns.html
68907-68907;1434875;6;20170123;https://www.jardiland.com/maison-deco/objets-de-decoration/bougies-et-senteurs/bougie-parfumee/68907-moyenne-bougie-320g-canelle-et-orange.html
2626-2626;1410327;6;20170123;https://www.jardiland.com/maison-deco/objets-de-decoration/bougeoirs-photophores-et-lanternes/bougeoir-et-photophore-deco/2626-set-photophores-et-plateau-filou.html
52717-52717;1432919;6;20170123;https://www.jardiland.com/maison-deco/objets-de-decoration/bougeoirs-photophores-et-lanternes/lanterne/52717-photophore-jaune.html
69202-69202;1432416;6;20170123;https://www.jardiland.com/maison-deco/objets-de-decoration/bougeoirs-photophores-et-lanternes/bougeoir-et-photophore-deco/69202-photophore-hexagonal-en-verre-10x10cm.html
69209-69209;1432401;6;20170123;https://www.jardiland.com/maison-deco/objets-de-decoration/bougeoirs-photophores-et-lanternes/bougeoir-et-photophore-deco/69209-photophore-en-verre-8x8x9cm.html
69204-69204;1432414;6;20170123;https://www.jardiland.com/maison-deco/objets-de-decoration/bougeoirs-photophores-et-lanternes/lanterne/69204-lanterne-verre-2ast.html
69084-69084;1433135;6;20170123;https://www.jardiland.com/maison-deco/objets-de-decoration/bougeoirs-photophores-et-lanternes/lanterne/69084-lanterne-metal-corail-d30-x-h20cm.html
69081-69081;1433138;6;20170123;https://www.jardiland.com/maison-deco/objets-de-decoration/bougeoirs-photophores-et-lanternes/lanterne/69081-lanterne-corail-d20x22cm.html
69216-69216;1432391;6;20170123;https://www.jardiland.com/maison-deco/objets-de-decoration/bougeoirs-photophores-et-lanternes/lanterne/69216-lanterne-bois-blanc-19x19x27cm.html
3220-3220;1410331;6;20170123;https://www.jardiland.com/maison-deco/objets-de-decoration/bougeoirs-photophores-et-lanternes/bougeoir-et-photophore-deco/3220-decoration-coupe-jerundo-o-30-cm.html
32324-12865;1398652;6;20170123;https://www.jardiland.com/animaux/oiseau-de-la-nature/alimentation/32324-granules-de-suif-aux-fruits-rouges.html
57742-59764;1398649;6;20170123;https://www.jardiland.com/animaux/oiseau-de-la-nature/alimentation/57742-friandises-graisse-et-vers-de-farine.html
67479-67479;1478917;6;20170123;https://www.jardiland.com/animaux/reptiles-et-insectes/soins-et-entretien/sable-et-substrat/67479-ext-substrat-jungle-earth-8-8l.html
67475-67475;1478921;6;20170123;https://www.jardiland.com/animaux/reptiles-et-insectes/soins-et-entretien/sable-et-substrat/67475-ex-t-substrat-rain-forest-8-8l.html
67482-67482;1478914;6;20170123;https://www.jardiland.com/animaux/reptiles-et-insectes/soins-et-entretien/sable-et-substrat/67482-ex-t-substrat-forest-bark-8-8l.html
66866-66866;538822;6;20170123;https://www.jardiland.com/animaux/oiseau/hygiene-et-soins/soin-de-l-animal/66866-vitaperruche.html
66867-66867;538817;6;20170123;https://www.jardiland.com/animaux/oiseau/hygiene-et-soins/soin-de-l-animal/66867-special-bain-flacon-24ml.html
68269-68269;1463240;6;20170123;https://www.jardiland.com/animaux/poisson/materiel-chauffage-filtres-et-pompes/aeration/68269-tuyau-a-air-cristal-2-5m.html
68266-68266;1463243;6;20170123;https://www.jardiland.com/animaux/poisson/materiel-chauffage-filtres-et-pompes/chauffage/68266-thermometre-de-precision.html
68890-68890;1436797;6;20170123;https://www.jardiland.com/animaux/poisson/materiel-chauffage-filtres-et-pompes/filtre-interieur/68890-new-rena-superclean-60-1.html
68891-68891;1436795;6;20170123;https://www.jardiland.com/animaux/poisson/materiel-chauffage-filtres-et-pompes/filtre-interieur/68891-new-rena-superclean-20-1.html
68880-68880;1436811;6;20170123;https://www.jardiland.com/animaux/poisson/materiel-chauffage-filtres-et-pompes/masse-de-filtration/68880-mousse-90-120-30ppi.html
68881-68881;1436810;6;20170123;https://www.jardiland.com/animaux/poisson/materiel-chauffage-filtres-et-pompes/masse-de-filtration/68881-mousse-40-60-30ppi.html
68882-68882;1436809;6;20170123;https://www.jardiland.com/animaux/poisson/materiel-chauffage-filtres-et-pompes/masse-de-filtration/68882-mousse-30ppi.html
67606-67606;1476251;6;20170123;https://www.jardiland.com/animaux/poisson/materiel-chauffage-filtres-et-pompes/nettoyage-aquarium/67606-jard-aspirateur-a-piles.html
68778-68778;1440470;6;20170123;https://www.jardiland.com/animaux/poisson/materiel-chauffage-filtres-et-pompes/filtre-interieur/68778-filtre-interieur-cf80-1.html
5517-5517;957338;6;20170123;https://www.jardiland.com/animaux/poisson/materiel-chauffage-filtres-et-pompes/aeration/5517-diffuseur-d-air-boule-3-cm.html
68883-68883;1436805;6;20170123;https://www.jardiland.com/animaux/poisson/materiel-chauffage-filtres-et-pompes/masse-de-filtration/68883-crystal-90-120-x6-1.html
68884-68884;1436804;6;20170123;https://www.jardiland.com/animaux/poisson/materiel-chauffage-filtres-et-pompes/masse-de-filtration/68884-crystal-90-120-x2-1.html
68885-68885;1436802;6;20170123;https://www.jardiland.com/animaux/poisson/materiel-chauffage-filtres-et-pompes/masse-de-filtration/68885-crystal-40-60-x2-1.html
68886-68886;1436801;6;20170123;https://www.jardiland.com/animaux/poisson/materiel-chauffage-filtres-et-pompes/masse-de-filtration/68886-crystal-20-x6-1.html
68887-68887;1436800;6;20170123;https://www.jardiland.com/animaux/poisson/materiel-chauffage-filtres-et-pompes/masse-de-filtration/68887-crystal-20-x2-1.html
68682-68682;1449618;6;20170123;https://www.jardiland.com/animaux/poisson/materiel-chauffage-filtres-et-pompes/nettoyage-aquarium/68682-cloche-de-nettoyage-25-40cm.html
68776-68776;1440485;6;20170123;https://www.jardiland.com/animaux/poisson/materiel-chauffage-filtres-et-pompes/masse-de-filtration/68776-cartouches-waterclear-taille-m-x1-1.html
68866-68866;1437453;6;20170123;https://www.jardiland.com/animaux/poisson/materiel-chauffage-filtres-et-pompes/masse-de-filtration/68866-cartouche-waterclear-taille-s-x2-1.html
68668-68668;1453038;6;20170123;https://www.jardiland.com/animaux/poisson/decoration-pour-aquarium/sable-et-autres-graviers/68668-jard-sable-blanc-fin-15kg.html
68674-68674;1451105;6;20170123;https://www.jardiland.com/animaux/poisson/decoration-pour-aquarium/plante-artificielle/68674-display-decor-colore-ass.html
70774-70774;1365613;6;20170123;https://www.jardiland.com/animaux/poisson/decoration-pour-aquarium/plante-artificielle/70774-display-arbre-gm-par-26-1.html
70150-70150;1408758;6;20170123;https://www.jardiland.com/animaux/poisson/decoration-pour-aquarium/plante-artificielle/70150-decor-marin-bambou.html
2904-2904;1403929;6;20170123;https://www.jardiland.com/animaux/poisson/decoration-pour-aquarium/decoration-d-aquarium/2904-amphore-xxii-slim-de-12-cm.html
71193-71193;1328650;6;20170123;https://www.jardiland.com/animaux/poisson/alimentation/pour-poisson-d-eau-chaude/71193-nourriture-guppy-100ml-aquaprime.html
71280-71280;1315402;6;20170123;https://www.jardiland.com/animaux/basse-cour/poulaillers-clapiers-et-accessoires/mangeoire-et-abreuvoir/71280-mangeoire-plastique-2kg-vert-anis.html
68256-68256;1465507;6;20170123;https://www.jardiland.com/animaux/basse-cour/aliments/complement-nutritionnel/68256-pack-vers-o-net-volaille-2x250ml.html
70290-70290;1398789;6;20170123;https://www.jardiland.com/animaux/chat/soins-antiparasitaires/accessoires-antiparasitaires/70290-jd-peigne-anti-puces-chat-double-rang.html
31804-15208;542906;6;20170123;https://www.jardiland.com/animaux/chat/colliers-laisses-et-harnais/laisse/31804-laisse-pour-chat-poisson.html
69474-69474;1418530;6;20170123;https://www.jardiland.com/animaux/chat/jeux-et-jouets/69474-souris-mecanique.html
42164-42164;1283370;6;20170123;https://www.jardiland.com/animaux/chat/jeux-et-jouets/42164-jouet-pour-chat-kitty-balles.html
69471-69471;1418533;6;20170123;https://www.jardiland.com/animaux/chat/jeux-et-jouets/69471-jouet-fluke-mich.html
69473-69473;1418531;6;20170123;https://www.jardiland.com/animaux/chat/jeux-et-jouets/69473-canne-a-peche-rumy-55-cm.html
69472-69472;1418532;6;20170123;https://www.jardiland.com/animaux/chat/jeux-et-jouets/69472-balle-pila-2-1.html
69470-69470;1418908;6;20170123;https://www.jardiland.com/animaux/chat/hygiene-soins-et-litieres/soins-pour-chat/69470-feliway-recharge-48ml.html
68380-68380;1457591;6;20170123;https://www.jardiland.com/animaux/chat/alimentation-et-friandises/boite-et-sachet-fraicheur/68380-wet-sterilised-gelee-12x85g-12gr.html
67956-67956;1472404;6;20170123;https://www.jardiland.com/animaux/chat/alimentation-et-friandises/boite-et-sachet-fraicheur/67956-sheba-delice-jour-vol-poiss-6x50g.html
40898-40898;1406759;6;20170123;https://www.jardiland.com/animaux/chat/alimentation-et-friandises/boite-et-sachet-fraicheur/40898-royal-canin-ultra-light-jelly-x12-1.html
50800-41425;542463;6;20170123;https://www.jardiland.com/animaux/chat/alimentation-et-friandises/croquette-pour-chat/50800-royal-canin-feline-kitten-36-1.html
70265-70265;1401962;6;20170123;https://www.jardiland.com/animaux/rongeurs-et-petits-mammiferes/hygiene-et-soins/soin-antiparasitaire/70265-spray-insecticide-cage-o-r-150ml.html
68669-68669;1452935;6;20170123;https://www.jardiland.com/animaux/rongeurs-et-petits-mammiferes/hygiene-et-soins/litiere/68669-smooz-paille-1kg.html
67953-67953;1472454;6;20170123;https://www.jardiland.com/animaux/rongeurs-et-petits-mammiferes/hygiene-et-soins/bois-a-ronger/67953-jard-buchettes-a-ronger.html
32611-14987;537282;6;20170123;https://www.jardiland.com/animaux/rongeurs-et-petits-mammiferes/habitats-cages-et-accessoires/abreuvoir-et-gamelle/32611-ecuelle-en-plastique.html
68325-68325;1460350;6;20170123;https://www.jardiland.com/animaux/chien/soins-antiparasitaires/vermifuge/68325-vermi-chien-essentiel-100ml.html
68989-68989;1441698;6;20170123;https://www.jardiland.com/animaux/chien/soins-antiparasitaires/insecticide/68989-e-shampooing-chat-et-chien-250ml.html
68257-68257;1465061;6;20170123;https://www.jardiland.com/animaux/chien/hygiene-et-soins/soin-de-toilettage/68257-slicker-metal-small.html
1024-1024;1336281;6;20170123;https://www.jardiland.com/animaux/chien/hygiene-et-soins/soin-de-toilettage/1024-shampooing-anti-odeurs-pour-chien.html
68147-68147;1467272;6;20170123;https://www.jardiland.com/animaux/chien/hygiene-et-soins/soin-de-toilettage/68147-peigne-demeloir-8-lames.html
70291-70291;1398785;6;20170123;https://www.jardiland.com/animaux/chien/hygiene-et-soins/soin-de-toilettage/70291-jd-ciseaux-de-toilettage.html
70289-70289;1398797;6;20170123;https://www.jardiland.com/animaux/chien/hygiene-et-soins/soin-de-toilettage/70289-jd-brosse-de-massage.html
32162-29861;957273;6;20170123;https://www.jardiland.com/animaux/chien/hygiene-et-soins/soin-de-toilettage/32162-brosse-de-massage.html
32163-12879;1398777;6;20170123;https://www.jardiland.com/animaux/chien/hygiene-et-soins/soin-de-toilettage/32163-brosse-carde.html
70236-70236;1403569;6;20170123;https://www.jardiland.com/animaux/chien/hygiene-et-soins/hygiene-et-soin/70236-bogadent-silicone-finger.html
69467-69467;1418914;6;20170123;https://www.jardiland.com/animaux/chien/hygiene-et-soins/hygiene-et-soin/69467-adaptil-collier-70cm.html
69468-69468;1418913;6;20170123;https://www.jardiland.com/animaux/chien/hygiene-et-soins/hygiene-et-soin/69468-adaptil-collier-46-5cm.html
66862-66862;540804;6;20170123;https://www.jardiland.com/animaux/chien/colliers-laisses-et-vetements/tube-et-medaille-d-identite/66862-tube-adresse-nickele-2cm.html
50835-50426;1434623;6;20170123;https://www.jardiland.com/animaux/chien/colliers-laisses-et-vetements/laisse-pour-chien/50835-laisse-nylon-xl.html
32010-15133;540909;6;20170123;https://www.jardiland.com/animaux/chien/colliers-laisses-et-vetements/collier-pour-chien/32010-collier-pour-chien-rive.html
54386-56071;1434630;6;20170123;https://www.jardiland.com/animaux/chien/colliers-laisses-et-vetements/collier-pour-chien/54386-collier-nylon.html
70286-70286;1398886;6;20170123;https://www.jardiland.com/animaux/chien/jeux-et-jouets/autres-jouets/70286-rubber-bone-s.html
71131-71131;1338359;6;20170123;https://www.jardiland.com/animaux/chien/jeux-et-jouets/corde/71131-knot-balle-xs-petit-chien-20-cm.html
70282-70282;1398890;6;20170123;https://www.jardiland.com/animaux/chien/jeux-et-jouets/autres-jouets/70282-ice-cream-ball.html
32176-7288;1225084;6;20170123;https://www.jardiland.com/animaux/chien/jeux-et-jouets/corde/32176-balle-tennis-pour-chien.html
32219-23526;716314;6;20170123;https://www.jardiland.com/animaux/chien/niches-couchage-et-transport/corbeille/32219-corbeille-pour-chien-siesta-deluxe-6-1.html
50903-41355;1402296;6;20170123;https://www.jardiland.com/animaux/chien/niches-couchage-et-transport/corbeille/50903-corbeille-pour-chien-petra.html
67954-67954;1472407;6;20170123;https://www.jardiland.com/animaux/chien/alimentation-et-friandises/biscuit/67954-pedigree-schmackos-multi-varietes-86g.html
68820-68820;1438871;6;20170123;https://www.jardiland.com/animaux/chien/alimentation-et-friandises/biscuit/68820-pedigree-sa-recompense-bouchee-moel-130g.html
68821-68821;1438870;6;20170123;https://www.jardiland.com/animaux/chien/alimentation-et-friandises/biscuit/68821-pedigree-sa-recompense-bouchee-croqu-95g.html
66863-66863;539793;6;20170123;https://www.jardiland.com/animaux/chien/alimentation-et-friandises/friandise-bucco-dentaire/66863-pedigree-junior-tubos-chiot-3st-72g.html
68126-68126;1469343;6;20170123;https://www.jardiland.com/animaux/chien/alimentation-et-friandises/biscuit/68126-feedeez-chips-de-porc-400-g.html
40942-40942;1432755;6;20170123;https://www.jardiland.com/animaux/chien/alimentation-et-friandises/biscuit/40942-cube-de-biscuits-croquant-pour-chien-330-g.html
382-382;1209688;6;20170123;https://www.jardiland.com/animaux/chien/alimentation-et-friandises/friandise-bucco-dentaire/382-batonnets-torsades-au-fluor.html
66609-66609;640094;6;20170123;https://www.jardiland.com/amenagement-du-jardin/bassins-et-jardin-aquatique/materiel/66609-pompe-elimax-4000-1.html
66523-66523;572572;6;20170123;https://www.jardiland.com/amenagement-du-jardin/decorations/autres-decorations/66523-girouette-chat-met-gris.html
2716-2716;1397851;6;20170123;https://www.jardiland.com/amenagement-du-jardin/decorations/statues-et-figurines/2716-pique-de-jardin-hibou.html
66274-66274;695309;6;20170123;https://www.jardiland.com/amenagement-du-jardin/pots-bacs-jardinieres-et-supports/tuteurs-et-supports-de-plante/treillage/66274-treil-durban-exobois-rouge-60x180cm.html
66529-66529;572471;6;20170123;https://www.jardiland.com/amenagement-du-jardin/pots-bacs-jardinieres-et-supports/tuteurs-et-supports-de-plante/support-pour-pot-et-balconniere/66529-sachet-4-roulettes-noir-d3-5-cm.html
36747-36747;1251401;6;20170123;https://www.jardiland.com/amenagement-du-jardin/pots-bacs-jardinieres-et-supports/tuteurs-et-supports-de-plante/treillage/36747-greenly.html
66496-66496;572816;6;20170123;https://www.jardiland.com/amenagement-du-jardin/pots-bacs-jardinieres-et-supports/tuteurs-et-supports-de-plante/tuteur/66496-fixation-murale-x2-1.html
66516-66516;572673;6;20170123;https://www.jardiland.com/amenagement-du-jardin/pots-bacs-jardinieres-et-supports/tuteurs-et-supports-de-plante/tuteur/66516-coupleur-wing-clip.html
66497-66497;572815;6;20170123;https://www.jardiland.com/amenagement-du-jardin/pots-bacs-jardinieres-et-supports/tuteurs-et-supports-de-plante/tuteur/66497-coupleur-6-trous-x2-1.html
66271-66271;697606;6;20170123;https://www.jardiland.com/amenagement-du-jardin/pots-bacs-jardinieres-et-supports/tuteurs-et-supports-de-plante/accessoires-de-fixation/66271-coupleur-6-trous-resine-vert.html
66272-66272;697528;6;20170123;https://www.jardiland.com/amenagement-du-jardin/pots-bacs-jardinieres-et-supports/tuteurs-et-supports-de-plante/tuteur/66272-anneau-central-1-3-cercle-60cm-metal-vt.html
66512-66512;572692;6;20170123;https://www.jardiland.com/amenagement-du-jardin/pots-bacs-jardinieres-et-supports/tuteurs-et-supports-de-plante/accessoires-de-fixation/66512-4-etiquettes-a-afficherplastique-vert.html
31512-6623;1015708;6;20170123;https://www.jardiland.com/amenagement-du-jardin/pots-bacs-jardinieres-et-supports/en-plastique/31512-soucoupe-en-plastique-granprisca.html
31549-14205;1429928;6;20170123;https://www.jardiland.com/amenagement-du-jardin/pots-bacs-jardinieres-et-supports/en-plastique/31549-pot-romeo.html
31549-11083;1360498;6;20170123;https://www.jardiland.com/amenagement-du-jardin/pots-bacs-jardinieres-et-supports/en-plastique/31549-pot-romeo.html
68784-68784;1440071;6;20170123;https://www.jardiland.com/amenagement-du-jardin/amenagement/gazon-synthetique/68784-prems-g-5326-coupon-1m-x-3m.html
70245-70245;1403480;6;20170123;https://www.jardiland.com/amenagement-du-jardin/amenagement/dalles-galets-et-pas-japonais/pas-japonais/70245-pas-de-cheminement-schiste.html
5604-5604;927995;6;20170123;https://www.jardiland.com/amenagement-du-jardin/amenagement/bordures/5604-bordure-en-pierre-imitation-bambou.html
31163-19504;604139;6;20170123;https://www.jardiland.com/amenagement-du-jardin/amenagement/bordures/31163-bordure-a-gazon.html
2074-2074;1352023;6;20170123;https://www.jardiland.com/amenagement-du-jardin/barbecues-cuisine-exterieur/autres/accessoires-de-barbecue/2074-plancha-en-fonte-emaillee-genesis.html
71176-71176;1333072;6;20170123;https://www.jardiland.com/amenagement-du-jardin/barbecues-cuisine-exterieur/autres/accessoires-de-barbecue/71176-pierre-a-pizza-goumet.html
70389-70389;1396481;6;20170123;https://www.jardiland.com/amenagement-du-jardin/barbecues-cuisine-exterieur/autres/accessoires-de-barbecue/70389-housse-luxe-pour-spirit-3-bruleurs.html
5082-5082;730566;6;20170123;https://www.jardiland.com/amenagement-du-jardin/barbecues-cuisine-exterieur/autres/accessoires-de-barbecue/5082-housse-de-luxe-q300-3000-1.html
40484-39543;723658;6;20170123;https://www.jardiland.com/amenagement-du-jardin/barbecues-cuisine-exterieur/autres/accessoires-de-barbecue/40484-grille-de-barbecue.html
71008-71008;1350642;6;20170123;https://www.jardiland.com/amenagement-du-jardin/barbecues-cuisine-exterieur/autres/accessoires-de-barbecue/71008-flexible-butane-propane-1-5-m.html
66839-66839;545127;6;20170123;https://www.jardiland.com/amenagement-du-jardin/barbecues-cuisine-exterieur/autres/accessoires-de-barbecue/66839-double-manique-aluminisee-jean-noir.html
70699-70699;1379166;6;20170123;https://www.jardiland.com/amenagement-du-jardin/barbecues-cuisine-exterieur/autres/accessoires-de-barbecue/70699-detendeur-twiny-propane-blister.html
71006-71006;1350644;6;20170123;https://www.jardiland.com/amenagement-du-jardin/barbecues-cuisine-exterieur/autres/accessoires-de-barbecue/71006-detendeur-propane.html
71007-71007;1350643;6;20170123;https://www.jardiland.com/amenagement-du-jardin/barbecues-cuisine-exterieur/autres/accessoires-de-barbecue/71007-detendeur-butane-avec-tetine.html
42116-42116;1352027;6;20170123;https://www.jardiland.com/amenagement-du-jardin/barbecues-cuisine-exterieur/a-gaz/42116-barbecue-a-gaz-weber-q-3200-1.html
2018-2018;1348750;6;20170123;https://www.jardiland.com/amenagement-du-jardin/barbecues-cuisine-exterieur/a-gaz/2018-barbecue-a-gaz-4-series-rbs-lxs.html
68915-68915;1434291;6;20170123;https://www.jardiland.com/amenagement-du-jardin/eclairage-et-chauffage-d-exterieur/eclairage-solaire/68915-bocal-p-int-sur-pile-10x16cm.html
70994-70994;1351028;6;20170123;https://www.jardiland.com/amenagement-du-jardin/parasols-tonnelles-et-voiles-d-ombrage/parasols-et-accessoires/accessoires/70994-pied-de-parasol-ton-ardoise.html
2754-2754;1398274;6;20170123;https://www.jardiland.com/amenagement-du-jardin/parasols-tonnelles-et-voiles-d-ombrage/parasols-et-accessoires/accessoires/2754-pied-de-parasol-diamant-25-kg.html
4424-4424;566670;6;20170123;https://www.jardiland.com/amenagement-du-jardin/mobilier-de-jardin/bains-de-soleil-et-hamacs/banc/4424-banc-lorraine.html
66260-66260;715454;6;20170123;https://www.jardiland.com/amenagement-du-jardin/mobilier-de-jardin/salon-de-jardin/housse-de-protection/66260-protecteur-mobilier-resine-1l.html
66336-66336;683620;6;20170123;https://www.jardiland.com/amenagement-du-jardin/mobilier-de-jardin/salon-de-jardin/housse-de-protection/66336-nettoyant-mobilier-alu-et-osier-syntheti.html
68730-68730;1442147;6;20170123;https://www.jardiland.com/jardinage/bricolage-droguerie/insecticides-menagers/insecticide-volant-et-rampant/68730-grill-insect-lampes-led-uv.html
68731-68731;1442146;6;20170123;https://www.jardiland.com/jardinage/bricolage-droguerie/insecticides-menagers/insecticide-volant-et-rampant/68731-aerosol-nids-guepes-frelons-10-m.html
42343-42343;697034;6;20170123;https://www.jardiland.com/jardinage/semis-protections-et-accessoires-de-jardinage/voiles-d-hivernage-et-protections/accessoires-de-plasticulture/42343-manchons-anti-rongeurs-treex.html
56514-56272;862853;6;20170123;https://www.jardiland.com/jardinage/arrosage/tuyaux-devidoirs-lances-et-pistolets/raccord/56514-coupleur-coup-eau.html
56514-56271;862854;6;20170123;https://www.jardiland.com/jardinage/arrosage/tuyaux-devidoirs-lances-et-pistolets/raccord/56514-coupleur-coup-eau.html
54696-54696;576409;6;20170123;https://www.jardiland.com/jardinage/arrosage/arrosoirs/54696-arrosoir-donna-2-l.html
36786-36786;923000;6;20170123;https://www.jardiland.com/jardinage/outils-et-materiel-du-jardinier/grands-outils-de-jardin/binette-houe-et-serfouette/36786-binette-duo-pro.html
4882-4882;697625;6;20170123;https://www.jardiland.com/jardinage/equipement-du-jardinier/vetements/4882-kit-de-protection-pro.html
56539-56539;577227;6;20170123;https://www.jardiland.com/jardinage/entretien-et-traitements/pulverisateurs/pulverisateur-a-pression/56539-pulverisateur-selecta-7-1.html
71856-71856;1313946;6;20170123;https://www.jardiland.com/jardinage/entretien-et-traitements/traitements-des-plantes-et-lutte-bio/lutte-contre-les-insectes/71856-ver-du-poireau.html
71518-71518;1282141;6;20170123;https://www.jardiland.com/jardinage/entretien-et-traitements/traitements-des-plantes-et-lutte-bio/autres-traitements/71518-nematodes-contre-les-vers-blancs.html
68779-68779;1440453;6;20170123;https://www.jardiland.com/jardinage/entretien-et-traitements/traitements-des-plantes-et-lutte-bio/lutte-contre-les-maladies/68779-maladies-des-rosiers-125ml.html
70713-70713;1374322;6;20170123;https://www.jardiland.com/jardinage/entretien-et-traitements/traitements-des-plantes-et-lutte-bio/lutte-contre-les-insectes/70713-insectes-fruits-et-legumes-pae-900ml.html
65782-65782;877389;6;20170123;https://www.jardiland.com/jardinage/entretien-et-traitements/traitements-des-plantes-et-lutte-bio/lutte-contre-les-maladies/65782-anti-pourritures-8x1-25g.html
68698-68698;1444223;6;20170123;https://www.jardiland.com/jardinage/entretien-et-traitements/desherbants/desherbant-total/68698-desherbant-finalsan-ultima-2-5l.html
32696-53143;1401612;6;20170123;https://www.jardiland.com/jardinage/entretien-et-traitements/engrais/engrais-pour-arbres-et-fleurs-du-jardin/32696-engrais-rosiers-et-arbustes-a-fleurs.html
32697-53142;1401615;6;20170123;https://www.jardiland.com/jardinage/entretien-et-traitements/engrais/engrais-pour-arbres-et-fleurs-du-jardin/32697-engrais-geraniums-et-balconnieres.html
32778-53132;1373573;6;20170123;https://www.jardiland.com/jardinage/entretien-et-traitements/engrais/engrais-pour-arbres-et-fleurs-du-jardin/32778-engrais-complet-double-actions.html
66794-66794;556346;6;20170123;https://www.jardiland.com/plantes/sapins-de-noel/sapins-artificiels/sapin-artificiel-vert/66794-sapin-norway-vert-h60cm.html
59622-60886;812625;6;20170123;https://www.jardiland.com/plantes/sapins-de-noel/supports-pieds-et-accessoires-de-sapin/59622-houx-coupe-ilex-aquifolium.html
35595-23938;731053;6;20170123;https://www.jardiland.com/plantes/plantes-d-interieur/cactus-et-plantes-grasses/agave/35595-agave-americana.html
36125-21119;642848;6;20170123;https://www.jardiland.com/plantes/plantes-d-interieur/plantes-vertes/zamioculcas/36125-zamioculcas-zamiifolia.html
35784-20483;632097;6;20170123;https://www.jardiland.com/plantes/plantes-d-interieur/plantes-fleuries/gardenia/35784-gardenia-jasminoides-augusta.html
35730-20963;635078;6;20170123;https://www.jardiland.com/plantes/plantes-d-interieur/plantes-fleuries/anthurium/35730-anthurium-dakota.html
53880-53880;1013828;6;20170123;https://www.jardiland.com/plantes/graines-et-gazon/gazon-et-prairies-fleuries/prairie-fleurie/53880-prairie-fleurie-talus.html
54438-54438;928139;6;20170123;https://www.jardiland.com/plantes/graines-et-gazon/gazon-et-prairies-fleuries/prairie-fleurie/54438-prairie-fleurie-engrais-vert-fleuri.html
46836-46836;1252920;6;20170123;https://www.jardiland.com/plantes/graines-et-gazon/gazon-et-prairies-fleuries/prairie-fleurie/46836-melange-pour-gibier-100-me.html
36911-36911;682970;6;20170123;https://www.jardiland.com/plantes/graines-et-gazon/graines-ludiques-et-kits/kits-et-ludiques/36911-jardiniere-soucoupe-fraisiers.html
46406-46406;564551;6;20170123;https://www.jardiland.com/plantes/graines-et-gazon/graines-potageres-et-aromatiques/radis-navets-carottes-et-autres-racines/46406-navet-de-croissy.html
4351-4351;566033;6;20170123;https://www.jardiland.com/plantes/graines-et-gazon/graines-potageres-et-aromatiques/haricots/4351-haricot-nain-a-ecosser-tregor-200-g.html
46683-46683;1252075;6;20170123;https://www.jardiland.com/plantes/graines-et-gazon/graines-potageres-et-aromatiques/haricots/46683-haricot-nain-a-ecosser-antare-200-g.html
46490-46490;564352;6;20170123;https://www.jardiland.com/plantes/graines-et-gazon/graines-potageres-et-aromatiques/choux/46490-chou-navet-rutabaga-wilhemsburger-jaune-a-collet-vert.html
46431-46431;564497;6;20170123;https://www.jardiland.com/plantes/graines-et-gazon/graines-potageres-et-aromatiques/choux/46431-chou-fleur-mayfair-hybride-f1-1.html
46400-46400;564636;6;20170123;https://www.jardiland.com/plantes/graines-et-gazon/graines-potageres-et-aromatiques/choux/46400-chou-de-bruxelles-genius-hybride-f1-1.html
36562-6179;1004056;6;20170123;https://www.jardiland.com/plantes/potager-et-verger/fruitiers/vigne/36562-vigne-muscat-bleu.html
46085-45040;597607;6;20170123;https://www.jardiland.com/plantes/potager-et-verger/fruitiers/prunier/46085-prunier-mirabelle-de-nancy.html
42018-18024;593182;6;20170123;https://www.jardiland.com/plantes/potager-et-verger/fruitiers/nashi/42018-nashi-shinseiki.html
36489-15989;579554;6;20170123;https://www.jardiland.com/plantes/potager-et-verger/fruitiers/kiwi/36489-actinidia-deliciosa-autofertile.html
36486-30327;971886;6;20170123;https://www.jardiland.com/plantes/potager-et-verger/fruitiers/kiwai/36486-actinidia-arguta-femelle-kiwai.html
41975-15882;578810;6;20170123;https://www.jardiland.com/plantes/potager-et-verger/fruitiers/abricotier/41975-abricotier-polonais.html
33393-26456;847194;6;20170123;https://www.jardiland.com/plantes/potager-et-verger/plantes-aromatiques/lavande/33393-lavande-papillon-willow-vale.html
33376-48542;1427754;6;20170123;https://www.jardiland.com/plantes/potager-et-verger/plantes-aromatiques/lavande/33376-lavande-little-lady.html
33372-23403;711286;6;20170123;https://www.jardiland.com/plantes/potager-et-verger/plantes-aromatiques/lavande/33372-lavande.html
33952-29632;951848;6;20170123;https://www.jardiland.com/plantes/arbres-et-arbustes-d-ornement/coniferes/cypres-de-leyland/33952-x-cupressocyparis-leylandii-2001-1.html
33982-17211;590253;6;20170123;https://www.jardiland.com/plantes/arbres-et-arbustes-d-ornement/coniferes/genevrier/33982-juniperus-x-pfitzeriana-mint-julep.html
33970-17521;590068;6;20170123;https://www.jardiland.com/plantes/arbres-et-arbustes-d-ornement/coniferes/genevrier/33970-juniperus-chinensis-stricta.html
33954-25939;831875;6;20170123;https://www.jardiland.com/plantes/arbres-et-arbustes-d-ornement/coniferes/epicea/33954-epicea-glauca-conica.html
33941-16871;586600;6;20170123;https://www.jardiland.com/plantes/arbres-et-arbustes-d-ornement/coniferes/cypres/33941-cupressus-sempervirens-totem.html
41559-16853;586456;6;20170123;https://www.jardiland.com/plantes/arbres-et-arbustes-d-ornement/coniferes/cypres/41559-cupressus-arizonica-fastigiata.html
33816-18312;595222;6;20170123;https://www.jardiland.com/plantes/arbres-et-arbustes-d-ornement/bambous/phyllostachys/33816-bambou-phyllostachys-aureosulcata-spectabilis.html
33847-55760;1008225;6;20170123;https://www.jardiland.com/plantes/arbres-et-arbustes-d-ornement/buis-et-topiaires/buis/33847-buis-commun.html
33847-24050;733357;6;20170123;https://www.jardiland.com/plantes/arbres-et-arbustes-d-ornement/buis-et-topiaires/buis/33847-buis-commun.html
33847-16174;581751;6;20170123;https://www.jardiland.com/plantes/arbres-et-arbustes-d-ornement/buis-et-topiaires/buis/33847-buis-commun.html
33847-6217;1008219;6;20170123;https://www.jardiland.com/plantes/arbres-et-arbustes-d-ornement/buis-et-topiaires/buis/33847-buis-commun.html
34470-7508;1232409;6;20170123;https://www.jardiland.com/plantes/arbres-et-arbustes-d-ornement/plantes-grimpantes/lierre/34470-lierre-commun-glacier.html
34468-8471;1267962;6;20170123;https://www.jardiland.com/plantes/arbres-et-arbustes-d-ornement/plantes-grimpantes/lierre/34468-lierre-commun.html
34439-19454;602502;6;20170123;https://www.jardiland.com/plantes/arbres-et-arbustes-d-ornement/plantes-grimpantes/glycine/34439-glycine-multijuga.html
34441-7931;1250299;6;20170123;https://www.jardiland.com/plantes/arbres-et-arbustes-d-ornement/plantes-grimpantes/glycine/34441-glycine-honbeni.html
34430-17130;587757;6;20170123;https://www.jardiland.com/plantes/arbres-et-arbustes-d-ornement/plantes-grimpantes/fallopia/34430-fallopia-aubertii.html
34416-7432;1231204;6;20170123;https://www.jardiland.com/plantes/arbres-et-arbustes-d-ornement/plantes-grimpantes/clematite/34416-clematite-montana-vare-wilsonii.html
34379-22252;672296;6;20170123;https://www.jardiland.com/plantes/arbres-et-arbustes-d-ornement/plantes-grimpantes/clematite/34379-clematite-armandii.html
34375-11286;1363305;6;20170123;https://www.jardiland.com/plantes/arbres-et-arbustes-d-ornement/plantes-grimpantes/clematite/34375-clematite-fond-memories.html
34388-7689;1243713;6;20170123;https://www.jardiland.com/plantes/arbres-et-arbustes-d-ornement/plantes-grimpantes/clematite/34388-clematite.html
34367-21115;658368;6;20170123;https://www.jardiland.com/plantes/arbres-et-arbustes-d-ornement/plantes-grimpantes/chevrefeuille/34367-chevrefeuille-du-japon-halliana.html
34365-17616;592086;6;20170123;https://www.jardiland.com/plantes/arbres-et-arbustes-d-ornement/plantes-grimpantes/chevrefeuille/34365-chevrefeuille-de-henry.html
34349-16286;582849;6;20170123;https://www.jardiland.com/plantes/arbres-et-arbustes-d-ornement/plantes-grimpantes/bignone/34349-bignone-mme-galen.html
41887-19701;608550;6;20170123;https://www.jardiland.com/plantes/arbres-et-arbustes-d-ornement/rosiers/rosiers-tiges-pleureurs/41887-rosier-red-dorothy-parkinsr-excelsa-polyantha.html
41632-19538;607392;6;20170123;https://www.jardiland.com/plantes/arbres-et-arbustes-d-ornement/rosiers/rosiers-buissons/41632-rosier-pat-austinr-ausmum-pbr-anglais.html
41846-37838;1227943;6;20170123;https://www.jardiland.com/plantes/arbres-et-arbustes-d-ornement/rosiers/rosiers-grimpants/41846-rosier-mon-jardin-ma-maisonr-meichavrin-grandes-fleurs.html
41606-30376;972253;6;20170123;https://www.jardiland.com/plantes/arbres-et-arbustes-d-ornement/rosiers/rosiers-buissons/41606-rosier-michelangelor-meitelov-grandes-fleurs.html
41872-10434;1347946;6;20170123;https://www.jardiland.com/plantes/arbres-et-arbustes-d-ornement/rosiers/rosiers-grimpants/41872-rosier-grimpant-a-grandes-fleurs-collection-generale.html
34979-25442;819056;6;20170123;https://www.jardiland.com/plantes/arbres-et-arbustes-d-ornement/rosiers/rosiers-grimpants/34979-rosier-grimpant-a-grandes-fleurs.html
61040-60209;844558;6;20170123;https://www.jardiland.com/plantes/arbres-et-arbustes-d-ornement/rosiers/rosiers-buissons/61040-rosier-buisson-a-grandes-fleurs.html
57266-57200;851972;6;20170123;https://www.jardiland.com/plantes/arbres-et-arbustes-d-ornement/rosiers/rosiers-buissons/57266-rosier-a-grandes-fleurs.html
41584-45422;993889;6;20170123;https://www.jardiland.com/plantes/arbres-et-arbustes-d-ornement/plantes-de-terre-de-bruyere/rhododendron/41584-rhododendron.html
41584-29737;954119;6;20170123;https://www.jardiland.com/plantes/arbres-et-arbustes-d-ornement/plantes-de-terre-de-bruyere/rhododendron/41584-rhododendron.html
34258-30918;992505;6;20170123;https://www.jardiland.com/plantes/arbres-et-arbustes-d-ornement/plantes-de-terre-de-bruyere/magnolia/34258-magnolia-stellata.html
34249-38820;592423;6;20170123;https://www.jardiland.com/plantes/arbres-et-arbustes-d-ornement/plantes-de-terre-de-bruyere/magnolia/34249-magnolia-susan.html
34249-38799;592418;6;20170123;https://www.jardiland.com/plantes/arbres-et-arbustes-d-ornement/plantes-de-terre-de-bruyere/magnolia/34249-magnolia-susan.html
41567-21114;644168;6;20170123;https://www.jardiland.com/plantes/arbres-et-arbustes-d-ornement/plantes-de-terre-de-bruyere/erable-du-japon/41567-erable-du-japon.html
34056-51975;586769;6;20170123;https://www.jardiland.com/plantes/arbres-et-arbustes-d-ornement/plantes-de-terre-de-bruyere/autres-plantes-de-terre-de-bruyere/34056-daboecia-cantabrica.html
36135-16820;587141;6;20170123;https://www.jardiland.com/plantes/arbres-et-arbustes-d-ornement/plantes-de-terre-de-bruyere/bruyere-erica/36135-bruyere-d-hiver.html
34803-21062;636143;6;20170123;https://www.jardiland.com/plantes/arbres-et-arbustes-d-ornement/plantes-mediterraneennes/palmiers/34803-palmier-nain.html
34794-42962;665822;6;20170123;https://www.jardiland.com/plantes/arbres-et-arbustes-d-ornement/plantes-mediterraneennes/palmiers/34794-palmier-dattier-des-canaries.html
34780-47112;699808;6;20170123;https://www.jardiland.com/plantes/arbres-et-arbustes-d-ornement/plantes-mediterraneennes/laurier-rose/34780-laurier-rose.html
34553-8165;1257088;6;20170123;https://www.jardiland.com/plantes/arbres-et-arbustes-d-ornement/plantes-mediterraneennes/autres-plantes-mediterraneennes/34553-anisodontea-scabrosa-miss-pinky.html
40569-39915;855462;6;20170123;https://www.jardiland.com/plantes/arbres-et-arbustes-d-ornement/arbres-et-arbustes/prunus/40569-prunus-persica.html
33366-30300;971462;6;20170123;https://www.jardiland.com/plantes/arbres-et-arbustes-d-ornement/arbres-et-arbustes/laurier-palme/33366-prunus-laurocerasus-caucasica-dart-s.html
33572-18765;597763;6;20170123;https://www.jardiland.com/plantes/arbres-et-arbustes-d-ornement/arbres-et-arbustes/prunus/33572-prunus-cerasifera-pissardii.html
33566-49791;597544;6;20170123;https://www.jardiland.com/plantes/arbres-et-arbustes-d-ornement/arbres-et-arbustes/potentille/33566-potentilla-fruticosa-red-ace.html
33511-20206;626547;6;20170123;https://www.jardiland.com/plantes/arbres-et-arbustes-d-ornement/arbres-et-arbustes/photinia/33511-photinia-x-fraseri-red-robin.html
33652-17995;594830;6;20170123;https://www.jardiland.com/plantes/arbres-et-arbustes-d-ornement/arbres-et-arbustes/seringat/33652-philadelphus-natchez.html
33649-51949;594809;6;20170123;https://www.jardiland.com/plantes/arbres-et-arbustes-d-ornement/arbres-et-arbustes/seringat/33649-philadelphus-lemoinei.html
41546-55879;1457432;6;20170123;https://www.jardiland.com/plantes/arbres-et-arbustes-d-ornement/arbres-et-arbustes/seringat/41546-philadelphus-belle-etoile.html
33465-17478;589674;6;20170123;https://www.jardiland.com/plantes/arbres-et-arbustes-d-ornement/arbres-et-arbustes/millepertuis/33465-millepertuis-hidcote.html
33539-17917;592703;6;20170123;https://www.jardiland.com/plantes/arbres-et-arbustes-d-ornement/arbres-et-arbustes/pommier-d-ornement/33539-malus-coccinellar-courtarou-pbr.html
33313-24368;745838;6;20170123;https://www.jardiland.com/plantes/arbres-et-arbustes-d-ornement/arbres-et-arbustes/hetre/33313-hetre-pourpre-purpurea.html
33293-17232;588156;6;20170123;https://www.jardiland.com/plantes/arbres-et-arbustes-d-ornement/arbres-et-arbustes/genet/33293-genet-porlock.html
33263-22389;675950;6;20170123;https://www.jardiland.com/plantes/arbres-et-arbustes-d-ornement/arbres-et-arbustes/fusain/33263-euonymus-japonicus.html
33266-26212;840110;6;20170123;https://www.jardiland.com/plantes/arbres-et-arbustes-d-ornement/arbres-et-arbustes/fusain/33266-euonymus-fortunei-emerald-n-gold.html
33248-30325;971821;6;20170123;https://www.jardiland.com/plantes/arbres-et-arbustes-d-ornement/arbres-et-arbustes/fusain/33248-euonymus-fortunei.html
33218-39604;745214;6;20170123;https://www.jardiland.com/plantes/arbres-et-arbustes-d-ornement/arbres-et-arbustes/escallonia/33218-escallonia-red-dream.html
33190-55760;1008225;6;20170123;https://www.jardiland.com/plantes/arbres-et-arbustes-d-ornement/arbres-et-arbustes/erable/33190-erable-champetre.html
33190-30971;993892;6;20170123;https://www.jardiland.com/plantes/arbres-et-arbustes-d-ornement/arbres-et-arbustes/erable/33190-erable-champetre.html
33190-24050;733357;6;20170123;https://www.jardiland.com/plantes/arbres-et-arbustes-d-ornement/arbres-et-arbustes/erable/33190-erable-champetre.html
33190-16174;581751;6;20170123;https://www.jardiland.com/plantes/arbres-et-arbustes-d-ornement/arbres-et-arbustes/erable/33190-erable-champetre.html
33175-16959;586962;6;20170123;https://www.jardiland.com/plantes/arbres-et-arbustes-d-ornement/arbres-et-arbustes/elaeagnus/33175-elaeagnus-x-ebbingei-eleadorr-lannou-pbr.html
33156-31081;997773;6;20170123;https://www.jardiland.com/plantes/arbres-et-arbustes-d-ornement/arbres-et-arbustes/cytise/33156-cytise-commun.html
33145-16744;586104;6;20170123;https://www.jardiland.com/plantes/arbres-et-arbustes-d-ornement/arbres-et-arbustes/cotoneaster/33145-cotoneaster-de-franchet.html
33142-16734;586079;6;20170123;https://www.jardiland.com/plantes/arbres-et-arbustes-d-ornement/arbres-et-arbustes/cotoneaster/33142-cotoneaster-dammeri.html
33137-22325;674971;6;20170123;https://www.jardiland.com/plantes/arbres-et-arbustes-d-ornement/arbres-et-arbustes/cornouiller/33137-cornouiller-a-bois-jaune-flaviramea.html
32929-15858;578638;6;20170123;https://www.jardiland.com/plantes/arbres-et-arbustes-d-ornement/arbres-et-arbustes/abelia/32929-abelia-a-grandes-fleurs.html
