ID_WEB;ID_JDN;CODEMAG;DATE_ASPI;URLPRODUIT
41142-41142;1426657;150;20170120;https://www.jardiland.com/maison-deco/epicerie-fine/epicerie-sucree/coffret-et-autres/41142-tablette-de-chocolat-scintillante.html
41131-41131;1426646;150;20170120;https://www.jardiland.com/maison-deco/epicerie-fine/epicerie-sucree/coffret-et-autres/41131-tablette-de-chocolat-nostalgie-de-noel.html
52804-52804;1383774;150;20170120;https://www.jardiland.com/maison-deco/art-de-la-table/vaisselle/theiere/52804-theiere-fleurs.html
52813-52813;1383651;150;20170120;https://www.jardiland.com/maison-deco/art-de-la-table/vaisselle/plat-de-service/52813-plat-a-cake-poule-paille.html
46799-46799;1424455;150;20170120;https://www.jardiland.com/maison-deco/cache-pot-d-interieur/cache-pot-simple/ceramique/46799-cache-pot-melrose-fuschia-5-184-l.html
46800-46800;1424454;150;20170120;https://www.jardiland.com/maison-deco/cache-pot-d-interieur/cache-pot-simple/ceramique/46800-cache-pot-melrose-fuschia-3-302-l.html
46589-46589;1424450;150;20170120;https://www.jardiland.com/maison-deco/cache-pot-d-interieur/cache-pot-simple/ceramique/46589-cache-pot-mauve-amethyst-2-3-l.html
46590-46590;1424449;150;20170120;https://www.jardiland.com/maison-deco/cache-pot-d-interieur/cache-pot-simple/ceramique/46590-cache-pot-mauve-amethyst-1-5-l.html
48424-48424;1296569;150;20170120;https://www.jardiland.com/maison-deco/objets-de-decoration/autres-objets-de-decoration/paillasson-et-tapis/48424-paillasson-jeu-de-cles-gris.html
1708-1708;1359255;150;20170120;https://www.jardiland.com/maison-deco/objets-de-decoration/autres-objets-de-decoration/autres-objets-de-decoration/1708-cache-pot-robinet.html
923-923;1328245;150;20170120;https://www.jardiland.com/maison-deco/objets-de-decoration/plantes-artificielles/plante-et-fleur/923-aloe-vera-artificiel-en-pot-14-cm.html
3367-3367;1414636;150;20170120;https://www.jardiland.com/maison-deco/objets-de-decoration/bougeoirs-photophores-et-lanternes/bougeoir-et-photophore-deco/3367-bougeoir-rond-norah-couleur-argent-o-9o5-cm.html
32468-29870;957337;150;20170120;https://www.jardiland.com/animaux/poisson/materiel-chauffage-filtres-et-pompes/aeration/32468-diffuseur-d-air-sur-socle.html
5520-5520;957344;150;20170120;https://www.jardiland.com/animaux/poisson/materiel-chauffage-filtres-et-pompes/aeration/5520-diffuseur-d-air-cylindrique-5-cm.html
5517-5517;957338;150;20170120;https://www.jardiland.com/animaux/poisson/materiel-chauffage-filtres-et-pompes/aeration/5517-diffuseur-d-air-boule-3-cm.html
32472-29868;957335;150;20170120;https://www.jardiland.com/animaux/poisson/materiel-chauffage-filtres-et-pompes/aeration/32472-diffuseur-d-air-barre.html
5767-5767;957372;150;20170120;https://www.jardiland.com/animaux/poisson/materiel-chauffage-filtres-et-pompes/nettoyage-aquarium/5767-aspirateur-a-piles.html
2181-2181;1365614;150;20170120;https://www.jardiland.com/animaux/poisson/decoration-pour-aquarium/plante-artificielle/2181-decor-pour-aquarium-algue-epee-pierre-rose.html
62896-62825;1439032;150;20170120;https://www.jardiland.com/animaux/chat/alimentation-et-friandises/boite-et-sachet-fraicheur/62896-schesir-patee-monodoseen-gelee-pour-chat-85-g.html
32650-27665;878129;150;20170120;https://www.jardiland.com/animaux/rongeurs-et-petits-mammiferes/hygiene-et-soins/litiere/32650-litiere-de-chanvre.html
32122-26277;842297;150;20170120;https://www.jardiland.com/animaux/chien/colliers-laisses-et-vetements/pull-pour-chien/32122-pull-basic-pour-chien.html
32122-26267;842287;150;20170120;https://www.jardiland.com/animaux/chien/colliers-laisses-et-vetements/pull-pour-chien/32122-pull-basic-pour-chien.html
32126-13980;1423801;150;20170120;https://www.jardiland.com/animaux/chien/colliers-laisses-et-vetements/pull-pour-chien/32126-polaire-pour-chien-wouapy.html
50853-50526;1405244;150;20170120;https://www.jardiland.com/animaux/chien/colliers-laisses-et-vetements/laisse-pour-chien/50853-laisse-retractable-cordon-new-classic-bleu.html
32103-24323;743677;150;20170120;https://www.jardiland.com/animaux/chien/colliers-laisses-et-vetements/manteau-pour-chien/32103-imper-basic-pour-chien.html
32110-12577;1394653;150;20170120;https://www.jardiland.com/animaux/chien/colliers-laisses-et-vetements/manteau-pour-chien/32110-doudoune-pour-chien.html
32133-9868;1318331;150;20170120;https://www.jardiland.com/animaux/chien/gamelles-ecuelles-et-distributeurs/distributeur-d-eau-et-croquette/32133-distributeur-d-eau.html
5264-5264;824595;150;20170120;https://www.jardiland.com/animaux/chien/alimentation-et-friandises/os-a-macher/5264-os-presse-porks-x2-11e5-cm.html
31446-9202;1293152;150;20170120;https://www.jardiland.com/amenagement-du-jardin/pots-bacs-jardinieres-et-supports/en-email/31446-soucoupe-en-email.html
31473-8968;1293276;150;20170120;https://www.jardiland.com/amenagement-du-jardin/pots-bacs-jardinieres-et-supports/en-email/31473-boule-en-email-lisse.html
31473-8965;1293267;150;20170120;https://www.jardiland.com/amenagement-du-jardin/pots-bacs-jardinieres-et-supports/en-email/31473-boule-en-email-lisse.html
42156-42156;1397755;150;20170120;https://www.jardiland.com/amenagement-du-jardin/pots-bacs-jardinieres-et-supports/en-terre-cuite/42156-pot-rond-en-terre-cuite-courbe-o-44-cm.html
36648-36648;1429520;150;20170120;https://www.jardiland.com/amenagement-du-jardin/eclairage-et-chauffage-d-exterieur/eclairage-solaire/36648-luminaire-carillon-hibou.html
2714-2714;1397847;150;20170120;https://www.jardiland.com/amenagement-du-jardin/eclairage-et-chauffage-d-exterieur/eclairage-solaire/2714-lanterne-solaire-lumi.html
31411-12721;1394838;150;20170120;https://www.jardiland.com/amenagement-du-jardin/parasols-tonnelles-et-voiles-d-ombrage/parasols-et-accessoires/parasol-en-metal/31411-parasol-colore-o-2-m.html
2104-2104;1354084;150;20170120;https://www.jardiland.com/amenagement-du-jardin/mobilier-de-jardin/accessoires-coussins-et-entretien/coussin/2104-pompe-electrique.html
58310-58310;577241;150;20170120;https://www.jardiland.com/jardinage/bricolage-droguerie/insecticides-menagers/insecticide-volant-et-rampant/58310-piege-a-guepes-pomme.html
32778-53132;1373573;150;20170120;https://www.jardiland.com/jardinage/entretien-et-traitements/engrais/engrais-pour-arbres-et-fleurs-du-jardin/32778-engrais-complet-double-actions.html
2256-2256;1372583;150;20170120;https://www.jardiland.com/jardinage/terreau/terreau-pour-jardin-et-potager/terreau-pour-plantes-de-terre-de-bruyere/2256-terreau-pro-bruyeres.html
59271-59486;981108;150;20170120;https://www.jardiland.com/plantes/sapins-de-noel/sapins-de-noel-epicea/sapin-de-noel-epicea-coupe/59271-sapin-de-noel-epicea-commun-coupe.html
17559-17559;590488;150;20170120;https://www.jardiland.com/plantes/plantes-artificielles/plantes-artificielles/fruit-et-legume/17559-kerria-japonica-pleniflora.html
7819-7819;1247364;150;20170120;https://www.jardiland.com/plantes/plantes-artificielles/plantes-artificielles/fruit-et-legume/7819-groseillier-a-grappes-london-market-rouge.html
35589-59399;1317472;150;20170120;https://www.jardiland.com/plantes/plantes-d-interieur/bonsais/ficus/35589-ficus-ginseng.html
35652-52123;855759;150;20170120;https://www.jardiland.com/plantes/plantes-d-interieur/cactus-et-plantes-grasses/haworthia/35652-haworthia.html
35652-6016;1000832;150;20170120;https://www.jardiland.com/plantes/plantes-d-interieur/cactus-et-plantes-grasses/haworthia/35652-haworthia.html
35624-29803;955888;150;20170120;https://www.jardiland.com/plantes/plantes-d-interieur/cactus-et-plantes-grasses/crassula/35624-crassula-minor.html
35597-20645;632796;150;20170120;https://www.jardiland.com/plantes/plantes-d-interieur/cactus-et-plantes-grasses/aloe/35597-aloe-vera.html
36068-22750;687479;150;20170120;https://www.jardiland.com/plantes/plantes-d-interieur/plantes-vertes/pachira/36068-pachira-aquatica.html
36045-10013;1337274;150;20170120;https://www.jardiland.com/plantes/plantes-d-interieur/plantes-vertes/kentia/36045-kentia-de-foster.html
36024-20865;635396;150;20170120;https://www.jardiland.com/plantes/plantes-d-interieur/plantes-vertes/fittonia/36024-fittonia-mini-plante.html
36026-28124;896632;150;20170120;https://www.jardiland.com/plantes/plantes-d-interieur/plantes-vertes/fittonia/36026-fittonia.html
43434-47269;1417035;150;20170120;https://www.jardiland.com/plantes/plantes-d-interieur/plantes-vertes/ficus/43434-ficus-pumila-pour-suspension.html
35992-20637;632774;150;20170120;https://www.jardiland.com/plantes/plantes-d-interieur/plantes-vertes/ficus/35992-ficus-pumila-mini-plante.html
35972-44983;1305814;150;20170120;https://www.jardiland.com/plantes/plantes-d-interieur/plantes-vertes/dracaena/35972-dracaena-marginata-bicolor-mini-plante.html
35990-40096;917305;150;20170120;https://www.jardiland.com/plantes/plantes-d-interieur/plantes-vertes/dracaena/35990-dracaena-fragrans-white-stripe.html
35943-28003;888924;150;20170120;https://www.jardiland.com/plantes/plantes-d-interieur/plantes-vertes/croton/35943-croton.html
35939-20623;632705;150;20170120;https://www.jardiland.com/plantes/plantes-d-interieur/plantes-vertes/cocos/35939-cocos-nucifera.html
35882-28448;907872;150;20170120;https://www.jardiland.com/plantes/plantes-d-interieur/plantes-vertes/autres-plantes-vertes/35882-aspidistra-elatior.html
35861-20382;631899;150;20170120;https://www.jardiland.com/plantes/plantes-d-interieur/plantes-vertes/asparagus/35861-asparagus-densiflorus-sprengeri.html
35787-30823;985840;150;20170120;https://www.jardiland.com/plantes/plantes-d-interieur/plantes-fleuries/guzmania/35787-guzmania-mini-plante.html
35784-39900;846818;150;20170120;https://www.jardiland.com/plantes/plantes-d-interieur/plantes-fleuries/gardenia/35784-gardenia-jasminoides-augusta.html
35776-20846;643216;150;20170120;https://www.jardiland.com/plantes/plantes-d-interieur/plantes-fleuries/cyclamen/35776-cyclamen-a-grandes-fleurs-mini-plante.html
35752-22079;662054;150;20170120;https://www.jardiland.com/plantes/plantes-d-interieur/plantes-fleuries/azalee/35752-azalee-d-interieur.html
35758-23284;701896;150;20170120;https://www.jardiland.com/plantes/plantes-d-interieur/plantes-fleuries/azalee/35758-azalea-christine.html
1573-1573;1308372;150;20170120;https://www.jardiland.com/plantes/graines-et-gazon/graines-ludiques-et-kits/kits-pour-enfants/1573-sachet-decoupe-tournesol-sunspot.html
46418-46418;565975;150;20170120;https://www.jardiland.com/plantes/graines-et-gazon/graines-potageres-et-aromatiques/pois/46418-pois-merveille-de-kelvedon.html
35451-24940;813040;150;20170120;https://www.jardiland.com/plantes/bulbes-et-pommes-de-terre/bulbes-potagers-oignons-ail/oignon/35451-oignon-white-ebenezer.html
35448-25199;813082;150;20170120;https://www.jardiland.com/plantes/bulbes-et-pommes-de-terre/bulbes-potagers-oignons-ail/oignon/35448-oignon-stuttgarter-riesen.html
35456-29112;936927;150;20170120;https://www.jardiland.com/plantes/bulbes-et-pommes-de-terre/bulbes-potagers-oignons-ail/oignon/35456-oignon-red-baron.html
41904-26509;857749;150;20170120;https://www.jardiland.com/plantes/bulbes-et-pommes-de-terre/bulbes-potagers-oignons-ail/oignon/41904-oignon-paille-des-vertus.html
56573-56573;1470901;150;20170120;https://www.jardiland.com/plantes/bulbes-et-pommes-de-terre/bulbes-a-fleurs/tulipe/56573-tulipes-simples-hatives-en-melange.html
36562-14398;1438770;150;20170120;https://www.jardiland.com/plantes/potager-et-verger/fruitiers/vigne/36562-vigne-muscat-bleu.html
42101-18367;597683;150;20170120;https://www.jardiland.com/plantes/potager-et-verger/fruitiers/prunier/42101-prunier-thames-cross.html
42020-23469;720070;150;20170120;https://www.jardiland.com/plantes/potager-et-verger/fruitiers/nectarinier/42020-nectarinier-nectarose-blanc.html
36501-17973;593035;150;20170120;https://www.jardiland.com/plantes/potager-et-verger/fruitiers/mure/36501-mure-framboise-tayberry.html
36501-11669;1371339;150;20170120;https://www.jardiland.com/plantes/potager-et-verger/fruitiers/mure/36501-mure-framboise-tayberry.html
36509-11431;1368114;150;20170120;https://www.jardiland.com/plantes/potager-et-verger/fruitiers/mure/36509-mure-thornfree.html
36507-30310;971555;150;20170120;https://www.jardiland.com/plantes/potager-et-verger/fruitiers/mure/36507-mure-oregon-evergreen.html
36503-13625;1410550;150;20170120;https://www.jardiland.com/plantes/potager-et-verger/fruitiers/mure/36503-mure-dirksen-thornless.html
34522-17576;590540;150;20170120;https://www.jardiland.com/plantes/potager-et-verger/fruitiers/kumquat/34522-kumquat.html
36469-7819;1247364;150;20170120;https://www.jardiland.com/plantes/potager-et-verger/fruitiers/groseillier-a-grappes/36469-groseillier-a-grappes-london-market-rouge.html
36467-44257;1448689;150;20170120;https://www.jardiland.com/plantes/potager-et-verger/fruitiers/groseillier-a-grappes/36467-groseillier-a-grappes-junifer-rouge.html
36454-17185;588027;150;20170120;https://www.jardiland.com/plantes/potager-et-verger/fruitiers/framboisier/36454-framboisier-heritage.html
42013-24434;746782;150;20170120;https://www.jardiland.com/plantes/potager-et-verger/fruitiers/figuier/42013-figuier-rouge-de-bordeaux.html
36424-24434;746782;150;20170120;https://www.jardiland.com/plantes/potager-et-verger/fruitiers/figuier/36424-figuier-rouge-de-bordeaux.html
36417-29016;925116;150;20170120;https://www.jardiland.com/plantes/potager-et-verger/fruitiers/cassissier/36417-cassissier-blackdown.html
36416-12591;1391597;150;20170120;https://www.jardiland.com/plantes/potager-et-verger/fruitiers/cassissier/36416-cassissier-andega.html
36416-8175;1259353;150;20170120;https://www.jardiland.com/plantes/potager-et-verger/fruitiers/cassissier/36416-cassissier-andega.html
36490-24857;810310;150;20170120;https://www.jardiland.com/plantes/potager-et-verger/fruitiers/kiwi/36490-actinidia-deliciosa-femelle.html
36490-15991;579563;150;20170120;https://www.jardiland.com/plantes/potager-et-verger/fruitiers/kiwi/36490-actinidia-deliciosa-femelle.html
41981-6393;1011016;150;20170120;https://www.jardiland.com/plantes/potager-et-verger/fruitiers/abricotier/41981-abricotier.html
33613-18976;599768;150;20170120;https://www.jardiland.com/plantes/potager-et-verger/plantes-aromatiques/romarin/33613-romarin-rampant-pointe-du-ratz.html
33381-38808;591502;150;20170120;https://www.jardiland.com/plantes/potager-et-verger/plantes-aromatiques/lavande/33381-lavande-dutch.html
33949-16800;586317;150;20170120;https://www.jardiland.com/plantes/arbres-et-arbustes-d-ornement/coniferes/cypres-de-leyland/33949-x-cupressocyparis-leylandii-atro.html
33980-17530;590224;150;20170120;https://www.jardiland.com/plantes/arbres-et-arbustes-d-ornement/coniferes/genevrier/33980-juniperus-horizontalis-wiltonii.html
33977-30299;971458;150;20170120;https://www.jardiland.com/plantes/arbres-et-arbustes-d-ornement/coniferes/genevrier/33977-juniperus-horizontalis-blue-chip.html
33984-17373;590293;150;20170120;https://www.jardiland.com/plantes/arbres-et-arbustes-d-ornement/coniferes/genevrier/33984-genevrier-pfitzeriana-aurea.html
33942-42947;652012;150;20170120;https://www.jardiland.com/plantes/arbres-et-arbustes-d-ornement/coniferes/cypres/33942-cupressus-sempervirens.html
33918-16542;584500;150;20170120;https://www.jardiland.com/plantes/arbres-et-arbustes-d-ornement/coniferes/chamaecyparis/33918-chamaecyparis-pisifera-sungold.html
33916-16446;584458;150;20170120;https://www.jardiland.com/plantes/arbres-et-arbustes-d-ornement/coniferes/chamaecyparis/33916-chamaecyparis-pisifera-boulevard.html
33829-29789;955453;150;20170120;https://www.jardiland.com/plantes/arbres-et-arbustes-d-ornement/bambous/pseudosasa/33829-bambou-pseudosasa-japonica-bambusa-metake.html
33818-30112;967285;150;20170120;https://www.jardiland.com/plantes/arbres-et-arbustes-d-ornement/bambous/phyllostachys/33818-bambou-phyllostachys-aureosulcata.html
33817-21518;650520;150;20170120;https://www.jardiland.com/plantes/arbres-et-arbustes-d-ornement/bambous/phyllostachys/33817-bambou-phyllostachys-aurea.html
33795-30044;965891;150;20170120;https://www.jardiland.com/plantes/arbres-et-arbustes-d-ornement/bambous/arundo/33795-arundo-donax-variegata-versicolor.html
33792-16041;579968;150;20170120;https://www.jardiland.com/plantes/arbres-et-arbustes-d-ornement/bambous/arundo/33792-arundo-donax.html
33836-18997;599902;150;20170120;https://www.jardiland.com/plantes/arbres-et-arbustes-d-ornement/buis-et-topiaires/autres-topiaires/33836-saule-crevette.html
33872-13529;1405193;150;20170120;https://www.jardiland.com/plantes/arbres-et-arbustes-d-ornement/buis-et-topiaires/houx-en-topiaire/33872-houx-crenele-kinme.html
34455-17515;590025;150;20170120;https://www.jardiland.com/plantes/arbres-et-arbustes-d-ornement/plantes-grimpantes/jasmin/34455-jasmin-stephanense.html
34454-25139;818420;150;20170120;https://www.jardiland.com/plantes/arbres-et-arbustes-d-ornement/plantes-grimpantes/jasmin/34454-jasmin-officinal.html
34449-17335;589028;150;20170120;https://www.jardiland.com/plantes/arbres-et-arbustes-d-ornement/plantes-grimpantes/hortensia-grimpant/34449-hortensia-grimpant-petiolaris.html
34433-10173;1338562;150;20170120;https://www.jardiland.com/plantes/arbres-et-arbustes-d-ornement/plantes-grimpantes/glycine/34433-glycine-longwood-purple.html
34440-19448;602465;150;20170120;https://www.jardiland.com/plantes/arbres-et-arbustes-d-ornement/plantes-grimpantes/glycine/34440-glycine-alba.html
34353-11290;1363327;150;20170120;https://www.jardiland.com/plantes/arbres-et-arbustes-d-ornement/plantes-grimpantes/bignone/34353-bignone-stromboli.html
34336-8519;1277146;150;20170120;https://www.jardiland.com/plantes/arbres-et-arbustes-d-ornement/plantes-grimpantes/actinidia/34336-actinidia-deliciosa-solissimo.html
43410-42576;1337208;150;20170120;https://www.jardiland.com/plantes/arbres-et-arbustes-d-ornement/rosiers/rosiers-buissons/43410-rosier-yves-piagetr-meivildo-grandes-fleurs.html
41787-40142;903306;150;20170120;https://www.jardiland.com/plantes/arbres-et-arbustes-d-ornement/rosiers/rosiers-buissons/41787-rosier-sweet-lover-harkness-grandes-fleurs.html
35003-51982;1469032;150;20170120;https://www.jardiland.com/plantes/arbres-et-arbustes-d-ornement/rosiers/rosiers-tiges-pleureurs/35003-rosier-sunevar-noalesa-paysager.html
41709-12416;1386727;150;20170120;https://www.jardiland.com/plantes/arbres-et-arbustes-d-ornement/rosiers/rosiers-buissons/41709-rosier-rose-de-tavelr-reubis-polyantha.html
41746-39243;643837;150;20170120;https://www.jardiland.com/plantes/arbres-et-arbustes-d-ornement/rosiers/rosiers-buissons/41746-rosier-red-peace-karl-herbst-grandes-fleurs.html
41867-40370;972265;150;20170120;https://www.jardiland.com/plantes/arbres-et-arbustes-d-ornement/rosiers/rosiers-grimpants/41867-rosier-palais-royalr-meiviowit-grandes-fleurs.html
41891-51995;1469024;150;20170120;https://www.jardiland.com/plantes/arbres-et-arbustes-d-ornement/rosiers/rosiers-tiges-pleureurs/41891-rosier-opaliar-noaschnee-paysager.html
34979-26355;845728;150;20170120;https://www.jardiland.com/plantes/arbres-et-arbustes-d-ornement/rosiers/rosiers-grimpants/34979-rosier-grimpant-a-grandes-fleurs.html
41629-14104;1427438;150;20170120;https://www.jardiland.com/plantes/arbres-et-arbustes-d-ornement/rosiers/rosiers-buissons/41629-rosier-golden-celebrationr-ausgold-pbr-anglais.html
41610-28166;897620;150;20170120;https://www.jardiland.com/plantes/arbres-et-arbustes-d-ornement/rosiers/rosiers-buissons/41610-rosier-buisson-a-grandes-fleurs.html
43411-60166;1442357;150;20170120;https://www.jardiland.com/plantes/arbres-et-arbustes-d-ornement/rosiers/rosiers-buissons/43411-rosier-broceliander-adaterhuit-grandes-fleurs.html
41643-40366;972250;150;20170120;https://www.jardiland.com/plantes/arbres-et-arbustes-d-ornement/rosiers/rosiers-buissons/41643-rosier-boteror-meiafone-grandes-fleurs.html
41643-21348;643828;150;20170120;https://www.jardiland.com/plantes/arbres-et-arbustes-d-ornement/rosiers/rosiers-buissons/41643-rosier-boteror-meiafone-grandes-fleurs.html
41640-10132;1337205;150;20170120;https://www.jardiland.com/plantes/arbres-et-arbustes-d-ornement/rosiers/rosiers-buissons/41640-rosier-black-baccarar-meidebenne-grandes-fleurs.html
41800-21662;653122;150;20170120;https://www.jardiland.com/plantes/arbres-et-arbustes-d-ornement/rosiers/rosiers-buissons/41800-rosier-ancien.html
57266-57233;716882;150;20170120;https://www.jardiland.com/plantes/arbres-et-arbustes-d-ornement/rosiers/rosiers-buissons/57266-rosier-a-grandes-fleurs.html
54366-54070;1450785;150;20170120;https://www.jardiland.com/plantes/arbres-et-arbustes-d-ornement/rosiers/rosiers-buissons/54366-rosier-michele-meilland-grandes-fleurs.html
41582-6901;1018896;150;20170120;https://www.jardiland.com/plantes/arbres-et-arbustes-d-ornement/plantes-de-terre-de-bruyere/rhododendron/41582-rhododendron-inkarhor.html
34326-28660;918984;150;20170120;https://www.jardiland.com/plantes/arbres-et-arbustes-d-ornement/plantes-de-terre-de-bruyere/rhododendron/34326-rhododendron-graziella-ponticum.html
41584-43627;904048;150;20170120;https://www.jardiland.com/plantes/arbres-et-arbustes-d-ornement/plantes-de-terre-de-bruyere/rhododendron/41584-rhododendron.html
34275-18416;595759;150;20170120;https://www.jardiland.com/plantes/arbres-et-arbustes-d-ornement/plantes-de-terre-de-bruyere/pieris/34275-pieris-japonica-bonfire.html
34241-24301;742815;150;20170120;https://www.jardiland.com/plantes/arbres-et-arbustes-d-ornement/plantes-de-terre-de-bruyere/loropetalum/34241-loropetale-de-chine-fire-dance.html
34243-38812;592245;150;20170120;https://www.jardiland.com/plantes/arbres-et-arbustes-d-ornement/plantes-de-terre-de-bruyere/loropetalum/34243-loropetale-de-chine.html
41574-17387;589315;150;20170120;https://www.jardiland.com/plantes/arbres-et-arbustes-d-ornement/plantes-de-terre-de-bruyere/hortensia/41574-hortensia-rouge-a-grandes-feuilles.html
34202-8455;1264373;150;20170120;https://www.jardiland.com/plantes/arbres-et-arbustes-d-ornement/plantes-de-terre-de-bruyere/hortensia/34202-hortensia-paniculata.html
34157-11532;1379134;150;20170120;https://www.jardiland.com/plantes/arbres-et-arbustes-d-ornement/plantes-de-terre-de-bruyere/hortensia/34157-hortensia-magicalr.html
41577-17423;589457;150;20170120;https://www.jardiland.com/plantes/arbres-et-arbustes-d-ornement/plantes-de-terre-de-bruyere/hortensia/41577-hortensia-bleu-a-grandes-feuilles.html
34197-30965;993659;150;20170120;https://www.jardiland.com/plantes/arbres-et-arbustes-d-ornement/plantes-de-terre-de-bruyere/hortensia/34197-hortensia-a-grandes-feuilles.html
34197-17417;589405;150;20170120;https://www.jardiland.com/plantes/arbres-et-arbustes-d-ornement/plantes-de-terre-de-bruyere/hortensia/34197-hortensia-a-grandes-feuilles.html
34211-51911;965238;150;20170120;https://www.jardiland.com/plantes/arbres-et-arbustes-d-ornement/plantes-de-terre-de-bruyere/hortensia/34211-hortensia-forever-everr-red.html
34179-25483;822879;150;20170120;https://www.jardiland.com/plantes/arbres-et-arbustes-d-ornement/plantes-de-terre-de-bruyere/hortensia/34179-hortensia-annabelle.html
34270-18189;594722;150;20170120;https://www.jardiland.com/plantes/arbres-et-arbustes-d-ornement/plantes-de-terre-de-bruyere/pernettya-gaultheria/34270-gaultheria-mucronata-parelmoer-pernettya-mucronata-mother-of-pearl.html
41567-28200;899472;150;20170120;https://www.jardiland.com/plantes/arbres-et-arbustes-d-ornement/plantes-de-terre-de-bruyere/erable-du-japon/41567-erable-du-japon.html
34093-45445;992042;150;20170120;https://www.jardiland.com/plantes/arbres-et-arbustes-d-ornement/plantes-de-terre-de-bruyere/bois-joli-daphne/34093-daphne-mezereum-rubra.html
41566-14433;1440246;150;20170120;https://www.jardiland.com/plantes/arbres-et-arbustes-d-ornement/plantes-de-terre-de-bruyere/camelia/41566-camelia.html
34268-11509;1369307;150;20170120;https://www.jardiland.com/plantes/arbres-et-arbustes-d-ornement/plantes-de-terre-de-bruyere/nandina/34268-bambou-sacre-gulf-stream.html
34266-14416;1439814;150;20170120;https://www.jardiland.com/plantes/arbres-et-arbustes-d-ornement/plantes-de-terre-de-bruyere/nandina/34266-bambou-sacre-fire-power.html
34076-43624;1456813;150;20170120;https://www.jardiland.com/plantes/arbres-et-arbustes-d-ornement/plantes-de-terre-de-bruyere/azalee/34076-azalea-mollis.html
34824-50654;953432;150;20170120;https://www.jardiland.com/plantes/arbres-et-arbustes-d-ornement/plantes-mediterraneennes/palmiers/34824-yucca-filamentosa-bright-edge.html
34627-17872;592258;150;20170120;https://www.jardiland.com/plantes/arbres-et-arbustes-d-ornement/plantes-mediterraneennes/autres-plantes-mediterraneennes/34627-solanum-rantonnetii.html
34708-19028;600289;150;20170120;https://www.jardiland.com/plantes/arbres-et-arbustes-d-ornement/plantes-mediterraneennes/autres-plantes-mediterraneennes/34708-solanum-jasminoides-album.html
34699-21068;636154;150;20170120;https://www.jardiland.com/plantes/arbres-et-arbustes-d-ornement/plantes-mediterraneennes/autres-plantes-mediterraneennes/34699-sauge-microphylla.html
34770-7652;1240195;150;20170120;https://www.jardiland.com/plantes/arbres-et-arbustes-d-ornement/plantes-mediterraneennes/autres-plantes-mediterraneennes/34770-sauge-wendy-s-wish.html
41593-30655;993753;150;20170120;https://www.jardiland.com/plantes/arbres-et-arbustes-d-ornement/plantes-mediterraneennes/autres-plantes-mediterraneennes/41593-pittosporum-tenuifolium-variegatum.html
34728-55976;1464946;150;20170120;https://www.jardiland.com/plantes/arbres-et-arbustes-d-ornement/plantes-mediterraneennes/autres-plantes-mediterraneennes/34728-pittosporum-tenuifolium-gold-star.html
34681-59194;731393;150;20170120;https://www.jardiland.com/plantes/arbres-et-arbustes-d-ornement/plantes-mediterraneennes/autres-plantes-mediterraneennes/34681-pittosporum-tenuifolium.html
34681-18494;596427;150;20170120;https://www.jardiland.com/plantes/arbres-et-arbustes-d-ornement/plantes-mediterraneennes/autres-plantes-mediterraneennes/34681-pittosporum-tenuifolium.html
34682-39537;743122;150;20170120;https://www.jardiland.com/plantes/arbres-et-arbustes-d-ornement/plantes-mediterraneennes/autres-plantes-mediterraneennes/34682-pittospore-du-japon.html
34682-18505;596461;150;20170120;https://www.jardiland.com/plantes/arbres-et-arbustes-d-ornement/plantes-mediterraneennes/autres-plantes-mediterraneennes/34682-pittospore-du-japon.html
34682-18498;596446;150;20170120;https://www.jardiland.com/plantes/arbres-et-arbustes-d-ornement/plantes-mediterraneennes/autres-plantes-mediterraneennes/34682-pittospore-du-japon.html
34815-18269;595015;150;20170120;https://www.jardiland.com/plantes/arbres-et-arbustes-d-ornement/plantes-mediterraneennes/palmiers/34815-phormium-sundowner.html
34686-49274;1292771;150;20170120;https://www.jardiland.com/plantes/arbres-et-arbustes-d-ornement/plantes-mediterraneennes/autres-plantes-mediterraneennes/34686-phillyrea-angustifolia.html
34686-22479;678598;150;20170120;https://www.jardiland.com/plantes/arbres-et-arbustes-d-ornement/plantes-mediterraneennes/autres-plantes-mediterraneennes/34686-phillyrea-angustifolia.html
34803-43660;1459011;150;20170120;https://www.jardiland.com/plantes/arbres-et-arbustes-d-ornement/plantes-mediterraneennes/palmiers/34803-palmier-nain.html
34794-43481;1458509;150;20170120;https://www.jardiland.com/plantes/arbres-et-arbustes-d-ornement/plantes-mediterraneennes/palmiers/34794-palmier-dattier-des-canaries.html
34794-28049;891582;150;20170120;https://www.jardiland.com/plantes/arbres-et-arbustes-d-ornement/plantes-mediterraneennes/palmiers/34794-palmier-dattier-des-canaries.html
34794-20832;635746;150;20170120;https://www.jardiland.com/plantes/arbres-et-arbustes-d-ornement/plantes-mediterraneennes/palmiers/34794-palmier-dattier-des-canaries.html
34736-31086;997929;150;20170120;https://www.jardiland.com/plantes/arbres-et-arbustes-d-ornement/plantes-mediterraneennes/autres-plantes-mediterraneennes/34736-metrosideros.html
34604-52921;997822;150;20170120;https://www.jardiland.com/plantes/arbres-et-arbustes-d-ornement/plantes-mediterraneennes/autres-plantes-mediterraneennes/34604-liseron-de-turquie.html
34642-30378;972380;150;20170120;https://www.jardiland.com/plantes/arbres-et-arbustes-d-ornement/plantes-mediterraneennes/autres-plantes-mediterraneennes/34642-lilas-des-indes-rose.html
34671-40191;952335;150;20170120;https://www.jardiland.com/plantes/arbres-et-arbustes-d-ornement/plantes-mediterraneennes/autres-plantes-mediterraneennes/34671-laurier-sauce.html
34671-20195;626482;150;20170120;https://www.jardiland.com/plantes/arbres-et-arbustes-d-ornement/plantes-mediterraneennes/autres-plantes-mediterraneennes/34671-laurier-sauce.html
34671-17735;591393;150;20170120;https://www.jardiland.com/plantes/arbres-et-arbustes-d-ornement/plantes-mediterraneennes/autres-plantes-mediterraneennes/34671-laurier-sauce.html
34777-54143;1476267;150;20170120;https://www.jardiland.com/plantes/arbres-et-arbustes-d-ornement/plantes-mediterraneennes/laurier-rose/34777-laurier-rose-a-fleurs-simples-roses.html
34780-17398;593447;150;20170120;https://www.jardiland.com/plantes/arbres-et-arbustes-d-ornement/plantes-mediterraneennes/laurier-rose/34780-laurier-rose.html
34623-17247;588309;150;20170120;https://www.jardiland.com/plantes/arbres-et-arbustes-d-ornement/plantes-mediterraneennes/autres-plantes-mediterraneennes/34623-grevillea-rosmarinifolia.html
34607-25716;826435;150;20170120;https://www.jardiland.com/plantes/arbres-et-arbustes-d-ornement/plantes-mediterraneennes/autres-plantes-mediterraneennes/34607-eucalyptus-gunnii.html
34814-50493;1465351;150;20170120;https://www.jardiland.com/plantes/arbres-et-arbustes-d-ornement/plantes-mediterraneennes/palmiers/34814-dragonnier-des-canaries.html
34814-26224;840484;150;20170120;https://www.jardiland.com/plantes/arbres-et-arbustes-d-ornement/plantes-mediterraneennes/palmiers/34814-dragonnier-des-canaries.html
34813-51978;665823;150;20170120;https://www.jardiland.com/plantes/arbres-et-arbustes-d-ornement/plantes-mediterraneennes/palmiers/34813-cycas-du-japon.html
34811-42526;1285144;150;20170120;https://www.jardiland.com/plantes/arbres-et-arbustes-d-ornement/plantes-mediterraneennes/palmiers/34811-cordyline-indivisa.html
34809-43665;1459012;150;20170120;https://www.jardiland.com/plantes/arbres-et-arbustes-d-ornement/plantes-mediterraneennes/palmiers/34809-cordyline-australis.html
34809-40413;978212;150;20170120;https://www.jardiland.com/plantes/arbres-et-arbustes-d-ornement/plantes-mediterraneennes/palmiers/34809-cordyline-australis.html
34809-22878;691236;150;20170120;https://www.jardiland.com/plantes/arbres-et-arbustes-d-ornement/plantes-mediterraneennes/palmiers/34809-cordyline-australis.html
34605-14576;1449351;150;20170120;https://www.jardiland.com/plantes/arbres-et-arbustes-d-ornement/plantes-mediterraneennes/autres-plantes-mediterraneennes/34605-coprosma-lemon-and-lime.html
34592-40307;951637;150;20170120;https://www.jardiland.com/plantes/arbres-et-arbustes-d-ornement/plantes-mediterraneennes/autres-plantes-mediterraneennes/34592-cinnamomum-camphora.html
34571-16196;581908;150;20170120;https://www.jardiland.com/plantes/arbres-et-arbustes-d-ornement/plantes-mediterraneennes/autres-plantes-mediterraneennes/34571-callistemon-rugulosus-laevis.html
34721-26591;853207;150;20170120;https://www.jardiland.com/plantes/arbres-et-arbustes-d-ornement/plantes-mediterraneennes/autres-plantes-mediterraneennes/34721-callistemon-masotti-pbr.html
34721-12235;1389127;150;20170120;https://www.jardiland.com/plantes/arbres-et-arbustes-d-ornement/plantes-mediterraneennes/autres-plantes-mediterraneennes/34721-callistemon-masotti-pbr.html
33590-22984;714865;150;20170120;https://www.jardiland.com/plantes/arbres-et-arbustes-d-ornement/arbres-et-arbustes/prunus/33590-prunus-triloba.html
33562-18696;597526;150;20170120;https://www.jardiland.com/plantes/arbres-et-arbustes-d-ornement/arbres-et-arbustes/potentille/33562-potentilla-fruticosa-mango-tangor-uman-pbr.html
33558-18687;597498;150;20170120;https://www.jardiland.com/plantes/arbres-et-arbustes-d-ornement/arbres-et-arbustes/potentille/33558-potentilla-fruticosa-hopley-s-orange.html
33521-44096;1465041;150;20170120;https://www.jardiland.com/plantes/arbres-et-arbustes-d-ornement/arbres-et-arbustes/photinia/33521-photinia-x-fraseri-pink-marbler-cassini.html
33521-12044;1376311;150;20170120;https://www.jardiland.com/plantes/arbres-et-arbustes-d-ornement/arbres-et-arbustes/photinia/33521-photinia-x-fraseri-pink-marbler-cassini.html
33521-11682;1371688;150;20170120;https://www.jardiland.com/plantes/arbres-et-arbustes-d-ornement/arbres-et-arbustes/photinia/33521-photinia-x-fraseri-pink-marbler-cassini.html
43928-43475;1458839;150;20170120;https://www.jardiland.com/plantes/arbres-et-arbustes-d-ornement/arbres-et-arbustes/photinia/43928-photinia-x-fraseri-robusta-compact.html
33510-18279;595062;150;20170120;https://www.jardiland.com/plantes/arbres-et-arbustes-d-ornement/arbres-et-arbustes/photinia/33510-photinia-x-fraseri-red-robin.html
33651-25074;809996;150;20170120;https://www.jardiland.com/plantes/arbres-et-arbustes-d-ornement/arbres-et-arbustes/seringat/33651-philadelphus-virginalis-minnesota-snowflake.html
33507-18199;594763;150;20170120;https://www.jardiland.com/plantes/arbres-et-arbustes-d-ornement/arbres-et-arbustes/perovskia/33507-perovskia-atriplicifolia.html
33501-29025;925935;150;20170120;https://www.jardiland.com/plantes/arbres-et-arbustes-d-ornement/arbres-et-arbustes/osmanthus/33501-osmanthus-heterophyllus-tricolor.html
33485-16554;584704;150;20170120;https://www.jardiland.com/plantes/arbres-et-arbustes-d-ornement/arbres-et-arbustes/oranger-du-mexique/33485-oranger-du-mexique-sundancer.html
33490-10472;1348942;150;20170120;https://www.jardiland.com/plantes/arbres-et-arbustes-d-ornement/arbres-et-arbustes/oranger-du-mexique/33490-oranger-du-mexique-white-dazzler.html
33482-13275;1403563;150;20170120;https://www.jardiland.com/plantes/arbres-et-arbustes-d-ornement/arbres-et-arbustes/oranger-du-mexique/33482-oranger-du-mexique-aztec-gold.html
33465-17480;589676;150;20170120;https://www.jardiland.com/plantes/arbres-et-arbustes-d-ornement/arbres-et-arbustes/millepertuis/33465-millepertuis-hidcote.html
33465-17479;589675;150;20170120;https://www.jardiland.com/plantes/arbres-et-arbustes-d-ornement/arbres-et-arbustes/millepertuis/33465-millepertuis-hidcote.html
33445-17865;592217;150;20170120;https://www.jardiland.com/plantes/arbres-et-arbustes-d-ornement/arbres-et-arbustes/lonicera/33445-lonicera-tatarica-hack-s-red.html
33447-22923;692588;150;20170120;https://www.jardiland.com/plantes/arbres-et-arbustes-d-ornement/arbres-et-arbustes/lonicera/33447-lonicera-nitida-maigrun.html
33721-17278;588559;150;20170120;https://www.jardiland.com/plantes/arbres-et-arbustes-d-ornement/arbres-et-arbustes/veronique-arbustive/33721-hebe-la-seduisante.html
33226-28196;899385;150;20170120;https://www.jardiland.com/plantes/arbres-et-arbustes-d-ornement/arbres-et-arbustes/forsythia/33226-forsythia-spring-glory.html
33272-12917;1399843;150;20170120;https://www.jardiland.com/plantes/arbres-et-arbustes-d-ornement/arbres-et-arbustes/fusain/33272-euonymus-japonicus-microphyllus-pulchellus.html
33269-23308;702800;150;20170120;https://www.jardiland.com/plantes/arbres-et-arbustes-d-ornement/arbres-et-arbustes/fusain/33269-euonymus-japonicus-microphyllus-aureovariegatus.html
33255-30463;973933;150;20170120;https://www.jardiland.com/plantes/arbres-et-arbustes-d-ornement/arbres-et-arbustes/fusain/33255-euonymus-japonicus-bravo.html
33271-37771;1019807;150;20170120;https://www.jardiland.com/plantes/arbres-et-arbustes-d-ornement/arbres-et-arbustes/fusain/33271-euonymus-fortunei-minimus.html
33221-39685;819959;150;20170120;https://www.jardiland.com/plantes/arbres-et-arbustes-d-ornement/arbres-et-arbustes/escallonia/33221-escallonia-compacta-coccinea.html
33171-11418;1367961;150;20170120;https://www.jardiland.com/plantes/arbres-et-arbustes-d-ornement/arbres-et-arbustes/elaeagnus/33171-eleagnus-ebbingei-viveleg-r.html
33175-16959;586962;150;20170120;https://www.jardiland.com/plantes/arbres-et-arbustes-d-ornement/arbres-et-arbustes/elaeagnus/33175-elaeagnus-x-ebbingei-eleadorr-lannou-pbr.html
33173-54664;960540;150;20170120;https://www.jardiland.com/plantes/arbres-et-arbustes-d-ornement/arbres-et-arbustes/elaeagnus/33173-elaeagnus-x-ebbingei.html
33165-29637;952051;150;20170120;https://www.jardiland.com/plantes/arbres-et-arbustes-d-ornement/arbres-et-arbustes/deutzia/33165-deutzia-x-magnifica.html
33286-16879;586633;150;20170120;https://www.jardiland.com/plantes/arbres-et-arbustes-d-ornement/arbres-et-arbustes/genet/33286-cytisus.html
33154-16782;586218;150;20170120;https://www.jardiland.com/plantes/arbres-et-arbustes-d-ornement/arbres-et-arbustes/cotoneaster/33154-cotoneaster-x-suecicus-skogholm.html
33149-54260;877640;150;20170120;https://www.jardiland.com/plantes/arbres-et-arbustes-d-ornement/arbres-et-arbustes/cotoneaster/33149-cotoneaster-microphyllus.html
33143-16507;586089;150;20170120;https://www.jardiland.com/plantes/arbres-et-arbustes-d-ornement/arbres-et-arbustes/cotoneaster/33143-cotoneaster-dammeri-major-var-radicans.html
33142-16735;586081;150;20170120;https://www.jardiland.com/plantes/arbres-et-arbustes-d-ornement/arbres-et-arbustes/cotoneaster/33142-cotoneaster-dammeri.html
33487-21895;674332;150;20170120;https://www.jardiland.com/plantes/arbres-et-arbustes-d-ornement/arbres-et-arbustes/oranger-du-mexique/33487-choisya-aztec-pearl.html
33039-28522;916143;150;20170120;https://www.jardiland.com/plantes/arbres-et-arbustes-d-ornement/arbres-et-arbustes/buddleia/33039-buddleja.html
32960-21404;647590;150;20170120;https://www.jardiland.com/plantes/arbres-et-arbustes-d-ornement/arbres-et-arbustes/aubepine/32960-aubepine-plena.html
32924-54350;739968;150;20170120;https://www.jardiland.com/plantes/arbres-et-arbustes-d-ornement/arbres-et-arbustes/abelia/32924-abelia-x-grandiflora-confettir-conti-pbr.html
32926-15837;578618;150;20170120;https://www.jardiland.com/plantes/arbres-et-arbustes-d-ornement/arbres-et-arbustes/abelia/32926-abelia-x-grandiflora-prostrata.html
