ID_WEB;ID_JDN;CODEMAG;DATE_ASPI;URLPRODUIT
56811-56811;1427925;126;20170117;https://www.jardiland.com/maison-deco/epicerie-fine/epicerie-sucree/confiserie/56811-bonbonniere-oursons-guimauve-3-chocolats.html
52664-52664;1433578;126;20170117;https://www.jardiland.com/maison-deco/art-de-la-table/vaisselle/bouteille-et-carafe/52664-cruche-en-verre-avec-relief.html
41089-41089;1427658;126;20170117;https://www.jardiland.com/maison-deco/art-de-la-table/vaisselle/coffret-cadeau/41089-coffret-tea-time.html
52823-52823;1383580;126;20170117;https://www.jardiland.com/maison-deco/art-de-la-table/vaisselle/plat-de-service/52823-coffret-de-2-plats-rectangulaires-cage-oiseau.html
52759-52759;1392283;126;20170117;https://www.jardiland.com/maison-deco/art-de-la-table/vaisselle/tasse-bol-et-mug/52759-coffret-2-mugs-oiseaux.html
52570-52570;1456686;126;20170117;https://www.jardiland.com/maison-deco/art-de-la-table/vaisselle/autres/52570-cave-a-saucisson-en-hetre-laguiole.html
46802-46802;1424452;126;20170117;https://www.jardiland.com/maison-deco/cache-pot-d-interieur/cache-pot-simple/pot-special-orchidee-et-accessoires/46802-vase-fushia-melrose.html
48338-48338;1433616;126;20170117;https://www.jardiland.com/maison-deco/cache-pot-d-interieur/cache-pot-simple/zinc/48338-nid-de-salim-pm.html
46800-46800;1424454;126;20170117;https://www.jardiland.com/maison-deco/cache-pot-d-interieur/cache-pot-simple/ceramique/46800-cache-pot-melrose-fuschia-3-302-l.html
46601-46601;1424432;126;20170117;https://www.jardiland.com/maison-deco/cache-pot-d-interieur/cache-pot-simple/ceramique/46601-cache-pot-anthracite-2-1-l.html
3388-3388;1424093;126;20170117;https://www.jardiland.com/maison-deco/librairie-papeterie/librairie/livre-cuisine-et-vin/3388-livre-super-plancha.html
60094-60094;1470424;126;20170117;https://www.jardiland.com/maison-deco/cheminee/accessoires-de-cheminee/accessoires/60094-gant-anti-chaleur-mano.html
3453-3453;1434268;126;20170117;https://www.jardiland.com/maison-deco/objets-de-decoration/autres-objets-de-decoration/fruit-et-legume-artificiel/3453-pomme-bleu-clair-o-7o5-cm.html
3451-3451;1434266;126;20170117;https://www.jardiland.com/maison-deco/objets-de-decoration/autres-objets-de-decoration/fruit-et-legume-artificiel/3451-pomme-bleu-clair-o-6o5-cm.html
3482-3482;1434270;126;20170117;https://www.jardiland.com/maison-deco/objets-de-decoration/autres-objets-de-decoration/fruit-et-legume-artificiel/3482-pomme-bleu-clair-o-14-cm.html
56701-56701;1469546;126;20170117;https://www.jardiland.com/maison-deco/objets-de-decoration/autres-objets-de-decoration/autres-objets-de-decoration/56701-mangeoire-pour-oiseaux.html
1900-1900;1325802;126;20170117;https://www.jardiland.com/maison-deco/objets-de-decoration/cadres-tableaux-et-stickers/cadre-et-tableau/1900-toile-imprimee-fleurs-grises-et-blanches.html
3273-3273;1410239;126;20170117;https://www.jardiland.com/maison-deco/objets-de-decoration/figurines-et-peluches/figurine/3273-renne-a-poser-ha-28-cm.html
58529-58529;1453878;126;20170117;https://www.jardiland.com/maison-deco/objets-de-decoration/coussins-et-plaids/plaid/58529-plaid-motif-ecossais.html
1723-1723;1351518;126;20170117;https://www.jardiland.com/maison-deco/objets-de-decoration/plantes-artificielles/tige-fleurie/1723-lotus-orange-artificiel.html
1724-1724;1351585;126;20170117;https://www.jardiland.com/maison-deco/objets-de-decoration/plantes-artificielles/tige-fleurie/1724-lotus-blanc-artificiel.html
52698-52698;1432942;126;20170117;https://www.jardiland.com/maison-deco/objets-de-decoration/vases-coupes-et-accessoires/pot-et-coupe/52698-pot-rond-blanc-12-5-cm.html
52699-52699;1432941;126;20170117;https://www.jardiland.com/maison-deco/objets-de-decoration/vases-coupes-et-accessoires/pot-et-coupe/52699-pot-rond-blanc-11-cm.html
52728-52728;1417064;126;20170117;https://www.jardiland.com/maison-deco/objets-de-decoration/vases-coupes-et-accessoires/pot-et-coupe/52728-couronne-a-planter-pm.html
51571-51571;1417066;126;20170117;https://www.jardiland.com/maison-deco/objets-de-decoration/vases-coupes-et-accessoires/pot-et-coupe/51571-couronne-a-planter-gm.html
14144-14144;1429472;126;20170117;https://www.jardiland.com/maison-deco/objets-de-decoration/bougies-et-senteurs/support-et-accessoires/14144-table-en-aluminium-naples-200-300cm.html
32918-9937;1320691;126;20170117;https://www.jardiland.com/maison-deco/objets-de-decoration/bougies-et-senteurs/parfum-d-ambiance-diffuseur-a-froid/32918-parfum-goatier-cocoon.html
32918-9936;1320689;126;20170117;https://www.jardiland.com/maison-deco/objets-de-decoration/bougies-et-senteurs/parfum-d-ambiance-diffuseur-a-froid/32918-parfum-goatier-cocoon.html
50815-41364;1408570;126;20170117;https://www.jardiland.com/maison-deco/objets-de-decoration/bougies-et-senteurs/diffuseur-de-parfum-et-recharge/50815-coffret-plisse-lampe-berger.html
32905-28142;897223;126;20170117;https://www.jardiland.com/maison-deco/objets-de-decoration/bougies-et-senteurs/bougie-non-parfumee/32905-bougie-trempee-o8-cm.html
1980-1980;1343086;126;20170117;https://www.jardiland.com/maison-deco/objets-de-decoration/bougies-et-senteurs/bougie-parfumee/1980-bougie-parfumee-pivoine-ecarlate.html
52717-52717;1432919;126;20170117;https://www.jardiland.com/maison-deco/objets-de-decoration/bougeoirs-photophores-et-lanternes/lanterne/52717-photophore-jaune.html
58507-58507;1454223;126;20170117;https://www.jardiland.com/maison-deco/objets-de-decoration/bougeoirs-photophores-et-lanternes/lanterne/58507-lanterne-en-verre-et-metal-17-17-24e5-cm.html
3368-3368;1414637;126;20170117;https://www.jardiland.com/maison-deco/objets-de-decoration/bougeoirs-photophores-et-lanternes/bougeoir-et-photophore-deco/3368-bougeoir-rond-norah-o-12o5-cm-argente.html
3367-3367;1414636;126;20170117;https://www.jardiland.com/maison-deco/objets-de-decoration/bougeoirs-photophores-et-lanternes/bougeoir-et-photophore-deco/3367-bougeoir-rond-norah-couleur-argent-o-9o5-cm.html
2982-2982;1435908;126;20170117;https://www.jardiland.com/animaux/oiseau-de-la-nature/mangeoire-et-distributeur/2982-distributeur-de-friandise-vers-de-farine.html
32273-58712;941796;126;20170117;https://www.jardiland.com/animaux/oiseau/alimentation-et-friandises/alimentation-quotidienne/32273-menu-prestige-grande-perruche.html
3514-3514;537777;126;20170117;https://www.jardiland.com/animaux/poisson/materiel-chauffage-filtres-et-pompes/masse-de-filtration/3514-cartouche-charbon-pour-pompe-mcf-40-70-1.html
52608-52608;1448422;126;20170117;https://www.jardiland.com/animaux/basse-cour/poulaillers-clapiers-et-accessoires/mangeoire-et-abreuvoir/52608-mangeoire-volailles-lineaire-pvc.html
1650-1650;1371018;126;20170117;https://www.jardiland.com/animaux/rongeurs-et-petits-mammiferes/jouets-et-exercices/roue-tube-et-autres-accessoires-de-jeux/1650-bois-a-ronger-petit-modele-monster.html
32122-26278;842298;126;20170117;https://www.jardiland.com/animaux/chien/colliers-laisses-et-vetements/pull-pour-chien/32122-pull-basic-pour-chien.html
50853-50526;1405244;126;20170117;https://www.jardiland.com/animaux/chien/colliers-laisses-et-vetements/laisse-pour-chien/50853-laisse-retractable-cordon-new-classic-bleu.html
50831-50417;1434719;126;20170117;https://www.jardiland.com/animaux/chien/colliers-laisses-et-vetements/laisse-pour-chien/50831-laisse-nylon-1m.html
32103-23868;743668;126;20170117;https://www.jardiland.com/animaux/chien/colliers-laisses-et-vetements/manteau-pour-chien/32103-imper-basic-pour-chien.html
54388-54107;1434691;126;20170117;https://www.jardiland.com/animaux/chien/colliers-laisses-et-vetements/harnais/54388-harnais-nylon-reglable.html
32110-12577;1394653;126;20170117;https://www.jardiland.com/animaux/chien/colliers-laisses-et-vetements/manteau-pour-chien/32110-doudoune-pour-chien.html
32044-12278;1380449;126;20170117;https://www.jardiland.com/animaux/chien/colliers-laisses-et-vetements/collier-pour-chien/32044-collier-lumineux-pour-chien-xl.html
32044-12277;1380448;126;20170117;https://www.jardiland.com/animaux/chien/colliers-laisses-et-vetements/collier-pour-chien/32044-collier-lumineux-pour-chien-xl.html
32041-12230;1380437;126;20170117;https://www.jardiland.com/animaux/chien/colliers-laisses-et-vetements/collier-pour-chien/32041-collier-lumineux-pour-chien-s.html
32043-12255;1380443;126;20170117;https://www.jardiland.com/animaux/chien/colliers-laisses-et-vetements/collier-pour-chien/32043-collier-lumineux-pour-chien-l.html
32240-22015;660335;126;20170117;https://www.jardiland.com/animaux/chien/niches-couchage-et-transport/tapis/32240-coussin-plat-kilt.html
1498-1498;1305863;126;20170117;https://www.jardiland.com/amenagement-du-jardin/loisirs-plein-air/jouets/1498-figurine-chameau-de-bactriane.html
2153-2153;1360636;126;20170117;https://www.jardiland.com/amenagement-du-jardin/decorations/autres-decorations/2153-tuteur-anthracite-chat.html
2042-2042;1349587;126;20170117;https://www.jardiland.com/amenagement-du-jardin/pots-bacs-jardinieres-et-supports/tuteurs-et-supports-de-plante/tuteur/2042-topiaire-gabarit-canard.html
2253-2253;1372466;126;20170117;https://www.jardiland.com/amenagement-du-jardin/pots-bacs-jardinieres-et-supports/tuteurs-et-supports-de-plante/roule-pot/2253-roule-pot-antik-en-fonte-o-29-cm.html
1455-1455;1302646;126;20170117;https://www.jardiland.com/amenagement-du-jardin/pots-bacs-jardinieres-et-supports/tuteurs-et-supports-de-plante/treillage/1455-panneau-de-bamboo-oval-panel.html
40520-39198;645179;126;20170117;https://www.jardiland.com/amenagement-du-jardin/pots-bacs-jardinieres-et-supports/en-email/40520-vase-ceruse-anduze.html
40521-38141;1349235;126;20170117;https://www.jardiland.com/amenagement-du-jardin/pots-bacs-jardinieres-et-supports/en-email/40521-pot-en-email-pessac.html
31464-10744;1352356;126;20170117;https://www.jardiland.com/amenagement-du-jardin/pots-bacs-jardinieres-et-supports/en-email/31464-pot-en-email-austral.html
31473-8968;1293276;126;20170117;https://www.jardiland.com/amenagement-du-jardin/pots-bacs-jardinieres-et-supports/en-email/31473-boule-en-email-lisse.html
31506-22953;692877;126;20170117;https://www.jardiland.com/amenagement-du-jardin/pots-bacs-jardinieres-et-supports/en-fibre/31506-pot-rond-en-fibre-washington-blanc.html
31593-22953;692877;126;20170117;https://www.jardiland.com/amenagement-du-jardin/pots-bacs-jardinieres-et-supports/en-terre-cuite/31593-soucoupe-en-terre-cuite-impermeable-antica.html
2990-2990;1403375;126;20170117;https://www.jardiland.com/amenagement-du-jardin/pots-bacs-jardinieres-et-supports/en-terre-cuite/2990-pot-en-terre-cuite-o-41-cabanon-deroma.html
31527-9133;1292107;126;20170117;https://www.jardiland.com/amenagement-du-jardin/pots-bacs-jardinieres-et-supports/en-plastique/31527-soucoupe-en-plastique-san-remo.html
31527-9131;1292105;126;20170117;https://www.jardiland.com/amenagement-du-jardin/pots-bacs-jardinieres-et-supports/en-plastique/31527-soucoupe-en-plastique-san-remo.html
31572-11205;1360603;126;20170117;https://www.jardiland.com/amenagement-du-jardin/pots-bacs-jardinieres-et-supports/en-plastique/31572-soucoupe-en-plastique-romeo.html
31543-6773;1017888;126;20170117;https://www.jardiland.com/amenagement-du-jardin/pots-bacs-jardinieres-et-supports/en-plastique/31543-pot-cylindro-design-rotomoule.html
2065-2065;1350670;126;20170117;https://www.jardiland.com/amenagement-du-jardin/barbecues-cuisine-exterieur/autres/accessoires-de-barbecue/2065-desserte-pliante-en-bois.html
2573-2573;1394560;126;20170117;https://www.jardiland.com/amenagement-du-jardin/barbecues-cuisine-exterieur/autres/combustible/2573-cubes-allume-feu.html
42123-42123;1352009;126;20170117;https://www.jardiland.com/amenagement-du-jardin/barbecues-cuisine-exterieur/autres/accessoires-de-barbecue/42123-chariot-pour-barbecue-deluxe-weber-q-2000-1.html
588-588;1250921;126;20170117;https://www.jardiland.com/amenagement-du-jardin/barbecues-cuisine-exterieur/autres/accessoires-de-barbecue/588-boule-de-laine-inox-avec-poignee.html
2574-2574;1394561;126;20170117;https://www.jardiland.com/amenagement-du-jardin/barbecues-cuisine-exterieur/autres/combustible/2574-allume-feu-laine-de-bois.html
31297-29712;964648;126;20170117;https://www.jardiland.com/amenagement-du-jardin/eclairage-et-chauffage-d-exterieur/bougies-d-exterieur/31297-huile-vegetale-parfumee-lelia.html
36648-36648;1429520;126;20170117;https://www.jardiland.com/amenagement-du-jardin/eclairage-et-chauffage-d-exterieur/eclairage-solaire/36648-luminaire-carillon-hibou.html
2714-2714;1397847;126;20170117;https://www.jardiland.com/amenagement-du-jardin/eclairage-et-chauffage-d-exterieur/eclairage-solaire/2714-lanterne-solaire-lumi.html
31302-12779;1397838;126;20170117;https://www.jardiland.com/amenagement-du-jardin/eclairage-et-chauffage-d-exterieur/eclairage-solaire/31302-lanterne-solaire-coloree.html
31354-10974;1360102;126;20170117;https://www.jardiland.com/amenagement-du-jardin/mobilier-de-jardin/mobilier-enfant/table/31354-table-en-metal-pour-enfant.html
31336-14122;1428051;126;20170117;https://www.jardiland.com/amenagement-du-jardin/mobilier-de-jardin/bains-de-soleil-et-hamacs/banc/31336-banc-louisiane.html
58310-58310;577241;126;20170117;https://www.jardiland.com/jardinage/bricolage-droguerie/insecticides-menagers/insecticide-volant-et-rampant/58310-piege-a-guepes-pomme.html
2474-2474;1384408;126;20170117;https://www.jardiland.com/jardinage/semis-protections-et-accessoires-de-jardinage/appareils-de-mesure/station-meteo/2474-station-meteo-quadro.html
41034-41034;803266;126;20170117;https://www.jardiland.com/jardinage/arrosage/tuyaux-devidoirs-lances-et-pistolets/raccord/41034-nez-de-robinet-15x21-1.html
54696-54696;576409;126;20170118;https://www.jardiland.com/jardinage/arrosage/arrosoirs/54696-arrosoir-donna-2-l.html
3099-3099;1404730;126;20170118;https://www.jardiland.com/jardinage/outils-et-materiel-du-jardinier/grands-outils-de-jardin/autres-grands-outils/3099-scarificateur-manuel-sur-roue.html
32742-11967;1375039;126;20170118;https://www.jardiland.com/jardinage/equipement-du-jardinier/gants/32742-gants-de-jardin-pour-rosiers.html
32742-11531;1375038;126;20170118;https://www.jardiland.com/jardinage/equipement-du-jardinier/gants/32742-gants-de-jardin-pour-rosiers.html
405-405;1224608;126;20170118;https://www.jardiland.com/jardinage/entretien-et-traitements/engrais/engrais-pour-arbres-et-fleurs-du-jardin/405-engrais-rosiers-et-arbustes-a-fleurs-uab-jardiland.html
5999-24678;803509;126;20170118;https://www.jardiland.com/jardinage/entretien-et-traitements/engrais/engrais-pour-arbres-et-fleurs-du-jardin/5999-engrais-coniferes-et-arbres-jardiland.html
4692-4692;577368;126;20170118;https://www.jardiland.com/jardinage/paillage-et-amendement/amendement/fumier/4692-fumier-de-ferme.html
2256-2256;1372583;126;20170118;https://www.jardiland.com/jardinage/terreau/terreau-pour-jardin-et-potager/terreau-pour-plantes-de-terre-de-bruyere/2256-terreau-pro-bruyeres.html
55134-55134;1476273;126;20170118;https://www.jardiland.com/plantes/plantes-artificielles/plantes-artificielles/tige-fleurie/55134-figuier-sultane.html
40018-40018;876979;126;20170118;https://www.jardiland.com/plantes/plantes-artificielles/plantes-artificielles/fruit-et-legume/40018-cognassier-a-fleurs-rubra.html
35589-28606;917977;126;20170118;https://www.jardiland.com/plantes/plantes-d-interieur/bonsais/ficus/35589-ficus-ginseng.html
36125-42579;1338454;126;20170118;https://www.jardiland.com/plantes/plantes-d-interieur/plantes-vertes/zamioculcas/36125-zamioculcas-zamiifolia.html
36066-45825;817690;126;20170118;https://www.jardiland.com/plantes/plantes-d-interieur/plantes-vertes/nolina-beaucarnea/36066-pied-d-elephant.html
36068-22750;687479;126;20170118;https://www.jardiland.com/plantes/plantes-d-interieur/plantes-vertes/pachira/36068-pachira-aquatica.html
36059-21280;642803;126;20170118;https://www.jardiland.com/plantes/plantes-d-interieur/plantes-vertes/nephrolepis/36059-nephrolepis-exaltata-bostoniensis.html
36026-28124;896632;126;20170118;https://www.jardiland.com/plantes/plantes-d-interieur/plantes-vertes/fittonia/36026-fittonia.html
35943-28003;888924;126;20170118;https://www.jardiland.com/plantes/plantes-d-interieur/plantes-vertes/croton/35943-croton.html
35896-24651;808773;126;20170118;https://www.jardiland.com/plantes/plantes-d-interieur/plantes-vertes/autres-plantes-vertes/35896-ardisia-crenata.html
46655-46655;1253025;126;20170118;https://www.jardiland.com/plantes/graines-et-gazon/gazon-et-prairies-fleuries/prairie-fleurie/46655-melange-pour-massifs-medieval.html
46659-46659;1253013;126;20170118;https://www.jardiland.com/plantes/graines-et-gazon/gazon-et-prairies-fleuries/prairie-fleurie/46659-melange-massif-reflet-des-pres-25-me.html
788-788;1308350;126;20170118;https://www.jardiland.com/plantes/graines-et-gazon/graines-ludiques-et-kits/kits-pour-enfants/788-tete-a-pot-cochon.html
53722-53722;1404569;126;20170118;https://www.jardiland.com/plantes/graines-et-gazon/graines-ludiques-et-kits/kits-pour-enfants/53722-pot-de-graines-persil-bio.html
53723-53723;1404568;126;20170118;https://www.jardiland.com/plantes/graines-et-gazon/graines-ludiques-et-kits/kits-pour-enfants/53723-pot-de-graines-basilic-bio.html
1571-1571;1308370;126;20170118;https://www.jardiland.com/plantes/graines-et-gazon/graines-ludiques-et-kits/kits-pour-enfants/1571-mini-bus-flower-power-capucine.html
53825-53825;1251483;126;20170118;https://www.jardiland.com/plantes/graines-et-gazon/graines-ludiques-et-kits/kits-pour-enfants/53825-courge-decorative-serpentine.html
4134-4134;565245;126;20170118;https://www.jardiland.com/plantes/graines-et-gazon/graines-de-fleurs/fleurs-annuelles/4134-pourpier-a-grande-fleur-simple-en-melange.html
4131-4131;565232;126;20170118;https://www.jardiland.com/plantes/graines-et-gazon/graines-de-fleurs/fleurs-annuelles/4131-petunia-nain-etoile-varie.html
978-978;1253001;126;20170118;https://www.jardiland.com/plantes/graines-et-gazon/graines-de-fleurs/melange-mixte/978-melange-pour-coccinelles-8-me.html
1615-1615;1313525;126;20170118;https://www.jardiland.com/plantes/graines-et-gazon/graines-de-fleurs/fleurs-annuelles/1615-lupin-annuel-sunrise.html
53389-53389;688967;126;20170118;https://www.jardiland.com/plantes/graines-et-gazon/graines-de-fleurs/fleurs-annuelles/53389-ipomee-cardinal-climber.html
4218-4218;565438;126;20170118;https://www.jardiland.com/plantes/graines-et-gazon/graines-de-fleurs/fleurs-annuelles/4218-geranium-a-grandes-fleurs-variees.html
4177-4177;565351;126;20170118;https://www.jardiland.com/plantes/graines-et-gazon/graines-de-fleurs/fleurs-vivaces/4177-delphinium-pacific-geant.html
4176-4176;565348;126;20170118;https://www.jardiland.com/plantes/graines-et-gazon/graines-de-fleurs/fleurs-annuelles/4176-dahlia-opera-double-nain-varie.html
4165-4165;565317;126;20170118;https://www.jardiland.com/plantes/graines-et-gazon/graines-de-fleurs/fleurs-annuelles/4165-capucine-demi-haute-gleam-hybrids.html
4145-4145;565263;126;20170118;https://www.jardiland.com/plantes/graines-et-gazon/graines-de-fleurs/fleurs-vivaces/4145-belle-de-nuit-variee.html
3898-3898;564730;126;20170118;https://www.jardiland.com/plantes/graines-et-gazon/graines-potageres-et-aromatiques/tomates-piments-poivrons-aubergines/3898-tomate-sainte-lucie-bio.html
1511-1511;1306984;126;20170118;https://www.jardiland.com/plantes/graines-et-gazon/graines-potageres-et-aromatiques/tomates-piments-poivrons-aubergines/1511-tomate-gardener-s-delight-bio.html
925-925;1252142;126;20170118;https://www.jardiland.com/plantes/graines-et-gazon/graines-potageres-et-aromatiques/salades/925-laitue-grosse-blonde-d-hiver.html
35584-38644;566084;126;20170118;https://www.jardiland.com/plantes/graines-et-gazon/graines-potageres-et-aromatiques/haricots/35584-haricot-nain-sans-fil-divinel.html
736-736;1251739;126;20170118;https://www.jardiland.com/plantes/graines-et-gazon/graines-potageres-et-aromatiques/courges-melons/736-concombre-gador-hybride-f1-1.html
35500-26939;865051;126;20170118;https://www.jardiland.com/plantes/bulbes-et-pommes-de-terre/pommes-de-terre-et-tubercules/pommes-de-terre/35500-pomme-de-terre-franceline-sac.html
35486-24918;808471;126;20170118;https://www.jardiland.com/plantes/bulbes-et-pommes-de-terre/pommes-de-terre-et-tubercules/pommes-de-terre/35486-pomme-de-terre-annabelle-sac.html
35486-24917;808469;126;20170118;https://www.jardiland.com/plantes/bulbes-et-pommes-de-terre/pommes-de-terre-et-tubercules/pommes-de-terre/35486-pomme-de-terre-annabelle-sac.html
56640-56640;1470827;126;20170118;https://www.jardiland.com/plantes/bulbes-et-pommes-de-terre/bulbes-a-fleurs/crocus/56640-crocus-botanique-cream-beauty.html
36549-59431;966957;126;20170118;https://www.jardiland.com/plantes/potager-et-verger/fruitiers/vigne/36549-vigne-chasselas-rose.html
42081-59405;1015754;126;20170118;https://www.jardiland.com/plantes/potager-et-verger/fruitiers/pommier/42081-pommier-reinette-clochard.html
45954-22058;684863;126;20170118;https://www.jardiland.com/plantes/potager-et-verger/fruitiers/pommier/45954-pommier-golden-delicious.html
34524-57621;719903;126;20170118;https://www.jardiland.com/plantes/potager-et-verger/fruitiers/kumquat/34524-kumquat-ovale.html
36428-55134;1476273;126;20170118;https://www.jardiland.com/plantes/potager-et-verger/fruitiers/figuier/36428-figuier-sultane.html
42013-17154;587898;126;20170118;https://www.jardiland.com/plantes/potager-et-verger/fruitiers/figuier/42013-figuier-rouge-de-bordeaux.html
36432-24435;746790;126;20170118;https://www.jardiland.com/plantes/potager-et-verger/fruitiers/figuier/36432-figuier-ronde-de-bordeaux.html
41998-16249;583679;126;20170118;https://www.jardiland.com/plantes/potager-et-verger/fruitiers/cerisier/41998-cerisier-bigarreau-coeur-de-pigeon.html
41982-12891;1398970;126;20170118;https://www.jardiland.com/plantes/potager-et-verger/fruitiers/amandier/41982-amandier-princesse.html
33925-16520;584126;126;20170118;https://www.jardiland.com/plantes/arbres-et-arbustes-d-ornement/coniferes/chamaecyparis/33925-cypres-de-lawson-ellwoodii.html
33922-60325;1483843;126;20170118;https://www.jardiland.com/plantes/arbres-et-arbustes-d-ornement/coniferes/chamaecyparis/33922-chamaecyparis-lawsoniana-columnaris.html
33798-55631;1472373;126;20170118;https://www.jardiland.com/plantes/arbres-et-arbustes-d-ornement/bambous/fargesia/33798-bambou-fargesia-murieliae-rufa.html
33880-12965;1400245;126;20170118;https://www.jardiland.com/plantes/arbres-et-arbustes-d-ornement/buis-et-topiaires/photinia-en-topiaire/33880-photinia-x-fraseri-red-robin.html
33847-40305;950680;126;20170118;https://www.jardiland.com/plantes/arbres-et-arbustes-d-ornement/buis-et-topiaires/buis/33847-buis-commun.html
33847-27525;875975;126;20170118;https://www.jardiland.com/plantes/arbres-et-arbustes-d-ornement/buis-et-topiaires/buis/33847-buis-commun.html
34449-51759;1448700;126;20170118;https://www.jardiland.com/plantes/arbres-et-arbustes-d-ornement/plantes-grimpantes/hortensia-grimpant/34449-hortensia-grimpant-petiolaris.html
34384-14068;1426740;126;20170118;https://www.jardiland.com/plantes/arbres-et-arbustes-d-ornement/plantes-grimpantes/clematite/34384-clematite-a-grandes-fleurs.html
34407-14088;1427206;126;20170118;https://www.jardiland.com/plantes/arbres-et-arbustes-d-ornement/plantes-grimpantes/clematite/34407-clematite-jackmanii-superba.html
34347-6338;1010057;126;20170118;https://www.jardiland.com/plantes/arbres-et-arbustes-d-ornement/plantes-grimpantes/bignone/34347-bignone-radicans.html
41606-47381;1465116;126;20170118;https://www.jardiland.com/plantes/arbres-et-arbustes-d-ornement/rosiers/rosiers-buissons/41606-rosier-michelangelor-meitelov-grandes-fleurs.html
41600-21177;641298;126;20170118;https://www.jardiland.com/plantes/arbres-et-arbustes-d-ornement/rosiers/rosiers-buissons/41600-rosier-le-grand-huitr-adahuin-grandes-fleurs.html
41745-45839;712725;126;20170118;https://www.jardiland.com/plantes/arbres-et-arbustes-d-ornement/rosiers/rosiers-buissons/41745-rosier-hommage-a-barbarar-delchifrou-grandes-fleurs.html
41804-14611;1442393;126;20170118;https://www.jardiland.com/plantes/arbres-et-arbustes-d-ornement/rosiers/rosiers-couvre-sols/41804-rosier-decorosiersr-emerar-noatraum.html
34321-26100;837686;126;20170118;https://www.jardiland.com/plantes/arbres-et-arbustes-d-ornement/plantes-de-terre-de-bruyere/rhododendron/34321-rhododendron-mucronulatum.html
41584-12524;1389891;126;20170118;https://www.jardiland.com/plantes/arbres-et-arbustes-d-ornement/plantes-de-terre-de-bruyere/rhododendron/41584-rhododendron.html
41579-25926;831642;126;20170118;https://www.jardiland.com/plantes/arbres-et-arbustes-d-ornement/plantes-de-terre-de-bruyere/magnolia/41579-magnolia-grandiflora.html
34241-14159;1429746;126;20170118;https://www.jardiland.com/plantes/arbres-et-arbustes-d-ornement/plantes-de-terre-de-bruyere/loropetalum/34241-loropetale-de-chine-fire-dance.html
41575-17365;589300;126;20170118;https://www.jardiland.com/plantes/arbres-et-arbustes-d-ornement/plantes-de-terre-de-bruyere/hortensia/41575-hortensia-a-grandes-feuilles-rose.html
34171-21085;636292;126;20170118;https://www.jardiland.com/plantes/arbres-et-arbustes-d-ornement/plantes-de-terre-de-bruyere/hortensia/34171-hortensia-rosita.html
41567-9428;1299968;126;20170118;https://www.jardiland.com/plantes/arbres-et-arbustes-d-ornement/plantes-de-terre-de-bruyere/erable-du-japon/41567-erable-du-japon.html
34824-13394;1407102;126;20170118;https://www.jardiland.com/plantes/arbres-et-arbustes-d-ornement/plantes-mediterraneennes/palmiers/34824-yucca-filamentosa-bright-edge.html
34845-43661;1458513;126;20170118;https://www.jardiland.com/plantes/arbres-et-arbustes-d-ornement/plantes-mediterraneennes/palmiers/34845-palmier-nain-vulcano.html
34803-43659;1417487;126;20170118;https://www.jardiland.com/plantes/arbres-et-arbustes-d-ornement/plantes-mediterraneennes/palmiers/34803-palmier-nain.html
34803-38721;584558;126;20170118;https://www.jardiland.com/plantes/arbres-et-arbustes-d-ornement/plantes-mediterraneennes/palmiers/34803-palmier-nain.html
34803-16546;584542;126;20170118;https://www.jardiland.com/plantes/arbres-et-arbustes-d-ornement/plantes-mediterraneennes/palmiers/34803-palmier-nain.html
34854-55874;1458752;126;20170118;https://www.jardiland.com/plantes/arbres-et-arbustes-d-ornement/plantes-mediterraneennes/palmiers/34854-palmier-miniature-de-chusan.html
34792-23262;700276;126;20170118;https://www.jardiland.com/plantes/arbres-et-arbustes-d-ornement/plantes-mediterraneennes/palmiers/34792-palmier-arbre-a-laque.html
34777-13574;1405860;126;20170118;https://www.jardiland.com/plantes/arbres-et-arbustes-d-ornement/plantes-mediterraneennes/laurier-rose/34777-laurier-rose-a-fleurs-simples-roses.html
34784-21670;653144;126;20170118;https://www.jardiland.com/plantes/arbres-et-arbustes-d-ornement/plantes-mediterraneennes/laurier-rose/34784-laurier-rose-a-fleurs-saumon.html
34783-18058;593696;126;20170118;https://www.jardiland.com/plantes/arbres-et-arbustes-d-ornement/plantes-mediterraneennes/laurier-rose/34783-laurier-rose-a-fleurs-rouges.html
34780-47011;1438061;126;20170118;https://www.jardiland.com/plantes/arbres-et-arbustes-d-ornement/plantes-mediterraneennes/laurier-rose/34780-laurier-rose.html
34813-23405;711298;126;20170118;https://www.jardiland.com/plantes/arbres-et-arbustes-d-ornement/plantes-mediterraneennes/palmiers/34813-cycas-du-japon.html
34807-37913;1267786;126;20170118;https://www.jardiland.com/plantes/arbres-et-arbustes-d-ornement/plantes-mediterraneennes/palmiers/34807-cordyline-australis-red-star.html
34809-25165;811959;126;20170118;https://www.jardiland.com/plantes/arbres-et-arbustes-d-ornement/plantes-mediterraneennes/palmiers/34809-cordyline-australis.html
34552-7577;1236555;126;20170118;https://www.jardiland.com/plantes/arbres-et-arbustes-d-ornement/plantes-mediterraneennes/autres-plantes-mediterraneennes/34552-callistemon-viminalis.html
34571-26347;845442;126;20170118;https://www.jardiland.com/plantes/arbres-et-arbustes-d-ornement/plantes-mediterraneennes/autres-plantes-mediterraneennes/34571-callistemon-rugulosus-laevis.html
34555-44769;1429701;126;20170118;https://www.jardiland.com/plantes/arbres-et-arbustes-d-ornement/plantes-mediterraneennes/autres-plantes-mediterraneennes/34555-callistemon-masotti-mini-red.html
34745-26796;863915;126;20170118;https://www.jardiland.com/plantes/arbres-et-arbustes-d-ornement/plantes-mediterraneennes/autres-plantes-mediterraneennes/34745-bougainvillier-varie.html
34610-55287;1475596;126;20170118;https://www.jardiland.com/plantes/arbres-et-arbustes-d-ornement/plantes-mediterraneennes/autres-plantes-mediterraneennes/34610-aralia-du-japon.html
33764-25418;818040;126;20170118;https://www.jardiland.com/plantes/arbres-et-arbustes-d-ornement/arbres-et-arbustes/vitex/33764-vitex-agnus-castus-f-latifolia.html
33367-14186;1429781;126;20170118;https://www.jardiland.com/plantes/arbres-et-arbustes-d-ornement/arbres-et-arbustes/laurier-palme/33367-prunus-laurocerasus-novita.html
33367-7729;1244850;126;20170118;https://www.jardiland.com/plantes/arbres-et-arbustes-d-ornement/arbres-et-arbustes/laurier-palme/33367-prunus-laurocerasus-novita.html
33534-7271;1224581;126;20170118;https://www.jardiland.com/plantes/arbres-et-arbustes-d-ornement/arbres-et-arbustes/poirier-d-ornement/33534-poirier.html
33524-44192;1429776;126;20170118;https://www.jardiland.com/plantes/arbres-et-arbustes-d-ornement/arbres-et-arbustes/physocarpe/33524-physocarpus-opulifolius-diable-d-orr-mindia.html
33484-25843;828366;126;20170118;https://www.jardiland.com/plantes/arbres-et-arbustes-d-ornement/arbres-et-arbustes/oranger-du-mexique/33484-oranger-du-mexique-goldfinger-limo.html
33476-24417;746493;126;20170118;https://www.jardiland.com/plantes/arbres-et-arbustes-d-ornement/arbres-et-arbustes/noisetier-ornemental/33476-noisetier.html
33454-14757;1449875;126;20170118;https://www.jardiland.com/plantes/arbres-et-arbustes-d-ornement/arbres-et-arbustes/mahonia/33454-mahonia-soft-caress.html
33710-25760;826773;126;20170118;https://www.jardiland.com/plantes/arbres-et-arbustes-d-ornement/arbres-et-arbustes/troene/33710-ligustrum-lucidum-excelsum-superbum.html
33111-7296;1225192;126;20170118;https://www.jardiland.com/plantes/arbres-et-arbustes-d-ornement/arbres-et-arbustes/corete-du-japon/33111-kerria-japonica.html
33226-28931;923579;126;20170118;https://www.jardiland.com/plantes/arbres-et-arbustes-d-ornement/arbres-et-arbustes/forsythia/33226-forsythia-spring-glory.html
33261-17115;587628;126;20170118;https://www.jardiland.com/plantes/arbres-et-arbustes-d-ornement/arbres-et-arbustes/fusain/33261-euonymus-japonicus-president-gauthier.html
33245-22690;686204;126;20170118;https://www.jardiland.com/plantes/arbres-et-arbustes-d-ornement/arbres-et-arbustes/fusain/33245-euonymus-fortunei-emerald-gaiety.html
33190-22548;679648;126;20170118;https://www.jardiland.com/plantes/arbres-et-arbustes-d-ornement/arbres-et-arbustes/erable/33190-erable-champetre.html
33190-16167;581702;126;20170118;https://www.jardiland.com/plantes/arbres-et-arbustes-d-ornement/arbres-et-arbustes/erable/33190-erable-champetre.html
33174-16985;587053;126;20170118;https://www.jardiland.com/plantes/arbres-et-arbustes-d-ornement/arbres-et-arbustes/elaeagnus/33174-elaeagnus-pungens-maculata.html
33130-10040;1331186;126;20170118;https://www.jardiland.com/plantes/arbres-et-arbustes-d-ornement/arbres-et-arbustes/cornouiller/33130-cornouiller-du-japon.html
33115-22295;674697;126;20170118;https://www.jardiland.com/plantes/arbres-et-arbustes-d-ornement/arbres-et-arbustes/cornouiller/33115-cornouiller-blanc-gouchaultii.html
33103-23242;699510;126;20170118;https://www.jardiland.com/plantes/arbres-et-arbustes-d-ornement/arbres-et-arbustes/cognassier-du-japon/33103-cognassier-a-fleurs-umbilicata.html
33075-21703;654277;126;20170118;https://www.jardiland.com/plantes/arbres-et-arbustes-d-ornement/arbres-et-arbustes/ceanothe/33075-ceanothus-thyrsiflorus-skylark.html
33058-44768;1429706;126;20170118;https://www.jardiland.com/plantes/arbres-et-arbustes-d-ornement/arbres-et-arbustes/ceanothe/33058-ceanothus-concha.html
43394-43322;997812;126;20170118;https://www.jardiland.com/plantes/arbres-et-arbustes-d-ornement/arbres-et-arbustes/ceanothe/43394-ceanothe.html
33045-14153;1429705;126;20170118;https://www.jardiland.com/plantes/arbres-et-arbustes-d-ornement/arbres-et-arbustes/caryopteris/33045-caryopteris-white-surprise.html
32931-30532;975446;126;20170118;https://www.jardiland.com/plantes/arbres-et-arbustes-d-ornement/arbres-et-arbustes/abelia/32931-abelia-x-grandiflora-kaleidoscope.html
32929-24219;739975;126;20170118;https://www.jardiland.com/plantes/arbres-et-arbustes-d-ornement/arbres-et-arbustes/abelia/32929-abelia-a-grandes-fleurs.html
32929-15698;578646;126;20170118;https://www.jardiland.com/plantes/arbres-et-arbustes-d-ornement/arbres-et-arbustes/abelia/32929-abelia-a-grandes-fleurs.html
