ID_WEB;ID_JDN;CODEMAG;DATE_ASPI;URLPRODUIT
71236-71236;1321777;175;20170122;https://www.jardiland.com/maison-deco/beaute-bien-tre/cosmetiques/savon/71236-savon-rond-au-lait-d-aloe-vera.html
69678-69678;1432050;175;20170122;https://www.jardiland.com/maison-deco/art-de-la-table/linge-de-table/set-de-table/69678-set-de-table-vert-33x48cm.html
69659-69659;1432069;175;20170122;https://www.jardiland.com/maison-deco/art-de-la-table/linge-de-table/set-de-table/69659-set-de-table-uni-taupe-33x48cm.html
69660-69660;1432068;175;20170122;https://www.jardiland.com/maison-deco/art-de-la-table/linge-de-table/set-de-table/69660-set-de-table-uni-gris-33x48cm.html
69676-69676;1432052;175;20170122;https://www.jardiland.com/maison-deco/art-de-la-table/linge-de-table/set-de-table/69676-set-de-table-orange-33x48cm.html
69677-69677;1432051;175;20170122;https://www.jardiland.com/maison-deco/art-de-la-table/linge-de-table/set-de-table/69677-set-de-table-gris-33x48cm.html
69680-69680;1432048;175;20170122;https://www.jardiland.com/maison-deco/art-de-la-table/linge-de-table/chemin-de-table/69680-chemin-de-table-vert-40x140cm.html
69681-69681;1432047;175;20170122;https://www.jardiland.com/maison-deco/art-de-la-table/linge-de-table/chemin-de-table/69681-chemin-de-table-orange-40x140cm.html
69679-69679;1432049;175;20170122;https://www.jardiland.com/maison-deco/art-de-la-table/linge-de-table/chemin-de-table/69679-chemin-de-table-gris-40x140cm.html
69255-69255;1430959;175;20170122;https://www.jardiland.com/maison-deco/art-de-la-table/vaisselle/verre/69255-verre-sur-pied-martele-transparent.html
69256-69256;1430958;175;20170122;https://www.jardiland.com/maison-deco/art-de-la-table/vaisselle/verre/69256-verre-haut-martele-transparent.html
1904-1904;1327059;175;20170122;https://www.jardiland.com/maison-deco/art-de-la-table/vaisselle/vaisselle-decoree/1904-petite-assiette-en-verre-o-15-cm.html
69257-69257;1430956;175;20170122;https://www.jardiland.com/maison-deco/art-de-la-table/vaisselle/couvert/69257-couverts-a-salade-blanc.html
69253-69253;1430975;175;20170122;https://www.jardiland.com/maison-deco/art-de-la-table/vaisselle/tasse-bol-et-mug/69253-bol-martele-gris-d15-2cm.html
69252-69252;1430976;175;20170122;https://www.jardiland.com/maison-deco/art-de-la-table/vaisselle/tasse-bol-et-mug/69252-bol-martele-blanc-d15-2cm.html
69065-69065;1433157;175;20170122;https://www.jardiland.com/maison-deco/cache-pot-d-interieur/cache-pot-simple/contenant-en-metal/69065-seau-zinc-vert-clair-36-x-23-x-h-22-cm.html
69064-69064;1433158;175;20170122;https://www.jardiland.com/maison-deco/cache-pot-d-interieur/cache-pot-simple/contenant-en-metal/69064-seau-zinc-vert-clair-26-x-17-x-16-cm.html
69067-69067;1433155;175;20170122;https://www.jardiland.com/maison-deco/cache-pot-d-interieur/cache-pot-simple/contenant-en-metal/69067-seau-zinc-corail-36-x-23-x-h-22-cm.html
69066-69066;1433156;175;20170122;https://www.jardiland.com/maison-deco/cache-pot-d-interieur/cache-pot-simple/contenant-en-metal/69066-seau-zinc-corail-26-x-17-x-16-cm.html
69062-69062;1433160;175;20170122;https://www.jardiland.com/maison-deco/cache-pot-d-interieur/cache-pot-simple/contenant-en-metal/69062-seau-zinc-blanc-motif-pissenlit-55x21x30-1.html
69162-69162;1433008;175;20170122;https://www.jardiland.com/maison-deco/cache-pot-d-interieur/cache-pot-simple/contenant-en-metal/69162-pots-zinc-x4-s-plateau-gris-46x12x10cm.html
69163-69163;1433007;175;20170122;https://www.jardiland.com/maison-deco/cache-pot-d-interieur/cache-pot-simple/contenant-en-metal/69163-pots-zinc-x3-s-plateau-vert-36x10x10cm.html
69059-69059;1433164;175;20170122;https://www.jardiland.com/maison-deco/cache-pot-d-interieur/cache-pot-simple/contenant-en-metal/69059-pot-zinc-gris-pissenlit-d18xh14-1.html
69058-69058;1433165;175;20170122;https://www.jardiland.com/maison-deco/cache-pot-d-interieur/cache-pot-simple/contenant-en-metal/69058-pot-zinc-gris-pissenlit-d16xh12-1.html
69057-69057;1433166;175;20170122;https://www.jardiland.com/maison-deco/cache-pot-d-interieur/cache-pot-simple/contenant-en-metal/69057-pot-zinc-gris-pissenlit-d14-5xh11-5-1.html
69056-69056;1433167;175;20170122;https://www.jardiland.com/maison-deco/cache-pot-d-interieur/cache-pot-simple/contenant-en-metal/69056-jardiniere-rect-gris-fonce-oiseau.html
69055-69055;1433168;175;20170122;https://www.jardiland.com/maison-deco/cache-pot-d-interieur/cache-pot-simple/contenant-en-metal/69055-jardiniere-ovale-gris-fonce-31x24x22cm.html
69052-69052;1433172;175;20170122;https://www.jardiland.com/maison-deco/cache-pot-d-interieur/cache-pot-simple/contenant-en-metal/69052-jardiniere-ovale-gris-clair-48x31x23-5cm.html
69051-69051;1433173;175;20170122;https://www.jardiland.com/maison-deco/cache-pot-d-interieur/cache-pot-simple/contenant-en-metal/69051-jardiniere-ovale-gris-clair-38x25x18cm.html
36821-36821;1306250;175;20170122;https://www.jardiland.com/maison-deco/hygiene-de-la-maison/36821-pierre-multi-usages-blanche.html
66400-66400;664593;175;20170122;https://www.jardiland.com/maison-deco/librairie-papeterie/papeterie/carte/66400-carte.html
69855-69855;1409903;175;20170122;https://www.jardiland.com/maison-deco/mobilier-d-interieur/69855-chaise-49x40x92cm.html
3258-3258;1410115;175;20170122;https://www.jardiland.com/maison-deco/objets-de-decoration/autres-objets-de-decoration/plateau-et-serviteur/3258-serviteur-en-bois-de-3-etages.html
69123-69123;1433088;175;20170122;https://www.jardiland.com/maison-deco/objets-de-decoration/autres-objets-de-decoration/autres-objets-de-decoration/69123-serre-metal-noir-grillage-40x20x40cm.html
69137-69137;1433046;175;20170122;https://www.jardiland.com/maison-deco/objets-de-decoration/autres-objets-de-decoration/autres-objets-de-decoration/69137-pot-a-suspendre-vert-d17x17cm.html
69139-69139;1433044;175;20170122;https://www.jardiland.com/maison-deco/objets-de-decoration/autres-objets-de-decoration/autres-objets-de-decoration/69139-pot-a-suspendre-orange-d17x17cm.html
69138-69138;1433045;175;20170122;https://www.jardiland.com/maison-deco/objets-de-decoration/autres-objets-de-decoration/autres-objets-de-decoration/69138-pot-a-suspendre-jaune-d17x17cm.html
70515-70515;1395348;175;20170122;https://www.jardiland.com/maison-deco/objets-de-decoration/autres-objets-de-decoration/autres-objets-de-decoration/70515-plateau-4-pots-en-terre-cuite-31x31x14-1.html
69862-69862;1409886;175;20170122;https://www.jardiland.com/maison-deco/objets-de-decoration/autres-objets-de-decoration/panier/69862-panieres-ovales-gm.html
69094-69094;1433124;175;20170122;https://www.jardiland.com/maison-deco/objets-de-decoration/autres-objets-de-decoration/panier/69094-paniere-rotin-ractangulaire-40x30x12-1.html
69093-69093;1433125;175;20170122;https://www.jardiland.com/maison-deco/objets-de-decoration/autres-objets-de-decoration/panier/69093-paniere-rotin-ractangulaire-35x26x10-1.html
69092-69092;1433126;175;20170122;https://www.jardiland.com/maison-deco/objets-de-decoration/autres-objets-de-decoration/panier/69092-paniere-rotin-ractangulaire-30x22x8-1.html
70447-70447;1395593;175;20170122;https://www.jardiland.com/maison-deco/objets-de-decoration/autres-objets-de-decoration/panier/70447-paniere-ronde-en-jacinthe-d33-x-h22-1.html
70448-70448;1395592;175;20170122;https://www.jardiland.com/maison-deco/objets-de-decoration/autres-objets-de-decoration/panier/70448-paniere-ronde-en-jacinthe-d28-x-h19-1.html
69100-69100;1433114;175;20170122;https://www.jardiland.com/maison-deco/objets-de-decoration/autres-objets-de-decoration/panier/69100-paniere-ronde-deco-30x10cm.html
69099-69099;1433115;175;20170122;https://www.jardiland.com/maison-deco/objets-de-decoration/autres-objets-de-decoration/panier/69099-paniere-ronde-deco-25x9cm.html
69098-69098;1433116;175;20170122;https://www.jardiland.com/maison-deco/objets-de-decoration/autres-objets-de-decoration/panier/69098-paniere-ronde-deco-22x7cm.html
70502-70502;1395381;175;20170122;https://www.jardiland.com/maison-deco/objets-de-decoration/autres-objets-de-decoration/panier/70502-paniere-ronde-avec-ardoise-42x48-1.html
70509-70509;1395372;175;20170122;https://www.jardiland.com/maison-deco/objets-de-decoration/autres-objets-de-decoration/panier/70509-paniere-rectang-en-plastique-41x32x16-1.html
70449-70449;1395590;175;20170122;https://www.jardiland.com/maison-deco/objets-de-decoration/autres-objets-de-decoration/panier/70449-paniere-en-jacinthe-bicolore-60x37x31-1.html
70451-70451;1395586;175;20170122;https://www.jardiland.com/maison-deco/objets-de-decoration/autres-objets-de-decoration/panier/70451-paniere-en-jacinthe-bicolore-39x26x22-1.html
69126-69126;1433085;175;20170122;https://www.jardiland.com/maison-deco/objets-de-decoration/autres-objets-de-decoration/autres-objets-de-decoration/69126-panier-a-supendre-x3-25x140cm.html
1912-1912;1327351;175;20170122;https://www.jardiland.com/maison-deco/objets-de-decoration/autres-objets-de-decoration/autres-objets-de-decoration/1912-ours-en-peluche.html
70834-70834;1355796;175;20170122;https://www.jardiland.com/maison-deco/objets-de-decoration/autres-objets-de-decoration/autres-objets-de-decoration/70834-oeuf-naturel-a-susp-6cm-blanc-x6-1.html
70985-70985;1351342;175;20170122;https://www.jardiland.com/maison-deco/objets-de-decoration/autres-objets-de-decoration/autres-objets-de-decoration/70985-dist-serv-cafe-maison-cerise.html
70675-70675;1381180;175;20170122;https://www.jardiland.com/maison-deco/objets-de-decoration/autres-objets-de-decoration/autres-objets-de-decoration/70675-chiens-et-chats-12cm-24-ass.html
70195-70195;1408194;175;20170122;https://www.jardiland.com/maison-deco/objets-de-decoration/autres-objets-de-decoration/autres-objets-de-decoration/70195-cage-a-oiseaux-metal-14x14x34-5cm.html
70879-70879;1395479;175;20170122;https://www.jardiland.com/maison-deco/objets-de-decoration/figurines-et-peluches/figurine/70879-pomme-verte-en-fibre-20x22cm.html
70490-70490;1395489;175;20170122;https://www.jardiland.com/maison-deco/objets-de-decoration/figurines-et-peluches/figurine/70490-pomme-verte-en-fibre-15x17cm.html
70881-70881;1395433;175;20170122;https://www.jardiland.com/maison-deco/objets-de-decoration/figurines-et-peluches/figurine/70881-pomme-blanche-en-fibre-15x17-1.html
68530-68530;1454839;175;20170122;https://www.jardiland.com/maison-deco/objets-de-decoration/plantes-artificielles/plante-et-fleur/68530-sedum-arrgt-en-pot-asst-x-2-36-cm.html
68554-68554;1454814;175;20170122;https://www.jardiland.com/maison-deco/objets-de-decoration/plantes-artificielles/tige-fleurie/68554-rose-fuchsia-60cm.html
68562-68562;1454806;175;20170122;https://www.jardiland.com/maison-deco/objets-de-decoration/plantes-artificielles/tige-fleurie/68562-rose-2-flrs-glacee-blanche-54-cm.html
69331-69331;1429657;175;20170122;https://www.jardiland.com/maison-deco/objets-de-decoration/plantes-artificielles/plante-et-fleur/69331-pot-cyclamen-pm-ass-h25cm.html
68566-68566;1454802;175;20170122;https://www.jardiland.com/maison-deco/objets-de-decoration/plantes-artificielles/tige-fleurie/68566-pompon-branche-vert-creme-80cm.html
68567-68567;1454801;175;20170122;https://www.jardiland.com/maison-deco/objets-de-decoration/plantes-artificielles/tige-fleurie/68567-pompon-branche-bordeaux-80cm.html
70950-70950;1353627;175;20170122;https://www.jardiland.com/maison-deco/objets-de-decoration/plantes-artificielles/tige-fleurie/70950-pivoine-fuchsia-63cm.html
68552-68552;1454816;175;20170122;https://www.jardiland.com/maison-deco/objets-de-decoration/plantes-artificielles/tige-fleurie/68552-orchidee-phalaeno-rose-77cm.html
68572-68572;1454796;175;20170122;https://www.jardiland.com/maison-deco/objets-de-decoration/plantes-artificielles/tige-fleurie/68572-orchidee-phalaeno-glace-creme-75cm.html
68551-68551;1454817;175;20170122;https://www.jardiland.com/maison-deco/objets-de-decoration/plantes-artificielles/tige-fleurie/68551-orchidee-phalaeno-fuchsia-77cm.html
68569-68569;1454799;175;20170122;https://www.jardiland.com/maison-deco/objets-de-decoration/plantes-artificielles/tige-fleurie/68569-magnolia-creme-glace-et-neige-63cm.html
2594-2594;1395188;175;20170122;https://www.jardiland.com/maison-deco/objets-de-decoration/plantes-artificielles/bouquet-et-composition/2594-lavande-artificielle-en-botte.html
68565-68565;1454803;175;20170122;https://www.jardiland.com/maison-deco/objets-de-decoration/plantes-artificielles/plante-et-fleur/68565-conifere-chute-glacee-91cm.html
70665-70665;1382986;175;20170122;https://www.jardiland.com/maison-deco/objets-de-decoration/plantes-artificielles/tige-fleurie/70665-bambou-50cm.html
70666-70666;1382985;175;20170122;https://www.jardiland.com/maison-deco/objets-de-decoration/plantes-artificielles/tige-fleurie/70666-bambou-180cm.html
70889-70889;1393565;175;20170122;https://www.jardiland.com/maison-deco/objets-de-decoration/vases-coupes-et-accessoires/pot-et-coupe/70889-vase-en-verre-avec-corde-29-5x11cm.html
70888-70888;1393566;175;20170122;https://www.jardiland.com/maison-deco/objets-de-decoration/vases-coupes-et-accessoires/pot-et-coupe/70888-vase-en-verre-avec-corde-28-5x11-5cm.html
70887-70887;1393567;175;20170122;https://www.jardiland.com/maison-deco/objets-de-decoration/vases-coupes-et-accessoires/pot-et-coupe/70887-vase-en-verre-avec-corde-24x10-7cm.html
69152-69152;1433021;175;20170122;https://www.jardiland.com/maison-deco/objets-de-decoration/vases-coupes-et-accessoires/pot-et-coupe/69152-vase-ceramique-vert-oiseau-brche-18x35cm.html
69154-69154;1433019;175;20170122;https://www.jardiland.com/maison-deco/objets-de-decoration/vases-coupes-et-accessoires/pot-et-coupe/69154-vase-ceramique-blanc-noir-25x32cm.html
69153-69153;1433020;175;20170122;https://www.jardiland.com/maison-deco/objets-de-decoration/vases-coupes-et-accessoires/pot-et-coupe/69153-vase-ceramique-blanc-noir-18x23cm.html
69157-69157;1433015;175;20170122;https://www.jardiland.com/maison-deco/objets-de-decoration/vases-coupes-et-accessoires/pot-et-coupe/69157-vase-ceramique-blanc-noir-20x40cm.html
69147-69147;1433028;175;20170122;https://www.jardiland.com/maison-deco/objets-de-decoration/vases-coupes-et-accessoires/pot-et-coupe/69147-vase-ceramique-blanc-fond-beton-d15xh33-1.html
69146-69146;1433029;175;20170122;https://www.jardiland.com/maison-deco/objets-de-decoration/vases-coupes-et-accessoires/pot-et-coupe/69146-vase-ceramique-blanc-fond-beton-d10xh23-1.html
69135-69135;1433051;175;20170122;https://www.jardiland.com/maison-deco/objets-de-decoration/vases-coupes-et-accessoires/pot-et-coupe/69135-pots-motif-oiseau-x3-sur-support.html
69131-69131;1433063;175;20170122;https://www.jardiland.com/maison-deco/objets-de-decoration/vases-coupes-et-accessoires/pot-et-coupe/69131-pot-x4-aromates-vert-et-jaune-14x14cm.html
69105-69105;1433108;175;20170122;https://www.jardiland.com/maison-deco/objets-de-decoration/vases-coupes-et-accessoires/pot-et-coupe/69105-pot-terracota-pissenlit-2ast.html
52698-52698;1432942;175;20170122;https://www.jardiland.com/maison-deco/objets-de-decoration/vases-coupes-et-accessoires/pot-et-coupe/52698-pot-rond-blanc-12-5-cm.html
69103-69103;1433110;175;20170122;https://www.jardiland.com/maison-deco/objets-de-decoration/vases-coupes-et-accessoires/pot-et-coupe/69103-pot-ciment-le-jardin-2ast.html
69104-69104;1433109;175;20170122;https://www.jardiland.com/maison-deco/objets-de-decoration/vases-coupes-et-accessoires/pot-et-coupe/69104-pot-aromates-4-ast.html
69777-69777;1415085;175;20170122;https://www.jardiland.com/maison-deco/objets-de-decoration/vases-coupes-et-accessoires/vase-et-coupe-en-verre/69777-photophore-lanterne-32-cm.html
69776-69776;1415086;175;20170122;https://www.jardiland.com/maison-deco/objets-de-decoration/vases-coupes-et-accessoires/vase-et-coupe-en-verre/69776-photophore-lanterne-30-cm.html
70775-70775;1365418;175;20170122;https://www.jardiland.com/maison-deco/objets-de-decoration/vases-coupes-et-accessoires/accessoires-de-composition-florale/70775-hobby-brique-mouillable.html
70563-70563;1393550;175;20170122;https://www.jardiland.com/maison-deco/objets-de-decoration/vases-coupes-et-accessoires/pot-et-coupe/70563-goutte-en-verre-a-suspendre-dd10-9x20cm.html
69334-69334;1429141;175;20170122;https://www.jardiland.com/maison-deco/objets-de-decoration/vases-coupes-et-accessoires/pot-et-coupe/69334-cloche-verre-sur-pied-20x20x24cm.html
66605-66605;644387;175;20170122;https://www.jardiland.com/maison-deco/objets-de-decoration/bougies-et-senteurs/accessoires-pour-encens/66605-support-35-cm.html
68719-68719;1443385;175;20170122;https://www.jardiland.com/maison-deco/objets-de-decoration/bougies-et-senteurs/parfum-d-ambiance-diffuseur-a-froid/68719-petale-de-cire-coloree-parfumee.html
68998-68998;1434874;175;20170122;https://www.jardiland.com/maison-deco/objets-de-decoration/bougies-et-senteurs/bougie-parfumee/68998-moyenne-bougie-320g-vanille.html
68904-68904;1434878;175;20170122;https://www.jardiland.com/maison-deco/objets-de-decoration/bougies-et-senteurs/bougie-parfumee/68904-moyenne-bougie-320g-framboise-vanillee.html
68907-68907;1434875;175;20170122;https://www.jardiland.com/maison-deco/objets-de-decoration/bougies-et-senteurs/bougie-parfumee/68907-moyenne-bougie-320g-canelle-et-orange.html
68902-68902;1434903;175;20170122;https://www.jardiland.com/maison-deco/objets-de-decoration/bougies-et-senteurs/bougie-parfumee/68902-bougie-de-jardin-628g-pomme-verte.html
2626-2626;1410327;175;20170122;https://www.jardiland.com/maison-deco/objets-de-decoration/bougeoirs-photophores-et-lanternes/bougeoir-et-photophore-deco/2626-set-photophores-et-plateau-filou.html
52717-52717;1432919;175;20170122;https://www.jardiland.com/maison-deco/objets-de-decoration/bougeoirs-photophores-et-lanternes/lanterne/52717-photophore-jaune.html
69202-69202;1432416;175;20170122;https://www.jardiland.com/maison-deco/objets-de-decoration/bougeoirs-photophores-et-lanternes/bougeoir-et-photophore-deco/69202-photophore-hexagonal-en-verre-10x10cm.html
58541-58541;1453827;175;20170122;https://www.jardiland.com/maison-deco/objets-de-decoration/bougeoirs-photophores-et-lanternes/bougeoir-et-photophore-deco/58541-photophore-gris-en-metal-10-10-20-cm.html
69209-69209;1432401;175;20170122;https://www.jardiland.com/maison-deco/objets-de-decoration/bougeoirs-photophores-et-lanternes/bougeoir-et-photophore-deco/69209-photophore-en-verre-8x8x9cm.html
2627-2627;1410328;175;20170122;https://www.jardiland.com/maison-deco/objets-de-decoration/bougeoirs-photophores-et-lanternes/bougeoir-et-photophore-deco/2627-photophore-boule-avec-anse-filou-o-18-cm.html
69204-69204;1432414;175;20170122;https://www.jardiland.com/maison-deco/objets-de-decoration/bougeoirs-photophores-et-lanternes/lanterne/69204-lanterne-verre-2ast.html
2162-2162;1362406;175;20170122;https://www.jardiland.com/maison-deco/objets-de-decoration/bougeoirs-photophores-et-lanternes/bougeoir-et-photophore-deco/2162-lanterne-ronde.html
69084-69084;1433135;175;20170122;https://www.jardiland.com/maison-deco/objets-de-decoration/bougeoirs-photophores-et-lanternes/lanterne/69084-lanterne-metal-corail-d30-x-h20cm.html
3220-3220;1410331;175;20170122;https://www.jardiland.com/maison-deco/objets-de-decoration/bougeoirs-photophores-et-lanternes/bougeoir-et-photophore-deco/3220-decoration-coupe-jerundo-o-30-cm.html
3219-3219;1410330;175;20170122;https://www.jardiland.com/maison-deco/objets-de-decoration/bougeoirs-photophores-et-lanternes/bougeoir-et-photophore-deco/3219-decoration-coupe-jerundo-o-27-cm.html
32327-14467;1440435;175;20170122;https://www.jardiland.com/animaux/oiseau-de-la-nature/alimentation/32327-cylindre-de-graisse-pour-oiseaux.html
40996-40996;905516;175;20170122;https://www.jardiland.com/animaux/oiseau-de-la-nature/alimentation/40996-boules-de-graisse-x-75-1.html
66866-66866;538822;175;20170122;https://www.jardiland.com/animaux/oiseau/hygiene-et-soins/soin-de-l-animal/66866-vitaperruche.html
66867-66867;538817;175;20170122;https://www.jardiland.com/animaux/oiseau/hygiene-et-soins/soin-de-l-animal/66867-special-bain-flacon-24ml.html
32298-14982;537111;175;20170122;https://www.jardiland.com/animaux/oiseau/cages-volieres-et-accessoires/equipement-de-cage-et-voliere/32298-perchoir-en-bois-et-ciment.html
68811-68811;1439347;175;20170122;https://www.jardiland.com/animaux/oiseau/alimentation-et-friandises/friandise/68811-prest-sp-perroquets-exotic-light750g.html
68813-68813;1439345;175;20170122;https://www.jardiland.com/animaux/oiseau/alimentation-et-friandises/friandise/68813-prest-sp-hawai-sweetnoodle-parrot-400g.html
68815-68815;1439342;175;20170122;https://www.jardiland.com/animaux/oiseau/alimentation-et-friandises/alimentation-quotidienne/68815-prest-loro-parq-african-parakeet-1kg.html
68876-68876;1437424;175;20170122;https://www.jardiland.com/animaux/oiseau/alimentation-et-friandises/alimentation-quotidienne/68876-pic-or-melange-canaris-1kg-tyrol.html
66869-66869;538537;175;20170122;https://www.jardiland.com/animaux/oiseau/alimentation-et-friandises/complement-nutritionnel/66869-orlux-gold-patee-colorante-250g.html
42187-42187;538389;175;20170122;https://www.jardiland.com/animaux/oiseau/alimentation-et-friandises/alimentation-quotidienne/42187-melange-amazonian-pour-perroquet.html
42194-42194;538521;175;20170122;https://www.jardiland.com/animaux/oiseau/alimentation-et-friandises/friandise/42194-cocktail-frutti-perroquet-aras-amazo.html
43355-42969;686427;175;20170122;https://www.jardiland.com/animaux/oiseau/alimentation-et-friandises/friandise/43355-baguette-kracker-perruche-x3-1.html
485-485;1239038;175;20170122;https://www.jardiland.com/animaux/poisson/entretien-et-soins/produit-pour-poisson/485-gastrobac.html
68267-68267;1463242;175;20170122;https://www.jardiland.com/animaux/poisson/materiel-chauffage-filtres-et-pompes/aeration/68267-ventouses-tuyau-a-air-x4-1.html
68266-68266;1463243;175;20170122;https://www.jardiland.com/animaux/poisson/materiel-chauffage-filtres-et-pompes/chauffage/68266-thermometre-de-precision.html
71326-71326;1305222;175;20170122;https://www.jardiland.com/animaux/poisson/materiel-chauffage-filtres-et-pompes/masse-de-filtration/71326-tetra-easy-crystal-filterpack-c100-1.html
68888-68888;1436799;175;20170122;https://www.jardiland.com/animaux/poisson/materiel-chauffage-filtres-et-pompes/filtre-interieur/68888-new-rena-superclean-120-1.html
68777-68777;1440479;175;20170122;https://www.jardiland.com/animaux/poisson/materiel-chauffage-filtres-et-pompes/masse-de-filtration/68777-mousse-foam-taille-m-x1-1.html
68880-68880;1436811;175;20170122;https://www.jardiland.com/animaux/poisson/materiel-chauffage-filtres-et-pompes/masse-de-filtration/68880-mousse-90-120-30ppi.html
68881-68881;1436810;175;20170122;https://www.jardiland.com/animaux/poisson/materiel-chauffage-filtres-et-pompes/masse-de-filtration/68881-mousse-40-60-30ppi.html
68882-68882;1436809;175;20170122;https://www.jardiland.com/animaux/poisson/materiel-chauffage-filtres-et-pompes/masse-de-filtration/68882-mousse-30ppi.html
3769-3769;543867;175;20170122;https://www.jardiland.com/animaux/poisson/materiel-chauffage-filtres-et-pompes/nettoyage-aquarium/3769-jbl-gant-de-nettoyage.html
67606-67606;1476251;175;20170122;https://www.jardiland.com/animaux/poisson/materiel-chauffage-filtres-et-pompes/nettoyage-aquarium/67606-jard-aspirateur-a-piles.html
32536-29889;957387;175;20170122;https://www.jardiland.com/animaux/poisson/materiel-chauffage-filtres-et-pompes/nettoyage-aquarium/32536-epuisette-maille-fine.html
54385-54352;739270;175;20170122;https://www.jardiland.com/animaux/poisson/materiel-chauffage-filtres-et-pompes/masse-de-filtration/54385-dose-api-crystal-3-1.html
68268-68268;1463241;175;20170122;https://www.jardiland.com/animaux/poisson/materiel-chauffage-filtres-et-pompes/aeration/68268-diffuseur-air-cylind-3cm-x2-1.html
68883-68883;1436805;175;20170122;https://www.jardiland.com/animaux/poisson/materiel-chauffage-filtres-et-pompes/masse-de-filtration/68883-crystal-90-120-x6-1.html
68682-68682;1449618;175;20170122;https://www.jardiland.com/animaux/poisson/materiel-chauffage-filtres-et-pompes/nettoyage-aquarium/68682-cloche-de-nettoyage-25-40cm.html
68776-68776;1440485;175;20170122;https://www.jardiland.com/animaux/poisson/materiel-chauffage-filtres-et-pompes/masse-de-filtration/68776-cartouches-waterclear-taille-m-x1-1.html
5318-5318;867730;175;20170122;https://www.jardiland.com/animaux/poisson/decoration-pour-aquarium/sable-et-autres-graviers/5318-quartz-naturel-fin-15-kg.html
32432-27123;867706;175;20170122;https://www.jardiland.com/animaux/poisson/decoration-pour-aquarium/sable-et-autres-graviers/32432-quartz-3-litres.html
68667-68667;1453039;175;20170122;https://www.jardiland.com/animaux/poisson/decoration-pour-aquarium/sable-et-autres-graviers/68667-jard-sable-blanc-fin-3l.html
68674-68674;1451105;175;20170122;https://www.jardiland.com/animaux/poisson/decoration-pour-aquarium/plante-artificielle/68674-display-decor-colore-ass.html
70774-70774;1365613;175;20170122;https://www.jardiland.com/animaux/poisson/decoration-pour-aquarium/plante-artificielle/70774-display-arbre-gm-par-26-1.html
70150-70150;1408758;175;20170122;https://www.jardiland.com/animaux/poisson/decoration-pour-aquarium/plante-artificielle/70150-decor-marin-bambou.html
71193-71193;1328650;175;20170122;https://www.jardiland.com/animaux/poisson/alimentation/pour-poisson-d-eau-chaude/71193-nourriture-guppy-100ml-aquaprime.html
66221-66221;734731;175;20170122;https://www.jardiland.com/animaux/basse-cour/poulaillers-clapiers-et-accessoires/equipement/66221-support-de-lampe-chauffante-avec-protection.html
71280-71280;1315402;175;20170122;https://www.jardiland.com/animaux/basse-cour/poulaillers-clapiers-et-accessoires/mangeoire-et-abreuvoir/71280-mangeoire-plastique-2kg-vert-anis.html
68256-68256;1465507;175;20170122;https://www.jardiland.com/animaux/basse-cour/aliments/complement-nutritionnel/68256-pack-vers-o-net-volaille-2x250ml.html
68369-68369;1458563;175;20170122;https://www.jardiland.com/animaux/chat/soins-antiparasitaires/vermifuge/68369-vers-o-net-chat-15-comprimes.html
68326-68326;1460349;175;20170122;https://www.jardiland.com/animaux/chat/soins-antiparasitaires/vermifuge/68326-vermi-chat-essentiel-100ml.html
31833-9810;1315053;175;20170122;https://www.jardiland.com/animaux/chat/soins-antiparasitaires/insecticide/31833-advantage-40-pour-chat.html
68175-68175;1464419;175;20170122;https://www.jardiland.com/animaux/chat/coussins-et-paniers-de-transport/coussin-et-corbeille-pour-chat/68175-corbeille-bimatiere-ecossais-marron-50cm.html
546-546;1248202;175;20170122;https://www.jardiland.com/animaux/chat/jeux-et-jouets/546-jouet-pour-chat-shiny.html
69473-69473;1418531;175;20170122;https://www.jardiland.com/animaux/chat/jeux-et-jouets/69473-canne-a-peche-rumy-55-cm.html
48686-48686;1436369;175;20170122;https://www.jardiland.com/animaux/chat/hygiene-soins-et-litieres/bac-a-litiere-et-maison-de-toilette/48686-maison-de-toilette-taupe-3-cats.html
69470-69470;1418908;175;20170122;https://www.jardiland.com/animaux/chat/hygiene-soins-et-litieres/soins-pour-chat/69470-feliway-recharge-48ml.html
68856-68856;1437725;175;20170122;https://www.jardiland.com/animaux/chat/hygiene-soins-et-litieres/desodorisant-litiere/68856-detergent-desinfectant-ecolo-1l.html
68855-68855;1437726;175;20170122;https://www.jardiland.com/animaux/chat/hygiene-soins-et-litieres/desodorisant-litiere/68855-detergent-desinfectant-ecolo-spray-750ml.html
68822-68822;1438357;175;20170122;https://www.jardiland.com/animaux/chat/hygiene-soins-et-litieres/soins-pour-chat/68822-bogadent-water-additive-cat-250ml.html
68823-68823;1438353;175;20170122;https://www.jardiland.com/animaux/chat/hygiene-soins-et-litieres/soins-pour-chat/68823-bogadent-dental-lipo-gel-cat-50ml.html
68824-68824;1438352;175;20170122;https://www.jardiland.com/animaux/chat/hygiene-soins-et-litieres/soins-pour-chat/68824-bogadent-anti-plaque-finger-cat.html
1326-1326;1305388;175;20170122;https://www.jardiland.com/animaux/chat/gamelles-ecuelles-et-distributeurs/distributeur-d-eau-et-croquette/1326-fontaine-a-chat-drinkwell-platinium.html
68174-68174;1464420;175;20170122;https://www.jardiland.com/animaux/chat/gamelles-ecuelles-et-distributeurs/accessoires/68174-boite-a-croquette-chat-chocolat.html
50800-41425;542463;175;20170122;https://www.jardiland.com/animaux/chat/alimentation-et-friandises/croquette-pour-chat/50800-royal-canin-feline-kitten-36-1.html
70265-70265;1401962;175;20170122;https://www.jardiland.com/animaux/rongeurs-et-petits-mammiferes/hygiene-et-soins/soin-antiparasitaire/70265-spray-insecticide-cage-o-r-150ml.html
68669-68669;1452935;175;20170122;https://www.jardiland.com/animaux/rongeurs-et-petits-mammiferes/hygiene-et-soins/litiere/68669-smooz-paille-1kg.html
32645-11487;1369056;175;20170122;https://www.jardiland.com/animaux/rongeurs-et-petits-mammiferes/hygiene-et-soins/autres-produits-d-hygiene/32645-sable-de-bain.html
54466-54466;539034;175;20170122;https://www.jardiland.com/animaux/rongeurs-et-petits-mammiferes/hygiene-et-soins/bois-a-ronger/54466-nibbels-batonnets-a-ronger-hamsters.html
67953-67953;1472454;175;20170122;https://www.jardiland.com/animaux/rongeurs-et-petits-mammiferes/hygiene-et-soins/bois-a-ronger/67953-jard-buchettes-a-ronger.html
5329-5329;869970;175;20170122;https://www.jardiland.com/animaux/rongeurs-et-petits-mammiferes/habitats-cages-et-accessoires/cage/5329-cage-pour-lapins-et-cochons-d-inde-cachou-plus.html
5792-5792;970723;175;20170122;https://www.jardiland.com/animaux/rongeurs-et-petits-mammiferes/habitats-cages-et-accessoires/cage/5792-cage-lapin-nero-3-deluxe.html
5280-5280;972186;175;20170122;https://www.jardiland.com/animaux/rongeurs-et-petits-mammiferes/habitats-cages-et-accessoires/cage/5280-cage-cochons-d-inde-nero-2-deluxe.html
42213-42213;539070;175;20170122;https://www.jardiland.com/animaux/rongeurs-et-petits-mammiferes/aliments-et-friandises/friandise/42213-fruit-crossys-hamsters.html
42207-42207;1386578;175;20170122;https://www.jardiland.com/animaux/rongeurs-et-petits-mammiferes/aliments-et-friandises/alimentation-quotidienne/42207-aliment-complet-pour-cochons-d-inde.html
68370-68370;1458562;175;20170122;https://www.jardiland.com/animaux/chien/soins-antiparasitaires/vermifuge/68370-vers-o-net-chien-30-comprimes.html
67952-67952;1472492;175;20170122;https://www.jardiland.com/animaux/chien/soins-antiparasitaires/accessoires-antiparasitaires/67952-peigne-plastique-a-puce.html
68989-68989;1441698;175;20170122;https://www.jardiland.com/animaux/chien/soins-antiparasitaires/insecticide/68989-e-shampooing-chat-et-chien-250ml.html
71329-71329;1304325;175;20170122;https://www.jardiland.com/animaux/chien/hygiene-et-soins/soin-de-toilettage/71329-spray-desodorisant-450-ml-pet-head.html
68257-68257;1465061;175;20170122;https://www.jardiland.com/animaux/chien/hygiene-et-soins/soin-de-toilettage/68257-slicker-metal-small.html
68158-68158;1466489;175;20170122;https://www.jardiland.com/animaux/chien/hygiene-et-soins/soin-de-toilettage/68158-slicker-metal-large.html
71279-71279;1315633;175;20170122;https://www.jardiland.com/animaux/chien/hygiene-et-soins/soin-de-toilettage/71279-shampooing-spray-ss-rincage450mlpethead.html
5747-5747;957280;175;20170122;https://www.jardiland.com/animaux/chien/hygiene-et-soins/soin-de-toilettage/5747-peigne-double.html
70291-70291;1398785;175;20170122;https://www.jardiland.com/animaux/chien/hygiene-et-soins/soin-de-toilettage/70291-jd-ciseaux-de-toilettage.html
67526-67526;1478164;175;20170122;https://www.jardiland.com/animaux/chien/hygiene-et-soins/hygiene-et-soin/67526-dentifrice-en-poudre-70g.html
68981-68981;1463706;175;20170122;https://www.jardiland.com/animaux/chien/hygiene-et-soins/soin-de-toilettage/68981-coupe-ongle-small.html
5750-5750;957283;175;20170122;https://www.jardiland.com/animaux/chien/hygiene-et-soins/soin-de-toilettage/5750-ciseaux-de-toilettage.html
70236-70236;1403569;175;20170122;https://www.jardiland.com/animaux/chien/hygiene-et-soins/hygiene-et-soin/70236-bogadent-silicone-finger.html
70237-70237;1403567;175;20170122;https://www.jardiland.com/animaux/chien/hygiene-et-soins/hygiene-et-soin/70237-bogadent-dental-lipo-gel.html
70239-70239;1403564;175;20170122;https://www.jardiland.com/animaux/chien/hygiene-et-soins/hygiene-et-soin/70239-bogadent-dental-creme.html
70238-70238;1403566;175;20170122;https://www.jardiland.com/animaux/chien/hygiene-et-soins/hygiene-et-soin/70238-bogadent-anti-plaque-2-finger.html
69469-69469;1418912;175;20170122;https://www.jardiland.com/animaux/chien/hygiene-et-soins/hygiene-et-soin/69469-adaptil-spray-20ml.html
68990-68990;1441697;175;20170122;https://www.jardiland.com/animaux/chien/hygiene-et-soins/hygiene-et-soin/68990-adaptil-recharge-48ml.html
69468-69468;1418913;175;20170122;https://www.jardiland.com/animaux/chien/hygiene-et-soins/hygiene-et-soin/69468-adaptil-collier-46-5cm.html
69576-69576;1416816;175;20170122;https://www.jardiland.com/animaux/chien/colliers-laisses-et-vetements/tube-et-medaille-d-identite/69576-medaille-classic-os-grand-noir.html
69589-69589;1416803;175;20170122;https://www.jardiland.com/animaux/chien/colliers-laisses-et-vetements/tube-et-medaille-d-identite/69589-medaille-classic-grand-cercle-patte-roug.html
69591-69591;1416801;175;20170122;https://www.jardiland.com/animaux/chien/colliers-laisses-et-vetements/tube-et-medaille-d-identite/69591-medaille-classic-grand-cercle-patte-rose.html
69598-69598;1416794;175;20170122;https://www.jardiland.com/animaux/chien/colliers-laisses-et-vetements/tube-et-medaille-d-identite/69598-medaille-classic-grand-cercle-os-rose.html
69599-69599;1416793;175;20170122;https://www.jardiland.com/animaux/chien/colliers-laisses-et-vetements/tube-et-medaille-d-identite/69599-medaille-classic-grand-cercle-os-noir.html
67878-67878;1473668;175;20170122;https://www.jardiland.com/animaux/chien/colliers-laisses-et-vetements/tube-et-medaille-d-identite/67878-medaille-bronx-os-xl-plateforme.html
69604-69604;1416788;175;20170122;https://www.jardiland.com/animaux/chien/colliers-laisses-et-vetements/tube-et-medaille-d-identite/69604-medaille-basic-petit-os-laiton-dore.html
69616-69616;1416776;175;20170122;https://www.jardiland.com/animaux/chien/colliers-laisses-et-vetements/tube-et-medaille-d-identite/69616-medaille-basic-petit-os-laiton-chrome.html
69617-69617;1416775;175;20170122;https://www.jardiland.com/animaux/chien/colliers-laisses-et-vetements/tube-et-medaille-d-identite/69617-medaille-basic-petit-os-alu-violet.html
69580-69580;1416812;175;20170122;https://www.jardiland.com/animaux/chien/colliers-laisses-et-vetements/tube-et-medaille-d-identite/69580-medaille-basic-petit-os-alu-rouge.html
69592-69592;1416800;175;20170122;https://www.jardiland.com/animaux/chien/colliers-laisses-et-vetements/tube-et-medaille-d-identite/69592-medaille-basic-petit-os-alu-rose.html
69631-69631;1416761;175;20170122;https://www.jardiland.com/animaux/chien/colliers-laisses-et-vetements/tube-et-medaille-d-identite/69631-medaille-basic-petit-os-alu-noir.html
69618-69618;1416774;175;20170122;https://www.jardiland.com/animaux/chien/colliers-laisses-et-vetements/tube-et-medaille-d-identite/69618-medaille-basic-petit-os-alu-azur.html
69727-69727;1416700;175;20170122;https://www.jardiland.com/animaux/chien/colliers-laisses-et-vetements/tube-et-medaille-d-identite/69727-medaille-basic-petit-coeur-laiton-dore.html
69736-69736;1416688;175;20170122;https://www.jardiland.com/animaux/chien/colliers-laisses-et-vetements/tube-et-medaille-d-identite/69736-medaille-basic-petit-coeur-laiton-chrome.html
69602-69602;1416790;175;20170122;https://www.jardiland.com/animaux/chien/colliers-laisses-et-vetements/tube-et-medaille-d-identite/69602-medaille-basic-petit-coeur-alu-violet.html
69706-69706;1416724;175;20170122;https://www.jardiland.com/animaux/chien/colliers-laisses-et-vetements/tube-et-medaille-d-identite/69706-medaille-basic-petit-coeur-alu-rouge.html
69718-69718;1416712;175;20170122;https://www.jardiland.com/animaux/chien/colliers-laisses-et-vetements/tube-et-medaille-d-identite/69718-medaille-basic-petit-coeur-alu-rose.html
69626-69626;1416766;175;20170122;https://www.jardiland.com/animaux/chien/colliers-laisses-et-vetements/tube-et-medaille-d-identite/69626-medaille-basic-petit-coeur-alu-noir.html
69603-69603;1416789;175;20170122;https://www.jardiland.com/animaux/chien/colliers-laisses-et-vetements/tube-et-medaille-d-identite/69603-medaille-basic-petit-coeur-alu-azur.html
69536-69536;1416859;175;20170122;https://www.jardiland.com/animaux/chien/colliers-laisses-et-vetements/tube-et-medaille-d-identite/69536-medaille-basic-petit-cercle-laiton-dore.html
69555-69555;1416839;175;20170122;https://www.jardiland.com/animaux/chien/colliers-laisses-et-vetements/tube-et-medaille-d-identite/69555-medaille-basic-petit-cercle-laiton-chrom.html
69613-69613;1416779;175;20170122;https://www.jardiland.com/animaux/chien/colliers-laisses-et-vetements/tube-et-medaille-d-identite/69613-medaille-basic-petit-cercle-alu-violet.html
69513-69513;1416883;175;20170122;https://www.jardiland.com/animaux/chien/colliers-laisses-et-vetements/tube-et-medaille-d-identite/69513-medaille-basic-petit-cercle-alu-rouge.html
69525-69525;1416871;175;20170122;https://www.jardiland.com/animaux/chien/colliers-laisses-et-vetements/tube-et-medaille-d-identite/69525-medaille-basic-petit-cercle-alu-rose.html
69628-69628;1416764;175;20170122;https://www.jardiland.com/animaux/chien/colliers-laisses-et-vetements/tube-et-medaille-d-identite/69628-medaille-basic-petit-cercle-alu-noir.html
69614-69614;1416778;175;20170122;https://www.jardiland.com/animaux/chien/colliers-laisses-et-vetements/tube-et-medaille-d-identite/69614-medaille-basic-petit-cercle-alu-azur.html
69623-69623;1416769;175;20170122;https://www.jardiland.com/animaux/chien/colliers-laisses-et-vetements/tube-et-medaille-d-identite/69623-medaille-basic-militaire-petite-chrome.html
69624-69624;1416768;175;20170122;https://www.jardiland.com/animaux/chien/colliers-laisses-et-vetements/tube-et-medaille-d-identite/69624-medaille-basic-militaire-grande-chrome.html
69558-69558;1416836;175;20170122;https://www.jardiland.com/animaux/chien/colliers-laisses-et-vetements/tube-et-medaille-d-identite/69558-medaille-basic-grand-os-laiton-dore.html
69568-69568;1416824;175;20170122;https://www.jardiland.com/animaux/chien/colliers-laisses-et-vetements/tube-et-medaille-d-identite/69568-medaille-basic-grand-os-laiton-chrome.html
69621-69621;1416771;175;20170122;https://www.jardiland.com/animaux/chien/colliers-laisses-et-vetements/tube-et-medaille-d-identite/69621-medaille-basic-grand-os-alu-violet.html
69712-69712;1416718;175;20170122;https://www.jardiland.com/animaux/chien/colliers-laisses-et-vetements/tube-et-medaille-d-identite/69712-medaille-basic-grand-os-alu-rouge.html
69546-69546;1416848;175;20170122;https://www.jardiland.com/animaux/chien/colliers-laisses-et-vetements/tube-et-medaille-d-identite/69546-medaille-basic-grand-os-alu-rose.html
69620-69620;1416772;175;20170122;https://www.jardiland.com/animaux/chien/colliers-laisses-et-vetements/tube-et-medaille-d-identite/69620-medaille-basic-grand-os-alu-orange.html
69629-69629;1416763;175;20170122;https://www.jardiland.com/animaux/chien/colliers-laisses-et-vetements/tube-et-medaille-d-identite/69629-medaille-basic-grand-os-alu-noir.html
69622-69622;1416770;175;20170122;https://www.jardiland.com/animaux/chien/colliers-laisses-et-vetements/tube-et-medaille-d-identite/69622-medaille-basic-grand-os-alu-azur.html
69606-69606;1416786;175;20170122;https://www.jardiland.com/animaux/chien/colliers-laisses-et-vetements/tube-et-medaille-d-identite/69606-medaille-basic-grand-coeur-alu-violet.html
69632-69632;1416760;175;20170122;https://www.jardiland.com/animaux/chien/colliers-laisses-et-vetements/tube-et-medaille-d-identite/69632-medaille-basic-grand-coeur-alu-rouge.html
69633-69633;1416759;175;20170122;https://www.jardiland.com/animaux/chien/colliers-laisses-et-vetements/tube-et-medaille-d-identite/69633-medaille-basic-grand-coeur-alu-rose.html
69625-69625;1416767;175;20170122;https://www.jardiland.com/animaux/chien/colliers-laisses-et-vetements/tube-et-medaille-d-identite/69625-medaille-basic-grand-coeur-alu-noir.html
69607-69607;1416785;175;20170122;https://www.jardiland.com/animaux/chien/colliers-laisses-et-vetements/tube-et-medaille-d-identite/69607-medaille-basic-grand-coeur-alu-azur.html
69503-69503;1416895;175;20170122;https://www.jardiland.com/animaux/chien/colliers-laisses-et-vetements/tube-et-medaille-d-identite/69503-medaille-basic-grand-cercle-laiton-chrom.html
69610-69610;1416782;175;20170122;https://www.jardiland.com/animaux/chien/colliers-laisses-et-vetements/tube-et-medaille-d-identite/69610-medaille-basic-grand-cercle-alu-violet.html
69746-69746;1416676;175;20170122;https://www.jardiland.com/animaux/chien/colliers-laisses-et-vetements/tube-et-medaille-d-identite/69746-medaille-basic-grand-cercle-alu-rouge.html
69627-69627;1416765;175;20170122;https://www.jardiland.com/animaux/chien/colliers-laisses-et-vetements/tube-et-medaille-d-identite/69627-medaille-basic-grand-cercle-alu-noir.html
69611-69611;1416781;175;20170122;https://www.jardiland.com/animaux/chien/colliers-laisses-et-vetements/tube-et-medaille-d-identite/69611-medaille-basic-grand-cercle-alu-azur.html
53266-53126;1369857;175;20170122;https://www.jardiland.com/animaux/chien/colliers-laisses-et-vetements/harnais/53266-harnais-pour-chien-nitelife.html
69600-69600;1416792;175;20170122;https://www.jardiland.com/animaux/chien/colliers-laisses-et-vetements/tube-et-medaille-d-identite/69600-attache-porte-cles.html
70724-70724;1368528;175;20170122;https://www.jardiland.com/animaux/chien/jeux-et-jouets/jouet-en-caoutchouc-et-latex/70724-jouet-pour-chien-haltere.html
3009-3009;1403696;175;20170122;https://www.jardiland.com/animaux/chien/jeux-et-jouets/jouet-en-caoutchouc-et-latex/3009-jouet-pour-chien-dental-roll.html
32176-7288;1225084;175;20170122;https://www.jardiland.com/animaux/chien/jeux-et-jouets/corde/32176-balle-tennis-pour-chien.html
68176-68176;1464417;175;20170122;https://www.jardiland.com/animaux/chien/niches-couchage-et-transport/corbeille/68176-sofa-bimatiere-ecossais-marron-70x60x20-1.html
68177-68177;1464415;175;20170122;https://www.jardiland.com/animaux/chien/niches-couchage-et-transport/corbeille/68177-sofa-bimatiere-ecossais-marron-60x50cm.html
68178-68178;1464413;175;20170122;https://www.jardiland.com/animaux/chien/niches-couchage-et-transport/corbeille/68178-sofa-bimatiere-ecossais-marron-50x40x18-1.html
68182-68182;1464408;175;20170122;https://www.jardiland.com/animaux/chien/niches-couchage-et-transport/coussin-et-matelas/68182-matelas-dehoussable-bleu-70x45x6cm.html
68172-68172;1464424;175;20170122;https://www.jardiland.com/animaux/chien/niches-couchage-et-transport/coussin-et-matelas/68172-matelas-bimatiere-ecossais-marron85x55x8-1.html
68173-68173;1464422;175;20170122;https://www.jardiland.com/animaux/chien/niches-couchage-et-transport/coussin-et-matelas/68173-matelas-bimatiere-ecossais-marron70x45x6-1.html
40963-40963;1427033;175;20170122;https://www.jardiland.com/animaux/chien/niches-couchage-et-transport/corbeille/40963-corbeille-pour-chien-rouge-45-cm.html
68685-68685;1449339;175;20170122;https://www.jardiland.com/animaux/chien/gamelles-ecuelles-et-distributeurs/autres/68685-container-feedeez-4-1l.html
68684-68684;1449340;175;20170122;https://www.jardiland.com/animaux/chien/gamelles-ecuelles-et-distributeurs/autres/68684-container-feedeez-38l.html
70418-70418;1395937;175;20170122;https://www.jardiland.com/animaux/chien/alimentation-et-friandises/friandise-bucco-dentaire/70418-smartbones-dental-mini-8-pk.html
68820-68820;1438871;175;20170122;https://www.jardiland.com/animaux/chien/alimentation-et-friandises/biscuit/68820-pedigree-sa-recompense-bouchee-moel-130g.html
68821-68821;1438870;175;20170122;https://www.jardiland.com/animaux/chien/alimentation-et-friandises/biscuit/68821-pedigree-sa-recompense-bouchee-croqu-95g.html
66863-66863;539793;175;20170122;https://www.jardiland.com/animaux/chien/alimentation-et-friandises/friandise-bucco-dentaire/66863-pedigree-junior-tubos-chiot-3st-72g.html
31990-6736;1209693;175;20170122;https://www.jardiland.com/animaux/chien/alimentation-et-friandises/os-a-macher/31990-os-presses.html
52463-52185;1209402;175;20170122;https://www.jardiland.com/animaux/chien/alimentation-et-friandises/os-a-macher/52463-os-presse.html
68126-68126;1469343;175;20170122;https://www.jardiland.com/animaux/chien/alimentation-et-friandises/biscuit/68126-feedeez-chips-de-porc-400-g.html
68318-68318;1460778;175;20170122;https://www.jardiland.com/animaux/chien/alimentation-et-friandises/biscuit/68318-ava-batonnets-tors-7-8mm-x25-1.html
66612-66612;639977;175;20170122;https://www.jardiland.com/amenagement-du-jardin/bassins-et-jardin-aquatique/bassins/66612-lot-bassin-start1000-1.html
71934-71934;1208266;175;20170122;https://www.jardiland.com/amenagement-du-jardin/loisirs-plein-air/jouets/71934-tigre.html
71942-71942;1208162;175;20170122;https://www.jardiland.com/amenagement-du-jardin/loisirs-plein-air/jouets/71942-poney-avec-selle.html
69398-69398;1427240;175;20170122;https://www.jardiland.com/amenagement-du-jardin/loisirs-plein-air/jouets/69398-grenouille-equatoriale-verte.html
363-363;1208199;175;20170122;https://www.jardiland.com/amenagement-du-jardin/loisirs-plein-air/jouets/363-figurine-kangourou-et-son-bebe.html
365-365;1208211;175;20170122;https://www.jardiland.com/amenagement-du-jardin/loisirs-plein-air/jouets/365-figurine-girafe.html
1498-1498;1305863;175;20170122;https://www.jardiland.com/amenagement-du-jardin/loisirs-plein-air/jouets/1498-figurine-chameau-de-bactriane.html
2839-2839;1401103;175;20170122;https://www.jardiland.com/amenagement-du-jardin/loisirs-plein-air/jouets/2839-figurine-belier.html
69397-69397;1427248;175;20170122;https://www.jardiland.com/amenagement-du-jardin/loisirs-plein-air/jouets/69397-chevalier-blanc-au-cimier.html
31283-11047;1360459;175;20170122;https://www.jardiland.com/amenagement-du-jardin/carre-potager/31283-carre-potager-mon-espace-potager.html
68910-68910;1434298;175;20170122;https://www.jardiland.com/amenagement-du-jardin/decorations/fontaines/68910-led-font-seau-zinc-robinet-met-d26x73cm.html
70307-70307;1397874;175;20170122;https://www.jardiland.com/amenagement-du-jardin/decorations/statues-et-figurines/70307-pic-de-jardin-poule-mouton-canard.html
1457-1457;1302651;175;20170122;https://www.jardiland.com/amenagement-du-jardin/decorations/statues-et-figurines/1457-iguane-decoratif-de-jardin-en-metal.html
70912-70912;1354518;175;20170122;https://www.jardiland.com/amenagement-du-jardin/decorations/statues-et-figurines/70912-hamster-pm-marron-13-cm.html
31664-7605;1238045;175;20170122;https://www.jardiland.com/amenagement-du-jardin/pots-bacs-jardinieres-et-supports/tuteurs-et-supports-de-plante/tuteur/31664-tuteur-ecorce.html
66515-66515;572677;175;20170122;https://www.jardiland.com/amenagement-du-jardin/pots-bacs-jardinieres-et-supports/tuteurs-et-supports-de-plante/support-pour-pot-et-balconniere/66515-rainmat-pour-balconnieres-18x18-cm.html
36728-36728;571694;175;20170122;https://www.jardiland.com/amenagement-du-jardin/pots-bacs-jardinieres-et-supports/autres-pots-et-jardinieres/pot-et-jardiniere-en-pierre/36728-jardiniere-delta-micromarbre-le-95-cm.html
69317-69317;1430657;175;20170122;https://www.jardiland.com/amenagement-du-jardin/pots-bacs-jardinieres-et-supports/autres-pots-et-jardinieres/pot-et-jardiniere-en-bois/69317-bac-seul-naturel-100x49x40-leolynn.html
31489-7605;1238045;175;20170122;https://www.jardiland.com/amenagement-du-jardin/pots-bacs-jardinieres-et-supports/en-fibre/31489-pot-en-fibre-conique.html
31489-7604;1238044;175;20170122;https://www.jardiland.com/amenagement-du-jardin/pots-bacs-jardinieres-et-supports/en-fibre/31489-pot-en-fibre-conique.html
31489-6680;1016786;175;20170122;https://www.jardiland.com/amenagement-du-jardin/pots-bacs-jardinieres-et-supports/en-fibre/31489-pot-en-fibre-conique.html
69030-69030;1433790;175;20170122;https://www.jardiland.com/amenagement-du-jardin/pots-bacs-jardinieres-et-supports/en-terre-cuite/69030-pot-blush-assorti-45-h45cm.html
66122-66122;801300;175;20170122;https://www.jardiland.com/amenagement-du-jardin/pots-bacs-jardinieres-et-supports/en-terre-cuite/66122-carre-decore-26-cm.html
31572-11195;1360593;175;20170122;https://www.jardiland.com/amenagement-du-jardin/pots-bacs-jardinieres-et-supports/en-plastique/31572-soucoupe-en-plastique-romeo.html
31572-11147;1360565;175;20170122;https://www.jardiland.com/amenagement-du-jardin/pots-bacs-jardinieres-et-supports/en-plastique/31572-soucoupe-en-plastique-romeo.html
31549-14204;1429927;175;20170122;https://www.jardiland.com/amenagement-du-jardin/pots-bacs-jardinieres-et-supports/en-plastique/31549-pot-romeo.html
31574-11219;1360620;175;20170122;https://www.jardiland.com/amenagement-du-jardin/pots-bacs-jardinieres-et-supports/en-plastique/31574-crochet-de-suspension.html
18854-24412;801198;175;20170122;https://www.jardiland.com/amenagement-du-jardin/pots-bacs-jardinieres-et-supports/en-plastique/18854-conteneur-en-plastique-noir.html
68784-68784;1440071;175;20170122;https://www.jardiland.com/amenagement-du-jardin/amenagement/gazon-synthetique/68784-prems-g-5326-coupon-1m-x-3m.html
65123-65123;976447;175;20170122;https://www.jardiland.com/amenagement-du-jardin/amenagement/dalles-galets-et-pas-japonais/galet-et-gravier/65123-pot-galet-verre38-40turquoise-2kg.html
5604-5604;927995;175;20170122;https://www.jardiland.com/amenagement-du-jardin/amenagement/bordures/5604-bordure-en-pierre-imitation-bambou.html
42124-42124;1352029;175;20170122;https://www.jardiland.com/amenagement-du-jardin/barbecues-cuisine-exterieur/autres/accessoires-de-barbecue/42124-plancha-en-fonte-pour-weber-q-serie-1000-1.html
71854-71854;1352010;175;20170122;https://www.jardiland.com/amenagement-du-jardin/barbecues-cuisine-exterieur/autres/accessoires-de-barbecue/71854-jeu-6-brochettes-support-weber-original.html
71008-71008;1350642;175;20170122;https://www.jardiland.com/amenagement-du-jardin/barbecues-cuisine-exterieur/autres/accessoires-de-barbecue/71008-flexible-butane-propane-1-5-m.html
70699-70699;1379166;175;20170122;https://www.jardiland.com/amenagement-du-jardin/barbecues-cuisine-exterieur/autres/accessoires-de-barbecue/70699-detendeur-twiny-propane-blister.html
71007-71007;1350643;175;20170122;https://www.jardiland.com/amenagement-du-jardin/barbecues-cuisine-exterieur/autres/accessoires-de-barbecue/71007-detendeur-butane-avec-tetine.html
2018-2018;1348750;175;20170122;https://www.jardiland.com/amenagement-du-jardin/barbecues-cuisine-exterieur/a-gaz/2018-barbecue-a-gaz-4-series-rbs-lxs.html
31218-12766;1396476;175;20170122;https://www.jardiland.com/amenagement-du-jardin/barbecues-cuisine-exterieur/au-charbon/31218-barbecue-au-charbon-master-touch-gbs-57-cm.html
31218-12764;1396474;175;20170122;https://www.jardiland.com/amenagement-du-jardin/barbecues-cuisine-exterieur/au-charbon/31218-barbecue-au-charbon-master-touch-gbs-57-cm.html
31301-12981;1400685;175;20170122;https://www.jardiland.com/amenagement-du-jardin/eclairage-et-chauffage-d-exterieur/bougies-d-exterieur/31301-bougie-en-terrine-taille-s.html
31301-12796;1400681;175;20170122;https://www.jardiland.com/amenagement-du-jardin/eclairage-et-chauffage-d-exterieur/bougies-d-exterieur/31301-bougie-en-terrine-taille-s.html
31299-10331;1349201;175;20170122;https://www.jardiland.com/amenagement-du-jardin/eclairage-et-chauffage-d-exterieur/bougies-d-exterieur/31299-bougie-d-exterieur-be-one.html
68914-68914;1434292;175;20170122;https://www.jardiland.com/amenagement-du-jardin/eclairage-et-chauffage-d-exterieur/eclairage-solaire/68914-bouteille-vr-a-micro-led-pile-30x7cm.html
68915-68915;1434291;175;20170122;https://www.jardiland.com/amenagement-du-jardin/eclairage-et-chauffage-d-exterieur/eclairage-solaire/68915-bocal-p-int-sur-pile-10x16cm.html
70994-70994;1351028;175;20170122;https://www.jardiland.com/amenagement-du-jardin/parasols-tonnelles-et-voiles-d-ombrage/parasols-et-accessoires/accessoires/70994-pied-de-parasol-ton-ardoise.html
2754-2754;1398274;175;20170122;https://www.jardiland.com/amenagement-du-jardin/parasols-tonnelles-et-voiles-d-ombrage/parasols-et-accessoires/accessoires/2754-pied-de-parasol-diamant-25-kg.html
2698-2698;1397143;175;20170122;https://www.jardiland.com/amenagement-du-jardin/mobilier-de-jardin/mobilier-enfant/petit-mobilier/2698-fauteuil-pour-enfant.html
66260-66260;715454;175;20170122;https://www.jardiland.com/amenagement-du-jardin/mobilier-de-jardin/salon-de-jardin/housse-de-protection/66260-protecteur-mobilier-resine-1l.html
66237-66237;723133;175;20170122;https://www.jardiland.com/amenagement-du-jardin/mobilier-de-jardin/salon-de-jardin/housse-de-protection/66237-produit-nettoyant-teck-1l.html
66336-66336;683620;175;20170122;https://www.jardiland.com/amenagement-du-jardin/mobilier-de-jardin/salon-de-jardin/housse-de-protection/66336-nettoyant-mobilier-alu-et-osier-syntheti.html
69226-69226;1432340;175;20170122;https://www.jardiland.com/amenagement-du-jardin/mobilier-de-jardin/salon-de-jardin/salon-en-bi-matiere/69226-chaise-rosa-alu-text-blanc-empilable.html
31387-41506;981703;175;20170122;https://www.jardiland.com/amenagement-du-jardin/mobilier-de-jardin/salon-de-jardin/salon-en-bi-matiere/31387-chaise-lille.html
68731-68731;1442146;175;20170122;https://www.jardiland.com/jardinage/bricolage-droguerie/insecticides-menagers/insecticide-volant-et-rampant/68731-aerosol-nids-guepes-frelons-10-m.html
58094-58094;1226243;175;20170122;https://www.jardiland.com/jardinage/semis-protections-et-accessoires-de-jardinage/voiles-d-hivernage-et-protections/accessoires-de-plasticulture/58094-minis-piquets-pour-cloche.html
50918-41368;1403841;175;20170122;https://www.jardiland.com/jardinage/semis-protections-et-accessoires-de-jardinage/serres-et-chassis/mini-serre/50918-soucoupe-green-basics.html
23416-41506;981703;175;20170122;https://www.jardiland.com/jardinage/arrosage/tuyaux-devidoirs-lances-et-pistolets/arrosage-de-vacances/23416-pack-de-2-cones-en-ceramique-micro-poreuse-aquasolo.html
70258-70258;1402631;175;20170122;https://www.jardiland.com/jardinage/outils-et-materiel-du-jardinier/outils-de-taille/outil-de-taille/70258-ebrancheur-tradition-45cm.html
42301-42301;901419;175;20170122;https://www.jardiland.com/jardinage/outils-et-materiel-du-jardinier/outils-de-taille/fauchaison/42301-croissant.html
43383-42420;1018646;175;20170122;https://www.jardiland.com/jardinage/equipement-du-jardinier/bottes-et-sabots/43383-sabots-lamone-brun.html
48197-47863;924926;175;20170122;https://www.jardiland.com/jardinage/equipement-du-jardinier/gants/48197-gants-gros-travaux-de-jardin.html
71856-71856;1313946;175;20170122;https://www.jardiland.com/jardinage/entretien-et-traitements/traitements-des-plantes-et-lutte-bio/lutte-contre-les-insectes/71856-ver-du-poireau.html
71603-71603;1251433;175;20170122;https://www.jardiland.com/jardinage/entretien-et-traitements/traitements-des-plantes-et-lutte-bio/lutte-contre-les-insectes/71603-pucerons-foudroyant-etui-25-ml.html
71559-71559;1261463;175;20170122;https://www.jardiland.com/jardinage/entretien-et-traitements/traitements-des-plantes-et-lutte-bio/lutte-contre-les-insectes/71559-naturen-cochenilles-pal-800ml.html
70713-70713;1374322;175;20170122;https://www.jardiland.com/jardinage/entretien-et-traitements/traitements-des-plantes-et-lutte-bio/lutte-contre-les-insectes/70713-insectes-fruits-et-legumes-pae-900ml.html
65782-65782;877389;175;20170122;https://www.jardiland.com/jardinage/entretien-et-traitements/traitements-des-plantes-et-lutte-bio/lutte-contre-les-maladies/65782-anti-pourritures-8x1-25g.html
70676-70676;1380294;175;20170122;https://www.jardiland.com/jardinage/entretien-et-traitements/traitements-des-plantes-et-lutte-bio/autres-traitements/70676-anti-germes-75g.html
68119-68119;1469823;175;20170122;https://www.jardiland.com/jardinage/entretien-et-traitements/desherbants/desherbant-total/68119-keepclean-1l.html
68698-68698;1444223;175;20170122;https://www.jardiland.com/jardinage/entretien-et-traitements/desherbants/desherbant-total/68698-desherbant-finalsan-ultima-2-5l.html
68728-68728;1442642;175;20170122;https://www.jardiland.com/jardinage/entretien-et-traitements/anti-nuisibles-pieges-et-repulsifs/lutte-contre-les-rats-souris-taupes-et-rongeurs/68728-souris-pate-200g.html
68727-68727;1442645;175;20170122;https://www.jardiland.com/jardinage/entretien-et-traitements/anti-nuisibles-pieges-et-repulsifs/lutte-contre-les-rats-souris-taupes-et-rongeurs/68727-rat-pate-500g.html
68723-68723;1442661;175;20170122;https://www.jardiland.com/jardinage/entretien-et-traitements/anti-nuisibles-pieges-et-repulsifs/lutte-contre-les-rats-souris-taupes-et-rongeurs/68723-piege-a-rat-bois-pecf.html
68725-68725;1442654;175;20170122;https://www.jardiland.com/jardinage/entretien-et-traitements/anti-nuisibles-pieges-et-repulsifs/lutte-contre-les-rats-souris-taupes-et-rongeurs/68725-mulot-cereale-decortiquee-200g.html
68729-68729;1442632;175;20170122;https://www.jardiland.com/jardinage/entretien-et-traitements/anti-nuisibles-pieges-et-repulsifs/lutte-contre-les-rats-souris-taupes-et-rongeurs/68729-2-pieges-a-taupe-putange.html
68722-68722;1442662;175;20170122;https://www.jardiland.com/jardinage/entretien-et-traitements/anti-nuisibles-pieges-et-repulsifs/lutte-contre-les-rats-souris-taupes-et-rongeurs/68722-2-pieges-a-souris-bois-pecf.html
59459-59459;763455;175;20170122;https://www.jardiland.com/plantes/sapins-de-noel/supports-pieds-et-accessoires-de-sapin/59459-support-pour-sapin-de-noel-buche-o-60-mm.html
35589-55043;951360;175;20170122;https://www.jardiland.com/plantes/plantes-d-interieur/bonsais/ficus/35589-ficus-ginseng.html
36125-29437;941782;175;20170122;https://www.jardiland.com/plantes/plantes-d-interieur/plantes-vertes/zamioculcas/36125-zamioculcas-zamiifolia.html
36125-21119;642848;175;20170122;https://www.jardiland.com/plantes/plantes-d-interieur/plantes-vertes/zamioculcas/36125-zamioculcas-zamiifolia.html
54676-55744;632688;175;20170122;https://www.jardiland.com/plantes/plantes-d-interieur/plantes-vertes/scindapsus/54676-scindapsus.html
36066-29525;948643;175;20170122;https://www.jardiland.com/plantes/plantes-d-interieur/plantes-vertes/nolina-beaucarnea/36066-pied-d-elephant.html
36068-29724;969900;175;20170122;https://www.jardiland.com/plantes/plantes-d-interieur/plantes-vertes/pachira/36068-pachira-aquatica.html
36041-30787;981243;175;20170122;https://www.jardiland.com/plantes/plantes-d-interieur/plantes-vertes/helxine/36041-helxine-soleirolii-soleirolia.html
35993-20807;633617;175;20170122;https://www.jardiland.com/plantes/plantes-d-interieur/plantes-vertes/ficus/35993-ficus-benjamina-danielle.html
35968-38129;1346753;175;20170122;https://www.jardiland.com/plantes/plantes-d-interieur/plantes-vertes/dracaena/35968-dracaena-massangeana.html
35989-10235;1344436;175;20170122;https://www.jardiland.com/plantes/plantes-d-interieur/plantes-vertes/dracaena/35989-dracaena-fragrans-kanzi-mini-plante.html
35950-44405;633574;175;20170122;https://www.jardiland.com/plantes/plantes-d-interieur/plantes-vertes/cycas/35950-cycas-du-japon.html
35835-20908;634481;175;20170122;https://www.jardiland.com/plantes/plantes-d-interieur/plantes-fleuries/spathiphyllum/35835-spathiphyllum-sensation.html
48186-55756;1002265;175;20170122;https://www.jardiland.com/plantes/plantes-d-interieur/plantes-fleuries/lis/48186-lys-oriental.html
35784-20483;632097;175;20170122;https://www.jardiland.com/plantes/plantes-d-interieur/plantes-fleuries/gardenia/35784-gardenia-jasminoides-augusta.html
35730-20963;635078;175;20170122;https://www.jardiland.com/plantes/plantes-d-interieur/plantes-fleuries/anthurium/35730-anthurium-dakota.html
53819-53819;1254064;175;20170122;https://www.jardiland.com/plantes/graines-et-gazon/gazon-et-prairies-fleuries/prairie-fleurie/53819-prairie-fleurie-arbres-frutiers.html
46836-46836;1252920;175;20170122;https://www.jardiland.com/plantes/graines-et-gazon/gazon-et-prairies-fleuries/prairie-fleurie/46836-melange-pour-gibier-100-me.html
46694-46694;565889;175;20170122;https://www.jardiland.com/plantes/graines-et-gazon/graines-de-fleurs/fleurs-vivaces/46694-oeillet-mignardise-royal-rose.html
46717-46717;565511;175;20170122;https://www.jardiland.com/plantes/graines-et-gazon/graines-de-fleurs/fleurs-vivaces/46717-valeriane-des-jardins.html
46516-46516;565280;175;20170122;https://www.jardiland.com/plantes/graines-et-gazon/graines-de-fleurs/fleurs-annuelles/46516-sauge-splendens-naine-presto.html
46352-46352;565233;175;20170122;https://www.jardiland.com/plantes/graines-et-gazon/graines-de-fleurs/fleurs-annuelles/46352-petunia-nain-compact-melange.html
46526-46526;565231;175;20170122;https://www.jardiland.com/plantes/graines-et-gazon/graines-de-fleurs/fleurs-annuelles/46526-petunia-bleu-le-conseiller.html
46274-46274;565896;175;20170122;https://www.jardiland.com/plantes/graines-et-gazon/graines-de-fleurs/fleurs-bisannuelles/46274-pensee-sweetee.html
46512-46512;565903;175;20170122;https://www.jardiland.com/plantes/graines-et-gazon/graines-de-fleurs/fleurs-bisannuelles/46512-pensee-suisse-or-du-rhin.html
46515-46515;565899;175;20170122;https://www.jardiland.com/plantes/graines-et-gazon/graines-de-fleurs/fleurs-bisannuelles/46515-pensee-suisse-lueur-des-alpes.html
46513-46513;565902;175;20170122;https://www.jardiland.com/plantes/graines-et-gazon/graines-de-fleurs/fleurs-bisannuelles/46513-pensee-suisse-lac-des-alpes.html
46776-46776;565904;175;20170122;https://www.jardiland.com/plantes/graines-et-gazon/graines-de-fleurs/fleurs-bisannuelles/46776-pensee-suisse-crete-rouge.html
46273-46273;565897;175;20170122;https://www.jardiland.com/plantes/graines-et-gazon/graines-de-fleurs/fleurs-bisannuelles/46273-pensee-sahari-hybride-f1-en-melange.html
46693-46693;565892;175;20170122;https://www.jardiland.com/plantes/graines-et-gazon/graines-de-fleurs/fleurs-bisannuelles/46693-paquerette-super-pomponnette-variee.html
46281-46281;565894;175;20170122;https://www.jardiland.com/plantes/graines-et-gazon/graines-de-fleurs/fleurs-bisannuelles/46281-paquerette-super-pomponnette-rose.html
1042-1042;1253023;175;20170122;https://www.jardiland.com/plantes/graines-et-gazon/graines-de-fleurs/melange-mixte/1042-melange-massifs-bouquets-d-ete-3-me.html
46364-46364;565131;175;20170122;https://www.jardiland.com/plantes/graines-et-gazon/graines-de-fleurs/fleurs-annuelles/46364-lavatere-silver-cup-mont-blanc.html
46322-46322;565378;175;20170122;https://www.jardiland.com/plantes/graines-et-gazon/graines-de-fleurs/fleurs-vivaces/46322-freesia-geant-varie.html
46711-46711;565566;175;20170122;https://www.jardiland.com/plantes/graines-et-gazon/graines-de-fleurs/fleurs-annuelles/46711-dolique-lune-rouge.html
46290-46290;565819;175;20170122;https://www.jardiland.com/plantes/graines-et-gazon/graines-de-fleurs/fleurs-annuelles/46290-dahlia-romeo.html
53447-53447;602929;175;20170122;https://www.jardiland.com/plantes/graines-et-gazon/graines-de-fleurs/fleurs-annuelles/53447-cosmos-daydream.html
46227-46227;876791;175;20170122;https://www.jardiland.com/plantes/graines-et-gazon/graines-de-fleurs/fleurs-annuelles/46227-coquelicot-double-varie.html
46327-46327;565332;175;20170122;https://www.jardiland.com/plantes/graines-et-gazon/graines-de-fleurs/fleurs-annuelles/46327-clarkia-elegant-double-varie.html
46328-46328;565328;175;20170122;https://www.jardiland.com/plantes/graines-et-gazon/graines-de-fleurs/fleurs-annuelles/46328-chrysantheme-a-carene-merry-mixture.html
46292-46292;565814;175;20170122;https://www.jardiland.com/plantes/graines-et-gazon/graines-de-fleurs/fleurs-vivaces/46292-arabis-alpina-royal-rosea.html
46369-46369;565119;175;20170122;https://www.jardiland.com/plantes/graines-et-gazon/graines-de-fleurs/fleurs-annuelles/46369-anthemis-frutescens-blanc.html
3568-3568;564982;175;20170122;https://www.jardiland.com/plantes/graines-et-gazon/graines-de-fleurs/fleurs-vivaces/3568-ancolie-royal-geante-variee.html
46777-46777;565355;175;20170122;https://www.jardiland.com/plantes/graines-et-gazon/graines-de-fleurs/fleurs-vivaces/46777-alysse-saxatile-corbeille-d-or.html
46392-46392;564673;175;20170122;https://www.jardiland.com/plantes/graines-et-gazon/graines-potageres-et-aromatiques/courges-melons/46392-courge-decorative-halloween.html
52547-52547;564071;175;20170122;https://www.jardiland.com/plantes/graines-et-gazon/graines-potageres-et-aromatiques/radis-navets-carottes-et-autres-racines/52547-carotte-de-chantenay-a-coeur-rouge-2-1.html
41901-26728;857695;175;20170123;https://www.jardiland.com/plantes/bulbes-et-pommes-de-terre/bulbes-potagers-oignons-ail/ail/41901-ail-messidrome.html
35020-29219;931152;175;20170123;https://www.jardiland.com/plantes/bulbes-et-pommes-de-terre/bulbes-a-fleurs/amaryllis/35020-amaryllis.html
42078-18643;597274;175;20170123;https://www.jardiland.com/plantes/potager-et-verger/fruitiers/pommier/42078-pommier-reinette-grise-du-canada.html
34526-30903;992002;175;20170123;https://www.jardiland.com/plantes/potager-et-verger/fruitiers/lime/34526-oranger-amer.html
34535-17939;592822;175;20170123;https://www.jardiland.com/plantes/potager-et-verger/fruitiers/mandarinier/34535-mandarinier.html
36469-8481;1270252;175;20170123;https://www.jardiland.com/plantes/potager-et-verger/fruitiers/groseillier-a-grappes/36469-groseillier-a-grappes-london-market-rouge.html
36442-31084;997920;175;20170123;https://www.jardiland.com/plantes/potager-et-verger/fruitiers/framboisier/36442-framboisier-willamette.html
36458-43323;997918;175;20170123;https://www.jardiland.com/plantes/potager-et-verger/fruitiers/framboisier/36458-framboisier-golden-everest.html
36439-24429;746712;175;20170123;https://www.jardiland.com/plantes/potager-et-verger/fruitiers/figuier/36439-figuier-madeleine-des-deux-saisons.html
36416-28735;920150;175;20170123;https://www.jardiland.com/plantes/potager-et-verger/fruitiers/cassissier/36416-cassissier-andega.html
33948-16844;586412;175;20170123;https://www.jardiland.com/plantes/arbres-et-arbustes-d-ornement/coniferes/cypres-de-leyland/33948-x-cupressocyparis-leylandii.html
34029-6388;1010972;175;20170123;https://www.jardiland.com/plantes/arbres-et-arbustes-d-ornement/coniferes/pin/34029-pin-noir-pierrick-bregeon.html
61035-60298;678221;175;20170123;https://www.jardiland.com/plantes/arbres-et-arbustes-d-ornement/coniferes/epicea/61035-epicea-glauca-sander-s-blue.html
33951-7710;1244379;175;20170123;https://www.jardiland.com/plantes/arbres-et-arbustes-d-ornement/coniferes/cypres-de-leyland/33951-cypres-de-leyland-castlewellan-gold.html
33816-18312;595222;175;20170123;https://www.jardiland.com/plantes/arbres-et-arbustes-d-ornement/bambous/phyllostachys/33816-bambou-phyllostachys-aureosulcata-spectabilis.html
33817-18321;595269;175;20170123;https://www.jardiland.com/plantes/arbres-et-arbustes-d-ornement/bambous/phyllostachys/33817-bambou-phyllostachys-aurea.html
33864-14009;1424929;175;20170123;https://www.jardiland.com/plantes/arbres-et-arbustes-d-ornement/buis-et-topiaires/hibiscus-en-topiaire/33864-hibiscus-syriacus-hamabo.html
33847-56210;998533;175;20170123;https://www.jardiland.com/plantes/arbres-et-arbustes-d-ornement/buis-et-topiaires/buis/33847-buis-commun.html
33847-49835;721291;175;20170123;https://www.jardiland.com/plantes/arbres-et-arbustes-d-ornement/buis-et-topiaires/buis/33847-buis-commun.html
33847-29044;939496;175;20170123;https://www.jardiland.com/plantes/arbres-et-arbustes-d-ornement/buis-et-topiaires/buis/33847-buis-commun.html
33847-28024;890724;175;20170123;https://www.jardiland.com/plantes/arbres-et-arbustes-d-ornement/buis-et-topiaires/buis/33847-buis-commun.html
33847-27524;875969;175;20170123;https://www.jardiland.com/plantes/arbres-et-arbustes-d-ornement/buis-et-topiaires/buis/33847-buis-commun.html
33847-24067;733847;175;20170123;https://www.jardiland.com/plantes/arbres-et-arbustes-d-ornement/buis-et-topiaires/buis/33847-buis-commun.html
33847-16174;581751;175;20170123;https://www.jardiland.com/plantes/arbres-et-arbustes-d-ornement/buis-et-topiaires/buis/33847-buis-commun.html
33847-6217;1008219;175;20170123;https://www.jardiland.com/plantes/arbres-et-arbustes-d-ornement/buis-et-topiaires/buis/33847-buis-commun.html
33847-6088;1007980;175;20170123;https://www.jardiland.com/plantes/arbres-et-arbustes-d-ornement/buis-et-topiaires/buis/33847-buis-commun.html
34470-7508;1232409;175;20170123;https://www.jardiland.com/plantes/arbres-et-arbustes-d-ornement/plantes-grimpantes/lierre/34470-lierre-commun-glacier.html
34451-17504;589975;175;20170123;https://www.jardiland.com/plantes/arbres-et-arbustes-d-ornement/plantes-grimpantes/jasmin/34451-jasmin-rose.html
34440-19448;602465;175;20170123;https://www.jardiland.com/plantes/arbres-et-arbustes-d-ornement/plantes-grimpantes/glycine/34440-glycine-alba.html
34416-7432;1231204;175;20170123;https://www.jardiland.com/plantes/arbres-et-arbustes-d-ornement/plantes-grimpantes/clematite/34416-clematite-montana-vare-wilsonii.html
34384-48663;697589;175;20170123;https://www.jardiland.com/plantes/arbres-et-arbustes-d-ornement/plantes-grimpantes/clematite/34384-clematite-a-grandes-fleurs.html
34388-30621;981365;175;20170123;https://www.jardiland.com/plantes/arbres-et-arbustes-d-ornement/plantes-grimpantes/clematite/34388-clematite.html
34388-28453;908820;175;20170123;https://www.jardiland.com/plantes/arbres-et-arbustes-d-ornement/plantes-grimpantes/clematite/34388-clematite.html
34365-17616;592086;175;20170123;https://www.jardiland.com/plantes/arbres-et-arbustes-d-ornement/plantes-grimpantes/chevrefeuille/34365-chevrefeuille-de-henry.html
34369-30264;970714;175;20170123;https://www.jardiland.com/plantes/arbres-et-arbustes-d-ornement/plantes-grimpantes/chevrefeuille/34369-chevrefeuille-capriliar-imperial.html
41810-23563;718140;175;20170123;https://www.jardiland.com/plantes/arbres-et-arbustes-d-ornement/rosiers/rosiers-couvre-sols/41810-rosier-rushr-lenmobri-paysager.html
41774-38098;1337199;175;20170123;https://www.jardiland.com/plantes/arbres-et-arbustes-d-ornement/rosiers/rosiers-buissons/41774-rosier-la-parisienner-delpartricol-grandes-fleurs.html
34979-25442;819056;175;20170123;https://www.jardiland.com/plantes/arbres-et-arbustes-d-ornement/rosiers/rosiers-grimpants/34979-rosier-grimpant-a-grandes-fleurs.html
41845-38967;607880;175;20170123;https://www.jardiland.com/plantes/arbres-et-arbustes-d-ornement/rosiers/rosiers-grimpants/41845-rosier-peace-mme-a-meilland-grandes-fleurs.html
34323-45514;923192;175;20170123;https://www.jardiland.com/plantes/arbres-et-arbustes-d-ornement/plantes-de-terre-de-bruyere/rhododendron/34323-rhododendron-hybride-rouge.html
34293-13810;1416116;175;20170123;https://www.jardiland.com/plantes/arbres-et-arbustes-d-ornement/plantes-de-terre-de-bruyere/rhododendron/34293-rhododendron-xxl-grandes-fleurs.html
41584-29737;954119;175;20170123;https://www.jardiland.com/plantes/arbres-et-arbustes-d-ornement/plantes-de-terre-de-bruyere/rhododendron/41584-rhododendron.html
34256-53909;592538;175;20170123;https://www.jardiland.com/plantes/arbres-et-arbustes-d-ornement/plantes-de-terre-de-bruyere/magnolia/34256-magnolia-x-soulangeana.html
34256-27082;866746;175;20170123;https://www.jardiland.com/plantes/arbres-et-arbustes-d-ornement/plantes-de-terre-de-bruyere/magnolia/34256-magnolia-x-soulangeana.html
34258-30918;992505;175;20170123;https://www.jardiland.com/plantes/arbres-et-arbustes-d-ornement/plantes-de-terre-de-bruyere/magnolia/34258-magnolia-stellata.html
34245-17879;592302;175;20170123;https://www.jardiland.com/plantes/arbres-et-arbustes-d-ornement/plantes-de-terre-de-bruyere/magnolia/34245-magnolia-grandiflora-galissonniere.html
34249-17886;592420;175;20170123;https://www.jardiland.com/plantes/arbres-et-arbustes-d-ornement/plantes-de-terre-de-bruyere/magnolia/34249-magnolia-susan.html
34200-30389;974432;175;20170123;https://www.jardiland.com/plantes/arbres-et-arbustes-d-ornement/plantes-de-terre-de-bruyere/hortensia/34200-hortensia-paniculata-tardiva.html
34199-28382;905071;175;20170123;https://www.jardiland.com/plantes/arbres-et-arbustes-d-ornement/plantes-de-terre-de-bruyere/hortensia/34199-hortensia-paniculata-pink-diamond.html
34198-28456;908999;175;20170123;https://www.jardiland.com/plantes/arbres-et-arbustes-d-ornement/plantes-de-terre-de-bruyere/hortensia/34198-hortensia-paniculata-limelight-pbr.html
34166-17353;589154;175;20170123;https://www.jardiland.com/plantes/arbres-et-arbustes-d-ornement/plantes-de-terre-de-bruyere/hortensia/34166-hortensia-blaumeise-blue-sky.html
41567-15958;579161;175;20170123;https://www.jardiland.com/plantes/arbres-et-arbustes-d-ornement/plantes-de-terre-de-bruyere/erable-du-japon/41567-erable-du-japon.html
36135-12654;1393472;175;20170123;https://www.jardiland.com/plantes/arbres-et-arbustes-d-ornement/plantes-de-terre-de-bruyere/bruyere-erica/36135-bruyere-d-hiver.html
34267-27706;878834;175;20170123;https://www.jardiland.com/plantes/arbres-et-arbustes-d-ornement/plantes-de-terre-de-bruyere/nandina/34267-bambou-sacre.html
34062-16072;580054;175;20170123;https://www.jardiland.com/plantes/arbres-et-arbustes-d-ornement/plantes-de-terre-de-bruyere/azalee/34062-azalee-japonaise.html
34671-17729;591366;175;20170123;https://www.jardiland.com/plantes/arbres-et-arbustes-d-ornement/plantes-mediterraneennes/autres-plantes-mediterraneennes/34671-laurier-sauce.html
34780-48652;818299;175;20170123;https://www.jardiland.com/plantes/arbres-et-arbustes-d-ornement/plantes-mediterraneennes/laurier-rose/34780-laurier-rose.html
34721-46999;1420372;175;20170123;https://www.jardiland.com/plantes/arbres-et-arbustes-d-ornement/plantes-mediterraneennes/autres-plantes-mediterraneennes/34721-callistemon-masotti-pbr.html
33755-49762;601763;175;20170123;https://www.jardiland.com/plantes/arbres-et-arbustes-d-ornement/arbres-et-arbustes/viburnum/33755-viburnum-plicatum-lanarth.html
33712-11544;1369566;175;20170123;https://www.jardiland.com/plantes/arbres-et-arbustes-d-ornement/arbres-et-arbustes/troene/33712-troene-dore-de-californie.html
33583-60786;752159;175;20170123;https://www.jardiland.com/plantes/arbres-et-arbustes-d-ornement/arbres-et-arbustes/prunus/33583-prunus-serrulata-kanzan.html
33576-23803;723120;175;20170123;https://www.jardiland.com/plantes/arbres-et-arbustes-d-ornement/arbres-et-arbustes/prunus/33576-prunus-serrulata-amanogawa.html
33595-10029;1330961;175;20170123;https://www.jardiland.com/plantes/arbres-et-arbustes-d-ornement/arbres-et-arbustes/prunus/33595-prunus-serrulata.html
33366-30300;971462;175;20170123;https://www.jardiland.com/plantes/arbres-et-arbustes-d-ornement/arbres-et-arbustes/laurier-palme/33366-prunus-laurocerasus-caucasica-dart-s.html
33552-28478;910698;175;20170123;https://www.jardiland.com/plantes/arbres-et-arbustes-d-ornement/arbres-et-arbustes/potentille/33552-potentilla-fruticosa.html
33544-60795;839468;175;20170123;https://www.jardiland.com/plantes/arbres-et-arbustes-d-ornement/arbres-et-arbustes/pommier-d-ornement/33544-pommier-d-ornement-perpetur-evereste-pbr.html
33524-27607;876985;175;20170123;https://www.jardiland.com/plantes/arbres-et-arbustes-d-ornement/arbres-et-arbustes/physocarpe/33524-physocarpus-opulifolius-diable-d-orr-mindia.html
33520-60828;1211048;175;20170123;https://www.jardiland.com/plantes/arbres-et-arbustes-d-ornement/arbres-et-arbustes/photinia/33520-photinia-x-fraseri-nana.html
33519-30937;992989;175;20170123;https://www.jardiland.com/plantes/arbres-et-arbustes-d-ornement/arbres-et-arbustes/photinia/33519-photinia-x-fraseri-little-red-robin.html
33645-44970;1410570;175;20170123;https://www.jardiland.com/plantes/arbres-et-arbustes-d-ornement/arbres-et-arbustes/seringat/33645-philadelphus.html
33485-16560;584713;175;20170123;https://www.jardiland.com/plantes/arbres-et-arbustes-d-ornement/arbres-et-arbustes/oranger-du-mexique/33485-oranger-du-mexique-sundancer.html
33465-51875;724242;175;20170123;https://www.jardiland.com/plantes/arbres-et-arbustes-d-ornement/arbres-et-arbustes/millepertuis/33465-millepertuis-hidcote.html
33465-28524;916165;175;20170123;https://www.jardiland.com/plantes/arbres-et-arbustes-d-ornement/arbres-et-arbustes/millepertuis/33465-millepertuis-hidcote.html
33446-17851;592161;175;20170123;https://www.jardiland.com/plantes/arbres-et-arbustes-d-ornement/arbres-et-arbustes/lonicera/33446-lonicera-nitida.html
33353-7023;1021878;175;20170123;https://www.jardiland.com/plantes/arbres-et-arbustes-d-ornement/arbres-et-arbustes/houx/33353-ilex-aquifolium-myrtifolia.html
33317-17127;587733;175;20170123;https://www.jardiland.com/plantes/arbres-et-arbustes-d-ornement/arbres-et-arbustes/hetre/33317-hetre-commun.html
33281-43546;586699;175;20170123;https://www.jardiland.com/plantes/arbres-et-arbustes-d-ornement/arbres-et-arbustes/genet/33281-genet-a-balais-burkwoodii.html
33253-17097;587548;175;20170123;https://www.jardiland.com/plantes/arbres-et-arbustes-d-ornement/arbres-et-arbustes/fusain/33253-euonymus-japonicus-aureus.html
41528-22693;686222;175;20170123;https://www.jardiland.com/plantes/arbres-et-arbustes-d-ornement/arbres-et-arbustes/fusain/41528-euonymus-japonicus.html
33214-17019;587262;175;20170123;https://www.jardiland.com/plantes/arbres-et-arbustes-d-ornement/arbres-et-arbustes/escallonia/33214-escallonia-iveyi.html
33190-56210;998533;175;20170123;https://www.jardiland.com/plantes/arbres-et-arbustes-d-ornement/arbres-et-arbustes/erable/33190-erable-champetre.html
33190-49835;721291;175;20170123;https://www.jardiland.com/plantes/arbres-et-arbustes-d-ornement/arbres-et-arbustes/erable/33190-erable-champetre.html
33190-30971;993892;175;20170123;https://www.jardiland.com/plantes/arbres-et-arbustes-d-ornement/arbres-et-arbustes/erable/33190-erable-champetre.html
33190-28024;890724;175;20170123;https://www.jardiland.com/plantes/arbres-et-arbustes-d-ornement/arbres-et-arbustes/erable/33190-erable-champetre.html
33190-27524;875969;175;20170123;https://www.jardiland.com/plantes/arbres-et-arbustes-d-ornement/arbres-et-arbustes/erable/33190-erable-champetre.html
33190-16174;581751;175;20170123;https://www.jardiland.com/plantes/arbres-et-arbustes-d-ornement/arbres-et-arbustes/erable/33190-erable-champetre.html
33190-6088;1007980;175;20170123;https://www.jardiland.com/plantes/arbres-et-arbustes-d-ornement/arbres-et-arbustes/erable/33190-erable-champetre.html
33171-8716;1283748;175;20170123;https://www.jardiland.com/plantes/arbres-et-arbustes-d-ornement/arbres-et-arbustes/elaeagnus/33171-eleagnus-ebbingei-viveleg-r.html
33173-59073;1285715;175;20170123;https://www.jardiland.com/plantes/arbres-et-arbustes-d-ornement/arbres-et-arbustes/elaeagnus/33173-elaeagnus-x-ebbingei.html
33163-16924;586857;175;20170123;https://www.jardiland.com/plantes/arbres-et-arbustes-d-ornement/arbres-et-arbustes/deutzia/33163-deutzia-x-hybrida-perle-rose.html
33163-16922;586852;175;20170123;https://www.jardiland.com/plantes/arbres-et-arbustes-d-ornement/arbres-et-arbustes/deutzia/33163-deutzia-x-hybrida-perle-rose.html
33160-53892;586820;175;20170123;https://www.jardiland.com/plantes/arbres-et-arbustes-d-ornement/arbres-et-arbustes/deutzia/33160-deutzia-gracilis.html
33277-38742;586668;175;20170123;https://www.jardiland.com/plantes/arbres-et-arbustes-d-ornement/arbres-et-arbustes/genet/33277-cytisus-x-praecox-hollandia.html
33289-16885;586653;175;20170123;https://www.jardiland.com/plantes/arbres-et-arbustes-d-ornement/arbres-et-arbustes/genet/33289-cytisus-x-praecox-allgold.html
33288-47204;586642;175;20170123;https://www.jardiland.com/plantes/arbres-et-arbustes-d-ornement/arbres-et-arbustes/genet/33288-cytisus-x-praecox-albus.html
33279-38745;586687;175;20170123;https://www.jardiland.com/plantes/arbres-et-arbustes-d-ornement/arbres-et-arbustes/genet/33279-cytisus-scoparius-f-andreanus.html
33284-43547;586728;175;20170123;https://www.jardiland.com/plantes/arbres-et-arbustes-d-ornement/arbres-et-arbustes/genet/33284-cytisus-lena.html
33286-16879;586633;175;20170123;https://www.jardiland.com/plantes/arbres-et-arbustes-d-ornement/arbres-et-arbustes/genet/33286-cytisus.html
33148-16768;586155;175;20170123;https://www.jardiland.com/plantes/arbres-et-arbustes-d-ornement/arbres-et-arbustes/cotoneaster/33148-cotoneaster-laiteux.html
33119-21294;643055;175;20170123;https://www.jardiland.com/plantes/arbres-et-arbustes-d-ornement/arbres-et-arbustes/cornouiller/33119-cornouiller-blanc-sibirica.html
33137-22325;674971;175;20170123;https://www.jardiland.com/plantes/arbres-et-arbustes-d-ornement/arbres-et-arbustes/cornouiller/33137-cornouiller-a-bois-jaune-flaviramea.html
33098-8776;1284769;175;20170123;https://www.jardiland.com/plantes/arbres-et-arbustes-d-ornement/arbres-et-arbustes/cognassier-du-japon/33098-cognassier-a-fleurs.html
33094-25384;817825;175;20170123;https://www.jardiland.com/plantes/arbres-et-arbustes-d-ornement/arbres-et-arbustes/chene/33094-chene-des-marais.html
33064-16372;583285;175;20170123;https://www.jardiland.com/plantes/arbres-et-arbustes-d-ornement/arbres-et-arbustes/ceanothe/33064-ceanothus-x-pallidus-marie-simon.html
33069-16357;583156;175;20170123;https://www.jardiland.com/plantes/arbres-et-arbustes-d-ornement/arbres-et-arbustes/ceanothe/33069-ceanothus-griseus-var-horizontalis.html
33074-26133;838396;175;20170123;https://www.jardiland.com/plantes/arbres-et-arbustes-d-ornement/arbres-et-arbustes/ceanothe/33074-ceanothe-rampant.html
33074-16064;583303;175;20170123;https://www.jardiland.com/plantes/arbres-et-arbustes-d-ornement/arbres-et-arbustes/ceanothe/33074-ceanothe-rampant.html
32924-54350;739968;175;20170123;https://www.jardiland.com/plantes/arbres-et-arbustes-d-ornement/arbres-et-arbustes/abelia/32924-abelia-x-grandiflora-confettir-conti-pbr.html
