ID_WEB;ID_JDN;CODEMAG;DATE_ASPI;URLPRODUIT
54587-54587;1436103;161;20170120;https://www.jardiland.com/maison-deco/epicerie-fine/epicerie-sucree/miel-et-derive/54587-coffret-decouverte-5-verrines-de-miel.html
5793-5793;970819;161;20170120;https://www.jardiland.com/maison-deco/art-de-la-table/conserves-et-bocaux/accessoires/5793-moulin-a-coulis.html
52764-52764;1392267;161;20170120;https://www.jardiland.com/maison-deco/art-de-la-table/vaisselle/plateau-presentoir-et-set/52764-plateau-festonne-charlie.html
52551-52551;1466208;161;20170120;https://www.jardiland.com/maison-deco/art-de-la-table/vaisselle/bouteille-et-carafe/52551-bouteille-en-verre-avec-bouchon-liege.html
52554-52554;1466198;161;20170120;https://www.jardiland.com/maison-deco/art-de-la-table/vaisselle/tasse-bol-et-mug/52554-bol-en-terre-cuite-together.html
52553-52553;1466199;161;20170120;https://www.jardiland.com/maison-deco/art-de-la-table/vaisselle/assiette/52553-assiette-a-dessert-en-terre-cuite-together.html
2197-2197;1397387;161;20170120;https://www.jardiland.com/maison-deco/cache-pot-d-interieur/a-reserve-d-eau/autres-pots/2197-set-d-assemblage-cascadino.html
2649-2649;1395892;161;20170120;https://www.jardiland.com/maison-deco/cache-pot-d-interieur/cache-pot-simple/contenant-en-metal/2649-jardiniere-en-zinc-le-40-cm.html
46589-46589;1424450;161;20170120;https://www.jardiland.com/maison-deco/cache-pot-d-interieur/cache-pot-simple/ceramique/46589-cache-pot-mauve-amethyst-2-3-l.html
59720-59720;1212329;161;20170120;https://www.jardiland.com/maison-deco/librairie-papeterie/librairie/livre-jardin/59720-un-petit-potager-qui-vaut-le-coup.html
3388-3388;1424093;161;20170120;https://www.jardiland.com/maison-deco/librairie-papeterie/librairie/livre-cuisine-et-vin/3388-livre-super-plancha.html
4922-4922;790997;161;20170120;https://www.jardiland.com/maison-deco/cheminee/accessoires-de-cheminee/panier-a-buche/4922-panier-a-buches-en-osier-carre.html
1902-1902;1327016;161;20170120;https://www.jardiland.com/maison-deco/mobilier-d-interieur/1902-table-grand-modele-neven.html
56714-56714;1458368;161;20170120;https://www.jardiland.com/maison-deco/mobilier-d-interieur/56714-chaise-tracteur-noir.html
3258-3258;1410115;161;20170120;https://www.jardiland.com/maison-deco/objets-de-decoration/autres-objets-de-decoration/plateau-et-serviteur/3258-serviteur-en-bois-de-3-etages.html
3327-3327;1414595;161;20170120;https://www.jardiland.com/maison-deco/objets-de-decoration/autres-objets-de-decoration/autres-objets-de-decoration/3327-plateau-etoile-or-o-24-cm.html
52688-52688;1432952;161;20170120;https://www.jardiland.com/maison-deco/objets-de-decoration/autres-objets-de-decoration/plateau-et-serviteur/52688-mambo-sous-plateau-marron.html
52687-52687;1432953;161;20170120;https://www.jardiland.com/maison-deco/objets-de-decoration/autres-objets-de-decoration/plateau-et-serviteur/52687-mambo-sous-plateau-marron.html
3357-3357;1414626;161;20170120;https://www.jardiland.com/maison-deco/objets-de-decoration/autres-objets-de-decoration/autres-objets-de-decoration/3357-decoration-hibou-effet-enneige.html
36843-36843;1333854;161;20170120;https://www.jardiland.com/maison-deco/objets-de-decoration/figurines-et-peluches/peluche/36843-ours-en-peluche-avec-gants-et-bonnet-d-aviateur-h-20-cm.html
36840-36840;1333821;161;20170120;https://www.jardiland.com/maison-deco/objets-de-decoration/figurines-et-peluches/peluche/36840-lapin-en-peluche-h-30-cm.html
50073-50073;1456354;161;20170120;https://www.jardiland.com/maison-deco/objets-de-decoration/rangement-boites-et-paniers/coffret-et-boite-de-rangement/50073-sac-a-main-annie-violet.html
50084-50084;1456340;161;20170120;https://www.jardiland.com/maison-deco/objets-de-decoration/rangement-boites-et-paniers/boite-fantaisie/50084-porte-papiers-voiture-mode-beige-bleu.html
51040-51040;1416596;161;20170120;https://www.jardiland.com/maison-deco/objets-de-decoration/rangement-boites-et-paniers/boite-fantaisie/51040-plat-a-olives-pirogue-picholine-multicolore.html
58554-58554;1453602;161;20170120;https://www.jardiland.com/maison-deco/objets-de-decoration/coussins-et-plaids/plaid/58554-plaid-gris-en-fourrure-synthetique.html
3441-3441;1434251;161;20170120;https://www.jardiland.com/maison-deco/objets-de-decoration/plantes-artificielles/tige-fleurie/3441-herbe-graminee-boule-vert-artificielle.html
1698-1698;1380274;161;20170120;https://www.jardiland.com/maison-deco/objets-de-decoration/vases-coupes-et-accessoires/vase-et-coupe-en-verre/1698-vase-en-verre-amy-o-12-x-ho-24-cm.html
51569-51569;1417075;161;20170120;https://www.jardiland.com/maison-deco/objets-de-decoration/vases-coupes-et-accessoires/pot-et-coupe/51569-jardiniere-botanicae.html
52746-52746;1396617;161;20170120;https://www.jardiland.com/maison-deco/objets-de-decoration/vases-coupes-et-accessoires/pot-et-coupe/52746-coupe-vera-11-cm.html
1661-1661;1380268;161;20170120;https://www.jardiland.com/maison-deco/objets-de-decoration/vases-coupes-et-accessoires/vase-et-coupe-en-verre/1661-coupe-en-verre-ronde-dialo-o-28-x-ho-10-cm.html
14144-14144;1429472;161;20170120;https://www.jardiland.com/maison-deco/objets-de-decoration/bougies-et-senteurs/support-et-accessoires/14144-table-en-aluminium-naples-200-300cm.html
41187-41187;1402876;161;20170120;https://www.jardiland.com/maison-deco/objets-de-decoration/bougies-et-senteurs/parfum-d-ambiance-diffuseur-a-froid/41187-rose-bouquet-parfume-paris-chic-lampe-berger.html
32916-10309;1345623;161;20170120;https://www.jardiland.com/maison-deco/objets-de-decoration/bougies-et-senteurs/diffuseur-de-parfum-et-recharge/32916-lampe-berger-sweet-bubble.html
3339-3339;1414607;161;20170120;https://www.jardiland.com/maison-deco/objets-de-decoration/bougeoirs-photophores-et-lanternes/lanterne/3339-photophore-transparent-a-facette-ha-24-cm.html
52714-52714;1432922;161;20170120;https://www.jardiland.com/maison-deco/objets-de-decoration/bougeoirs-photophores-et-lanternes/lanterne/52714-photophore-noir.html
52717-52717;1432919;161;20170120;https://www.jardiland.com/maison-deco/objets-de-decoration/bougeoirs-photophores-et-lanternes/lanterne/52717-photophore-jaune.html
58541-58541;1453827;161;20170120;https://www.jardiland.com/maison-deco/objets-de-decoration/bougeoirs-photophores-et-lanternes/bougeoir-et-photophore-deco/58541-photophore-gris-en-metal-10-10-20-cm.html
3356-3356;1414625;161;20170120;https://www.jardiland.com/maison-deco/objets-de-decoration/bougeoirs-photophores-et-lanternes/bougeoir-et-photophore-deco/3356-photophore-animaux.html
3325-3325;1414593;161;20170120;https://www.jardiland.com/maison-deco/objets-de-decoration/bougeoirs-photophores-et-lanternes/bougeoir-et-photophore-deco/3325-bougeoir-geo-hexagonale-6-bougies-noir-et-or.html
55131-55131;1477610;161;20170120;https://www.jardiland.com/animaux/oiseau-de-la-nature/alimentation/55131-chitalpa-pink-dawn.html
32543-24630;796390;161;20170120;https://www.jardiland.com/animaux/reptiles-et-insectes/alimentation/boite-et-lyophilisee/32543-jbl-nourriture-tortue.html
32307-9705;1311066;161;20170120;https://www.jardiland.com/animaux/oiseau/cages-volieres-et-accessoires/equipement-de-cage-et-voliere/32307-mangeoire-en-metal-attache.html
935-935;1252470;161;20170120;https://www.jardiland.com/animaux/oiseau/cages-volieres-et-accessoires/cage/935-cage-rekord-3-1.html
53802-53802;1263943;161;20170120;https://www.jardiland.com/animaux/poisson/materiel-chauffage-filtres-et-pompes/produit-specifique-eau-de-mer/53802-jbl-densimetre.html
222-222;1014905;161;20170120;https://www.jardiland.com/animaux/poisson/materiel-chauffage-filtres-et-pompes/autres-accessoires/222-jbl-artemiomix.html
344-344;1018405;161;20170120;https://www.jardiland.com/animaux/poisson/decoration-pour-aquarium/decoration-d-aquarium/344-decoration-pierre-et-bonsai.html
944-944;1252879;161;20170120;https://www.jardiland.com/animaux/poisson/decoration-pour-aquarium/decoration-d-aquarium/944-decor-roche-plantee-t2-1.html
53694-53694;1438147;161;20170120;https://www.jardiland.com/animaux/poisson/decoration-pour-aquarium/decoration-d-aquarium/53694-decor-pierre.html
53684-53684;1438163;161;20170120;https://www.jardiland.com/animaux/poisson/decoration-pour-aquarium/decoration-d-aquarium/53684-decor-navire-a-voile.html
53706-53706;1409105;161;20170120;https://www.jardiland.com/animaux/poisson/decoration-pour-aquarium/decoration-d-aquarium/53706-decor-bonsai.html
32392-41279;1279657;161;20170120;https://www.jardiland.com/animaux/poisson/aquariums/meuble-pour-aquarium/32392-meuble-elegance-plus-100-1.html
32392-8556;1279647;161;20170120;https://www.jardiland.com/animaux/poisson/aquariums/meuble-pour-aquarium/32392-meuble-elegance-plus-100-1.html
32386-41382;1405450;161;20170120;https://www.jardiland.com/animaux/poisson/aquariums/aquarium-pour-poisson-d-eau-chaude/32386-aquarium-aquadream-led-60-1.html
48935-48935;1437084;161;20170120;https://www.jardiland.com/animaux/chat/hygiene-soins-et-litieres/bac-a-litiere-et-maison-de-toilette/48935-maison-de-toilette-fleurs.html
62892-62844;1439202;161;20170120;https://www.jardiland.com/animaux/chat/alimentation-et-friandises/boite-et-sachet-fraicheur/62892-schesir-patee-pour-chats-adultes-70-g.html
62896-62832;1439048;161;20170120;https://www.jardiland.com/animaux/chat/alimentation-et-friandises/boite-et-sachet-fraicheur/62896-schesir-patee-monodoseen-gelee-pour-chat-85-g.html
62896-62830;1439038;161;20170120;https://www.jardiland.com/animaux/chat/alimentation-et-friandises/boite-et-sachet-fraicheur/62896-schesir-patee-monodoseen-gelee-pour-chat-85-g.html
62896-62825;1439032;161;20170120;https://www.jardiland.com/animaux/chat/alimentation-et-friandises/boite-et-sachet-fraicheur/62896-schesir-patee-monodoseen-gelee-pour-chat-85-g.html
62896-62822;1439041;161;20170120;https://www.jardiland.com/animaux/chat/alimentation-et-friandises/boite-et-sachet-fraicheur/62896-schesir-patee-monodoseen-gelee-pour-chat-85-g.html
62894-62839;1439173;161;20170120;https://www.jardiland.com/animaux/chat/alimentation-et-friandises/boite-et-sachet-fraicheur/62894-schesir-patee-monodose-pour-chat-85-g.html
62894-62838;1439172;161;20170120;https://www.jardiland.com/animaux/chat/alimentation-et-friandises/boite-et-sachet-fraicheur/62894-schesir-patee-monodose-pour-chat-85-g.html
40898-40898;1406759;161;20170120;https://www.jardiland.com/animaux/chat/alimentation-et-friandises/boite-et-sachet-fraicheur/40898-royal-canin-ultra-light-jelly-x12-1.html
62893-62869;1439181;161;20170120;https://www.jardiland.com/animaux/chat/alimentation-et-friandises/boite-et-sachet-fraicheur/62893-patee-en-sauce-naturelle-pour-chat-70-g.html
1650-1650;1371018;161;20170120;https://www.jardiland.com/animaux/rongeurs-et-petits-mammiferes/jouets-et-exercices/roue-tube-et-autres-accessoires-de-jeux/1650-bois-a-ronger-petit-modele-monster.html
564-564;1254371;161;20170120;https://www.jardiland.com/animaux/chien/soins-antiparasitaires/insectifuge/564-collier-antiparasitaire-spotis.html
2433-2433;1378594;161;20170120;https://www.jardiland.com/animaux/chien/colliers-laisses-et-vetements/laisse-pour-chien/2433-vario-s-5-m-sangle-rose.html
2421-2421;1378574;161;20170120;https://www.jardiland.com/animaux/chien/colliers-laisses-et-vetements/laisse-pour-chien/2421-vario-s-5-m-cordon-marron.html
32122-26278;842298;161;20170120;https://www.jardiland.com/animaux/chien/colliers-laisses-et-vetements/pull-pour-chien/32122-pull-basic-pour-chien.html
32122-26272;842292;161;20170120;https://www.jardiland.com/animaux/chien/colliers-laisses-et-vetements/pull-pour-chien/32122-pull-basic-pour-chien.html
50853-50526;1405244;161;20170120;https://www.jardiland.com/animaux/chien/colliers-laisses-et-vetements/laisse-pour-chien/50853-laisse-retractable-cordon-new-classic-bleu.html
32103-24328;743682;161;20170120;https://www.jardiland.com/animaux/chien/colliers-laisses-et-vetements/manteau-pour-chien/32103-imper-basic-pour-chien.html
1192-1192;1372250;161;20170120;https://www.jardiland.com/animaux/chien/colliers-laisses-et-vetements/harnais/1192-harnais-pour-chien-love-star.html
32002-13299;1403904;161;20170120;https://www.jardiland.com/animaux/chien/colliers-laisses-et-vetements/accessoires/32002-harnais-de-randonnee-pour-chien.html
32110-12577;1394653;161;20170120;https://www.jardiland.com/animaux/chien/colliers-laisses-et-vetements/manteau-pour-chien/32110-doudoune-pour-chien.html
32010-15133;540909;161;20170120;https://www.jardiland.com/animaux/chien/colliers-laisses-et-vetements/collier-pour-chien/32010-collier-pour-chien-rive.html
32012-38636;540862;161;20170120;https://www.jardiland.com/animaux/chien/colliers-laisses-et-vetements/collier-pour-chien/32012-collier-pour-chien-avec-bord-arrondi.html
32012-15132;540850;161;20170120;https://www.jardiland.com/animaux/chien/colliers-laisses-et-vetements/collier-pour-chien/32012-collier-pour-chien-avec-bord-arrondi.html
50834-50548;1434662;161;20170120;https://www.jardiland.com/animaux/chien/colliers-laisses-et-vetements/collier-pour-chien/50834-collier-nylon-reglable.html
62918-11704;1372222;161;20170120;https://www.jardiland.com/animaux/chien/colliers-laisses-et-vetements/collier-pour-chien/62918-collier-nylon-pois.html
32204-15114;540450;161;20170120;https://www.jardiland.com/animaux/chien/jeux-et-jouets/jouet-en-caoutchouc-et-latex/32204-jouet-pour-chien-rubb-n-dental-os.html
32182-11867;1374153;161;20170120;https://www.jardiland.com/animaux/chien/jeux-et-jouets/corde/32182-jouet-pour-chien-doudou.html
57754-58591;1438208;161;20170120;https://www.jardiland.com/animaux/chien/jeux-et-jouets/autres-jouets/57754-jouet-os-3-en-1-pour-chiens.html
3483-3483;1434968;161;20170120;https://www.jardiland.com/animaux/chien/jeux-et-jouets/autres-jouets/3483-jouet-a-mordre-pour-chien-forme-de-baton.html
32201-7860;1248203;161;20170120;https://www.jardiland.com/animaux/chien/jeux-et-jouets/jouet-en-caoutchouc-et-latex/32201-haltere-pour-chien-black-purple.html
49990-49023;1441872;161;20170120;https://www.jardiland.com/animaux/chien/niches-couchage-et-transport/panier-et-sac-de-transport/49990-sac-transport-panama.html
31990-7077;1209703;161;20170120;https://www.jardiland.com/animaux/chien/alimentation-et-friandises/os-a-macher/31990-os-presses.html
52463-52185;1209402;161;20170120;https://www.jardiland.com/animaux/chien/alimentation-et-friandises/os-a-macher/52463-os-presse.html
31863-12658;1393668;161;20170120;https://www.jardiland.com/animaux/chien/alimentation-et-friandises/croquette-pour-chien/31863-dog-chow-adult-agneau-riz.html
31910-41461;1345158;161;20170120;https://www.jardiland.com/animaux/chien/alimentation-et-friandises/croquette-pour-chien/31910-croquettes-breed-health-nutrition-golden-retriever-junior.html
31158-55914;1441131;161;20170120;https://www.jardiland.com/amenagement-du-jardin/abris-de-jardin-serres-et-rangements/rangement-de-jardin/31158-coffre-de-rangement.html
2771-2771;1398372;161;20170120;https://www.jardiland.com/amenagement-du-jardin/loisirs-plein-air/piscines/2771-tapis-de-sol-pour-piscine-rondes.html
40843-40843;1254302;161;20170120;https://www.jardiland.com/amenagement-du-jardin/loisirs-plein-air/jouets/40843-grand-dauphin-a-chevaucher.html
2697-2697;1397142;161;20170120;https://www.jardiland.com/amenagement-du-jardin/decorations/autres-decorations/2697-oiseau-sur-pique.html
2389-2389;1397167;161;20170120;https://www.jardiland.com/amenagement-du-jardin/decorations/fontaines/2389-fontaine-seau-en-zinc-a-led-ha-80-cm.html
2388-2388;1397166;161;20170120;https://www.jardiland.com/amenagement-du-jardin/decorations/fontaines/2388-fontaine-seau-en-zinc-a-led-ha-55-cm.html
31293-12788;1397865;161;20170120;https://www.jardiland.com/amenagement-du-jardin/decorations/statues-et-figurines/31293-pique-de-jardin-abeille.html
31664-7605;1238045;161;20170120;https://www.jardiland.com/amenagement-du-jardin/pots-bacs-jardinieres-et-supports/tuteurs-et-supports-de-plante/tuteur/31664-tuteur-ecorce.html
2042-2042;1349587;161;20170120;https://www.jardiland.com/amenagement-du-jardin/pots-bacs-jardinieres-et-supports/tuteurs-et-supports-de-plante/tuteur/2042-topiaire-gabarit-canard.html
31484-13461;1404895;161;20170120;https://www.jardiland.com/amenagement-du-jardin/pots-bacs-jardinieres-et-supports/en-email/31484-vase-en-terre-cuite-croisette.html
31429-49262;1291521;161;20170120;https://www.jardiland.com/amenagement-du-jardin/pots-bacs-jardinieres-et-supports/en-email/31429-vase-a-rebord-en-email.html
31429-9019;1291518;161;20170120;https://www.jardiland.com/amenagement-du-jardin/pots-bacs-jardinieres-et-supports/en-email/31429-vase-a-rebord-en-email.html
31429-9018;1291517;161;20170120;https://www.jardiland.com/amenagement-du-jardin/pots-bacs-jardinieres-et-supports/en-email/31429-vase-a-rebord-en-email.html
31429-8368;1291542;161;20170120;https://www.jardiland.com/amenagement-du-jardin/pots-bacs-jardinieres-et-supports/en-email/31429-vase-a-rebord-en-email.html
31446-13368;1404057;161;20170120;https://www.jardiland.com/amenagement-du-jardin/pots-bacs-jardinieres-et-supports/en-email/31446-soucoupe-en-email.html
31446-13364;1404053;161;20170120;https://www.jardiland.com/amenagement-du-jardin/pots-bacs-jardinieres-et-supports/en-email/31446-soucoupe-en-email.html
31481-13424;1404120;161;20170120;https://www.jardiland.com/amenagement-du-jardin/pots-bacs-jardinieres-et-supports/en-email/31481-pot-roseau-en-email.html
31481-13423;1404119;161;20170120;https://www.jardiland.com/amenagement-du-jardin/pots-bacs-jardinieres-et-supports/en-email/31481-pot-roseau-en-email.html
31481-13418;1404114;161;20170120;https://www.jardiland.com/amenagement-du-jardin/pots-bacs-jardinieres-et-supports/en-email/31481-pot-roseau-en-email.html
31464-44547;1463775;161;20170120;https://www.jardiland.com/amenagement-du-jardin/pots-bacs-jardinieres-et-supports/en-email/31464-pot-en-email-austral.html
31464-10744;1352356;161;20170120;https://www.jardiland.com/amenagement-du-jardin/pots-bacs-jardinieres-et-supports/en-email/31464-pot-en-email-austral.html
31489-7605;1238045;161;20170120;https://www.jardiland.com/amenagement-du-jardin/pots-bacs-jardinieres-et-supports/en-fibre/31489-pot-en-fibre-conique.html
1351-1351;1289330;161;20170120;https://www.jardiland.com/amenagement-du-jardin/pots-bacs-jardinieres-et-supports/en-fibre/1351-jardiniere-en-fibre-dublin-gris-le-45-x-le-27-x-he-96-1.html
31572-11195;1360593;161;20170120;https://www.jardiland.com/amenagement-du-jardin/pots-bacs-jardinieres-et-supports/en-plastique/31572-soucoupe-en-plastique-romeo.html
31525-6842;1018016;161;20170120;https://www.jardiland.com/amenagement-du-jardin/pots-bacs-jardinieres-et-supports/en-plastique/31525-pot-rotomoule-cubo.html
31525-6824;1017952;161;20170120;https://www.jardiland.com/amenagement-du-jardin/pots-bacs-jardinieres-et-supports/en-plastique/31525-pot-rotomoule-cubo.html
31525-6800;1017926;161;20170120;https://www.jardiland.com/amenagement-du-jardin/pots-bacs-jardinieres-et-supports/en-plastique/31525-pot-rotomoule-cubo.html
31540-6829;1017967;161;20170120;https://www.jardiland.com/amenagement-du-jardin/pots-bacs-jardinieres-et-supports/en-plastique/31540-pot-maceta.html
31526-9377;1303719;161;20170120;https://www.jardiland.com/amenagement-du-jardin/pots-bacs-jardinieres-et-supports/en-plastique/31526-plateau-rond-cylindro.html
31526-6848;1018065;161;20170120;https://www.jardiland.com/amenagement-du-jardin/pots-bacs-jardinieres-et-supports/en-plastique/31526-plateau-rond-cylindro.html
31539-13153;1402576;161;20170120;https://www.jardiland.com/amenagement-du-jardin/pots-bacs-jardinieres-et-supports/en-plastique/31539-plateau-carre-rotomoule-cubo.html
31539-12485;1389717;161;20170120;https://www.jardiland.com/amenagement-du-jardin/pots-bacs-jardinieres-et-supports/en-plastique/31539-plateau-carre-rotomoule-cubo.html
31556-54781;1471652;161;20170120;https://www.jardiland.com/amenagement-du-jardin/pots-bacs-jardinieres-et-supports/en-plastique/31556-jardiniere-en-plastique-landhaus.html
31554-55253;1469873;161;20170120;https://www.jardiland.com/amenagement-du-jardin/pots-bacs-jardinieres-et-supports/en-plastique/31554-bac-en-plastique-landhaus.html
9058-9058;1291613;161;20170120;https://www.jardiland.com/amenagement-du-jardin/amenagement/treillages-pergolas-et-arches/pergola-et-arceau/9058-pot-en-email-dubai.html
2015-2015;1348550;161;20170120;https://www.jardiland.com/amenagement-du-jardin/amenagement/dalles-galets-et-pas-japonais/dalle/2015-pack-4-dalles-pierre-bleue.html
31175-10447;1348544;161;20170120;https://www.jardiland.com/amenagement-du-jardin/amenagement/dalles-galets-et-pas-japonais/dalle/31175-pack-4-dalles-douglas.html
21562-52422;976445;161;20170120;https://www.jardiland.com/amenagement-du-jardin/amenagement/dalles-galets-et-pas-japonais/galet-et-gravier/21562-galets-decoratifs-zen.html
21562-30570;976444;161;20170120;https://www.jardiland.com/amenagement-du-jardin/amenagement/dalles-galets-et-pas-japonais/galet-et-gravier/21562-galets-decoratifs-zen.html
31170-6060;1015497;161;20170120;https://www.jardiland.com/amenagement-du-jardin/amenagement/dalles-galets-et-pas-japonais/dalle/31170-dalle-gazon.html
2914-2914;1404697;161;20170120;https://www.jardiland.com/amenagement-du-jardin/amenagement/occultations/2914-panneau-en-osier-non-pele-entrelace-a-planter.html
31203-9513;1302286;161;20170120;https://www.jardiland.com/amenagement-du-jardin/amenagement/occultations/31203-canisse-double-face-ovale.html
40483-39237;643396;161;20170120;https://www.jardiland.com/amenagement-du-jardin/barbecues-cuisine-exterieur/autres/accessoires-de-barbecue/40483-planche-a-cuire.html
40484-39543;723658;161;20170120;https://www.jardiland.com/amenagement-du-jardin/barbecues-cuisine-exterieur/autres/accessoires-de-barbecue/40484-grille-de-barbecue.html
46638-46638;1364132;161;20170120;https://www.jardiland.com/amenagement-du-jardin/barbecues-cuisine-exterieur/autres/accessoires-de-barbecue/46638-chariot-en-chene-et-inox.html
5921-5921;990832;161;20170120;https://www.jardiland.com/amenagement-du-jardin/barbecues-cuisine-exterieur/plancha/5921-plancha-a-poser-irun.html
42116-42116;1352027;161;20170120;https://www.jardiland.com/amenagement-du-jardin/barbecues-cuisine-exterieur/a-gaz/42116-barbecue-a-gaz-weber-q-3200-1.html
31297-29712;964648;161;20170120;https://www.jardiland.com/amenagement-du-jardin/eclairage-et-chauffage-d-exterieur/bougies-d-exterieur/31297-huile-vegetale-parfumee-lelia.html
31301-12796;1400681;161;20170120;https://www.jardiland.com/amenagement-du-jardin/eclairage-et-chauffage-d-exterieur/bougies-d-exterieur/31301-bougie-en-terrine-taille-s.html
36648-36648;1429520;161;20170120;https://www.jardiland.com/amenagement-du-jardin/eclairage-et-chauffage-d-exterieur/eclairage-solaire/36648-luminaire-carillon-hibou.html
40515-37971;1288993;161;20170120;https://www.jardiland.com/amenagement-du-jardin/parasols-tonnelles-et-voiles-d-ombrage/voiles-d-ombrage/40515-store-d-ombrage-exterieur-sable.html
31411-12721;1394838;161;20170120;https://www.jardiland.com/amenagement-du-jardin/parasols-tonnelles-et-voiles-d-ombrage/parasols-et-accessoires/parasol-en-metal/31411-parasol-colore-o-2-m.html
31404-30737;979605;161;20170120;https://www.jardiland.com/amenagement-du-jardin/parasols-tonnelles-et-voiles-d-ombrage/parasols-et-accessoires/parasol-en-metal/31404-parasol-artico.html
31329-29519;948406;161;20170120;https://www.jardiland.com/amenagement-du-jardin/mobilier-de-jardin/accessoires-coussins-et-entretien/entretien-lasure-et-accessoires/31329-saturateur-haute-protection-incolore.html
31321-10647;1350701;161;20170120;https://www.jardiland.com/amenagement-du-jardin/mobilier-de-jardin/accessoires-coussins-et-entretien/coussin/31321-polochon.html
2698-2698;1397143;161;20170120;https://www.jardiland.com/amenagement-du-jardin/mobilier-de-jardin/mobilier-enfant/petit-mobilier/2698-fauteuil-pour-enfant.html
2568-2568;1394298;161;20170120;https://www.jardiland.com/amenagement-du-jardin/mobilier-de-jardin/bains-de-soleil-et-hamacs/transat-et-chilienne/2568-repose-jambes-next-air-comfort.html
31336-12266;1394726;161;20170120;https://www.jardiland.com/amenagement-du-jardin/mobilier-de-jardin/bains-de-soleil-et-hamacs/banc/31336-banc-louisiane.html
2733-2733;1398247;161;20170120;https://www.jardiland.com/amenagement-du-jardin/mobilier-de-jardin/salon-de-jardin/salon-en-bi-matiere/2733-table-doris.html
36696-36696;1429497;161;20170120;https://www.jardiland.com/amenagement-du-jardin/mobilier-de-jardin/salon-de-jardin/salon-en-metal/36696-table-de-jardin-en-aluminium-elena-gris.html
36697-36697;1295263;161;20170120;https://www.jardiland.com/amenagement-du-jardin/mobilier-de-jardin/salon-de-jardin/salon-en-resine-tressee/36697-table-carolina.html
36683-36683;1429496;161;20170120;https://www.jardiland.com/amenagement-du-jardin/mobilier-de-jardin/salon-de-jardin/salon-en-bi-matiere/36683-salon-de-jardin-set-de-5-pieces-lounge.html
2740-2740;1398255;161;20170120;https://www.jardiland.com/amenagement-du-jardin/mobilier-de-jardin/salon-de-jardin/salon-en-resine-tressee/2740-salon-de-jardin-maputo.html
2747-2747;1398262;161;20170120;https://www.jardiland.com/amenagement-du-jardin/mobilier-de-jardin/salon-de-jardin/salon-en-resine-tressee/2747-fauteuil-en-resine-tressee-california.html
58310-58310;577241;161;20170120;https://www.jardiland.com/jardinage/bricolage-droguerie/insecticides-menagers/insecticide-volant-et-rampant/58310-piege-a-guepes-pomme.html
5885-5885;981745;161;20170120;https://www.jardiland.com/jardinage/arrosage/arrosage-goutte-a-goutte/5885-derivation-en-t-13-mm-x3-1.html
4566-4566;574393;161;20170120;https://www.jardiland.com/jardinage/outils-a-moteur/autres-outils-a-moteur/accessoires/4566-lame-pour-tondeuse-36-cm-ns.html
5798-5798;971022;161;20170120;https://www.jardiland.com/jardinage/outils-a-moteur/autres-outils-a-moteur/desherbeur/5798-desherbeur-thermique-garden-torch-cv-470-pz.html
58186-58102;576900;161;20170120;https://www.jardiland.com/jardinage/outils-a-moteur/autres-outils-a-moteur/accessoires/58186-chaine-de-tronconneuse-56-maillons.html
48360-48360;1402356;161;20170120;https://www.jardiland.com/jardinage/outils-et-materiel-du-jardinier/outils-de-taille/secateur/48360-secateur-concave-170-mm.html
3937-3937;573938;161;20170121;https://www.jardiland.com/jardinage/outils-et-materiel-du-jardinier/grands-outils-de-jardin/binette-houe-et-serfouette/3937-binette-facon-nanterre.html
4608-4608;576353;161;20170121;https://www.jardiland.com/jardinage/outils-et-materiel-du-jardinier/grands-outils-de-jardin/bechee-louchet-et-pelle/4608-beche-senlis-a-rebord.html
4882-4882;697625;161;20170121;https://www.jardiland.com/jardinage/equipement-du-jardinier/vetements/4882-kit-de-protection-pro.html
50837-47048;1433748;161;20170121;https://www.jardiland.com/jardinage/equipement-du-jardinier/vetements/50837-chapeau-paille-homme.html
50838-47046;1433744;161;20170121;https://www.jardiland.com/jardinage/equipement-du-jardinier/vetements/50838-chapeau-ajoure-paille-homme.html
32712-13526;1405167;161;20170121;https://www.jardiland.com/jardinage/equipement-du-jardinier/bottes-et-sabots/32712-bottes-en-caoutchouc-active-attitude.html
32792-53174;577899;161;20170121;https://www.jardiland.com/jardinage/entretien-et-traitements/traitements-des-plantes-et-lutte-bio/autres-traitements/32792-mastic-a-cicatriser.html
5999-24678;803509;161;20170121;https://www.jardiland.com/jardinage/entretien-et-traitements/engrais/engrais-pour-arbres-et-fleurs-du-jardin/5999-engrais-coniferes-et-arbres-jardiland.html
36776-36776;1302348;161;20170121;https://www.jardiland.com/jardinage/entretien-et-traitements/anti-nuisibles-pieges-et-repulsifs/lutte-contre-les-rats-souris-taupes-et-rongeurs/36776-souris-pate.html
43388-42538;1314721;161;20170121;https://www.jardiland.com/jardinage/paillage-et-amendement/paillage/autres-paillages/43388-copeaux-de-bois-naturels.html
59459-59459;763455;161;20170121;https://www.jardiland.com/plantes/sapins-de-noel/supports-pieds-et-accessoires-de-sapin/59459-support-pour-sapin-de-noel-buche-o-60-mm.html
40836-39493;706054;161;20170121;https://www.jardiland.com/plantes/sapins-de-noel/supports-pieds-et-accessoires-de-sapin/40836-pied-de-sapin-en-fer.html
13424-13424;1404120;161;20170121;https://www.jardiland.com/plantes/plantes-artificielles/plantes-artificielles/plante/13424-pot-roseau-en-email.html
16930-16930;586886;161;20170121;https://www.jardiland.com/plantes/plantes-artificielles/plantes-artificielles/fruit-et-legume/16930-deutzia-x-rosea-carminea.html
35589-28603;917724;161;20170121;https://www.jardiland.com/plantes/plantes-d-interieur/bonsais/ficus/35589-ficus-ginseng.html
35668-25922;830965;161;20170121;https://www.jardiland.com/plantes/plantes-d-interieur/cactus-et-plantes-grasses/sansevieria/35668-sansevieria-trifasciata-hahnii.html
35652-64609;920326;161;20170121;https://www.jardiland.com/plantes/plantes-d-interieur/cactus-et-plantes-grasses/haworthia/35652-haworthia.html
35643-22813;688904;161;20170121;https://www.jardiland.com/plantes/plantes-d-interieur/cactus-et-plantes-grasses/echinocactus/35643-echinocactus-grusonii.html
36113-21757;654786;161;20170121;https://www.jardiland.com/plantes/plantes-d-interieur/plantes-vertes/senecio/36113-senecio-himalaya-mini-plante.html
36098-20922;634602;161;20170121;https://www.jardiland.com/plantes/plantes-d-interieur/plantes-vertes/schefflera/36098-schefflera-arboricola-charlotte.html
36085-56088;1416322;161;20170121;https://www.jardiland.com/plantes/plantes-d-interieur/plantes-vertes/platycerium/36085-platycerium-bifurcatum.html
36066-52286;642031;161;20170121;https://www.jardiland.com/plantes/plantes-d-interieur/plantes-vertes/nolina-beaucarnea/36066-pied-d-elephant.html
36066-30829;985862;161;20170121;https://www.jardiland.com/plantes/plantes-d-interieur/plantes-vertes/nolina-beaucarnea/36066-pied-d-elephant.html
36078-20741;633144;161;20170121;https://www.jardiland.com/plantes/plantes-d-interieur/plantes-vertes/philodendron-monstera/36078-philodendron-pertusum.html
36077-27982;885620;161;20170121;https://www.jardiland.com/plantes/plantes-d-interieur/plantes-vertes/philodendron-monstera/36077-philodendron-xanadu.html
35972-44983;1305814;161;20170121;https://www.jardiland.com/plantes/plantes-d-interieur/plantes-vertes/dracaena/35972-dracaena-marginata-bicolor-mini-plante.html
35989-10235;1344436;161;20170121;https://www.jardiland.com/plantes/plantes-d-interieur/plantes-vertes/dracaena/35989-dracaena-fragrans-kanzi-mini-plante.html
35953-20439;632051;161;20170121;https://www.jardiland.com/plantes/plantes-d-interieur/plantes-vertes/cyperus/35953-cyperus-alternifolius.html
35941-24157;737221;161;20170121;https://www.jardiland.com/plantes/plantes-d-interieur/plantes-vertes/cordyline/35941-cordyline-fructicosa-kiwi.html
35939-20623;632705;161;20170121;https://www.jardiland.com/plantes/plantes-d-interieur/plantes-vertes/cocos/35939-cocos-nucifera.html
35865-20724;633084;161;20170121;https://www.jardiland.com/plantes/plantes-d-interieur/plantes-vertes/asparagus/35865-asparagus-falcatus.html
35859-20729;633100;161;20170121;https://www.jardiland.com/plantes/plantes-d-interieur/plantes-vertes/areca/35859-areca-lutescens.html
40734-59967;1499938;161;20170121;https://www.jardiland.com/plantes/plantes-d-interieur/orchidees/phalaenopsis/40734-orchidee-phalaenopsis-mini.html
35826-21129;652416;161;20170121;https://www.jardiland.com/plantes/plantes-d-interieur/plantes-fleuries/rosier-miniature/35826-rosier-kordanar-mini-plante.html
48186-55756;1002265;161;20170121;https://www.jardiland.com/plantes/plantes-d-interieur/plantes-fleuries/lis/48186-lys-oriental.html
35802-23112;709909;161;20170121;https://www.jardiland.com/plantes/plantes-d-interieur/plantes-fleuries/kalanchoe/35802-kalanchoe-thyrsiflora.html
35787-20331;631730;161;20170121;https://www.jardiland.com/plantes/plantes-d-interieur/plantes-fleuries/guzmania/35787-guzmania-mini-plante.html
35784-20483;632097;161;20170121;https://www.jardiland.com/plantes/plantes-d-interieur/plantes-fleuries/gardenia/35784-gardenia-jasminoides-augusta.html
62703-62640;1000238;161;20170121;https://www.jardiland.com/plantes/plantes-d-interieur/plantes-fleuries/tillandsia/62703-fille-de-l-air.html
35776-20846;643216;161;20170121;https://www.jardiland.com/plantes/plantes-d-interieur/plantes-fleuries/cyclamen/35776-cyclamen-a-grandes-fleurs-mini-plante.html
35752-22819;689205;161;20170121;https://www.jardiland.com/plantes/plantes-d-interieur/plantes-fleuries/azalee/35752-azalee-d-interieur.html
35730-7293;1225177;161;20170121;https://www.jardiland.com/plantes/plantes-d-interieur/plantes-fleuries/anthurium/35730-anthurium-dakota.html
53834-53834;1017826;161;20170121;https://www.jardiland.com/plantes/graines-et-gazon/gazon-et-prairies-fleuries/prairie-fleurie/53834-prairie-pour-attirer-les-papillons.html
53816-53816;1254083;161;20170121;https://www.jardiland.com/plantes/graines-et-gazon/gazon-et-prairies-fleuries/prairie-fleurie/53816-prairie-fleurie-fleurs-des-pres.html
40722-38397;566220;161;20170121;https://www.jardiland.com/plantes/graines-et-gazon/gazon-et-prairies-fleuries/gazon-pour-terrain-sec/40722-gazon-terrain-sec.html
53576-53576;564016;161;20170121;https://www.jardiland.com/plantes/graines-et-gazon/engrais-vert/53576-moutarde-500-g.html
53820-53820;1251503;161;20170121;https://www.jardiland.com/plantes/graines-et-gazon/graines-ludiques-et-kits/kits-pour-enfants/53820-radis-cherry-belle.html
53803-53803;1260217;161;20170121;https://www.jardiland.com/plantes/graines-et-gazon/graines-ludiques-et-kits/kits-pour-enfants/53803-melange-pour-papillons.html
53822-53822;1251492;161;20170121;https://www.jardiland.com/plantes/graines-et-gazon/graines-ludiques-et-kits/kits-pour-enfants/53822-capucine-jewel-of-africa.html
3757-3757;565073;161;20170121;https://www.jardiland.com/plantes/graines-et-gazon/graines-de-fleurs/fleurs-annuelles/3757-salpiglossis-varie.html
962-962;1252960;161;20170121;https://www.jardiland.com/plantes/graines-et-gazon/graines-de-fleurs/melange-mixte/962-melange-pour-zones-ombragees-8-me.html
1043-1043;1253024;161;20170121;https://www.jardiland.com/plantes/graines-et-gazon/graines-de-fleurs/melange-mixte/1043-melange-pour-terrains-difficiles-8-me.html
1044-1044;1253027;161;20170121;https://www.jardiland.com/plantes/graines-et-gazon/graines-de-fleurs/melange-mixte/1044-melange-pour-repousser-les-pucerons-8-me.html
2302-2302;1373873;161;20170121;https://www.jardiland.com/plantes/graines-et-gazon/graines-de-fleurs/melange-mixte/2302-melange-massif-fleurs-tapissantes-8-me.html
4293-4293;565491;161;20170121;https://www.jardiland.com/plantes/graines-et-gazon/graines-de-fleurs/fleurs-annuelles/4293-fortunia-cascade-purple-wave.html
53385-53385;878016;161;20170121;https://www.jardiland.com/plantes/graines-et-gazon/graines-de-fleurs/fleurs-annuelles/53385-chassis-metal-zinc-3-pots-fleurs.html
53846-53846;1016442;161;20170121;https://www.jardiland.com/plantes/graines-et-gazon/graines-potageres-et-aromatiques/salades/53846-laitue-deliane-bio.html
35585-14831;565990;161;20170121;https://www.jardiland.com/plantes/graines-et-gazon/graines-potageres-et-aromatiques/haricots/35585-haricot-oxinel.html
53851-53851;1016430;161;20170121;https://www.jardiland.com/plantes/graines-et-gazon/graines-potageres-et-aromatiques/radis-navets-carottes-et-autres-racines/53851-betterave-de-detroit-bio.html
35380-56947;1286428;161;20170121;https://www.jardiland.com/plantes/bulbes-et-pommes-de-terre/bulbes-a-fleurs/tulipe/35380-tulipes-triomphe-en-melange.html
56573-56573;1470901;161;20170121;https://www.jardiland.com/plantes/bulbes-et-pommes-de-terre/bulbes-a-fleurs/tulipe/56573-tulipes-simples-hatives-en-melange.html
56556-56556;1470918;161;20170121;https://www.jardiland.com/plantes/bulbes-et-pommes-de-terre/bulbes-a-fleurs/tulipe/56556-tulipes-doubles-tardives-en-melange.html
56676-56676;1470793;161;20170121;https://www.jardiland.com/plantes/bulbes-et-pommes-de-terre/bulbes-a-fleurs/tulipe/56676-tulipes-botaniques-kaufmanniana-en-melange.html
56683-56683;1470786;161;20170121;https://www.jardiland.com/plantes/bulbes-et-pommes-de-terre/bulbes-a-fleurs/tulipe/56683-tulipe-double-hative-global-desire.html
35248-10365;1346515;161;20170121;https://www.jardiland.com/plantes/bulbes-et-pommes-de-terre/bulbes-a-fleurs/jacinthe/35248-jacinthe-pink-pearl.html
35262-12769;1396550;161;20170121;https://www.jardiland.com/plantes/bulbes-et-pommes-de-terre/bulbes-a-fleurs/jacinthe/35262-jacinthe-aiolos.html
35149-26771;860984;161;20170121;https://www.jardiland.com/plantes/bulbes-et-pommes-de-terre/bulbes-a-fleurs/crocus/35149-crocus-speciosus-aitchinsonii.html
57104-57104;1429634;161;20170121;https://www.jardiland.com/plantes/bulbes-et-pommes-de-terre/bulbes-a-fleurs/tulipe/57104-add-love-tulipe-double-finola.html
41988-40458;992086;161;20170121;https://www.jardiland.com/plantes/potager-et-verger/fruitiers/autres-fruitiers/41988-ziziphus-jujuba-zizyphus.html
42091-53975;597163;161;20170121;https://www.jardiland.com/plantes/potager-et-verger/fruitiers/pommier/42091-pommier-harmonier-delorina.html
52440-23677;720047;161;20170121;https://www.jardiland.com/plantes/potager-et-verger/fruitiers/nectarinier/52440-nectarinier-nectared-jaune.html
42022-23675;720045;161;20170121;https://www.jardiland.com/plantes/potager-et-verger/fruitiers/nectarinier/42022-nectarinier-fantasia-jaune.html
34535-25503;819921;161;20170121;https://www.jardiland.com/plantes/potager-et-verger/fruitiers/mandarinier/34535-mandarinier.html
34523-40226;933459;161;20170121;https://www.jardiland.com/plantes/potager-et-verger/fruitiers/kumquat/34523-kumquat-kucli.html
36442-31084;997920;161;20170121;https://www.jardiland.com/plantes/potager-et-verger/fruitiers/framboisier/36442-framboisier-willamette.html
42012-17146;587850;161;20170121;https://www.jardiland.com/plantes/potager-et-verger/fruitiers/figuier/42012-figuier-goutte-d-or.html
36420-55282;1474620;161;20170121;https://www.jardiland.com/plantes/potager-et-verger/fruitiers/figuier/36420-figuier.html
34520-22982;714779;161;20170121;https://www.jardiland.com/plantes/potager-et-verger/fruitiers/clementinier/34520-clementinier.html
41992-43114;853452;161;20170121;https://www.jardiland.com/plantes/potager-et-verger/fruitiers/cerisier/41992-cerisier-bigarreau-van.html
33621-29709;953725;161;20170121;https://www.jardiland.com/plantes/potager-et-verger/plantes-aromatiques/romarin/33621-romarin-rampant-repens.html
41534-14966;1454760;161;20170121;https://www.jardiland.com/plantes/potager-et-verger/plantes-aromatiques/lavande/41534-lavande-hidcote.html
33379-17751;591486;161;20170121;https://www.jardiland.com/plantes/potager-et-verger/plantes-aromatiques/lavande/33379-lavande.html
34038-7983;1251294;161;20170121;https://www.jardiland.com/plantes/arbres-et-arbustes-d-ornement/coniferes/thuya/34038-thuja-occidentalis.html
34024-8573;1280178;161;20170121;https://www.jardiland.com/plantes/arbres-et-arbustes-d-ornement/coniferes/pin/34024-pin-de-montagne.html
33987-49337;1210335;161;20170121;https://www.jardiland.com/plantes/arbres-et-arbustes-d-ornement/coniferes/genevrier/33987-juniperus-procumbens-nana.html
33992-59267;818322;161;20170121;https://www.jardiland.com/plantes/arbres-et-arbustes-d-ornement/coniferes/ginkgo/33992-ginkgo-biloba.html
33954-24529;750769;161;20170121;https://www.jardiland.com/plantes/arbres-et-arbustes-d-ornement/coniferes/epicea/33954-epicea-glauca-conica.html
33942-43185;902798;161;20170121;https://www.jardiland.com/plantes/arbres-et-arbustes-d-ornement/coniferes/cypres/33942-cupressus-sempervirens.html
41560-23480;722108;161;20170121;https://www.jardiland.com/plantes/arbres-et-arbustes-d-ornement/coniferes/cypres/41560-cupressus-macrocarpa-goldcrest.html
33918-16542;584500;161;20170121;https://www.jardiland.com/plantes/arbres-et-arbustes-d-ornement/coniferes/chamaecyparis/33918-chamaecyparis-pisifera-sungold.html
33830-55314;1474622;161;20170121;https://www.jardiland.com/plantes/arbres-et-arbustes-d-ornement/bambous/pseudosasa/33830-bambou-pseudosasa-japonica-bambusa-metake.html
33830-29785;955302;161;20170121;https://www.jardiland.com/plantes/arbres-et-arbustes-d-ornement/bambous/pseudosasa/33830-bambou-pseudosasa-japonica-bambusa-metake.html
33828-10708;1368312;161;20170121;https://www.jardiland.com/plantes/arbres-et-arbustes-d-ornement/bambous/pleioblastus/33828-bambou-pleioblastus.html
33820-52911;920057;161;20170121;https://www.jardiland.com/plantes/arbres-et-arbustes-d-ornement/bambous/phyllostachys/33820-bambou-phyllostachys-bissetii.html
33818-56147;902093;161;20170121;https://www.jardiland.com/plantes/arbres-et-arbustes-d-ornement/bambous/phyllostachys/33818-bambou-phyllostachys-aureosulcata.html
33817-21518;650520;161;20170121;https://www.jardiland.com/plantes/arbres-et-arbustes-d-ornement/bambous/phyllostachys/33817-bambou-phyllostachys-aurea.html
33811-18374;595398;161;20170121;https://www.jardiland.com/plantes/arbres-et-arbustes-d-ornement/bambous/phyllostachys/33811-bambou-noir-phyllostachys-nigra.html
33797-60713;1479957;161;20170121;https://www.jardiland.com/plantes/arbres-et-arbustes-d-ornement/bambous/fargesia/33797-bambou-fargesia-robusta.html
33798-27732;879532;161;20170121;https://www.jardiland.com/plantes/arbres-et-arbustes-d-ornement/bambous/fargesia/33798-bambou-fargesia-murieliae-rufa.html
33808-60712;1480007;161;20170121;https://www.jardiland.com/plantes/arbres-et-arbustes-d-ornement/bambous/fargesia/33808-bambou-fargesia-angustissima.html
33809-53090;1469699;161;20170121;https://www.jardiland.com/plantes/arbres-et-arbustes-d-ornement/bambous/fargesia/33809-bambou-fargesia.html
33877-44216;1457278;161;20170121;https://www.jardiland.com/plantes/arbres-et-arbustes-d-ornement/buis-et-topiaires/laurier-en-topiaire/33877-laurier-sauce.html
33872-13529;1405193;161;20170121;https://www.jardiland.com/plantes/arbres-et-arbustes-d-ornement/buis-et-topiaires/houx-en-topiaire/33872-houx-crenele-kinme.html
33847-22165;667829;161;20170121;https://www.jardiland.com/plantes/arbres-et-arbustes-d-ornement/buis-et-topiaires/buis/33847-buis-commun.html
34464-7900;1248833;161;20170121;https://www.jardiland.com/plantes/arbres-et-arbustes-d-ornement/plantes-grimpantes/lierre/34464-lierre-des-canaries.html
34470-17296;588687;161;20170121;https://www.jardiland.com/plantes/arbres-et-arbustes-d-ornement/plantes-grimpantes/lierre/34470-lierre-commun-glacier.html
34470-7508;1232409;161;20170121;https://www.jardiland.com/plantes/arbres-et-arbustes-d-ornement/plantes-grimpantes/lierre/34470-lierre-commun-glacier.html
34468-8205;1259648;161;20170121;https://www.jardiland.com/plantes/arbres-et-arbustes-d-ornement/plantes-grimpantes/lierre/34468-lierre-commun.html
34468-8108;1255529;161;20170121;https://www.jardiland.com/plantes/arbres-et-arbustes-d-ornement/plantes-grimpantes/lierre/34468-lierre-commun.html
34441-7931;1250299;161;20170121;https://www.jardiland.com/plantes/arbres-et-arbustes-d-ornement/plantes-grimpantes/glycine/34441-glycine-honbeni.html
34434-11530;1374939;161;20170121;https://www.jardiland.com/plantes/arbres-et-arbustes-d-ornement/plantes-grimpantes/glycine/34434-glycine-amethyst-falls.html
34412-45156;899852;161;20170121;https://www.jardiland.com/plantes/arbres-et-arbustes-d-ornement/plantes-grimpantes/clematite/34412-clematite-mayleen.html
34353-14421;1439858;161;20170121;https://www.jardiland.com/plantes/arbres-et-arbustes-d-ornement/plantes-grimpantes/bignone/34353-bignone-stromboli.html
41818-20471;643489;161;20170121;https://www.jardiland.com/plantes/arbres-et-arbustes-d-ornement/rosiers/rosiers-couvre-sols/41818-rosier-paysager.html
61016-60203;641299;161;20170121;https://www.jardiland.com/plantes/arbres-et-arbustes-d-ornement/rosiers/rosiers-grimpants/61016-rosier-grimpant-a-grandes-fleurs-pierre-de-ronsardr-meiviolin.html
41872-21340;643490;161;20170121;https://www.jardiland.com/plantes/arbres-et-arbustes-d-ornement/rosiers/rosiers-grimpants/41872-rosier-grimpant-a-grandes-fleurs-collection-generale.html
41800-21662;653122;161;20170121;https://www.jardiland.com/plantes/arbres-et-arbustes-d-ornement/rosiers/rosiers-buissons/41800-rosier-ancien.html
34989-7774;1248491;161;20170121;https://www.jardiland.com/plantes/arbres-et-arbustes-d-ornement/rosiers/rosiers-grimpants/34989-rosier-neige-d-avril-ancien.html
41835-29720;968205;161;20170121;https://www.jardiland.com/plantes/arbres-et-arbustes-d-ornement/rosiers/rosiers-grimpants/41835-rosa-banksiae-lutea-ancien.html
34323-59012;599567;161;20170121;https://www.jardiland.com/plantes/arbres-et-arbustes-d-ornement/plantes-de-terre-de-bruyere/rhododendron/34323-rhododendron-hybride-rouge.html
34320-25966;833144;161;20170121;https://www.jardiland.com/plantes/arbres-et-arbustes-d-ornement/plantes-de-terre-de-bruyere/rhododendron/34320-rhododendron-hybride.html
34326-7976;1251017;161;20170121;https://www.jardiland.com/plantes/arbres-et-arbustes-d-ornement/plantes-de-terre-de-bruyere/rhododendron/34326-rhododendron-graziella-ponticum.html
34232-55867;1458703;161;20170121;https://www.jardiland.com/plantes/arbres-et-arbustes-d-ornement/plantes-de-terre-de-bruyere/leucothoe/34232-leucothoe.html
34117-55147;579190;161;20170121;https://www.jardiland.com/plantes/arbres-et-arbustes-d-ornement/plantes-de-terre-de-bruyere/erable-du-japon/34117-erable-du-japon-pourpre.html
34140-44085;1465054;161;20170121;https://www.jardiland.com/plantes/arbres-et-arbustes-d-ornement/plantes-de-terre-de-bruyere/erable-du-japon/34140-erable-du-japon-viridis.html
34122-31041;996792;161;20170121;https://www.jardiland.com/plantes/arbres-et-arbustes-d-ornement/plantes-de-terre-de-bruyere/erable-du-japon/34122-erable-du-japon-deshojo.html
41567-55305;1474618;161;20170121;https://www.jardiland.com/plantes/arbres-et-arbustes-d-ornement/plantes-de-terre-de-bruyere/erable-du-japon/41567-erable-du-japon.html
41568-28025;890743;161;20170121;https://www.jardiland.com/plantes/arbres-et-arbustes-d-ornement/plantes-de-terre-de-bruyere/erable-du-japon/41568-erable-de-japon-garnet.html
34090-9824;1315915;161;20170121;https://www.jardiland.com/plantes/arbres-et-arbustes-d-ornement/plantes-de-terre-de-bruyere/bois-joli-daphne/34090-daphne-x-transatlantica-eternal-fragrance.html
34109-28236;900606;161;20170121;https://www.jardiland.com/plantes/arbres-et-arbustes-d-ornement/plantes-de-terre-de-bruyere/camelia/34109-camelia-d-automne.html
41566-14433;1440246;161;20170121;https://www.jardiland.com/plantes/arbres-et-arbustes-d-ornement/plantes-de-terre-de-bruyere/camelia/41566-camelia.html
34672-24737;804542;161;20170121;https://www.jardiland.com/plantes/arbres-et-arbustes-d-ornement/plantes-mediterraneennes/autres-plantes-mediterraneennes/34672-troene-du-japon-texanum.html
34706-54002;601246;161;20170121;https://www.jardiland.com/plantes/arbres-et-arbustes-d-ornement/plantes-mediterraneennes/autres-plantes-mediterraneennes/34706-tibouchina-urvilleana.html
34768-6260;1009127;161;20170121;https://www.jardiland.com/plantes/arbres-et-arbustes-d-ornement/plantes-mediterraneennes/autres-plantes-mediterraneennes/34768-sauge-pluenn-r.html
34680-18483;596414;161;20170121;https://www.jardiland.com/plantes/arbres-et-arbustes-d-ornement/plantes-mediterraneennes/autres-plantes-mediterraneennes/34680-pittosporum-tenuifolium-variegatum.html
52454-51745;1388864;161;20170121;https://www.jardiland.com/plantes/arbres-et-arbustes-d-ornement/plantes-mediterraneennes/autres-plantes-mediterraneennes/52454-pittosporum-tenuifolium-silver-queen.html
34686-25446;819128;161;20170121;https://www.jardiland.com/plantes/arbres-et-arbustes-d-ornement/plantes-mediterraneennes/autres-plantes-mediterraneennes/34686-phillyrea-angustifolia.html
34846-44758;1225877;161;20170121;https://www.jardiland.com/plantes/arbres-et-arbustes-d-ornement/plantes-mediterraneennes/palmiers/34846-palmier-nain-bleu-cerifera.html
34803-42813;584570;161;20170121;https://www.jardiland.com/plantes/arbres-et-arbustes-d-ornement/plantes-mediterraneennes/palmiers/34803-palmier-nain.html
34854-55293;1474625;161;20170121;https://www.jardiland.com/plantes/arbres-et-arbustes-d-ornement/plantes-mediterraneennes/palmiers/34854-palmier-miniature-de-chusan.html
34678-44914;1400020;161;20170121;https://www.jardiland.com/plantes/arbres-et-arbustes-d-ornement/plantes-mediterraneennes/autres-plantes-mediterraneennes/34678-myrte-de-tarente.html
34678-24332;744214;161;20170121;https://www.jardiland.com/plantes/arbres-et-arbustes-d-ornement/plantes-mediterraneennes/autres-plantes-mediterraneennes/34678-myrte-de-tarente.html
34677-21400;647572;161;20170121;https://www.jardiland.com/plantes/arbres-et-arbustes-d-ornement/plantes-mediterraneennes/autres-plantes-mediterraneennes/34677-myrte-commun.html
34784-18060;593762;161;20170121;https://www.jardiland.com/plantes/arbres-et-arbustes-d-ornement/plantes-mediterraneennes/laurier-rose/34784-laurier-rose-a-fleurs-saumon.html
34591-16439;583896;161;20170121;https://www.jardiland.com/plantes/arbres-et-arbustes-d-ornement/plantes-mediterraneennes/autres-plantes-mediterraneennes/34591-jasmin-de-nuit.html
34616-16957;586943;161;20170121;https://www.jardiland.com/plantes/arbres-et-arbustes-d-ornement/plantes-mediterraneennes/autres-plantes-mediterraneennes/34616-dorycnium-hirsutum.html
34813-51978;665823;161;20170121;https://www.jardiland.com/plantes/arbres-et-arbustes-d-ornement/plantes-mediterraneennes/palmiers/34813-cycas-du-japon.html
34807-37977;1306712;161;20170121;https://www.jardiland.com/plantes/arbres-et-arbustes-d-ornement/plantes-mediterraneennes/palmiers/34807-cordyline-australis-red-star.html
34807-16652;585554;161;20170121;https://www.jardiland.com/plantes/arbres-et-arbustes-d-ornement/plantes-mediterraneennes/palmiers/34807-cordyline-australis-red-star.html
34555-51724;1463045;161;20170121;https://www.jardiland.com/plantes/arbres-et-arbustes-d-ornement/plantes-mediterraneennes/autres-plantes-mediterraneennes/34555-callistemon-masotti-mini-red.html
34721-12235;1389127;161;20170121;https://www.jardiland.com/plantes/arbres-et-arbustes-d-ornement/plantes-mediterraneennes/autres-plantes-mediterraneennes/34721-callistemon-masotti-pbr.html
34545-7762;1245284;161;20170121;https://www.jardiland.com/plantes/arbres-et-arbustes-d-ornement/plantes-mediterraneennes/autres-plantes-mediterraneennes/34545-bignone-a-vrilles.html
33731-52055;1464589;161;20170121;https://www.jardiland.com/plantes/arbres-et-arbustes-d-ornement/arbres-et-arbustes/viburnum/33731-viburnum-tinus-lisaroser.html
33640-23135;696353;161;20170121;https://www.jardiland.com/plantes/arbres-et-arbustes-d-ornement/arbres-et-arbustes/saule/33640-saule-marsault-pleureur-pendula-kilmarnock.html
33689-29613;951175;161;20170121;https://www.jardiland.com/plantes/arbres-et-arbustes-d-ornement/arbres-et-arbustes/sureau/33689-sambucus-nigra-black-lace-eva-pbr.html
33629-7651;1240194;161;20170121;https://www.jardiland.com/plantes/arbres-et-arbustes-d-ornement/arbres-et-arbustes/saule/33629-salix-viminalis.html
33360-7150;1213479;161;20170121;https://www.jardiland.com/plantes/arbres-et-arbustes-d-ornement/arbres-et-arbustes/laurier-palme/33360-prunus-lusitanica-variegata.html
33363-18778;597824;161;20170121;https://www.jardiland.com/plantes/arbres-et-arbustes-d-ornement/arbres-et-arbustes/laurier-palme/33363-prunus-laurocerasus-otto-luyken.html
33556-18684;597487;161;20170121;https://www.jardiland.com/plantes/arbres-et-arbustes-d-ornement/arbres-et-arbustes/potentille/33556-potentilla-fruticosa-goldfinger.html
33525-30482;974301;161;20170121;https://www.jardiland.com/plantes/arbres-et-arbustes-d-ornement/arbres-et-arbustes/physocarpe/33525-physocarpus-opulifolius.html
33525-11502;1369183;161;20170121;https://www.jardiland.com/plantes/arbres-et-arbustes-d-ornement/arbres-et-arbustes/physocarpe/33525-physocarpus-opulifolius.html
33511-21983;659054;161;20170121;https://www.jardiland.com/plantes/arbres-et-arbustes-d-ornement/arbres-et-arbustes/photinia/33511-photinia-x-fraseri-red-robin.html
33651-25074;809996;161;20170121;https://www.jardiland.com/plantes/arbres-et-arbustes-d-ornement/arbres-et-arbustes/seringat/33651-philadelphus-virginalis-minnesota-snowflake.html
33493-21527;650807;161;20170121;https://www.jardiland.com/plantes/arbres-et-arbustes-d-ornement/arbres-et-arbustes/orme/33493-orme-lutecer-nanguen.html
33543-21722;663331;161;20170121;https://www.jardiland.com/plantes/arbres-et-arbustes-d-ornement/arbres-et-arbustes/pommier-d-ornement/33543-malus-coccinellar-courtarou-pbr.html
33454-14757;1449875;161;20170121;https://www.jardiland.com/plantes/arbres-et-arbustes-d-ornement/arbres-et-arbustes/mahonia/33454-mahonia-soft-caress.html
33446-17851;592161;161;20170121;https://www.jardiland.com/plantes/arbres-et-arbustes-d-ornement/arbres-et-arbustes/lonicera/33446-lonicera-nitida.html
33442-60572;672786;161;20170121;https://www.jardiland.com/plantes/arbres-et-arbustes-d-ornement/arbres-et-arbustes/liquidambar/33442-liquidambar-styraciflua.html
41531-18535;597855;161;20170121;https://www.jardiland.com/plantes/arbres-et-arbustes-d-ornement/arbres-et-arbustes/laurier-palme/41531-laurier-du-portugal-angustifolia.html
33349-55130;1478539;161;20170121;https://www.jardiland.com/plantes/arbres-et-arbustes-d-ornement/arbres-et-arbustes/houx/33349-ilex-x-meserveae-blue-angel.html
33348-58950;748039;161;20170121;https://www.jardiland.com/plantes/arbres-et-arbustes-d-ornement/arbres-et-arbustes/houx/33348-ilex-aquifolium-argentea-marginata.html
33347-55458;752346;161;20170121;https://www.jardiland.com/plantes/arbres-et-arbustes-d-ornement/arbres-et-arbustes/houx/33347-ilex-aquifolium-alaska.html
33327-17316;588921;161;20170121;https://www.jardiland.com/plantes/arbres-et-arbustes-d-ornement/arbres-et-arbustes/hibiscus/33327-hibiscus-syriacus-pink-giantr.html
33728-27537;876417;161;20170121;https://www.jardiland.com/plantes/arbres-et-arbustes-d-ornement/arbres-et-arbustes/veronique-arbustive/33728-hebe-golden-esk.html
33255-30463;973933;161;20170121;https://www.jardiland.com/plantes/arbres-et-arbustes-d-ornement/arbres-et-arbustes/fusain/33255-euonymus-japonicus-bravo.html
33266-59196;705432;161;20170121;https://www.jardiland.com/plantes/arbres-et-arbustes-d-ornement/arbres-et-arbustes/fusain/33266-euonymus-fortunei-emerald-n-gold.html
33219-17027;587310;161;20170121;https://www.jardiland.com/plantes/arbres-et-arbustes-d-ornement/arbres-et-arbustes/escallonia/33219-escallonia-rubra-crimson-spire.html
41526-53234;692833;161;20170121;https://www.jardiland.com/plantes/arbres-et-arbustes-d-ornement/arbres-et-arbustes/escallonia/41526-escallonia-laevis.html
33218-53195;720143;161;20170121;https://www.jardiland.com/plantes/arbres-et-arbustes-d-ornement/arbres-et-arbustes/escallonia/33218-escallonia-red-dream.html
33216-22947;692835;161;20170121;https://www.jardiland.com/plantes/arbres-et-arbustes-d-ornement/arbres-et-arbustes/escallonia/33216-escallonia-apple-blossom.html
33194-12301;1381603;161;20170121;https://www.jardiland.com/plantes/arbres-et-arbustes-d-ornement/arbres-et-arbustes/erable/33194-erable-tataricum-ginnala.html
33186-15955;579152;161;20170121;https://www.jardiland.com/plantes/arbres-et-arbustes-d-ornement/arbres-et-arbustes/erable/33186-erable-negundo-flamingo.html
33190-22165;667829;161;20170121;https://www.jardiland.com/plantes/arbres-et-arbustes-d-ornement/arbres-et-arbustes/erable/33190-erable-champetre.html
33173-54664;960540;161;20170121;https://www.jardiland.com/plantes/arbres-et-arbustes-d-ornement/arbres-et-arbustes/elaeagnus/33173-elaeagnus-x-ebbingei.html
33173-44095;1464941;161;20170121;https://www.jardiland.com/plantes/arbres-et-arbustes-d-ornement/arbres-et-arbustes/elaeagnus/33173-elaeagnus-x-ebbingei.html
33161-16919;586828;161;20170121;https://www.jardiland.com/plantes/arbres-et-arbustes-d-ornement/arbres-et-arbustes/deutzia/33161-deutzia-gracilis-nikko.html
33168-16426;586899;161;20170121;https://www.jardiland.com/plantes/arbres-et-arbustes-d-ornement/arbres-et-arbustes/deutzia/33168-deutzia-crenata-pride-of-rochester.html
33147-16758;586132;161;20170121;https://www.jardiland.com/plantes/arbres-et-arbustes-d-ornement/arbres-et-arbustes/cotoneaster/33147-cotoneaster-horizontalis.html
33145-16744;586104;161;20170121;https://www.jardiland.com/plantes/arbres-et-arbustes-d-ornement/arbres-et-arbustes/cotoneaster/33145-cotoneaster-de-franchet.html
33142-16733;586078;161;20170121;https://www.jardiland.com/plantes/arbres-et-arbustes-d-ornement/arbres-et-arbustes/cotoneaster/33142-cotoneaster-dammeri.html
33132-11613;1370366;161;20170121;https://www.jardiland.com/plantes/arbres-et-arbustes-d-ornement/arbres-et-arbustes/cornouiller/33132-cornouiller-male.html
32975-55131;1477610;161;20170121;https://www.jardiland.com/plantes/arbres-et-arbustes-d-ornement/arbres-et-arbustes/autres-arbres-et-arbustes/32975-chitalpa-pink-dawn.html
33079-22536;693421;161;20170121;https://www.jardiland.com/plantes/arbres-et-arbustes-d-ornement/arbres-et-arbustes/charme/33079-charme-commun.html
33074-26007;834638;161;20170121;https://www.jardiland.com/plantes/arbres-et-arbustes-d-ornement/arbres-et-arbustes/ceanothe/33074-ceanothe-rampant.html
33074-16377;583310;161;20170121;https://www.jardiland.com/plantes/arbres-et-arbustes-d-ornement/arbres-et-arbustes/ceanothe/33074-ceanothe-rampant.html
43394-42941;644732;161;20170121;https://www.jardiland.com/plantes/arbres-et-arbustes-d-ornement/arbres-et-arbustes/ceanothe/43394-ceanothe.html
33013-16105;581073;161;20170121;https://www.jardiland.com/plantes/arbres-et-arbustes-d-ornement/arbres-et-arbustes/berberis/33013-berberis-thunbergii-rose-glow.html
33002-56149;900125;161;20170121;https://www.jardiland.com/plantes/arbres-et-arbustes-d-ornement/arbres-et-arbustes/berberis/33002-berberis-thunbergii-atropurpurea.html
32959-16786;586235;161;20170121;https://www.jardiland.com/plantes/arbres-et-arbustes-d-ornement/arbres-et-arbustes/aubepine/32959-aubepine-paul-s-scarlet.html
32933-54145;1475859;161;20170121;https://www.jardiland.com/plantes/arbres-et-arbustes-d-ornement/arbres-et-arbustes/abelia/32933-abelia-x-grandiflora-sunshine-daydreamr-cov.html
32924-54350;739968;161;20170121;https://www.jardiland.com/plantes/arbres-et-arbustes-d-ornement/arbres-et-arbustes/abelia/32924-abelia-x-grandiflora-confettir-conti-pbr.html
32931-28167;897622;161;20170121;https://www.jardiland.com/plantes/arbres-et-arbustes-d-ornement/arbres-et-arbustes/abelia/32931-abelia-x-grandiflora-kaleidoscope.html
