ID_WEB;ID_JDN;CODEMAG;DATE_ASPI;URLPRODUIT
1805-1805;1338989;77;20170112;https://www.jardiland.com/maison-deco/epicerie-fine/epicerie-sucree/thee-tisane-et-infusion/1805-tisage-bio-sommeil-jasmin.html
5189-5189;951088;77;20170112;https://www.jardiland.com/maison-deco/art-de-la-table/conserves-et-bocaux/accessoires/5189-tuyau-gaz-butane-propane-nf.html
48400-48400;1321381;77;20170112;https://www.jardiland.com/maison-deco/art-de-la-table/conserves-et-bocaux/congelation/48400-sacs-sous-vide-gauffres-20-x-30-x-50-cm.html
5793-5793;970819;77;20170112;https://www.jardiland.com/maison-deco/art-de-la-table/conserves-et-bocaux/accessoires/5793-moulin-a-coulis.html
48399-48399;1321386;77;20170112;https://www.jardiland.com/maison-deco/art-de-la-table/conserves-et-bocaux/congelation/48399-conditionneuse-sous-vide-120-w.html
52471-52252;1319636;77;20170112;https://www.jardiland.com/maison-deco/art-de-la-table/vaisselle/plat-de-service/52471-saladier-mycolours.html
52471-52242;1319632;77;20170112;https://www.jardiland.com/maison-deco/art-de-la-table/vaisselle/plat-de-service/52471-saladier-mycolours.html
48249-57515;1398646;77;20170112;https://www.jardiland.com/maison-deco/art-de-la-table/vaisselle/tasse-bol-et-mug/48249-mug-juliet.html
52772-52772;1392241;77;20170112;https://www.jardiland.com/maison-deco/art-de-la-table/vaisselle/tasse-bol-et-mug/52772-coffret-dejeuner-oiseaux.html
52867-52867;1319658;77;20170112;https://www.jardiland.com/maison-deco/art-de-la-table/vaisselle/coupe-et-coupelle/52867-bloc-refrigerant-pour-carafes.html
437-437;1233761;77;20170112;https://www.jardiland.com/maison-deco/art-de-la-table/vaisselle/vaisselle-decoree/437-assiette-en-verre-a-relief-o-25-cm.html
2197-2197;1397387;77;20170112;https://www.jardiland.com/maison-deco/cache-pot-d-interieur/a-reserve-d-eau/autres-pots/2197-set-d-assemblage-cascadino.html
32856-28619;918394;77;20170112;https://www.jardiland.com/maison-deco/cache-pot-d-interieur/a-reserve-d-eau/resine/32856-pot-cubico-cottage.html
32856-6897;1018716;77;20170112;https://www.jardiland.com/maison-deco/cache-pot-d-interieur/a-reserve-d-eau/resine/32856-pot-cubico-cottage.html
32866-10527;1349960;77;20170112;https://www.jardiland.com/maison-deco/cache-pot-d-interieur/cache-pot-simple/cache-pot-aimante/32866-pot-aimante-cube-kalamitica.html
32866-10520;1349953;77;20170112;https://www.jardiland.com/maison-deco/cache-pot-d-interieur/cache-pot-simple/cache-pot-aimante/32866-pot-aimante-cube-kalamitica.html
32866-10517;1349950;77;20170112;https://www.jardiland.com/maison-deco/cache-pot-d-interieur/cache-pot-simple/cache-pot-aimante/32866-pot-aimante-cube-kalamitica.html
32866-8386;1263374;77;20170112;https://www.jardiland.com/maison-deco/cache-pot-d-interieur/cache-pot-simple/cache-pot-aimante/32866-pot-aimante-cube-kalamitica.html
32879-10284;1345186;77;20170112;https://www.jardiland.com/maison-deco/cache-pot-d-interieur/cache-pot-simple/pot-special-orchidee-et-accessoires/32879-cache-pot-orchidee-brillant-brussels.html
3295-3295;1410313;77;20170112;https://www.jardiland.com/maison-deco/cache-pot-d-interieur/cache-pot-simple/porte-plante/3295-cache-pot-en-fer-enduit-decoratif-he-39-cm.html
48963-48963;1306255;77;20170112;https://www.jardiland.com/maison-deco/hygiene-de-la-maison/48963-terres-de-sommieres.html
48965-48965;1306233;77;20170112;https://www.jardiland.com/maison-deco/hygiene-de-la-maison/48965-bicarbonate-de-soude.html
59635-59635;992120;77;20170112;https://www.jardiland.com/maison-deco/librairie-papeterie/librairie/livre-animal/59635-tortues-aquatiques.html
59719-59719;1226624;77;20170112;https://www.jardiland.com/maison-deco/librairie-papeterie/librairie/livre-jardin/59719-arbres-de-a-a-z.html
2205-2205;1399751;77;20170112;https://www.jardiland.com/maison-deco/cheminee/accessoires-de-cheminee/serviteur/2205-valet-de-cheminee-ajoure.html
5490-5490;911923;77;20170112;https://www.jardiland.com/maison-deco/cheminee/accessoires-de-cheminee/accessoires/5490-soufflet-en-pin-blanc-ceruse-azur.html
5488-5488;911918;77;20170112;https://www.jardiland.com/maison-deco/cheminee/accessoires-de-cheminee/accessoires/5488-soufflet-en-cuir-et-pin-du-chili-blanc.html
5489-5489;911922;77;20170112;https://www.jardiland.com/maison-deco/cheminee/accessoires-de-cheminee/accessoires/5489-soufflet-de-cheminee-en-pin-blanc-ceruse-terre.html
5147-5147;790957;77;20170112;https://www.jardiland.com/maison-deco/cheminee/accessoires-de-cheminee/accessoires/5147-pincette-en-fer-forge-de-cheminee.html
2208-2208;1399754;77;20170112;https://www.jardiland.com/maison-deco/cheminee/accessoires-de-cheminee/accessoires/2208-pelle-a-granule-anthracite.html
52573-52573;1455420;77;20170112;https://www.jardiland.com/maison-deco/mobilier-d-interieur/52573-table-basse-brest-h-43-cm-ronde-bois.html
36830-36830;1432352;77;20170112;https://www.jardiland.com/maison-deco/mobilier-d-interieur/36830-table-2-tabouret-en-mosaique-vert-loren.html
56725-56725;1455418;77;20170112;https://www.jardiland.com/maison-deco/mobilier-d-interieur/56725-etagere-capri-37-x-26-x-99-cm-metal.html
56724-56724;1455419;77;20170112;https://www.jardiland.com/maison-deco/mobilier-d-interieur/56724-etagere-capri-43-x-32-x-140-cm-metal.html
58732-58612;1454988;77;20170112;https://www.jardiland.com/maison-deco/objets-de-decoration/autres-objets-de-decoration/paillasson-et-tapis/58732-tapis-en-coton-60-90-cm.html
3224-3224;1414639;77;20170112;https://www.jardiland.com/maison-deco/objets-de-decoration/autres-objets-de-decoration/autres-objets-de-decoration/3224-plateau-gris-en-forme-d-etoile-le-23-cm.html
3326-3326;1414594;77;20170112;https://www.jardiland.com/maison-deco/objets-de-decoration/autres-objets-de-decoration/autres-objets-de-decoration/3326-plateau-etoile-or-o-16-cm.html
56709-56709;1458376;77;20170112;https://www.jardiland.com/maison-deco/objets-de-decoration/autres-objets-de-decoration/autres-objets-de-decoration/56709-parapluie-pliant-vache.html
56710-56710;1458375;77;20170112;https://www.jardiland.com/maison-deco/objets-de-decoration/autres-objets-de-decoration/autres-objets-de-decoration/56710-parapluie-pliant.html
3359-3359;1414628;77;20170112;https://www.jardiland.com/maison-deco/objets-de-decoration/autres-objets-de-decoration/autres-objets-de-decoration/3359-oiseau-champagne-enneige-he-6e5-cm.html
3358-3358;1414627;77;20170112;https://www.jardiland.com/maison-deco/objets-de-decoration/autres-objets-de-decoration/autres-objets-de-decoration/3358-decoration-hibou-enneige-grand-modele.html
3357-3357;1414626;77;20170112;https://www.jardiland.com/maison-deco/objets-de-decoration/autres-objets-de-decoration/autres-objets-de-decoration/3357-decoration-hibou-effet-enneige.html
2604-2604;1395347;77;20170112;https://www.jardiland.com/maison-deco/objets-de-decoration/autres-objets-de-decoration/autres-objets-de-decoration/2604-cagette-3-pots.html
3291-3291;1410309;77;20170112;https://www.jardiland.com/maison-deco/objets-de-decoration/figurines-et-peluches/figurine/3291-hibou-en-porcelaine-blanche-h-19-cm.html
50282-50282;1367639;77;20170112;https://www.jardiland.com/maison-deco/objets-de-decoration/rangement-boites-et-paniers/coffret-et-boite-de-rangement/50282-trousse-de-toilette-rouge-a-pois.html
50063-50063;1456366;77;20170112;https://www.jardiland.com/maison-deco/objets-de-decoration/rangement-boites-et-paniers/coffret-et-boite-de-rangement/50063-trousse-de-secours-celia-recettes-blanc.html
50208-50208;1415438;77;20170112;https://www.jardiland.com/maison-deco/objets-de-decoration/rangement-boites-et-paniers/coffret-et-boite-de-rangement/50208-sac-de-voyage-noir.html
50073-50073;1456354;77;20170112;https://www.jardiland.com/maison-deco/objets-de-decoration/rangement-boites-et-paniers/coffret-et-boite-de-rangement/50073-sac-a-main-annie-violet.html
58454-58454;1455058;77;20170112;https://www.jardiland.com/maison-deco/objets-de-decoration/rangement-boites-et-paniers/coffret-et-boite-de-rangement/58454-panier-en-metal-avec-anse-o-35-h-25o5-cm.html
50249-50249;1387415;77;20170112;https://www.jardiland.com/maison-deco/objets-de-decoration/rangement-boites-et-paniers/boite-fantaisie/50249-boite-a-montres-insert-mode-rose.html
3442-3442;1434253;77;20170112;https://www.jardiland.com/maison-deco/objets-de-decoration/plantes-artificielles/tige-fleurie/3442-viburnum-vert-fonce-artificiel.html
57957-57957;1456164;77;20170112;https://www.jardiland.com/maison-deco/objets-de-decoration/plantes-artificielles/tige-fleurie/57957-rameau-acrylique.html
3235-3235;1414709;77;20170112;https://www.jardiland.com/maison-deco/objets-de-decoration/plantes-artificielles/bouquet-et-composition/3235-poinsettia-bouquet-rouge-21-cm.html
3236-3236;1414710;77;20170112;https://www.jardiland.com/maison-deco/objets-de-decoration/plantes-artificielles/bouquet-et-composition/3236-poinsettia-bouquet-creme-21-cm.html
2466-2466;1384279;77;20170112;https://www.jardiland.com/maison-deco/objets-de-decoration/plantes-artificielles/bouquet-et-composition/2466-orchidee-glacee-blanche-23-cm.html
2122-2122;1358416;77;20170112;https://www.jardiland.com/maison-deco/objets-de-decoration/plantes-artificielles/plante-et-fleur/2122-graminee-artificielle-en-pot.html
356-356;1021984;77;20170112;https://www.jardiland.com/maison-deco/objets-de-decoration/vases-coupes-et-accessoires/vase-et-coupe-en-verre/356-solifleur-o-4-x-ho-18-cm.html
41188-41188;1402877;77;20170112;https://www.jardiland.com/maison-deco/objets-de-decoration/bougies-et-senteurs/parfum-d-ambiance-diffuseur-a-froid/41188-rose-bouquet-parfume-savon-d-autrefois-lampe-berger.html
32918-14541;1441600;77;20170112;https://www.jardiland.com/maison-deco/objets-de-decoration/bougies-et-senteurs/parfum-d-ambiance-diffuseur-a-froid/32918-parfum-goatier-cocoon.html
2494-2494;1386589;77;20170112;https://www.jardiland.com/maison-deco/objets-de-decoration/bougies-et-senteurs/diffuseur-de-parfum-et-recharge/2494-lampe-berger-polygone.html
50029-50029;1456456;77;20170112;https://www.jardiland.com/maison-deco/objets-de-decoration/bougies-et-senteurs/diffuseur-de-parfum-et-recharge/50029-bruleur-scentchips-love-blanc.html
1987-1987;1343212;77;20170112;https://www.jardiland.com/maison-deco/objets-de-decoration/bougies-et-senteurs/bougie-parfumee/1987-bougie-parfumee-violette-coquette.html
32906-10411;1347161;77;20170112;https://www.jardiland.com/maison-deco/objets-de-decoration/bougies-et-senteurs/bougie-non-parfumee/32906-bougie-laque.html
57865-57865;1456277;77;20170112;https://www.jardiland.com/maison-deco/objets-de-decoration/bougies-et-senteurs/bougie-non-parfumee/57865-bougie-arbre-a-paillettes-blanc.html
3320-3320;1414586;77;20170112;https://www.jardiland.com/maison-deco/objets-de-decoration/bougeoirs-photophores-et-lanternes/bougeoir-et-photophore-deco/3320-photophore-cylindrique-givre-o-10-x-ho-19-cm.html
3216-3216;1410322;77;20170112;https://www.jardiland.com/maison-deco/objets-de-decoration/bougeoirs-photophores-et-lanternes/lanterne/3216-lanterne-tobey-en-acier-h-42-cm.html
3215-3215;1410321;77;20170112;https://www.jardiland.com/maison-deco/objets-de-decoration/bougeoirs-photophores-et-lanternes/lanterne/3215-lanterne-tobey-en-acier-h-34-cm.html
2664-2664;1408265;77;20170112;https://www.jardiland.com/maison-deco/objets-de-decoration/bougeoirs-photophores-et-lanternes/lanterne/2664-lanterne-ronde-noir-et-cuivre-o-33-cm.html
52675-52675;1432967;77;20170112;https://www.jardiland.com/maison-deco/objets-de-decoration/bougeoirs-photophores-et-lanternes/lanterne/52675-lanterne-a-pied-porto-noir.html
3220-3220;1410331;77;20170112;https://www.jardiland.com/maison-deco/objets-de-decoration/bougeoirs-photophores-et-lanternes/bougeoir-et-photophore-deco/3220-decoration-coupe-jerundo-o-30-cm.html
3148-3148;1410297;77;20170112;https://www.jardiland.com/maison-deco/objets-de-decoration/bougeoirs-photophores-et-lanternes/bougeoir-et-photophore-deco/3148-bougeoir-sur-rondin-de-bois-h-22-cm.html
3147-3147;1410296;77;20170112;https://www.jardiland.com/maison-deco/objets-de-decoration/bougeoirs-photophores-et-lanternes/bougeoir-et-photophore-deco/3147-bougeoir-sur-rondin-de-bois-h-17-cm.html
3367-3367;1414636;77;20170112;https://www.jardiland.com/maison-deco/objets-de-decoration/bougeoirs-photophores-et-lanternes/bougeoir-et-photophore-deco/3367-bougeoir-rond-norah-couleur-argent-o-9o5-cm.html
57743-58693;1475386;77;20170112;https://www.jardiland.com/animaux/oiseau-de-la-nature/mangeoire-et-distributeur/57743-distributeur-de-graines-flip-top.html
38004-38004;1295304;77;20170112;https://www.jardiland.com/animaux/oiseau-de-la-nature/nichoir/38004-chaise-montmartre.html
1282-1282;1279939;77;20170112;https://www.jardiland.com/animaux/reptiles-et-insectes/terrariums-et-accessoires/terrarium/1282-vivarium-a-tortue-80-cm.html
32543-24630;796390;77;20170112;https://www.jardiland.com/animaux/reptiles-et-insectes/alimentation/boite-et-lyophilisee/32543-jbl-nourriture-tortue.html
40987-40987;1389250;77;20170112;https://www.jardiland.com/animaux/oiseau/cages-volieres-et-accessoires/voliere/40987-voliere-sur-roulettes-duplex.html
2363-2363;1403972;77;20170112;https://www.jardiland.com/animaux/oiseau/cages-volieres-et-accessoires/cage/2363-cage-pour-oiseaux-exotiques-camille-50-1.html
32273-58712;941796;77;20170112;https://www.jardiland.com/animaux/oiseau/alimentation-et-friandises/alimentation-quotidienne/32273-menu-prestige-grande-perruche.html
32278-58711;941795;77;20170112;https://www.jardiland.com/animaux/oiseau/alimentation-et-friandises/alimentation-quotidienne/32278-melange-de-graines-pour-perruches-prestige.html
32281-58710;941794;77;20170112;https://www.jardiland.com/animaux/oiseau/alimentation-et-friandises/alimentation-quotidienne/32281-melange-de-graines-pour-oiseaux-exotiques-prestige.html
32475-9799;1314976;77;20170112;https://www.jardiland.com/animaux/poisson/materiel-chauffage-filtres-et-pompes/aeration/32475-pompe-a-air-newair.html
32498-12997;1400977;77;20170112;https://www.jardiland.com/animaux/poisson/materiel-chauffage-filtres-et-pompes/filtre-exterieur/32498-filtre-exterieur-tetra-plus.html
53618-53618;1453590;77;20170112;https://www.jardiland.com/animaux/poisson/materiel-chauffage-filtres-et-pompes/aeration/53618-diffuseur-a-air-rond-o-4-cm.html
32479-9528;1303052;77;20170112;https://www.jardiland.com/animaux/poisson/materiel-chauffage-filtres-et-pompes/chauffage/32479-chauffage-submersible-visitherm-pro.html
2221-2221;1407974;77;20170112;https://www.jardiland.com/animaux/poisson/decoration-pour-aquarium/plante-artificielle/2221-sprengeri-boule-rouge.html
344-344;1018405;77;20170112;https://www.jardiland.com/animaux/poisson/decoration-pour-aquarium/decoration-d-aquarium/344-decoration-pierre-et-bonsai.html
944-944;1252879;77;20170112;https://www.jardiland.com/animaux/poisson/decoration-pour-aquarium/decoration-d-aquarium/944-decor-roche-plantee-t2-1.html
5648-5648;996977;77;20170112;https://www.jardiland.com/animaux/poisson/decoration-pour-aquarium/decoration-d-aquarium/5648-decor-rocaille-ocre.html
502-502;1244148;77;20170112;https://www.jardiland.com/animaux/poisson/decoration-pour-aquarium/plante-artificielle/502-decor-pour-aquarium-parine.html
939-939;1252858;77;20170112;https://www.jardiland.com/animaux/poisson/decoration-pour-aquarium/decoration-d-aquarium/939-decor-pour-aquarium-little-garden.html
98-98;1014827;77;20170112;https://www.jardiland.com/animaux/poisson/decoration-pour-aquarium/plante-artificielle/98-decor-pour-aquarium-feuillage-2-brins.html
32427-12389;1386382;77;20170112;https://www.jardiland.com/animaux/poisson/decoration-pour-aquarium/plante-artificielle/32427-decor-pour-aquarium-euca.html
1240-1240;1270443;77;20170112;https://www.jardiland.com/animaux/poisson/decoration-pour-aquarium/plante-artificielle/1240-decor-pour-aquarium-dracaena-vert.html
53694-53694;1438147;77;20170112;https://www.jardiland.com/animaux/poisson/decoration-pour-aquarium/decoration-d-aquarium/53694-decor-pierre.html
53665-53665;1444838;77;20170112;https://www.jardiland.com/animaux/poisson/decoration-pour-aquarium/decoration-d-aquarium/53665-decor-corail-colore.html
53675-53675;1438172;77;20170112;https://www.jardiland.com/animaux/poisson/decoration-pour-aquarium/decoration-d-aquarium/53675-decor-corail-colore.html
53706-53706;1409105;77;20170112;https://www.jardiland.com/animaux/poisson/decoration-pour-aquarium/decoration-d-aquarium/53706-decor-bonsai.html
54592-54592;1403688;77;20170112;https://www.jardiland.com/animaux/poisson/decoration-pour-aquarium/decoration-d-aquarium/54592-decor-bateau-echoue.html
57768-57431;1307247;77;20170112;https://www.jardiland.com/animaux/poisson/decoration-pour-aquarium/decoration-d-aquarium/57768-amphore-sablee-elephant.html
50787-41255;1250304;77;20170112;https://www.jardiland.com/animaux/poisson/aquariums/aquarium-pour-poisson-d-eau-chaude/50787-aquarium-rio-180-l.html
32381-41427;543309;77;20170112;https://www.jardiland.com/animaux/poisson/aquariums/aquarium-pour-poisson-d-eau-chaude/32381-aquarium-rio-125-l.html
65032-64980;1487301;77;20170112;https://www.jardiland.com/animaux/poisson/aquariums/aquarium-pour-poisson-d-eau-froide/65032-aquarium-led-inwa-start40-pack-pur.html
65032-64979;1487302;77;20170112;https://www.jardiland.com/animaux/poisson/aquariums/aquarium-pour-poisson-d-eau-froide/65032-aquarium-led-inwa-start40-pack-pur.html
65031-64991;1487299;77;20170112;https://www.jardiland.com/animaux/poisson/aquariums/aquarium-pour-poisson-d-eau-froide/65031-aquarium-inwa-start40-pack-pur.html
65033-65010;1487305;77;20170112;https://www.jardiland.com/animaux/poisson/aquariums/aquarium-pour-poisson-d-eau-froide/65033-aquarium-inwa-start-40xl-pack-pur-led.html
65033-64987;1487304;77;20170112;https://www.jardiland.com/animaux/poisson/aquariums/aquarium-pour-poisson-d-eau-froide/65033-aquarium-inwa-start-40xl-pack-pur-led.html
64852-64852;1487310;77;20170112;https://www.jardiland.com/animaux/poisson/aquariums/aquarium-pour-poisson-d-eau-froide/64852-aquarium-inwa-start-35-pack-pur-led.html
64853-64853;1487309;77;20170112;https://www.jardiland.com/animaux/poisson/aquariums/aquarium-non-equipe/64853-aquarium-inwa-start-35-led.html
64854-64854;1487308;77;20170112;https://www.jardiland.com/animaux/poisson/aquariums/aquarium-pour-poisson-d-eau-chaude/64854-aquarium-inwa-confort-80-1.html
32369-15277;543232;77;20170112;https://www.jardiland.com/animaux/poisson/aquariums/aquarium-boule/32369-aquarium-boule-soufflee.html
1544-1544;1308163;77;20170112;https://www.jardiland.com/animaux/basse-cour/poulaillers-clapiers-et-accessoires/clapier-et-parc/1544-maison-des-lapins-home-cottage.html
53254-52994;1341908;77;20170112;https://www.jardiland.com/animaux/basse-cour/aliments/autres/53254-sac-aliment-grains-de-mais.html
5098-5098;733928;77;20170112;https://www.jardiland.com/animaux/chat/jeux-et-jouets/5098-pack-de-3-souris-true.html
54422-54151;1473410;77;20170112;https://www.jardiland.com/animaux/chat/arbres-a-chat-et-griffoirs/arbre-a-chat/54422-arbre-a-chats-jaguar.html
31769-14431;1440156;77;20170112;https://www.jardiland.com/animaux/chat/arbres-a-chat-et-griffoirs/arbre-a-chat/31769-arbre-a-chat-dora.html
2064-2064;1350592;77;20170112;https://www.jardiland.com/animaux/chat/arbres-a-chat-et-griffoirs/arbre-a-chat/2064-arbre-a-chat-celeste-brunabeige-61-cm.html
50827-41366;1403695;77;20170112;https://www.jardiland.com/animaux/chat/hygiene-soins-et-litieres/bac-a-litiere-et-maison-de-toilette/50827-bac-a-chat-sprint-20-1.html
31679-28269;901818;77;20170112;https://www.jardiland.com/animaux/chat/alimentation-et-friandises/boite-et-sachet-fraicheur/31679-sheba-essensia.html
31684-28271;901821;77;20170112;https://www.jardiland.com/animaux/chat/alimentation-et-friandises/boite-et-sachet-fraicheur/31684-sheba-dome.html
52488-52211;1391142;77;20170112;https://www.jardiland.com/animaux/chat/alimentation-et-friandises/boite-et-sachet-fraicheur/52488-sheba-barquette-85g.html
31744-41331;1379413;77;20170112;https://www.jardiland.com/animaux/chat/alimentation-et-friandises/croquette-pour-chat/31744-royal-canin-kitten-sterilised.html
31759-41325;1386355;77;20170112;https://www.jardiland.com/animaux/chat/alimentation-et-friandises/croquette-pour-chat/31759-royal-canin-feline-mother-babycat.html
50800-41425;542463;77;20170112;https://www.jardiland.com/animaux/chat/alimentation-et-friandises/croquette-pour-chat/50800-royal-canin-feline-kitten-36-1.html
31713-8588;1280586;77;20170112;https://www.jardiland.com/animaux/chat/alimentation-et-friandises/croquette-pour-chat/31713-proplan-cat-adult-light-dinde.html
50107-50107;1443650;77;20170112;https://www.jardiland.com/animaux/chat/alimentation-et-friandises/friandises/50107-mini-coeurs-au-poulet-et-bacon.html
31765-60023;1482073;77;20170112;https://www.jardiland.com/animaux/chat/alimentation-et-friandises/friandises/31765-friandises-pour-chats-catisfactions.html
1595-1595;1311868;77;20170112;https://www.jardiland.com/animaux/rongeurs-et-petits-mammiferes/hygiene-et-soins/soin-de-toilettage/1595-shampooing-demelant-rodycare.html
5345-5345;873159;77;20170112;https://www.jardiland.com/animaux/rongeurs-et-petits-mammiferes/jouets-et-exercices/roue-tube-et-autres-accessoires-de-jeux/5345-raccords-a-verrou-habitrail-ovo.html
56802-56802;1435169;77;20170112;https://www.jardiland.com/animaux/rongeurs-et-petits-mammiferes/habitats-cages-et-accessoires/cage/56802-cage-pour-hamster.html
60080-60080;1481542;77;20170112;https://www.jardiland.com/animaux/rongeurs-et-petits-mammiferes/habitats-cages-et-accessoires/cage/60080-cage-cricetti-9-pirate-pour-hamsters.html
32627-7031;1208639;77;20170112;https://www.jardiland.com/animaux/rongeurs-et-petits-mammiferes/habitats-cages-et-accessoires/cage/32627-cage-cochon-d-inde-et-lapin-bunny-home-280-cm.html
32160-30509;974581;77;20170112;https://www.jardiland.com/animaux/chien/hygiene-et-soins/soin-de-toilettage/32160-brosse-foolee.html
32122-26272;842292;77;20170112;https://www.jardiland.com/animaux/chien/colliers-laisses-et-vetements/pull-pour-chien/32122-pull-basic-pour-chien.html
50853-50526;1405244;77;20170112;https://www.jardiland.com/animaux/chien/colliers-laisses-et-vetements/laisse-pour-chien/50853-laisse-retractable-cordon-new-classic-bleu.html
32083-11656;1372199;77;20170112;https://www.jardiland.com/animaux/chien/colliers-laisses-et-vetements/laisse-pour-chien/32083-laisse-pour-chien-pois-xs.html
50832-50753;715474;77;20170112;https://www.jardiland.com/animaux/chien/colliers-laisses-et-vetements/laisse-pour-chien/50832-laisse-nylon-corde-lasso.html
50832-50740;715475;77;20170112;https://www.jardiland.com/animaux/chien/colliers-laisses-et-vetements/laisse-pour-chien/50832-laisse-nylon-corde-lasso.html
50833-50546;1434705;77;20170112;https://www.jardiland.com/animaux/chien/colliers-laisses-et-vetements/laisse-pour-chien/50833-laisse-nylon-corde-lasso.html
32098-13538;1405257;77;20170112;https://www.jardiland.com/animaux/chien/colliers-laisses-et-vetements/laisse-pour-chien/32098-laisse-enrouleur-flexi-new-classic-sangle-s-5-m.html
32098-13537;1405256;77;20170112;https://www.jardiland.com/animaux/chien/colliers-laisses-et-vetements/laisse-pour-chien/32098-laisse-enrouleur-flexi-new-classic-sangle-s-5-m.html
32103-24329;743683;77;20170112;https://www.jardiland.com/animaux/chien/colliers-laisses-et-vetements/manteau-pour-chien/32103-imper-basic-pour-chien.html
32103-24321;743675;77;20170112;https://www.jardiland.com/animaux/chien/colliers-laisses-et-vetements/manteau-pour-chien/32103-imper-basic-pour-chien.html
32060-14693;1443673;77;20170112;https://www.jardiland.com/animaux/chien/colliers-laisses-et-vetements/harnais/32060-harnais-pour-chien-pois-s.html
32021-44870;1372321;77;20170112;https://www.jardiland.com/animaux/chien/colliers-laisses-et-vetements/collier-pour-chien/32021-collier-en-cuir-pour-chien.html
5271-5271;970254;77;20170112;https://www.jardiland.com/animaux/chien/jeux-et-jouets/jouet-en-caoutchouc-et-latex/5271-patch-animals-3-modeles-ass.html
2980-2980;1434977;77;20170112;https://www.jardiland.com/animaux/chien/jeux-et-jouets/jouet-en-caoutchouc-et-latex/2980-jouet-pour-chien-sonore-herisson.html
5474-5474;904308;77;20170112;https://www.jardiland.com/animaux/chien/jeux-et-jouets/jouet-en-caoutchouc-et-latex/5474-jouet-pour-chien-classic.html
1960-1960;1338347;77;20170112;https://www.jardiland.com/animaux/chien/jeux-et-jouets/autres-jouets/1960-jouet-pour-chien-anneau.html
57760-57507;1438201;77;20170112;https://www.jardiland.com/animaux/chien/jeux-et-jouets/autres-jouets/57760-jouet-os-spirale-pour-chiens.html
57754-58591;1438208;77;20170112;https://www.jardiland.com/animaux/chien/jeux-et-jouets/autres-jouets/57754-jouet-os-3-en-1-pour-chiens.html
57755-57504;1438211;77;20170112;https://www.jardiland.com/animaux/chien/jeux-et-jouets/autres-jouets/57755-friandise-jouets-pour-chiens.html
51611-51611;1345910;77;20170112;https://www.jardiland.com/animaux/chien/jeux-et-jouets/corde/51611-corde-a-linge-2-noeuds.html
4765-4765;647505;77;20170112;https://www.jardiland.com/animaux/chien/jeux-et-jouets/corde/4765-balle-tennis-pour-chien-corde-traction-bicolor.html
46626-46626;1395924;77;20170112;https://www.jardiland.com/animaux/chien/jeux-et-jouets/autres-jouets/46626-balle-de-tennis-avec-motif-football.html
32238-30222;970271;77;20170112;https://www.jardiland.com/animaux/chien/niches-couchage-et-transport/tapis/32238-tapis-super-confort.html
32237-25707;825990;77;20170112;https://www.jardiland.com/animaux/chien/niches-couchage-et-transport/panier-et-sac-de-transport/32237-sac-de-transport-urban-48-cm.html
50850-41346;1404168;77;20170112;https://www.jardiland.com/animaux/chien/niches-couchage-et-transport/panier-et-sac-de-transport/50850-panier-de-transport-carry-sport.html
40980-40980;1365428;77;20170112;https://www.jardiland.com/animaux/chien/niches-couchage-et-transport/niche/40980-niche-new-age.html
51288-51148;1437063;77;20170112;https://www.jardiland.com/animaux/chien/niches-couchage-et-transport/coussin-et-matelas/51288-master-dehoussable-chien-mink.html
32240-22019;660339;77;20170112;https://www.jardiland.com/animaux/chien/niches-couchage-et-transport/tapis/32240-coussin-plat-kilt.html
32240-22015;660335;77;20170112;https://www.jardiland.com/animaux/chien/niches-couchage-et-transport/tapis/32240-coussin-plat-kilt.html
32227-10714;1362327;77;20170112;https://www.jardiland.com/animaux/chien/niches-couchage-et-transport/coussin-et-matelas/32227-coussin-ouate-dehoussable-graffiti-vert.html
64655-64655;1464444;77;20170112;https://www.jardiland.com/animaux/chien/gamelles-ecuelles-et-distributeurs/gamelle-et-ecuelle/64655-gamelle-melaminee-gris-pour-chiens-350-ml.html
50112-50112;1443645;77;20170112;https://www.jardiland.com/animaux/chien/alimentation-et-friandises/friandise-bucco-dentaire/50112-stick-o-dent-moyen-chien-x7-1.html
31899-41274;1279012;77;20170112;https://www.jardiland.com/animaux/chien/alimentation-et-friandises/croquette-pour-chien/31899-science-plan-canine-mature-grande-race.html
31925-41507;984807;77;20170112;https://www.jardiland.com/animaux/chien/alimentation-et-friandises/croquette-pour-chien/31925-royal-canin-medium-junior.html
31904-41458;1300228;77;20170112;https://www.jardiland.com/animaux/chien/alimentation-et-friandises/croquette-pour-chien/31904-royal-canin-maxi-junior.html
31918-41447;685226;77;20170112;https://www.jardiland.com/animaux/chien/alimentation-et-friandises/croquette-pour-chien/31918-royal-canin-giant-junior.html
31926-41423;539517;77;20170112;https://www.jardiland.com/animaux/chien/alimentation-et-friandises/croquette-pour-chien/31926-royal-canin-croquettes-medium-adult.html
2555-2555;1393674;77;20170112;https://www.jardiland.com/animaux/chien/alimentation-et-friandises/croquette-pour-chien/2555-purina-dog-chow-adult-large-breed.html
31854-55243;1472388;77;20170112;https://www.jardiland.com/animaux/chien/alimentation-et-friandises/croquette-pour-chien/31854-nutro-light.html
31982-15096;539791;77;20170112;https://www.jardiland.com/animaux/chien/alimentation-et-friandises/friandise-bucco-dentaire/31982-friandises-dentastix-chien-moyen.html
31863-12658;1393668;77;20170112;https://www.jardiland.com/animaux/chien/alimentation-et-friandises/croquette-pour-chien/31863-dog-chow-adult-agneau-riz.html
31985-28748;921010;77;20170112;https://www.jardiland.com/animaux/chien/alimentation-et-friandises/friandise-bucco-dentaire/31985-dental-delights-8-in-1-1.html
54413-54209;1430570;77;20170112;https://www.jardiland.com/animaux/chien/alimentation-et-friandises/croquette-pour-chien/54413-croquettes-pour-chiens-adultes-robustes-poulet.html
31938-41442;657830;77;20170112;https://www.jardiland.com/animaux/chien/alimentation-et-friandises/croquette-pour-chien/31938-croquettes-club-special-performance-pour-chien-adulte.html
31914-41514;992152;77;20170112;https://www.jardiland.com/animaux/chien/alimentation-et-friandises/croquette-pour-chien/31914-croquettes-boxer-breed-healh-nutrition-adult.html
52555-52555;1463707;77;20170112;https://www.jardiland.com/animaux/chien/alimentation-et-friandises/friandise-bucco-dentaire/52555-ava-os-presse-au-fluor-8cm-x4-1.html
52739-52739;1403579;77;20170112;https://www.jardiland.com/animaux/chien/alimentation-et-friandises/biscuit/52739-8in1-minis-poulet-et-carotte-100g.html
52479-52189;1441869;77;20170112;https://www.jardiland.com/animaux/chien/alimentation-et-friandises/biscuit/52479-8in1-minis-friandises-100g.html
51536-51536;1441917;77;20170112;https://www.jardiland.com/animaux/chien/alimentation-et-friandises/friandise-bucco-dentaire/51536-8in1-delights-twist-sticks-dental-x10-1.html
27438-38556;1441927;77;20170112;https://www.jardiland.com/amenagement-du-jardin/bassins-et-jardin-aquatique/materiel/27438-kit-de-filtration-multiclear-set.html
31245-22845;690424;77;20170112;https://www.jardiland.com/amenagement-du-jardin/bassins-et-jardin-aquatique/alimentation/31245-jbl-pond-flakes.html
36654-36654;1306025;77;20170112;https://www.jardiland.com/amenagement-du-jardin/loisirs-plein-air/jeux-de-plein-air/36654-portique-en-bois-et-metal-2e30-m.html
40843-40843;1254302;77;20170112;https://www.jardiland.com/amenagement-du-jardin/loisirs-plein-air/jouets/40843-grand-dauphin-a-chevaucher.html
1492-1492;1305850;77;20170112;https://www.jardiland.com/amenagement-du-jardin/loisirs-plein-air/jouets/1492-figurine-jeune-cavaliere-fashion.html
52-52;1208247;77;20170112;https://www.jardiland.com/amenagement-du-jardin/loisirs-plein-air/jouets/52-figurine-guepard-et-son-bebe.html
54-54;1208256;77;20170112;https://www.jardiland.com/amenagement-du-jardin/loisirs-plein-air/jouets/54-figurine-cerf.html
1500-1500;1305867;77;20170112;https://www.jardiland.com/amenagement-du-jardin/loisirs-plein-air/jouets/1500-figurine-berger-allemand.html
48896-48806;1403499;77;20170112;https://www.jardiland.com/amenagement-du-jardin/carre-potager/48896-bac-potager-urban-garden.html
40487-38447;1432260;77;20170112;https://www.jardiland.com/amenagement-du-jardin/decorations/autres-decorations/40487-tapis-d-exterieur-en-polypropylene-1e80-x-1e20-m.html
40487-38341;1432258;77;20170112;https://www.jardiland.com/amenagement-du-jardin/decorations/autres-decorations/40487-tapis-d-exterieur-en-polypropylene-1e80-x-1e20-m.html
1443-1443;1302061;77;20170112;https://www.jardiland.com/amenagement-du-jardin/decorations/fontaines/1443-fontaine-de-jardin-avalon.html
15439-22612;684711;77;20170112;https://www.jardiland.com/amenagement-du-jardin/decorations/suspensions/15439-carillon-musical-tube-alu.html
15437-27244;869748;77;20170112;https://www.jardiland.com/amenagement-du-jardin/decorations/suspensions/15437-carillon-flute.html
5060-5060;701185;77;20170112;https://www.jardiland.com/amenagement-du-jardin/pots-bacs-jardinieres-et-supports/tuteurs-et-supports-de-plante/treillage/5060-treillage-a-planter-en-metal.html
2078-2078;1352037;77;20170112;https://www.jardiland.com/amenagement-du-jardin/pots-bacs-jardinieres-et-supports/tuteurs-et-supports-de-plante/roule-pot/2078-support-de-pot-en-metal-o-35-cm.html
5209-5209;955687;77;20170112;https://www.jardiland.com/amenagement-du-jardin/pots-bacs-jardinieres-et-supports/tuteurs-et-supports-de-plante/pergola-arche-et-arceau/5209-pergola-double-arc-luna.html
40526-39314;661677;77;20170112;https://www.jardiland.com/amenagement-du-jardin/pots-bacs-jardinieres-et-supports/tuteurs-et-supports-de-plante/treillage/40526-panneau-decoratif-en-acacia-arabesque.html
1455-1455;1302646;77;20170112;https://www.jardiland.com/amenagement-du-jardin/pots-bacs-jardinieres-et-supports/tuteurs-et-supports-de-plante/treillage/1455-panneau-de-bamboo-oval-panel.html
36747-36747;1251401;77;20170112;https://www.jardiland.com/amenagement-du-jardin/pots-bacs-jardinieres-et-supports/tuteurs-et-supports-de-plante/treillage/36747-greenly.html
31628-15638;572649;77;20170112;https://www.jardiland.com/amenagement-du-jardin/pots-bacs-jardinieres-et-supports/tuteurs-et-supports-de-plante/balconniere-et-suspension/31628-garniture-coco-pour-corbeille.html
31629-15681;573027;77;20170112;https://www.jardiland.com/amenagement-du-jardin/pots-bacs-jardinieres-et-supports/tuteurs-et-supports-de-plante/balconniere-et-suspension/31629-corbeille-suspendue-en-osier-naturel.html
31420-15534;571511;77;20170112;https://www.jardiland.com/amenagement-du-jardin/pots-bacs-jardinieres-et-supports/autres-pots-et-jardinieres/pot-et-jardiniere-en-bois/31420-bac-hexagonal-baroque.html
40520-38337;1403420;77;20170112;https://www.jardiland.com/amenagement-du-jardin/pots-bacs-jardinieres-et-supports/en-email/40520-vase-ceruse-anduze.html
31429-43988;1463748;77;20170112;https://www.jardiland.com/amenagement-du-jardin/pots-bacs-jardinieres-et-supports/en-email/31429-vase-a-rebord-en-email.html
31429-8731;1291535;77;20170112;https://www.jardiland.com/amenagement-du-jardin/pots-bacs-jardinieres-et-supports/en-email/31429-vase-a-rebord-en-email.html
31446-9211;1293184;77;20170112;https://www.jardiland.com/amenagement-du-jardin/pots-bacs-jardinieres-et-supports/en-email/31446-soucoupe-en-email.html
31478-44002;1463787;77;20170112;https://www.jardiland.com/amenagement-du-jardin/pots-bacs-jardinieres-et-supports/en-email/31478-pot-saintropp-en-terre-cuite.html
31481-13425;1404121;77;20170112;https://www.jardiland.com/amenagement-du-jardin/pots-bacs-jardinieres-et-supports/en-email/31481-pot-roseau-en-email.html
31481-13421;1404117;77;20170112;https://www.jardiland.com/amenagement-du-jardin/pots-bacs-jardinieres-et-supports/en-email/31481-pot-roseau-en-email.html
31481-13420;1404116;77;20170112;https://www.jardiland.com/amenagement-du-jardin/pots-bacs-jardinieres-et-supports/en-email/31481-pot-roseau-en-email.html
31481-13416;1404112;77;20170112;https://www.jardiland.com/amenagement-du-jardin/pots-bacs-jardinieres-et-supports/en-email/31481-pot-roseau-en-email.html
31458-9064;1291797;77;20170112;https://www.jardiland.com/amenagement-du-jardin/pots-bacs-jardinieres-et-supports/en-email/31458-pot-en-email-ouessant.html
31468-8372;1293008;77;20170112;https://www.jardiland.com/amenagement-du-jardin/pots-bacs-jardinieres-et-supports/en-email/31468-pot-en-email-maldives.html
31460-9122;1291871;77;20170112;https://www.jardiland.com/amenagement-du-jardin/pots-bacs-jardinieres-et-supports/en-email/31460-pot-en-email-kalanchoe.html
31464-10744;1352356;77;20170112;https://www.jardiland.com/amenagement-du-jardin/pots-bacs-jardinieres-et-supports/en-email/31464-pot-en-email-austral.html
31464-10741;1352353;77;20170112;https://www.jardiland.com/amenagement-du-jardin/pots-bacs-jardinieres-et-supports/en-email/31464-pot-en-email-austral.html
31464-9198;1292908;77;20170112;https://www.jardiland.com/amenagement-du-jardin/pots-bacs-jardinieres-et-supports/en-email/31464-pot-en-email-austral.html
31506-22953;692877;77;20170112;https://www.jardiland.com/amenagement-du-jardin/pots-bacs-jardinieres-et-supports/en-fibre/31506-pot-rond-en-fibre-washington-blanc.html
1220-1220;1292163;77;20170112;https://www.jardiland.com/amenagement-du-jardin/pots-bacs-jardinieres-et-supports/en-terre-cuite/1220-vase-haut-en-terre-cuite-goccia-oo-28-x-ho-28-1.html
31621-10390;1350409;77;20170112;https://www.jardiland.com/amenagement-du-jardin/pots-bacs-jardinieres-et-supports/en-terre-cuite/31621-soucoupe-rectangulaire-grise-en-terre-cuite.html
251-251;1015894;77;20170112;https://www.jardiland.com/amenagement-du-jardin/pots-bacs-jardinieres-et-supports/en-terre-cuite/251-soucoupe-rectangulaire-en-terre-cuite.html
31593-22954;692880;77;20170112;https://www.jardiland.com/amenagement-du-jardin/pots-bacs-jardinieres-et-supports/en-terre-cuite/31593-soucoupe-en-terre-cuite-impermeable-antica.html
31593-22953;692877;77;20170112;https://www.jardiland.com/amenagement-du-jardin/pots-bacs-jardinieres-et-supports/en-terre-cuite/31593-soucoupe-en-terre-cuite-impermeable-antica.html
4427-4427;568447;77;20170112;https://www.jardiland.com/amenagement-du-jardin/pots-bacs-jardinieres-et-supports/en-terre-cuite/4427-pot-en-terre-cuite-raisin.html
31622-13263;1403336;77;20170112;https://www.jardiland.com/amenagement-du-jardin/pots-bacs-jardinieres-et-supports/en-terre-cuite/31622-pot-en-terre-cuite-gea-deroma-o-19o9-1.html
31622-13262;1403335;77;20170112;https://www.jardiland.com/amenagement-du-jardin/pots-bacs-jardinieres-et-supports/en-terre-cuite/31622-pot-en-terre-cuite-gea-deroma-o-19o9-1.html
31595-6710;1016886;77;20170112;https://www.jardiland.com/amenagement-du-jardin/pots-bacs-jardinieres-et-supports/en-terre-cuite/31595-pot-en-terre-cuite-bordato.html
31623-13266;1403344;77;20170112;https://www.jardiland.com/amenagement-du-jardin/pots-bacs-jardinieres-et-supports/en-terre-cuite/31623-pot-de-fleurs-en-terre-cuite-primitivo-deroma.html
31615-7562;1233669;77;20170112;https://www.jardiland.com/amenagement-du-jardin/pots-bacs-jardinieres-et-supports/en-terre-cuite/31615-jarre-en-terre-cuite-contemporaine.html
1370-1370;1292384;77;20170112;https://www.jardiland.com/amenagement-du-jardin/pots-bacs-jardinieres-et-supports/en-terre-cuite/1370-jardiniere-en-terre-cuite-contemporaine.html
1365-1365;1292374;77;20170112;https://www.jardiland.com/amenagement-du-jardin/pots-bacs-jardinieres-et-supports/en-terre-cuite/1365-jardiniere-en-terre-cuite-contemporaine.html
31586-24414;801311;77;20170112;https://www.jardiland.com/amenagement-du-jardin/pots-bacs-jardinieres-et-supports/en-terre-cuite/31586-cuvier-en-terre-cuite-raisin.html
31576-6633;1015880;77;20170112;https://www.jardiland.com/amenagement-du-jardin/pots-bacs-jardinieres-et-supports/en-terre-cuite/31576-cuvier-en-terre-cuite-naturelle-contemporain.html
2054-2054;1350415;77;20170112;https://www.jardiland.com/amenagement-du-jardin/pots-bacs-jardinieres-et-supports/en-terre-cuite/2054-cuvier-droit-en-terre-cuite-blanche.html
31577-15516;568483;77;20170112;https://www.jardiland.com/amenagement-du-jardin/pots-bacs-jardinieres-et-supports/en-terre-cuite/31577-coupe-sur-pied-en-terre-cuite.html
18857-28943;924250;77;20170112;https://www.jardiland.com/amenagement-du-jardin/pots-bacs-jardinieres-et-supports/en-terre-cuite/18857-coupe-basse-en-terre-cuite.html
31570-11120;1360536;77;20170112;https://www.jardiland.com/amenagement-du-jardin/pots-bacs-jardinieres-et-supports/en-plastique/31570-soucoupe-en-plastique-romeo.html
31572-11154;1360572;77;20170112;https://www.jardiland.com/amenagement-du-jardin/pots-bacs-jardinieres-et-supports/en-plastique/31572-soucoupe-en-plastique-romeo.html
31523-6603;1015618;77;20170112;https://www.jardiland.com/amenagement-du-jardin/pots-bacs-jardinieres-et-supports/en-plastique/31523-soucoupe-en-plastique-prisca.html
31563-10373;1349140;77;20170112;https://www.jardiland.com/amenagement-du-jardin/pots-bacs-jardinieres-et-supports/en-plastique/31563-pot-rond-vasija-en-resine-de-polyethylene.html
31563-10326;1349143;77;20170112;https://www.jardiland.com/amenagement-du-jardin/pots-bacs-jardinieres-et-supports/en-plastique/31563-pot-rond-vasija-en-resine-de-polyethylene.html
31549-14205;1429928;77;20170112;https://www.jardiland.com/amenagement-du-jardin/pots-bacs-jardinieres-et-supports/en-plastique/31549-pot-romeo.html
31549-14204;1429927;77;20170112;https://www.jardiland.com/amenagement-du-jardin/pots-bacs-jardinieres-et-supports/en-plastique/31549-pot-romeo.html
31549-14200;1429923;77;20170112;https://www.jardiland.com/amenagement-du-jardin/pots-bacs-jardinieres-et-supports/en-plastique/31549-pot-romeo.html
31549-14199;1429922;77;20170112;https://www.jardiland.com/amenagement-du-jardin/pots-bacs-jardinieres-et-supports/en-plastique/31549-pot-romeo.html
31549-11093;1360508;77;20170112;https://www.jardiland.com/amenagement-du-jardin/pots-bacs-jardinieres-et-supports/en-plastique/31549-pot-romeo.html
31549-11091;1360506;77;20170112;https://www.jardiland.com/amenagement-du-jardin/pots-bacs-jardinieres-et-supports/en-plastique/31549-pot-romeo.html
31549-11087;1360502;77;20170112;https://www.jardiland.com/amenagement-du-jardin/pots-bacs-jardinieres-et-supports/en-plastique/31549-pot-romeo.html
31549-11083;1360498;77;20170112;https://www.jardiland.com/amenagement-du-jardin/pots-bacs-jardinieres-et-supports/en-plastique/31549-pot-romeo.html
31549-11077;1360492;77;20170112;https://www.jardiland.com/amenagement-du-jardin/pots-bacs-jardinieres-et-supports/en-plastique/31549-pot-romeo.html
31540-7581;1236647;77;20170112;https://www.jardiland.com/amenagement-du-jardin/pots-bacs-jardinieres-et-supports/en-plastique/31540-pot-maceta.html
31541-6838;1017998;77;20170112;https://www.jardiland.com/amenagement-du-jardin/pots-bacs-jardinieres-et-supports/en-plastique/31541-pot-en-rotomoule-cono-alto.html
31542-6776;1017892;77;20170112;https://www.jardiland.com/amenagement-du-jardin/pots-bacs-jardinieres-et-supports/en-plastique/31542-pot-en-resine-cuenco.html
31542-6770;1017878;77;20170112;https://www.jardiland.com/amenagement-du-jardin/pots-bacs-jardinieres-et-supports/en-plastique/31542-pot-en-resine-cuenco.html
31558-9143;1292117;77;20170112;https://www.jardiland.com/amenagement-du-jardin/pots-bacs-jardinieres-et-supports/en-plastique/31558-pot-en-plastique-samba.html
31530-7572;1236341;77;20170112;https://www.jardiland.com/amenagement-du-jardin/pots-bacs-jardinieres-et-supports/en-plastique/31530-pot-en-plastique-evase-cuenca.html
31522-19485;603478;77;20170112;https://www.jardiland.com/amenagement-du-jardin/pots-bacs-jardinieres-et-supports/en-plastique/31522-jardiniere-en-plastique-prisca.html
31522-11016;1360426;77;20170112;https://www.jardiland.com/amenagement-du-jardin/pots-bacs-jardinieres-et-supports/en-plastique/31522-jardiniere-en-plastique-prisca.html
31522-11015;1360425;77;20170112;https://www.jardiland.com/amenagement-du-jardin/pots-bacs-jardinieres-et-supports/en-plastique/31522-jardiniere-en-plastique-prisca.html
31522-7174;1226008;77;20170112;https://www.jardiland.com/amenagement-du-jardin/pots-bacs-jardinieres-et-supports/en-plastique/31522-jardiniere-en-plastique-prisca.html
31519-15489;568079;77;20170112;https://www.jardiland.com/amenagement-du-jardin/pots-bacs-jardinieres-et-supports/en-plastique/31519-jardiniere-en-plastique-granprisca.html
31519-11043;1360455;77;20170112;https://www.jardiland.com/amenagement-du-jardin/pots-bacs-jardinieres-et-supports/en-plastique/31519-jardiniere-en-plastique-granprisca.html
31519-11041;1360453;77;20170112;https://www.jardiland.com/amenagement-du-jardin/pots-bacs-jardinieres-et-supports/en-plastique/31519-jardiniere-en-plastique-granprisca.html
31519-11037;1360449;77;20170112;https://www.jardiland.com/amenagement-du-jardin/pots-bacs-jardinieres-et-supports/en-plastique/31519-jardiniere-en-plastique-granprisca.html
31532-10860;1356116;77;20170112;https://www.jardiland.com/amenagement-du-jardin/pots-bacs-jardinieres-et-supports/en-plastique/31532-jardiniere-a-reserve-d-eau-samba.html
31574-9501;1302048;77;20170112;https://www.jardiland.com/amenagement-du-jardin/pots-bacs-jardinieres-et-supports/en-plastique/31574-crochet-de-suspension.html
31574-9500;1302047;77;20170112;https://www.jardiland.com/amenagement-du-jardin/pots-bacs-jardinieres-et-supports/en-plastique/31574-crochet-de-suspension.html
31574-9499;1302046;77;20170112;https://www.jardiland.com/amenagement-du-jardin/pots-bacs-jardinieres-et-supports/en-plastique/31574-crochet-de-suspension.html
31574-9498;1302045;77;20170112;https://www.jardiland.com/amenagement-du-jardin/pots-bacs-jardinieres-et-supports/en-plastique/31574-crochet-de-suspension.html
31562-9366;1296520;77;20170112;https://www.jardiland.com/amenagement-du-jardin/pots-bacs-jardinieres-et-supports/en-plastique/31562-coupe-en-plastique-charlotte.html
31562-9270;1294679;77;20170112;https://www.jardiland.com/amenagement-du-jardin/pots-bacs-jardinieres-et-supports/en-plastique/31562-coupe-en-plastique-charlotte.html
31562-9268;1294677;77;20170112;https://www.jardiland.com/amenagement-du-jardin/pots-bacs-jardinieres-et-supports/en-plastique/31562-coupe-en-plastique-charlotte.html
4437-4437;572186;77;20170112;https://www.jardiland.com/amenagement-du-jardin/amenagement/bordures/4437-bordure-en-rotin-tresse.html
2914-2914;1404697;77;20170112;https://www.jardiland.com/amenagement-du-jardin/amenagement/occultations/2914-panneau-en-osier-non-pele-entrelace-a-planter.html
373-373;1208934;77;20170112;https://www.jardiland.com/amenagement-du-jardin/amenagement/occultations/373-occultation-trionet-3-x-1-m.html
31184-52259;572386;77;20170112;https://www.jardiland.com/amenagement-du-jardin/amenagement/occultations/31184-moustiquaire-fibernet.html
31184-15574;572054;77;20170112;https://www.jardiland.com/amenagement-du-jardin/amenagement/occultations/31184-moustiquaire-fibernet.html
31202-15553;571892;77;20170112;https://www.jardiland.com/amenagement-du-jardin/amenagement/occultations/31202-maille-carree-balconet-05-1.html
31203-9513;1302286;77;20170112;https://www.jardiland.com/amenagement-du-jardin/amenagement/occultations/31203-canisse-double-face-ovale.html
31205-52220;1247730;77;20170112;https://www.jardiland.com/amenagement-du-jardin/amenagement/occultations/31205-brise-vue-ombrag-haie.html
31205-52218;1351193;77;20170112;https://www.jardiland.com/amenagement-du-jardin/amenagement/occultations/31205-brise-vue-ombrag-haie.html
248-248;1015775;77;20170112;https://www.jardiland.com/amenagement-du-jardin/amenagement/clotures-et-palissades/248-portillon-pony.html
36624-36624;545031;77;20170112;https://www.jardiland.com/amenagement-du-jardin/barbecues-cuisine-exterieur/autres/accessoires-de-barbecue/36624-plats-aluminium.html
2074-2074;1352023;77;20170112;https://www.jardiland.com/amenagement-du-jardin/barbecues-cuisine-exterieur/autres/accessoires-de-barbecue/2074-plancha-en-fonte-emaillee-genesis.html
2069-2069;1352012;77;20170112;https://www.jardiland.com/amenagement-du-jardin/barbecues-cuisine-exterieur/autres/accessoires-de-barbecue/2069-kit-de-2-accessoires-pour-barbecue.html
36635-36635;915487;77;20170112;https://www.jardiland.com/amenagement-du-jardin/barbecues-cuisine-exterieur/autres/accessoires-de-barbecue/36635-grille-treillis-a-poisson.html
36629-36629;741728;77;20170112;https://www.jardiland.com/amenagement-du-jardin/barbecues-cuisine-exterieur/autres/accessoires-de-barbecue/36629-grille-8-saucisses.html
3795-3795;545165;77;20170112;https://www.jardiland.com/amenagement-du-jardin/barbecues-cuisine-exterieur/autres/accessoires-de-barbecue/3795-grande-brosse-en-bois-avec-manche-en-bois-et-grattoir-en-metal.html
2573-2573;1394560;77;20170112;https://www.jardiland.com/amenagement-du-jardin/barbecues-cuisine-exterieur/autres/combustible/2573-cubes-allume-feu.html
2572-2572;1394559;77;20170112;https://www.jardiland.com/amenagement-du-jardin/barbecues-cuisine-exterieur/autres/combustible/2572-allumes-barbecue-naturels.html
2574-2574;1394561;77;20170112;https://www.jardiland.com/amenagement-du-jardin/barbecues-cuisine-exterieur/autres/combustible/2574-allume-feu-laine-de-bois.html
1670-1670;1350686;77;20170112;https://www.jardiland.com/amenagement-du-jardin/barbecues-cuisine-exterieur/plancha/1670-plancha-felizia.html
902-902;1296354;77;20170112;https://www.jardiland.com/amenagement-du-jardin/barbecues-cuisine-exterieur/a-gaz/902-barbecue-a-gaz-spirit-original-e310-1.html
1389-1389;1293682;77;20170112;https://www.jardiland.com/amenagement-du-jardin/barbecues-cuisine-exterieur/au-charbon/1389-barbecue-au-charbon-f550-qooka.html
36648-36648;1429520;77;20170112;https://www.jardiland.com/amenagement-du-jardin/eclairage-et-chauffage-d-exterieur/eclairage-solaire/36648-luminaire-carillon-hibou.html
31302-12779;1397838;77;20170112;https://www.jardiland.com/amenagement-du-jardin/eclairage-et-chauffage-d-exterieur/eclairage-solaire/31302-lanterne-solaire-coloree.html
5205-5205;936403;77;20170112;https://www.jardiland.com/amenagement-du-jardin/eclairage-et-chauffage-d-exterieur/eclairage-solaire/5205-borne-solaire-en-metal.html
31416-7525;1238842;77;20170112;https://www.jardiland.com/amenagement-du-jardin/parasols-tonnelles-et-voiles-d-ombrage/voiles-d-ombrage/31416-voile-d-ombrage-triangulaire.html
36705-36705;1432347;77;20170112;https://www.jardiland.com/amenagement-du-jardin/parasols-tonnelles-et-voiles-d-ombrage/parasols-et-accessoires/parasol-en-metal/36705-parasol-alix-excentre.html
2699-2699;1397144;77;20170112;https://www.jardiland.com/amenagement-du-jardin/mobilier-de-jardin/mobilier-enfant/salon-complet/2699-table-de-pique-nique-pour-enfant.html
2698-2698;1397143;77;20170112;https://www.jardiland.com/amenagement-du-jardin/mobilier-de-jardin/mobilier-enfant/petit-mobilier/2698-fauteuil-pour-enfant.html
40494-38487;1429490;77;20170112;https://www.jardiland.com/amenagement-du-jardin/mobilier-de-jardin/bains-de-soleil-et-hamacs/bain-de-soleil/40494-lit-bain-de-soleil-thema.html
31341-38504;1432244;77;20170112;https://www.jardiland.com/amenagement-du-jardin/mobilier-de-jardin/bains-de-soleil-et-hamacs/hamac/31341-hamac-familial-domingo.html
31341-38447;1432260;77;20170112;https://www.jardiland.com/amenagement-du-jardin/mobilier-de-jardin/bains-de-soleil-et-hamacs/hamac/31341-hamac-familial-domingo.html
31336-14122;1428051;77;20170112;https://www.jardiland.com/amenagement-du-jardin/mobilier-de-jardin/bains-de-soleil-et-hamacs/banc/31336-banc-louisiane.html
31336-12266;1394726;77;20170112;https://www.jardiland.com/amenagement-du-jardin/mobilier-de-jardin/bains-de-soleil-et-hamacs/banc/31336-banc-louisiane.html
31335-12832;1398195;77;20170112;https://www.jardiland.com/amenagement-du-jardin/mobilier-de-jardin/bains-de-soleil-et-hamacs/bain-de-soleil/31335-bain-de-soleil-orkney.html
31369-38007;1293707;77;20170112;https://www.jardiland.com/amenagement-du-jardin/mobilier-de-jardin/salon-de-jardin/mobilier-pliant/31369-table-vega.html
31369-8434;1263644;77;20170112;https://www.jardiland.com/amenagement-du-jardin/mobilier-de-jardin/salon-de-jardin/mobilier-pliant/31369-table-vega.html
42142-42142;1432324;77;20170112;https://www.jardiland.com/amenagement-du-jardin/mobilier-de-jardin/salon-de-jardin/salon-en-bois/42142-table-tyara-en-teck.html
31359-29992;962609;77;20170112;https://www.jardiland.com/amenagement-du-jardin/mobilier-de-jardin/salon-de-jardin/mobilier-pliant/31359-table-rectangulaire-bistro.html
48912-48730;1398225;77;20170112;https://www.jardiland.com/amenagement-du-jardin/mobilier-de-jardin/salon-de-jardin/salon-en-bi-matiere/48912-table-metal-mosaique-o-110-cm.html
36680-36680;1432328;77;20170112;https://www.jardiland.com/amenagement-du-jardin/mobilier-de-jardin/salon-de-jardin/salon-en-bi-matiere/36680-table-de-jardin-ambre-effet-ciment.html
31371-38003;1293566;77;20170112;https://www.jardiland.com/amenagement-du-jardin/mobilier-de-jardin/salon-de-jardin/mobilier-pliant/31371-table-burano.html
31371-38002;1293565;77;20170112;https://www.jardiland.com/amenagement-du-jardin/mobilier-de-jardin/salon-de-jardin/mobilier-pliant/31371-table-burano.html
48894-48823;566655;77;20170112;https://www.jardiland.com/amenagement-du-jardin/mobilier-de-jardin/salon-de-jardin/mobilier-pliant/48894-table-bistro.html
36700-36700;1432329;77;20170112;https://www.jardiland.com/amenagement-du-jardin/mobilier-de-jardin/salon-de-jardin/salon-en-resine-tressee/36700-salon-de-jardin-parma-4-pieces.html
53882-53882;1458209;77;20170112;https://www.jardiland.com/amenagement-du-jardin/mobilier-de-jardin/salon-de-jardin/salon-en-metal/53882-repose-pieds-irielle.html
31394-10666;1350868;77;20170112;https://www.jardiland.com/amenagement-du-jardin/mobilier-de-jardin/salon-de-jardin/salon-en-metal/31394-fauteuil-bridge.html
53883-53883;1458208;77;20170112;https://www.jardiland.com/amenagement-du-jardin/mobilier-de-jardin/salon-de-jardin/salon-en-metal/53883-fauteuil-bas-irielle.html
31379-13295;1403894;77;20170112;https://www.jardiland.com/amenagement-du-jardin/mobilier-de-jardin/salon-de-jardin/mobilier-pliant/31379-chaise-lys.html
53622-53622;1445276;77;20170112;https://www.jardiland.com/jardinage/bricolage-droguerie/autres/53622-tonnelet-plastique-40kg.html
5179-5179;975892;77;20170112;https://www.jardiland.com/jardinage/bricolage-droguerie/tapis/5179-tapis-seagrass.html
56732-56732;1445279;77;20170112;https://www.jardiland.com/jardinage/bricolage-droguerie/autres/56732-seau-plastique-blanc-10kg.html
56746-56746;1445240;77;20170112;https://www.jardiland.com/jardinage/bricolage-droguerie/autres/56746-ruchette-dadant-5-cadres.html
4695-4695;577522;77;20170112;https://www.jardiland.com/jardinage/bricolage-droguerie/insecticides-menagers/insecticide-moustique/4695-recharge-liquide-anti-moustiques-45-nuits.html
56736-56736;1445274;77;20170112;https://www.jardiland.com/jardinage/bricolage-droguerie/autres/56736-pot-en-verre-250g.html
56737-56737;1445272;77;20170112;https://www.jardiland.com/jardinage/bricolage-droguerie/autres/56737-pot-en-verre-1-kg.html
50546-50546;1434705;77;20170112;https://www.jardiland.com/jardinage/bricolage-droguerie/insecticides-menagers/insecticide-mouche/50546-laisse-nylon-corde-lasso.html
53641-53641;1445238;77;20170112;https://www.jardiland.com/jardinage/bricolage-droguerie/autres/53641-grattoir-pour-cadres.html
36773-36773;577948;77;20170112;https://www.jardiland.com/jardinage/bricolage-droguerie/insecticides-menagers/insecticide-volant-et-rampant/36773-gel-appat-cafard.html
56742-56742;1445247;77;20170112;https://www.jardiland.com/jardinage/bricolage-droguerie/autres/56742-gants-cuir-souple-taille-9-1.html
53638-53638;1445246;77;20170112;https://www.jardiland.com/jardinage/bricolage-droguerie/autres/53638-gants-cuir-souple-taille-8-1.html
56744-56744;1445244;77;20170112;https://www.jardiland.com/jardinage/bricolage-droguerie/autres/56744-gants-cuir-souple-taille-11-1.html
56743-56743;1445245;77;20170112;https://www.jardiland.com/jardinage/bricolage-droguerie/autres/56743-gants-cuir-souple-taille-12-1.html
53631-53631;1445259;77;20170112;https://www.jardiland.com/jardinage/bricolage-droguerie/autres/53631-cire-gaufree-conditionnee-50-feuilles.html
53632-53632;1445258;77;20170112;https://www.jardiland.com/jardinage/bricolage-droguerie/autres/53632-cire-gaufree-conditionnee-20-feuilles.html
53630-53630;1445261;77;20170112;https://www.jardiland.com/jardinage/bricolage-droguerie/autres/53630-cire-gaufree-conditionnee-100-feuilles.html
53625-53625;1445270;77;20170112;https://www.jardiland.com/jardinage/bricolage-droguerie/autres/53625-capsule-or.html
2469-2469;1384401;77;20170112;https://www.jardiland.com/jardinage/semis-protections-et-accessoires-de-jardinage/appareils-de-mesure/barometre/2469-thermometre-barometre-hygrometre-chrome.html
2475-2475;1384409;77;20170112;https://www.jardiland.com/jardinage/semis-protections-et-accessoires-de-jardinage/appareils-de-mesure/station-meteo/2475-station-meteo-square-plus.html
32806-41476;574777;77;20170112;https://www.jardiland.com/jardinage/semis-protections-et-accessoires-de-jardinage/tuteurs-ficelles-et-accessoires/liens-ficelles-et-colliers/32806-colliers-d-arbres-60-cm.html
32818-21293;643043;77;20170112;https://www.jardiland.com/jardinage/semis-protections-et-accessoires-de-jardinage/voiles-d-hivernage-et-protections/film-pour-paillage/32818-toile-paillage-agroso-rlx.html
3129-3129;1404941;77;20170112;https://www.jardiland.com/jardinage/semis-protections-et-accessoires-de-jardinage/serres-et-chassis/grande-serre-et-chassis/3129-serre-de-culture-roma-speciale-tomate.html
4656-4656;576941;77;20170112;https://www.jardiland.com/jardinage/semis-protections-et-accessoires-de-jardinage/serres-et-chassis/mini-serre/4656-mini-serre-regulation-humidite.html
5885-5885;981745;77;20170112;https://www.jardiland.com/jardinage/arrosage/arrosage-goutte-a-goutte/5885-derivation-en-t-13-mm-x3-1.html
41037-41037;803280;77;20170112;https://www.jardiland.com/jardinage/arrosage/tuyaux-devidoirs-lances-et-pistolets/raccord/41037-raccord-adaptateur-20x27-1.html
1786-1786;1315212;77;20170112;https://www.jardiland.com/jardinage/arrosage/tuyaux-devidoirs-lances-et-pistolets/pistolet/1786-pistolet-multi-jets.html
5470-5470;903914;77;20170112;https://www.jardiland.com/jardinage/arrosage/tuyaux-devidoirs-lances-et-pistolets/arrosage-de-vacances/5470-oriaz-vacances-x-3-1.html
4630-4630;576667;77;20170112;https://www.jardiland.com/jardinage/arrosage/tuyaux-devidoirs-lances-et-pistolets/lance/4630-lance-multijets-reglable-comfort.html
48280-48280;801996;77;20170112;https://www.jardiland.com/jardinage/arrosage/tuyaux-devidoirs-lances-et-pistolets/devidoir/48280-devidoir-equipe-avec-raccords.html
54541-54541;1452540;77;20170112;https://www.jardiland.com/jardinage/arrosage/tuyaux-devidoirs-lances-et-pistolets/arroseur-rotatif/54541-arroseur-sur-pic-5-jets.html
32665-54628;574408;77;20170112;https://www.jardiland.com/jardinage/arrosage/arrosoirs/32665-arrosoir-ovale-pomme.html
32665-9617;1305487;77;20170112;https://www.jardiland.com/jardinage/arrosage/arrosoirs/32665-arrosoir-ovale-pomme.html
54696-54696;576409;77;20170112;https://www.jardiland.com/jardinage/arrosage/arrosoirs/54696-arrosoir-donna-2-l.html
54613-54613;1373699;77;20170112;https://www.jardiland.com/jardinage/outils-a-moteur/autres-outils-a-moteur/pompe-electrique/54613-pompe-d-arrosage-electrique.html
46540-46540;1451735;77;20170112;https://www.jardiland.com/jardinage/outils-a-moteur/autres-outils-a-moteur/nettoyeur-haute-pression/46540-nettoyeur-haute-pression-k4-full-control.html
346-346;1018428;77;20170112;https://www.jardiland.com/jardinage/outils-a-moteur/autres-outils-a-moteur/nettoyeur-haute-pression/346-nettoyeur-canalisations-gouttieres.html
64522-64522;576755;77;20170112;https://www.jardiland.com/jardinage/outils-a-moteur/tondeuses/tondeuse-electrique/64522-tondeuse-helicoidale-electrique-380-ec.html
36787-36787;1404712;77;20170112;https://www.jardiland.com/jardinage/outils-et-materiel-du-jardinier/outils-de-taille/bucheronnage/36787-hachette-scout-en-frene.html
36790-36790;901420;77;20170112;https://www.jardiland.com/jardinage/outils-et-materiel-du-jardinier/outils-de-taille/fauchaison/36790-faux.html
4663-4663;577018;77;20170112;https://www.jardiland.com/jardinage/outils-et-materiel-du-jardinier/outils-de-taille/outil-de-taille/4663-coupe-branche-en-aluminium-a-cremaillere.html
52871-52871;1314904;77;20170112;https://www.jardiland.com/jardinage/outils-et-materiel-du-jardinier/grands-outils-de-jardin/balai-et-rateau/52871-rateau-en-trimatiere.html
41082-41082;1314920;77;20170112;https://www.jardiland.com/jardinage/outils-et-materiel-du-jardinier/grands-outils-de-jardin/autres-grands-outils/41082-mini-desherbinet.html
41071-41071;928931;77;20170112;https://www.jardiland.com/jardinage/outils-et-materiel-du-jardinier/grands-outils-de-jardin/bechee-louchet-et-pelle/41071-louchet-en-inox.html
41067-41067;573943;77;20170112;https://www.jardiland.com/jardinage/outils-et-materiel-du-jardinier/grands-outils-de-jardin/autres-grands-outils/41067-griffre-grattoir-3-dents.html
4792-4792;801417;77;20170112;https://www.jardiland.com/jardinage/outils-et-materiel-du-jardinier/grands-outils-de-jardin/autres-grands-outils/4792-grattoir.html
54682-54682;904545;77;20170112;https://www.jardiland.com/jardinage/outils-et-materiel-du-jardinier/grands-outils-de-jardin/bechee-louchet-et-pelle/54682-fourche-a-becher-novagrip.html
4493-4493;573926;77;20170112;https://www.jardiland.com/jardinage/outils-et-materiel-du-jardinier/grands-outils-de-jardin/autres-grands-outils/4493-croc-a-fumier.html
4609-4609;576354;77;20170112;https://www.jardiland.com/jardinage/outils-et-materiel-du-jardinier/grands-outils-de-jardin/bechee-louchet-et-pelle/4609-beche-senlis-a-rebord-avec-bequille.html
4608-4608;576353;77;20170112;https://www.jardiland.com/jardinage/outils-et-materiel-du-jardinier/grands-outils-de-jardin/bechee-louchet-et-pelle/4608-beche-senlis-a-rebord.html
27431-27968;885102;77;20170112;https://www.jardiland.com/jardinage/equipement-du-jardinier/vetements/27431-combinaison-a-capuche.html
50837-47048;1433748;77;20170112;https://www.jardiland.com/jardinage/equipement-du-jardinier/vetements/50837-chapeau-paille-homme.html
43383-42454;1018651;77;20170112;https://www.jardiland.com/jardinage/equipement-du-jardinier/bottes-et-sabots/43383-sabots-lamone-brun.html
32718-11965;1374881;77;20170112;https://www.jardiland.com/jardinage/equipement-du-jardinier/bottes-et-sabots/32718-sabot-en-caoutchouc-neo-walker.html
32718-11964;1374880;77;20170112;https://www.jardiland.com/jardinage/equipement-du-jardinier/bottes-et-sabots/32718-sabot-en-caoutchouc-neo-walker.html
32708-13497;1405118;77;20170112;https://www.jardiland.com/jardinage/equipement-du-jardinier/bottes-et-sabots/32708-sabot-de-jardin-one.html
32725-11942;1374837;77;20170112;https://www.jardiland.com/jardinage/equipement-du-jardinier/bottes-et-sabots/32725-bottillons-en-caoutchouc-clean-lady.html
43381-42449;1018588;77;20170112;https://www.jardiland.com/jardinage/equipement-du-jardinier/bottes-et-sabots/43381-bottillons-bison.html
32712-13528;1405169;77;20170112;https://www.jardiland.com/jardinage/equipement-du-jardinier/bottes-et-sabots/32712-bottes-en-caoutchouc-active-attitude.html
32712-13526;1405167;77;20170112;https://www.jardiland.com/jardinage/equipement-du-jardinier/bottes-et-sabots/32712-bottes-en-caoutchouc-active-attitude.html
32712-13525;1405166;77;20170112;https://www.jardiland.com/jardinage/equipement-du-jardinier/bottes-et-sabots/32712-bottes-en-caoutchouc-active-attitude.html
32733-7922;1250040;77;20170112;https://www.jardiland.com/jardinage/equipement-du-jardinier/gants/32733-gants-femme-en-textile.html
32743-11971;1375051;77;20170112;https://www.jardiland.com/jardinage/equipement-du-jardinier/gants/32743-gants-de-jardinage-jardiland.html
5374-5374;876516;77;20170112;https://www.jardiland.com/jardinage/entretien-et-traitements/pulverisateurs/accessoires-de-pulverisation/5374-coude-avec-buses.html
