ID_WEB;ID_JDN;CODEMAG;DATE_ASPI;URLPRODUIT
59672-59672;1465326;125;20170117;https://www.jardiland.com/maison-deco/epicerie-fine/epicerie-sucree/chocolat/59672-the-de-noel.html
59668-59668;1465331;125;20170117;https://www.jardiland.com/maison-deco/epicerie-fine/epicerie-sucree/chocolat/59668-billes-de-cereales-aux-3-chocolats-mug.html
54715-54715;1465317;125;20170117;https://www.jardiland.com/maison-deco/epicerie-fine/epicerie-sucree/chocolat/54715-billes-de-cereales-enrobees-aux-3-chocolats.html
56793-56793;1437142;125;20170117;https://www.jardiland.com/maison-deco/epicerie-fine/epicerie-salee/aperitif/56793-chips-pipers-vinaigre-de-cidre-150-g.html
56791-56791;1437144;125;20170117;https://www.jardiland.com/maison-deco/epicerie-fine/epicerie-salee/aperitif/56791-chips-pipers-poivre-noir-150-g.html
56795-56795;1437139;125;20170117;https://www.jardiland.com/maison-deco/epicerie-fine/epicerie-salee/aperitif/56795-chips-pipers-chorizo-150-g.html
56794-56794;1437141;125;20170117;https://www.jardiland.com/maison-deco/epicerie-fine/epicerie-salee/aperitif/56794-chips-pipers-au-sel-marin-150-g.html
41090-41090;1427659;125;20170117;https://www.jardiland.com/maison-deco/art-de-la-table/vaisselle/coffret-cadeau/41090-coffret-de-2-mugs-2-sous-verres-hiboux.html
52759-52759;1392283;125;20170117;https://www.jardiland.com/maison-deco/art-de-la-table/vaisselle/tasse-bol-et-mug/52759-coffret-2-mugs-oiseaux.html
46802-46802;1424452;125;20170117;https://www.jardiland.com/maison-deco/cache-pot-d-interieur/cache-pot-simple/pot-special-orchidee-et-accessoires/46802-vase-fushia-melrose.html
46803-46803;1424451;125;20170117;https://www.jardiland.com/maison-deco/cache-pot-d-interieur/cache-pot-simple/pot-special-orchidee-et-accessoires/46803-vase-blanc-alaska.html
46591-46591;1424448;125;20170117;https://www.jardiland.com/maison-deco/cache-pot-d-interieur/cache-pot-simple/ceramique/46591-cache-pot-vert-moss-2-3-l.html
46592-46592;1424447;125;20170117;https://www.jardiland.com/maison-deco/cache-pot-d-interieur/cache-pot-simple/ceramique/46592-cache-pot-vert-moss-1-5-l.html
50907-44179;1429262;125;20170117;https://www.jardiland.com/maison-deco/cache-pot-d-interieur/cache-pot-simple/ceramique/50907-cache-pot-ceramique.html
46601-46601;1424432;125;20170117;https://www.jardiland.com/maison-deco/cache-pot-d-interieur/cache-pot-simple/ceramique/46601-cache-pot-anthracite-2-1-l.html
1408-1408;1297246;125;20170117;https://www.jardiland.com/maison-deco/cheminee/accessoires-de-cheminee/pare-feu/1408-parefeu-arrondi-pour-poele-a-bois-grand-modele.html
1709-1709;1359361;125;20170117;https://www.jardiland.com/maison-deco/mobilier-d-interieur/1709-etagere-paula.html
56715-56715;1458367;125;20170117;https://www.jardiland.com/maison-deco/mobilier-d-interieur/56715-chaise-tracteur-rouge.html
56699-56699;1469548;125;20170117;https://www.jardiland.com/maison-deco/objets-de-decoration/autres-objets-de-decoration/autres-objets-de-decoration/56699-seau-botanicae-petit-modele.html
50083-50083;1456343;125;20170117;https://www.jardiland.com/maison-deco/objets-de-decoration/autres-objets-de-decoration/sac/50083-sac-a-tarte-zazie2-compagnie-gris-rouge.html
3453-3453;1434268;125;20170117;https://www.jardiland.com/maison-deco/objets-de-decoration/autres-objets-de-decoration/fruit-et-legume-artificiel/3453-pomme-bleu-clair-o-7o5-cm.html
3482-3482;1434270;125;20170117;https://www.jardiland.com/maison-deco/objets-de-decoration/autres-objets-de-decoration/fruit-et-legume-artificiel/3482-pomme-bleu-clair-o-14-cm.html
56701-56701;1469546;125;20170117;https://www.jardiland.com/maison-deco/objets-de-decoration/autres-objets-de-decoration/autres-objets-de-decoration/56701-mangeoire-pour-oiseaux.html
56708-56708;1458377;125;20170117;https://www.jardiland.com/maison-deco/objets-de-decoration/autres-objets-de-decoration/autres-objets-de-decoration/56708-arrosoir-animaux-de-la-ferme.html
58545-58545;1453818;125;20170117;https://www.jardiland.com/maison-deco/objets-de-decoration/figurines-et-peluches/figurine/58545-hibou-en-ciment-17-13-26-5-cm.html
60124-60124;1453819;125;20170117;https://www.jardiland.com/maison-deco/objets-de-decoration/figurines-et-peluches/figurine/60124-hibou-en-ciment-15-5-10-5-19-cm.html
50282-50282;1367639;125;20170117;https://www.jardiland.com/maison-deco/objets-de-decoration/rangement-boites-et-paniers/coffret-et-boite-de-rangement/50282-trousse-de-toilette-rouge-a-pois.html
48409-48409;1296684;125;20170117;https://www.jardiland.com/maison-deco/objets-de-decoration/rangement-boites-et-paniers/coffret-et-boite-de-rangement/48409-trousse-a-tout-pie-set-de-3-juste-multicolore.html
50287-50287;1367608;125;20170117;https://www.jardiland.com/maison-deco/objets-de-decoration/rangement-boites-et-paniers/coffret-et-boite-de-rangement/50287-sac-de-voyage-rings.html
50209-50209;1415435;125;20170117;https://www.jardiland.com/maison-deco/objets-de-decoration/rangement-boites-et-paniers/coffret-et-boite-de-rangement/50209-sac-de-voyage-noir-a-pois.html
50208-50208;1415438;125;20170117;https://www.jardiland.com/maison-deco/objets-de-decoration/rangement-boites-et-paniers/coffret-et-boite-de-rangement/50208-sac-de-voyage-noir.html
50283-50283;1367635;125;20170117;https://www.jardiland.com/maison-deco/objets-de-decoration/rangement-boites-et-paniers/coffret-et-boite-de-rangement/50283-sac-de-voyage-cabine.html
50288-50288;1367587;125;20170117;https://www.jardiland.com/maison-deco/objets-de-decoration/rangement-boites-et-paniers/coffret-et-boite-de-rangement/50288-sac-de-shopping-noir.html
51004-51004;1456333;125;20170117;https://www.jardiland.com/maison-deco/objets-de-decoration/rangement-boites-et-paniers/boite-fantaisie/51004-porte-monnaie-lilou-chat-violet.html
50207-50207;1415441;125;20170117;https://www.jardiland.com/maison-deco/objets-de-decoration/rangement-boites-et-paniers/coffret-et-boite-de-rangement/50207-parapluie-noir-a-pois.html
50053-50053;1456388;125;20170117;https://www.jardiland.com/maison-deco/objets-de-decoration/rangement-boites-et-paniers/boite-fantaisie/50053-boite-a-barrettes-epingles-jaune.html
3235-3235;1414709;125;20170117;https://www.jardiland.com/maison-deco/objets-de-decoration/plantes-artificielles/bouquet-et-composition/3235-poinsettia-bouquet-rouge-21-cm.html
57960-57960;1456161;125;20170117;https://www.jardiland.com/maison-deco/objets-de-decoration/plantes-artificielles/tige-fleurie/57960-fleur-glacee-acrylique-or-clair.html
52728-52728;1417064;125;20170117;https://www.jardiland.com/maison-deco/objets-de-decoration/vases-coupes-et-accessoires/pot-et-coupe/52728-couronne-a-planter-pm.html
51571-51571;1417066;125;20170117;https://www.jardiland.com/maison-deco/objets-de-decoration/vases-coupes-et-accessoires/pot-et-coupe/51571-couronne-a-planter-gm.html
52754-52754;1396606;125;20170117;https://www.jardiland.com/maison-deco/objets-de-decoration/vases-coupes-et-accessoires/pot-et-coupe/52754-bouteille-vera.html
32920-9965;1320751;125;20170117;https://www.jardiland.com/maison-deco/objets-de-decoration/bougies-et-senteurs/parfum-d-ambiance-diffuseur-a-froid/32920-recharge-parfum-goatier.html
32920-9946;1320732;125;20170117;https://www.jardiland.com/maison-deco/objets-de-decoration/bougies-et-senteurs/parfum-d-ambiance-diffuseur-a-froid/32920-recharge-parfum-goatier.html
2006-2006;1345627;125;20170117;https://www.jardiland.com/maison-deco/objets-de-decoration/bougies-et-senteurs/parfum-d-ambiance-diffuseur-a-froid/2006-parfum-lampe-berger-sejour-a-bahia.html
3268-3268;1410184;125;20170117;https://www.jardiland.com/maison-deco/objets-de-decoration/bougeoirs-photophores-et-lanternes/bougeoir-et-photophore-deco/3268-photophore-rouge-motifs-arbres-or.html
3267-3267;1410173;125;20170117;https://www.jardiland.com/maison-deco/objets-de-decoration/bougeoirs-photophores-et-lanternes/bougeoir-et-photophore-deco/3267-photophore-a-motifs-arbres.html
58537-58537;1453854;125;20170117;https://www.jardiland.com/maison-deco/objets-de-decoration/bougeoirs-photophores-et-lanternes/lanterne/58537-lanterne-noire-en-metal-18-18-30-cm.html
53256-53083;538457;125;20170117;https://www.jardiland.com/animaux/oiseau/alimentation-et-friandises/friandise/53256-kracker-african-perroquet-x2-1.html
43354-42760;538452;125;20170117;https://www.jardiland.com/animaux/oiseau/alimentation-et-friandises/friandise/43354-baguette-kracker-exotique-x2-1.html
49966-49474;857858;125;20170117;https://www.jardiland.com/animaux/poisson/materiel-chauffage-filtres-et-pompes/produit-specifique-eau-de-mer/49966-tube-high-lite-blue.html
53253-53162;543451;125;20170117;https://www.jardiland.com/animaux/poisson/materiel-chauffage-filtres-et-pompes/produit-specifique-eau-de-mer/53253-jbl-solar-marin-day-t8-1.html
32536-29888;957386;125;20170117;https://www.jardiland.com/animaux/poisson/materiel-chauffage-filtres-et-pompes/nettoyage-aquarium/32536-epuisette-maille-fine.html
32434-13286;1403882;125;20170117;https://www.jardiland.com/animaux/poisson/decoration-pour-aquarium/sable-et-autres-graviers/32434-sable-aquasand.html
32375-9598;1305060;125;20170117;https://www.jardiland.com/animaux/poisson/aquariums/aquarium-decoratif/32375-aquarium-spec-3-1.html
53829-53829;1226110;125;20170117;https://www.jardiland.com/animaux/poisson/alimentation/pour-poisson-d-eau-de-mer/53829-jbl-maripearls.html
52634-52634;1448396;125;20170117;https://www.jardiland.com/animaux/basse-cour/poulaillers-clapiers-et-accessoires/mangeoire-et-abreuvoir/52634-abreuvoir-a-baionnette-avec-pieds-vert-8-l.html
1804-1804;1336279;125;20170117;https://www.jardiland.com/animaux/chat/hygiene-soins-et-litieres/soin-de-toilettage/1804-shampooing-demelant-pour-chat-et-chaton.html
2509-2509;1388702;125;20170117;https://www.jardiland.com/animaux/rongeurs-et-petits-mammiferes/hygiene-et-soins/autres-produits-d-hygiene/2509-vitamine-c-ivory.html
2898-2898;1403698;125;20170117;https://www.jardiland.com/animaux/rongeurs-et-petits-mammiferes/hygiene-et-soins/litiere/2898-litiere-confort-bois-nature.html
40947-40947;1403382;125;20170117;https://www.jardiland.com/animaux/chien/education/tapis-educateur-et-repulsif/40947-tapis-educateur-pour-chien-ou-chat.html
2402-2402;1378248;125;20170117;https://www.jardiland.com/animaux/chien/colliers-laisses-et-vetements/accessoires/2402-multi-box-rouge.html
32052-7785;1256164;125;20170117;https://www.jardiland.com/animaux/chien/colliers-laisses-et-vetements/harnais/32052-harnais-pour-chien-un-chien-dans-la-ville.html
32059-11711;1372232;125;20170117;https://www.jardiland.com/animaux/chien/colliers-laisses-et-vetements/harnais/32059-harnais-pour-chien-pois-xs.html
32060-11715;1372237;125;20170117;https://www.jardiland.com/animaux/chien/colliers-laisses-et-vetements/harnais/32060-harnais-pour-chien-pois-s.html
32044-12278;1380449;125;20170117;https://www.jardiland.com/animaux/chien/colliers-laisses-et-vetements/collier-pour-chien/32044-collier-lumineux-pour-chien-xl.html
50782-50353;1448114;125;20170117;https://www.jardiland.com/animaux/chien/niches-couchage-et-transport/corbeille/50782-corbeille-club-bella-gris.html
31990-7074;1209697;125;20170117;https://www.jardiland.com/animaux/chien/alimentation-et-friandises/os-a-macher/31990-os-presses.html
31914-41514;992152;125;20170117;https://www.jardiland.com/animaux/chien/alimentation-et-friandises/croquette-pour-chien/31914-croquettes-boxer-breed-healh-nutrition-adult.html
58767-58688;1337724;125;20170117;https://www.jardiland.com/animaux/chien/alimentation-et-friandises/croquette-pour-chien/58767-canicaf-light-toutes-races.html
31885-7108;1210503;125;20170117;https://www.jardiland.com/animaux/chien/alimentation-et-friandises/croquette-pour-chien/31885-aliment-complet-pour-chien-actif.html
31944-7110;1210505;125;20170117;https://www.jardiland.com/animaux/chien/alimentation-et-friandises/croquette-pour-chien/31944-aliment-complet-chiot-moyenne-et-grande-taille.html
5574-5574;924884;125;20170117;https://www.jardiland.com/amenagement-du-jardin/abris-de-jardin-serres-et-rangements/serres/grande-serre/5574-serre-venus-2500-1.html
40487-38446;1432259;125;20170117;https://www.jardiland.com/amenagement-du-jardin/decorations/autres-decorations/40487-tapis-d-exterieur-en-polypropylene-1e80-x-1e20-m.html
2692-2692;1397125;125;20170117;https://www.jardiland.com/amenagement-du-jardin/decorations/statues-et-figurines/2692-tete-de-bouddha-murale.html
36-36;1013661;125;20170117;https://www.jardiland.com/amenagement-du-jardin/decorations/statues-et-figurines/36-statue-de-bassin-ganesh.html
51623-51623;1247614;125;20170117;https://www.jardiland.com/amenagement-du-jardin/decorations/statues-et-figurines/51623-grenouille-sur-pierre.html
1455-1455;1302646;125;20170117;https://www.jardiland.com/amenagement-du-jardin/pots-bacs-jardinieres-et-supports/tuteurs-et-supports-de-plante/treillage/1455-panneau-de-bamboo-oval-panel.html
31437-10551;1350324;125;20170117;https://www.jardiland.com/amenagement-du-jardin/pots-bacs-jardinieres-et-supports/en-email/31437-pot-en-email-odysee.html
21567-28932;923667;125;20170117;https://www.jardiland.com/amenagement-du-jardin/pots-bacs-jardinieres-et-supports/en-fibre/21567-pot-en-fibre-carre-haut.html
2990-2990;1403375;125;20170117;https://www.jardiland.com/amenagement-du-jardin/pots-bacs-jardinieres-et-supports/en-terre-cuite/2990-pot-en-terre-cuite-o-41-cabanon-deroma.html
31540-7581;1236647;125;20170117;https://www.jardiland.com/amenagement-du-jardin/pots-bacs-jardinieres-et-supports/en-plastique/31540-pot-maceta.html
2044-2044;1349596;125;20170117;https://www.jardiland.com/amenagement-du-jardin/pots-bacs-jardinieres-et-supports/en-plastique/2044-pot-lumineux-vert-o-16-cm-a-led.html
31530-7572;1236341;125;20170117;https://www.jardiland.com/amenagement-du-jardin/pots-bacs-jardinieres-et-supports/en-plastique/31530-pot-en-plastique-evase-cuenca.html
31530-7570;1236328;125;20170117;https://www.jardiland.com/amenagement-du-jardin/pots-bacs-jardinieres-et-supports/en-plastique/31530-pot-en-plastique-evase-cuenca.html
31543-13170;1402599;125;20170117;https://www.jardiland.com/amenagement-du-jardin/pots-bacs-jardinieres-et-supports/en-plastique/31543-pot-cylindro-design-rotomoule.html
31556-54799;1469870;125;20170117;https://www.jardiland.com/amenagement-du-jardin/pots-bacs-jardinieres-et-supports/en-plastique/31556-jardiniere-en-plastique-landhaus.html
52462-52417;802738;125;20170117;https://www.jardiland.com/amenagement-du-jardin/amenagement/dalles-galets-et-pas-japonais/galet-et-gravier/52462-granules-decoratifs.html
31221-24498;789361;125;20170117;https://www.jardiland.com/amenagement-du-jardin/barbecues-cuisine-exterieur/autres/accessoires-de-barbecue/31221-housse-de-barbecue.html
36635-36635;915487;125;20170117;https://www.jardiland.com/amenagement-du-jardin/barbecues-cuisine-exterieur/autres/accessoires-de-barbecue/36635-grille-treillis-a-poisson.html
2588-2588;1395082;125;20170117;https://www.jardiland.com/amenagement-du-jardin/barbecues-cuisine-exterieur/autres/accessoires-de-barbecue/2588-desserte-pour-plancha-en-inox.html
2572-2572;1394559;125;20170117;https://www.jardiland.com/amenagement-du-jardin/barbecues-cuisine-exterieur/autres/combustible/2572-allumes-barbecue-naturels.html
2574-2574;1394561;125;20170117;https://www.jardiland.com/amenagement-du-jardin/barbecues-cuisine-exterieur/autres/combustible/2574-allume-feu-laine-de-bois.html
1390-1390;1293685;125;20170117;https://www.jardiland.com/amenagement-du-jardin/barbecues-cuisine-exterieur/plancha/1390-plancha-a-gaz-santander.html
36705-36705;1432347;125;20170117;https://www.jardiland.com/amenagement-du-jardin/parasols-tonnelles-et-voiles-d-ombrage/parasols-et-accessoires/parasol-en-metal/36705-parasol-alix-excentre.html
42142-42142;1432324;125;20170117;https://www.jardiland.com/amenagement-du-jardin/mobilier-de-jardin/salon-de-jardin/salon-en-bois/42142-table-tyara-en-teck.html
31377-38467;1428350;125;20170117;https://www.jardiland.com/amenagement-du-jardin/mobilier-de-jardin/salon-de-jardin/mobilier-pliant/31377-chaise-pliante-anytime-batyline.html
31377-38391;1428349;125;20170117;https://www.jardiland.com/amenagement-du-jardin/mobilier-de-jardin/salon-de-jardin/mobilier-pliant/31377-chaise-pliante-anytime-batyline.html
4557-4557;574372;125;20170117;https://www.jardiland.com/jardinage/outils-et-materiel-du-jardinier/outils-de-taille/outil-de-taille/4557-echenilloir-multi-star.html
43383-42418;1018643;125;20170117;https://www.jardiland.com/jardinage/equipement-du-jardinier/bottes-et-sabots/43383-sabots-lamone-brun.html
37647-37647;1329613;125;20170117;https://www.jardiland.com/plantes/sapins-de-noel/sapins-artificiels/autres-sapins-artificiels/37647-guirlande-de-sapin-vert-l-180-cm.html
40018-40018;876979;125;20170117;https://www.jardiland.com/plantes/plantes-artificielles/plantes-artificielles/fruit-et-legume/40018-cognassier-a-fleurs-rubra.html
35589-30614;978211;125;20170117;https://www.jardiland.com/plantes/plantes-d-interieur/bonsais/ficus/35589-ficus-ginseng.html
35589-29261;966438;125;20170117;https://www.jardiland.com/plantes/plantes-d-interieur/bonsais/ficus/35589-ficus-ginseng.html
54383-54024;1301826;125;20170117;https://www.jardiland.com/plantes/plantes-d-interieur/cactus-et-plantes-grasses/succulentes/54383-succulente.html
35652-26325;844097;125;20170117;https://www.jardiland.com/plantes/plantes-d-interieur/cactus-et-plantes-grasses/haworthia/35652-haworthia.html
35625-8709;1283583;125;20170117;https://www.jardiland.com/plantes/plantes-d-interieur/cactus-et-plantes-grasses/crassula/35625-crassula-ovata.html
35617-26282;842485;125;20170117;https://www.jardiland.com/plantes/plantes-d-interieur/cactus-et-plantes-grasses/cereus/35617-cereus.html
36125-20386;633303;125;20170117;https://www.jardiland.com/plantes/plantes-d-interieur/plantes-vertes/zamioculcas/36125-zamioculcas-zamiifolia.html
36119-20752;633178;125;20170117;https://www.jardiland.com/plantes/plantes-d-interieur/plantes-vertes/tradescantia/36119-tradescantia.html
36066-20693;632974;125;20170117;https://www.jardiland.com/plantes/plantes-d-interieur/plantes-vertes/nolina-beaucarnea/36066-pied-d-elephant.html
36031-47552;1392871;125;20170117;https://www.jardiland.com/plantes/plantes-d-interieur/plantes-vertes/hedera/36031-hedera-helix-goldchild.html
35997-28094;906627;125;20170117;https://www.jardiland.com/plantes/plantes-d-interieur/plantes-vertes/ficus/35997-ficus-benjamina-exotica.html
35994-40219;945372;125;20170117;https://www.jardiland.com/plantes/plantes-d-interieur/plantes-vertes/ficus/35994-ficus-benjamina-danielle.html
35993-24027;732905;125;20170117;https://www.jardiland.com/plantes/plantes-d-interieur/plantes-vertes/ficus/35993-ficus-benjamina-danielle.html
35972-28290;902694;125;20170117;https://www.jardiland.com/plantes/plantes-d-interieur/plantes-vertes/dracaena/35972-dracaena-marginata-bicolor-mini-plante.html
35859-20732;633106;125;20170117;https://www.jardiland.com/plantes/plantes-d-interieur/plantes-vertes/areca/35859-areca-lutescens.html
35858-8322;1283078;125;20170117;https://www.jardiland.com/plantes/plantes-d-interieur/plantes-vertes/areca/35858-areca.html
35675-22224;670574;125;20170117;https://www.jardiland.com/plantes/plantes-d-interieur/orchidees/autres-orchidees/35675-orchidee-araignee-tolkien.html
35795-20715;633049;125;20170117;https://www.jardiland.com/plantes/plantes-d-interieur/plantes-fleuries/impatiens-de-nouvelle-guinee/35795-impatiens-de-nouvelle-guinee.html
35728-60004;1488797;125;20170117;https://www.jardiland.com/plantes/plantes-d-interieur/plantes-fleuries/anthurium/35728-anthurium.html
35578-40395;975238;125;20170117;https://www.jardiland.com/plantes/graines-et-gazon/gazon-et-prairies-fleuries/gazon-pour-terrain-sec/35578-pelouse-eco-alternative.html
53413-53413;602904;125;20170117;https://www.jardiland.com/plantes/graines-et-gazon/graines-de-fleurs/fleurs-annuelles/53413-tournesol-elite-sun-f1-hybrid.html
36518-6181;1004058;125;20170117;https://www.jardiland.com/plantes/potager-et-verger/fruitiers/myrtille/36518-myrtille-spartan.html
36501-24775;805920;125;20170117;https://www.jardiland.com/plantes/potager-et-verger/fruitiers/mure/36501-mure-framboise-tayberry.html
34536-17941;592858;125;20170117;https://www.jardiland.com/plantes/potager-et-verger/fruitiers/mandarinier/34536-mandarinier-satsuma.html
34535-38813;592828;125;20170117;https://www.jardiland.com/plantes/potager-et-verger/fruitiers/mandarinier/34535-mandarinier.html
36480-30309;971554;125;20170117;https://www.jardiland.com/plantes/potager-et-verger/fruitiers/groseillier-a-maquereaux/36480-groseillier-a-maquereaux-rouge.html
36476-30308;971552;125;20170117;https://www.jardiland.com/plantes/potager-et-verger/fruitiers/groseillier-a-maquereaux/36476-groseillier-a-maquereaux-blanc.html
36462-21604;651968;125;20170117;https://www.jardiland.com/plantes/potager-et-verger/fruitiers/grenadier/36462-grenadier-a-fruits.html
36434-30307;971549;125;20170117;https://www.jardiland.com/plantes/potager-et-verger/fruitiers/figuier/36434-figuier-violette-de-sollies.html
34518-59233;840917;125;20170117;https://www.jardiland.com/plantes/potager-et-verger/fruitiers/citronnier/34518-citronnier-meyer.html
41588-6250;1008912;125;20170117;https://www.jardiland.com/plantes/potager-et-verger/fruitiers/citronnier/41588-citronnier.html
41992-23685;720066;125;20170117;https://www.jardiland.com/plantes/potager-et-verger/fruitiers/cerisier/41992-cerisier-bigarreau-van.html
42001-16453;583731;125;20170117;https://www.jardiland.com/plantes/potager-et-verger/fruitiers/cerisier/42001-cerisier-bigarreau-moreau.html
34505-55434;819616;125;20170117;https://www.jardiland.com/plantes/potager-et-verger/fruitiers/autres-fruitiers/34505-cedratier-main-de-bouddha.html
41977-23681;720060;125;20170117;https://www.jardiland.com/plantes/potager-et-verger/fruitiers/abricotier/41977-abricotier-rouge-du-roussillon.html
33983-38781;590284;125;20170117;https://www.jardiland.com/plantes/arbres-et-arbustes-d-ornement/coniferes/genevrier/33983-juniperus-x-pfitzeriana-old-gold.html
33965-24480;749382;125;20170117;https://www.jardiland.com/plantes/arbres-et-arbustes-d-ornement/coniferes/genevrier/33965-juniperus-scopulorum-blue-arrow.html
33977-17526;590179;125;20170117;https://www.jardiland.com/plantes/arbres-et-arbustes-d-ornement/coniferes/genevrier/33977-juniperus-horizontalis-blue-chip.html
33974-30323;971729;125;20170117;https://www.jardiland.com/plantes/arbres-et-arbustes-d-ornement/coniferes/genevrier/33974-juniperus-communis-sentinel.html
33973-55110;590141;125;20170117;https://www.jardiland.com/plantes/arbres-et-arbustes-d-ornement/coniferes/genevrier/33973-juniperus-communis-repanda.html
33959-9331;1316784;125;20170117;https://www.jardiland.com/plantes/arbres-et-arbustes-d-ornement/coniferes/epicea/33959-epicea-bleu-du-colorado-koster.html
33926-16525;584138;125;20170117;https://www.jardiland.com/plantes/arbres-et-arbustes-d-ornement/coniferes/chamaecyparis/33926-cypres-de-lawson-ellwoodii.html
33901-16388;583441;125;20170117;https://www.jardiland.com/plantes/arbres-et-arbustes-d-ornement/coniferes/cedre/33901-cedrus-libani.html
33816-18314;595235;125;20170117;https://www.jardiland.com/plantes/arbres-et-arbustes-d-ornement/bambous/phyllostachys/33816-bambou-phyllostachys-aureosulcata-spectabilis.html
33811-18326;595416;125;20170117;https://www.jardiland.com/plantes/arbres-et-arbustes-d-ornement/bambous/phyllostachys/33811-bambou-noir-phyllostachys-nigra.html
33798-59089;1209577;125;20170117;https://www.jardiland.com/plantes/arbres-et-arbustes-d-ornement/bambous/fargesia/33798-bambou-fargesia-murieliae-rufa.html
41557-12940;1399938;125;20170117;https://www.jardiland.com/plantes/arbres-et-arbustes-d-ornement/buis-et-topiaires/troene-en-topiaire/41557-troene-a-petites-feuilles.html
33841-16149;581528;125;20170117;https://www.jardiland.com/plantes/arbres-et-arbustes-d-ornement/buis-et-topiaires/buis/33841-buis-faulkner.html
33841-7343;1226335;125;20170117;https://www.jardiland.com/plantes/arbres-et-arbustes-d-ornement/buis-et-topiaires/buis/33841-buis-faulkner.html
34468-17086;588668;125;20170117;https://www.jardiland.com/plantes/arbres-et-arbustes-d-ornement/plantes-grimpantes/lierre/34468-lierre-commun.html
34444-49328;1230597;125;20170117;https://www.jardiland.com/plantes/arbres-et-arbustes-d-ornement/plantes-grimpantes/glycine/34444-glycine-amethyst-falls.html
34339-15914;579658;125;20170117;https://www.jardiland.com/plantes/arbres-et-arbustes-d-ornement/plantes-grimpantes/akebia/34339-akebia-quinata.html
41848-19646;607976;125;20170117;https://www.jardiland.com/plantes/arbres-et-arbustes-d-ornement/rosiers/rosiers-grimpants/41848-rosier-polkar-meitosier-grimpant-a-grandes-fleurs.html
41897-29403;936881;125;20170117;https://www.jardiland.com/plantes/arbres-et-arbustes-d-ornement/rosiers/rosiers-tiges-pleureurs/41897-rosier-kadorar-noa83100b-paysager.html
50818-50723;607357;125;20170117;https://www.jardiland.com/plantes/arbres-et-arbustes-d-ornement/rosiers/rosiers-buissons/50818-rosier-gertrude-jekyllr-ausboard-pbr-anglais.html
41628-38886;607353;125;20170117;https://www.jardiland.com/plantes/arbres-et-arbustes-d-ornement/rosiers/rosiers-buissons/41628-rosier-falstaffr-ausverse-pbr-anglais.html
61042-60175;1253061;125;20170117;https://www.jardiland.com/plantes/arbres-et-arbustes-d-ornement/rosiers/rosiers-tiges-pleureurs/61042-rosier-edith-piafr-meiramboys-grandes-fleurs.html
41752-43575;1461700;125;20170117;https://www.jardiland.com/plantes/arbres-et-arbustes-d-ornement/rosiers/rosiers-buissons/41752-rosier-chartreuse-de-parmer-delviola-grandes-fleurs.html
34202-55912;1439837;125;20170117;https://www.jardiland.com/plantes/arbres-et-arbustes-d-ornement/plantes-de-terre-de-bruyere/hortensia/34202-hortensia-paniculata.html
34152-29480;945375;125;20170117;https://www.jardiland.com/plantes/arbres-et-arbustes-d-ornement/plantes-de-terre-de-bruyere/hamamelis/34152-hamamelis-x-intermedia-ruby-glow.html
41567-29923;958369;125;20170117;https://www.jardiland.com/plantes/arbres-et-arbustes-d-ornement/plantes-de-terre-de-bruyere/erable-du-japon/41567-erable-du-japon.html
34091-43609;1458431;125;20170117;https://www.jardiland.com/plantes/arbres-et-arbustes-d-ornement/plantes-de-terre-de-bruyere/bois-joli-daphne/34091-daphne-odora.html
34101-60917;1319740;125;20170117;https://www.jardiland.com/plantes/arbres-et-arbustes-d-ornement/plantes-de-terre-de-bruyere/camelia/34101-camelia-du-japon.html
36126-13646;1426027;125;20170117;https://www.jardiland.com/plantes/arbres-et-arbustes-d-ornement/plantes-de-terre-de-bruyere/bruyere-calluna/36126-calluna-vulgaris.html
34076-15917;580674;125;20170117;https://www.jardiland.com/plantes/arbres-et-arbustes-d-ornement/plantes-de-terre-de-bruyere/azalee/34076-azalea-mollis.html
34680-18480;596407;125;20170117;https://www.jardiland.com/plantes/arbres-et-arbustes-d-ornement/plantes-mediterraneennes/autres-plantes-mediterraneennes/34680-pittosporum-tenuifolium-variegatum.html
34799-18258;594954;125;20170117;https://www.jardiland.com/plantes/arbres-et-arbustes-d-ornement/plantes-mediterraneennes/palmiers/34799-phormium-jester.html
34845-6229;1008346;125;20170117;https://www.jardiland.com/plantes/arbres-et-arbustes-d-ornement/plantes-mediterraneennes/palmiers/34845-palmier-nain-vulcano.html
34794-23279;701741;125;20170117;https://www.jardiland.com/plantes/arbres-et-arbustes-d-ornement/plantes-mediterraneennes/palmiers/34794-palmier-dattier-des-canaries.html
34666-17719;591215;125;20170117;https://www.jardiland.com/plantes/arbres-et-arbustes-d-ornement/plantes-mediterraneennes/autres-plantes-mediterraneennes/34666-lilas-des-indes-yang-tser.html
34583-38298;1399850;125;20170117;https://www.jardiland.com/plantes/arbres-et-arbustes-d-ornement/plantes-mediterraneennes/autres-plantes-mediterraneennes/34583-goyavier-du-bresil.html
34548-8225;1277145;125;20170117;https://www.jardiland.com/plantes/arbres-et-arbustes-d-ornement/plantes-mediterraneennes/autres-plantes-mediterraneennes/34548-goji.html
34607-25552;821928;125;20170117;https://www.jardiland.com/plantes/arbres-et-arbustes-d-ornement/plantes-mediterraneennes/autres-plantes-mediterraneennes/34607-eucalyptus-gunnii.html
34607-17038;587346;125;20170117;https://www.jardiland.com/plantes/arbres-et-arbustes-d-ornement/plantes-mediterraneennes/autres-plantes-mediterraneennes/34607-eucalyptus-gunnii.html
34789-39552;741041;125;20170117;https://www.jardiland.com/plantes/arbres-et-arbustes-d-ornement/plantes-mediterraneennes/palmiers/34789-agave-americana-variegata.html
32992-27195;875341;125;20170117;https://www.jardiland.com/plantes/arbres-et-arbustes-d-ornement/arbres-et-arbustes/autres-arbres-et-arbustes/32992-sorbaria-sorbifolia-sem-pbr.html
33604-44023;1463310;125;20170117;https://www.jardiland.com/plantes/arbres-et-arbustes-d-ornement/arbres-et-arbustes/pyracantha/33604-pyracantha-saphyr-jauner-cadaune-pbr.html
33590-28965;932994;125;20170117;https://www.jardiland.com/plantes/arbres-et-arbustes-d-ornement/arbres-et-arbustes/prunus/33590-prunus-triloba.html
33358-18784;597840;125;20170117;https://www.jardiland.com/plantes/arbres-et-arbustes-d-ornement/arbres-et-arbustes/laurier-palme/33358-prunus-laurocerasus-rotundifolia.html
33524-44192;1429776;125;20170117;https://www.jardiland.com/plantes/arbres-et-arbustes-d-ornement/arbres-et-arbustes/physocarpe/33524-physocarpus-opulifolius-diable-d-orr-mindia.html
33519-30459;973918;125;20170117;https://www.jardiland.com/plantes/arbres-et-arbustes-d-ornement/arbres-et-arbustes/photinia/33519-photinia-x-fraseri-little-red-robin.html
33535-17926;592740;125;20170117;https://www.jardiland.com/plantes/arbres-et-arbustes-d-ornement/arbres-et-arbustes/pommier-d-ornement/33535-malus-perpetur-evereste-pbr.html
33454-12886;1398917;125;20170117;https://www.jardiland.com/plantes/arbres-et-arbustes-d-ornement/arbres-et-arbustes/mahonia/33454-mahonia-soft-caress.html
33337-8441;1263825;125;20170117;https://www.jardiland.com/plantes/arbres-et-arbustes-d-ornement/arbres-et-arbustes/hibiscus/33337-hibiscus-syriacus-blue-chiffon.html
33253-13731;1410505;125;20170117;https://www.jardiland.com/plantes/arbres-et-arbustes-d-ornement/arbres-et-arbustes/fusain/33253-euonymus-japonicus-aureus.html
33245-17064;587430;125;20170117;https://www.jardiland.com/plantes/arbres-et-arbustes-d-ornement/arbres-et-arbustes/fusain/33245-euonymus-fortunei-emerald-gaiety.html
33173-59120;1334177;125;20170117;https://www.jardiland.com/plantes/arbres-et-arbustes-d-ornement/arbres-et-arbustes/elaeagnus/33173-elaeagnus-x-ebbingei.html
33286-16878;586631;125;20170117;https://www.jardiland.com/plantes/arbres-et-arbustes-d-ornement/arbres-et-arbustes/genet/33286-cytisus.html
41523-28787;922430;125;20170117;https://www.jardiland.com/plantes/arbres-et-arbustes-d-ornement/arbres-et-arbustes/cotoneaster/41523-cotoneaster-dammeri-major-var-radicans.html
33115-22295;674697;125;20170117;https://www.jardiland.com/plantes/arbres-et-arbustes-d-ornement/arbres-et-arbustes/cornouiller/33115-cornouiller-blanc-gouchaultii.html
33105-16515;583986;125;20170117;https://www.jardiland.com/plantes/arbres-et-arbustes-d-ornement/arbres-et-arbustes/cognassier-du-japon/33105-cognassier-a-fleurs-cameo.html
33079-16292;582895;125;20170117;https://www.jardiland.com/plantes/arbres-et-arbustes-d-ornement/arbres-et-arbustes/charme/33079-charme-commun.html
41520-16107;581089;125;20170117;https://www.jardiland.com/plantes/arbres-et-arbustes-d-ornement/arbres-et-arbustes/bouleau/41520-bouleau-blanc.html
33002-16058;581042;125;20170117;https://www.jardiland.com/plantes/arbres-et-arbustes-d-ornement/arbres-et-arbustes/berberis/33002-berberis-thunbergii-atropurpurea.html
32941-24852;810225;125;20170117;https://www.jardiland.com/plantes/arbres-et-arbustes-d-ornement/arbres-et-arbustes/arbre-a-perruques/32941-arbre-a-perruque-grace.html
