ID_WEB;ID_JDN;CODEMAG;DATE_ASPI;URLPRODUIT
60094-60094;1470424;11;20170116;https://www.jardiland.com/maison-deco/cheminee/accessoires-de-cheminee/accessoires/60094-gant-anti-chaleur-mano.html
13278-13278;1403767;11;20170116;https://www.jardiland.com/maison-deco/objets-de-decoration/autres-objets-de-decoration/fruit-et-legume-artificiel/13278-bassin-trendy-pond-outdoor.html
58194-58145;1454887;11;20170116;https://www.jardiland.com/animaux/oiseau-de-la-nature/alimentation/58194-guirlandes-micro-led-pilotable.html
58194-58144;1454884;11;20170116;https://www.jardiland.com/animaux/oiseau-de-la-nature/alimentation/58194-guirlandes-micro-led-pilotable.html
58194-58138;1454886;11;20170116;https://www.jardiland.com/animaux/oiseau-de-la-nature/alimentation/58194-guirlandes-micro-led-pilotable.html
32406-9663;1307207;11;20170116;https://www.jardiland.com/animaux/poisson/decoration-pour-aquarium/decoration-d-aquarium/32406-decoration-pour-aquarium-amphore-elephant.html
32427-12389;1386382;11;20170116;https://www.jardiland.com/animaux/poisson/decoration-pour-aquarium/plante-artificielle/32427-decor-pour-aquarium-euca.html
32410-6548;1014741;11;20170116;https://www.jardiland.com/animaux/poisson/decoration-pour-aquarium/plante-artificielle/32410-decor-pour-aquarium-buisson-fleur.html
62901-62873;1469186;11;20170116;https://www.jardiland.com/animaux/poisson/aquariums/meuble-pour-aquarium/62901-meuble-pour-aquarium-lido-120-1.html
60077-60077;1486127;11;20170116;https://www.jardiland.com/animaux/poisson/aquariums/aquarium-pour-poisson-d-eau-froide/60077-aquarium-nexus-15-led-sans-filtre.html
50788-41256;1250305;11;20170116;https://www.jardiland.com/animaux/poisson/aquariums/aquarium-pour-poisson-d-eau-chaude/50788-aquarium-lido-120-l.html
65032-64980;1487301;11;20170116;https://www.jardiland.com/animaux/poisson/aquariums/aquarium-pour-poisson-d-eau-froide/65032-aquarium-led-inwa-start40-pack-pur.html
65032-64979;1487302;11;20170116;https://www.jardiland.com/animaux/poisson/aquariums/aquarium-pour-poisson-d-eau-froide/65032-aquarium-led-inwa-start40-pack-pur.html
31809-11906;1374716;11;20170116;https://www.jardiland.com/animaux/chat/colliers-laisses-et-harnais/laisse/31809-laisse-pour-chat-lame.html
31713-8588;1280586;11;20170116;https://www.jardiland.com/animaux/chat/alimentation-et-friandises/croquette-pour-chat/31713-proplan-cat-adult-light-dinde.html
51290-59954;1499098;11;20170116;https://www.jardiland.com/animaux/chat/alimentation-et-friandises/croquette-pour-chat/51290-feline-maine-coon-kitten.html
62914-44459;541635;11;20170116;https://www.jardiland.com/animaux/chien/colliers-laisses-et-vetements/laisse-pour-chien/62914-laisse-amortisseur.html
64655-64655;1464444;11;20170116;https://www.jardiland.com/animaux/chien/gamelles-ecuelles-et-distributeurs/gamelle-et-ecuelle/64655-gamelle-melaminee-gris-pour-chiens-350-ml.html
31917-41422;539479;11;20170116;https://www.jardiland.com/animaux/chien/alimentation-et-friandises/croquette-pour-chien/31917-royal-canin-giant-adult.html
31938-41442;657830;11;20170116;https://www.jardiland.com/animaux/chien/alimentation-et-friandises/croquette-pour-chien/31938-croquettes-club-special-performance-pour-chien-adulte.html
2990-2990;1403375;11;20170116;https://www.jardiland.com/amenagement-du-jardin/pots-bacs-jardinieres-et-supports/en-terre-cuite/2990-pot-en-terre-cuite-o-41-cabanon-deroma.html
2985-2985;1403370;11;20170116;https://www.jardiland.com/amenagement-du-jardin/pots-bacs-jardinieres-et-supports/en-terre-cuite/2985-pot-en-terre-cuite-o-33-cabane-deroma.html
1347-1347;1289280;11;20170116;https://www.jardiland.com/amenagement-du-jardin/pots-bacs-jardinieres-et-supports/en-terre-cuite/1347-pot-en-terre-cuite-basalt-oo-45-x-ho-51-1.html
1355-1355;1289362;11;20170116;https://www.jardiland.com/amenagement-du-jardin/pots-bacs-jardinieres-et-supports/en-terre-cuite/1355-pot-en-terre-cuite-basalt-oo-21-x-ho-25-1.html
50774-12470;1389686;11;20170116;https://www.jardiland.com/amenagement-du-jardin/pots-bacs-jardinieres-et-supports/en-plastique/50774-soucoupe-en-plastique-teramo.html
50774-6789;1017914;11;20170116;https://www.jardiland.com/amenagement-du-jardin/pots-bacs-jardinieres-et-supports/en-plastique/50774-soucoupe-en-plastique-teramo.html
31558-14168;1433782;11;20170116;https://www.jardiland.com/amenagement-du-jardin/pots-bacs-jardinieres-et-supports/en-plastique/31558-pot-en-plastique-samba.html
31301-12981;1400685;11;20170116;https://www.jardiland.com/amenagement-du-jardin/eclairage-et-chauffage-d-exterieur/bougies-d-exterieur/31301-bougie-en-terrine-taille-s.html
31301-12980;1400684;11;20170116;https://www.jardiland.com/amenagement-du-jardin/eclairage-et-chauffage-d-exterieur/bougies-d-exterieur/31301-bougie-en-terrine-taille-s.html
31301-12979;1400683;11;20170116;https://www.jardiland.com/amenagement-du-jardin/eclairage-et-chauffage-d-exterieur/bougies-d-exterieur/31301-bougie-en-terrine-taille-s.html
31301-12978;1400682;11;20170116;https://www.jardiland.com/amenagement-du-jardin/eclairage-et-chauffage-d-exterieur/bougies-d-exterieur/31301-bougie-en-terrine-taille-s.html
31301-12795;1400680;11;20170116;https://www.jardiland.com/amenagement-du-jardin/eclairage-et-chauffage-d-exterieur/bougies-d-exterieur/31301-bougie-en-terrine-taille-s.html
31301-12793;1400678;11;20170116;https://www.jardiland.com/amenagement-du-jardin/eclairage-et-chauffage-d-exterieur/bougies-d-exterieur/31301-bougie-en-terrine-taille-s.html
31301-12704;1394532;11;20170116;https://www.jardiland.com/amenagement-du-jardin/eclairage-et-chauffage-d-exterieur/bougies-d-exterieur/31301-bougie-en-terrine-taille-s.html
31300-12975;1400656;11;20170116;https://www.jardiland.com/amenagement-du-jardin/eclairage-et-chauffage-d-exterieur/bougies-d-exterieur/31300-bougie-en-bocal-le-parfait-taille-s.html
31300-12974;1400655;11;20170116;https://www.jardiland.com/amenagement-du-jardin/eclairage-et-chauffage-d-exterieur/bougies-d-exterieur/31300-bougie-en-bocal-le-parfait-taille-s.html
31300-12973;1400654;11;20170116;https://www.jardiland.com/amenagement-du-jardin/eclairage-et-chauffage-d-exterieur/bougies-d-exterieur/31300-bougie-en-bocal-le-parfait-taille-s.html
31300-12972;1400653;11;20170116;https://www.jardiland.com/amenagement-du-jardin/eclairage-et-chauffage-d-exterieur/bougies-d-exterieur/31300-bougie-en-bocal-le-parfait-taille-s.html
31379-13295;1403894;11;20170116;https://www.jardiland.com/amenagement-du-jardin/mobilier-de-jardin/salon-de-jardin/mobilier-pliant/31379-chaise-lys.html
13618-13618;1408291;11;20170116;https://www.jardiland.com/jardinage/bricolage-droguerie/droguerie/13618-harnais-pour-chien-new-dog-square.html
