ID_WEB;ID_JDN;CODEMAG;DATE_ASPI;URLPRODUIT
4822-4822;821384;119;20170116;https://www.jardiland.com/maison-deco/epicerie-fine/epicerie-sucree/confiserie/4822-feves-assorties.html
52812-52812;1383652;119;20170116;https://www.jardiland.com/maison-deco/art-de-la-table/vaisselle/plat-de-service/52812-plat-a-tarte-poule-paille.html
52819-52819;1383640;119;20170116;https://www.jardiland.com/maison-deco/art-de-la-table/vaisselle/plat-de-service/52819-planche-a-decouper-cage-oiseau.html
41164-41164;1306260;119;20170116;https://www.jardiland.com/maison-deco/hygiene-de-la-maison/41164-savon-de-marseille-en-copeaux.html
36821-36821;1306250;119;20170116;https://www.jardiland.com/maison-deco/hygiene-de-la-maison/36821-pierre-multi-usages-blanche.html
4928-4928;791245;119;20170116;https://www.jardiland.com/maison-deco/cheminee/accessoires-de-cheminee/panier-a-buche/4928-panier-a-buches-papillon.html
1471-1471;1303578;119;20170116;https://www.jardiland.com/maison-deco/objets-de-decoration/autres-objets-de-decoration/fruit-et-legume-artificiel/1471-pomme-vert-brillant-o-22-cm.html
3278-3278;1410288;119;20170116;https://www.jardiland.com/maison-deco/objets-de-decoration/autres-objets-de-decoration/autres-objets-de-decoration/3278-photophore-porte-bougie-feuille-h-69-cm.html
50996-50996;1456364;119;20170116;https://www.jardiland.com/maison-deco/objets-de-decoration/rangement-boites-et-paniers/boite-fantaisie/50996-sac-a-lunch-isotherme-rosa-je-suis-rose.html
1405-1405;1296587;119;20170116;https://www.jardiland.com/maison-deco/objets-de-decoration/rangement-boites-et-paniers/coffret-et-boite-de-rangement/1405-boite-en-metal-apero.html
1819-1819;1385244;119;20170116;https://www.jardiland.com/maison-deco/objets-de-decoration/coussins-et-plaids/plaid/1819-plaid-creme.html
3430-3430;1434235;119;20170116;https://www.jardiland.com/maison-deco/objets-de-decoration/plantes-artificielles/tige-fleurie/3430-roses-roses-artificielles.html
3233-3233;1414704;119;20170116;https://www.jardiland.com/maison-deco/objets-de-decoration/plantes-artificielles/tige-fleurie/3233-magnolia-creme-effet-glace-36-cm.html
32920-9965;1320751;119;20170116;https://www.jardiland.com/maison-deco/objets-de-decoration/bougies-et-senteurs/parfum-d-ambiance-diffuseur-a-froid/32920-recharge-parfum-goatier.html
32901-24625;793304;119;20170116;https://www.jardiland.com/maison-deco/objets-de-decoration/bougies-et-senteurs/bougie-non-parfumee/32901-bougie-cylindre-o10-cm.html
2626-2626;1410327;119;20170116;https://www.jardiland.com/maison-deco/objets-de-decoration/bougeoirs-photophores-et-lanternes/bougeoir-et-photophore-deco/2626-set-photophores-et-plateau-filou.html
2624-2624;1410325;119;20170116;https://www.jardiland.com/maison-deco/objets-de-decoration/bougeoirs-photophores-et-lanternes/bougeoir-et-photophore-deco/2624-photophore-boule-filou-o-8-cm.html
2625-2625;1410326;119;20170116;https://www.jardiland.com/maison-deco/objets-de-decoration/bougeoirs-photophores-et-lanternes/bougeoir-et-photophore-deco/2625-photophore-boule-filou-o-13-cm.html
2627-2627;1410328;119;20170116;https://www.jardiland.com/maison-deco/objets-de-decoration/bougeoirs-photophores-et-lanternes/bougeoir-et-photophore-deco/2627-photophore-boule-avec-anse-filou-o-18-cm.html
1914-1914;1327405;119;20170116;https://www.jardiland.com/maison-deco/objets-de-decoration/bougeoirs-photophores-et-lanternes/bougeoir-et-photophore-deco/1914-chandelier-victoria-h-105-cm.html
5138-5138;772579;119;20170116;https://www.jardiland.com/maison-deco/objets-de-decoration/bougeoirs-photophores-et-lanternes/bougeoir-et-photophore-deco/5138-bouteille-photophore.html
32311-27445;874222;119;20170116;https://www.jardiland.com/animaux/oiseau-de-la-nature/alimentation/32311-boule-de-graisse-nature.html
32551-24688;803561;119;20170116;https://www.jardiland.com/animaux/reptiles-et-insectes/soins-et-entretien/sable-et-substrat/32551-jbl-terrasand.html
32543-24630;796390;119;20170116;https://www.jardiland.com/animaux/reptiles-et-insectes/alimentation/boite-et-lyophilisee/32543-jbl-nourriture-tortue.html
42198-42198;538854;119;20170116;https://www.jardiland.com/animaux/oiseau/hygiene-et-soins/fond-de-cage/42198-sable-vita-sandy.html
935-935;1252470;119;20170116;https://www.jardiland.com/animaux/oiseau/cages-volieres-et-accessoires/cage/935-cage-rekord-3-1.html
3526-3526;538589;119;20170116;https://www.jardiland.com/animaux/oiseau/cages-volieres-et-accessoires/cage/3526-cage-pour-oiseaux-exotiques-charlotte.html
42197-42197;538531;119;20170116;https://www.jardiland.com/animaux/oiseau/alimentation-et-friandises/friandise/42197-patee-ravivant-la-couleur-100-g.html
42196-42196;538530;119;20170116;https://www.jardiland.com/animaux/oiseau/alimentation-et-friandises/friandise/42196-patee-fortifiante-au-miel-100-g.html
42195-42195;538527;119;20170116;https://www.jardiland.com/animaux/oiseau/alimentation-et-friandises/friandise/42195-patee-deelevage-100-g-aux-oeufs.html
42191-42191;870211;119;20170116;https://www.jardiland.com/animaux/oiseau/alimentation-et-friandises/complement-nutritionnel/42191-millet-en-grappe.html
32273-58712;941796;119;20170116;https://www.jardiland.com/animaux/oiseau/alimentation-et-friandises/alimentation-quotidienne/32273-menu-prestige-grande-perruche.html
32453-14921;1452918;119;20170116;https://www.jardiland.com/animaux/poisson/entretien-et-soins/produit-pour-l-eau/32453-tetra-crystal-water.html
43359-42720;544394;119;20170116;https://www.jardiland.com/animaux/poisson/entretien-et-soins/produit-pour-l-eau/43359-sera-baktopur.html
32465-29865;957324;119;20170116;https://www.jardiland.com/animaux/poisson/materiel-chauffage-filtres-et-pompes/aeration/32465-tuyau-aeration.html
32488-27504;875398;119;20170116;https://www.jardiland.com/animaux/poisson/materiel-chauffage-filtres-et-pompes/eclairage/32488-tube-high-lite-day.html
53392-53392;678392;119;20170116;https://www.jardiland.com/animaux/poisson/materiel-chauffage-filtres-et-pompes/nettoyage-aquarium/53392-siphon-pour-vidange-d-aquarium.html
3769-3769;543867;119;20170116;https://www.jardiland.com/animaux/poisson/materiel-chauffage-filtres-et-pompes/nettoyage-aquarium/3769-jbl-gant-de-nettoyage.html
48914-48875;917517;119;20170116;https://www.jardiland.com/animaux/poisson/materiel-chauffage-filtres-et-pompes/filtre-interieur/48914-filtre-interieur-superclean.html
32536-29889;957387;119;20170116;https://www.jardiland.com/animaux/poisson/materiel-chauffage-filtres-et-pompes/nettoyage-aquarium/32536-epuisette-maille-fine.html
32536-29888;957386;119;20170116;https://www.jardiland.com/animaux/poisson/materiel-chauffage-filtres-et-pompes/nettoyage-aquarium/32536-epuisette-maille-fine.html
54385-54353;739271;119;20170116;https://www.jardiland.com/animaux/poisson/materiel-chauffage-filtres-et-pompes/masse-de-filtration/54385-dose-api-crystal-3-1.html
54385-54352;739270;119;20170116;https://www.jardiland.com/animaux/poisson/materiel-chauffage-filtres-et-pompes/masse-de-filtration/54385-dose-api-crystal-3-1.html
5517-5517;957338;119;20170116;https://www.jardiland.com/animaux/poisson/materiel-chauffage-filtres-et-pompes/aeration/5517-diffuseur-d-air-boule-3-cm.html
32530-8066;1253174;119;20170116;https://www.jardiland.com/animaux/poisson/materiel-chauffage-filtres-et-pompes/masse-de-filtration/32530-charbon-super-actif.html
32531-15318;543748;119;20170116;https://www.jardiland.com/animaux/poisson/materiel-chauffage-filtres-et-pompes/masse-de-filtration/32531-charbon-de-filtration-actikool.html
32484-15004;537701;119;20170116;https://www.jardiland.com/animaux/poisson/materiel-chauffage-filtres-et-pompes/eclairage/32484-ballast-visilux-2-tubes.html
32485-15001;537697;119;20170116;https://www.jardiland.com/animaux/poisson/materiel-chauffage-filtres-et-pompes/eclairage/32485-ballast-visilux-1-tube.html
1631-1631;1328643;119;20170116;https://www.jardiland.com/animaux/poisson/decoration-pour-aquarium/plante-artificielle/1631-plante-artificielle-tropic-large.html
1063-1063;1253924;119;20170116;https://www.jardiland.com/animaux/poisson/decoration-pour-aquarium/plante-artificielle/1063-decor-sunny-plants.html
651-651;1252870;119;20170116;https://www.jardiland.com/animaux/poisson/decoration-pour-aquarium/decoration-d-aquarium/651-decor-pour-aquarium-diffuseur-boudha-bambou.html
1635-1635;1328665;119;20170116;https://www.jardiland.com/animaux/poisson/decoration-pour-aquarium/plante-artificielle/1635-decor-pour-aquarium-bambou-algue-vert.html
1529-1529;1307275;119;20170116;https://www.jardiland.com/animaux/poisson/decoration-pour-aquarium/decoration-d-aquarium/1529-decor-pour-aquarium-4-colonnes-nano.html
5414-5414;958027;119;20170116;https://www.jardiland.com/animaux/poisson/decoration-pour-aquarium/plante-artificielle/5414-decor-fleur-amazone.html
53663-53663;1444840;119;20170116;https://www.jardiland.com/animaux/poisson/decoration-pour-aquarium/decoration-d-aquarium/53663-decor-corail-colore.html
53679-53679;1438168;119;20170116;https://www.jardiland.com/animaux/poisson/decoration-pour-aquarium/decoration-d-aquarium/53679-decor-corail.html
5774-5774;958000;119;20170116;https://www.jardiland.com/animaux/poisson/decoration-pour-aquarium/plante-artificielle/5774-decor-composition-sea-grass.html
5775-5775;958001;119;20170116;https://www.jardiland.com/animaux/poisson/decoration-pour-aquarium/plante-artificielle/5775-decor-composition-eucalyptus.html
5777-5777;958004;119;20170116;https://www.jardiland.com/animaux/poisson/decoration-pour-aquarium/plante-artificielle/5777-decor-composition-epee-couleur.html
54624-54624;1252404;119;20170116;https://www.jardiland.com/animaux/poisson/alimentation/pour-poisson-d-eau-chaude/54624-tetra-pro-poissons-d-ornement-vegetable.html
31809-11906;1374716;119;20170116;https://www.jardiland.com/animaux/chat/colliers-laisses-et-harnais/laisse/31809-laisse-pour-chat-lame.html
31801-15213;542912;119;20170116;https://www.jardiland.com/animaux/chat/colliers-laisses-et-harnais/laisse/31801-laisse-pour-chat-carnaval.html
40935-40935;1420292;119;20170116;https://www.jardiland.com/animaux/chat/jeux-et-jouets/40935-souris-telecommandee.html
31770-12374;1386353;119;20170116;https://www.jardiland.com/animaux/chat/arbres-a-chat-et-griffoirs/arbre-a-chat/31770-arbre-a-chat-twist.html
31766-23914;730574;119;20170116;https://www.jardiland.com/animaux/chat/arbres-a-chat-et-griffoirs/arbre-a-chat/31766-arbre-a-chat-draco.html
31766-23913;730573;119;20170116;https://www.jardiland.com/animaux/chat/arbres-a-chat-et-griffoirs/arbre-a-chat/31766-arbre-a-chat-draco.html
1804-1804;1336279;119;20170116;https://www.jardiland.com/animaux/chat/hygiene-soins-et-litieres/soin-de-toilettage/1804-shampooing-demelant-pour-chat-et-chaton.html
1177-1177;1281510;119;20170116;https://www.jardiland.com/animaux/chat/hygiene-soins-et-litieres/bac-a-litiere-et-maison-de-toilette/1177-maison-toilette-cat-mice.html
31823-10931;1369763;119;20170116;https://www.jardiland.com/animaux/chat/hygiene-soins-et-litieres/bac-a-litiere-et-maison-de-toilette/31823-maison-de-toilette-cathy.html
5849-5849;974148;119;20170116;https://www.jardiland.com/animaux/chat/hygiene-soins-et-litieres/litiere/5849-litiere-magic-clean-2-mois.html
31828-12877;1398775;119;20170116;https://www.jardiland.com/animaux/chat/hygiene-soins-et-litieres/soin-de-toilettage/31828-ciseaux-coupe-griffe.html
31817-7853;1248172;119;20170116;https://www.jardiland.com/animaux/chat/gamelles-ecuelles-et-distributeurs/gamelle-et-ecuelle/31817-ecuelle-ceramique-cat.html
2289-2289;1373563;119;20170116;https://www.jardiland.com/animaux/chat/gamelles-ecuelles-et-distributeurs/distributeur-d-eau-et-croquette/2289-cartouches-pour-fontaine-sense.html
31725-6047;1002503;119;20170116;https://www.jardiland.com/animaux/chat/alimentation-et-friandises/croquette-pour-chat/31725-science-plan-feline-sterilised-cat-mature.html
40900-40900;1408383;119;20170116;https://www.jardiland.com/animaux/chat/alimentation-et-friandises/boite-et-sachet-fraicheur/40900-royal-canin-urinary-care-x-12-1.html
59649-59649;868527;119;20170116;https://www.jardiland.com/animaux/rongeurs-et-petits-mammiferes/hygiene-et-soins/soin-de-toilettage/59649-shampooing-pour-lapin.html
2898-2898;1403698;119;20170116;https://www.jardiland.com/animaux/rongeurs-et-petits-mammiferes/hygiene-et-soins/litiere/2898-litiere-confort-bois-nature.html
53272-52975;1311840;119;20170116;https://www.jardiland.com/animaux/rongeurs-et-petits-mammiferes/habitats-cages-et-accessoires/cage/53272-cage-rabbit-greensun.html
5329-5329;869970;119;20170116;https://www.jardiland.com/animaux/rongeurs-et-petits-mammiferes/habitats-cages-et-accessoires/cage/5329-cage-pour-lapins-et-cochons-d-inde-cachou-plus.html
5445-5445;878135;119;20170116;https://www.jardiland.com/animaux/rongeurs-et-petits-mammiferes/aliments-et-friandises/foin-et-fourrage/5445-foin-excellence.html
32592-28791;920417;119;20170116;https://www.jardiland.com/animaux/rongeurs-et-petits-mammiferes/aliments-et-friandises/foin-et-fourrage/32592-foin-a-la-carotte.html
42211-42211;539045;119;20170116;https://www.jardiland.com/animaux/rongeurs-et-petits-mammiferes/aliments-et-friandises/friandise/42211-bonbino-s-fromage-rat.html
1024-1024;1336281;119;20170116;https://www.jardiland.com/animaux/chien/hygiene-et-soins/soin-de-toilettage/1024-shampooing-anti-odeurs-pour-chien.html
5750-5750;957283;119;20170116;https://www.jardiland.com/animaux/chien/hygiene-et-soins/soin-de-toilettage/5750-ciseaux-de-toilettage.html
32122-26277;842297;119;20170116;https://www.jardiland.com/animaux/chien/colliers-laisses-et-vetements/pull-pour-chien/32122-pull-basic-pour-chien.html
32122-26272;842292;119;20170116;https://www.jardiland.com/animaux/chien/colliers-laisses-et-vetements/pull-pour-chien/32122-pull-basic-pour-chien.html
32126-13978;1423799;119;20170116;https://www.jardiland.com/animaux/chien/colliers-laisses-et-vetements/pull-pour-chien/32126-polaire-pour-chien-wouapy.html
32126-13977;1423798;119;20170116;https://www.jardiland.com/animaux/chien/colliers-laisses-et-vetements/pull-pour-chien/32126-polaire-pour-chien-wouapy.html
32126-13976;1423797;119;20170116;https://www.jardiland.com/animaux/chien/colliers-laisses-et-vetements/pull-pour-chien/32126-polaire-pour-chien-wouapy.html
50853-50526;1405244;119;20170116;https://www.jardiland.com/animaux/chien/colliers-laisses-et-vetements/laisse-pour-chien/50853-laisse-retractable-cordon-new-classic-bleu.html
32103-55448;743670;119;20170116;https://www.jardiland.com/animaux/chien/colliers-laisses-et-vetements/manteau-pour-chien/32103-imper-basic-pour-chien.html
32103-24328;743682;119;20170116;https://www.jardiland.com/animaux/chien/colliers-laisses-et-vetements/manteau-pour-chien/32103-imper-basic-pour-chien.html
32103-24322;743676;119;20170116;https://www.jardiland.com/animaux/chien/colliers-laisses-et-vetements/manteau-pour-chien/32103-imper-basic-pour-chien.html
32103-23866;743666;119;20170116;https://www.jardiland.com/animaux/chien/colliers-laisses-et-vetements/manteau-pour-chien/32103-imper-basic-pour-chien.html
32059-11712;1372233;119;20170116;https://www.jardiland.com/animaux/chien/colliers-laisses-et-vetements/harnais/32059-harnais-pour-chien-pois-xs.html
32047-28086;904218;119;20170116;https://www.jardiland.com/animaux/chien/colliers-laisses-et-vetements/harnais/32047-harnais-pour-chien-camouflage.html
62915-7791;1256764;119;20170116;https://www.jardiland.com/animaux/chien/colliers-laisses-et-vetements/harnais/62915-harnais-nylon-reglable.html
32004-13307;1403919;119;20170116;https://www.jardiland.com/animaux/chien/colliers-laisses-et-vetements/accessoires/32004-harnais-de-traction-pour-chien.html
32004-13306;1403918;119;20170116;https://www.jardiland.com/animaux/chien/colliers-laisses-et-vetements/accessoires/32004-harnais-de-traction-pour-chien.html
32004-13229;1403915;119;20170116;https://www.jardiland.com/animaux/chien/colliers-laisses-et-vetements/accessoires/32004-harnais-de-traction-pour-chien.html
32002-13301;1403906;119;20170116;https://www.jardiland.com/animaux/chien/colliers-laisses-et-vetements/accessoires/32002-harnais-de-randonnee-pour-chien.html
32003-13302;1403908;119;20170116;https://www.jardiland.com/animaux/chien/colliers-laisses-et-vetements/accessoires/32003-harnais-d-utilite-pour-chien.html
32017-8148;1256606;119;20170116;https://www.jardiland.com/animaux/chien/colliers-laisses-et-vetements/collier-pour-chien/32017-collier-pour-chien-strass.html
32036-11776;1372419;119;20170116;https://www.jardiland.com/animaux/chien/colliers-laisses-et-vetements/collier-pour-chien/32036-collier-pour-chien-en-cuir-pique-noir.html
32036-11773;1372416;119;20170116;https://www.jardiland.com/animaux/chien/colliers-laisses-et-vetements/collier-pour-chien/32036-collier-pour-chien-en-cuir-pique-noir.html
32033-11729;1372304;119;20170116;https://www.jardiland.com/animaux/chien/colliers-laisses-et-vetements/collier-pour-chien/32033-collier-pour-chien-en-cuir.html
32186-6095;1016491;119;20170116;https://www.jardiland.com/animaux/chien/jeux-et-jouets/jouet-en-caoutchouc-et-latex/32186-jouet-pour-chien.html
32176-7288;1225084;119;20170116;https://www.jardiland.com/animaux/chien/jeux-et-jouets/corde/32176-balle-tennis-pour-chien.html
32190-6590;1015063;119;20170116;https://www.jardiland.com/animaux/chien/jeux-et-jouets/jouet-en-caoutchouc-et-latex/32190-balle-pour-chien-souple-geen-purple.html
32242-10629;1350491;119;20170116;https://www.jardiland.com/animaux/chien/niches-couchage-et-transport/tapis/32242-tapis-dehoussable-feria-105-cm.html
32225-10622;1350467;119;20170116;https://www.jardiland.com/animaux/chien/niches-couchage-et-transport/coussin-et-matelas/32225-coussin-plat-feria-bleu.html
32219-23532;716324;119;20170116;https://www.jardiland.com/animaux/chien/niches-couchage-et-transport/corbeille/32219-corbeille-pour-chien-siesta-deluxe-6-1.html
32219-23526;716314;119;20170116;https://www.jardiland.com/animaux/chien/niches-couchage-et-transport/corbeille/32219-corbeille-pour-chien-siesta-deluxe-6-1.html
50111-50111;1443646;119;20170116;https://www.jardiland.com/animaux/chien/alimentation-et-friandises/friandise-bucco-dentaire/50111-stick-o-dent-puppy-x7-1.html
31887-41499;966231;119;20170116;https://www.jardiland.com/animaux/chien/alimentation-et-friandises/croquette-pour-chien/31887-science-plan-adult-light.html
52463-52186;1209403;119;20170116;https://www.jardiland.com/animaux/chien/alimentation-et-friandises/os-a-macher/52463-os-presse.html
46080-44461;537302;119;20170116;https://www.jardiland.com/animaux/chien/alimentation-et-friandises/croquette-pour-chien/46080-eukanuba-adult-maintenance-moyenne-race.html
31870-41362;1405459;119;20170116;https://www.jardiland.com/animaux/chien/alimentation-et-friandises/croquette-pour-chien/31870-dog-chow-complet.html
31938-41442;657830;119;20170116;https://www.jardiland.com/animaux/chien/alimentation-et-friandises/croquette-pour-chien/31938-croquettes-club-special-performance-pour-chien-adulte.html
926-926;1252280;119;20170116;https://www.jardiland.com/amenagement-du-jardin/abris-de-jardin-serres-et-rangements/abris-de-jardin/926-abri-de-jardin-manor-65-1.html
363-363;1208199;119;20170116;https://www.jardiland.com/amenagement-du-jardin/loisirs-plein-air/jouets/363-figurine-kangourou-et-son-bebe.html
365-365;1208211;119;20170116;https://www.jardiland.com/amenagement-du-jardin/loisirs-plein-air/jouets/365-figurine-girafe.html
371-371;1208245;119;20170116;https://www.jardiland.com/amenagement-du-jardin/loisirs-plein-air/jouets/371-figurine-bebe-gorille.html
2147-2147;1360630;119;20170116;https://www.jardiland.com/amenagement-du-jardin/decorations/autres-decorations/2147-tuteur-anthracite-oiseau.html
40487-38446;1432259;119;20170116;https://www.jardiland.com/amenagement-du-jardin/decorations/autres-decorations/40487-tapis-d-exterieur-en-polypropylene-1e80-x-1e20-m.html
1457-1457;1302651;119;20170116;https://www.jardiland.com/amenagement-du-jardin/decorations/statues-et-figurines/1457-iguane-decoratif-de-jardin-en-metal.html
1455-1455;1302646;119;20170116;https://www.jardiland.com/amenagement-du-jardin/pots-bacs-jardinieres-et-supports/tuteurs-et-supports-de-plante/treillage/1455-panneau-de-bamboo-oval-panel.html
31446-10782;1352433;119;20170116;https://www.jardiland.com/amenagement-du-jardin/pots-bacs-jardinieres-et-supports/en-email/31446-soucoupe-en-email.html
31489-7604;1238044;119;20170116;https://www.jardiland.com/amenagement-du-jardin/pots-bacs-jardinieres-et-supports/en-fibre/31489-pot-en-fibre-conique.html
31489-6681;1016787;119;20170116;https://www.jardiland.com/amenagement-du-jardin/pots-bacs-jardinieres-et-supports/en-fibre/31489-pot-en-fibre-conique.html
31489-6680;1016786;119;20170116;https://www.jardiland.com/amenagement-du-jardin/pots-bacs-jardinieres-et-supports/en-fibre/31489-pot-en-fibre-conique.html
31580-15503;568453;119;20170116;https://www.jardiland.com/amenagement-du-jardin/pots-bacs-jardinieres-et-supports/en-terre-cuite/31580-soucoupe-en-terre-cuite.html
1363-1363;1292370;119;20170116;https://www.jardiland.com/amenagement-du-jardin/pots-bacs-jardinieres-et-supports/en-terre-cuite/1363-pot-carre-droit-en-terre-cuite.html
31577-15517;568484;119;20170116;https://www.jardiland.com/amenagement-du-jardin/pots-bacs-jardinieres-et-supports/en-terre-cuite/31577-coupe-sur-pied-en-terre-cuite.html
31572-14273;1433689;119;20170116;https://www.jardiland.com/amenagement-du-jardin/pots-bacs-jardinieres-et-supports/en-plastique/31572-soucoupe-en-plastique-romeo.html
31572-14272;1433688;119;20170116;https://www.jardiland.com/amenagement-du-jardin/pots-bacs-jardinieres-et-supports/en-plastique/31572-soucoupe-en-plastique-romeo.html
31570-11120;1360536;119;20170116;https://www.jardiland.com/amenagement-du-jardin/pots-bacs-jardinieres-et-supports/en-plastique/31570-soucoupe-en-plastique-romeo.html
31549-14205;1429928;119;20170116;https://www.jardiland.com/amenagement-du-jardin/pots-bacs-jardinieres-et-supports/en-plastique/31549-pot-romeo.html
31549-14200;1429923;119;20170116;https://www.jardiland.com/amenagement-du-jardin/pots-bacs-jardinieres-et-supports/en-plastique/31549-pot-romeo.html
31540-6870;1018125;119;20170116;https://www.jardiland.com/amenagement-du-jardin/pots-bacs-jardinieres-et-supports/en-plastique/31540-pot-maceta.html
52494-52494;928712;119;20170116;https://www.jardiland.com/amenagement-du-jardin/amenagement/clotures-et-palissades/52494-fil-d-attache-plastifie.html
40483-39237;643396;119;20170116;https://www.jardiland.com/amenagement-du-jardin/barbecues-cuisine-exterieur/autres/accessoires-de-barbecue/40483-planche-a-cuire.html
40484-39543;723658;119;20170116;https://www.jardiland.com/amenagement-du-jardin/barbecues-cuisine-exterieur/autres/accessoires-de-barbecue/40484-grille-de-barbecue.html
40484-39542;723657;119;20170116;https://www.jardiland.com/amenagement-du-jardin/barbecues-cuisine-exterieur/autres/accessoires-de-barbecue/40484-grille-de-barbecue.html
42123-42123;1352009;119;20170116;https://www.jardiland.com/amenagement-du-jardin/barbecues-cuisine-exterieur/autres/accessoires-de-barbecue/42123-chariot-pour-barbecue-deluxe-weber-q-2000-1.html
46638-46638;1364132;119;20170116;https://www.jardiland.com/amenagement-du-jardin/barbecues-cuisine-exterieur/autres/accessoires-de-barbecue/46638-chariot-en-chene-et-inox.html
3789-3789;545050;119;20170116;https://www.jardiland.com/amenagement-du-jardin/barbecues-cuisine-exterieur/autres/combustible/3789-briquettes-de-charbon-de-bois.html
36616-36616;1295293;119;20170116;https://www.jardiland.com/amenagement-du-jardin/barbecues-cuisine-exterieur/a-gaz/36616-barbecue-a-gaz-australien-puerta-luna-2-1.html
2075-2075;1352028;119;20170116;https://www.jardiland.com/amenagement-du-jardin/barbecues-cuisine-exterieur/au-charbon/2075-barbecue-au-charbon-performer-original-gourmet.html
111-111;1002321;119;20170116;https://www.jardiland.com/amenagement-du-jardin/eclairage-et-chauffage-d-exterieur/bougies-d-exterieur/111-bougie-en-verre-avec-citronnelle.html
5205-5205;936403;119;20170116;https://www.jardiland.com/amenagement-du-jardin/eclairage-et-chauffage-d-exterieur/eclairage-solaire/5205-borne-solaire-en-metal.html
31337-14145;1429532;119;20170116;https://www.jardiland.com/amenagement-du-jardin/mobilier-de-jardin/bains-de-soleil-et-hamacs/hamac/31337-hamac-belem-a-barre.html
31348-14141;1428347;119;20170116;https://www.jardiland.com/amenagement-du-jardin/mobilier-de-jardin/bains-de-soleil-et-hamacs/transat-et-chilienne/31348-fauteuil-relax-futura-clip-batyline.html
31331-7172;1225987;119;20170116;https://www.jardiland.com/amenagement-du-jardin/mobilier-de-jardin/bains-de-soleil-et-hamacs/bain-de-soleil/31331-bain-de-soleil-fidji-tonus.html
31369-8434;1263644;119;20170116;https://www.jardiland.com/amenagement-du-jardin/mobilier-de-jardin/salon-de-jardin/mobilier-pliant/31369-table-vega.html
31379-13295;1403894;119;20170116;https://www.jardiland.com/amenagement-du-jardin/mobilier-de-jardin/salon-de-jardin/mobilier-pliant/31379-chaise-lys.html
4475-4475;573885;119;20170116;https://www.jardiland.com/jardinage/semis-protections-et-accessoires-de-jardinage/appareils-de-mesure/thermometre/4475-thermometre-imitation-bois.html
36798-36798;576330;119;20170116;https://www.jardiland.com/jardinage/semis-protections-et-accessoires-de-jardinage/tuteurs-ficelles-et-accessoires/epouvantaile-effaroucheur/36798-liens-universel-173-mm.html
42343-42343;697034;119;20170116;https://www.jardiland.com/jardinage/semis-protections-et-accessoires-de-jardinage/voiles-d-hivernage-et-protections/accessoires-de-plasticulture/42343-manchons-anti-rongeurs-treex.html
4483-4483;573902;119;20170116;https://www.jardiland.com/jardinage/semis-protections-et-accessoires-de-jardinage/accessoires-de-semis/autres-accessoires-de-semis/4483-etiquette-a-planter.html
1831-1831;1315235;119;20170116;https://www.jardiland.com/jardinage/arrosage/tuyaux-devidoirs-lances-et-pistolets/raccord/1831-raccord-rapide-o13o15-mm.html
1830-1830;1315234;119;20170116;https://www.jardiland.com/jardinage/arrosage/tuyaux-devidoirs-lances-et-pistolets/raccord/1830-nez-de-robinet-o-20o27-reducteur-o-15o21-1.html
4896-4896;659144;119;20170116;https://www.jardiland.com/jardinage/arrosage/tuyaux-devidoirs-lances-et-pistolets/pistolet/4896-lance-d-arrosage-multijets-comfort.html
42236-42236;573682;119;20170116;https://www.jardiland.com/jardinage/arrosage/tuyaux-devidoirs-lances-et-pistolets/devidoir/42236-devidoir-jupiter-70-m-en-metal.html
5210-5210;955714;119;20170116;https://www.jardiland.com/jardinage/outils-a-moteur/autres-outils-a-moteur/accessoires/5210-tetes-completes-pour-coupe-bordures-rlt4025-1.html
56540-56540;576944;119;20170116;https://www.jardiland.com/jardinage/outils-a-moteur/autres-outils-a-moteur/accessoires/56540-recharge-de-fil-pour-coupe-bordures-50-m.html
5798-5798;971022;119;20170116;https://www.jardiland.com/jardinage/outils-a-moteur/autres-outils-a-moteur/desherbeur/5798-desherbeur-thermique-garden-torch-cv-470-pz.html
54689-54689;576956;119;20170116;https://www.jardiland.com/jardinage/outils-a-moteur/autres-outils-a-moteur/accessoires/54689-cassette-double-fil-silencieux-pour-coupe-bordures-gl660pc-670pc.html
32749-54828;903825;119;20170116;https://www.jardiland.com/jardinage/outils-et-materiel-du-jardinier/autres-outils/composteur/32749-composteur-600-l-eco-king.html
42301-42301;901419;119;20170116;https://www.jardiland.com/jardinage/outils-et-materiel-du-jardinier/outils-de-taille/fauchaison/42301-croissant.html
4471-4471;573878;119;20170116;https://www.jardiland.com/jardinage/outils-et-materiel-du-jardinier/petits-outils-a-main/serfouette/4471-serfouette-a-fleurs-panne-et-langue-manche-en-bois.html
4472-4472;573879;119;20170116;https://www.jardiland.com/jardinage/outils-et-materiel-du-jardinier/petits-outils-a-main/serfouette/4472-serfouette-a-fleurs-panne-et-fourche-manche-en-bois.html
4473-4473;573880;119;20170116;https://www.jardiland.com/jardinage/outils-et-materiel-du-jardinier/petits-outils-a-main/griffe/4473-griffe-a-fleurs-manche-en-bois.html
3936-3936;573937;119;20170116;https://www.jardiland.com/jardinage/outils-et-materiel-du-jardinier/grands-outils-de-jardin/binette-houe-et-serfouette/3936-serfouette-forgee-panne-et-fourche.html
36783-36783;574352;119;20170116;https://www.jardiland.com/jardinage/outils-et-materiel-du-jardinier/grands-outils-de-jardin/autres-grands-outils/36783-sarcleuse-lame-oscillante-multi-star.html
4613-4613;576358;119;20170116;https://www.jardiland.com/jardinage/outils-et-materiel-du-jardinier/grands-outils-de-jardin/balai-et-rateau/4613-rateau-trempe-14-dents-courbes.html
5621-5621;928937;119;20170116;https://www.jardiland.com/jardinage/outils-et-materiel-du-jardinier/grands-outils-de-jardin/bechee-louchet-et-pelle/5621-louchet-poli-28-cm-a-rebord.html
3934-3934;573935;119;20170116;https://www.jardiland.com/jardinage/outils-et-materiel-du-jardinier/grands-outils-de-jardin/autres-grands-outils/3934-croc-leger-de-jardin.html
4609-4609;576354;119;20170116;https://www.jardiland.com/jardinage/outils-et-materiel-du-jardinier/grands-outils-de-jardin/bechee-louchet-et-pelle/4609-beche-senlis-a-rebord-avec-bequille.html
4608-4608;576353;119;20170116;https://www.jardiland.com/jardinage/outils-et-materiel-du-jardinier/grands-outils-de-jardin/bechee-louchet-et-pelle/4608-beche-senlis-a-rebord.html
36776-36776;1302348;119;20170116;https://www.jardiland.com/jardinage/entretien-et-traitements/anti-nuisibles-pieges-et-repulsifs/lutte-contre-les-rats-souris-taupes-et-rongeurs/36776-souris-pate.html
36777-36777;1308151;119;20170116;https://www.jardiland.com/jardinage/entretien-et-traitements/anti-nuisibles-pieges-et-repulsifs/lutte-contre-les-rats-souris-taupes-et-rongeurs/36777-rats-pate-appat.html
40545-38006;1302325;119;20170116;https://www.jardiland.com/jardinage/entretien-et-traitements/anti-nuisibles-pieges-et-repulsifs/lutte-contre-les-rats-souris-taupes-et-rongeurs/40545-rats-et-souris-pate.html
59625-59587;665355;119;20170116;https://www.jardiland.com/plantes/sapins-de-noel/sapins-de-noel-nordmann-fraser-nobilis/sapin-de-noel-coupe/59625-sapin-de-noel-procera-coupe.html
40836-37923;1267739;119;20170116;https://www.jardiland.com/plantes/sapins-de-noel/supports-pieds-et-accessoires-de-sapin/40836-pied-de-sapin-en-fer.html
35589-27617;877105;119;20170116;https://www.jardiland.com/plantes/plantes-d-interieur/bonsais/ficus/35589-ficus-ginseng.html
35589-23238;699478;119;20170116;https://www.jardiland.com/plantes/plantes-d-interieur/bonsais/ficus/35589-ficus-ginseng.html
35589-8687;1282228;119;20170116;https://www.jardiland.com/plantes/plantes-d-interieur/bonsais/ficus/35589-ficus-ginseng.html
35658-21860;658382;119;20170116;https://www.jardiland.com/plantes/plantes-d-interieur/cactus-et-plantes-grasses/mammillaria/35658-mammillaria.html
35645-22919;692381;119;20170116;https://www.jardiland.com/plantes/plantes-d-interieur/cactus-et-plantes-grasses/echinocactus/35645-echinocactus-grusonii.html
35643-22813;688904;119;20170116;https://www.jardiland.com/plantes/plantes-d-interieur/cactus-et-plantes-grasses/echinocactus/35643-echinocactus-grusonii.html
35624-45307;855859;119;20170116;https://www.jardiland.com/plantes/plantes-d-interieur/cactus-et-plantes-grasses/crassula/35624-crassula-minor.html
36125-20386;633303;119;20170116;https://www.jardiland.com/plantes/plantes-d-interieur/plantes-vertes/zamioculcas/36125-zamioculcas-zamiifolia.html
36106-20629;632730;119;20170116;https://www.jardiland.com/plantes/plantes-d-interieur/plantes-vertes/scindapsus/36106-scindapsus-aureus-epiprenum-aureum.html
36066-59772;632997;119;20170116;https://www.jardiland.com/plantes/plantes-d-interieur/plantes-vertes/nolina-beaucarnea/36066-pied-d-elephant.html
36066-11389;1366012;119;20170116;https://www.jardiland.com/plantes/plantes-d-interieur/plantes-vertes/nolina-beaucarnea/36066-pied-d-elephant.html
36066-11385;1365876;119;20170116;https://www.jardiland.com/plantes/plantes-d-interieur/plantes-vertes/nolina-beaucarnea/36066-pied-d-elephant.html
36068-22750;687479;119;20170116;https://www.jardiland.com/plantes/plantes-d-interieur/plantes-vertes/pachira/36068-pachira-aquatica.html
35953-20439;632051;119;20170116;https://www.jardiland.com/plantes/plantes-d-interieur/plantes-vertes/cyperus/35953-cyperus-alternifolius.html
35822-23835;723349;119;20170116;https://www.jardiland.com/plantes/plantes-d-interieur/plantes-fleuries/rosier-miniature/35822-rosier-miniature.html
35822-20321;631713;119;20170116;https://www.jardiland.com/plantes/plantes-d-interieur/plantes-fleuries/rosier-miniature/35822-rosier-miniature.html
35826-28038;891062;119;20170116;https://www.jardiland.com/plantes/plantes-d-interieur/plantes-fleuries/rosier-miniature/35826-rosier-kordanar-mini-plante.html
35778-27002;865457;119;20170116;https://www.jardiland.com/plantes/plantes-d-interieur/plantes-fleuries/epiphyllum-schlumbergera-rhipsalis/35778-rhipsalis-cassutha.html
35784-23189;697700;119;20170116;https://www.jardiland.com/plantes/plantes-d-interieur/plantes-fleuries/gardenia/35784-gardenia-jasminoides-augusta.html
35758-25630;823226;119;20170116;https://www.jardiland.com/plantes/plantes-d-interieur/plantes-fleuries/azalee/35758-azalea-christine.html
35758-25158;811832;119;20170116;https://www.jardiland.com/plantes/plantes-d-interieur/plantes-fleuries/azalee/35758-azalea-christine.html
35729-20849;634008;119;20170116;https://www.jardiland.com/plantes/plantes-d-interieur/plantes-fleuries/anthurium/35729-anthurium-pink-champion.html
35729-20450;632996;119;20170116;https://www.jardiland.com/plantes/plantes-d-interieur/plantes-fleuries/anthurium/35729-anthurium-pink-champion.html
40721-57398;604825;119;20170116;https://www.jardiland.com/plantes/graines-et-gazon/gazon-et-prairies-fleuries/gazon-pour-sports-et-jeux/40721-gazon-haute-resistance-avec-engrais.html
3182-3182;1405604;119;20170116;https://www.jardiland.com/plantes/graines-et-gazon/graines-ludiques-et-kits/potageres/3182-sac-de-the-recycle-avec-salade-laitue-vert-bio.html
3183-3183;1405605;119;20170116;https://www.jardiland.com/plantes/graines-et-gazon/graines-ludiques-et-kits/potageres/3183-sac-de-the-recycle-avec-salade-laitue-rouge-bio.html
3184-3184;1405606;119;20170116;https://www.jardiland.com/plantes/graines-et-gazon/graines-ludiques-et-kits/potageres/3184-sac-de-the-recycle-avec-roquette-bio.html
3181-3181;1405603;119;20170116;https://www.jardiland.com/plantes/graines-et-gazon/graines-ludiques-et-kits/potageres/3181-sac-de-the-recycle-avec-melande-de-salade-epicee-bio.html
5266-5266;875828;119;20170116;https://www.jardiland.com/plantes/graines-et-gazon/graines-ludiques-et-kits/potageres/5266-ruban-carotte-potagere-de-colmar-a-coeur-rouge-2-1.html
2970-2970;1405597;119;20170116;https://www.jardiland.com/plantes/graines-et-gazon/graines-ludiques-et-kits/aromatiques/2970-pot-en-sac-de-the-recycle-avec-menthe-bio.html
2355-2355;1405599;119;20170116;https://www.jardiland.com/plantes/graines-et-gazon/graines-ludiques-et-kits/aromatiques/2355-pot-en-sac-de-the-recycle-avec-camomille-bio.html
2372-2372;1405583;119;20170116;https://www.jardiland.com/plantes/graines-et-gazon/graines-ludiques-et-kits/potageres/2372-pot-en-jute-avec-salade-bio.html
2371-2371;1405582;119;20170116;https://www.jardiland.com/plantes/graines-et-gazon/graines-ludiques-et-kits/potageres/2371-pot-en-jute-avec-roquette-bio.html
3173-3173;1405587;119;20170116;https://www.jardiland.com/plantes/graines-et-gazon/graines-ludiques-et-kits/aromatiques/3173-pot-en-jute-avec-cerfeuil-bio.html
3141-3141;1405578;119;20170116;https://www.jardiland.com/plantes/graines-et-gazon/graines-ludiques-et-kits/kits-et-ludiques/3141-credence-en-bois-pour-suspension-en-sac-de-jute.html
50348-50348;1405552;119;20170116;https://www.jardiland.com/plantes/graines-et-gazon/graines-ludiques-et-kits/kits-et-ludiques/50348-carte-de-voeux-prompt-retablissement-avec-lavande.html
53712-53712;1405560;119;20170116;https://www.jardiland.com/plantes/graines-et-gazon/graines-ludiques-et-kits/kits-et-ludiques/53712-carte-de-voeux-je-te-porte-dans-mon-coeur-avec-piment.html
48956-48956;1405540;119;20170116;https://www.jardiland.com/plantes/graines-et-gazon/graines-ludiques-et-kits/kits-et-ludiques/48956-carte-de-voeux-je-te-porte-dans-mon-coeur-avec-piment-chili.html
48951-48951;1405546;119;20170116;https://www.jardiland.com/plantes/graines-et-gazon/graines-ludiques-et-kits/kits-et-ludiques/48951-carte-de-voeux-felicitations-avec-zinnia.html
52732-52732;1405564;119;20170116;https://www.jardiland.com/plantes/graines-et-gazon/graines-ludiques-et-kits/kits-et-ludiques/52732-carte-de-voeux-felicitations-avec-capucine.html
53713-53713;1405539;119;20170116;https://www.jardiland.com/plantes/graines-et-gazon/graines-ludiques-et-kits/kits-et-ludiques/53713-carte-de-voeux-bonne-chance-avec-trefle.html
48949-48949;1405548;119;20170116;https://www.jardiland.com/plantes/graines-et-gazon/graines-ludiques-et-kits/kits-et-ludiques/48949-carte-de-voeux-bonne-chance-avec-trefle.html
48946-48946;1405555;119;20170116;https://www.jardiland.com/plantes/graines-et-gazon/graines-ludiques-et-kits/kits-et-ludiques/48946-carte-de-voeux-bonne-chance-avec-trefle.html
48952-48952;1405545;119;20170116;https://www.jardiland.com/plantes/graines-et-gazon/graines-ludiques-et-kits/kits-et-ludiques/48952-carte-de-voeux-bon-retablissement-avec-lavande.html
50347-50347;1405565;119;20170116;https://www.jardiland.com/plantes/graines-et-gazon/graines-ludiques-et-kits/kits-et-ludiques/50347-carte-de-voeux-bon-retablissement-avec-lavande.html
53711-53711;1405596;119;20170116;https://www.jardiland.com/plantes/graines-et-gazon/graines-ludiques-et-kits/kits-pour-enfants/53711-carre-potager-en-jute-jardin-pour-enfants.html
2969-2969;1405595;119;20170116;https://www.jardiland.com/plantes/graines-et-gazon/graines-ludiques-et-kits/aromatiques/2969-carre-potager-en-jute-jardin-des-papillons.html
4093-4093;565185;119;20170116;https://www.jardiland.com/plantes/graines-et-gazon/graines-de-fleurs/fleurs-annuelles/4093-oeillet-d-inde-petite-orange.html
4091-4091;565182;119;20170116;https://www.jardiland.com/plantes/graines-et-gazon/graines-de-fleurs/fleurs-annuelles/4091-oeillet-d-inde-petite-citronelle.html
4152-4152;565287;119;20170116;https://www.jardiland.com/plantes/graines-et-gazon/graines-de-fleurs/fleurs-annuelles/4152-souci-esterel-double-orange.html
46518-46518;565278;119;20170116;https://www.jardiland.com/plantes/graines-et-gazon/graines-de-fleurs/fleurs-vivaces/46518-scabieuse-du-caucase.html
4134-4134;565245;119;20170116;https://www.jardiland.com/plantes/graines-et-gazon/graines-de-fleurs/fleurs-annuelles/4134-pourpier-a-grande-fleur-simple-en-melange.html
4136-4136;565248;119;20170116;https://www.jardiland.com/plantes/graines-et-gazon/graines-de-fleurs/fleurs-annuelles/4136-pois-de-senteur-a-grande-fleur-spencer-varie.html
46351-46351;565238;119;20170116;https://www.jardiland.com/plantes/graines-et-gazon/graines-de-fleurs/fleurs-annuelles/46351-pied-d-alouette-imperial-geant.html
4312-4312;565587;119;20170116;https://www.jardiland.com/plantes/graines-et-gazon/graines-de-fleurs/fleurs-annuelles/4312-pied-d-alouette-a-fleur-de-jacinthe-nain-varie.html
46526-46526;565231;119;20170116;https://www.jardiland.com/plantes/graines-et-gazon/graines-de-fleurs/fleurs-annuelles/46526-petunia-bleu-le-conseiller.html
46274-46274;565896;119;20170116;https://www.jardiland.com/plantes/graines-et-gazon/graines-de-fleurs/fleurs-bisannuelles/46274-pensee-sweetee.html
46512-46512;565903;119;20170116;https://www.jardiland.com/plantes/graines-et-gazon/graines-de-fleurs/fleurs-bisannuelles/46512-pensee-suisse-or-du-rhin.html
46776-46776;565904;119;20170116;https://www.jardiland.com/plantes/graines-et-gazon/graines-de-fleurs/fleurs-bisannuelles/46776-pensee-suisse-crete-rouge.html
46422-46422;565543;119;20170116;https://www.jardiland.com/plantes/graines-et-gazon/graines-de-fleurs/fleurs-annuelles/46422-osteospermum-passion-melange.html
46357-46357;565155;119;20170116;https://www.jardiland.com/plantes/graines-et-gazon/graines-de-fleurs/fleurs-bisannuelles/46357-myosotis-royal-bleu-nain.html
46358-46358;565154;119;20170116;https://www.jardiland.com/plantes/graines-et-gazon/graines-de-fleurs/fleurs-annuelles/46358-muflier-majestic-1-2-nain.html
4084-4084;565147;119;20170116;https://www.jardiland.com/plantes/graines-et-gazon/graines-de-fleurs/fleurs-vivaces/4084-marguerite-grande-blanche.html
4081-4081;565142;119;20170116;https://www.jardiland.com/plantes/graines-et-gazon/graines-de-fleurs/fleurs-vivaces/4081-lupin-geant-de-russell-varie.html
3734-3734;565135;119;20170116;https://www.jardiland.com/plantes/graines-et-gazon/graines-de-fleurs/fleurs-annuelles/3734-lin-a-grandes-fleurs-rouge.html
46364-46364;565131;119;20170116;https://www.jardiland.com/plantes/graines-et-gazon/graines-de-fleurs/fleurs-annuelles/46364-lavatere-silver-cup-mont-blanc.html
46819-46819;565584;119;20170116;https://www.jardiland.com/plantes/graines-et-gazon/graines-de-fleurs/fleurs-annuelles/46819-lavatere-a-grandes-fleurs-variee.html
46331-46331;565312;119;20170116;https://www.jardiland.com/plantes/graines-et-gazon/graines-de-fleurs/fleurs-vivaces/46331-lavande-provencale-parfumee.html
4073-4073;565124;119;20170116;https://www.jardiland.com/plantes/graines-et-gazon/graines-de-fleurs/fleurs-annuelles/4073-ipomee-geante-variee.html
46373-46373;565085;119;20170116;https://www.jardiland.com/plantes/graines-et-gazon/graines-de-fleurs/melange-mixte/46373-graminees-ornementales-en-melange.html
895-895;1252950;119;20170116;https://www.jardiland.com/plantes/graines-et-gazon/graines-de-fleurs/melange-mixte/895-gazon-japonais.html
4188-4188;565391;119;20170116;https://www.jardiland.com/plantes/graines-et-gazon/graines-de-fleurs/fleurs-annuelles/4188-ficoide-tapis-magique.html
4054-4054;565361;119;20170116;https://www.jardiland.com/plantes/graines-et-gazon/graines-de-fleurs/fleurs-annuelles/4054-euphorbe-panachee.html
46711-46711;565566;119;20170116;https://www.jardiland.com/plantes/graines-et-gazon/graines-de-fleurs/fleurs-annuelles/46711-dolique-lune-rouge.html
46289-46289;565820;119;20170116;https://www.jardiland.com/plantes/graines-et-gazon/graines-de-fleurs/fleurs-vivaces/46289-digitale-excelsior-variee.html
4175-4175;565344;119;20170116;https://www.jardiland.com/plantes/graines-et-gazon/graines-de-fleurs/fleurs-annuelles/4175-cosmos-sulphureus-etincelant.html
4172-4172;565340;119;20170116;https://www.jardiland.com/plantes/graines-et-gazon/graines-de-fleurs/fleurs-annuelles/4172-cosmos-sensation-radiance-rose.html
4328-4328;565883;119;20170116;https://www.jardiland.com/plantes/graines-et-gazon/graines-de-fleurs/fleurs-annuelles/4328-cosmos-nain-royal-blanc.html
46779-46779;565337;119;20170116;https://www.jardiland.com/plantes/graines-et-gazon/graines-de-fleurs/fleurs-annuelles/46779-coquelourde-githago-milas.html
46227-46227;876791;119;20170116;https://www.jardiland.com/plantes/graines-et-gazon/graines-de-fleurs/fleurs-annuelles/46227-coquelicot-double-varie.html
4170-4170;565336;119;20170116;https://www.jardiland.com/plantes/graines-et-gazon/graines-de-fleurs/fleurs-annuelles/4170-coloquinte-en-melange.html
46327-46327;565332;119;20170116;https://www.jardiland.com/plantes/graines-et-gazon/graines-de-fleurs/fleurs-annuelles/46327-clarkia-elegant-double-varie.html
46328-46328;565328;119;20170116;https://www.jardiland.com/plantes/graines-et-gazon/graines-de-fleurs/fleurs-annuelles/46328-chrysantheme-a-carene-merry-mixture.html
46286-46286;565831;119;20170116;https://www.jardiland.com/plantes/graines-et-gazon/graines-de-fleurs/fleurs-annuelles/46286-centauree-jubilee-gem.html
4161-4161;565313;119;20170116;https://www.jardiland.com/plantes/graines-et-gazon/graines-de-fleurs/fleurs-annuelles/4161-capucine-naine-tom-pouce.html
4164-4164;565316;119;20170116;https://www.jardiland.com/plantes/graines-et-gazon/graines-de-fleurs/fleurs-annuelles/4164-capucine-florissimo-variee.html
4290-4290;565487;119;20170116;https://www.jardiland.com/plantes/graines-et-gazon/graines-de-fleurs/fleurs-annuelles/4290-capucine-florissimo-rose.html
1621-1621;1313540;119;20170116;https://www.jardiland.com/plantes/graines-et-gazon/graines-de-fleurs/fleurs-annuelles/1621-capucine-des-canaries.html
4165-4165;565317;119;20170116;https://www.jardiland.com/plantes/graines-et-gazon/graines-de-fleurs/fleurs-annuelles/4165-capucine-demi-haute-gleam-hybrids.html
4163-4163;565315;119;20170116;https://www.jardiland.com/plantes/graines-et-gazon/graines-de-fleurs/fleurs-annuelles/4163-capucine-bijou-naine-double-variee.html
4289-4289;565486;119;20170116;https://www.jardiland.com/plantes/graines-et-gazon/graines-de-fleurs/fleurs-annuelles/4289-capucine-alaska-naine-variee.html
4160-4160;565310;119;20170116;https://www.jardiland.com/plantes/graines-et-gazon/graines-de-fleurs/fleurs-bisannuelles/4160-campanule-grande-double-variee.html
3568-3568;564982;119;20170116;https://www.jardiland.com/plantes/graines-et-gazon/graines-de-fleurs/fleurs-vivaces/3568-ancolie-royal-geante-variee.html
46777-46777;565355;119;20170116;https://www.jardiland.com/plantes/graines-et-gazon/graines-de-fleurs/fleurs-vivaces/46777-alysse-saxatile-corbeille-d-or.html
4173-4173;565341;119;20170116;https://www.jardiland.com/plantes/graines-et-gazon/graines-de-fleurs/fleurs-annuelles/4173-alysse-odorant-royal-rose.html
46333-46333;565302;119;20170116;https://www.jardiland.com/plantes/graines-et-gazon/graines-de-fleurs/fleurs-annuelles/46333-ageratum-nain-tetra-blue-mink.html
46780-46780;564981;119;20170116;https://www.jardiland.com/plantes/graines-et-gazon/graines-de-fleurs/fleurs-vivaces/46780-achillea-millefeuille-summer-pastel.html
46727-46727;564677;119;20170116;https://www.jardiland.com/plantes/graines-et-gazon/graines-potageres-et-aromatiques/basilic/46727-trio-de-basilic.html
3898-3898;564730;119;20170116;https://www.jardiland.com/plantes/graines-et-gazon/graines-potageres-et-aromatiques/tomates-piments-poivrons-aubergines/3898-tomate-sainte-lucie-bio.html
1511-1511;1306984;119;20170116;https://www.jardiland.com/plantes/graines-et-gazon/graines-potageres-et-aromatiques/tomates-piments-poivrons-aubergines/1511-tomate-gardener-s-delight-bio.html
46504-46504;564307;119;20170116;https://www.jardiland.com/plantes/graines-et-gazon/graines-potageres-et-aromatiques/autres-graines-aromatiques/46504-thym-d-hiver.html
53549-53549;564116;119;20170116;https://www.jardiland.com/plantes/graines-et-gazon/graines-potageres-et-aromatiques/radis-navets-carottes-et-autres-racines/53549-rutabaga-wilhelmsburger-jaune-a-collet-vert.html
53349-53349;875837;119;20170116;https://www.jardiland.com/plantes/graines-et-gazon/graines-potageres-et-aromatiques/poireaux/53349-ruban-poireau-bleu-de-solaise.html
53353-53353;875832;119;20170116;https://www.jardiland.com/plantes/graines-et-gazon/graines-potageres-et-aromatiques/salades/53353-ruban-de-mache-a-grosse-graine.html
53366-53366;875814;119;20170116;https://www.jardiland.com/plantes/graines-et-gazon/graines-potageres-et-aromatiques/courges-melons/53366-rond-courgette-de-nice-a-fruits-ronds.html
53367-53367;875812;119;20170116;https://www.jardiland.com/plantes/graines-et-gazon/graines-potageres-et-aromatiques/autres-graines-aromatiques/53367-rond-cerfeuil-commun.html
46388-46388;564682;119;20170116;https://www.jardiland.com/plantes/graines-et-gazon/graines-potageres-et-aromatiques/autres-graines-aromatiques/46388-regime-cretois.html
46389-46389;564681;119;20170116;https://www.jardiland.com/plantes/graines-et-gazon/graines-potageres-et-aromatiques/autres-graines-aromatiques/46389-pizza-et-pasta.html
46508-46508;564300;119;20170116;https://www.jardiland.com/plantes/graines-et-gazon/graines-potageres-et-aromatiques/persil/46508-persil-bravoure-frise-double.html
53523-53523;564177;119;20170116;https://www.jardiland.com/plantes/graines-et-gazon/graines-potageres-et-aromatiques/courges-melons/53523-pasteque-sugar-baby.html
46362-46362;565145;119;20170116;https://www.jardiland.com/plantes/graines-et-gazon/graines-potageres-et-aromatiques/autres-graines-potageres/46362-mais-a-epis-multicolores.html
57800-57800;564803;119;20170116;https://www.jardiland.com/plantes/graines-et-gazon/graines-potageres-et-aromatiques/salades/57800-laitue-romaine-chicon-panache-bio.html
46523-46523;564295;119;20170116;https://www.jardiland.com/plantes/graines-et-gazon/graines-potageres-et-aromatiques/autres-graines-aromatiques/46523-fines-herbes.html
46392-46392;564673;119;20170116;https://www.jardiland.com/plantes/graines-et-gazon/graines-potageres-et-aromatiques/courges-melons/46392-courge-decorative-halloween.html
46525-46525;564293;119;20170116;https://www.jardiland.com/plantes/graines-et-gazon/graines-potageres-et-aromatiques/autres-graines-aromatiques/46525-coriandre.html
5186-5186;933858;119;20170116;https://www.jardiland.com/plantes/graines-et-gazon/graines-potageres-et-aromatiques/choux/5186-chou-cabus-coeur-de-boeuf-des-vertus-bio.html
52547-52547;564071;119;20170116;https://www.jardiland.com/plantes/graines-et-gazon/graines-potageres-et-aromatiques/radis-navets-carottes-et-autres-racines/52547-carotte-de-chantenay-a-coeur-rouge-2-1.html
46750-46750;564287;119;20170116;https://www.jardiland.com/plantes/graines-et-gazon/graines-potageres-et-aromatiques/basilic/46750-basilic-grand-vert.html
46752-46752;564284;119;20170116;https://www.jardiland.com/plantes/graines-et-gazon/graines-potageres-et-aromatiques/basilic/46752-basilic-fin-vert-nain-compact.html
46751-46751;564286;119;20170116;https://www.jardiland.com/plantes/graines-et-gazon/graines-potageres-et-aromatiques/autres-graines-aromatiques/46751-aneth-officinal.html
35451-26312;857706;119;20170116;https://www.jardiland.com/plantes/bulbes-et-pommes-de-terre/bulbes-potagers-oignons-ail/oignon/35451-oignon-white-ebenezer.html
35448-25862;829224;119;20170116;https://www.jardiland.com/plantes/bulbes-et-pommes-de-terre/bulbes-potagers-oignons-ail/oignon/35448-oignon-stuttgarter-riesen.html
35453-25222;813213;119;20170116;https://www.jardiland.com/plantes/bulbes-et-pommes-de-terre/bulbes-potagers-oignons-ail/oignon/35453-oignon-sturon.html
35456-25871;829407;119;20170116;https://www.jardiland.com/plantes/bulbes-et-pommes-de-terre/bulbes-potagers-oignons-ail/oignon/35456-oignon-red-baron.html
41904-26791;862829;119;20170116;https://www.jardiland.com/plantes/bulbes-et-pommes-de-terre/bulbes-potagers-oignons-ail/oignon/41904-oignon-paille-des-vertus.html
35459-26526;864507;119;20170116;https://www.jardiland.com/plantes/bulbes-et-pommes-de-terre/bulbes-potagers-oignons-ail/oignon/35459-oignon-hyred.html
35452-26065;837404;119;20170116;https://www.jardiland.com/plantes/bulbes-et-pommes-de-terre/bulbes-potagers-oignons-ail/oignon/35452-oignon-centurion.html
35452-26064;837403;119;20170116;https://www.jardiland.com/plantes/bulbes-et-pommes-de-terre/bulbes-potagers-oignons-ail/oignon/35452-oignon-centurion.html
35445-25865;829230;119;20170116;https://www.jardiland.com/plantes/bulbes-et-pommes-de-terre/bulbes-potagers-oignons-ail/echalote/35445-echalote-red-sun.html
35443-26720;857633;119;20170116;https://www.jardiland.com/plantes/bulbes-et-pommes-de-terre/bulbes-potagers-oignons-ail/echalote/35443-echalote-mikor.html
41903-26076;837430;119;20170116;https://www.jardiland.com/plantes/bulbes-et-pommes-de-terre/bulbes-potagers-oignons-ail/echalote/41903-echalote-longor.html
41903-26074;837428;119;20170116;https://www.jardiland.com/plantes/bulbes-et-pommes-de-terre/bulbes-potagers-oignons-ail/echalote/41903-echalote-longor.html
41902-26073;837427;119;20170116;https://www.jardiland.com/plantes/bulbes-et-pommes-de-terre/bulbes-potagers-oignons-ail/echalote/41902-echalote-jermor.html
41901-26747;860425;119;20170116;https://www.jardiland.com/plantes/bulbes-et-pommes-de-terre/bulbes-potagers-oignons-ail/ail/41901-ail-messidrome.html
41900-26762;860652;119;20170116;https://www.jardiland.com/plantes/bulbes-et-pommes-de-terre/bulbes-potagers-oignons-ail/ail/41900-ail-flavor.html
35430-26756;860644;119;20170116;https://www.jardiland.com/plantes/bulbes-et-pommes-de-terre/bulbes-potagers-oignons-ail/ail/35430-ail-cristo.html
35430-26755;860643;119;20170116;https://www.jardiland.com/plantes/bulbes-et-pommes-de-terre/bulbes-potagers-oignons-ail/ail/35430-ail-cristo.html
35435-25729;836679;119;20170116;https://www.jardiland.com/plantes/bulbes-et-pommes-de-terre/bulbes-potagers-oignons-ail/ail/35435-ail-arno.html
36870-36870;1450458;119;20170116;https://www.jardiland.com/plantes/bulbes-et-pommes-de-terre/pommes-de-terre-et-tubercules/autres-tubercules/36870-rhubarbe-red-champagne-souche.html
35550-27062;866333;119;20170116;https://www.jardiland.com/plantes/bulbes-et-pommes-de-terre/pommes-de-terre-et-tubercules/pommes-de-terre/35550-pomme-de-terre-vitelotte-sac.html
41932-26966;865138;119;20170116;https://www.jardiland.com/plantes/bulbes-et-pommes-de-terre/pommes-de-terre-et-tubercules/pommes-de-terre/41932-pomme-de-terre-spunta-sac.html
41931-26880;865127;119;20170116;https://www.jardiland.com/plantes/bulbes-et-pommes-de-terre/pommes-de-terre-et-tubercules/pommes-de-terre/41931-pomme-de-terre-sirtema-sac.html
41931-26879;865126;119;20170116;https://www.jardiland.com/plantes/bulbes-et-pommes-de-terre/pommes-de-terre-et-tubercules/pommes-de-terre/41931-pomme-de-terre-sirtema-sac.html
41931-26878;865125;119;20170116;https://www.jardiland.com/plantes/bulbes-et-pommes-de-terre/pommes-de-terre-et-tubercules/pommes-de-terre/41931-pomme-de-terre-sirtema-sac.html
35531-26863;864919;119;20170116;https://www.jardiland.com/plantes/bulbes-et-pommes-de-terre/pommes-de-terre-et-tubercules/pommes-de-terre/35531-pomme-de-terre-roseval-pochette.html
41930-27039;866089;119;20170116;https://www.jardiland.com/plantes/bulbes-et-pommes-de-terre/pommes-de-terre-et-tubercules/pommes-de-terre/41930-pomme-de-terre-rosabelle-sac.html
41930-26955;865105;119;20170116;https://www.jardiland.com/plantes/bulbes-et-pommes-de-terre/pommes-de-terre-et-tubercules/pommes-de-terre/41930-pomme-de-terre-rosabelle-sac.html
35497-64619;1010161;119;20170116;https://www.jardiland.com/plantes/bulbes-et-pommes-de-terre/pommes-de-terre-et-tubercules/pommes-de-terre/35497-pomme-de-terre-rikea-sac.html
41929-29346;935226;119;20170116;https://www.jardiland.com/plantes/bulbes-et-pommes-de-terre/pommes-de-terre-et-tubercules/pommes-de-terre/41929-pomme-de-terre-ratte-sac.html
41929-26949;865091;119;20170116;https://www.jardiland.com/plantes/bulbes-et-pommes-de-terre/pommes-de-terre-et-tubercules/pommes-de-terre/41929-pomme-de-terre-ratte-sac.html
41927-26805;865074;119;20170116;https://www.jardiland.com/plantes/bulbes-et-pommes-de-terre/pommes-de-terre-et-tubercules/pommes-de-terre/41927-pomme-de-terre-monalisa-sac.html
41927-26804;865073;119;20170116;https://www.jardiland.com/plantes/bulbes-et-pommes-de-terre/pommes-de-terre-et-tubercules/pommes-de-terre/41927-pomme-de-terre-monalisa-sac.html
41911-26937;865045;119;20170116;https://www.jardiland.com/plantes/bulbes-et-pommes-de-terre/pommes-de-terre-et-tubercules/pommes-de-terre/41911-pomme-de-terre-desiree-sac.html
41911-26936;865044;119;20170116;https://www.jardiland.com/plantes/bulbes-et-pommes-de-terre/pommes-de-terre-et-tubercules/pommes-de-terre/41911-pomme-de-terre-desiree-sac.html
35477-24997;809172;119;20170116;https://www.jardiland.com/plantes/bulbes-et-pommes-de-terre/pommes-de-terre-et-tubercules/pommes-de-terre/35477-pomme-de-terre-cherie-sac.html
35477-24996;809171;119;20170116;https://www.jardiland.com/plantes/bulbes-et-pommes-de-terre/pommes-de-terre-et-tubercules/pommes-de-terre/35477-pomme-de-terre-cherie-sac.html
35477-24995;809170;119;20170116;https://www.jardiland.com/plantes/bulbes-et-pommes-de-terre/pommes-de-terre-et-tubercules/pommes-de-terre/35477-pomme-de-terre-cherie-sac.html
41907-24985;809128;119;20170116;https://www.jardiland.com/plantes/bulbes-et-pommes-de-terre/pommes-de-terre-et-tubercules/pommes-de-terre/41907-pomme-de-terre-charlotte-sac.html
41958-24981;809123;119;20170116;https://www.jardiland.com/plantes/bulbes-et-pommes-de-terre/pommes-de-terre-et-tubercules/pommes-de-terre/41958-pomme-de-terre-charlotte-pochette.html
41925-24975;809113;119;20170116;https://www.jardiland.com/plantes/bulbes-et-pommes-de-terre/pommes-de-terre-et-tubercules/pommes-de-terre/41925-pomme-de-terre-bintje-sac.html
41925-24974;809112;119;20170116;https://www.jardiland.com/plantes/bulbes-et-pommes-de-terre/pommes-de-terre-et-tubercules/pommes-de-terre/41925-pomme-de-terre-bintje-sac.html
41925-24973;809111;119;20170116;https://www.jardiland.com/plantes/bulbes-et-pommes-de-terre/pommes-de-terre-et-tubercules/pommes-de-terre/41925-pomme-de-terre-bintje-sac.html
41905-25202;813102;119;20170116;https://www.jardiland.com/plantes/bulbes-et-pommes-de-terre/pommes-de-terre-et-tubercules/pommes-de-terre/41905-pomme-de-terre-belle-de-fontenay-sac.html
41905-24963;809058;119;20170116;https://www.jardiland.com/plantes/bulbes-et-pommes-de-terre/pommes-de-terre-et-tubercules/pommes-de-terre/41905-pomme-de-terre-belle-de-fontenay-sac.html
41905-24962;809057;119;20170116;https://www.jardiland.com/plantes/bulbes-et-pommes-de-terre/pommes-de-terre-et-tubercules/pommes-de-terre/41905-pomme-de-terre-belle-de-fontenay-sac.html
41906-24900;808266;119;20170116;https://www.jardiland.com/plantes/bulbes-et-pommes-de-terre/pommes-de-terre-et-tubercules/pommes-de-terre/41906-pomme-de-terre-amandine-sac.html
35152-26419;847092;119;20170116;https://www.jardiland.com/plantes/bulbes-et-pommes-de-terre/bulbes-a-fleurs/cyclamen/35152-cyclamen-de-naples-cyclamen-hederifolium.html
54675-54667;860202;119;20170116;https://www.jardiland.com/plantes/bulbes-et-pommes-de-terre/bulbes-a-fleurs/autres-bulbes-a-fleurs/54675-colchicium-automnale-geante.html
56657-56657;1470813;119;20170116;https://www.jardiland.com/plantes/bulbes-et-pommes-de-terre/bulbes-a-fleurs/anemone/56657-anemones-st-brigid-en-melange.html
35023-26417;847083;119;20170116;https://www.jardiland.com/plantes/bulbes-et-pommes-de-terre/bulbes-a-fleurs/anemone/35023-anemone-de-caen-en-melange-anemone-coronaria.html
35020-62727;1003729;119;20170116;https://www.jardiland.com/plantes/bulbes-et-pommes-de-terre/bulbes-a-fleurs/amaryllis/35020-amaryllis.html
36475-9997;1328776;119;20170116;https://www.jardiland.com/plantes/potager-et-verger/fruitiers/groseillier-a-maquereaux/36475-groseillier-a-maquereaux.html
36471-22167;667834;119;20170116;https://www.jardiland.com/plantes/potager-et-verger/fruitiers/groseillier-a-grappes/36471-groseillier-a-grappes-rouge.html
36449-17179;588011;119;20170116;https://www.jardiland.com/plantes/potager-et-verger/fruitiers/framboisier/36449-framboisier-blizzy-autumn-bliss.html
36453-29728;970163;119;20170116;https://www.jardiland.com/plantes/potager-et-verger/fruitiers/framboisier/36453-framboisier-glen-ample.html
36451-25919;830856;119;20170116;https://www.jardiland.com/plantes/potager-et-verger/fruitiers/framboisier/36451-framboisier-fallgold.html
36448-17177;588007;119;20170116;https://www.jardiland.com/plantes/potager-et-verger/fruitiers/framboisier/36448-framboisier.html
34517-29981;960891;119;20170116;https://www.jardiland.com/plantes/potager-et-verger/fruitiers/citronnier/34517-citronnier-des-quatre-saisons.html
42002-16456;583745;119;20170116;https://www.jardiland.com/plantes/potager-et-verger/fruitiers/cerisier/42002-cerisier-bigarreau-napoleon.html
42001-16452;583730;119;20170116;https://www.jardiland.com/plantes/potager-et-verger/fruitiers/cerisier/42001-cerisier-bigarreau-moreau.html
41998-16409;583673;119;20170116;https://www.jardiland.com/plantes/potager-et-verger/fruitiers/cerisier/41998-cerisier-bigarreau-coeur-de-pigeon.html
41995-13426;1404139;119;20170116;https://www.jardiland.com/plantes/potager-et-verger/fruitiers/cerisier/41995-cerisier.html
36494-21195;641975;119;20170116;https://www.jardiland.com/plantes/potager-et-verger/fruitiers/kiwi/36494-actinidia-deliciosa-solo.html
36486-31147;999446;119;20170116;https://www.jardiland.com/plantes/potager-et-verger/fruitiers/kiwai/36486-actinidia-arguta-femelle-kiwai.html
33613-18973;599761;119;20170116;https://www.jardiland.com/plantes/potager-et-verger/plantes-aromatiques/romarin/33613-romarin-rampant-pointe-du-ratz.html
33370-17756;591533;119;20170116;https://www.jardiland.com/plantes/potager-et-verger/plantes-aromatiques/lavande/33370-lavande-papillon-pedunculata.html
33375-17742;591446;119;20170116;https://www.jardiland.com/plantes/potager-et-verger/plantes-aromatiques/lavande/33375-lavande-grosso.html
33952-25764;826912;119;20170116;https://www.jardiland.com/plantes/arbres-et-arbustes-d-ornement/coniferes/cypres-de-leyland/33952-x-cupressocyparis-leylandii-2001-1.html
34041-9416;1333644;119;20170116;https://www.jardiland.com/plantes/arbres-et-arbustes-d-ornement/coniferes/thuya/34041-thuja-occidentalis-smaragd-emeraude.html
33967-17548;590391;119;20170116;https://www.jardiland.com/plantes/arbres-et-arbustes-d-ornement/coniferes/genevrier/33967-juniperus-squamata-blue-star.html
33970-52056;1344021;119;20170116;https://www.jardiland.com/plantes/arbres-et-arbustes-d-ornement/coniferes/genevrier/33970-juniperus-chinensis-stricta.html
33941-24276;742234;119;20170116;https://www.jardiland.com/plantes/arbres-et-arbustes-d-ornement/coniferes/cypres/33941-cupressus-sempervirens-totem.html
33934-39597;741856;119;20170116;https://www.jardiland.com/plantes/arbres-et-arbustes-d-ornement/coniferes/cryptomeria/33934-cryptomeria-japonica-globosa-nana.html
33919-60319;584232;119;20170116;https://www.jardiland.com/plantes/arbres-et-arbustes-d-ornement/coniferes/chamaecyparis/33919-chamaecyparis-lawsoniana-minima-aurea.html
33903-24118;736069;119;20170116;https://www.jardiland.com/plantes/arbres-et-arbustes-d-ornement/coniferes/cedre/33903-cedrus-libani-glauca.html
33897-60332;1014324;119;20170116;https://www.jardiland.com/plantes/arbres-et-arbustes-d-ornement/coniferes/cedre/33897-cedrus-deodara-feelin-blue.html
33816-18312;595222;119;20170116;https://www.jardiland.com/plantes/arbres-et-arbustes-d-ornement/bambous/phyllostachys/33816-bambou-phyllostachys-aureosulcata-spectabilis.html
33817-24396;750287;119;20170116;https://www.jardiland.com/plantes/arbres-et-arbustes-d-ornement/bambous/phyllostachys/33817-bambou-phyllostachys-aurea.html
33811-18372;595396;119;20170116;https://www.jardiland.com/plantes/arbres-et-arbustes-d-ornement/bambous/phyllostachys/33811-bambou-noir-phyllostachys-nigra.html
33797-12863;1398635;119;20170116;https://www.jardiland.com/plantes/arbres-et-arbustes-d-ornement/bambous/fargesia/33797-bambou-fargesia-robusta.html
41557-38517;1438138;119;20170116;https://www.jardiland.com/plantes/arbres-et-arbustes-d-ornement/buis-et-topiaires/troene-en-topiaire/41557-troene-a-petites-feuilles.html
41557-13576;1405880;119;20170116;https://www.jardiland.com/plantes/arbres-et-arbustes-d-ornement/buis-et-topiaires/troene-en-topiaire/41557-troene-a-petites-feuilles.html
41557-12940;1399938;119;20170116;https://www.jardiland.com/plantes/arbres-et-arbustes-d-ornement/buis-et-topiaires/troene-en-topiaire/41557-troene-a-petites-feuilles.html
33874-38546;1440630;119;20170116;https://www.jardiland.com/plantes/arbres-et-arbustes-d-ornement/buis-et-topiaires/houx-en-topiaire/33874-houx-crenele-kimme.html
33871-8717;1283815;119;20170116;https://www.jardiland.com/plantes/arbres-et-arbustes-d-ornement/buis-et-topiaires/houx-en-topiaire/33871-houx-crenele.html
33847-38382;1415258;119;20170116;https://www.jardiland.com/plantes/arbres-et-arbustes-d-ornement/buis-et-topiaires/buis/33847-buis-commun.html
33847-26921;867262;119;20170116;https://www.jardiland.com/plantes/arbres-et-arbustes-d-ornement/buis-et-topiaires/buis/33847-buis-commun.html
33847-21399;647566;119;20170116;https://www.jardiland.com/plantes/arbres-et-arbustes-d-ornement/buis-et-topiaires/buis/33847-buis-commun.html
33843-25162;811900;119;20170116;https://www.jardiland.com/plantes/arbres-et-arbustes-d-ornement/buis-et-topiaires/buis/33843-buis-chateau.html
34459-6314;1009519;119;20170116;https://www.jardiland.com/plantes/arbres-et-arbustes-d-ornement/plantes-grimpantes/lierre/34459-lierre-goldchild.html
34446-11461;1368390;119;20170116;https://www.jardiland.com/plantes/arbres-et-arbustes-d-ornement/plantes-grimpantes/glycine/34446-glycine-de-chine.html
34445-40019;877012;119;20170116;https://www.jardiland.com/plantes/arbres-et-arbustes-d-ornement/plantes-grimpantes/glycine/34445-glycine-prolific.html
34440-19446;602462;119;20170116;https://www.jardiland.com/plantes/arbres-et-arbustes-d-ornement/plantes-grimpantes/glycine/34440-glycine-alba.html
34422-51198;1306702;119;20170116;https://www.jardiland.com/plantes/arbres-et-arbustes-d-ornement/plantes-grimpantes/clematite/34422-clematite-saphyra-indigor.html
34374-51770;1280085;119;20170116;https://www.jardiland.com/plantes/arbres-et-arbustes-d-ornement/plantes-grimpantes/clematite/34374-clematite-blue-river.html
34388-51768;934923;119;20170116;https://www.jardiland.com/plantes/arbres-et-arbustes-d-ornement/plantes-grimpantes/clematite/34388-clematite.html
34388-49352;1391424;119;20170116;https://www.jardiland.com/plantes/arbres-et-arbustes-d-ornement/plantes-grimpantes/clematite/34388-clematite.html
34365-17616;592086;119;20170116;https://www.jardiland.com/plantes/arbres-et-arbustes-d-ornement/plantes-grimpantes/chevrefeuille/34365-chevrefeuille-de-henry.html
34370-8446;1263921;119;20170116;https://www.jardiland.com/plantes/arbres-et-arbustes-d-ornement/plantes-grimpantes/chevrefeuille/34370-chevrefeuille-capriliar-ever.html
34359-50363;1461693;119;20170116;https://www.jardiland.com/plantes/arbres-et-arbustes-d-ornement/plantes-grimpantes/chevrefeuille/34359-chevrefeuille-scentsation.html
34338-6084;1012821;119;20170116;https://www.jardiland.com/plantes/arbres-et-arbustes-d-ornement/plantes-grimpantes/actinidia/34338-actinidia-deliciosa.html
41850-60196;837955;119;20170116;https://www.jardiland.com/plantes/arbres-et-arbustes-d-ornement/rosiers/rosiers-grimpants/41850-rosier-rimosar-meigronuri-grandes-fleurs.html
41818-25123;811188;119;20170116;https://www.jardiland.com/plantes/arbres-et-arbustes-d-ornement/rosiers/rosiers-couvre-sols/41818-rosier-paysager.html
41785-21925;658642;119;20170116;https://www.jardiland.com/plantes/arbres-et-arbustes-d-ornement/rosiers/rosiers-buissons/41785-rosier-miniature.html
41610-21674;653391;119;20170116;https://www.jardiland.com/plantes/arbres-et-arbustes-d-ornement/rosiers/rosiers-buissons/41610-rosier-buisson-a-grandes-fleurs.html
41607-19250;607463;119;20170116;https://www.jardiland.com/plantes/arbres-et-arbustes-d-ornement/rosiers/rosiers-buissons/41607-rosier-astree-grandes-fleurs.html
34335-37737;1012952;119;20170116;https://www.jardiland.com/plantes/arbres-et-arbustes-d-ornement/plantes-de-terre-de-bruyere/skimmia/34335-skimmia-japonica-marlot.html
34256-25984;833684;119;20170116;https://www.jardiland.com/plantes/arbres-et-arbustes-d-ornement/plantes-de-terre-de-bruyere/magnolia/34256-magnolia-x-soulangeana.html
34256-20201;626518;119;20170116;https://www.jardiland.com/plantes/arbres-et-arbustes-d-ornement/plantes-de-terre-de-bruyere/magnolia/34256-magnolia-x-soulangeana.html
34261-25860;829163;119;20170116;https://www.jardiland.com/plantes/arbres-et-arbustes-d-ornement/plantes-de-terre-de-bruyere/magnolia/34261-magnolia-grandiflora-double-nantais.html
34230-17553;590462;119;20170116;https://www.jardiland.com/plantes/arbres-et-arbustes-d-ornement/plantes-de-terre-de-bruyere/kalmia/34230-kalmia-latifolia.html
34210-28278;902098;119;20170116;https://www.jardiland.com/plantes/arbres-et-arbustes-d-ornement/plantes-de-terre-de-bruyere/hortensia/34210-hortensia-serrata.html
34202-27704;878801;119;20170116;https://www.jardiland.com/plantes/arbres-et-arbustes-d-ornement/plantes-de-terre-de-bruyere/hortensia/34202-hortensia-paniculata.html
41577-17198;589439;119;20170116;https://www.jardiland.com/plantes/arbres-et-arbustes-d-ornement/plantes-de-terre-de-bruyere/hortensia/41577-hortensia-bleu-a-grandes-feuilles.html
34171-17385;589308;119;20170116;https://www.jardiland.com/plantes/arbres-et-arbustes-d-ornement/plantes-de-terre-de-bruyere/hortensia/34171-hortensia-rosita.html
34187-17360;589262;119;20170116;https://www.jardiland.com/plantes/arbres-et-arbustes-d-ornement/plantes-de-terre-de-bruyere/hortensia/34187-hortensia-hornli.html
34133-30476;974107;119;20170116;https://www.jardiland.com/plantes/arbres-et-arbustes-d-ornement/plantes-de-terre-de-bruyere/erable-du-japon/34133-erable-du-japon-fireglow.html
34120-27714;879154;119;20170116;https://www.jardiland.com/plantes/arbres-et-arbustes-d-ornement/plantes-de-terre-de-bruyere/erable-du-japon/34120-erable-du-japon-butterfly.html
36138-17005;587168;119;20170116;https://www.jardiland.com/plantes/arbres-et-arbustes-d-ornement/plantes-de-terre-de-bruyere/bruyere-erica/36138-bruyere-veitchii-pink-joy.html
34267-25432;818353;119;20170116;https://www.jardiland.com/plantes/arbres-et-arbustes-d-ornement/plantes-de-terre-de-bruyere/nandina/34267-bambou-sacre.html
34062-7043;1209480;119;20170116;https://www.jardiland.com/plantes/arbres-et-arbustes-d-ornement/plantes-de-terre-de-bruyere/azalee/34062-azalee-japonaise.html
34834-29603;950892;119;20170116;https://www.jardiland.com/plantes/arbres-et-arbustes-d-ornement/plantes-mediterraneennes/palmiers/34834-yucca-rostrata.html
34829-8816;1286291;119;20170116;https://www.jardiland.com/plantes/arbres-et-arbustes-d-ornement/plantes-mediterraneennes/palmiers/34829-yucca-filamentosa-variegata.html
34706-51743;817032;119;20170116;https://www.jardiland.com/plantes/arbres-et-arbustes-d-ornement/plantes-mediterraneennes/autres-plantes-mediterraneennes/34706-tibouchina-urvilleana.html
34683-21874;670772;119;20170116;https://www.jardiland.com/plantes/arbres-et-arbustes-d-ornement/plantes-mediterraneennes/autres-plantes-mediterraneennes/34683-pittosporum-tobira-nanum.html
34680-23706;720300;119;20170116;https://www.jardiland.com/plantes/arbres-et-arbustes-d-ornement/plantes-mediterraneennes/autres-plantes-mediterraneennes/34680-pittosporum-tenuifolium-variegatum.html
34816-18272;595021;119;20170116;https://www.jardiland.com/plantes/arbres-et-arbustes-d-ornement/plantes-mediterraneennes/palmiers/34816-phormium-tenax-variegatum.html
34817-45817;822205;119;20170116;https://www.jardiland.com/plantes/arbres-et-arbustes-d-ornement/plantes-mediterraneennes/palmiers/34817-phormium-yellow-wave.html
34815-26809;864910;119;20170116;https://www.jardiland.com/plantes/arbres-et-arbustes-d-ornement/plantes-mediterraneennes/palmiers/34815-phormium-sundowner.html
34846-56350;891581;119;20170116;https://www.jardiland.com/plantes/arbres-et-arbustes-d-ornement/plantes-mediterraneennes/palmiers/34846-palmier-nain-bleu-cerifera.html
34803-51785;697562;119;20170116;https://www.jardiland.com/plantes/arbres-et-arbustes-d-ornement/plantes-mediterraneennes/palmiers/34803-palmier-nain.html
34803-40349;966152;119;20170116;https://www.jardiland.com/plantes/arbres-et-arbustes-d-ornement/plantes-mediterraneennes/palmiers/34803-palmier-nain.html
34803-23251;699800;119;20170116;https://www.jardiland.com/plantes/arbres-et-arbustes-d-ornement/plantes-mediterraneennes/palmiers/34803-palmier-nain.html
34801-7244;1224026;119;20170116;https://www.jardiland.com/plantes/arbres-et-arbustes-d-ornement/plantes-mediterraneennes/palmiers/34801-palmier-bleu-du-mexique.html
34741-52923;851710;119;20170116;https://www.jardiland.com/plantes/arbres-et-arbustes-d-ornement/plantes-mediterraneennes/autres-plantes-mediterraneennes/34741-musella-lasiocarpa-vert.html
34568-22761;687636;119;20170116;https://www.jardiland.com/plantes/arbres-et-arbustes-d-ornement/plantes-mediterraneennes/autres-plantes-mediterraneennes/34568-mimosa-d-hiver.html
34667-24814;809664;119;20170116;https://www.jardiland.com/plantes/arbres-et-arbustes-d-ornement/plantes-mediterraneennes/autres-plantes-mediterraneennes/34667-lilas-des-indes.html
34671-17731;591371;119;20170116;https://www.jardiland.com/plantes/arbres-et-arbustes-d-ornement/plantes-mediterraneennes/autres-plantes-mediterraneennes/34671-laurier-sauce.html
41591-17244;588298;119;20170116;https://www.jardiland.com/plantes/arbres-et-arbustes-d-ornement/plantes-mediterraneennes/autres-plantes-mediterraneennes/41591-grevillea-lanigera-mount-tamboritha.html
34607-38757;587335;119;20170116;https://www.jardiland.com/plantes/arbres-et-arbustes-d-ornement/plantes-mediterraneennes/autres-plantes-mediterraneennes/34607-eucalyptus-gunnii.html
34612-16952;586926;119;20170116;https://www.jardiland.com/plantes/arbres-et-arbustes-d-ornement/plantes-mediterraneennes/autres-plantes-mediterraneennes/34612-diosma-hirsuta-pink-fountain.html
34848-30539;975692;119;20170116;https://www.jardiland.com/plantes/arbres-et-arbustes-d-ornement/plantes-mediterraneennes/palmiers/34848-dasylirion-longissimum.html
34813-51979;731934;119;20170116;https://www.jardiland.com/plantes/arbres-et-arbustes-d-ornement/plantes-mediterraneennes/palmiers/34813-cycas-du-japon.html
34811-45210;834642;119;20170116;https://www.jardiland.com/plantes/arbres-et-arbustes-d-ornement/plantes-mediterraneennes/palmiers/34811-cordyline-indivisa.html
34811-42816;585609;119;20170116;https://www.jardiland.com/plantes/arbres-et-arbustes-d-ornement/plantes-mediterraneennes/palmiers/34811-cordyline-indivisa.html
34840-26123;840910;119;20170116;https://www.jardiland.com/plantes/arbres-et-arbustes-d-ornement/plantes-mediterraneennes/palmiers/34840-cordyline-australis-torbay-dazzler.html
34809-26006;834624;119;20170116;https://www.jardiland.com/plantes/arbres-et-arbustes-d-ornement/plantes-mediterraneennes/palmiers/34809-cordyline-australis.html
34675-44532;593080;119;20170116;https://www.jardiland.com/plantes/arbres-et-arbustes-d-ornement/plantes-mediterraneennes/autres-plantes-mediterraneennes/34675-bananier-du-japon.html
34585-23157;697071;119;20170116;https://www.jardiland.com/plantes/arbres-et-arbustes-d-ornement/plantes-mediterraneennes/autres-plantes-mediterraneennes/34585-arbousier.html
34584-30079;966877;119;20170116;https://www.jardiland.com/plantes/arbres-et-arbustes-d-ornement/plantes-mediterraneennes/autres-plantes-mediterraneennes/34584-albizia-ombrellar.html
34789-24238;741030;119;20170116;https://www.jardiland.com/plantes/arbres-et-arbustes-d-ornement/plantes-mediterraneennes/palmiers/34789-agave-americana-variegata.html
33756-21306;643199;119;20170116;https://www.jardiland.com/plantes/arbres-et-arbustes-d-ornement/arbres-et-arbustes/viburnum/33756-viburnum-plicatum-mariesii.html
33712-17796;591787;119;20170116;https://www.jardiland.com/plantes/arbres-et-arbustes-d-ornement/arbres-et-arbustes/troene/33712-troene-dore-de-californie.html
33639-45339;975439;119;20170116;https://www.jardiland.com/plantes/arbres-et-arbustes-d-ornement/arbres-et-arbustes/saule/33639-saule-crevette.html
33642-29703;953382;119;20170116;https://www.jardiland.com/plantes/arbres-et-arbustes-d-ornement/arbres-et-arbustes/saule/33642-salix-integra-flamingo-pbr.html
33680-22518;680850;119;20170116;https://www.jardiland.com/plantes/arbres-et-arbustes-d-ornement/arbres-et-arbustes/sumac/33680-rhus-typhina.html
33582-39366;686344;119;20170116;https://www.jardiland.com/plantes/arbres-et-arbustes-d-ornement/arbres-et-arbustes/prunus/33582-prunus-serrulata-kanzan.html
33583-39366;686344;119;20170116;https://www.jardiland.com/plantes/arbres-et-arbustes-d-ornement/arbres-et-arbustes/prunus/33583-prunus-serrulata-kanzan.html
33583-25353;817475;119;20170116;https://www.jardiland.com/plantes/arbres-et-arbustes-d-ornement/arbres-et-arbustes/prunus/33583-prunus-serrulata-kanzan.html
33595-44810;1413302;119;20170116;https://www.jardiland.com/plantes/arbres-et-arbustes-d-ornement/arbres-et-arbustes/prunus/33595-prunus-serrulata.html
33595-38368;1413303;119;20170116;https://www.jardiland.com/plantes/arbres-et-arbustes-d-ornement/arbres-et-arbustes/prunus/33595-prunus-serrulata.html
33552-18724;597570;119;20170116;https://www.jardiland.com/plantes/arbres-et-arbustes-d-ornement/arbres-et-arbustes/potentille/33552-potentilla-fruticosa.html
33524-12245;1381567;119;20170116;https://www.jardiland.com/plantes/arbres-et-arbustes-d-ornement/arbres-et-arbustes/physocarpe/33524-physocarpus-opulifolius-diable-d-orr-mindia.html
33522-18328;595467;119;20170116;https://www.jardiland.com/plantes/arbres-et-arbustes-d-ornement/arbres-et-arbustes/physocarpe/33522-physocarpus-opulifolius-dart-s-gold.html
33525-9358;1296298;119;20170116;https://www.jardiland.com/plantes/arbres-et-arbustes-d-ornement/arbres-et-arbustes/physocarpe/33525-physocarpus-opulifolius.html
33510-18276;595054;119;20170116;https://www.jardiland.com/plantes/arbres-et-arbustes-d-ornement/arbres-et-arbustes/photinia/33510-photinia-x-fraseri-red-robin.html
33511-20206;626547;119;20170116;https://www.jardiland.com/plantes/arbres-et-arbustes-d-ornement/arbres-et-arbustes/photinia/33511-photinia-x-fraseri-red-robin.html
57270-57193;1401944;119;20170116;https://www.jardiland.com/plantes/arbres-et-arbustes-d-ornement/arbres-et-arbustes/photinia/57270-photinia-x-fraseri-carre-rouge.html
33488-45706;643332;119;20170116;https://www.jardiland.com/plantes/arbres-et-arbustes-d-ornement/arbres-et-arbustes/oranger-du-mexique/33488-oranger-du-mexique.html
33476-24417;746493;119;20170116;https://www.jardiland.com/plantes/arbres-et-arbustes-d-ornement/arbres-et-arbustes/noisetier-ornemental/33476-noisetier.html
41540-38828;592955;119;20170116;https://www.jardiland.com/plantes/arbres-et-arbustes-d-ornement/arbres-et-arbustes/murier/41540-murier-a-feuilles-de-platane.html
33474-13711;1408778;119;20170116;https://www.jardiland.com/plantes/arbres-et-arbustes-d-ornement/arbres-et-arbustes/murier/33474-murier-fruitless-sterile.html
33447-22923;692588;119;20170116;https://www.jardiland.com/plantes/arbres-et-arbustes-d-ornement/arbres-et-arbustes/lonicera/33447-lonicera-nitida-maigrun.html
59272-59032;591881;119;20170116;https://www.jardiland.com/plantes/arbres-et-arbustes-d-ornement/arbres-et-arbustes/liquidambar/59272-liquidambar-silver-king.html
33711-17792;591781;119;20170116;https://www.jardiland.com/plantes/arbres-et-arbustes-d-ornement/arbres-et-arbustes/troene/33711-ligustrum-ovalifolium-argenteum.html
33714-17805;591806;119;20170116;https://www.jardiland.com/plantes/arbres-et-arbustes-d-ornement/arbres-et-arbustes/troene/33714-ligustrum-ovalifolium.html
33409-47663;752803;119;20170116;https://www.jardiland.com/plantes/arbres-et-arbustes-d-ornement/arbres-et-arbustes/lavatere/33409-lavatera-red-rum.html
41531-50605;1301099;119;20170116;https://www.jardiland.com/plantes/arbres-et-arbustes-d-ornement/arbres-et-arbustes/laurier-palme/41531-laurier-du-portugal-angustifolia.html
41531-23014;693608;119;20170116;https://www.jardiland.com/plantes/arbres-et-arbustes-d-ornement/arbres-et-arbustes/laurier-palme/41531-laurier-du-portugal-angustifolia.html
33351-11492;1369082;119;20170116;https://www.jardiland.com/plantes/arbres-et-arbustes-d-ornement/arbres-et-arbustes/houx/33351-ilex-x-meserveae-blue-prince.html
33331-17196;588978;119;20170116;https://www.jardiland.com/plantes/arbres-et-arbustes-d-ornement/arbres-et-arbustes/hibiscus/33331-hibiscus-syriacus-woodbridge.html
33332-26482;847919;119;20170116;https://www.jardiland.com/plantes/arbres-et-arbustes-d-ornement/arbres-et-arbustes/hibiscus/33332-hibiscus-syriacus.html
33313-24368;745838;119;20170116;https://www.jardiland.com/plantes/arbres-et-arbustes-d-ornement/arbres-et-arbustes/hetre/33313-hetre-pourpre-purpurea.html
33318-30429;973537;119;20170116;https://www.jardiland.com/plantes/arbres-et-arbustes-d-ornement/arbres-et-arbustes/hetre/33318-hetre-colonnaire-pourpre-dawyck-purple.html
33726-25318;816725;119;20170116;https://www.jardiland.com/plantes/arbres-et-arbustes-d-ornement/arbres-et-arbustes/veronique-arbustive/33726-hebe-subalpina.html
33723-48656;816481;119;20170116;https://www.jardiland.com/plantes/arbres-et-arbustes-d-ornement/arbres-et-arbustes/veronique-arbustive/33723-hebe-pinguifolia-sutherlandii.html
40577-39747;816482;119;20170116;https://www.jardiland.com/plantes/arbres-et-arbustes-d-ornement/arbres-et-arbustes/veronique-arbustive/40577-hebe-youngii-carl-teschner.html
41551-25304;816510;119;20170116;https://www.jardiland.com/plantes/arbres-et-arbustes-d-ornement/arbres-et-arbustes/veronique-arbustive/41551-hebe-emerald-gem.html
33291-25338;817135;119;20170116;https://www.jardiland.com/plantes/arbres-et-arbustes-d-ornement/arbres-et-arbustes/genet/33291-genet-d-espagne.html
33227-16838;587942;119;20170116;https://www.jardiland.com/plantes/arbres-et-arbustes-d-ornement/arbres-et-arbustes/forsythia/33227-forsythia-lynwood.html
33269-23308;702800;119;20170116;https://www.jardiland.com/plantes/arbres-et-arbustes-d-ornement/arbres-et-arbustes/fusain/33269-euonymus-japonicus-microphyllus-aureovariegatus.html
33247-17071;587453;119;20170116;https://www.jardiland.com/plantes/arbres-et-arbustes-d-ornement/arbres-et-arbustes/fusain/33247-euonymus-fortunei-harlequin.html
33266-25747;828552;119;20170116;https://www.jardiland.com/plantes/arbres-et-arbustes-d-ornement/arbres-et-arbustes/fusain/33266-euonymus-fortunei-emerald-n-gold.html
33190-28758;927977;119;20170116;https://www.jardiland.com/plantes/arbres-et-arbustes-d-ornement/arbres-et-arbustes/erable/33190-erable-champetre.html
33190-21399;647566;119;20170116;https://www.jardiland.com/plantes/arbres-et-arbustes-d-ornement/arbres-et-arbustes/erable/33190-erable-champetre.html
33182-30678;977231;119;20170116;https://www.jardiland.com/plantes/arbres-et-arbustes-d-ornement/arbres-et-arbustes/elaeagnus/33182-eleagnus-x-ebbingei-vivelegr.html
33182-9642;1307129;119;20170116;https://www.jardiland.com/plantes/arbres-et-arbustes-d-ornement/arbres-et-arbustes/elaeagnus/33182-eleagnus-x-ebbingei-vivelegr.html
33171-8716;1283748;119;20170116;https://www.jardiland.com/plantes/arbres-et-arbustes-d-ornement/arbres-et-arbustes/elaeagnus/33171-eleagnus-ebbingei-viveleg-r.html
33160-24649;817886;119;20170116;https://www.jardiland.com/plantes/arbres-et-arbustes-d-ornement/arbres-et-arbustes/deutzia/33160-deutzia-gracilis.html
33278-25673;824674;119;20170116;https://www.jardiland.com/plantes/arbres-et-arbustes-d-ornement/arbres-et-arbustes/genet/33278-cytisus-zeelandia.html
61027-60818;586187;119;20170116;https://www.jardiland.com/plantes/arbres-et-arbustes-d-ornement/arbres-et-arbustes/cotoneaster/61027-cotoneaster-saphyr-greenr-belka-pbr.html
33148-16767;586154;119;20170116;https://www.jardiland.com/plantes/arbres-et-arbustes-d-ornement/arbres-et-arbustes/cotoneaster/33148-cotoneaster-laiteux.html
33136-16693;585845;119;20170116;https://www.jardiland.com/plantes/arbres-et-arbustes-d-ornement/arbres-et-arbustes/cornouiller/33136-cornouiller-sanguin.html
33132-16686;585807;119;20170116;https://www.jardiland.com/plantes/arbres-et-arbustes-d-ornement/arbres-et-arbustes/cornouiller/33132-cornouiller-male.html
33131-44791;1011357;119;20170116;https://www.jardiland.com/plantes/arbres-et-arbustes-d-ornement/arbres-et-arbustes/cornouiller/33131-cornouiller-du-japon-satomi.html
33137-16694;585849;119;20170116;https://www.jardiland.com/plantes/arbres-et-arbustes-d-ornement/arbres-et-arbustes/cornouiller/33137-cornouiller-a-bois-jaune-flaviramea.html
33098-16441;583901;119;20170116;https://www.jardiland.com/plantes/arbres-et-arbustes-d-ornement/arbres-et-arbustes/cognassier-du-japon/33098-cognassier-a-fleurs.html
33487-16551;584681;119;20170116;https://www.jardiland.com/plantes/arbres-et-arbustes-d-ornement/arbres-et-arbustes/oranger-du-mexique/33487-choisya-aztec-pearl.html
33075-43000;692794;119;20170116;https://www.jardiland.com/plantes/arbres-et-arbustes-d-ornement/arbres-et-arbustes/ceanothe/33075-ceanothus-thyrsiflorus-skylark.html
33076-24110;735914;119;20170116;https://www.jardiland.com/plantes/arbres-et-arbustes-d-ornement/arbres-et-arbustes/ceanothe/33076-ceanothus-thyrsiflorus.html
33076-14779;1450529;119;20170116;https://www.jardiland.com/plantes/arbres-et-arbustes-d-ornement/arbres-et-arbustes/ceanothe/33076-ceanothus-thyrsiflorus.html
33061-44470;583252;119;20170116;https://www.jardiland.com/plantes/arbres-et-arbustes-d-ornement/arbres-et-arbustes/ceanothe/33061-ceanothus-impressus-puget-blue.html
33074-38701;583324;119;20170116;https://www.jardiland.com/plantes/arbres-et-arbustes-d-ornement/arbres-et-arbustes/ceanothe/33074-ceanothe-rampant.html
33045-11377;1365786;119;20170116;https://www.jardiland.com/plantes/arbres-et-arbustes-d-ornement/arbres-et-arbustes/caryopteris/33045-caryopteris-white-surprise.html
33051-15853;582976;119;20170116;https://www.jardiland.com/plantes/arbres-et-arbustes-d-ornement/arbres-et-arbustes/caryopteris/33051-caryopteris-heavenly-blue.html
32972-12447;1402783;119;20170116;https://www.jardiland.com/plantes/arbres-et-arbustes-d-ornement/arbres-et-arbustes/autres-arbres-et-arbustes/32972-calycanthus-floridus.html
41520-16108;581096;119;20170116;https://www.jardiland.com/plantes/arbres-et-arbustes-d-ornement/arbres-et-arbustes/bouleau/41520-bouleau-blanc.html
32946-27342;872317;119;20170116;https://www.jardiland.com/plantes/arbres-et-arbustes-d-ornement/arbres-et-arbustes/arbre-aux-faisans/32946-arbre-aux-faisans-purple-rain.html
32945-24729;804130;119;20170116;https://www.jardiland.com/plantes/arbres-et-arbustes-d-ornement/arbres-et-arbustes/arbre-aux-faisans/32945-arbre-aux-faisans-golden-lanterns.html
32929-15842;578631;119;20170116;https://www.jardiland.com/plantes/arbres-et-arbustes-d-ornement/arbres-et-arbustes/abelia/32929-abelia-a-grandes-fleurs.html
