ID_WEB;ID_JDN;CODEMAG;DATE_ASPI;URLPRODUIT
54480-54480;1459457;110;20170115;https://www.jardiland.com/maison-deco/epicerie-fine/epicerie-salee/conserve/54480-delice-d-escargots-a-la-persillade.html
58508-58508;1454181;110;20170115;https://www.jardiland.com/maison-deco/art-de-la-table/vaisselle/couvert/58508-set-a-fromage-laguiolea-3-pieces.html
58509-58509;1454180;110;20170115;https://www.jardiland.com/maison-deco/art-de-la-table/vaisselle/couvert/58509-service-a-salade-laguiole.html
52803-52803;1383775;110;20170115;https://www.jardiland.com/maison-deco/art-de-la-table/vaisselle/plateau-presentoir-et-set/52803-coffret-2-tasses-fleurs.html
46771-46771;1429280;110;20170115;https://www.jardiland.com/maison-deco/cache-pot-d-interieur/cache-pot-simple/pot-special-orchidee-et-accessoires/46771-vase-rouge-profond-2-70-l.html
32863-8421;1263423;110;20170115;https://www.jardiland.com/maison-deco/cache-pot-d-interieur/cache-pot-simple/cache-pot-aimante/32863-plaque-en-metal-decorative.html
46800-46800;1424454;110;20170115;https://www.jardiland.com/maison-deco/cache-pot-d-interieur/cache-pot-simple/ceramique/46800-cache-pot-melrose-fuschia-3-302-l.html
50907-44172;1429258;110;20170115;https://www.jardiland.com/maison-deco/cache-pot-d-interieur/cache-pot-simple/ceramique/50907-cache-pot-ceramique.html
46601-46601;1424432;110;20170115;https://www.jardiland.com/maison-deco/cache-pot-d-interieur/cache-pot-simple/ceramique/46601-cache-pot-anthracite-2-1-l.html
48963-48963;1306255;110;20170115;https://www.jardiland.com/maison-deco/hygiene-de-la-maison/48963-terres-de-sommieres.html
48965-48965;1306233;110;20170115;https://www.jardiland.com/maison-deco/hygiene-de-la-maison/48965-bicarbonate-de-soude.html
5147-5147;790957;110;20170115;https://www.jardiland.com/maison-deco/cheminee/accessoires-de-cheminee/accessoires/5147-pincette-en-fer-forge-de-cheminee.html
60094-60094;1470424;110;20170115;https://www.jardiland.com/maison-deco/cheminee/accessoires-de-cheminee/accessoires/60094-gant-anti-chaleur-mano.html
58734-58615;1454995;110;20170115;https://www.jardiland.com/maison-deco/objets-de-decoration/autres-objets-de-decoration/paillasson-et-tapis/58734-tapis-en-coton-180-240-cm.html
2451-2451;1381666;110;20170115;https://www.jardiland.com/maison-deco/objets-de-decoration/autres-objets-de-decoration/autres-objets-de-decoration/2451-mini-cloche-sur-pied.html
58503-58503;1454320;110;20170115;https://www.jardiland.com/maison-deco/objets-de-decoration/figurines-et-peluches/figurine/58503-renard-en-ceramique-a-poser.html
50996-50996;1456364;110;20170115;https://www.jardiland.com/maison-deco/objets-de-decoration/rangement-boites-et-paniers/boite-fantaisie/50996-sac-a-lunch-isotherme-rosa-je-suis-rose.html
51004-51004;1456333;110;20170115;https://www.jardiland.com/maison-deco/objets-de-decoration/rangement-boites-et-paniers/boite-fantaisie/51004-porte-monnaie-lilou-chat-violet.html
51003-51003;1456335;110;20170115;https://www.jardiland.com/maison-deco/objets-de-decoration/rangement-boites-et-paniers/boite-fantaisie/51003-porte-cartes-folk-charmante-rose.html
1819-1819;1385244;110;20170115;https://www.jardiland.com/maison-deco/objets-de-decoration/coussins-et-plaids/plaid/1819-plaid-creme.html
57960-57960;1456161;110;20170115;https://www.jardiland.com/maison-deco/objets-de-decoration/plantes-artificielles/tige-fleurie/57960-fleur-glacee-acrylique-or-clair.html
52754-52754;1396606;110;20170115;https://www.jardiland.com/maison-deco/objets-de-decoration/vases-coupes-et-accessoires/pot-et-coupe/52754-bouteille-vera.html
41190-41190;1402889;110;20170115;https://www.jardiland.com/maison-deco/objets-de-decoration/bougies-et-senteurs/parfum-d-ambiance-diffuseur-a-froid/41190-rose-bouquet-parfume-zeste-de-verveine-lampe-berger.html
41188-41188;1402877;110;20170115;https://www.jardiland.com/maison-deco/objets-de-decoration/bougies-et-senteurs/parfum-d-ambiance-diffuseur-a-froid/41188-rose-bouquet-parfume-savon-d-autrefois-lampe-berger.html
41187-41187;1402876;110;20170115;https://www.jardiland.com/maison-deco/objets-de-decoration/bougies-et-senteurs/parfum-d-ambiance-diffuseur-a-froid/41187-rose-bouquet-parfume-paris-chic-lampe-berger.html
32920-9957;1320743;110;20170115;https://www.jardiland.com/maison-deco/objets-de-decoration/bougies-et-senteurs/parfum-d-ambiance-diffuseur-a-froid/32920-recharge-parfum-goatier.html
2004-2004;1345614;110;20170115;https://www.jardiland.com/maison-deco/objets-de-decoration/bougies-et-senteurs/parfum-d-ambiance-diffuseur-a-froid/2004-parfum-lampe-berger-pommes-du-verger.html
32918-54021;1320693;110;20170115;https://www.jardiland.com/maison-deco/objets-de-decoration/bougies-et-senteurs/parfum-d-ambiance-diffuseur-a-froid/32918-parfum-goatier-cocoon.html
32918-9936;1320689;110;20170115;https://www.jardiland.com/maison-deco/objets-de-decoration/bougies-et-senteurs/parfum-d-ambiance-diffuseur-a-froid/32918-parfum-goatier-cocoon.html
32916-10309;1345623;110;20170115;https://www.jardiland.com/maison-deco/objets-de-decoration/bougies-et-senteurs/diffuseur-de-parfum-et-recharge/32916-lampe-berger-sweet-bubble.html
54734-54734;1320769;110;20170115;https://www.jardiland.com/maison-deco/objets-de-decoration/bougies-et-senteurs/parfum-d-ambiance-diffuseur-a-froid/54734-fleur-de-goatier-patchouli-cedrat.html
41185-41185;1390235;110;20170115;https://www.jardiland.com/maison-deco/objets-de-decoration/bougies-et-senteurs/parfum-d-ambiance-diffuseur-a-froid/41185-coffret-fleur-de-goatier.html
58818-58818;1457087;110;20170115;https://www.jardiland.com/maison-deco/objets-de-decoration/bougies-et-senteurs/bougie-non-parfumee/58818-boule-soie-cuivre-o-9o5-cm.html
1978-1978;1343060;110;20170115;https://www.jardiland.com/maison-deco/objets-de-decoration/bougies-et-senteurs/bougie-parfumee/1978-bougie-parfumee-plume-de-musc.html
32906-10411;1347161;110;20170115;https://www.jardiland.com/maison-deco/objets-de-decoration/bougies-et-senteurs/bougie-non-parfumee/32906-bougie-laque.html
32901-24625;793304;110;20170115;https://www.jardiland.com/maison-deco/objets-de-decoration/bougies-et-senteurs/bougie-non-parfumee/32901-bougie-cylindre-o10-cm.html
3268-3268;1410184;110;20170115;https://www.jardiland.com/maison-deco/objets-de-decoration/bougeoirs-photophores-et-lanternes/bougeoir-et-photophore-deco/3268-photophore-rouge-motifs-arbres-or.html
3276-3276;1410268;110;20170115;https://www.jardiland.com/maison-deco/objets-de-decoration/bougeoirs-photophores-et-lanternes/bougeoir-et-photophore-deco/3276-photophore-doree-en-verre-motif-arbre-he-8e5-cm.html
3267-3267;1410173;110;20170115;https://www.jardiland.com/maison-deco/objets-de-decoration/bougeoirs-photophores-et-lanternes/bougeoir-et-photophore-deco/3267-photophore-a-motifs-arbres.html
58409-58409;1455159;110;20170115;https://www.jardiland.com/maison-deco/objets-de-decoration/bougeoirs-photophores-et-lanternes/lanterne/58409-mini-lanterne-en-metal.html
58507-58507;1454223;110;20170115;https://www.jardiland.com/maison-deco/objets-de-decoration/bougeoirs-photophores-et-lanternes/lanterne/58507-lanterne-en-verre-et-metal-17-17-24e5-cm.html
32322-12856;1398623;110;20170115;https://www.jardiland.com/animaux/oiseau-de-la-nature/alimentation/32322-cylindre-de-graisse-avec-support.html
32323-12860;1398628;110;20170115;https://www.jardiland.com/animaux/oiseau-de-la-nature/alimentation/32323-beurre-d-arachide.html
32543-24630;796390;110;20170115;https://www.jardiland.com/animaux/reptiles-et-insectes/alimentation/boite-et-lyophilisee/32543-jbl-nourriture-tortue.html
53256-53083;538457;110;20170115;https://www.jardiland.com/animaux/oiseau/alimentation-et-friandises/friandise/53256-kracker-african-perroquet-x2-1.html
5838-5838;972717;110;20170115;https://www.jardiland.com/animaux/poisson/entretien-et-soins/produit-pour-l-eau/5838-jbl-argudol.html
5176-5176;957361;110;20170115;https://www.jardiland.com/animaux/poisson/materiel-chauffage-filtres-et-pompes/filtre-exterieur/5176-ventouse-pour-thermometre-x4-1.html
32494-29877;957352;110;20170115;https://www.jardiland.com/animaux/poisson/materiel-chauffage-filtres-et-pompes/filtre-exterieur/32494-ventouse-crochet-x4-1.html
32494-29876;957351;110;20170115;https://www.jardiland.com/animaux/poisson/materiel-chauffage-filtres-et-pompes/filtre-exterieur/32494-ventouse-crochet-x4-1.html
5172-5172;957357;110;20170115;https://www.jardiland.com/animaux/poisson/materiel-chauffage-filtres-et-pompes/chauffage/5172-thermometre-electronique-interieur.html
5757-5757;957328;110;20170115;https://www.jardiland.com/animaux/poisson/materiel-chauffage-filtres-et-pompes/aeration/5757-set-aeration-tuyau-accessoires.html
32538-15301;543579;110;20170115;https://www.jardiland.com/animaux/poisson/materiel-chauffage-filtres-et-pompes/pompe/32538-pompe.html
32531-15318;543748;110;20170115;https://www.jardiland.com/animaux/poisson/materiel-chauffage-filtres-et-pompes/masse-de-filtration/32531-charbon-de-filtration-actikool.html
58073-58073;1392935;110;20170115;https://www.jardiland.com/animaux/poisson/decoration-pour-aquarium/decoration-d-aquarium/58073-urne-decor-hieroglyphe.html
32434-13286;1403882;110;20170115;https://www.jardiland.com/animaux/poisson/decoration-pour-aquarium/sable-et-autres-graviers/32434-sable-aquasand.html
32433-8280;1260997;110;20170115;https://www.jardiland.com/animaux/poisson/decoration-pour-aquarium/sable-et-autres-graviers/32433-quartz-couleur-deco-1-kg.html
32430-27140;867726;110;20170115;https://www.jardiland.com/animaux/poisson/decoration-pour-aquarium/sable-et-autres-graviers/32430-quartz-15-kg.html
32406-9663;1307207;110;20170115;https://www.jardiland.com/animaux/poisson/decoration-pour-aquarium/decoration-d-aquarium/32406-decoration-pour-aquarium-amphore-elephant.html
502-502;1244148;110;20170115;https://www.jardiland.com/animaux/poisson/decoration-pour-aquarium/plante-artificielle/502-decor-pour-aquarium-parine.html
32423-12377;1386361;110;20170115;https://www.jardiland.com/animaux/poisson/decoration-pour-aquarium/plante-artificielle/32423-decor-pour-aquarium-herbe-algue.html
98-98;1014827;110;20170115;https://www.jardiland.com/animaux/poisson/decoration-pour-aquarium/plante-artificielle/98-decor-pour-aquarium-feuillage-2-brins.html
2181-2181;1365614;110;20170115;https://www.jardiland.com/animaux/poisson/decoration-pour-aquarium/plante-artificielle/2181-decor-pour-aquarium-algue-epee-pierre-rose.html
53679-53679;1438168;110;20170115;https://www.jardiland.com/animaux/poisson/decoration-pour-aquarium/decoration-d-aquarium/53679-decor-corail.html
62901-62873;1469186;110;20170115;https://www.jardiland.com/animaux/poisson/aquariums/meuble-pour-aquarium/62901-meuble-pour-aquarium-lido-120-1.html
60077-60077;1486127;110;20170115;https://www.jardiland.com/animaux/poisson/aquariums/aquarium-pour-poisson-d-eau-froide/60077-aquarium-nexus-15-led-sans-filtre.html
50788-41256;1250305;110;20170115;https://www.jardiland.com/animaux/poisson/aquariums/aquarium-pour-poisson-d-eau-chaude/50788-aquarium-lido-120-l.html
65032-64980;1487301;110;20170115;https://www.jardiland.com/animaux/poisson/aquariums/aquarium-pour-poisson-d-eau-froide/65032-aquarium-led-inwa-start40-pack-pur.html
65032-64979;1487302;110;20170115;https://www.jardiland.com/animaux/poisson/aquariums/aquarium-pour-poisson-d-eau-froide/65032-aquarium-led-inwa-start40-pack-pur.html
32365-8136;1256395;110;20170115;https://www.jardiland.com/animaux/poisson/alimentation/pour-poisson-d-eau-froide/32365-api-japan-goldfish-granules.html
32365-8129;1256378;110;20170115;https://www.jardiland.com/animaux/poisson/alimentation/pour-poisson-d-eau-froide/32365-api-japan-goldfish-granules.html
31809-11906;1374716;110;20170115;https://www.jardiland.com/animaux/chat/colliers-laisses-et-harnais/laisse/31809-laisse-pour-chat-lame.html
1479-1479;1305395;110;20170115;https://www.jardiland.com/animaux/chat/coussins-et-paniers-de-transport/chatiere/1479-collier-supplementaire-infrarouge-pour-chatiere-500sgifde.html
1484-1484;1305401;110;20170115;https://www.jardiland.com/animaux/chat/coussins-et-paniers-de-transport/chatiere/1484-collier-supplementaire-infrarouge-pour-chatiere-500sgifd.html
467-467;1248167;110;20170115;https://www.jardiland.com/animaux/chat/jeux-et-jouets/467-mix-safari-avec-grelot.html
50004-50004;1458621;110;20170115;https://www.jardiland.com/animaux/chat/hygiene-soins-et-litieres/litiere/50004-litiere-agglomeree-minerale-5l.html
62892-62847;1439198;110;20170115;https://www.jardiland.com/animaux/chat/alimentation-et-friandises/boite-et-sachet-fraicheur/62892-schesir-patee-pour-chats-adultes-70-g.html
62892-62846;1439199;110;20170115;https://www.jardiland.com/animaux/chat/alimentation-et-friandises/boite-et-sachet-fraicheur/62892-schesir-patee-pour-chats-adultes-70-g.html
62892-62845;1439203;110;20170115;https://www.jardiland.com/animaux/chat/alimentation-et-friandises/boite-et-sachet-fraicheur/62892-schesir-patee-pour-chats-adultes-70-g.html
31696-8249;1260287;110;20170115;https://www.jardiland.com/animaux/chat/alimentation-et-friandises/boite-et-sachet-fraicheur/31696-almo-nature-rouge-label.html
31689-30302;971478;110;20170115;https://www.jardiland.com/animaux/chat/alimentation-et-friandises/boite-et-sachet-fraicheur/31689-almo-nature-daily-menu.html
1599-1599;1311872;110;20170115;https://www.jardiland.com/animaux/rongeurs-et-petits-mammiferes/hygiene-et-soins/soin-de-toilettage/1599-shampoing-desodorisant-pour-furet.html
1650-1650;1371018;110;20170115;https://www.jardiland.com/animaux/rongeurs-et-petits-mammiferes/jouets-et-exercices/roue-tube-et-autres-accessoires-de-jeux/1650-bois-a-ronger-petit-modele-monster.html
56802-56802;1435169;110;20170115;https://www.jardiland.com/animaux/rongeurs-et-petits-mammiferes/habitats-cages-et-accessoires/cage/56802-cage-pour-hamster.html
62899-64637;1481813;110;20170115;https://www.jardiland.com/animaux/rongeurs-et-petits-mammiferes/habitats-cages-et-accessoires/cage/62899-cage-de-luxe-cochon-d-inde-et-lapin-caesar-3-1.html
60080-60080;1481542;110;20170115;https://www.jardiland.com/animaux/rongeurs-et-petits-mammiferes/habitats-cages-et-accessoires/cage/60080-cage-cricetti-9-pirate-pour-hamsters.html
2350-2350;1377916;110;20170115;https://www.jardiland.com/animaux/rongeurs-et-petits-mammiferes/aliments-et-friandises/alimentation-quotidienne/2350-menu-complet-degue-du-chili.html
32606-13292;1403890;110;20170115;https://www.jardiland.com/animaux/rongeurs-et-petits-mammiferes/aliments-et-friandises/friandise/32606-biscuit-pour-rongeur.html
2405-2405;1378264;110;20170115;https://www.jardiland.com/animaux/chien/colliers-laisses-et-vetements/laisse-pour-chien/2405-vario-l-5m-sangle-anthracite.html
2402-2402;1378248;110;20170115;https://www.jardiland.com/animaux/chien/colliers-laisses-et-vetements/accessoires/2402-multi-box-rouge.html
32104-28487;911535;110;20170115;https://www.jardiland.com/animaux/chien/colliers-laisses-et-vetements/manteau-pour-chien/32104-impermeable-pliable-essentiel.html
32104-28485;911533;110;20170115;https://www.jardiland.com/animaux/chien/colliers-laisses-et-vetements/manteau-pour-chien/32104-impermeable-pliable-essentiel.html
32104-28484;911532;110;20170115;https://www.jardiland.com/animaux/chien/colliers-laisses-et-vetements/manteau-pour-chien/32104-impermeable-pliable-essentiel.html
32103-24329;743683;110;20170115;https://www.jardiland.com/animaux/chien/colliers-laisses-et-vetements/manteau-pour-chien/32103-imper-basic-pour-chien.html
32060-14693;1443673;110;20170115;https://www.jardiland.com/animaux/chien/colliers-laisses-et-vetements/harnais/32060-harnais-pour-chien-pois-s.html
50944-50944;679180;110;20170115;https://www.jardiland.com/animaux/chien/colliers-laisses-et-vetements/collier-pour-chien/50944-collier-reglable-mc-leather-25mm-jaune.html
32016-7986;1256657;110;20170115;https://www.jardiland.com/animaux/chien/colliers-laisses-et-vetements/collier-pour-chien/32016-collier-pour-chien-en-cuir-strass.html
32016-7492;1256511;110;20170115;https://www.jardiland.com/animaux/chien/colliers-laisses-et-vetements/collier-pour-chien/32016-collier-pour-chien-en-cuir-strass.html
32012-15132;540850;110;20170115;https://www.jardiland.com/animaux/chien/colliers-laisses-et-vetements/collier-pour-chien/32012-collier-pour-chien-avec-bord-arrondi.html
50834-50548;1434662;110;20170115;https://www.jardiland.com/animaux/chien/colliers-laisses-et-vetements/collier-pour-chien/50834-collier-nylon-reglable.html
51288-51148;1437063;110;20170115;https://www.jardiland.com/animaux/chien/niches-couchage-et-transport/coussin-et-matelas/51288-master-dehoussable-chien-mink.html
64655-64655;1464444;110;20170115;https://www.jardiland.com/animaux/chien/gamelles-ecuelles-et-distributeurs/gamelle-et-ecuelle/64655-gamelle-melaminee-gris-pour-chiens-350-ml.html
31924-29481;945890;110;20170115;https://www.jardiland.com/animaux/chien/alimentation-et-friandises/croquette-pour-chien/31924-royal-canin-medium-light.html
31951-9579;1303962;110;20170115;https://www.jardiland.com/animaux/chien/alimentation-et-friandises/croquette-pour-chien/31951-pedigree-vital-protection-adulte.html
31990-7077;1209703;110;20170115;https://www.jardiland.com/animaux/chien/alimentation-et-friandises/os-a-macher/31990-os-presses.html
31990-7066;1209678;110;20170115;https://www.jardiland.com/animaux/chien/alimentation-et-friandises/os-a-macher/31990-os-presses.html
31991-6734;1209691;110;20170115;https://www.jardiland.com/animaux/chien/alimentation-et-friandises/os-a-macher/31991-os-noues.html
31982-15096;539791;110;20170115;https://www.jardiland.com/animaux/chien/alimentation-et-friandises/friandise-bucco-dentaire/31982-friandises-dentastix-chien-moyen.html
54413-54209;1430570;110;20170115;https://www.jardiland.com/animaux/chien/alimentation-et-friandises/croquette-pour-chien/54413-croquettes-pour-chiens-adultes-robustes-poulet.html
31237-20869;639827;110;20170115;https://www.jardiland.com/amenagement-du-jardin/bassins-et-jardin-aquatique/alimentation/31237-tetra-pond-goldmix.html
31256-13131;1402279;110;20170115;https://www.jardiland.com/amenagement-du-jardin/bassins-et-jardin-aquatique/decorations/31256-bassin-colour-pond.html
31280-9620;1305745;110;20170115;https://www.jardiland.com/amenagement-du-jardin/bassins-et-jardin-aquatique/soins-et-entretien/31280-api-quick-start.html
1493-1493;1305855;110;20170115;https://www.jardiland.com/amenagement-du-jardin/loisirs-plein-air/jouets/1493-figurine-cheval-tresse.html
348-348;1018585;110;20170115;https://www.jardiland.com/amenagement-du-jardin/decorations/autres-decorations/348-cadran-solaire-soli-soli.html
39-39;1013675;110;20170115;https://www.jardiland.com/amenagement-du-jardin/decorations/statues-et-figurines/39-statue-moine-assis-priant-h-30-cm.html
1272-1272;1277446;110;20170115;https://www.jardiland.com/amenagement-du-jardin/decorations/statues-et-figurines/1272-statue-de-femme-torso-h-33-cm.html
13-13;1013703;110;20170115;https://www.jardiland.com/amenagement-du-jardin/decorations/statues-et-figurines/13-statue-bouddha-debout-salutation-h-60-cm.html
31663-14373;566371;110;20170115;https://www.jardiland.com/amenagement-du-jardin/pots-bacs-jardinieres-et-supports/tuteurs-et-supports-de-plante/tuteur/31663-anneaux-tuteurs.html
31663-14371;566369;110;20170115;https://www.jardiland.com/amenagement-du-jardin/pots-bacs-jardinieres-et-supports/tuteurs-et-supports-de-plante/tuteur/31663-anneaux-tuteurs.html
31446-9206;1293166;110;20170115;https://www.jardiland.com/amenagement-du-jardin/pots-bacs-jardinieres-et-supports/en-email/31446-soucoupe-en-email.html
31478-44002;1463787;110;20170115;https://www.jardiland.com/amenagement-du-jardin/pots-bacs-jardinieres-et-supports/en-email/31478-pot-saintropp-en-terre-cuite.html
31478-13400;1404081;110;20170115;https://www.jardiland.com/amenagement-du-jardin/pots-bacs-jardinieres-et-supports/en-email/31478-pot-saintropp-en-terre-cuite.html
31478-13106;1404082;110;20170115;https://www.jardiland.com/amenagement-du-jardin/pots-bacs-jardinieres-et-supports/en-email/31478-pot-saintropp-en-terre-cuite.html
31468-13335;1404004;110;20170115;https://www.jardiland.com/amenagement-du-jardin/pots-bacs-jardinieres-et-supports/en-email/31468-pot-en-email-maldives.html
1350-1350;1289302;110;20170115;https://www.jardiland.com/amenagement-du-jardin/pots-bacs-jardinieres-et-supports/en-fibre/1350-pot-rond-en-fibre-gris-cardiff-o-44-cm.html
31485-28957;924834;110;20170115;https://www.jardiland.com/amenagement-du-jardin/pots-bacs-jardinieres-et-supports/en-fibre/31485-plat-rectangle-en-fibre-dustwood.html
31580-15505;568455;110;20170115;https://www.jardiland.com/amenagement-du-jardin/pots-bacs-jardinieres-et-supports/en-terre-cuite/31580-soucoupe-en-terre-cuite.html
31572-11195;1360593;110;20170115;https://www.jardiland.com/amenagement-du-jardin/pots-bacs-jardinieres-et-supports/en-plastique/31572-soucoupe-en-plastique-romeo.html
31549-11091;1360506;110;20170115;https://www.jardiland.com/amenagement-du-jardin/pots-bacs-jardinieres-et-supports/en-plastique/31549-pot-romeo.html
31530-7571;1236335;110;20170115;https://www.jardiland.com/amenagement-du-jardin/pots-bacs-jardinieres-et-supports/en-plastique/31530-pot-en-plastique-evase-cuenca.html
31530-7570;1236328;110;20170115;https://www.jardiland.com/amenagement-du-jardin/pots-bacs-jardinieres-et-supports/en-plastique/31530-pot-en-plastique-evase-cuenca.html
31163-19504;604139;110;20170115;https://www.jardiland.com/amenagement-du-jardin/amenagement/bordures/31163-bordure-a-gazon.html
248-248;1015775;110;20170115;https://www.jardiland.com/amenagement-du-jardin/amenagement/clotures-et-palissades/248-portillon-pony.html
36624-36624;545031;110;20170115;https://www.jardiland.com/amenagement-du-jardin/barbecues-cuisine-exterieur/autres/accessoires-de-barbecue/36624-plats-aluminium.html
36622-36622;544992;110;20170115;https://www.jardiland.com/amenagement-du-jardin/barbecues-cuisine-exterieur/autres/accessoires-de-barbecue/36622-grille-double.html
40484-39542;723657;110;20170115;https://www.jardiland.com/amenagement-du-jardin/barbecues-cuisine-exterieur/autres/accessoires-de-barbecue/40484-grille-de-barbecue.html
488-488;1239298;110;20170115;https://www.jardiland.com/amenagement-du-jardin/barbecues-cuisine-exterieur/plancha/488-plancha-a-poser-divalta.html
461-461;1238011;110;20170115;https://www.jardiland.com/amenagement-du-jardin/barbecues-cuisine-exterieur/a-gaz/461-barbecue-a-gaz-sydney.html
31297-40348;964651;110;20170115;https://www.jardiland.com/amenagement-du-jardin/eclairage-et-chauffage-d-exterieur/bougies-d-exterieur/31297-huile-vegetale-parfumee-lelia.html
31297-40347;964646;110;20170115;https://www.jardiland.com/amenagement-du-jardin/eclairage-et-chauffage-d-exterieur/bougies-d-exterieur/31297-huile-vegetale-parfumee-lelia.html
19-19;1013982;110;20170115;https://www.jardiland.com/amenagement-du-jardin/eclairage-et-chauffage-d-exterieur/eclairage-solaire/19-borne-a-led-solaire.html
2753-2753;1398273;110;20170115;https://www.jardiland.com/amenagement-du-jardin/parasols-tonnelles-et-voiles-d-ombrage/parasols-et-accessoires/accessoires/2753-pied-de-parasol-16-kg.html
31411-12721;1394838;110;20170115;https://www.jardiland.com/amenagement-du-jardin/parasols-tonnelles-et-voiles-d-ombrage/parasols-et-accessoires/parasol-en-metal/31411-parasol-colore-o-2-m.html
36669-36669;1434281;110;20170115;https://www.jardiland.com/amenagement-du-jardin/mobilier-de-jardin/bains-de-soleil-et-hamacs/hamac/36669-chaise-hamac-en-polycoton.html
31359-29992;962609;110;20170115;https://www.jardiland.com/amenagement-du-jardin/mobilier-de-jardin/salon-de-jardin/mobilier-pliant/31359-table-rectangulaire-bistro.html
31359-15483;566621;110;20170115;https://www.jardiland.com/amenagement-du-jardin/mobilier-de-jardin/salon-de-jardin/mobilier-pliant/31359-table-rectangulaire-bistro.html
31359-14131;1428234;110;20170115;https://www.jardiland.com/amenagement-du-jardin/mobilier-de-jardin/salon-de-jardin/mobilier-pliant/31359-table-rectangulaire-bistro.html
36697-36697;1295263;110;20170115;https://www.jardiland.com/amenagement-du-jardin/mobilier-de-jardin/salon-de-jardin/salon-en-resine-tressee/36697-table-carolina.html
53883-53883;1458208;110;20170115;https://www.jardiland.com/amenagement-du-jardin/mobilier-de-jardin/salon-de-jardin/salon-en-metal/53883-fauteuil-bas-irielle.html
2474-2474;1384408;110;20170115;https://www.jardiland.com/jardinage/semis-protections-et-accessoires-de-jardinage/appareils-de-mesure/station-meteo/2474-station-meteo-quadro.html
4482-4482;573900;110;20170115;https://www.jardiland.com/jardinage/semis-protections-et-accessoires-de-jardinage/tuteurs-ficelles-et-accessoires/epouvantail-effaroucheur/4482-effaroucheurs-a-oiseaux.html
4656-4656;576941;110;20170115;https://www.jardiland.com/jardinage/semis-protections-et-accessoires-de-jardinage/serres-et-chassis/mini-serre/4656-mini-serre-regulation-humidite.html
54696-54696;576409;110;20170115;https://www.jardiland.com/jardinage/arrosage/arrosoirs/54696-arrosoir-donna-2-l.html
3936-3936;573937;110;20170115;https://www.jardiland.com/jardinage/outils-et-materiel-du-jardinier/grands-outils-de-jardin/binette-houe-et-serfouette/3936-serfouette-forgee-panne-et-fourche.html
4487-4487;573915;110;20170115;https://www.jardiland.com/jardinage/outils-et-materiel-du-jardinier/grands-outils-de-jardin/binette-houe-et-serfouette/4487-binette-a-rosiers-soudee.html
50837-47048;1433748;110;20170115;https://www.jardiland.com/jardinage/equipement-du-jardinier/vetements/50837-chapeau-paille-homme.html
32708-13497;1405118;110;20170115;https://www.jardiland.com/jardinage/equipement-du-jardinier/bottes-et-sabots/32708-sabot-de-jardin-one.html
32733-7922;1250040;110;20170115;https://www.jardiland.com/jardinage/equipement-du-jardinier/gants/32733-gants-femme-en-textile.html
56759-56759;1444440;110;20170115;https://www.jardiland.com/jardinage/entretien-et-traitements/engrais/engrais-pour-fruits-et-legumes/56759-engrais-fraisiers-et-petits-fruits-800g.html
53804-53804;1256335;110;20170115;https://www.jardiland.com/jardinage/entretien-et-traitements/engrais/engrais-pour-arbres-et-fleurs-du-jardin/53804-engrais-fleurs-1-kg.html
5999-24678;803509;110;20170115;https://www.jardiland.com/jardinage/entretien-et-traitements/engrais/engrais-pour-arbres-et-fleurs-du-jardin/5999-engrais-coniferes-et-arbres-jardiland.html
4692-4692;577368;110;20170115;https://www.jardiland.com/jardinage/paillage-et-amendement/amendement/fumier/4692-fumier-de-ferme.html
42351-42351;1284034;110;20170115;https://www.jardiland.com/jardinage/terreau/terreau/terreau-universel/42351-terreau-universel.html
5432-5432;877488;110;20170115;https://www.jardiland.com/jardinage/terreau/terreau/terreau-de-plantation/5432-terre-a-gazon.html
37669-37669;707070;110;20170115;https://www.jardiland.com/plantes/sapins-de-noel/sapins-artificiels/sapin-artificiel-blanc/37669-sapin-artificiel-icelandic-215-cm.html
37671-37671;707069;110;20170115;https://www.jardiland.com/plantes/sapins-de-noel/sapins-artificiels/sapin-artificiel-blanc/37671-sapin-artificiel-icelandic-185-cm.html
40835-38642;556334;110;20170115;https://www.jardiland.com/plantes/sapins-de-noel/supports-pieds-et-accessoires-de-sapin/40835-pied-de-sapin-en-fer-o-7-cm.html
40836-38641;556321;110;20170115;https://www.jardiland.com/plantes/sapins-de-noel/supports-pieds-et-accessoires-de-sapin/40836-pied-de-sapin-en-fer.html
59622-59497;654341;110;20170115;https://www.jardiland.com/plantes/sapins-de-noel/supports-pieds-et-accessoires-de-sapin/59622-houx-coupe-ilex-aquifolium.html
35589-40085;896530;110;20170115;https://www.jardiland.com/plantes/plantes-d-interieur/bonsais/ficus/35589-ficus-ginseng.html
35666-51339;635177;110;20170115;https://www.jardiland.com/plantes/plantes-d-interieur/cactus-et-plantes-grasses/sansevieria/35666-sansevieria-trifasciata-laurentii.html
35645-22919;692381;110;20170115;https://www.jardiland.com/plantes/plantes-d-interieur/cactus-et-plantes-grasses/echinocactus/35645-echinocactus-grusonii.html
35630-22854;690693;110;20170115;https://www.jardiland.com/plantes/plantes-d-interieur/cactus-et-plantes-grasses/crassula/35630-crassula.html
35621-28401;906095;110;20170115;https://www.jardiland.com/plantes/plantes-d-interieur/cactus-et-plantes-grasses/cereus/35621-cereus-peruvianus-monstruosus.html
35620-30954;993508;110;20170115;https://www.jardiland.com/plantes/plantes-d-interieur/cactus-et-plantes-grasses/cereus/35620-cereus-peruvianus-monstruosus.html
35599-52094;966267;110;20170115;https://www.jardiland.com/plantes/plantes-d-interieur/cactus-et-plantes-grasses/aloe/35599-aloe-vera.html
36118-20356;631814;110;20170115;https://www.jardiland.com/plantes/plantes-d-interieur/plantes-vertes/tradescantia/36118-tradescantia-pour-suspension.html
36080-26535;849349;110;20170115;https://www.jardiland.com/plantes/plantes-d-interieur/plantes-vertes/phoenix/36080-phoenix-roebelenii.html
36045-10013;1337274;110;20170115;https://www.jardiland.com/plantes/plantes-d-interieur/plantes-vertes/kentia/36045-kentia-de-foster.html
36024-20865;635396;110;20170115;https://www.jardiland.com/plantes/plantes-d-interieur/plantes-vertes/fittonia/36024-fittonia-mini-plante.html
35852-40154;906626;110;20170115;https://www.jardiland.com/plantes/plantes-d-interieur/plantes-vertes/aralia-dizygotheca-fatsia/35852-fatsia-japonica.html
35958-23237;699471;110;20170115;https://www.jardiland.com/plantes/plantes-d-interieur/plantes-vertes/dieffenbachia/35958-dieffenbachia.html
35861-20382;631899;110;20170115;https://www.jardiland.com/plantes/plantes-d-interieur/plantes-vertes/asparagus/35861-asparagus-densiflorus-sprengeri.html
35896-24651;808773;110;20170115;https://www.jardiland.com/plantes/plantes-d-interieur/plantes-vertes/autres-plantes-vertes/35896-ardisia-crenata.html
35896-22702;686506;110;20170115;https://www.jardiland.com/plantes/plantes-d-interieur/plantes-vertes/autres-plantes-vertes/35896-ardisia-crenata.html
35704-28716;920088;110;20170115;https://www.jardiland.com/plantes/plantes-d-interieur/orchidees/phalaenopsis/35704-orchidee-phalaenopsis-grandiflora.html
35676-27774;880565;110;20170115;https://www.jardiland.com/plantes/plantes-d-interieur/orchidees/autres-orchidees/35676-orchidee-masdevallia.html
62696-62668;878119;110;20170115;https://www.jardiland.com/plantes/plantes-d-interieur/plantes-fleuries/poinsettia/62696-poinsettia-paillete.html
35786-62669;633634;110;20170115;https://www.jardiland.com/plantes/plantes-d-interieur/plantes-fleuries/gerbera/35786-gerbera-mini-plante.html
62703-64993;1496761;110;20170115;https://www.jardiland.com/plantes/plantes-d-interieur/plantes-fleuries/tillandsia/62703-fille-de-l-air.html
62703-64984;1463179;110;20170115;https://www.jardiland.com/plantes/plantes-d-interieur/plantes-fleuries/tillandsia/62703-fille-de-l-air.html
62703-64983;1378096;110;20170115;https://www.jardiland.com/plantes/plantes-d-interieur/plantes-fleuries/tillandsia/62703-fille-de-l-air.html
35744-28454;908916;110;20170115;https://www.jardiland.com/plantes/plantes-d-interieur/plantes-fleuries/anthurium/35744-anthurium-blanc.html
35730-20963;635078;110;20170115;https://www.jardiland.com/plantes/plantes-d-interieur/plantes-fleuries/anthurium/35730-anthurium-dakota.html
35578-40395;975238;110;20170115;https://www.jardiland.com/plantes/graines-et-gazon/gazon-et-prairies-fleuries/gazon-pour-terrain-sec/35578-pelouse-eco-alternative.html
46665-46665;1253002;110;20170115;https://www.jardiland.com/plantes/graines-et-gazon/gazon-et-prairies-fleuries/prairie-fleurie/46665-melange-massif-tapis-de-perse-25-me.html
46827-46827;1252981;110;20170115;https://www.jardiland.com/plantes/graines-et-gazon/gazon-et-prairies-fleuries/prairie-fleurie/46827-melange-massif-caprice-25-me.html
40725-52235;604822;110;20170115;https://www.jardiland.com/plantes/graines-et-gazon/gazon-et-prairies-fleuries/gazon-rustique/40725-gazon-rustique-avec-engrais.html
36928-36928;1313508;110;20170115;https://www.jardiland.com/plantes/graines-et-gazon/graines-ludiques-et-kits/potageres/36928-pratic-salad-mesclun.html
36927-36927;1313504;110;20170115;https://www.jardiland.com/plantes/graines-et-gazon/graines-ludiques-et-kits/potageres/36927-pratic-salad-laitue-verte-rouge.html
36924-36924;1313495;110;20170115;https://www.jardiland.com/plantes/graines-et-gazon/graines-ludiques-et-kits/potageres/36924-pratic-salad-laitue-verte.html
46840-46840;1251810;110;20170115;https://www.jardiland.com/plantes/graines-et-gazon/graines-de-fleurs/fleurs-annuelles/46840-reine-marguerite-plume-d-autruche-variee.html
46687-46687;1251962;110;20170115;https://www.jardiland.com/plantes/graines-et-gazon/graines-de-fleurs/fleurs-annuelles/46687-reine-marguerite-merveille-des-naines-variee.html
4136-4136;565248;110;20170115;https://www.jardiland.com/plantes/graines-et-gazon/graines-de-fleurs/fleurs-annuelles/4136-pois-de-senteur-a-grande-fleur-spencer-varie.html
53783-53783;1311019;110;20170115;https://www.jardiland.com/plantes/graines-et-gazon/graines-de-fleurs/fleurs-annuelles/53783-nielle-des-bles.html
1044-1044;1253027;110;20170115;https://www.jardiland.com/plantes/graines-et-gazon/graines-de-fleurs/melange-mixte/1044-melange-pour-repousser-les-pucerons-8-me.html
964-964;1252970;110;20170115;https://www.jardiland.com/plantes/graines-et-gazon/graines-de-fleurs/melange-mixte/964-melange-massif-prairie-californienne-8-me.html
46767-46767;1252930;110;20170115;https://www.jardiland.com/plantes/graines-et-gazon/graines-de-fleurs/melange-mixte/46767-melange-massif-jardin-asiatique-8-me.html
969-969;1252980;110;20170115;https://www.jardiland.com/plantes/graines-et-gazon/graines-de-fleurs/melange-mixte/969-melange-massif-eclat-de-tendresse-8-me.html
53786-53786;1311012;110;20170115;https://www.jardiland.com/plantes/graines-et-gazon/graines-de-fleurs/melange-mixte/53786-melange-californien.html
4083-4083;565146;110;20170115;https://www.jardiland.com/plantes/graines-et-gazon/graines-de-fleurs/fleurs-annuelles/4083-malope-a-grandes-fleurs-variee.html
4710-4710;602906;110;20170115;https://www.jardiland.com/plantes/graines-et-gazon/graines-de-fleurs/fleurs-vivaces/4710-lupin-band-of-nobles-en-melange.html
54460-54460;874198;110;20170115;https://www.jardiland.com/plantes/graines-et-gazon/graines-de-fleurs/fleurs-annuelles/54460-ipomee-light-blue-star.html
46685-46685;1252007;110;20170115;https://www.jardiland.com/plantes/graines-et-gazon/graines-de-fleurs/fleurs-annuelles/46685-haricot-d-espagne-varie.html
42372-42372;1310993;110;20170115;https://www.jardiland.com/plantes/graines-et-gazon/graines-de-fleurs/fleurs-vivaces/42372-digitale-gant-de-notre-dame.html
5994-5994;565594;110;20170115;https://www.jardiland.com/plantes/graines-et-gazon/graines-de-fleurs/fleurs-annuelles/5994-cosmos-sensation-pinkie.html
4326-4326;565881;110;20170115;https://www.jardiland.com/plantes/graines-et-gazon/graines-de-fleurs/fleurs-annuelles/4326-cosmos-picotee.html
4328-4328;565883;110;20170115;https://www.jardiland.com/plantes/graines-et-gazon/graines-de-fleurs/fleurs-annuelles/4328-cosmos-nain-royal-blanc.html
53385-53385;878016;110;20170115;https://www.jardiland.com/plantes/graines-et-gazon/graines-de-fleurs/fleurs-annuelles/53385-chassis-metal-zinc-3-pots-fleurs.html
53403-53403;656371;110;20170115;https://www.jardiland.com/plantes/graines-et-gazon/graines-de-fleurs/fleurs-annuelles/53403-capucine-double-gleam-en-melange.html
53781-53781;1311022;110;20170115;https://www.jardiland.com/plantes/graines-et-gazon/graines-de-fleurs/fleurs-annuelles/53781-bleuet-blue-diadem.html
53419-53419;602874;110;20170115;https://www.jardiland.com/plantes/graines-et-gazon/graines-de-fleurs/fleurs-annuelles/53419-belle-de-jour-pavillon-bleu.html
3568-3568;564982;110;20170115;https://www.jardiland.com/plantes/graines-et-gazon/graines-de-fleurs/fleurs-vivaces/3568-ancolie-royal-geante-variee.html
4999-4999;682080;110;20170115;https://www.jardiland.com/plantes/graines-et-gazon/graines-potageres-et-aromatiques/tomates-piments-poivrons-aubergines/4999-tomate-saint-pierre.html
1516-1516;1307000;110;20170115;https://www.jardiland.com/plantes/graines-et-gazon/graines-potageres-et-aromatiques/tomates-piments-poivrons-aubergines/1516-tomate-noire-de-crimee-bio.html
813-813;1251880;110;20170115;https://www.jardiland.com/plantes/graines-et-gazon/graines-potageres-et-aromatiques/oignons/813-oignon-jaune-paille-des-vertus.html
743-743;1251755;110;20170115;https://www.jardiland.com/plantes/graines-et-gazon/graines-potageres-et-aromatiques/salades/743-chicoree-witloof-turbo-hybride-f1-1.html
53865-53865;1016399;110;20170115;https://www.jardiland.com/plantes/graines-et-gazon/graines-potageres-et-aromatiques/salades/53865-chicoree-witloof-bruxelles-format-economique.html
3825-3825;564075;110;20170115;https://www.jardiland.com/plantes/graines-et-gazon/graines-potageres-et-aromatiques/autres-graines-potageres/3825-celeri-geant-dore-ameliore.html
3822-3822;564066;110;20170115;https://www.jardiland.com/plantes/graines-et-gazon/graines-potageres-et-aromatiques/radis-navets-carottes-et-autres-racines/3822-carotte-primo-hybride-f1-1.html
53868-53868;1016396;110;20170115;https://www.jardiland.com/plantes/graines-et-gazon/graines-potageres-et-aromatiques/radis-navets-carottes-et-autres-racines/53868-betterave-jaune-geante-de-vauriac-formant-economique.html
56573-56573;1470901;110;20170115;https://www.jardiland.com/plantes/bulbes-et-pommes-de-terre/bulbes-a-fleurs/tulipe/56573-tulipes-simples-hatives-en-melange.html
56675-56675;1470794;110;20170115;https://www.jardiland.com/plantes/bulbes-et-pommes-de-terre/bulbes-a-fleurs/tulipe/56675-tulipe-double-hative-largo.html
56559-56559;1470915;110;20170115;https://www.jardiland.com/plantes/bulbes-et-pommes-de-terre/bulbes-a-fleurs/tulipe/56559-tulipe-botanique-greigii-chaperon-rouge.html
35262-12769;1396550;110;20170115;https://www.jardiland.com/plantes/bulbes-et-pommes-de-terre/bulbes-a-fleurs/jacinthe/35262-jacinthe-aiolos.html
5958-5958;1429632;110;20170115;https://www.jardiland.com/plantes/bulbes-et-pommes-de-terre/bulbes-a-fleurs/tulipe/5958-add-happiness-tulipe-triomphe-royal-virgin.html
36549-18862;602073;110;20170115;https://www.jardiland.com/plantes/potager-et-verger/fruitiers/vigne/36549-vigne-chasselas-rose.html
42079-18651;597304;110;20170115;https://www.jardiland.com/plantes/potager-et-verger/fruitiers/pommier/42079-pommier-reine-des-reinettes.html
36512-21677;653427;110;20170115;https://www.jardiland.com/plantes/potager-et-verger/fruitiers/myrtille/36512-myrtille-a-gros-fruits.html
36512-17653;593087;110;20170115;https://www.jardiland.com/plantes/potager-et-verger/fruitiers/myrtille/36512-myrtille-a-gros-fruits.html
36516-40471;997750;110;20170115;https://www.jardiland.com/plantes/potager-et-verger/fruitiers/myrtille/36516-myrtille-patriot.html
36501-25120;811133;110;20170115;https://www.jardiland.com/plantes/potager-et-verger/fruitiers/mure/36501-mure-framboise-tayberry.html
36502-43608;1001011;110;20170115;https://www.jardiland.com/plantes/potager-et-verger/fruitiers/mure/36502-mure.html
34535-25503;819921;110;20170115;https://www.jardiland.com/plantes/potager-et-verger/fruitiers/mandarinier/34535-mandarinier.html
34524-57621;719903;110;20170115;https://www.jardiland.com/plantes/potager-et-verger/fruitiers/kumquat/34524-kumquat-ovale.html
36471-22167;667834;110;20170115;https://www.jardiland.com/plantes/potager-et-verger/fruitiers/groseillier-a-grappes/36471-groseillier-a-grappes-rouge.html
36454-20256;626835;110;20170115;https://www.jardiland.com/plantes/potager-et-verger/fruitiers/framboisier/36454-framboisier-heritage.html
36454-17185;588027;110;20170115;https://www.jardiland.com/plantes/potager-et-verger/fruitiers/framboisier/36454-framboisier-heritage.html
34519-55904;1442157;110;20170115;https://www.jardiland.com/plantes/potager-et-verger/fruitiers/citronnier/34519-citronnier-meyer.html
36408-46986;1419542;110;20170115;https://www.jardiland.com/plantes/potager-et-verger/fruitiers/autres-fruitiers/36408-canneberge.html
34512-22746;686975;110;20170115;https://www.jardiland.com/plantes/potager-et-verger/fruitiers/calamondin/34512-calamondin.html
36492-15998;579593;110;20170115;https://www.jardiland.com/plantes/potager-et-verger/fruitiers/kiwi/36492-actinidia-deliciosa-hayward.html
33393-26456;847194;110;20170115;https://www.jardiland.com/plantes/potager-et-verger/plantes-aromatiques/lavande/33393-lavande-papillon-willow-vale.html
33948-16844;586412;110;20170115;https://www.jardiland.com/plantes/arbres-et-arbustes-d-ornement/coniferes/cypres-de-leyland/33948-x-cupressocyparis-leylandii.html
33965-24480;749382;110;20170115;https://www.jardiland.com/plantes/arbres-et-arbustes-d-ornement/coniferes/genevrier/33965-juniperus-scopulorum-blue-arrow.html
33974-54049;1021577;110;20170115;https://www.jardiland.com/plantes/arbres-et-arbustes-d-ornement/coniferes/genevrier/33974-juniperus-communis-sentinel.html
33973-16906;590139;110;20170115;https://www.jardiland.com/plantes/arbres-et-arbustes-d-ornement/coniferes/genevrier/33973-juniperus-communis-repanda.html
33928-8512;1273581;110;20170115;https://www.jardiland.com/plantes/arbres-et-arbustes-d-ornement/coniferes/chamaecyparis/33928-chamaecyparis-obtusa.html
33920-16212;584029;110;20170115;https://www.jardiland.com/plantes/arbres-et-arbustes-d-ornement/coniferes/chamaecyparis/33920-chamaecyparis-lawsoniana-alumigold.html
33895-44489;583380;110;20170115;https://www.jardiland.com/plantes/arbres-et-arbustes-d-ornement/coniferes/cedre/33895-cedrus-deodara.html
33820-38852;595314;110;20170115;https://www.jardiland.com/plantes/arbres-et-arbustes-d-ornement/bambous/phyllostachys/33820-bambou-phyllostachys-bissetii.html
33817-24396;750287;110;20170115;https://www.jardiland.com/plantes/arbres-et-arbustes-d-ornement/bambous/phyllostachys/33817-bambou-phyllostachys-aurea.html
33880-6232;1008378;110;20170115;https://www.jardiland.com/plantes/arbres-et-arbustes-d-ornement/buis-et-topiaires/photinia-en-topiaire/33880-photinia-x-fraseri-red-robin.html
33871-14320;1437252;110;20170115;https://www.jardiland.com/plantes/arbres-et-arbustes-d-ornement/buis-et-topiaires/houx-en-topiaire/33871-houx-crenele.html
33865-24136;749425;110;20170115;https://www.jardiland.com/plantes/arbres-et-arbustes-d-ornement/buis-et-topiaires/hibiscus-en-topiaire/33865-hibiscus-syriacus-lavender-chiffon-notwoodone-pbr.html
34459-6314;1009519;110;20170115;https://www.jardiland.com/plantes/arbres-et-arbustes-d-ornement/plantes-grimpantes/lierre/34459-lierre-goldchild.html
34438-19450;602481;110;20170115;https://www.jardiland.com/plantes/arbres-et-arbustes-d-ornement/plantes-grimpantes/glycine/34438-glycine-honbeni.html
34355-7513;1232430;110;20170115;https://www.jardiland.com/plantes/arbres-et-arbustes-d-ornement/plantes-grimpantes/chevrefeuille/34355-chevrefeuille-delavayi.html
41887-19701;608550;110;20170115;https://www.jardiland.com/plantes/arbres-et-arbustes-d-ornement/rosiers/rosiers-tiges-pleureurs/41887-rosier-red-dorothy-parkinsr-excelsa-polyantha.html
41843-9762;1313245;110;20170115;https://www.jardiland.com/plantes/arbres-et-arbustes-d-ornement/rosiers/rosiers-grimpants/41843-rosier-eric-tabarly-meidrason-grimpant-a-grandes-fleurs.html
41804-14611;1442393;110;20170115;https://www.jardiland.com/plantes/arbres-et-arbustes-d-ornement/rosiers/rosiers-couvre-sols/41804-rosier-decorosiersr-emerar-noatraum.html
41752-43575;1461700;110;20170115;https://www.jardiland.com/plantes/arbres-et-arbustes-d-ornement/rosiers/rosiers-buissons/41752-rosier-chartreuse-de-parmer-delviola-grandes-fleurs.html
34990-48977;1450801;110;20170115;https://www.jardiland.com/plantes/arbres-et-arbustes-d-ornement/rosiers/rosiers-grimpants/34990-rosier-amadeusr-korlabriax-ancien.html
34989-7774;1248491;110;20170115;https://www.jardiland.com/plantes/arbres-et-arbustes-d-ornement/rosiers/rosiers-grimpants/34989-rosier-neige-d-avril-ancien.html
41837-22119;664482;110;20170115;https://www.jardiland.com/plantes/arbres-et-arbustes-d-ornement/rosiers/rosiers-grimpants/41837-rosier-ghislaine-de-feligonde-ancien.html
34275-55208;595757;110;20170115;https://www.jardiland.com/plantes/arbres-et-arbustes-d-ornement/plantes-de-terre-de-bruyere/pieris/34275-pieris-japonica-bonfire.html
34245-6375;1010756;110;20170115;https://www.jardiland.com/plantes/arbres-et-arbustes-d-ornement/plantes-de-terre-de-bruyere/magnolia/34245-magnolia-grandiflora-galissonniere.html
41579-30654;993728;110;20170115;https://www.jardiland.com/plantes/arbres-et-arbustes-d-ornement/plantes-de-terre-de-bruyere/magnolia/41579-magnolia-grandiflora.html
34198-28456;908999;110;20170115;https://www.jardiland.com/plantes/arbres-et-arbustes-d-ornement/plantes-de-terre-de-bruyere/hortensia/34198-hortensia-paniculata-limelight-pbr.html
34208-17470;589616;110;20170115;https://www.jardiland.com/plantes/arbres-et-arbustes-d-ornement/plantes-de-terre-de-bruyere/hortensia/34208-hortensia-grimpant.html
34205-17369;589592;110;20170115;https://www.jardiland.com/plantes/arbres-et-arbustes-d-ornement/plantes-de-terre-de-bruyere/hortensia/34205-hortensia-a-feuilles-de-chene-snow-queen-flemygea.html
34127-7529;1243781;110;20170115;https://www.jardiland.com/plantes/arbres-et-arbustes-d-ornement/plantes-de-terre-de-bruyere/erable-du-japon/34127-erable-du-japon-osakazuki.html
34101-24620;753719;110;20170115;https://www.jardiland.com/plantes/arbres-et-arbustes-d-ornement/plantes-de-terre-de-bruyere/camelia/34101-camelia-du-japon.html
34101-16234;582050;110;20170115;https://www.jardiland.com/plantes/arbres-et-arbustes-d-ornement/plantes-de-terre-de-bruyere/camelia/34101-camelia-du-japon.html
34267-27706;878834;110;20170115;https://www.jardiland.com/plantes/arbres-et-arbustes-d-ornement/plantes-de-terre-de-bruyere/nandina/34267-bambou-sacre.html
34672-24737;804542;110;20170115;https://www.jardiland.com/plantes/arbres-et-arbustes-d-ornement/plantes-mediterraneennes/autres-plantes-mediterraneennes/34672-troene-du-japon-texanum.html
34747-26842;864527;110;20170115;https://www.jardiland.com/plantes/arbres-et-arbustes-d-ornement/plantes-mediterraneennes/autres-plantes-mediterraneennes/34747-sauge-royal-bumble.html
34799-18259;594957;110;20170115;https://www.jardiland.com/plantes/arbres-et-arbustes-d-ornement/plantes-mediterraneennes/palmiers/34799-phormium-jester.html
34846-56350;891581;110;20170115;https://www.jardiland.com/plantes/arbres-et-arbustes-d-ornement/plantes-mediterraneennes/palmiers/34846-palmier-nain-bleu-cerifera.html
34845-30835;986892;110;20170115;https://www.jardiland.com/plantes/arbres-et-arbustes-d-ornement/plantes-mediterraneennes/palmiers/34845-palmier-nain-vulcano.html
34803-39426;709796;110;20170115;https://www.jardiland.com/plantes/arbres-et-arbustes-d-ornement/plantes-mediterraneennes/palmiers/34803-palmier-nain.html
34794-18228;594879;110;20170115;https://www.jardiland.com/plantes/arbres-et-arbustes-d-ornement/plantes-mediterraneennes/palmiers/34794-palmier-dattier-des-canaries.html
34550-12299;1381601;110;20170115;https://www.jardiland.com/plantes/arbres-et-arbustes-d-ornement/plantes-mediterraneennes/autres-plantes-mediterraneennes/34550-mimosa-d-hiver-le-gaulois.html
34661-17705;591034;110;20170115;https://www.jardiland.com/plantes/arbres-et-arbustes-d-ornement/plantes-mediterraneennes/autres-plantes-mediterraneennes/34661-lilas-des-indes-souvenir-d-andre-desmartisr.html
34649-17597;590733;110;20170115;https://www.jardiland.com/plantes/arbres-et-arbustes-d-ornement/plantes-mediterraneennes/autres-plantes-mediterraneennes/34649-lilas-des-indes-jacqueline-desmartisr.html
34670-17727;591334;110;20170115;https://www.jardiland.com/plantes/arbres-et-arbustes-d-ornement/plantes-mediterraneennes/autres-plantes-mediterraneennes/34670-lilas-des-indes-violet.html
34642-44285;818457;110;20170115;https://www.jardiland.com/plantes/arbres-et-arbustes-d-ornement/plantes-mediterraneennes/autres-plantes-mediterraneennes/34642-lilas-des-indes-rose.html
34659-17675;590970;110;20170115;https://www.jardiland.com/plantes/arbres-et-arbustes-d-ornement/plantes-mediterraneennes/autres-plantes-mediterraneennes/34659-lilas-des-indes-red-imperator-r.html
45999-45258;832841;110;20170115;https://www.jardiland.com/plantes/arbres-et-arbustes-d-ornement/plantes-mediterraneennes/autres-plantes-mediterraneennes/45999-leptospermum.html
34557-14086;1427197;110;20170115;https://www.jardiland.com/plantes/arbres-et-arbustes-d-ornement/plantes-mediterraneennes/autres-plantes-mediterraneennes/34557-jasmin-du-cap-crown-jewel.html
34693-26843;864528;110;20170115;https://www.jardiland.com/plantes/arbres-et-arbustes-d-ornement/plantes-mediterraneennes/autres-plantes-mediterraneennes/34693-grenadier-maxima-rubra.html
41595-23199;698448;110;20170115;https://www.jardiland.com/plantes/arbres-et-arbustes-d-ornement/plantes-mediterraneennes/autres-plantes-mediterraneennes/41595-grenadier.html
34585-16030;579886;110;20170115;https://www.jardiland.com/plantes/arbres-et-arbustes-d-ornement/plantes-mediterraneennes/autres-plantes-mediterraneennes/34585-arbousier.html
33694-6436;1012823;110;20170115;https://www.jardiland.com/plantes/arbres-et-arbustes-d-ornement/arbres-et-arbustes/symphorine/33694-symphoricarpos-x-doorenbosii-magicalr-candy-kolmcan.html
33608-24617;753609;110;20170115;https://www.jardiland.com/plantes/arbres-et-arbustes-d-ornement/arbres-et-arbustes/robinier/33608-robinier-casque-rouge-pink-cascade.html
33582-59182;951578;110;20170115;https://www.jardiland.com/plantes/arbres-et-arbustes-d-ornement/arbres-et-arbustes/prunus/33582-prunus-serrulata-kanzan.html
33359-47063;597853;110;20170115;https://www.jardiland.com/plantes/arbres-et-arbustes-d-ornement/arbres-et-arbustes/laurier-palme/33359-prunus-laurocerasus.html
33556-23858;731020;110;20170115;https://www.jardiland.com/plantes/arbres-et-arbustes-d-ornement/arbres-et-arbustes/potentille/33556-potentilla-fruticosa-goldfinger.html
33553-50388;1456486;110;20170115;https://www.jardiland.com/plantes/arbres-et-arbustes-d-ornement/arbres-et-arbustes/potentille/33553-potentilla-fruticosa-abbotswood.html
33544-17923;592726;110;20170115;https://www.jardiland.com/plantes/arbres-et-arbustes-d-ornement/arbres-et-arbustes/pommier-d-ornement/33544-pommier-d-ornement-perpetur-evereste-pbr.html
33525-9052;1305758;110;20170115;https://www.jardiland.com/plantes/arbres-et-arbustes-d-ornement/arbres-et-arbustes/physocarpe/33525-physocarpus-opulifolius.html
33521-30713;977928;110;20170115;https://www.jardiland.com/plantes/arbres-et-arbustes-d-ornement/arbres-et-arbustes/photinia/33521-photinia-x-fraseri-pink-marbler-cassini.html
33514-11493;1369083;110;20170115;https://www.jardiland.com/plantes/arbres-et-arbustes-d-ornement/arbres-et-arbustes/photinia/33514-photinia-x-fraseri-pink-marbler-cassini.html
33510-26299;843316;110;20170115;https://www.jardiland.com/plantes/arbres-et-arbustes-d-ornement/arbres-et-arbustes/photinia/33510-photinia-x-fraseri-red-robin.html
33651-17990;594819;110;20170115;https://www.jardiland.com/plantes/arbres-et-arbustes-d-ornement/arbres-et-arbustes/seringat/33651-philadelphus-virginalis-minnesota-snowflake.html
33502-18141;594329;110;20170115;https://www.jardiland.com/plantes/arbres-et-arbustes-d-ornement/arbres-et-arbustes/parrotie/33502-parrotie-de-perse.html
33493-21527;650807;110;20170115;https://www.jardiland.com/plantes/arbres-et-arbustes-d-ornement/arbres-et-arbustes/orme/33493-orme-lutecer-nanguen.html
33485-16558;584708;110;20170115;https://www.jardiland.com/plantes/arbres-et-arbustes-d-ornement/arbres-et-arbustes/oranger-du-mexique/33485-oranger-du-mexique-sundancer.html
33490-10472;1348942;110;20170115;https://www.jardiland.com/plantes/arbres-et-arbustes-d-ornement/arbres-et-arbustes/oranger-du-mexique/33490-oranger-du-mexique-white-dazzler.html
33488-16575;584749;110;20170115;https://www.jardiland.com/plantes/arbres-et-arbustes-d-ornement/arbres-et-arbustes/oranger-du-mexique/33488-oranger-du-mexique.html
33474-8394;1283722;110;20170115;https://www.jardiland.com/plantes/arbres-et-arbustes-d-ornement/arbres-et-arbustes/murier/33474-murier-fruitless-sterile.html
33457-17911;592652;110;20170115;https://www.jardiland.com/plantes/arbres-et-arbustes-d-ornement/arbres-et-arbustes/mahonia/33457-mahonia-x-media-charity.html
33446-23799;723073;110;20170115;https://www.jardiland.com/plantes/arbres-et-arbustes-d-ornement/arbres-et-arbustes/lonicera/33446-lonicera-nitida.html
33449-25761;826804;110;20170115;https://www.jardiland.com/plantes/arbres-et-arbustes-d-ornement/arbres-et-arbustes/lonicera/33449-lonicera-fragrantissima.html
33403-17681;591576;110;20170115;https://www.jardiland.com/plantes/arbres-et-arbustes-d-ornement/arbres-et-arbustes/lavatere/33403-lavatera-rosea.html
33357-22199;669802;110;20170115;https://www.jardiland.com/plantes/arbres-et-arbustes-d-ornement/arbres-et-arbustes/kolkwitzia/33357-kolkwitzia-amabilis.html
33227-21273;642780;110;20170115;https://www.jardiland.com/plantes/arbres-et-arbustes-d-ornement/arbres-et-arbustes/forsythia/33227-forsythia-lynwood.html
33224-27517;875879;110;20170115;https://www.jardiland.com/plantes/arbres-et-arbustes-d-ornement/arbres-et-arbustes/exochorda/33224-exochorda-x-macrantha.html
33261-17115;587628;110;20170115;https://www.jardiland.com/plantes/arbres-et-arbustes-d-ornement/arbres-et-arbustes/fusain/33261-euonymus-japonicus-president-gauthier.html
33268-13828;1429725;110;20170115;https://www.jardiland.com/plantes/arbres-et-arbustes-d-ornement/arbres-et-arbustes/fusain/33268-euonymus-japonicus-microphyllus-albovariegatus.html
33258-27614;877063;110;20170115;https://www.jardiland.com/plantes/arbres-et-arbustes-d-ornement/arbres-et-arbustes/fusain/33258-euonymus-japonicus-louisette.html
33263-16833;587651;110;20170115;https://www.jardiland.com/plantes/arbres-et-arbustes-d-ornement/arbres-et-arbustes/fusain/33263-euonymus-japonicus.html
33247-49298;1284433;110;20170115;https://www.jardiland.com/plantes/arbres-et-arbustes-d-ornement/arbres-et-arbustes/fusain/33247-euonymus-fortunei-harlequin.html
33245-25746;828547;110;20170115;https://www.jardiland.com/plantes/arbres-et-arbustes-d-ornement/arbres-et-arbustes/fusain/33245-euonymus-fortunei-emerald-gaiety.html
33242-13923;1420340;110;20170115;https://www.jardiland.com/plantes/arbres-et-arbustes-d-ornement/arbres-et-arbustes/fusain/33242-euonymus-europaeus.html
40556-25725;828543;110;20170115;https://www.jardiland.com/plantes/arbres-et-arbustes-d-ornement/arbres-et-arbustes/fusain/40556-euonymus-alatus-compactus.html
33193-15949;579107;110;20170115;https://www.jardiland.com/plantes/arbres-et-arbustes-d-ornement/arbres-et-arbustes/erable/33193-erable-de-freeman-autumn-blazer.html
33173-43071;805623;110;20170115;https://www.jardiland.com/plantes/arbres-et-arbustes-d-ornement/arbres-et-arbustes/elaeagnus/33173-elaeagnus-x-ebbingei.html
33165-24284;742348;110;20170115;https://www.jardiland.com/plantes/arbres-et-arbustes-d-ornement/arbres-et-arbustes/deutzia/33165-deutzia-x-magnifica.html
33161-21463;648722;110;20170115;https://www.jardiland.com/plantes/arbres-et-arbustes-d-ornement/arbres-et-arbustes/deutzia/33161-deutzia-gracilis-nikko.html
33158-17587;590615;110;20170115;https://www.jardiland.com/plantes/arbres-et-arbustes-d-ornement/arbres-et-arbustes/cytise/33158-cytise-vossii.html
33145-16750;586115;110;20170115;https://www.jardiland.com/plantes/arbres-et-arbustes-d-ornement/arbres-et-arbustes/cotoneaster/33145-cotoneaster-de-franchet.html
33143-54197;1374025;110;20170115;https://www.jardiland.com/plantes/arbres-et-arbustes-d-ornement/arbres-et-arbustes/cotoneaster/33143-cotoneaster-dammeri-major-var-radicans.html
33137-16698;585858;110;20170115;https://www.jardiland.com/plantes/arbres-et-arbustes-d-ornement/arbres-et-arbustes/cornouiller/33137-cornouiller-a-bois-jaune-flaviramea.html
33137-16696;585853;110;20170115;https://www.jardiland.com/plantes/arbres-et-arbustes-d-ornement/arbres-et-arbustes/cornouiller/33137-cornouiller-a-bois-jaune-flaviramea.html
33098-16441;583901;110;20170115;https://www.jardiland.com/plantes/arbres-et-arbustes-d-ornement/arbres-et-arbustes/cognassier-du-japon/33098-cognassier-a-fleurs.html
32976-12902;1399059;110;20170115;https://www.jardiland.com/plantes/arbres-et-arbustes-d-ornement/arbres-et-arbustes/autres-arbres-et-arbustes/32976-clethra-alnifolia-pink-spire.html
33487-21063;636144;110;20170115;https://www.jardiland.com/plantes/arbres-et-arbustes-d-ornement/arbres-et-arbustes/oranger-du-mexique/33487-choisya-aztec-pearl.html
33079-16240;582888;110;20170115;https://www.jardiland.com/plantes/arbres-et-arbustes-d-ornement/arbres-et-arbustes/charme/33079-charme-commun.html
33068-16355;583132;110;20170115;https://www.jardiland.com/plantes/arbres-et-arbustes-d-ornement/arbres-et-arbustes/ceanothe/33068-ceanothus-x-delilianus-henri-defosse.html
33067-16350;583123;110;20170115;https://www.jardiland.com/plantes/arbres-et-arbustes-d-ornement/arbres-et-arbustes/ceanothe/33067-ceanothus-x-delilianus-gloire-de-versailles.html
33075-19732;609055;110;20170115;https://www.jardiland.com/plantes/arbres-et-arbustes-d-ornement/arbres-et-arbustes/ceanothe/33075-ceanothus-thyrsiflorus-skylark.html
33042-16192;581876;110;20170115;https://www.jardiland.com/plantes/arbres-et-arbustes-d-ornement/arbres-et-arbustes/callicarpa/33042-callicarpe-de-bodinier-profusion.html
33002-16096;581043;110;20170115;https://www.jardiland.com/plantes/arbres-et-arbustes-d-ornement/arbres-et-arbustes/berberis/33002-berberis-thunbergii-atropurpurea.html
33018-30848;987111;110;20170115;https://www.jardiland.com/plantes/arbres-et-arbustes-d-ornement/arbres-et-arbustes/berberis/33018-berberis-thunbergii-admiration-pbr.html
32953-27745;884511;110;20170115;https://www.jardiland.com/plantes/arbres-et-arbustes-d-ornement/arbres-et-arbustes/arbre-de-judee/32953-arbre-de-judee.html
41517-15864;578654;110;20170115;https://www.jardiland.com/plantes/arbres-et-arbustes-d-ornement/arbres-et-arbustes/abelia/41517-abelia-x-grandiflora-sherwood.html
32922-11314;1364976;110;20170115;https://www.jardiland.com/plantes/arbres-et-arbustes-d-ornement/arbres-et-arbustes/abelia/32922-abelia-x-grandiflora-sarabande.html
32925-15835;578614;110;20170115;https://www.jardiland.com/plantes/arbres-et-arbustes-d-ornement/arbres-et-arbustes/abelia/32925-abelia-x-grandiflora-hopleys-pbr.html
32929-15844;578635;110;20170115;https://www.jardiland.com/plantes/arbres-et-arbustes-d-ornement/arbres-et-arbustes/abelia/32929-abelia-a-grandes-fleurs.html
