ID_WEB;ID_JDN;CODEMAG;DATE_ASPI;URLPRODUIT
41142-41142;1426657;86;20170113;https://www.jardiland.com/maison-deco/epicerie-fine/epicerie-sucree/coffret-et-autres/41142-tablette-de-chocolat-scintillante.html
41131-41131;1426646;86;20170113;https://www.jardiland.com/maison-deco/epicerie-fine/epicerie-sucree/coffret-et-autres/41131-tablette-de-chocolat-nostalgie-de-noel.html
41136-41136;1426652;86;20170113;https://www.jardiland.com/maison-deco/epicerie-fine/epicerie-sucree/coffret-et-autres/41136-boite-de-chocolat-deco-noel-scintillante.html
41150-41150;1426666;86;20170113;https://www.jardiland.com/maison-deco/epicerie-fine/epicerie-sucree/coffret-et-autres/41150-10-mini-chocolat-nostalgie-de-noel.html
52804-52804;1383774;86;20170113;https://www.jardiland.com/maison-deco/art-de-la-table/vaisselle/theiere/52804-theiere-fleurs.html
52834-52834;1361983;86;20170113;https://www.jardiland.com/maison-deco/art-de-la-table/vaisselle/plateau-presentoir-et-set/52834-presentoir-petit-dejeuner-felleries.html
52805-52805;1383764;86;20170113;https://www.jardiland.com/maison-deco/art-de-la-table/vaisselle/plat-de-service/52805-plat-aperitif-3-compartiments.html
2613-2613;1408239;86;20170113;https://www.jardiland.com/maison-deco/art-de-la-table/vaisselle/plateau-presentoir-et-set/2613-plat-a-gateaux-dentelle-en-metal-blanc-o-25-cm.html
1904-1904;1327059;86;20170113;https://www.jardiland.com/maison-deco/art-de-la-table/vaisselle/vaisselle-decoree/1904-petite-assiette-en-verre-o-15-cm.html
41089-41089;1427658;86;20170113;https://www.jardiland.com/maison-deco/art-de-la-table/vaisselle/coffret-cadeau/41089-coffret-tea-time.html
52803-52803;1383775;86;20170113;https://www.jardiland.com/maison-deco/art-de-la-table/vaisselle/plateau-presentoir-et-set/52803-coffret-2-tasses-fleurs.html
1903-1903;1327043;86;20170113;https://www.jardiland.com/maison-deco/art-de-la-table/vaisselle/vaisselle-decoree/1903-assiette-en-verre-o-18-cm.html
32867-12076;1394016;86;20170113;https://www.jardiland.com/maison-deco/cache-pot-d-interieur/cache-pot-simple/cache-pot-aimante/32867-pot-aimante-cylindrique-kalamitica.html
32867-11363;1394018;86;20170113;https://www.jardiland.com/maison-deco/cache-pot-d-interieur/cache-pot-simple/cache-pot-aimante/32867-pot-aimante-cylindrique-kalamitica.html
32866-10527;1349960;86;20170113;https://www.jardiland.com/maison-deco/cache-pot-d-interieur/cache-pot-simple/cache-pot-aimante/32866-pot-aimante-cube-kalamitica.html
36829-36829;1432350;86;20170113;https://www.jardiland.com/maison-deco/mobilier-d-interieur/36829-table-2-tabouret-en-mosaique-et-metal-loren-gris.html
2584-2584;1394824;86;20170113;https://www.jardiland.com/maison-deco/mobilier-d-interieur/2584-salon-de-jardin-2-fauteuils-1-table-basse.html
52709-52709;1432927;86;20170113;https://www.jardiland.com/maison-deco/mobilier-d-interieur/52709-chaise-pliante.html
58734-58615;1454995;86;20170113;https://www.jardiland.com/maison-deco/objets-de-decoration/autres-objets-de-decoration/paillasson-et-tapis/58734-tapis-en-coton-180-240-cm.html
1909-1909;1327268;86;20170113;https://www.jardiland.com/maison-deco/objets-de-decoration/autres-objets-de-decoration/plateau-et-serviteur/1909-plateau-decoratif-felina-o-37-cm.html
52719-52719;1432915;86;20170113;https://www.jardiland.com/maison-deco/objets-de-decoration/autres-objets-de-decoration/autres-objets-de-decoration/52719-planter-chute-marron.html
1708-1708;1359255;86;20170113;https://www.jardiland.com/maison-deco/objets-de-decoration/autres-objets-de-decoration/autres-objets-de-decoration/1708-cache-pot-robinet.html
56708-56708;1458377;86;20170113;https://www.jardiland.com/maison-deco/objets-de-decoration/autres-objets-de-decoration/autres-objets-de-decoration/56708-arrosoir-animaux-de-la-ferme.html
58503-58503;1454320;86;20170113;https://www.jardiland.com/maison-deco/objets-de-decoration/figurines-et-peluches/figurine/58503-renard-en-ceramique-a-poser.html
36839-36839;1333805;86;20170113;https://www.jardiland.com/maison-deco/objets-de-decoration/figurines-et-peluches/peluche/36839-ours-en-peluche-avec-echarpe.html
50282-50282;1367639;86;20170113;https://www.jardiland.com/maison-deco/objets-de-decoration/rangement-boites-et-paniers/coffret-et-boite-de-rangement/50282-trousse-de-toilette-rouge-a-pois.html
50283-50283;1367635;86;20170113;https://www.jardiland.com/maison-deco/objets-de-decoration/rangement-boites-et-paniers/coffret-et-boite-de-rangement/50283-sac-de-voyage-cabine.html
50207-50207;1415441;86;20170113;https://www.jardiland.com/maison-deco/objets-de-decoration/rangement-boites-et-paniers/coffret-et-boite-de-rangement/50207-parapluie-noir-a-pois.html
1682-1682;1395710;86;20170113;https://www.jardiland.com/maison-deco/objets-de-decoration/rangement-boites-et-paniers/coffret-et-boite-de-rangement/1682-boite-en-bois-felina-l-22-cm.html
3236-3236;1414710;86;20170113;https://www.jardiland.com/maison-deco/objets-de-decoration/plantes-artificielles/bouquet-et-composition/3236-poinsettia-bouquet-creme-21-cm.html
2466-2466;1384279;86;20170113;https://www.jardiland.com/maison-deco/objets-de-decoration/plantes-artificielles/bouquet-et-composition/2466-orchidee-glacee-blanche-23-cm.html
653-653;1298589;86;20170113;https://www.jardiland.com/maison-deco/objets-de-decoration/plantes-artificielles/plante-et-fleur/653-glycine-bleue-artificielle-en-pot.html
1124-1124;1255973;86;20170113;https://www.jardiland.com/maison-deco/objets-de-decoration/plantes-artificielles/plante-et-fleur/1124-dahlia-orange-artificiel-en-pot.html
1126-1126;1255996;86;20170113;https://www.jardiland.com/maison-deco/objets-de-decoration/plantes-artificielles/plante-et-fleur/1126-dahlia-jaune-artificiel-en-pot.html
1920-1920;1328030;86;20170113;https://www.jardiland.com/maison-deco/objets-de-decoration/plantes-artificielles/plante-et-fleur/1920-aloe-vera-artificiel-en-pot.html
36865-36865;1433034;86;20170113;https://www.jardiland.com/maison-deco/objets-de-decoration/vases-coupes-et-accessoires/pot-et-coupe/36865-vase-bi-colore-jaune-et-beton-he-23-cm.html
52750-52750;1396610;86;20170113;https://www.jardiland.com/maison-deco/objets-de-decoration/vases-coupes-et-accessoires/pot-et-coupe/52750-pot-rond-vera.html
3330-3330;1414598;86;20170113;https://www.jardiland.com/maison-deco/objets-de-decoration/vases-coupes-et-accessoires/pot-et-coupe/3330-photophore-cuivre-he-17-cm.html
51569-51569;1417075;86;20170113;https://www.jardiland.com/maison-deco/objets-de-decoration/vases-coupes-et-accessoires/pot-et-coupe/51569-jardiniere-botanicae.html
3353-3353;1414622;86;20170113;https://www.jardiland.com/maison-deco/objets-de-decoration/vases-coupes-et-accessoires/pot-et-coupe/3353-bouteille-vera-blanc-casse-o-21-x-ho-45-cm.html
14144-14144;1429472;86;20170113;https://www.jardiland.com/maison-deco/objets-de-decoration/bougies-et-senteurs/support-et-accessoires/14144-table-en-aluminium-naples-200-300cm.html
32918-14541;1441600;86;20170113;https://www.jardiland.com/maison-deco/objets-de-decoration/bougies-et-senteurs/parfum-d-ambiance-diffuseur-a-froid/32918-parfum-goatier-cocoon.html
32916-10309;1345623;86;20170113;https://www.jardiland.com/maison-deco/objets-de-decoration/bougies-et-senteurs/diffuseur-de-parfum-et-recharge/32916-lampe-berger-sweet-bubble.html
58443-58443;1455078;86;20170113;https://www.jardiland.com/maison-deco/objets-de-decoration/bougeoirs-photophores-et-lanternes/bougeoir-et-photophore-deco/58443-photophore-noir-et-cuivre-11-12-cm.html
52717-52717;1432919;86;20170113;https://www.jardiland.com/maison-deco/objets-de-decoration/bougeoirs-photophores-et-lanternes/lanterne/52717-photophore-jaune.html
58541-58541;1453827;86;20170113;https://www.jardiland.com/maison-deco/objets-de-decoration/bougeoirs-photophores-et-lanternes/bougeoir-et-photophore-deco/58541-photophore-gris-en-metal-10-10-20-cm.html
2665-2665;1408266;86;20170113;https://www.jardiland.com/maison-deco/objets-de-decoration/bougeoirs-photophores-et-lanternes/lanterne/2665-lanterne-ronde-noir-et-cuivre-o-28-cm.html
58537-58537;1453854;86;20170113;https://www.jardiland.com/maison-deco/objets-de-decoration/bougeoirs-photophores-et-lanternes/lanterne/58537-lanterne-noire-en-metal-18-18-30-cm.html
58236-58236;1455056;86;20170113;https://www.jardiland.com/maison-deco/objets-de-decoration/bougeoirs-photophores-et-lanternes/lanterne/58236-lanterne-metal-ajoure-he-28-cm.html
58475-58475;1455030;86;20170113;https://www.jardiland.com/maison-deco/objets-de-decoration/bougeoirs-photophores-et-lanternes/lanterne/58475-lanterne-en-metal-noir-et-or-o-30-h-46-cm.html
1914-1914;1327405;86;20170113;https://www.jardiland.com/maison-deco/objets-de-decoration/bougeoirs-photophores-et-lanternes/bougeoir-et-photophore-deco/1914-chandelier-victoria-h-105-cm.html
5081-5081;729458;86;20170113;https://www.jardiland.com/animaux/oiseau/hygiene-et-soins/soin-de-l-animal/5081-baignoire-d-exterieure-molitor.html
5125-5125;742934;86;20170113;https://www.jardiland.com/animaux/oiseau/cages-volieres-et-accessoires/equipement-de-cage-et-voliere/5125-porte-biscuit.html
4746-4746;607092;86;20170113;https://www.jardiland.com/animaux/oiseau/cages-volieres-et-accessoires/abreuvoir-et-mangeoire/4746-fontaine-pour-oiseaux-siphon.html
43353-53085;538454;86;20170113;https://www.jardiland.com/animaux/oiseau/alimentation-et-friandises/friandise/43353-kracker-australi-g-perruche-x2-1.html
43352-42759;538451;86;20170113;https://www.jardiland.com/animaux/oiseau/alimentation-et-friandises/friandise/43352-baguette-kracker-canari-x3-1.html
43352-42755;538441;86;20170113;https://www.jardiland.com/animaux/oiseau/alimentation-et-friandises/friandise/43352-baguette-kracker-canari-x3-1.html
42192-42192;538442;86;20170113;https://www.jardiland.com/animaux/oiseau/alimentation-et-friandises/friandise/42192-baguette-kracker-canari-x2-color.html
43351-53032;538444;86;20170113;https://www.jardiland.com/animaux/oiseau/alimentation-et-friandises/friandise/43351-baguette-kracker-canari-x2-1.html
43351-42758;538449;86;20170113;https://www.jardiland.com/animaux/oiseau/alimentation-et-friandises/friandise/43351-baguette-kracker-canari-x2-1.html
43351-42754;538484;86;20170113;https://www.jardiland.com/animaux/oiseau/alimentation-et-friandises/friandise/43351-baguette-kracker-canari-x2-1.html
32494-29876;957351;86;20170113;https://www.jardiland.com/animaux/poisson/materiel-chauffage-filtres-et-pompes/filtre-exterieur/32494-ventouse-crochet-x4-1.html
53608-53608;1464013;86;20170113;https://www.jardiland.com/animaux/poisson/materiel-chauffage-filtres-et-pompes/filtre-exterieur/53608-tuyau-pvc-pour-filtration-2-5-m.html
32488-27505;875399;86;20170113;https://www.jardiland.com/animaux/poisson/materiel-chauffage-filtres-et-pompes/eclairage/32488-tube-high-lite-day.html
32488-27198;875396;86;20170113;https://www.jardiland.com/animaux/poisson/materiel-chauffage-filtres-et-pompes/eclairage/32488-tube-high-lite-day.html
32487-26740;857848;86;20170113;https://www.jardiland.com/animaux/poisson/materiel-chauffage-filtres-et-pompes/eclairage/32487-tube-high-lite-colour.html
32475-9798;1314975;86;20170113;https://www.jardiland.com/animaux/poisson/materiel-chauffage-filtres-et-pompes/aeration/32475-pompe-a-air-newair.html
5594-5594;927409;86;20170113;https://www.jardiland.com/animaux/poisson/materiel-chauffage-filtres-et-pompes/masse-de-filtration/5594-jbl-clearmec.html
32434-13286;1403882;86;20170113;https://www.jardiland.com/animaux/poisson/decoration-pour-aquarium/sable-et-autres-graviers/32434-sable-aquasand.html
32406-9663;1307207;86;20170113;https://www.jardiland.com/animaux/poisson/decoration-pour-aquarium/decoration-d-aquarium/32406-decoration-pour-aquarium-amphore-elephant.html
32421-9596;1304965;86;20170113;https://www.jardiland.com/animaux/poisson/decoration-pour-aquarium/plante-artificielle/32421-decor-pour-aquarium-salicorne.html
32423-12377;1386361;86;20170113;https://www.jardiland.com/animaux/poisson/decoration-pour-aquarium/plante-artificielle/32423-decor-pour-aquarium-herbe-algue.html
504-504;1244187;86;20170113;https://www.jardiland.com/animaux/poisson/decoration-pour-aquarium/plante-artificielle/504-decor-pour-aquarium-fond-de-decor.html
98-98;1014827;86;20170113;https://www.jardiland.com/animaux/poisson/decoration-pour-aquarium/plante-artificielle/98-decor-pour-aquarium-feuillage-2-brins.html
32427-12389;1386382;86;20170113;https://www.jardiland.com/animaux/poisson/decoration-pour-aquarium/plante-artificielle/32427-decor-pour-aquarium-euca.html
50792-41431;543362;86;20170113;https://www.jardiland.com/animaux/poisson/aquariums/meuble-pour-aquarium/50792-meuble-rio-300-1.html
50790-41479;737531;86;20170113;https://www.jardiland.com/animaux/poisson/aquariums/meuble-pour-aquarium/50790-meuble-lido-120-1.html
50787-41428;543319;86;20170113;https://www.jardiland.com/animaux/poisson/aquariums/aquarium-pour-poisson-d-eau-chaude/50787-aquarium-rio-180-l.html
50788-41256;1250305;86;20170113;https://www.jardiland.com/animaux/poisson/aquariums/aquarium-pour-poisson-d-eau-chaude/50788-aquarium-lido-120-l.html
5397-5397;922818;86;20170113;https://www.jardiland.com/animaux/poisson/aquariums/aquarium-pour-poisson-d-eau-chaude/5397-aquarium-carribean-aluminium-80-cm.html
1137-1137;1256396;86;20170113;https://www.jardiland.com/animaux/poisson/alimentation/pour-poisson-d-eau-chaude/1137-api-guppy-flocons.html
40877-40877;1319535;86;20170113;https://www.jardiland.com/animaux/basse-cour/poulaillers-clapiers-et-accessoires/equipement/40877-couveuse-12-oeufs-mini-eco.html
52627-52627;1448403;86;20170113;https://www.jardiland.com/animaux/basse-cour/poulaillers-clapiers-et-accessoires/mangeoire-et-abreuvoir/52627-abreuvoir-a-baionnette-vert-5-l.html
52634-52634;1448396;86;20170113;https://www.jardiland.com/animaux/basse-cour/poulaillers-clapiers-et-accessoires/mangeoire-et-abreuvoir/52634-abreuvoir-a-baionnette-avec-pieds-vert-8-l.html
52632-52632;1448398;86;20170113;https://www.jardiland.com/animaux/basse-cour/poulaillers-clapiers-et-accessoires/mangeoire-et-abreuvoir/52632-abreuvoir-a-baionnette-8-l-vert.html
56773-56773;1437534;86;20170113;https://www.jardiland.com/animaux/basse-cour/aliments/complement-nutritionnel/56773-vers-de-farine-deshydrates.html
3682-3682;543031;86;20170113;https://www.jardiland.com/animaux/chat/soins-antiparasitaires/vermifuge/3682-vermi-chat.html
31809-11906;1374716;86;20170113;https://www.jardiland.com/animaux/chat/colliers-laisses-et-harnais/laisse/31809-laisse-pour-chat-lame.html
60-60;1244235;86;20170113;https://www.jardiland.com/animaux/chat/colliers-laisses-et-harnais/collier/60-collier-pour-chat-seventies.html
31816-11809;1373127;86;20170113;https://www.jardiland.com/animaux/chat/coussins-et-paniers-de-transport/sac-et-panier-de-transport-pour-chat/31816-panier-de-transport-linus-cabrio.html
1479-1479;1305395;86;20170113;https://www.jardiland.com/animaux/chat/coussins-et-paniers-de-transport/chatiere/1479-collier-supplementaire-infrarouge-pour-chatiere-500sgifde.html
1484-1484;1305401;86;20170113;https://www.jardiland.com/animaux/chat/coussins-et-paniers-de-transport/chatiere/1484-collier-supplementaire-infrarouge-pour-chatiere-500sgifd.html
467-467;1248167;86;20170113;https://www.jardiland.com/animaux/chat/jeux-et-jouets/467-mix-safari-avec-grelot.html
46559-46559;1444961;86;20170113;https://www.jardiland.com/animaux/chat/jeux-et-jouets/46559-jouet-pour-chat-peluche-coq.html
48888-48752;1374752;86;20170113;https://www.jardiland.com/animaux/chat/jeux-et-jouets/48888-jouet-pour-chat-balle-plume.html
46098-44157;1437312;86;20170113;https://www.jardiland.com/animaux/chat/hygiene-soins-et-litieres/bac-a-litiere-et-maison-de-toilette/46098-maison-de-toilette-nestor-twilight.html
42163-42163;1416387;86;20170113;https://www.jardiland.com/animaux/chat/hygiene-soins-et-litieres/litiere/42163-litiere-compact-supra-10-l.html
50800-41425;542463;86;20170113;https://www.jardiland.com/animaux/chat/alimentation-et-friandises/croquette-pour-chat/50800-royal-canin-feline-kitten-36-1.html
1801-1801;1336276;86;20170113;https://www.jardiland.com/animaux/chien/hygiene-et-soins/soin-de-toilettage/1801-shampooing-poils-blancs-clairs-pour-chien.html
32122-26278;842298;86;20170113;https://www.jardiland.com/animaux/chien/colliers-laisses-et-vetements/pull-pour-chien/32122-pull-basic-pour-chien.html
32076-37859;1245724;86;20170113;https://www.jardiland.com/animaux/chien/colliers-laisses-et-vetements/laisse-pour-chien/32076-laisse-enrouleur-wouapy-roll.html
32103-55448;743670;86;20170113;https://www.jardiland.com/animaux/chien/colliers-laisses-et-vetements/manteau-pour-chien/32103-imper-basic-pour-chien.html
32103-24323;743677;86;20170113;https://www.jardiland.com/animaux/chien/colliers-laisses-et-vetements/manteau-pour-chien/32103-imper-basic-pour-chien.html
32103-24322;743676;86;20170113;https://www.jardiland.com/animaux/chien/colliers-laisses-et-vetements/manteau-pour-chien/32103-imper-basic-pour-chien.html
32103-24312;743659;86;20170113;https://www.jardiland.com/animaux/chien/colliers-laisses-et-vetements/manteau-pour-chien/32103-imper-basic-pour-chien.html
32103-23866;743666;86;20170113;https://www.jardiland.com/animaux/chien/colliers-laisses-et-vetements/manteau-pour-chien/32103-imper-basic-pour-chien.html
32110-12577;1394653;86;20170113;https://www.jardiland.com/animaux/chien/colliers-laisses-et-vetements/manteau-pour-chien/32110-doudoune-pour-chien.html
32017-7493;1256516;86;20170113;https://www.jardiland.com/animaux/chien/colliers-laisses-et-vetements/collier-pour-chien/32017-collier-pour-chien-strass.html
2900-2900;1403703;86;20170113;https://www.jardiland.com/animaux/chien/jeux-et-jouets/jouet-en-caoutchouc-et-latex/2900-jouet-pour-chien-dental-balle.html
1959-1959;1338345;86;20170113;https://www.jardiland.com/animaux/chien/jeux-et-jouets/autres-jouets/1959-jouet-pour-chien-cuisse-de-poulet.html
32179-11861;1374144;86;20170113;https://www.jardiland.com/animaux/chien/jeux-et-jouets/corde/32179-jouet-pour-chien-corde-os.html
32183-11562;1374156;86;20170113;https://www.jardiland.com/animaux/chien/jeux-et-jouets/corde/32183-jouet-pour-chien-corde-oiseau.html
51552-51552;1434806;86;20170113;https://www.jardiland.com/animaux/chien/jeux-et-jouets/peluche/51552-jouet-plush-bulldog.html
50793-41488;920572;86;20170113;https://www.jardiland.com/animaux/chien/jeux-et-jouets/corde/50793-balle-en-corde-us-navy.html
50850-41345;1404167;86;20170113;https://www.jardiland.com/animaux/chien/niches-couchage-et-transport/panier-et-sac-de-transport/50850-panier-de-transport-carry-sport.html
32244-8331;1263230;86;20170113;https://www.jardiland.com/animaux/chien/niches-couchage-et-transport/tapis/32244-coussin-plat-kilt-rouge.html
32244-8329;1263223;86;20170113;https://www.jardiland.com/animaux/chien/niches-couchage-et-transport/tapis/32244-coussin-plat-kilt-rouge.html
32225-10620;1350464;86;20170113;https://www.jardiland.com/animaux/chien/niches-couchage-et-transport/coussin-et-matelas/32225-coussin-plat-feria-bleu.html
50903-41354;1402295;86;20170113;https://www.jardiland.com/animaux/chien/niches-couchage-et-transport/corbeille/50903-corbeille-pour-chien-petra.html
32215-22010;660312;86;20170113;https://www.jardiland.com/animaux/chien/niches-couchage-et-transport/corbeille/32215-corbeille-club-kilt.html
32215-22007;660309;86;20170113;https://www.jardiland.com/animaux/chien/niches-couchage-et-transport/corbeille/32215-corbeille-club-kilt.html
64655-64655;1464444;86;20170113;https://www.jardiland.com/animaux/chien/gamelles-ecuelles-et-distributeurs/gamelle-et-ecuelle/64655-gamelle-melaminee-gris-pour-chiens-350-ml.html
31904-41458;1300228;86;20170113;https://www.jardiland.com/animaux/chien/alimentation-et-friandises/croquette-pour-chien/31904-royal-canin-maxi-junior.html
31917-41422;539479;86;20170113;https://www.jardiland.com/animaux/chien/alimentation-et-friandises/croquette-pour-chien/31917-royal-canin-giant-adult.html
31990-6737;1209694;86;20170113;https://www.jardiland.com/animaux/chien/alimentation-et-friandises/os-a-macher/31990-os-presses.html
5264-5264;824595;86;20170113;https://www.jardiland.com/animaux/chien/alimentation-et-friandises/os-a-macher/5264-os-presse-porks-x2-11e5-cm.html
52887-52887;1209410;86;20170113;https://www.jardiland.com/animaux/chien/alimentation-et-friandises/os-a-macher/52887-os-presse-fluor-21cm-x-1-1.html
52463-52185;1209402;86;20170113;https://www.jardiland.com/animaux/chien/alimentation-et-friandises/os-a-macher/52463-os-presse.html
31984-7072;1209687;86;20170113;https://www.jardiland.com/animaux/chien/alimentation-et-friandises/friandise-bucco-dentaire/31984-os-au-fluor.html
31982-15096;539791;86;20170113;https://www.jardiland.com/animaux/chien/alimentation-et-friandises/friandise-bucco-dentaire/31982-friandises-dentastix-chien-moyen.html
31283-7625;1239016;86;20170113;https://www.jardiland.com/amenagement-du-jardin/carre-potager/31283-carre-potager-mon-espace-potager.html
2159-2159;1360903;86;20170113;https://www.jardiland.com/amenagement-du-jardin/carre-potager/2159-carre-potager-en-noisetier.html
15439-22612;684711;86;20170113;https://www.jardiland.com/amenagement-du-jardin/decorations/suspensions/15439-carillon-musical-tube-alu.html
4784-4784;801053;86;20170113;https://www.jardiland.com/amenagement-du-jardin/decorations/statues-et-figurines/4784-petite-grenouille-en-ceramique.html
40526-39314;661677;86;20170113;https://www.jardiland.com/amenagement-du-jardin/pots-bacs-jardinieres-et-supports/tuteurs-et-supports-de-plante/treillage/40526-panneau-decoratif-en-acacia-arabesque.html
2096-2096;1352502;86;20170113;https://www.jardiland.com/amenagement-du-jardin/pots-bacs-jardinieres-et-supports/en-email/2096-suspension-metis.html
31446-10777;1352428;86;20170113;https://www.jardiland.com/amenagement-du-jardin/pots-bacs-jardinieres-et-supports/en-email/31446-soucoupe-en-email.html
31446-10769;1352420;86;20170113;https://www.jardiland.com/amenagement-du-jardin/pots-bacs-jardinieres-et-supports/en-email/31446-soucoupe-en-email.html
31446-10582;1352443;86;20170113;https://www.jardiland.com/amenagement-du-jardin/pots-bacs-jardinieres-et-supports/en-email/31446-soucoupe-en-email.html
31481-13419;1404115;86;20170113;https://www.jardiland.com/amenagement-du-jardin/pots-bacs-jardinieres-et-supports/en-email/31481-pot-roseau-en-email.html
31481-13414;1404110;86;20170113;https://www.jardiland.com/amenagement-du-jardin/pots-bacs-jardinieres-et-supports/en-email/31481-pot-roseau-en-email.html
31437-10551;1350324;86;20170113;https://www.jardiland.com/amenagement-du-jardin/pots-bacs-jardinieres-et-supports/en-email/31437-pot-en-email-odysee.html
31468-8372;1293008;86;20170113;https://www.jardiland.com/amenagement-du-jardin/pots-bacs-jardinieres-et-supports/en-email/31468-pot-en-email-maldives.html
31460-9123;1291872;86;20170113;https://www.jardiland.com/amenagement-du-jardin/pots-bacs-jardinieres-et-supports/en-email/31460-pot-en-email-kalanchoe.html
31443-9682;1352471;86;20170113;https://www.jardiland.com/amenagement-du-jardin/pots-bacs-jardinieres-et-supports/en-email/31443-pot-en-email-conserve.html
31467-10586;1352454;86;20170113;https://www.jardiland.com/amenagement-du-jardin/pots-bacs-jardinieres-et-supports/en-email/31467-pot-en-email-baobab.html
21568-27426;874142;86;20170113;https://www.jardiland.com/amenagement-du-jardin/pots-bacs-jardinieres-et-supports/en-fibre/21568-vase-en-fibre-claygibre.html
31503-13185;1402729;86;20170113;https://www.jardiland.com/amenagement-du-jardin/pots-bacs-jardinieres-et-supports/en-fibre/31503-pot-rond-en-fibre-washington-gris.html
31503-13183;1402727;86;20170113;https://www.jardiland.com/amenagement-du-jardin/pots-bacs-jardinieres-et-supports/en-fibre/31503-pot-rond-en-fibre-washington-gris.html
31506-13198;1402745;86;20170113;https://www.jardiland.com/amenagement-du-jardin/pots-bacs-jardinieres-et-supports/en-fibre/31506-pot-rond-en-fibre-washington-blanc.html
31506-13195;1402742;86;20170113;https://www.jardiland.com/amenagement-du-jardin/pots-bacs-jardinieres-et-supports/en-fibre/31506-pot-rond-en-fibre-washington-blanc.html
31505-13193;1402739;86;20170113;https://www.jardiland.com/amenagement-du-jardin/pots-bacs-jardinieres-et-supports/en-fibre/31505-pot-cuvier-antique-gris-washington.html
31500-9291;1294731;86;20170113;https://www.jardiland.com/amenagement-du-jardin/pots-bacs-jardinieres-et-supports/en-fibre/31500-plat-rond-en-fibre-dustwood.html
31500-9287;1294726;86;20170113;https://www.jardiland.com/amenagement-du-jardin/pots-bacs-jardinieres-et-supports/en-fibre/31500-plat-rond-en-fibre-dustwood.html
31485-13051;1401759;86;20170113;https://www.jardiland.com/amenagement-du-jardin/pots-bacs-jardinieres-et-supports/en-fibre/31485-plat-rectangle-en-fibre-dustwood.html
31499-9280;1294710;86;20170113;https://www.jardiland.com/amenagement-du-jardin/pots-bacs-jardinieres-et-supports/en-fibre/31499-plat-carre-en-fibre-dustwood.html
31593-22954;692880;86;20170113;https://www.jardiland.com/amenagement-du-jardin/pots-bacs-jardinieres-et-supports/en-terre-cuite/31593-soucoupe-en-terre-cuite-impermeable-antica.html
2990-2990;1403375;86;20170113;https://www.jardiland.com/amenagement-du-jardin/pots-bacs-jardinieres-et-supports/en-terre-cuite/2990-pot-en-terre-cuite-o-41-cabanon-deroma.html
31615-7562;1233669;86;20170113;https://www.jardiland.com/amenagement-du-jardin/pots-bacs-jardinieres-et-supports/en-terre-cuite/31615-jarre-en-terre-cuite-contemporaine.html
436-436;1233681;86;20170113;https://www.jardiland.com/amenagement-du-jardin/pots-bacs-jardinieres-et-supports/en-terre-cuite/436-jardiniere-lisse-en-terre-cuite.html
1369-1369;1292383;86;20170113;https://www.jardiland.com/amenagement-du-jardin/pots-bacs-jardinieres-et-supports/en-terre-cuite/1369-jardiniere-en-terre-cuite-contemporaine.html
31572-11147;1360565;86;20170113;https://www.jardiland.com/amenagement-du-jardin/pots-bacs-jardinieres-et-supports/en-plastique/31572-soucoupe-en-plastique-romeo.html
31523-11030;1360440;86;20170113;https://www.jardiland.com/amenagement-du-jardin/pots-bacs-jardinieres-et-supports/en-plastique/31523-soucoupe-en-plastique-prisca.html
31523-11029;1360439;86;20170113;https://www.jardiland.com/amenagement-du-jardin/pots-bacs-jardinieres-et-supports/en-plastique/31523-soucoupe-en-plastique-prisca.html
31523-6619;1015695;86;20170113;https://www.jardiland.com/amenagement-du-jardin/pots-bacs-jardinieres-et-supports/en-plastique/31523-soucoupe-en-plastique-prisca.html
31525-7579;1236645;86;20170113;https://www.jardiland.com/amenagement-du-jardin/pots-bacs-jardinieres-et-supports/en-plastique/31525-pot-rotomoule-cubo.html
31540-6872;1018128;86;20170113;https://www.jardiland.com/amenagement-du-jardin/pots-bacs-jardinieres-et-supports/en-plastique/31540-pot-maceta.html
31569-10958;1360083;86;20170113;https://www.jardiland.com/amenagement-du-jardin/pots-bacs-jardinieres-et-supports/en-plastique/31569-pot-gallia.html
31558-9143;1292117;86;20170113;https://www.jardiland.com/amenagement-du-jardin/pots-bacs-jardinieres-et-supports/en-plastique/31558-pot-en-plastique-samba.html
31530-9229;1293825;86;20170113;https://www.jardiland.com/amenagement-du-jardin/pots-bacs-jardinieres-et-supports/en-plastique/31530-pot-en-plastique-evase-cuenca.html
31530-7572;1236341;86;20170113;https://www.jardiland.com/amenagement-du-jardin/pots-bacs-jardinieres-et-supports/en-plastique/31530-pot-en-plastique-evase-cuenca.html
31530-7571;1236335;86;20170113;https://www.jardiland.com/amenagement-du-jardin/pots-bacs-jardinieres-et-supports/en-plastique/31530-pot-en-plastique-evase-cuenca.html
31530-7570;1236328;86;20170113;https://www.jardiland.com/amenagement-du-jardin/pots-bacs-jardinieres-et-supports/en-plastique/31530-pot-en-plastique-evase-cuenca.html
31543-6792;1017917;86;20170113;https://www.jardiland.com/amenagement-du-jardin/pots-bacs-jardinieres-et-supports/en-plastique/31543-pot-cylindro-design-rotomoule.html
31534-10885;1356174;86;20170113;https://www.jardiland.com/amenagement-du-jardin/pots-bacs-jardinieres-et-supports/en-plastique/31534-jardiniere-miramare.html
31522-11016;1360426;86;20170113;https://www.jardiland.com/amenagement-du-jardin/pots-bacs-jardinieres-et-supports/en-plastique/31522-jardiniere-en-plastique-prisca.html
31522-7174;1226008;86;20170113;https://www.jardiland.com/amenagement-du-jardin/pots-bacs-jardinieres-et-supports/en-plastique/31522-jardiniere-en-plastique-prisca.html
31198-15550;571870;86;20170113;https://www.jardiland.com/amenagement-du-jardin/amenagement/occultations/31198-poteau-carre-en-bois-traite.html
2170-2170;1363897;86;20170113;https://www.jardiland.com/amenagement-du-jardin/barbecues-cuisine-exterieur/autres/accessoires-de-barbecue/2170-pince-de-barbecue.html
36634-36634;741731;86;20170113;https://www.jardiland.com/amenagement-du-jardin/barbecues-cuisine-exterieur/autres/accessoires-de-barbecue/36634-gromme-double-rectangulaire.html
36622-36622;544992;86;20170113;https://www.jardiland.com/amenagement-du-jardin/barbecues-cuisine-exterieur/autres/accessoires-de-barbecue/36622-grille-double.html
2588-2588;1395082;86;20170113;https://www.jardiland.com/amenagement-du-jardin/barbecues-cuisine-exterieur/autres/accessoires-de-barbecue/2588-desserte-pour-plancha-en-inox.html
42123-42123;1352009;86;20170113;https://www.jardiland.com/amenagement-du-jardin/barbecues-cuisine-exterieur/autres/accessoires-de-barbecue/42123-chariot-pour-barbecue-deluxe-weber-q-2000-1.html
31230-9259;1317505;86;20170113;https://www.jardiland.com/amenagement-du-jardin/barbecues-cuisine-exterieur/autres/combustible/31230-charbon-de-bois-express.html
2572-2572;1394559;86;20170113;https://www.jardiland.com/amenagement-du-jardin/barbecues-cuisine-exterieur/autres/combustible/2572-allumes-barbecue-naturels.html
1390-1390;1293685;86;20170113;https://www.jardiland.com/amenagement-du-jardin/barbecues-cuisine-exterieur/plancha/1390-plancha-a-gaz-santander.html
2589-2589;1395083;86;20170113;https://www.jardiland.com/amenagement-du-jardin/barbecues-cuisine-exterieur/plancha/2589-plancha-a-gaz-cambo.html
31218-12766;1396476;86;20170113;https://www.jardiland.com/amenagement-du-jardin/barbecues-cuisine-exterieur/au-charbon/31218-barbecue-au-charbon-master-touch-gbs-57-cm.html
31297-40348;964651;86;20170113;https://www.jardiland.com/amenagement-du-jardin/eclairage-et-chauffage-d-exterieur/bougies-d-exterieur/31297-huile-vegetale-parfumee-lelia.html
31297-40347;964646;86;20170113;https://www.jardiland.com/amenagement-du-jardin/eclairage-et-chauffage-d-exterieur/bougies-d-exterieur/31297-huile-vegetale-parfumee-lelia.html
31297-29712;964648;86;20170113;https://www.jardiland.com/amenagement-du-jardin/eclairage-et-chauffage-d-exterieur/bougies-d-exterieur/31297-huile-vegetale-parfumee-lelia.html
3800-3800;545309;86;20170113;https://www.jardiland.com/amenagement-du-jardin/eclairage-et-chauffage-d-exterieur/bougies-d-exterieur/3800-huile-claira.html
31301-11367;1394535;86;20170113;https://www.jardiland.com/amenagement-du-jardin/eclairage-et-chauffage-d-exterieur/bougies-d-exterieur/31301-bougie-en-terrine-taille-s.html
31300-12977;1400658;86;20170113;https://www.jardiland.com/amenagement-du-jardin/eclairage-et-chauffage-d-exterieur/bougies-d-exterieur/31300-bougie-en-bocal-le-parfait-taille-s.html
31300-12973;1400654;86;20170113;https://www.jardiland.com/amenagement-du-jardin/eclairage-et-chauffage-d-exterieur/bougies-d-exterieur/31300-bougie-en-bocal-le-parfait-taille-s.html
31300-12972;1400653;86;20170113;https://www.jardiland.com/amenagement-du-jardin/eclairage-et-chauffage-d-exterieur/bougies-d-exterieur/31300-bougie-en-bocal-le-parfait-taille-s.html
31300-12698;1394511;86;20170113;https://www.jardiland.com/amenagement-du-jardin/eclairage-et-chauffage-d-exterieur/bougies-d-exterieur/31300-bougie-en-bocal-le-parfait-taille-s.html
36648-36648;1429520;86;20170113;https://www.jardiland.com/amenagement-du-jardin/eclairage-et-chauffage-d-exterieur/eclairage-solaire/36648-luminaire-carillon-hibou.html
2195-2195;1397172;86;20170113;https://www.jardiland.com/amenagement-du-jardin/eclairage-et-chauffage-d-exterieur/eclairage-solaire/2195-balise-solaire-coq-silhouette.html
31329-29519;948406;86;20170113;https://www.jardiland.com/amenagement-du-jardin/mobilier-de-jardin/accessoires-coussins-et-entretien/entretien-lasure-et-accessoires/31329-saturateur-haute-protection-incolore.html
49971-49079;1430984;86;20170113;https://www.jardiland.com/amenagement-du-jardin/mobilier-de-jardin/accessoires-coussins-et-entretien/coussin/49971-mini-polochon-en-polyester-17-x-30-cm.html
31348-14141;1428347;86;20170113;https://www.jardiland.com/amenagement-du-jardin/mobilier-de-jardin/bains-de-soleil-et-hamacs/transat-et-chilienne/31348-fauteuil-relax-futura-clip-batyline.html
31359-15483;566621;86;20170113;https://www.jardiland.com/amenagement-du-jardin/mobilier-de-jardin/salon-de-jardin/mobilier-pliant/31359-table-rectangulaire-bistro.html
2749-2749;1398264;86;20170113;https://www.jardiland.com/amenagement-du-jardin/mobilier-de-jardin/salon-de-jardin/salon-en-metal/2749-table-en-aluminium-jasmin.html
36697-36697;1295263;86;20170113;https://www.jardiland.com/amenagement-du-jardin/mobilier-de-jardin/salon-de-jardin/salon-en-resine-tressee/36697-table-carolina.html
31360-28512;913738;86;20170113;https://www.jardiland.com/amenagement-du-jardin/mobilier-de-jardin/salon-de-jardin/mobilier-pliant/31360-chaise-pliante-bistro.html
48402-48402;1316483;86;20170113;https://www.jardiland.com/jardinage/bricolage-droguerie/outillage/quincaillerie-et-fixation/48402-support-bloque-manche.html
41052-41052;1316481;86;20170113;https://www.jardiland.com/jardinage/bricolage-droguerie/outillage/quincaillerie-et-fixation/41052-support-3-blocs-manches-2-crochets.html
41059-41059;1377149;86;20170113;https://www.jardiland.com/jardinage/bricolage-droguerie/outillage/quincaillerie-et-fixation/41059-crochet-standard-28-5-cm.html
41057-41057;1377147;86;20170113;https://www.jardiland.com/jardinage/bricolage-droguerie/outillage/quincaillerie-et-fixation/41057-crochet-standard-16-mm.html
41060-41060;1377150;86;20170113;https://www.jardiland.com/jardinage/bricolage-droguerie/outillage/quincaillerie-et-fixation/41060-crochet-de-rangement-plafond.html
41061-41061;1377151;86;20170113;https://www.jardiland.com/jardinage/bricolage-droguerie/outillage/quincaillerie-et-fixation/41061-crochet-a-vis.html
2475-2475;1384409;86;20170113;https://www.jardiland.com/jardinage/semis-protections-et-accessoires-de-jardinage/appareils-de-mesure/station-meteo/2475-station-meteo-square-plus.html
4608-4608;576353;86;20170113;https://www.jardiland.com/jardinage/outils-et-materiel-du-jardinier/grands-outils-de-jardin/bechee-louchet-et-pelle/4608-beche-senlis-a-rebord.html
32708-13497;1405118;86;20170113;https://www.jardiland.com/jardinage/equipement-du-jardinier/bottes-et-sabots/32708-sabot-de-jardin-one.html
32733-7922;1250040;86;20170113;https://www.jardiland.com/jardinage/equipement-du-jardinier/gants/32733-gants-femme-en-textile.html
32792-53174;577899;86;20170113;https://www.jardiland.com/jardinage/entretien-et-traitements/traitements-des-plantes-et-lutte-bio/autres-traitements/32792-mastic-a-cicatriser.html
50912-45547;642225;86;20170113;https://www.jardiland.com/jardinage/entretien-et-traitements/engrais/engrais-pour-arbres-et-fleurs-du-jardin/50912-engrais-bougainvilliees-et-plantes-grimpantes.html
5432-5432;877488;86;20170113;https://www.jardiland.com/jardinage/terreau/terreau/terreau-de-plantation/5432-terre-a-gazon.html
37677-37677;1414268;86;20170113;https://www.jardiland.com/plantes/sapins-de-noel/sapins-artificiels/sapin-artificiel-en-fibre-optique/37677-sapin-artificiel-en-fibre-optique-anime-he-150-cm.html
13419-13419;1404115;86;20170113;https://www.jardiland.com/plantes/plantes-artificielles/plantes-artificielles/plante/13419-pot-roseau-en-email.html
11864-11864;1374148;86;20170113;https://www.jardiland.com/plantes/plantes-artificielles/plantes-artificielles/plante/11864-jouet-pour-chien-corde-us.html
35720-27459;874467;86;20170113;https://www.jardiland.com/plantes/plantes-d-interieur/plantes-carnivores/nepenthes/35720-nepenthes.html
35597-43882;1463207;86;20170113;https://www.jardiland.com/plantes/plantes-d-interieur/cactus-et-plantes-grasses/aloe/35597-aloe-vera.html
36125-23877;724558;86;20170113;https://www.jardiland.com/plantes/plantes-d-interieur/plantes-vertes/zamioculcas/36125-zamioculcas-zamiifolia.html
36124-8620;1281535;86;20170113;https://www.jardiland.com/plantes/plantes-d-interieur/plantes-vertes/yucca/36124-yucca-elephantipes.html
54676-55744;632688;86;20170113;https://www.jardiland.com/plantes/plantes-d-interieur/plantes-vertes/scindapsus/54676-scindapsus.html
36098-22076;662024;86;20170113;https://www.jardiland.com/plantes/plantes-d-interieur/plantes-vertes/schefflera/36098-schefflera-arboricola-charlotte.html
36066-25633;823808;86;20170113;https://www.jardiland.com/plantes/plantes-d-interieur/plantes-vertes/nolina-beaucarnea/36066-pied-d-elephant.html
36080-8493;1270528;86;20170113;https://www.jardiland.com/plantes/plantes-d-interieur/plantes-vertes/phoenix/36080-phoenix-roebelenii.html
36059-23490;715403;86;20170113;https://www.jardiland.com/plantes/plantes-d-interieur/plantes-vertes/nephrolepis/36059-nephrolepis-exaltata-bostoniensis.html
36065-29495;947231;86;20170113;https://www.jardiland.com/plantes/plantes-d-interieur/plantes-vertes/nephrolepis/36065-nephrolepis-mini-plante.html
36041-59937;1498550;86;20170113;https://www.jardiland.com/plantes/plantes-d-interieur/plantes-vertes/helxine/36041-helxine-soleirolii-soleirolia.html
36026-28124;896632;86;20170113;https://www.jardiland.com/plantes/plantes-d-interieur/plantes-vertes/fittonia/36026-fittonia.html
36005-20811;633689;86;20170113;https://www.jardiland.com/plantes/plantes-d-interieur/plantes-vertes/ficus/36005-ficus-lyrata.html
35997-24028;732916;86;20170113;https://www.jardiland.com/plantes/plantes-d-interieur/plantes-vertes/ficus/35997-ficus-benjamina-exotica.html
35993-24027;732905;86;20170113;https://www.jardiland.com/plantes/plantes-d-interieur/plantes-vertes/ficus/35993-ficus-benjamina-danielle.html
35853-43713;1459399;86;20170113;https://www.jardiland.com/plantes/plantes-d-interieur/plantes-vertes/aralia-dizygotheca-fatsia/35853-fatsia-japonica-variegata-aralia.html
35960-21305;643188;86;20170113;https://www.jardiland.com/plantes/plantes-d-interieur/plantes-vertes/dieffenbachia/35960-dieffenbachia-compacta.html
35958-20672;632913;86;20170113;https://www.jardiland.com/plantes/plantes-d-interieur/plantes-vertes/dieffenbachia/35958-dieffenbachia.html
35940-6936;1226224;86;20170113;https://www.jardiland.com/plantes/plantes-d-interieur/plantes-vertes/cocos/35940-cocos-nucifera.html
35867-21897;674389;86;20170113;https://www.jardiland.com/plantes/plantes-d-interieur/plantes-vertes/asplenium/35867-asplenium-nidus-mini-plante.html
35896-22702;686506;86;20170113;https://www.jardiland.com/plantes/plantes-d-interieur/plantes-vertes/autres-plantes-vertes/35896-ardisia-crenata.html
35692-62412;731005;86;20170113;https://www.jardiland.com/plantes/plantes-d-interieur/orchidees/miltonia/35692-orchidee-miltonia.html
62703-64993;1496761;86;20170113;https://www.jardiland.com/plantes/plantes-d-interieur/plantes-fleuries/tillandsia/62703-fille-de-l-air.html
62703-64984;1463179;86;20170113;https://www.jardiland.com/plantes/plantes-d-interieur/plantes-fleuries/tillandsia/62703-fille-de-l-air.html
62703-64983;1378096;86;20170113;https://www.jardiland.com/plantes/plantes-d-interieur/plantes-fleuries/tillandsia/62703-fille-de-l-air.html
35752-22820;689206;86;20170113;https://www.jardiland.com/plantes/plantes-d-interieur/plantes-fleuries/azalee/35752-azalee-d-interieur.html
35578-40395;975238;86;20170113;https://www.jardiland.com/plantes/graines-et-gazon/gazon-et-prairies-fleuries/gazon-pour-terrain-sec/35578-pelouse-eco-alternative.html
1573-1573;1308372;86;20170113;https://www.jardiland.com/plantes/graines-et-gazon/graines-ludiques-et-kits/kits-pour-enfants/1573-sachet-decoupe-tournesol-sunspot.html
53821-53821;1251494;86;20170113;https://www.jardiland.com/plantes/graines-et-gazon/graines-ludiques-et-kits/kits-pour-enfants/53821-carotte-parmex.html
4088-4088;565161;86;20170113;https://www.jardiland.com/plantes/graines-et-gazon/graines-de-fleurs/fleurs-vivaces/4088-oeillet-des-fleuristes-triomphe.html
4094-4094;565186;86;20170113;https://www.jardiland.com/plantes/graines-et-gazon/graines-de-fleurs/fleurs-annuelles/4094-oeillet-d-inde-petite-varie.html
4091-4091;565182;86;20170113;https://www.jardiland.com/plantes/graines-et-gazon/graines-de-fleurs/fleurs-annuelles/4091-oeillet-d-inde-petite-citronelle.html
4009-4009;565083;86;20170113;https://www.jardiland.com/plantes/graines-et-gazon/graines-de-fleurs/fleurs-annuelles/4009-statice-sinuata-variee.html
4134-4134;565245;86;20170113;https://www.jardiland.com/plantes/graines-et-gazon/graines-de-fleurs/fleurs-annuelles/4134-pourpier-a-grande-fleur-simple-en-melange.html
4103-4103;565201;86;20170113;https://www.jardiland.com/plantes/graines-et-gazon/graines-de-fleurs/fleurs-vivaces/4103-pavot-d-orient.html
962-962;1252960;86;20170113;https://www.jardiland.com/plantes/graines-et-gazon/graines-de-fleurs/melange-mixte/962-melange-pour-zones-ombragees-8-me.html
1044-1044;1253027;86;20170113;https://www.jardiland.com/plantes/graines-et-gazon/graines-de-fleurs/melange-mixte/1044-melange-pour-repousser-les-pucerons-8-me.html
964-964;1252970;86;20170113;https://www.jardiland.com/plantes/graines-et-gazon/graines-de-fleurs/melange-mixte/964-melange-massif-prairie-californienne-8-me.html
957-957;1252923;86;20170113;https://www.jardiland.com/plantes/graines-et-gazon/graines-de-fleurs/melange-mixte/957-melange-massif-medieval-8-me.html
4084-4084;565147;86;20170113;https://www.jardiland.com/plantes/graines-et-gazon/graines-de-fleurs/fleurs-vivaces/4084-marguerite-grande-blanche.html
4083-4083;565146;86;20170113;https://www.jardiland.com/plantes/graines-et-gazon/graines-de-fleurs/fleurs-annuelles/4083-malope-a-grandes-fleurs-variee.html
4078-4078;565132;86;20170113;https://www.jardiland.com/plantes/graines-et-gazon/graines-de-fleurs/fleurs-annuelles/4078-lavatere-tanagra.html
4072-4072;565114;86;20170113;https://www.jardiland.com/plantes/graines-et-gazon/graines-de-fleurs/fleurs-annuelles/4072-haricot-d-espagne-en-melange.html
5994-5994;565594;86;20170113;https://www.jardiland.com/plantes/graines-et-gazon/graines-de-fleurs/fleurs-annuelles/5994-cosmos-sensation-pinkie.html
4308-4308;565565;86;20170113;https://www.jardiland.com/plantes/graines-et-gazon/graines-de-fleurs/fleurs-annuelles/4308-cosmos-sensation-dazzler.html
4326-4326;565881;86;20170113;https://www.jardiland.com/plantes/graines-et-gazon/graines-de-fleurs/fleurs-annuelles/4326-cosmos-picotee.html
53836-53836;1016456;86;20170113;https://www.jardiland.com/plantes/graines-et-gazon/graines-potageres-et-aromatiques/pois/53836-pois-proval-bio.html
53840-53840;1016452;86;20170113;https://www.jardiland.com/plantes/graines-et-gazon/graines-potageres-et-aromatiques/haricots/53840-haricot-nain-a-ecosser-coco-nain-blanc-precoce-bio.html
881-881;1252091;86;20170113;https://www.jardiland.com/plantes/graines-et-gazon/graines-potageres-et-aromatiques/courges-melons/881-cornichon-ameliore-de-bourbonne.html
4967-4967;682019;86;20170113;https://www.jardiland.com/plantes/graines-et-gazon/graines-potageres-et-aromatiques/choux/4967-chou-cabus-coeur-de-boeuf-moyen-de-la-halle.html
743-743;1251755;86;20170113;https://www.jardiland.com/plantes/graines-et-gazon/graines-potageres-et-aromatiques/salades/743-chicoree-witloof-turbo-hybride-f1-1.html
41903-26075;837429;86;20170113;https://www.jardiland.com/plantes/bulbes-et-pommes-de-terre/bulbes-potagers-oignons-ail/echalote/41903-echalote-longor.html
35431-57564;857677;86;20170113;https://www.jardiland.com/plantes/bulbes-et-pommes-de-terre/bulbes-potagers-oignons-ail/ail/35431-ail-germidour.html
42074-60474;751771;86;20170113;https://www.jardiland.com/plantes/potager-et-verger/fruitiers/pommier/42074-pommier-granny-smith.html
42074-14571;1444860;86;20170113;https://www.jardiland.com/plantes/potager-et-verger/fruitiers/pommier/42074-pommier-granny-smith.html
42029-7471;1259105;86;20170113;https://www.jardiland.com/plantes/potager-et-verger/fruitiers/noyer/42029-noyer-franquette.html
36530-12936;1399910;86;20170113;https://www.jardiland.com/plantes/potager-et-verger/fruitiers/noyer/36530-noyer.html
36524-18067;593801;86;20170113;https://www.jardiland.com/plantes/potager-et-verger/fruitiers/noisetier/36524-noisetier-merveille-de-bollwiller.html
36522-52022;593781;86;20170113;https://www.jardiland.com/plantes/potager-et-verger/fruitiers/noisetier/36522-noisetier-fertile-de-coutard.html
42020-60428;678571;86;20170113;https://www.jardiland.com/plantes/potager-et-verger/fruitiers/nectarinier/42020-nectarinier-nectarose-blanc.html
42020-17656;593218;86;20170113;https://www.jardiland.com/plantes/potager-et-verger/fruitiers/nectarinier/42020-nectarinier-nectarose-blanc.html
52440-18036;593269;86;20170113;https://www.jardiland.com/plantes/potager-et-verger/fruitiers/nectarinier/52440-nectarinier-nectared-jaune.html
42019-60426;593201;86;20170113;https://www.jardiland.com/plantes/potager-et-verger/fruitiers/nectarinier/42019-nectarinier-morton-blanc.html
42022-18029;593246;86;20170113;https://www.jardiland.com/plantes/potager-et-verger/fruitiers/nectarinier/42022-nectarinier-fantasia-jaune.html
36509-11431;1368114;86;20170113;https://www.jardiland.com/plantes/potager-et-verger/fruitiers/mure/36509-mure-thornfree.html
34531-64556;1500381;86;20170113;https://www.jardiland.com/plantes/potager-et-verger/fruitiers/lime/34531-limette-douce-pursha.html
34522-29781;955201;86;20170113;https://www.jardiland.com/plantes/potager-et-verger/fruitiers/kumquat/34522-kumquat.html
36475-27521;875929;86;20170113;https://www.jardiland.com/plantes/potager-et-verger/fruitiers/groseillier-a-maquereaux/36475-groseillier-a-maquereaux.html
36462-21604;651968;86;20170113;https://www.jardiland.com/plantes/potager-et-verger/fruitiers/grenadier/36462-grenadier-a-fruits.html
36442-31084;997920;86;20170113;https://www.jardiland.com/plantes/potager-et-verger/fruitiers/framboisier/36442-framboisier-willamette.html
57734-57341;1474934;86;20170113;https://www.jardiland.com/plantes/potager-et-verger/fruitiers/framboisier/57734-framboisier-versaillesr.html
36453-29728;970163;86;20170113;https://www.jardiland.com/plantes/potager-et-verger/fruitiers/framboisier/36453-framboisier-glen-ample.html
42014-24613;753494;86;20170113;https://www.jardiland.com/plantes/potager-et-verger/fruitiers/figuier/42014-figuier-noire-de-caromb.html
36422-24611;753477;86;20170113;https://www.jardiland.com/plantes/potager-et-verger/fruitiers/figuier/36422-figuier-madeleine-blanche.html
56386-55621;1300536;86;20170113;https://www.jardiland.com/plantes/potager-et-verger/fruitiers/figuier/56386-figuier-grise-de-saint-jean.html
43405-42684;1449369;86;20170113;https://www.jardiland.com/plantes/potager-et-verger/fruitiers/citronnier/43405-citronnier-des-antilles.html
41588-6250;1008912;86;20170113;https://www.jardiland.com/plantes/potager-et-verger/fruitiers/citronnier/41588-citronnier.html
41982-15889;579782;86;20170113;https://www.jardiland.com/plantes/potager-et-verger/fruitiers/amandier/41982-amandier-princesse.html
36407-16010;579649;86;20170113;https://www.jardiland.com/plantes/potager-et-verger/fruitiers/autres-fruitiers/36407-airelle-rouge.html
36488-43607;1449452;86;20170113;https://www.jardiland.com/plantes/potager-et-verger/fruitiers/kiwi/36488-actinidia-arguta-kiwai.html
41977-22469;678558;86;20170113;https://www.jardiland.com/plantes/potager-et-verger/fruitiers/abricotier/41977-abricotier-rouge-du-roussillon.html
41975-15892;578812;86;20170113;https://www.jardiland.com/plantes/potager-et-verger/fruitiers/abricotier/41975-abricotier-polonais.html
33613-18973;599761;86;20170113;https://www.jardiland.com/plantes/potager-et-verger/plantes-aromatiques/romarin/33613-romarin-rampant-pointe-du-ratz.html
33375-17745;591451;86;20170113;https://www.jardiland.com/plantes/potager-et-verger/plantes-aromatiques/lavande/33375-lavande-grosso.html
33948-21472;648811;86;20170113;https://www.jardiland.com/plantes/arbres-et-arbustes-d-ornement/coniferes/cypres-de-leyland/33948-x-cupressocyparis-leylandii.html
34030-7751;1245153;86;20170113;https://www.jardiland.com/plantes/arbres-et-arbustes-d-ornement/coniferes/pin/34030-pin-noir-pierrick-bregeon.html
34029-6388;1010972;86;20170113;https://www.jardiland.com/plantes/arbres-et-arbustes-d-ornement/coniferes/pin/34029-pin-noir-pierrick-bregeon.html
33985-54268;842212;86;20170113;https://www.jardiland.com/plantes/arbres-et-arbustes-d-ornement/coniferes/genevrier/33985-juniperus-x-pfitzeriana-pfitzeriana-glauca.html
33983-17533;590278;86;20170113;https://www.jardiland.com/plantes/arbres-et-arbustes-d-ornement/coniferes/genevrier/33983-juniperus-x-pfitzeriana-old-gold.html
33977-24385;749394;86;20170113;https://www.jardiland.com/plantes/arbres-et-arbustes-d-ornement/coniferes/genevrier/33977-juniperus-horizontalis-blue-chip.html
33973-16907;590140;86;20170113;https://www.jardiland.com/plantes/arbres-et-arbustes-d-ornement/coniferes/genevrier/33973-juniperus-communis-repanda.html
33969-29556;949856;86;20170113;https://www.jardiland.com/plantes/arbres-et-arbustes-d-ornement/coniferes/genevrier/33969-juniperus-chinensis-blue-alps.html
41562-54096;1458408;86;20170113;https://www.jardiland.com/plantes/arbres-et-arbustes-d-ornement/coniferes/ginkgo/41562-ginkgo-biloba-fastigiata-blagon.html
33992-59268;878180;86;20170113;https://www.jardiland.com/plantes/arbres-et-arbustes-d-ornement/coniferes/ginkgo/33992-ginkgo-biloba.html
33925-16522;584131;86;20170113;https://www.jardiland.com/plantes/arbres-et-arbustes-d-ornement/coniferes/chamaecyparis/33925-cypres-de-lawson-ellwoodii.html
33941-24277;742235;86;20170113;https://www.jardiland.com/plantes/arbres-et-arbustes-d-ornement/coniferes/cypres/33941-cupressus-sempervirens-totem.html
33939-25048;809638;86;20170113;https://www.jardiland.com/plantes/arbres-et-arbustes-d-ornement/coniferes/cypres/33939-cupressus-sempervirens-pyramidalis.html
33939-24267;742220;86;20170113;https://www.jardiland.com/plantes/arbres-et-arbustes-d-ornement/coniferes/cypres/33939-cupressus-sempervirens-pyramidalis.html
33942-6091;1010643;86;20170113;https://www.jardiland.com/plantes/arbres-et-arbustes-d-ornement/coniferes/cypres/33942-cupressus-sempervirens.html
57679-57575;976585;86;20170113;https://www.jardiland.com/plantes/arbres-et-arbustes-d-ornement/coniferes/cryptomeria/57679-cryptomeria-japonica.html
33914-6361;1010519;86;20170113;https://www.jardiland.com/plantes/arbres-et-arbustes-d-ornement/coniferes/chamaecyparis/33914-chamaecyparis-obtusa-nana-gracilis.html
33912-25466;819621;86;20170113;https://www.jardiland.com/plantes/arbres-et-arbustes-d-ornement/coniferes/chamaecyparis/33912-chamaecyparis-lawsoniana-ivonne.html
33922-10069;1334135;86;20170113;https://www.jardiland.com/plantes/arbres-et-arbustes-d-ornement/coniferes/chamaecyparis/33922-chamaecyparis-lawsoniana-columnaris.html
33920-16212;584029;86;20170113;https://www.jardiland.com/plantes/arbres-et-arbustes-d-ornement/coniferes/chamaecyparis/33920-chamaecyparis-lawsoniana-alumigold.html
33820-24394;750265;86;20170113;https://www.jardiland.com/plantes/arbres-et-arbustes-d-ornement/bambous/phyllostachys/33820-bambou-phyllostachys-bissetii.html
33815-24931;809744;86;20170113;https://www.jardiland.com/plantes/arbres-et-arbustes-d-ornement/bambous/phyllostachys/33815-bambou-phyllostachys-aureosulcata-aureocaulis.html
33817-21184;641880;86;20170113;https://www.jardiland.com/plantes/arbres-et-arbustes-d-ornement/bambous/phyllostachys/33817-bambou-phyllostachys-aurea.html
33804-14481;1440808;86;20170113;https://www.jardiland.com/plantes/arbres-et-arbustes-d-ornement/bambous/fargesia/33804-bambou-fargesia-scabrida-asian-wonder.html
33798-6371;1010679;86;20170113;https://www.jardiland.com/plantes/arbres-et-arbustes-d-ornement/bambous/fargesia/33798-bambou-fargesia-murieliae-rufa.html
33809-13891;1418919;86;20170113;https://www.jardiland.com/plantes/arbres-et-arbustes-d-ornement/bambous/fargesia/33809-bambou-fargesia.html
33880-30916;992469;86;20170113;https://www.jardiland.com/plantes/arbres-et-arbustes-d-ornement/buis-et-topiaires/photinia-en-topiaire/33880-photinia-x-fraseri-red-robin.html
33880-24804;809742;86;20170113;https://www.jardiland.com/plantes/arbres-et-arbustes-d-ornement/buis-et-topiaires/photinia-en-topiaire/33880-photinia-x-fraseri-red-robin.html
33869-24386;749412;86;20170113;https://www.jardiland.com/plantes/arbres-et-arbustes-d-ornement/buis-et-topiaires/hibiscus-en-topiaire/33869-hibiscus-syriacus-white-chiffon-notwoodtwo.html
33857-25046;809635;86;20170113;https://www.jardiland.com/plantes/arbres-et-arbustes-d-ornement/buis-et-topiaires/cypres-en-topiaire/33857-cypres-de-l-arizona-fastigie.html
33856-6149;1005033;86;20170113;https://www.jardiland.com/plantes/arbres-et-arbustes-d-ornement/buis-et-topiaires/cypres-en-topiaire/33856-cupressus-macrocarpa-goldcrest.html
33847-39576;733303;86;20170113;https://www.jardiland.com/plantes/arbres-et-arbustes-d-ornement/buis-et-topiaires/buis/33847-buis-commun.html
33847-27525;875975;86;20170113;https://www.jardiland.com/plantes/arbres-et-arbustes-d-ornement/buis-et-topiaires/buis/33847-buis-commun.html
33847-16175;581755;86;20170113;https://www.jardiland.com/plantes/arbres-et-arbustes-d-ornement/buis-et-topiaires/buis/33847-buis-commun.html
33847-16166;581695;86;20170113;https://www.jardiland.com/plantes/arbres-et-arbustes-d-ornement/buis-et-topiaires/buis/33847-buis-commun.html
33841-24042;733278;86;20170113;https://www.jardiland.com/plantes/arbres-et-arbustes-d-ornement/buis-et-topiaires/buis/33841-buis-faulkner.html
33841-22227;670778;86;20170113;https://www.jardiland.com/plantes/arbres-et-arbustes-d-ornement/buis-et-topiaires/buis/33841-buis-faulkner.html
33844-6235;1008475;86;20170113;https://www.jardiland.com/plantes/arbres-et-arbustes-d-ornement/buis-et-topiaires/buis/33844-buis-elegans.html
33842-13956;1423430;86;20170113;https://www.jardiland.com/plantes/arbres-et-arbustes-d-ornement/buis-et-topiaires/buis/33842-buis-arborescens.html
34490-7980;1251210;86;20170113;https://www.jardiland.com/plantes/arbres-et-arbustes-d-ornement/plantes-grimpantes/vigne-vierge/34490-parthenocisus-tricuspidata.html
34475-17058;588753;86;20170113;https://www.jardiland.com/plantes/arbres-et-arbustes-d-ornement/plantes-grimpantes/lierre/34475-lierre-shamrock.html
34446-24898;808254;86;20170113;https://www.jardiland.com/plantes/arbres-et-arbustes-d-ornement/plantes-grimpantes/glycine/34446-glycine-de-chine.html
34440-19449;602469;86;20170113;https://www.jardiland.com/plantes/arbres-et-arbustes-d-ornement/plantes-grimpantes/glycine/34440-glycine-alba.html
34384-55228;1471231;86;20170113;https://www.jardiland.com/plantes/arbres-et-arbustes-d-ornement/plantes-grimpantes/clematite/34384-clematite-a-grandes-fleurs.html
34365-25533;823255;86;20170113;https://www.jardiland.com/plantes/arbres-et-arbustes-d-ornement/plantes-grimpantes/chevrefeuille/34365-chevrefeuille-de-henry.html
34359-21034;636083;86;20170113;https://www.jardiland.com/plantes/arbres-et-arbustes-d-ornement/plantes-grimpantes/chevrefeuille/34359-chevrefeuille-scentsation.html
34349-28476;910593;86;20170113;https://www.jardiland.com/plantes/arbres-et-arbustes-d-ornement/plantes-grimpantes/bignone/34349-bignone-mme-galen.html
61016-60201;1442388;86;20170113;https://www.jardiland.com/plantes/arbres-et-arbustes-d-ornement/rosiers/rosiers-grimpants/61016-rosier-grimpant-a-grandes-fleurs-pierre-de-ronsardr-meiviolin.html
61016-60200;722996;86;20170113;https://www.jardiland.com/plantes/arbres-et-arbustes-d-ornement/rosiers/rosiers-grimpants/61016-rosier-grimpant-a-grandes-fleurs-pierre-de-ronsardr-meiviolin.html
41799-14664;1442441;86;20170113;https://www.jardiland.com/plantes/arbres-et-arbustes-d-ornement/rosiers/rosiers-buissons/41799-rosier-good-morningr-lapavi-polyantha.html
41808-19687;608371;86;20170113;https://www.jardiland.com/plantes/arbres-et-arbustes-d-ornement/rosiers/rosiers-couvre-sols/41808-rosier-decorosiersr-opaliar-noaschnee.html
41804-14611;1442393;86;20170113;https://www.jardiland.com/plantes/arbres-et-arbustes-d-ornement/rosiers/rosiers-couvre-sols/41804-rosier-decorosiersr-emerar-noatraum.html
41868-22133;664773;86;20170113;https://www.jardiland.com/plantes/arbres-et-arbustes-d-ornement/rosiers/rosiers-grimpants/41868-rosier-andre-le-notrer-meiceppus-grandes-fleurs.html
41835-29720;968205;86;20170113;https://www.jardiland.com/plantes/arbres-et-arbustes-d-ornement/rosiers/rosiers-grimpants/41835-rosa-banksiae-lutea-ancien.html
41835-19525;607266;86;20170113;https://www.jardiland.com/plantes/arbres-et-arbustes-d-ornement/rosiers/rosiers-grimpants/41835-rosa-banksiae-lutea-ancien.html
41834-19522;607258;86;20170113;https://www.jardiland.com/plantes/arbres-et-arbustes-d-ornement/rosiers/rosiers-grimpants/41834-rosa-banksiae-alba-plena-ancien.html
34320-21382;644723;86;20170113;https://www.jardiland.com/plantes/arbres-et-arbustes-d-ornement/plantes-de-terre-de-bruyere/rhododendron/34320-rhododendron-hybride.html
34247-11349;1371033;86;20170113;https://www.jardiland.com/plantes/arbres-et-arbustes-d-ornement/plantes-de-terre-de-bruyere/magnolia/34247-magnolia-grandiflora-little-gem.html
34245-22377;687353;86;20170113;https://www.jardiland.com/plantes/arbres-et-arbustes-d-ornement/plantes-de-terre-de-bruyere/magnolia/34245-magnolia-grandiflora-galissonniere.html
34245-17880;592317;86;20170113;https://www.jardiland.com/plantes/arbres-et-arbustes-d-ornement/plantes-de-terre-de-bruyere/magnolia/34245-magnolia-grandiflora-galissonniere.html
41579-17882;592395;86;20170113;https://www.jardiland.com/plantes/arbres-et-arbustes-d-ornement/plantes-de-terre-de-bruyere/magnolia/41579-magnolia-grandiflora.html
43401-42540;1316386;86;20170113;https://www.jardiland.com/plantes/arbres-et-arbustes-d-ornement/plantes-de-terre-de-bruyere/magnolia/43401-magnolia.html
34210-26623;854992;86;20170113;https://www.jardiland.com/plantes/arbres-et-arbustes-d-ornement/plantes-de-terre-de-bruyere/hortensia/34210-hortensia-serrata.html
34221-29999;963744;86;20170113;https://www.jardiland.com/plantes/arbres-et-arbustes-d-ornement/plantes-de-terre-de-bruyere/hortensia/34221-hortensia-paniculata-vanille-fraiser-renhy.html
34221-26670;871253;86;20170113;https://www.jardiland.com/plantes/arbres-et-arbustes-d-ornement/plantes-de-terre-de-bruyere/hortensia/34221-hortensia-paniculata-vanille-fraiser-renhy.html
34227-7528;1241126;86;20170113;https://www.jardiland.com/plantes/arbres-et-arbustes-d-ornement/plantes-de-terre-de-bruyere/hortensia/34227-hortensia-paniculata-sundae-fraise-r.html
34227-6440;1012869;86;20170113;https://www.jardiland.com/plantes/arbres-et-arbustes-d-ornement/plantes-de-terre-de-bruyere/hortensia/34227-hortensia-paniculata-sundae-fraise-r.html
34180-14578;1449366;86;20170113;https://www.jardiland.com/plantes/arbres-et-arbustes-d-ornement/plantes-de-terre-de-bruyere/hortensia/34180-hortensia-arborescens.html
41567-58171;672419;86;20170113;https://www.jardiland.com/plantes/arbres-et-arbustes-d-ornement/plantes-de-terre-de-bruyere/erable-du-japon/41567-erable-du-japon.html
34132-30481;974256;86;20170113;https://www.jardiland.com/plantes/arbres-et-arbustes-d-ornement/plantes-de-terre-de-bruyere/erable-du-japon/34132-erable-de-japon-dissectum.html
41566-38453;1449350;86;20170113;https://www.jardiland.com/plantes/arbres-et-arbustes-d-ornement/plantes-de-terre-de-bruyere/camelia/41566-camelia.html
41566-28055;891987;86;20170113;https://www.jardiland.com/plantes/arbres-et-arbustes-d-ornement/plantes-de-terre-de-bruyere/camelia/41566-camelia.html
41566-23076;695506;86;20170113;https://www.jardiland.com/plantes/arbres-et-arbustes-d-ornement/plantes-de-terre-de-bruyere/camelia/41566-camelia.html
34266-18005;593134;86;20170113;https://www.jardiland.com/plantes/arbres-et-arbustes-d-ornement/plantes-de-terre-de-bruyere/nandina/34266-bambou-sacre-fire-power.html
34062-23150;696732;86;20170113;https://www.jardiland.com/plantes/arbres-et-arbustes-d-ornement/plantes-de-terre-de-bruyere/azalee/34062-azalee-japonaise.html
34834-43190;891555;86;20170113;https://www.jardiland.com/plantes/arbres-et-arbustes-d-ornement/plantes-mediterraneennes/palmiers/34834-yucca-rostrata.html
34680-10102;1341312;86;20170113;https://www.jardiland.com/plantes/arbres-et-arbustes-d-ornement/plantes-mediterraneennes/autres-plantes-mediterraneennes/34680-pittosporum-tenuifolium-variegatum.html
41593-25098;824052;86;20170113;https://www.jardiland.com/plantes/arbres-et-arbustes-d-ornement/plantes-mediterraneennes/autres-plantes-mediterraneennes/41593-pittosporum-tenuifolium-variegatum.html
34635-18222;594866;86;20170113;https://www.jardiland.com/plantes/arbres-et-arbustes-d-ornement/plantes-mediterraneennes/autres-plantes-mediterraneennes/34635-phlomis-fruticosa.html
34686-14184;1429760;86;20170113;https://www.jardiland.com/plantes/arbres-et-arbustes-d-ornement/plantes-mediterraneennes/autres-plantes-mediterraneennes/34686-phillyrea-angustifolia.html
34803-56074;1418294;86;20170113;https://www.jardiland.com/plantes/arbres-et-arbustes-d-ornement/plantes-mediterraneennes/palmiers/34803-palmier-nain.html
34803-43660;1459011;86;20170113;https://www.jardiland.com/plantes/arbres-et-arbustes-d-ornement/plantes-mediterraneennes/palmiers/34803-palmier-nain.html
34803-16495;584555;86;20170113;https://www.jardiland.com/plantes/arbres-et-arbustes-d-ornement/plantes-mediterraneennes/palmiers/34803-palmier-nain.html
34604-28170;897639;86;20170113;https://www.jardiland.com/plantes/arbres-et-arbustes-d-ornement/plantes-mediterraneennes/autres-plantes-mediterraneennes/34604-liseron-de-turquie.html
34655-17665;590906;86;20170113;https://www.jardiland.com/plantes/arbres-et-arbustes-d-ornement/plantes-mediterraneennes/autres-plantes-mediterraneennes/34655-lilas-des-indes-petit-canaille-blancr.html
34657-24462;748962;86;20170113;https://www.jardiland.com/plantes/arbres-et-arbustes-d-ornement/plantes-mediterraneennes/autres-plantes-mediterraneennes/34657-lilas-des-indes-perigord-pourprer.html
34653-16914;590846;86;20170113;https://www.jardiland.com/plantes/arbres-et-arbustes-d-ornement/plantes-mediterraneennes/autres-plantes-mediterraneennes/34653-lilas-des-indes-mon-panacher.html
34651-53181;590773;86;20170113;https://www.jardiland.com/plantes/arbres-et-arbustes-d-ornement/plantes-mediterraneennes/autres-plantes-mediterraneennes/34651-lilas-des-indes-kimonor.html
43934-55705;1305513;86;20170113;https://www.jardiland.com/plantes/arbres-et-arbustes-d-ornement/plantes-mediterraneennes/autres-plantes-mediterraneennes/43934-lilas-des-indes-rose-clair.html
34667-52968;1303942;86;20170113;https://www.jardiland.com/plantes/arbres-et-arbustes-d-ornement/plantes-mediterraneennes/autres-plantes-mediterraneennes/34667-lilas-des-indes.html
34667-6348;1010168;86;20170113;https://www.jardiland.com/plantes/arbres-et-arbustes-d-ornement/plantes-mediterraneennes/autres-plantes-mediterraneennes/34667-lilas-des-indes.html
34566-17651;591603;86;20170113;https://www.jardiland.com/plantes/arbres-et-arbustes-d-ornement/plantes-mediterraneennes/autres-plantes-mediterraneennes/34566-leptospermum-scoparium.html
45999-45258;832841;86;20170113;https://www.jardiland.com/plantes/arbres-et-arbustes-d-ornement/plantes-mediterraneennes/autres-plantes-mediterraneennes/45999-leptospermum.html
45999-45167;896669;86;20170113;https://www.jardiland.com/plantes/arbres-et-arbustes-d-ornement/plantes-mediterraneennes/autres-plantes-mediterraneennes/45999-leptospermum.html
34671-51748;1452095;86;20170113;https://www.jardiland.com/plantes/arbres-et-arbustes-d-ornement/plantes-mediterraneennes/autres-plantes-mediterraneennes/34671-laurier-sauce.html
34671-17735;591393;86;20170113;https://www.jardiland.com/plantes/arbres-et-arbustes-d-ornement/plantes-mediterraneennes/autres-plantes-mediterraneennes/34671-laurier-sauce.html
34696-23709;720321;86;20170113;https://www.jardiland.com/plantes/arbres-et-arbustes-d-ornement/plantes-mediterraneennes/autres-plantes-mediterraneennes/34696-grenadier-pleniflora.html
34751-11388;1365996;86;20170113;https://www.jardiland.com/plantes/arbres-et-arbustes-d-ornement/plantes-mediterraneennes/autres-plantes-mediterraneennes/34751-eucalyptus-gunnii-azura.html
34811-22400;676106;86;20170113;https://www.jardiland.com/plantes/arbres-et-arbustes-d-ornement/plantes-mediterraneennes/palmiers/34811-cordyline-indivisa.html
34809-26006;834624;86;20170113;https://www.jardiland.com/plantes/arbres-et-arbustes-d-ornement/plantes-mediterraneennes/palmiers/34809-cordyline-australis.html
34595-16496;584809;86;20170113;https://www.jardiland.com/plantes/arbres-et-arbustes-d-ornement/plantes-mediterraneennes/autres-plantes-mediterraneennes/34595-ciste-pulverulent-sunset.html
34552-7577;1236555;86;20170113;https://www.jardiland.com/plantes/arbres-et-arbustes-d-ornement/plantes-mediterraneennes/autres-plantes-mediterraneennes/34552-callistemon-viminalis.html
34571-47645;855566;86;20170113;https://www.jardiland.com/plantes/arbres-et-arbustes-d-ornement/plantes-mediterraneennes/autres-plantes-mediterraneennes/34571-callistemon-rugulosus-laevis.html
34589-47230;581894;86;20170113;https://www.jardiland.com/plantes/arbres-et-arbustes-d-ornement/plantes-mediterraneennes/autres-plantes-mediterraneennes/34589-callistemon-citrinus-splendens.html
34545-22401;676107;86;20170113;https://www.jardiland.com/plantes/arbres-et-arbustes-d-ornement/plantes-mediterraneennes/autres-plantes-mediterraneennes/34545-bignone-a-vrilles.html
34753-49437;1364943;86;20170113;https://www.jardiland.com/plantes/arbres-et-arbustes-d-ornement/plantes-mediterraneennes/autres-plantes-mediterraneennes/34753-arbousier-atlantic.html
34789-6146;1003131;86;20170113;https://www.jardiland.com/plantes/arbres-et-arbustes-d-ornement/plantes-mediterraneennes/palmiers/34789-agave-americana-variegata.html
33764-19418;602154;86;20170113;https://www.jardiland.com/plantes/arbres-et-arbustes-d-ornement/arbres-et-arbustes/vitex/33764-vitex-agnus-castus-f-latifolia.html
33758-19343;601813;86;20170113;https://www.jardiland.com/plantes/arbres-et-arbustes-d-ornement/arbres-et-arbustes/viburnum/33758-viburnum-plicatum-shasta.html
33640-42683;1405221;86;20170113;https://www.jardiland.com/plantes/arbres-et-arbustes-d-ornement/arbres-et-arbustes/saule/33640-saule-marsault-pleureur-pendula-kilmarnock.html
33634-18893;599841;86;20170113;https://www.jardiland.com/plantes/arbres-et-arbustes-d-ornement/arbres-et-arbustes/saule/33634-saule-marsault-curly-locks.html
33642-14034;1435425;86;20170113;https://www.jardiland.com/plantes/arbres-et-arbustes-d-ornement/arbres-et-arbustes/saule/33642-salix-integra-flamingo-pbr.html
33609-18947;599729;86;20170113;https://www.jardiland.com/plantes/arbres-et-arbustes-d-ornement/arbres-et-arbustes/robinier/33609-robinier-faux-acacia-dore.html
33606-18847;598213;86;20170113;https://www.jardiland.com/plantes/arbres-et-arbustes-d-ornement/arbres-et-arbustes/pyracantha/33606-pyracantha-saphyr-rouger-cadrou.html
33583-54007;597936;86;20170113;https://www.jardiland.com/plantes/arbres-et-arbustes-d-ornement/arbres-et-arbustes/prunus/33583-prunus-serrulata-kanzan.html
33358-25022;809321;86;20170113;https://www.jardiland.com/plantes/arbres-et-arbustes-d-ornement/arbres-et-arbustes/laurier-palme/33358-prunus-laurocerasus-rotundifolia.html
33358-18704;597852;86;20170113;https://www.jardiland.com/plantes/arbres-et-arbustes-d-ornement/arbres-et-arbustes/laurier-palme/33358-prunus-laurocerasus-rotundifolia.html
33361-59220;682205;86;20170113;https://www.jardiland.com/plantes/arbres-et-arbustes-d-ornement/arbres-et-arbustes/laurier-palme/33361-prunus-laurocerasus-caucasica.html
33572-18763;597756;86;20170113;https://www.jardiland.com/plantes/arbres-et-arbustes-d-ornement/arbres-et-arbustes/prunus/33572-prunus-cerasifera-pissardii.html
33572-18758;597744;86;20170113;https://www.jardiland.com/plantes/arbres-et-arbustes-d-ornement/arbres-et-arbustes/prunus/33572-prunus-cerasifera-pissardii.html
33553-18675;597461;86;20170113;https://www.jardiland.com/plantes/arbres-et-arbustes-d-ornement/arbres-et-arbustes/potentille/33553-potentilla-fruticosa-abbotswood.html
33524-44192;1429776;86;20170113;https://www.jardiland.com/plantes/arbres-et-arbustes-d-ornement/arbres-et-arbustes/physocarpe/33524-physocarpus-opulifolius-diable-d-orr-mindia.html
33524-30260;970665;86;20170113;https://www.jardiland.com/plantes/arbres-et-arbustes-d-ornement/arbres-et-arbustes/physocarpe/33524-physocarpus-opulifolius-diable-d-orr-mindia.html
33512-18297;595147;86;20170113;https://www.jardiland.com/plantes/arbres-et-arbustes-d-ornement/arbres-et-arbustes/photinia/33512-photinia-x-fraseri-red-select.html
33648-51939;731014;86;20170113;https://www.jardiland.com/plantes/arbres-et-arbustes-d-ornement/arbres-et-arbustes/seringat/33648-philadelphus-coronarius.html
33505-23702;720291;86;20170113;https://www.jardiland.com/plantes/arbres-et-arbustes-d-ornement/arbres-et-arbustes/perovskia/33505-perovskia-blue-spire.html
33493-21527;650807;86;20170113;https://www.jardiland.com/plantes/arbres-et-arbustes-d-ornement/arbres-et-arbustes/orme/33493-orme-lutecer-nanguen.html
33476-16707;585922;86;20170113;https://www.jardiland.com/plantes/arbres-et-arbustes-d-ornement/arbres-et-arbustes/noisetier-ornemental/33476-noisetier.html
41540-17953;592945;86;20170113;https://www.jardiland.com/plantes/arbres-et-arbustes-d-ornement/arbres-et-arbustes/murier/41540-murier-a-feuilles-de-platane.html
33465-17480;589676;86;20170113;https://www.jardiland.com/plantes/arbres-et-arbustes-d-ornement/arbres-et-arbustes/millepertuis/33465-millepertuis-hidcote.html
33459-27324;882686;86;20170113;https://www.jardiland.com/plantes/arbres-et-arbustes-d-ornement/arbres-et-arbustes/marronnier/33459-marronnier-rouge-briotii.html
33535-17926;592740;86;20170113;https://www.jardiland.com/plantes/arbres-et-arbustes-d-ornement/arbres-et-arbustes/pommier-d-ornement/33535-malus-perpetur-evereste-pbr.html
33539-29758;954883;86;20170113;https://www.jardiland.com/plantes/arbres-et-arbustes-d-ornement/arbres-et-arbustes/pommier-d-ornement/33539-malus-coccinellar-courtarou-pbr.html
33454-12886;1398917;86;20170113;https://www.jardiland.com/plantes/arbres-et-arbustes-d-ornement/arbres-et-arbustes/mahonia/33454-mahonia-soft-caress.html
33454-9823;1315880;86;20170113;https://www.jardiland.com/plantes/arbres-et-arbustes-d-ornement/arbres-et-arbustes/mahonia/33454-mahonia-soft-caress.html
33446-17853;592166;86;20170113;https://www.jardiland.com/plantes/arbres-et-arbustes-d-ornement/arbres-et-arbustes/lonicera/33446-lonicera-nitida.html
33441-38800;591884;86;20170113;https://www.jardiland.com/plantes/arbres-et-arbustes-d-ornement/arbres-et-arbustes/liquidambar/33441-liquidambar-worplesdon.html
33441-17820;591888;86;20170113;https://www.jardiland.com/plantes/arbres-et-arbustes-d-ornement/arbres-et-arbustes/liquidambar/33441-liquidambar-worplesdon.html
33403-17681;591576;86;20170113;https://www.jardiland.com/plantes/arbres-et-arbustes-d-ornement/arbres-et-arbustes/lavatere/33403-lavatera-rosea.html
33320-47164;588816;86;20170113;https://www.jardiland.com/plantes/arbres-et-arbustes-d-ornement/arbres-et-arbustes/hibiscus/33320-hibiscus-syriacus-china-chiffon.html
33317-22464;678429;86;20170113;https://www.jardiland.com/plantes/arbres-et-arbustes-d-ornement/arbres-et-arbustes/hetre/33317-hetre-commun.html
33293-17230;588153;86;20170113;https://www.jardiland.com/plantes/arbres-et-arbustes-d-ornement/arbres-et-arbustes/genet/33293-genet-porlock.html
33254-17101;587553;86;20170113;https://www.jardiland.com/plantes/arbres-et-arbustes-d-ornement/arbres-et-arbustes/fusain/33254-fusain-du-japon-bravo.html
33230-26832;867410;86;20170113;https://www.jardiland.com/plantes/arbres-et-arbustes-d-ornement/arbres-et-arbustes/forsythia/33230-forsythia-week-endr-courtalyn.html
33227-16838;587942;86;20170113;https://www.jardiland.com/plantes/arbres-et-arbustes-d-ornement/arbres-et-arbustes/forsythia/33227-forsythia-lynwood.html
33268-13828;1429725;86;20170113;https://www.jardiland.com/plantes/arbres-et-arbustes-d-ornement/arbres-et-arbustes/fusain/33268-euonymus-japonicus-microphyllus-albovariegatus.html
33258-27614;877063;86;20170113;https://www.jardiland.com/plantes/arbres-et-arbustes-d-ornement/arbres-et-arbustes/fusain/33258-euonymus-japonicus-louisette.html
33255-17105;587562;86;20170113;https://www.jardiland.com/plantes/arbres-et-arbustes-d-ornement/arbres-et-arbustes/fusain/33255-euonymus-japonicus-bravo.html
41528-44427;587660;86;20170113;https://www.jardiland.com/plantes/arbres-et-arbustes-d-ornement/arbres-et-arbustes/fusain/41528-euonymus-japonicus.html
33190-39576;733303;86;20170113;https://www.jardiland.com/plantes/arbres-et-arbustes-d-ornement/arbres-et-arbustes/erable/33190-erable-champetre.html
33190-16175;581755;86;20170113;https://www.jardiland.com/plantes/arbres-et-arbustes-d-ornement/arbres-et-arbustes/erable/33190-erable-champetre.html
33190-16166;581695;86;20170113;https://www.jardiland.com/plantes/arbres-et-arbustes-d-ornement/arbres-et-arbustes/erable/33190-erable-champetre.html
33181-16969;587014;86;20170113;https://www.jardiland.com/plantes/arbres-et-arbustes-d-ornement/arbres-et-arbustes/elaeagnus/33181-eleagnus-x-ebbingei.html
33178-22364;675779;86;20170113;https://www.jardiland.com/plantes/arbres-et-arbustes-d-ornement/arbres-et-arbustes/elaeagnus/33178-elaeagnus-x-ebbingei-gilt-edge.html
33160-16917;586822;86;20170113;https://www.jardiland.com/plantes/arbres-et-arbustes-d-ornement/arbres-et-arbustes/deutzia/33160-deutzia-gracilis.html
33158-17588;590620;86;20170113;https://www.jardiland.com/plantes/arbres-et-arbustes-d-ornement/arbres-et-arbustes/cytise/33158-cytise-vossii.html
33152-16776;586183;86;20170113;https://www.jardiland.com/plantes/arbres-et-arbustes-d-ornement/arbres-et-arbustes/cotoneaster/33152-cotoneaster-salicifolius-green-carpet.html
33150-24252;741518;86;20170113;https://www.jardiland.com/plantes/arbres-et-arbustes-d-ornement/arbres-et-arbustes/cotoneaster/33150-cotoneaster-procumbens-streib-s-findling.html
33147-16754;586127;86;20170113;https://www.jardiland.com/plantes/arbres-et-arbustes-d-ornement/arbres-et-arbustes/cotoneaster/33147-cotoneaster-horizontalis.html
33308-16702;585903;86;20170113;https://www.jardiland.com/plantes/arbres-et-arbustes-d-ornement/arbres-et-arbustes/herbe-de-la-pampa/33308-cortaderia-selloana-argentea.html
33309-16706;585909;86;20170113;https://www.jardiland.com/plantes/arbres-et-arbustes-d-ornement/arbres-et-arbustes/herbe-de-la-pampa/33309-cortaderia-selloana-rosea.html
33136-58993;585844;86;20170113;https://www.jardiland.com/plantes/arbres-et-arbustes-d-ornement/arbres-et-arbustes/cornouiller/33136-cornouiller-sanguin.html
46104-56332;878679;86;20170113;https://www.jardiland.com/plantes/arbres-et-arbustes-d-ornement/arbres-et-arbustes/cornouiller/46104-cornouiller-du-japon-milky-way.html
33127-45746;807753;86;20170113;https://www.jardiland.com/plantes/arbres-et-arbustes-d-ornement/arbres-et-arbustes/cornouiller/33127-cornouiller-a-fleurs-cherokee-chief.html
33137-16696;585853;86;20170113;https://www.jardiland.com/plantes/arbres-et-arbustes-d-ornement/arbres-et-arbustes/cornouiller/33137-cornouiller-a-bois-jaune-flaviramea.html
33105-16515;583986;86;20170113;https://www.jardiland.com/plantes/arbres-et-arbustes-d-ornement/arbres-et-arbustes/cognassier-du-japon/33105-cognassier-a-fleurs-cameo.html
33086-9843;1316564;86;20170113;https://www.jardiland.com/plantes/arbres-et-arbustes-d-ornement/arbres-et-arbustes/chene/33086-chene-pubescent-truffier.html
33086-8200;1280678;86;20170113;https://www.jardiland.com/plantes/arbres-et-arbustes-d-ornement/arbres-et-arbustes/chene/33086-chene-pubescent-truffier.html
33082-12450;1388793;86;20170113;https://www.jardiland.com/plantes/arbres-et-arbustes-d-ornement/arbres-et-arbustes/charme/33082-charme-commun-truffier.html
33075-21703;654277;86;20170113;https://www.jardiland.com/plantes/arbres-et-arbustes-d-ornement/arbres-et-arbustes/ceanothe/33075-ceanothus-thyrsiflorus-skylark.html
33075-16209;583331;86;20170113;https://www.jardiland.com/plantes/arbres-et-arbustes-d-ornement/arbres-et-arbustes/ceanothe/33075-ceanothus-thyrsiflorus-skylark.html
33074-16382;583325;86;20170113;https://www.jardiland.com/plantes/arbres-et-arbustes-d-ornement/arbres-et-arbustes/ceanothe/33074-ceanothe-rampant.html
33074-16065;583307;86;20170113;https://www.jardiland.com/plantes/arbres-et-arbustes-d-ornement/arbres-et-arbustes/ceanothe/33074-ceanothe-rampant.html
33049-54176;1477925;86;20170113;https://www.jardiland.com/plantes/arbres-et-arbustes-d-ornement/arbres-et-arbustes/caryopteris/33049-caryopteris-clandonensis.html
33603-27870;883049;86;20170113;https://www.jardiland.com/plantes/arbres-et-arbustes-d-ornement/arbres-et-arbustes/pyracantha/33603-buisson-ardent-orange-glow.html
33035-16139;581428;86;20170113;https://www.jardiland.com/plantes/arbres-et-arbustes-d-ornement/arbres-et-arbustes/buddleia/33035-buddleja-davidii-royal-red.html
33030-16129;581376;86;20170113;https://www.jardiland.com/plantes/arbres-et-arbustes-d-ornement/arbres-et-arbustes/buddleia/33030-buddleja-davidii-empire-blue.html
33029-15921;581359;86;20170113;https://www.jardiland.com/plantes/arbres-et-arbustes-d-ornement/arbres-et-arbustes/buddleia/33029-buddleja-davidii-black-knight.html
41520-16107;581089;86;20170113;https://www.jardiland.com/plantes/arbres-et-arbustes-d-ornement/arbres-et-arbustes/bouleau/41520-bouleau-blanc.html
33011-16103;581063;86;20170113;https://www.jardiland.com/plantes/arbres-et-arbustes-d-ornement/arbres-et-arbustes/berberis/33011-berberis-thunbergii-green-carpet.html
32965-23385;710701;86;20170113;https://www.jardiland.com/plantes/arbres-et-arbustes-d-ornement/arbres-et-arbustes/aucuba/32965-aucuba-japonica-crotonifolia.html
32954-16405;583644;86;20170113;https://www.jardiland.com/plantes/arbres-et-arbustes-d-ornement/arbres-et-arbustes/arbre-de-judee/32954-arbre-de-judee.html
32948-16394;583582;86;20170113;https://www.jardiland.com/plantes/arbres-et-arbustes-d-ornement/arbres-et-arbustes/arbre-caramel/32948-arbre-caramel.html
32944-27895;884201;86;20170113;https://www.jardiland.com/plantes/arbres-et-arbustes-d-ornement/arbres-et-arbustes/arbre-a-perruques/32944-arbre-a-perruque.html
32926-15837;578618;86;20170113;https://www.jardiland.com/plantes/arbres-et-arbustes-d-ornement/arbres-et-arbustes/abelia/32926-abelia-x-grandiflora-prostrata.html
32929-21324;643367;86;20170113;https://www.jardiland.com/plantes/arbres-et-arbustes-d-ornement/arbres-et-arbustes/abelia/32929-abelia-a-grandes-fleurs.html
32929-15842;578631;86;20170113;https://www.jardiland.com/plantes/arbres-et-arbustes-d-ornement/arbres-et-arbustes/abelia/32929-abelia-a-grandes-fleurs.html
