ID_WEB;ID_JDN;CODEMAG;DATE_ASPI;URLPRODUIT
48400-48400;1321381;100;20170114;https://www.jardiland.com/maison-deco/art-de-la-table/conserves-et-bocaux/congelation/48400-sacs-sous-vide-gauffres-20-x-30-x-50-cm.html
3295-3295;1410313;100;20170114;https://www.jardiland.com/maison-deco/cache-pot-d-interieur/cache-pot-simple/porte-plante/3295-cache-pot-en-fer-enduit-decoratif-he-39-cm.html
2972-2972;1415154;100;20170114;https://www.jardiland.com/maison-deco/mobilier-d-interieur/2972-table-d-appoint-carree-le-25-cm.html
3318-3318;1414584;100;20170114;https://www.jardiland.com/maison-deco/objets-de-decoration/autres-objets-de-decoration/plateau-et-serviteur/3318-serviteur-couleur-agent-o-20-x-ho-29-cm.html
3361-3361;1414630;100;20170114;https://www.jardiland.com/maison-deco/objets-de-decoration/autres-objets-de-decoration/autres-objets-de-decoration/3361-decoration-oiseau-couleur-rouille-he-15e5-cm.html
36840-36840;1333821;100;20170114;https://www.jardiland.com/maison-deco/objets-de-decoration/figurines-et-peluches/peluche/36840-lapin-en-peluche-h-30-cm.html
58496-58496;1454331;100;20170114;https://www.jardiland.com/maison-deco/objets-de-decoration/rangement-boites-et-paniers/coffret-et-boite-de-rangement/58496-vide-poche-en-forme-de-feuille-28-5-25-2-5-cm.html
58495-58495;1454332;100;20170114;https://www.jardiland.com/maison-deco/objets-de-decoration/rangement-boites-et-paniers/coffret-et-boite-de-rangement/58495-vide-poche-en-forme-de-feuille-19-17-2-5-cm.html
50996-50996;1456364;100;20170114;https://www.jardiland.com/maison-deco/objets-de-decoration/rangement-boites-et-paniers/boite-fantaisie/50996-sac-a-lunch-isotherme-rosa-je-suis-rose.html
2111-2111;1355497;100;20170114;https://www.jardiland.com/maison-deco/objets-de-decoration/plantes-artificielles/plante-et-fleur/2111-mini-boule-de-buis-artificiel.html
2611-2611;1408233;100;20170114;https://www.jardiland.com/maison-deco/objets-de-decoration/vases-coupes-et-accessoires/pot-et-coupe/2611-photophore-dentelle-en-metal-blanc-ajoure-o-11-cm.html
1258-1258;1273270;100;20170114;https://www.jardiland.com/maison-deco/objets-de-decoration/vases-coupes-et-accessoires/vase-et-coupe-en-verre/1258-moyenne-cloche-en-verre-decorative-o-18o5-x-ho-27-cm.html
41188-41188;1402877;100;20170114;https://www.jardiland.com/maison-deco/objets-de-decoration/bougies-et-senteurs/parfum-d-ambiance-diffuseur-a-froid/41188-rose-bouquet-parfume-savon-d-autrefois-lampe-berger.html
32918-14541;1441600;100;20170114;https://www.jardiland.com/maison-deco/objets-de-decoration/bougies-et-senteurs/parfum-d-ambiance-diffuseur-a-froid/32918-parfum-goatier-cocoon.html
32914-10317;1345660;100;20170114;https://www.jardiland.com/maison-deco/objets-de-decoration/bougies-et-senteurs/diffuseur-de-parfum-et-recharge/32914-lampe-berger-torsadee-satinee.html
32916-10309;1345623;100;20170114;https://www.jardiland.com/maison-deco/objets-de-decoration/bougies-et-senteurs/diffuseur-de-parfum-et-recharge/32916-lampe-berger-sweet-bubble.html
41191-41191;1418980;100;20170114;https://www.jardiland.com/maison-deco/objets-de-decoration/bougies-et-senteurs/parfum-d-ambiance-diffuseur-a-froid/41191-cube-bouquet-parfume-bouquet-sensuel-lampe-berger.html
52717-52717;1432919;100;20170114;https://www.jardiland.com/maison-deco/objets-de-decoration/bougeoirs-photophores-et-lanternes/lanterne/52717-photophore-jaune.html
5081-5081;729458;100;20170114;https://www.jardiland.com/animaux/oiseau/hygiene-et-soins/soin-de-l-animal/5081-baignoire-d-exterieure-molitor.html
5758-5758;957350;100;20170114;https://www.jardiland.com/animaux/poisson/materiel-chauffage-filtres-et-pompes/aeration/5758-ventouse-crochet-aerateur-x4-1.html
32538-15301;543579;100;20170114;https://www.jardiland.com/animaux/poisson/materiel-chauffage-filtres-et-pompes/pompe/32538-pompe.html
5520-5520;957344;100;20170114;https://www.jardiland.com/animaux/poisson/materiel-chauffage-filtres-et-pompes/aeration/5520-diffuseur-d-air-cylindrique-5-cm.html
5517-5517;957338;100;20170114;https://www.jardiland.com/animaux/poisson/materiel-chauffage-filtres-et-pompes/aeration/5517-diffuseur-d-air-boule-3-cm.html
1940-1940;1336293;100;20170114;https://www.jardiland.com/animaux/poisson/materiel-chauffage-filtres-et-pompes/nettoyage-aquarium/1940-cloche-de-nettoyage-extensible.html
32531-15318;543748;100;20170114;https://www.jardiland.com/animaux/poisson/materiel-chauffage-filtres-et-pompes/masse-de-filtration/32531-charbon-de-filtration-actikool.html
32429-27130;867714;100;20170114;https://www.jardiland.com/animaux/poisson/decoration-pour-aquarium/sable-et-autres-graviers/32429-quartz-fluo-1-kg.html
32433-8280;1260997;100;20170114;https://www.jardiland.com/animaux/poisson/decoration-pour-aquarium/sable-et-autres-graviers/32433-quartz-couleur-deco-1-kg.html
32432-27122;867705;100;20170114;https://www.jardiland.com/animaux/poisson/decoration-pour-aquarium/sable-et-autres-graviers/32432-quartz-3-litres.html
32421-9596;1304965;100;20170114;https://www.jardiland.com/animaux/poisson/decoration-pour-aquarium/plante-artificielle/32421-decor-pour-aquarium-salicorne.html
98-98;1014827;100;20170114;https://www.jardiland.com/animaux/poisson/decoration-pour-aquarium/plante-artificielle/98-decor-pour-aquarium-feuillage-2-brins.html
62901-62873;1469186;100;20170114;https://www.jardiland.com/animaux/poisson/aquariums/meuble-pour-aquarium/62901-meuble-pour-aquarium-lido-120-1.html
1547-1547;1308174;100;20170114;https://www.jardiland.com/animaux/poisson/aquariums/aquarium-non-equipe/1547-aquarium-scalaire-40-1.html
60077-60077;1486127;100;20170114;https://www.jardiland.com/animaux/poisson/aquariums/aquarium-pour-poisson-d-eau-froide/60077-aquarium-nexus-15-led-sans-filtre.html
50788-41256;1250305;100;20170114;https://www.jardiland.com/animaux/poisson/aquariums/aquarium-pour-poisson-d-eau-chaude/50788-aquarium-lido-120-l.html
65032-64980;1487301;100;20170114;https://www.jardiland.com/animaux/poisson/aquariums/aquarium-pour-poisson-d-eau-froide/65032-aquarium-led-inwa-start40-pack-pur.html
65032-64979;1487302;100;20170114;https://www.jardiland.com/animaux/poisson/aquariums/aquarium-pour-poisson-d-eau-froide/65032-aquarium-led-inwa-start40-pack-pur.html
46575-46575;1435886;100;20170114;https://www.jardiland.com/animaux/basse-cour/poulaillers-clapiers-et-accessoires/clapier-et-parc/46575-parc-a-lapins-carre-le-120-cm.html
40878-40878;696847;100;20170114;https://www.jardiland.com/animaux/basse-cour/poulaillers-clapiers-et-accessoires/equipement/40878-oeuf-factice.html
467-467;1248167;100;20170114;https://www.jardiland.com/animaux/chat/jeux-et-jouets/467-mix-safari-avec-grelot.html
50004-50004;1458621;100;20170114;https://www.jardiland.com/animaux/chat/hygiene-soins-et-litieres/litiere/50004-litiere-agglomeree-minerale-5l.html
62892-62847;1439198;100;20170114;https://www.jardiland.com/animaux/chat/alimentation-et-friandises/boite-et-sachet-fraicheur/62892-schesir-patee-pour-chats-adultes-70-g.html
62892-62846;1439199;100;20170114;https://www.jardiland.com/animaux/chat/alimentation-et-friandises/boite-et-sachet-fraicheur/62892-schesir-patee-pour-chats-adultes-70-g.html
62892-62845;1439203;100;20170114;https://www.jardiland.com/animaux/chat/alimentation-et-friandises/boite-et-sachet-fraicheur/62892-schesir-patee-pour-chats-adultes-70-g.html
31744-41331;1379413;100;20170114;https://www.jardiland.com/animaux/chat/alimentation-et-friandises/croquette-pour-chat/31744-royal-canin-kitten-sterilised.html
31704-41395;1424803;100;20170114;https://www.jardiland.com/animaux/chat/alimentation-et-friandises/croquette-pour-chat/31704-friskies-chat.html
31696-8250;1260290;100;20170114;https://www.jardiland.com/animaux/chat/alimentation-et-friandises/boite-et-sachet-fraicheur/31696-almo-nature-rouge-label.html
2898-2898;1403698;100;20170114;https://www.jardiland.com/animaux/rongeurs-et-petits-mammiferes/hygiene-et-soins/litiere/2898-litiere-confort-bois-nature.html
60080-60080;1481542;100;20170114;https://www.jardiland.com/animaux/rongeurs-et-petits-mammiferes/habitats-cages-et-accessoires/cage/60080-cage-cricetti-9-pirate-pour-hamsters.html
32126-13977;1423798;100;20170114;https://www.jardiland.com/animaux/chien/colliers-laisses-et-vetements/pull-pour-chien/32126-polaire-pour-chien-wouapy.html
32126-13976;1423797;100;20170114;https://www.jardiland.com/animaux/chien/colliers-laisses-et-vetements/pull-pour-chien/32126-polaire-pour-chien-wouapy.html
50853-50526;1405244;100;20170114;https://www.jardiland.com/animaux/chien/colliers-laisses-et-vetements/laisse-pour-chien/50853-laisse-retractable-cordon-new-classic-bleu.html
50831-50409;1434722;100;20170114;https://www.jardiland.com/animaux/chien/colliers-laisses-et-vetements/laisse-pour-chien/50831-laisse-nylon-1m.html
32096-13390;1405247;100;20170114;https://www.jardiland.com/animaux/chien/colliers-laisses-et-vetements/laisse-pour-chien/32096-laisse-enrouleur-flexi-new-classic-5-m.html
32059-11711;1372232;100;20170114;https://www.jardiland.com/animaux/chien/colliers-laisses-et-vetements/harnais/32059-harnais-pour-chien-pois-xs.html
32110-13643;1423763;100;20170114;https://www.jardiland.com/animaux/chien/colliers-laisses-et-vetements/manteau-pour-chien/32110-doudoune-pour-chien.html
50949-50949;679171;100;20170114;https://www.jardiland.com/animaux/chien/colliers-laisses-et-vetements/collier-pour-chien/50949-collier-reglable-mc-leather-10mm-jaune.html
62912-15135;541092;100;20170114;https://www.jardiland.com/animaux/chien/colliers-laisses-et-vetements/collier-pour-chien/62912-collier-reflex-nylon.html
32010-15133;540909;100;20170114;https://www.jardiland.com/animaux/chien/colliers-laisses-et-vetements/collier-pour-chien/32010-collier-pour-chien-rive.html
32012-38636;540862;100;20170114;https://www.jardiland.com/animaux/chien/colliers-laisses-et-vetements/collier-pour-chien/32012-collier-pour-chien-avec-bord-arrondi.html
32012-15132;540850;100;20170114;https://www.jardiland.com/animaux/chien/colliers-laisses-et-vetements/collier-pour-chien/32012-collier-pour-chien-avec-bord-arrondi.html
62918-11704;1372222;100;20170114;https://www.jardiland.com/animaux/chien/colliers-laisses-et-vetements/collier-pour-chien/62918-collier-nylon-pois.html
64655-64655;1464444;100;20170114;https://www.jardiland.com/animaux/chien/gamelles-ecuelles-et-distributeurs/gamelle-et-ecuelle/64655-gamelle-melaminee-gris-pour-chiens-350-ml.html
31904-41458;1300228;100;20170114;https://www.jardiland.com/animaux/chien/alimentation-et-friandises/croquette-pour-chien/31904-royal-canin-maxi-junior.html
4764-4764;647496;100;20170114;https://www.jardiland.com/animaux/chien/alimentation-et-friandises/biscuit/4764-pedigree-markies-junior.html
54413-54209;1430570;100;20170114;https://www.jardiland.com/animaux/chien/alimentation-et-friandises/croquette-pour-chien/54413-croquettes-pour-chiens-adultes-robustes-poulet.html
31914-41514;992152;100;20170114;https://www.jardiland.com/animaux/chien/alimentation-et-friandises/croquette-pour-chien/31914-croquettes-boxer-breed-healh-nutrition-adult.html
933-933;1252443;100;20170114;https://www.jardiland.com/amenagement-du-jardin/bassins-et-jardin-aquatique/alimentation/933-jbl-koi-energil-maxi.html
31256-13131;1402279;100;20170114;https://www.jardiland.com/amenagement-du-jardin/bassins-et-jardin-aquatique/decorations/31256-bassin-colour-pond.html
4758-4758;639967;100;20170114;https://www.jardiland.com/amenagement-du-jardin/bassins-et-jardin-aquatique/bassins/4758-bassin-calmus-145-l.html
60093-60093;1462307;100;20170114;https://www.jardiland.com/amenagement-du-jardin/abris-de-jardin-serres-et-rangements/serres/accessoires-de-serre/60093-jardiniere-vegtrug-poppy-vert.html
31296-6773;1017888;100;20170114;https://www.jardiland.com/amenagement-du-jardin/decorations/suspensions/31296-mobile-spirale-effet-d-optique.html
31663-14371;566369;100;20170114;https://www.jardiland.com/amenagement-du-jardin/pots-bacs-jardinieres-et-supports/tuteurs-et-supports-de-plante/tuteur/31663-anneaux-tuteurs.html
31429-43987;1463749;100;20170114;https://www.jardiland.com/amenagement-du-jardin/pots-bacs-jardinieres-et-supports/en-email/31429-vase-a-rebord-en-email.html
31478-44002;1463787;100;20170114;https://www.jardiland.com/amenagement-du-jardin/pots-bacs-jardinieres-et-supports/en-email/31478-pot-saintropp-en-terre-cuite.html
31461-10732;1352342;100;20170114;https://www.jardiland.com/amenagement-du-jardin/pots-bacs-jardinieres-et-supports/en-email/31461-pot-en-email-rose-des-bois.html
40521-38141;1349235;100;20170114;https://www.jardiland.com/amenagement-du-jardin/pots-bacs-jardinieres-et-supports/en-email/40521-pot-en-email-pessac.html
31464-9198;1292908;100;20170114;https://www.jardiland.com/amenagement-du-jardin/pots-bacs-jardinieres-et-supports/en-email/31464-pot-en-email-austral.html
31506-22953;692877;100;20170114;https://www.jardiland.com/amenagement-du-jardin/pots-bacs-jardinieres-et-supports/en-fibre/31506-pot-rond-en-fibre-washington-blanc.html
31502-8875;1294934;100;20170114;https://www.jardiland.com/amenagement-du-jardin/pots-bacs-jardinieres-et-supports/en-fibre/31502-pot-rond-en-fibre-dustwood.html
31593-22953;692877;100;20170114;https://www.jardiland.com/amenagement-du-jardin/pots-bacs-jardinieres-et-supports/en-terre-cuite/31593-soucoupe-en-terre-cuite-impermeable-antica.html
2990-2990;1403375;100;20170114;https://www.jardiland.com/amenagement-du-jardin/pots-bacs-jardinieres-et-supports/en-terre-cuite/2990-pot-en-terre-cuite-o-41-cabanon-deroma.html
1347-1347;1289280;100;20170114;https://www.jardiland.com/amenagement-du-jardin/pots-bacs-jardinieres-et-supports/en-terre-cuite/1347-pot-en-terre-cuite-basalt-oo-45-x-ho-51-1.html
436-436;1233681;100;20170114;https://www.jardiland.com/amenagement-du-jardin/pots-bacs-jardinieres-et-supports/en-terre-cuite/436-jardiniere-lisse-en-terre-cuite.html
31570-11120;1360536;100;20170114;https://www.jardiland.com/amenagement-du-jardin/pots-bacs-jardinieres-et-supports/en-plastique/31570-soucoupe-en-plastique-romeo.html
31512-10341;1360402;100;20170114;https://www.jardiland.com/amenagement-du-jardin/pots-bacs-jardinieres-et-supports/en-plastique/31512-soucoupe-en-plastique-granprisca.html
31512-10340;1360401;100;20170114;https://www.jardiland.com/amenagement-du-jardin/pots-bacs-jardinieres-et-supports/en-plastique/31512-soucoupe-en-plastique-granprisca.html
31512-10339;1360400;100;20170114;https://www.jardiland.com/amenagement-du-jardin/pots-bacs-jardinieres-et-supports/en-plastique/31512-soucoupe-en-plastique-granprisca.html
31549-11091;1360506;100;20170114;https://www.jardiland.com/amenagement-du-jardin/pots-bacs-jardinieres-et-supports/en-plastique/31549-pot-romeo.html
31549-11077;1360492;100;20170114;https://www.jardiland.com/amenagement-du-jardin/pots-bacs-jardinieres-et-supports/en-plastique/31549-pot-romeo.html
31540-7581;1236647;100;20170114;https://www.jardiland.com/amenagement-du-jardin/pots-bacs-jardinieres-et-supports/en-plastique/31540-pot-maceta.html
31542-13166;1402595;100;20170114;https://www.jardiland.com/amenagement-du-jardin/pots-bacs-jardinieres-et-supports/en-plastique/31542-pot-en-resine-cuenco.html
31543-6773;1017888;100;20170114;https://www.jardiland.com/amenagement-du-jardin/pots-bacs-jardinieres-et-supports/en-plastique/31543-pot-cylindro-design-rotomoule.html
7965-7965;1250914;100;20170114;https://www.jardiland.com/amenagement-du-jardin/amenagement/treillages-pergolas-et-arches/pergola-et-arceau/7965-brosse-metallique.html
31163-19504;604139;100;20170114;https://www.jardiland.com/amenagement-du-jardin/amenagement/bordures/31163-bordure-a-gazon.html
31220-15365;545052;100;20170114;https://www.jardiland.com/amenagement-du-jardin/barbecues-cuisine-exterieur/autres/accessoires-de-barbecue/31220-housse-standard-pour-barbecue.html
3795-3795;545165;100;20170114;https://www.jardiland.com/amenagement-du-jardin/barbecues-cuisine-exterieur/autres/accessoires-de-barbecue/3795-grande-brosse-en-bois-avec-manche-en-bois-et-grattoir-en-metal.html
2573-2573;1394560;100;20170114;https://www.jardiland.com/amenagement-du-jardin/barbecues-cuisine-exterieur/autres/combustible/2573-cubes-allume-feu.html
2572-2572;1394559;100;20170114;https://www.jardiland.com/amenagement-du-jardin/barbecues-cuisine-exterieur/autres/combustible/2572-allumes-barbecue-naturels.html
31297-40348;964651;100;20170114;https://www.jardiland.com/amenagement-du-jardin/eclairage-et-chauffage-d-exterieur/bougies-d-exterieur/31297-huile-vegetale-parfumee-lelia.html
31300-12977;1400658;100;20170114;https://www.jardiland.com/amenagement-du-jardin/eclairage-et-chauffage-d-exterieur/bougies-d-exterieur/31300-bougie-en-bocal-le-parfait-taille-s.html
49971-55969;1464812;100;20170114;https://www.jardiland.com/amenagement-du-jardin/mobilier-de-jardin/accessoires-coussins-et-entretien/coussin/49971-mini-polochon-en-polyester-17-x-30-cm.html
36697-36697;1295263;100;20170114;https://www.jardiland.com/amenagement-du-jardin/mobilier-de-jardin/salon-de-jardin/salon-en-resine-tressee/36697-table-carolina.html
48402-48402;1316483;100;20170114;https://www.jardiland.com/jardinage/bricolage-droguerie/outillage/quincaillerie-et-fixation/48402-support-bloque-manche.html
41051-41051;1316480;100;20170114;https://www.jardiland.com/jardinage/bricolage-droguerie/outillage/quincaillerie-et-fixation/41051-support-bloc-manche.html
41052-41052;1316481;100;20170114;https://www.jardiland.com/jardinage/bricolage-droguerie/outillage/quincaillerie-et-fixation/41052-support-3-blocs-manches-2-crochets.html
48401-48401;1316484;100;20170114;https://www.jardiland.com/jardinage/bricolage-droguerie/outillage/quincaillerie-et-fixation/48401-range-outil-a-manche-ou-balai.html
41054-41054;1316488;100;20170114;https://www.jardiland.com/jardinage/bricolage-droguerie/outillage/quincaillerie-et-fixation/41054-crochet-porte-tuyau.html
41048-41048;1224434;100;20170114;https://www.jardiland.com/jardinage/bricolage-droguerie/articles-de-cave/41048-boucheuse-classique-2-leviers.html
2474-2474;1384408;100;20170114;https://www.jardiland.com/jardinage/semis-protections-et-accessoires-de-jardinage/appareils-de-mesure/station-meteo/2474-station-meteo-quadro.html
4656-4656;576941;100;20170114;https://www.jardiland.com/jardinage/semis-protections-et-accessoires-de-jardinage/serres-et-chassis/mini-serre/4656-mini-serre-regulation-humidite.html
54696-54696;576409;100;20170114;https://www.jardiland.com/jardinage/arrosage/arrosoirs/54696-arrosoir-donna-2-l.html
59654-59654;660808;100;20170114;https://www.jardiland.com/jardinage/outils-et-materiel-du-jardinier/grands-outils-de-jardin/manche-pour-outil/59654-manche-de-faux-avec-anneau.html
59708-59708;1314912;100;20170114;https://www.jardiland.com/jardinage/outils-et-materiel-du-jardinier/grands-outils-de-jardin/autres-grands-outils/59708-griffe-rotative.html
4487-4487;573915;100;20170114;https://www.jardiland.com/jardinage/outils-et-materiel-du-jardinier/grands-outils-de-jardin/binette-houe-et-serfouette/4487-binette-a-rosiers-soudee.html
4608-4608;576353;100;20170114;https://www.jardiland.com/jardinage/outils-et-materiel-du-jardinier/grands-outils-de-jardin/bechee-louchet-et-pelle/4608-beche-senlis-a-rebord.html
50838-47045;1433742;100;20170114;https://www.jardiland.com/jardinage/equipement-du-jardinier/vetements/50838-chapeau-ajoure-paille-homme.html
50838-47032;1433740;100;20170114;https://www.jardiland.com/jardinage/equipement-du-jardinier/vetements/50838-chapeau-ajoure-paille-homme.html
43383-42454;1018651;100;20170114;https://www.jardiland.com/jardinage/equipement-du-jardinier/bottes-et-sabots/43383-sabots-lamone-brun.html
4-4;1014274;100;20170114;https://www.jardiland.com/jardinage/entretien-et-traitements/pulverisateurs/pulverisateur-a-pression/4-pulverisateur-12-l.html
5374-5374;876516;100;20170114;https://www.jardiland.com/jardinage/entretien-et-traitements/pulverisateurs/accessoires-de-pulverisation/5374-coude-avec-buses.html
48310-48310;577249;100;20170114;https://www.jardiland.com/jardinage/entretien-et-traitements/anti-nuisibles-pieges-et-repulsifs/lutte-contre-les-rats-souris-taupes-et-rongeurs/48310-piege-a-taupes-tube.html
37671-37671;707069;100;20170114;https://www.jardiland.com/plantes/sapins-de-noel/sapins-artificiels/sapin-artificiel-blanc/37671-sapin-artificiel-icelandic-185-cm.html
40836-38641;556321;100;20170114;https://www.jardiland.com/plantes/sapins-de-noel/supports-pieds-et-accessoires-de-sapin/40836-pied-de-sapin-en-fer.html
18194-18194;594757;100;20170114;https://www.jardiland.com/plantes/plantes-artificielles/plantes-artificielles/tige-fleurie/18194-perovskia-blue-spire.html
16930-16930;586886;100;20170114;https://www.jardiland.com/plantes/plantes-artificielles/plantes-artificielles/fruit-et-legume/16930-deutzia-x-rosea-carminea.html
35715-49832;742005;100;20170114;https://www.jardiland.com/plantes/plantes-d-interieur/plantes-carnivores/autres-plantes-carnivores/35715-pinguicula-tina.html
35589-59399;1317472;100;20170114;https://www.jardiland.com/plantes/plantes-d-interieur/bonsais/ficus/35589-ficus-ginseng.html
35589-21798;656087;100;20170114;https://www.jardiland.com/plantes/plantes-d-interieur/bonsais/ficus/35589-ficus-ginseng.html
35658-56152;899268;100;20170114;https://www.jardiland.com/plantes/plantes-d-interieur/cactus-et-plantes-grasses/mammillaria/35658-mammillaria.html
35597-43882;1463207;100;20170114;https://www.jardiland.com/plantes/plantes-d-interieur/cactus-et-plantes-grasses/aloe/35597-aloe-vera.html
36118-20356;631814;100;20170114;https://www.jardiland.com/plantes/plantes-d-interieur/plantes-vertes/tradescantia/36118-tradescantia-pour-suspension.html
36119-20752;633178;100;20170114;https://www.jardiland.com/plantes/plantes-d-interieur/plantes-vertes/tradescantia/36119-tradescantia.html
36106-20629;632730;100;20170114;https://www.jardiland.com/plantes/plantes-d-interieur/plantes-vertes/scindapsus/36106-scindapsus-aureus-epiprenum-aureum.html
36066-26700;856470;100;20170114;https://www.jardiland.com/plantes/plantes-d-interieur/plantes-vertes/nolina-beaucarnea/36066-pied-d-elephant.html
36066-20445;632379;100;20170114;https://www.jardiland.com/plantes/plantes-d-interieur/plantes-vertes/nolina-beaucarnea/36066-pied-d-elephant.html
36068-22750;687479;100;20170114;https://www.jardiland.com/plantes/plantes-d-interieur/plantes-vertes/pachira/36068-pachira-aquatica.html
36045-27621;877154;100;20170114;https://www.jardiland.com/plantes/plantes-d-interieur/plantes-vertes/kentia/36045-kentia-de-foster.html
5963-5963;716499;100;20170114;https://www.jardiland.com/plantes/plantes-d-interieur/plantes-vertes/fittonia/5963-fittonia-mini-plante.html
35989-10235;1344436;100;20170114;https://www.jardiland.com/plantes/plantes-d-interieur/plantes-vertes/dracaena/35989-dracaena-fragrans-kanzi-mini-plante.html
35950-22979;711516;100;20170114;https://www.jardiland.com/plantes/plantes-d-interieur/plantes-vertes/cycas/35950-cycas-du-japon.html
35937-55431;822265;100;20170114;https://www.jardiland.com/plantes/plantes-d-interieur/plantes-vertes/chlorophytum/35937-chlorophytum-comosum.html
35917-12240;1381542;100;20170114;https://www.jardiland.com/plantes/plantes-d-interieur/plantes-vertes/calathea/35917-calathea-zebrina.html
35822-20321;631713;100;20170114;https://www.jardiland.com/plantes/plantes-d-interieur/plantes-fleuries/rosier-miniature/35822-rosier-miniature.html
62696-62668;878119;100;20170114;https://www.jardiland.com/plantes/plantes-d-interieur/plantes-fleuries/poinsettia/62696-poinsettia-paillete.html
48186-55756;1002265;100;20170114;https://www.jardiland.com/plantes/plantes-d-interieur/plantes-fleuries/lis/48186-lys-oriental.html
35795-20715;633049;100;20170114;https://www.jardiland.com/plantes/plantes-d-interieur/plantes-fleuries/impatiens-de-nouvelle-guinee/35795-impatiens-de-nouvelle-guinee.html
62703-64993;1496761;100;20170114;https://www.jardiland.com/plantes/plantes-d-interieur/plantes-fleuries/tillandsia/62703-fille-de-l-air.html
62703-64984;1463179;100;20170114;https://www.jardiland.com/plantes/plantes-d-interieur/plantes-fleuries/tillandsia/62703-fille-de-l-air.html
62703-64983;1378096;100;20170114;https://www.jardiland.com/plantes/plantes-d-interieur/plantes-fleuries/tillandsia/62703-fille-de-l-air.html
35752-22264;674216;100;20170114;https://www.jardiland.com/plantes/plantes-d-interieur/plantes-fleuries/azalee/35752-azalee-d-interieur.html
35758-25630;823226;100;20170114;https://www.jardiland.com/plantes/plantes-d-interieur/plantes-fleuries/azalee/35758-azalea-christine.html
35730-7293;1225177;100;20170114;https://www.jardiland.com/plantes/plantes-d-interieur/plantes-fleuries/anthurium/35730-anthurium-dakota.html
75-75;1254086;100;20170114;https://www.jardiland.com/plantes/graines-et-gazon/gazon-et-prairies-fleuries/prairie-fleurie/75-prairie-fleurie-talus.html
53819-53819;1254064;100;20170114;https://www.jardiland.com/plantes/graines-et-gazon/gazon-et-prairies-fleuries/prairie-fleurie/53819-prairie-fleurie-arbres-frutiers.html
46691-46691;1252943;100;20170114;https://www.jardiland.com/plantes/graines-et-gazon/gazon-et-prairies-fleuries/prairie-fleurie/46691-melange-pour-terrains-secs-100-me.html
46838-46838;1252918;100;20170114;https://www.jardiland.com/plantes/graines-et-gazon/gazon-et-prairies-fleuries/prairie-fleurie/46838-melange-pour-terrains-humides-100-me.html
46668-46668;1252990;100;20170114;https://www.jardiland.com/plantes/graines-et-gazon/gazon-et-prairies-fleuries/prairie-fleurie/46668-melange-jachere-mellifere-100-me.html
54623-54623;1254242;100;20170114;https://www.jardiland.com/plantes/graines-et-gazon/graines-ludiques-et-kits/kits-pour-enfants/54623-mini-kit-ceramique-fraisier.html
210-210;1254250;100;20170114;https://www.jardiland.com/plantes/graines-et-gazon/graines-ludiques-et-kits/kits-pour-enfants/210-mini-arrosoir-capucine.html
4709-4709;602903;100;20170114;https://www.jardiland.com/plantes/graines-et-gazon/graines-de-fleurs/fleurs-annuelles/4709-tournseol-russian-giant.html
4009-4009;565083;100;20170114;https://www.jardiland.com/plantes/graines-et-gazon/graines-de-fleurs/fleurs-annuelles/4009-statice-sinuata-variee.html
46840-46840;1251810;100;20170114;https://www.jardiland.com/plantes/graines-et-gazon/graines-de-fleurs/fleurs-annuelles/46840-reine-marguerite-plume-d-autruche-variee.html
46687-46687;1251962;100;20170114;https://www.jardiland.com/plantes/graines-et-gazon/graines-de-fleurs/fleurs-annuelles/46687-reine-marguerite-merveille-des-naines-variee.html
46767-46767;1252930;100;20170114;https://www.jardiland.com/plantes/graines-et-gazon/graines-de-fleurs/melange-mixte/46767-melange-massif-jardin-asiatique-8-me.html
4710-4710;602906;100;20170114;https://www.jardiland.com/plantes/graines-et-gazon/graines-de-fleurs/fleurs-vivaces/4710-lupin-band-of-nobles-en-melange.html
46685-46685;1252007;100;20170114;https://www.jardiland.com/plantes/graines-et-gazon/graines-de-fleurs/fleurs-annuelles/46685-haricot-d-espagne-varie.html
5184-5184;933856;100;20170114;https://www.jardiland.com/plantes/graines-et-gazon/graines-potageres-et-aromatiques/radis-navets-carottes-et-autres-racines/5184-radis-de-18-jours-bio.html
813-813;1251880;100;20170114;https://www.jardiland.com/plantes/graines-et-gazon/graines-potageres-et-aromatiques/oignons/813-oignon-jaune-paille-des-vertus.html
53840-53840;1016452;100;20170114;https://www.jardiland.com/plantes/graines-et-gazon/graines-potageres-et-aromatiques/haricots/53840-haricot-nain-a-ecosser-coco-nain-blanc-precoce-bio.html
35561-28701;919965;100;20170114;https://www.jardiland.com/plantes/bulbes-et-pommes-de-terre/pommes-de-terre-et-tubercules/pommes-de-terre/35561-pomme-de-terre-precoce-dolwen-de-bretagne-sac.html
35016-29167;928950;100;20170114;https://www.jardiland.com/plantes/bulbes-et-pommes-de-terre/bulbes-a-fleurs/amaryllis/35016-amaryllis-rouge.html
35020-29219;931152;100;20170114;https://www.jardiland.com/plantes/bulbes-et-pommes-de-terre/bulbes-a-fleurs/amaryllis/35020-amaryllis.html
35020-28811;921115;100;20170114;https://www.jardiland.com/plantes/bulbes-et-pommes-de-terre/bulbes-a-fleurs/amaryllis/35020-amaryllis.html
42096-23470;720072;100;20170114;https://www.jardiland.com/plantes/potager-et-verger/fruitiers/prunier/42096-prunier-d-ente.html
42083-20273;627053;100;20170114;https://www.jardiland.com/plantes/potager-et-verger/fruitiers/pommier/42083-pommier-starking.html
42076-18630;597171;100;20170114;https://www.jardiland.com/plantes/potager-et-verger/fruitiers/pommier/42076-pommier-jonagold.html
45954-18610;597097;100;20170114;https://www.jardiland.com/plantes/potager-et-verger/fruitiers/pommier/45954-pommier-golden-delicious.html
36528-13050;1401754;100;20170114;https://www.jardiland.com/plantes/potager-et-verger/fruitiers/noisetier/36528-noisetier.html
34524-24865;807639;100;20170114;https://www.jardiland.com/plantes/potager-et-verger/fruitiers/kumquat/34524-kumquat-ovale.html
34522-17384;590549;100;20170114;https://www.jardiland.com/plantes/potager-et-verger/fruitiers/kumquat/34522-kumquat.html
36476-30308;971552;100;20170114;https://www.jardiland.com/plantes/potager-et-verger/fruitiers/groseillier-a-maquereaux/36476-groseillier-a-maquereaux-blanc.html
36462-21604;651968;100;20170114;https://www.jardiland.com/plantes/potager-et-verger/fruitiers/grenadier/36462-grenadier-a-fruits.html
36434-30307;971549;100;20170114;https://www.jardiland.com/plantes/potager-et-verger/fruitiers/figuier/36434-figuier-violette-de-sollies.html
42001-16453;583731;100;20170114;https://www.jardiland.com/plantes/potager-et-verger/fruitiers/cerisier/42001-cerisier-bigarreau-moreau.html
36417-30269;970811;100;20170114;https://www.jardiland.com/plantes/potager-et-verger/fruitiers/cassissier/36417-cassissier-blackdown.html
36417-29016;925116;100;20170114;https://www.jardiland.com/plantes/potager-et-verger/fruitiers/cassissier/36417-cassissier-blackdown.html
36416-28735;920150;100;20170114;https://www.jardiland.com/plantes/potager-et-verger/fruitiers/cassissier/36416-cassissier-andega.html
33381-21147;636845;100;20170114;https://www.jardiland.com/plantes/potager-et-verger/plantes-aromatiques/lavande/33381-lavande-dutch.html
33983-17533;590278;100;20170114;https://www.jardiland.com/plantes/arbres-et-arbustes-d-ornement/coniferes/genevrier/33983-juniperus-x-pfitzeriana-old-gold.html
33926-43140;848346;100;20170114;https://www.jardiland.com/plantes/arbres-et-arbustes-d-ornement/coniferes/chamaecyparis/33926-cypres-de-lawson-ellwoodii.html
33941-27194;875129;100;20170114;https://www.jardiland.com/plantes/arbres-et-arbustes-d-ornement/coniferes/cypres/33941-cupressus-sempervirens-totem.html
33940-16863;586524;100;20170114;https://www.jardiland.com/plantes/arbres-et-arbustes-d-ornement/coniferes/cypres/33940-cupressus-sempervirens-stricta.html
33937-8067;1253206;100;20170114;https://www.jardiland.com/plantes/arbres-et-arbustes-d-ornement/coniferes/cypres/33937-cupressus-sempervirens-american-blue.html
33942-8625;1281644;100;20170114;https://www.jardiland.com/plantes/arbres-et-arbustes-d-ornement/coniferes/cypres/33942-cupressus-sempervirens.html
33936-12585;1400320;100;20170114;https://www.jardiland.com/plantes/arbres-et-arbustes-d-ornement/coniferes/cypres/33936-cupressus-macrocarpa-goldcrest.html
33934-27639;877462;100;20170114;https://www.jardiland.com/plantes/arbres-et-arbustes-d-ornement/coniferes/cryptomeria/33934-cryptomeria-japonica-globosa-nana.html
33914-38717;584417;100;20170114;https://www.jardiland.com/plantes/arbres-et-arbustes-d-ornement/coniferes/chamaecyparis/33914-chamaecyparis-obtusa-nana-gracilis.html
33920-16212;584029;100;20170114;https://www.jardiland.com/plantes/arbres-et-arbustes-d-ornement/coniferes/chamaecyparis/33920-chamaecyparis-lawsoniana-alumigold.html
33820-38852;595314;100;20170114;https://www.jardiland.com/plantes/arbres-et-arbustes-d-ornement/bambous/phyllostachys/33820-bambou-phyllostachys-bissetii.html
33816-18312;595222;100;20170114;https://www.jardiland.com/plantes/arbres-et-arbustes-d-ornement/bambous/phyllostachys/33816-bambou-phyllostachys-aureosulcata-spectabilis.html
33817-18323;595273;100;20170114;https://www.jardiland.com/plantes/arbres-et-arbustes-d-ornement/bambous/phyllostachys/33817-bambou-phyllostachys-aurea.html
33807-55680;1366018;100;20170114;https://www.jardiland.com/plantes/arbres-et-arbustes-d-ornement/bambous/fargesia/33807-bambou-fargesia-nitida-great-wall.html
33800-44178;1427185;100;20170114;https://www.jardiland.com/plantes/arbres-et-arbustes-d-ornement/bambous/fargesia/33800-bambou-fargesia-murieliae.html
33880-12968;1400259;100;20170114;https://www.jardiland.com/plantes/arbres-et-arbustes-d-ornement/buis-et-topiaires/photinia-en-topiaire/33880-photinia-x-fraseri-red-robin.html
33880-12965;1400245;100;20170114;https://www.jardiland.com/plantes/arbres-et-arbustes-d-ornement/buis-et-topiaires/photinia-en-topiaire/33880-photinia-x-fraseri-red-robin.html
33878-38558;1450763;100;20170114;https://www.jardiland.com/plantes/arbres-et-arbustes-d-ornement/buis-et-topiaires/photinia-en-topiaire/33878-photinia-x-fraseri-nana.html
33877-30088;967086;100;20170114;https://www.jardiland.com/plantes/arbres-et-arbustes-d-ornement/buis-et-topiaires/laurier-en-topiaire/33877-laurier-sauce.html
33871-12964;1400243;100;20170114;https://www.jardiland.com/plantes/arbres-et-arbustes-d-ornement/buis-et-topiaires/houx-en-topiaire/33871-houx-crenele.html
33858-28201;899487;100;20170114;https://www.jardiland.com/plantes/arbres-et-arbustes-d-ornement/buis-et-topiaires/fusain-en-topiaire/33858-fusain-du-japon-aureomarginatus.html
33857-12963;1400234;100;20170114;https://www.jardiland.com/plantes/arbres-et-arbustes-d-ornement/buis-et-topiaires/cypres-en-topiaire/33857-cypres-de-l-arizona-fastigie.html
33847-25591;822409;100;20170114;https://www.jardiland.com/plantes/arbres-et-arbustes-d-ornement/buis-et-topiaires/buis/33847-buis-commun.html
33847-16167;581702;100;20170114;https://www.jardiland.com/plantes/arbres-et-arbustes-d-ornement/buis-et-topiaires/buis/33847-buis-commun.html
33841-16149;581528;100;20170114;https://www.jardiland.com/plantes/arbres-et-arbustes-d-ornement/buis-et-topiaires/buis/33841-buis-faulkner.html
33841-6938;1210973;100;20170114;https://www.jardiland.com/plantes/arbres-et-arbustes-d-ornement/buis-et-topiaires/buis/33841-buis-faulkner.html
34464-10075;1336270;100;20170114;https://www.jardiland.com/plantes/arbres-et-arbustes-d-ornement/plantes-grimpantes/lierre/34464-lierre-des-canaries.html
34470-7508;1232409;100;20170114;https://www.jardiland.com/plantes/arbres-et-arbustes-d-ornement/plantes-grimpantes/lierre/34470-lierre-commun-glacier.html
34468-17087;588670;100;20170114;https://www.jardiland.com/plantes/arbres-et-arbustes-d-ornement/plantes-grimpantes/lierre/34468-lierre-commun.html
34472-7061;1232293;100;20170114;https://www.jardiland.com/plantes/arbres-et-arbustes-d-ornement/plantes-grimpantes/lierre/34472-lierre-kolibri.html
34462-17287;588616;100;20170114;https://www.jardiland.com/plantes/arbres-et-arbustes-d-ornement/plantes-grimpantes/lierre/34462-lierre-gloire-de-marengo.html
34462-7506;1232401;100;20170114;https://www.jardiland.com/plantes/arbres-et-arbustes-d-ornement/plantes-grimpantes/lierre/34462-lierre-gloire-de-marengo.html
34465-28114;896451;100;20170114;https://www.jardiland.com/plantes/arbres-et-arbustes-d-ornement/plantes-grimpantes/lierre/34465-lierre-dentata-variegata.html
34454-17513;590010;100;20170114;https://www.jardiland.com/plantes/arbres-et-arbustes-d-ornement/plantes-grimpantes/jasmin/34454-jasmin-officinal.html
34447-19467;602588;100;20170114;https://www.jardiland.com/plantes/arbres-et-arbustes-d-ornement/plantes-grimpantes/glycine/34447-glycine-de-chine-bleu.html
34446-7498;1232304;100;20170114;https://www.jardiland.com/plantes/arbres-et-arbustes-d-ornement/plantes-grimpantes/glycine/34446-glycine-de-chine.html
34439-21866;667705;100;20170114;https://www.jardiland.com/plantes/arbres-et-arbustes-d-ornement/plantes-grimpantes/glycine/34439-glycine-multijuga.html
34434-47447;1378001;100;20170114;https://www.jardiland.com/plantes/arbres-et-arbustes-d-ornement/plantes-grimpantes/glycine/34434-glycine-amethyst-falls.html
34384-29473;945253;100;20170114;https://www.jardiland.com/plantes/arbres-et-arbustes-d-ornement/plantes-grimpantes/clematite/34384-clematite-a-grandes-fleurs.html
34397-16627;585104;100;20170114;https://www.jardiland.com/plantes/arbres-et-arbustes-d-ornement/plantes-grimpantes/clematite/34397-clematite-piilu.html
34388-23439;712722;100;20170114;https://www.jardiland.com/plantes/arbres-et-arbustes-d-ornement/plantes-grimpantes/clematite/34388-clematite.html
34366-31007;995256;100;20170114;https://www.jardiland.com/plantes/arbres-et-arbustes-d-ornement/plantes-grimpantes/chevrefeuille/34366-chevrefeuille-de-chine.html
34349-25373;817623;100;20170114;https://www.jardiland.com/plantes/arbres-et-arbustes-d-ornement/plantes-grimpantes/bignone/34349-bignone-mme-galen.html
34349-16286;582849;100;20170114;https://www.jardiland.com/plantes/arbres-et-arbustes-d-ornement/plantes-grimpantes/bignone/34349-bignone-mme-galen.html
34349-11414;1367764;100;20170114;https://www.jardiland.com/plantes/arbres-et-arbustes-d-ornement/plantes-grimpantes/bignone/34349-bignone-mme-galen.html
34349-7058;1232266;100;20170114;https://www.jardiland.com/plantes/arbres-et-arbustes-d-ornement/plantes-grimpantes/bignone/34349-bignone-mme-galen.html
34341-7961;1250587;100;20170114;https://www.jardiland.com/plantes/arbres-et-arbustes-d-ornement/plantes-grimpantes/autres-plantes-grimpantes/34341-araujia-sericifera.html
35003-51982;1469032;100;20170114;https://www.jardiland.com/plantes/arbres-et-arbustes-d-ornement/rosiers/rosiers-tiges-pleureurs/35003-rosier-sunevar-noalesa-paysager.html
41810-23563;718140;100;20170114;https://www.jardiland.com/plantes/arbres-et-arbustes-d-ornement/rosiers/rosiers-couvre-sols/41810-rosier-rushr-lenmobri-paysager.html
41624-21153;639393;100;20170114;https://www.jardiland.com/plantes/arbres-et-arbustes-d-ornement/rosiers/rosiers-buissons/41624-rosier-paris-matchr-richotale-grandes-fleurs.html
61016-60201;1442388;100;20170114;https://www.jardiland.com/plantes/arbres-et-arbustes-d-ornement/rosiers/rosiers-grimpants/61016-rosier-grimpant-a-grandes-fleurs-pierre-de-ronsardr-meiviolin.html
34990-48977;1450801;100;20170114;https://www.jardiland.com/plantes/arbres-et-arbustes-d-ornement/rosiers/rosiers-grimpants/34990-rosier-amadeusr-korlabriax-ancien.html
34322-24694;803762;100;20170114;https://www.jardiland.com/plantes/arbres-et-arbustes-d-ornement/plantes-de-terre-de-bruyere/rhododendron/34322-rhododendron-hybride-rose.html
34256-17901;592547;100;20170114;https://www.jardiland.com/plantes/arbres-et-arbustes-d-ornement/plantes-de-terre-de-bruyere/magnolia/34256-magnolia-x-soulangeana.html
34232-27486;884544;100;20170114;https://www.jardiland.com/plantes/arbres-et-arbustes-d-ornement/plantes-de-terre-de-bruyere/leucothoe/34232-leucothoe.html
34227-14314;1436885;100;20170114;https://www.jardiland.com/plantes/arbres-et-arbustes-d-ornement/plantes-de-terre-de-bruyere/hortensia/34227-hortensia-paniculata-sundae-fraise-r.html
34199-28382;905071;100;20170114;https://www.jardiland.com/plantes/arbres-et-arbustes-d-ornement/plantes-de-terre-de-bruyere/hortensia/34199-hortensia-paniculata-pink-diamond.html
41575-17429;589476;100;20170114;https://www.jardiland.com/plantes/arbres-et-arbustes-d-ornement/plantes-de-terre-de-bruyere/hortensia/41575-hortensia-a-grandes-feuilles-rose.html
34197-14301;1435998;100;20170114;https://www.jardiland.com/plantes/arbres-et-arbustes-d-ornement/plantes-de-terre-de-bruyere/hortensia/34197-hortensia-a-grandes-feuilles.html
34197-10037;1331165;100;20170114;https://www.jardiland.com/plantes/arbres-et-arbustes-d-ornement/plantes-de-terre-de-bruyere/hortensia/34197-hortensia-a-grandes-feuilles.html
34170-17090;589295;100;20170114;https://www.jardiland.com/plantes/arbres-et-arbustes-d-ornement/plantes-de-terre-de-bruyere/hortensia/34170-hortensia-renate-steiniger.html
34142-7257;1224360;100;20170114;https://www.jardiland.com/plantes/arbres-et-arbustes-d-ornement/plantes-de-terre-de-bruyere/erable-du-japon/34142-erable-du-japon-shirazz.html
34122-31041;996792;100;20170114;https://www.jardiland.com/plantes/arbres-et-arbustes-d-ornement/plantes-de-terre-de-bruyere/erable-du-japon/34122-erable-du-japon-deshojo.html
34120-27714;879154;100;20170114;https://www.jardiland.com/plantes/arbres-et-arbustes-d-ornement/plantes-de-terre-de-bruyere/erable-du-japon/34120-erable-du-japon-butterfly.html
41567-27974;885385;100;20170114;https://www.jardiland.com/plantes/arbres-et-arbustes-d-ornement/plantes-de-terre-de-bruyere/erable-du-japon/41567-erable-du-japon.html
41568-29827;956590;100;20170114;https://www.jardiland.com/plantes/arbres-et-arbustes-d-ornement/plantes-de-terre-de-bruyere/erable-du-japon/41568-erable-de-japon-garnet.html
34101-30032;980403;100;20170114;https://www.jardiland.com/plantes/arbres-et-arbustes-d-ornement/plantes-de-terre-de-bruyere/camelia/34101-camelia-du-japon.html
41566-29179;929689;100;20170114;https://www.jardiland.com/plantes/arbres-et-arbustes-d-ornement/plantes-de-terre-de-bruyere/camelia/41566-camelia.html
34824-19469;602611;100;20170114;https://www.jardiland.com/plantes/arbres-et-arbustes-d-ornement/plantes-mediterraneennes/palmiers/34824-yucca-filamentosa-bright-edge.html
34681-18494;596427;100;20170114;https://www.jardiland.com/plantes/arbres-et-arbustes-d-ornement/plantes-mediterraneennes/autres-plantes-mediterraneennes/34681-pittosporum-tenuifolium.html
34846-38443;1426812;100;20170114;https://www.jardiland.com/plantes/arbres-et-arbustes-d-ornement/plantes-mediterraneennes/palmiers/34846-palmier-nain-bleu-cerifera.html
34570-14404;1438898;100;20170114;https://www.jardiland.com/plantes/arbres-et-arbustes-d-ornement/plantes-mediterraneennes/autres-plantes-mediterraneennes/34570-mimosa-d-hiver-semis.html
34666-17611;591192;100;20170114;https://www.jardiland.com/plantes/arbres-et-arbustes-d-ornement/plantes-mediterraneennes/autres-plantes-mediterraneennes/34666-lilas-des-indes-yang-tser.html
34670-17727;591334;100;20170114;https://www.jardiland.com/plantes/arbres-et-arbustes-d-ornement/plantes-mediterraneennes/autres-plantes-mediterraneennes/34670-lilas-des-indes-violet.html
34566-17651;591603;100;20170114;https://www.jardiland.com/plantes/arbres-et-arbustes-d-ornement/plantes-mediterraneennes/autres-plantes-mediterraneennes/34566-leptospermum-scoparium.html
34548-8225;1277145;100;20170114;https://www.jardiland.com/plantes/arbres-et-arbustes-d-ornement/plantes-mediterraneennes/autres-plantes-mediterraneennes/34548-goji.html
34607-17035;587337;100;20170114;https://www.jardiland.com/plantes/arbres-et-arbustes-d-ornement/plantes-mediterraneennes/autres-plantes-mediterraneennes/34607-eucalyptus-gunnii.html
34584-51716;579718;100;20170114;https://www.jardiland.com/plantes/arbres-et-arbustes-d-ornement/plantes-mediterraneennes/autres-plantes-mediterraneennes/34584-albizia-ombrellar.html
34556-11298;1363416;100;20170114;https://www.jardiland.com/plantes/arbres-et-arbustes-d-ornement/plantes-mediterraneennes/autres-plantes-mediterraneennes/34556-albizia-ombrellar.html
33764-19419;602156;100;20170114;https://www.jardiland.com/plantes/arbres-et-arbustes-d-ornement/arbres-et-arbustes/vitex/33764-vitex-agnus-castus-f-latifolia.html
33682-13006;1401064;100;20170114;https://www.jardiland.com/plantes/arbres-et-arbustes-d-ornement/arbres-et-arbustes/sureau/33682-sambucus-nigra.html
33680-18929;599667;100;20170114;https://www.jardiland.com/plantes/arbres-et-arbustes-d-ornement/arbres-et-arbustes/sumac/33680-rhus-typhina.html
33582-18790;597917;100;20170114;https://www.jardiland.com/plantes/arbres-et-arbustes-d-ornement/arbres-et-arbustes/prunus/33582-prunus-serrulata-kanzan.html
33556-23858;731020;100;20170114;https://www.jardiland.com/plantes/arbres-et-arbustes-d-ornement/arbres-et-arbustes/potentille/33556-potentilla-fruticosa-goldfinger.html
33533-18850;598227;100;20170114;https://www.jardiland.com/plantes/arbres-et-arbustes-d-ornement/arbres-et-arbustes/poirier-d-ornement/33533-poirier-d-ornement-chanticleer.html
33514-11493;1369083;100;20170114;https://www.jardiland.com/plantes/arbres-et-arbustes-d-ornement/arbres-et-arbustes/photinia/33514-photinia-x-fraseri-pink-marbler-cassini.html
33510-26299;843316;100;20170114;https://www.jardiland.com/plantes/arbres-et-arbustes-d-ornement/arbres-et-arbustes/photinia/33510-photinia-x-fraseri-red-robin.html
33518-8549;1279568;100;20170114;https://www.jardiland.com/plantes/arbres-et-arbustes-d-ornement/arbres-et-arbustes/photinia/33518-photinia-x-fraseri-nana.html
33651-25074;809996;100;20170114;https://www.jardiland.com/plantes/arbres-et-arbustes-d-ornement/arbres-et-arbustes/seringat/33651-philadelphus-virginalis-minnesota-snowflake.html
33651-17991;594820;100;20170114;https://www.jardiland.com/plantes/arbres-et-arbustes-d-ornement/arbres-et-arbustes/seringat/33651-philadelphus-virginalis-minnesota-snowflake.html
33654-20836;636095;100;20170114;https://www.jardiland.com/plantes/arbres-et-arbustes-d-ornement/arbres-et-arbustes/seringat/33654-philadelphus-virginal.html
33654-18214;594838;100;20170114;https://www.jardiland.com/plantes/arbres-et-arbustes-d-ornement/arbres-et-arbustes/seringat/33654-philadelphus-virginal.html
33505-18194;594757;100;20170114;https://www.jardiland.com/plantes/arbres-et-arbustes-d-ornement/arbres-et-arbustes/perovskia/33505-perovskia-blue-spire.html
33485-16554;584704;100;20170114;https://www.jardiland.com/plantes/arbres-et-arbustes-d-ornement/arbres-et-arbustes/oranger-du-mexique/33485-oranger-du-mexique-sundancer.html
33484-44825;1399810;100;20170114;https://www.jardiland.com/plantes/arbres-et-arbustes-d-ornement/arbres-et-arbustes/oranger-du-mexique/33484-oranger-du-mexique-goldfinger-limo.html
33490-10472;1348942;100;20170114;https://www.jardiland.com/plantes/arbres-et-arbustes-d-ornement/arbres-et-arbustes/oranger-du-mexique/33490-oranger-du-mexique-white-dazzler.html
33488-26030;836589;100;20170114;https://www.jardiland.com/plantes/arbres-et-arbustes-d-ornement/arbres-et-arbustes/oranger-du-mexique/33488-oranger-du-mexique.html
41540-17953;592945;100;20170114;https://www.jardiland.com/plantes/arbres-et-arbustes-d-ornement/arbres-et-arbustes/murier/41540-murier-a-feuilles-de-platane.html
33535-24832;807092;100;20170114;https://www.jardiland.com/plantes/arbres-et-arbustes-d-ornement/arbres-et-arbustes/pommier-d-ornement/33535-malus-perpetur-evereste-pbr.html
33539-17916;592702;100;20170114;https://www.jardiland.com/plantes/arbres-et-arbustes-d-ornement/arbres-et-arbustes/pommier-d-ornement/33539-malus-coccinellar-courtarou-pbr.html
33538-10038;1331175;100;20170114;https://www.jardiland.com/plantes/arbres-et-arbustes-d-ornement/arbres-et-arbustes/pommier-d-ornement/33538-malus-john-downie.html
33442-17823;591908;100;20170114;https://www.jardiland.com/plantes/arbres-et-arbustes-d-ornement/arbres-et-arbustes/liquidambar/33442-liquidambar-styraciflua.html
33403-17681;591576;100;20170114;https://www.jardiland.com/plantes/arbres-et-arbustes-d-ornement/arbres-et-arbustes/lavatere/33403-lavatera-rosea.html
33730-8239;1260149;100;20170114;https://www.jardiland.com/plantes/arbres-et-arbustes-d-ornement/arbres-et-arbustes/viburnum/33730-laurier-tin-lisaroser.html
41531-25892;829997;100;20170114;https://www.jardiland.com/plantes/arbres-et-arbustes-d-ornement/arbres-et-arbustes/laurier-palme/41531-laurier-du-portugal-angustifolia.html
41531-11734;1375714;100;20170114;https://www.jardiland.com/plantes/arbres-et-arbustes-d-ornement/arbres-et-arbustes/laurier-palme/41531-laurier-du-portugal-angustifolia.html
33356-23931;730963;100;20170114;https://www.jardiland.com/plantes/arbres-et-arbustes-d-ornement/arbres-et-arbustes/kolkwitzia/33356-kolkwitzia-amabilis-pink-cloud.html
33113-17557;590486;100;20170114;https://www.jardiland.com/plantes/arbres-et-arbustes-d-ornement/arbres-et-arbustes/corete-du-japon/33113-kerria-japonica-pleniflora.html
33331-17196;588978;100;20170114;https://www.jardiland.com/plantes/arbres-et-arbustes-d-ornement/arbres-et-arbustes/hibiscus/33331-hibiscus-syriacus-woodbridge.html
33328-17320;588938;100;20170114;https://www.jardiland.com/plantes/arbres-et-arbustes-d-ornement/arbres-et-arbustes/hibiscus/33328-hibiscus-syriacus-red-heart.html
33252-17078;587519;100;20170114;https://www.jardiland.com/plantes/arbres-et-arbustes-d-ornement/arbres-et-arbustes/fusain/33252-fusain-du-japon-aureus.html
33226-25916;830654;100;20170114;https://www.jardiland.com/plantes/arbres-et-arbustes-d-ornement/arbres-et-arbustes/forsythia/33226-forsythia-spring-glory.html
33227-17159;587936;100;20170114;https://www.jardiland.com/plantes/arbres-et-arbustes-d-ornement/arbres-et-arbustes/forsythia/33227-forsythia-lynwood.html
33262-42973;678698;100;20170114;https://www.jardiland.com/plantes/arbres-et-arbustes-d-ornement/arbres-et-arbustes/fusain/33262-euonymus-japonicus-president-gauthier.html
33268-13828;1429725;100;20170114;https://www.jardiland.com/plantes/arbres-et-arbustes-d-ornement/arbres-et-arbustes/fusain/33268-euonymus-japonicus-microphyllus-albovariegatus.html
33253-17095;587532;100;20170114;https://www.jardiland.com/plantes/arbres-et-arbustes-d-ornement/arbres-et-arbustes/fusain/33253-euonymus-japonicus-aureus.html
33263-16833;587651;100;20170114;https://www.jardiland.com/plantes/arbres-et-arbustes-d-ornement/arbres-et-arbustes/fusain/33263-euonymus-japonicus.html
33247-17072;587454;100;20170114;https://www.jardiland.com/plantes/arbres-et-arbustes-d-ornement/arbres-et-arbustes/fusain/33247-euonymus-fortunei-harlequin.html
33216-22947;692835;100;20170114;https://www.jardiland.com/plantes/arbres-et-arbustes-d-ornement/arbres-et-arbustes/escallonia/33216-escallonia-apple-blossom.html
33190-25591;822409;100;20170114;https://www.jardiland.com/plantes/arbres-et-arbustes-d-ornement/arbres-et-arbustes/erable/33190-erable-champetre.html
33190-16167;581702;100;20170114;https://www.jardiland.com/plantes/arbres-et-arbustes-d-ornement/arbres-et-arbustes/erable/33190-erable-champetre.html
33181-24297;742560;100;20170114;https://www.jardiland.com/plantes/arbres-et-arbustes-d-ornement/arbres-et-arbustes/elaeagnus/33181-eleagnus-x-ebbingei.html
33180-23504;742541;100;20170114;https://www.jardiland.com/plantes/arbres-et-arbustes-d-ornement/arbres-et-arbustes/elaeagnus/33180-elaeagnus-x-ebbingei-limelight.html
33161-16918;586824;100;20170114;https://www.jardiland.com/plantes/arbres-et-arbustes-d-ornement/arbres-et-arbustes/deutzia/33161-deutzia-gracilis-nikko.html
33160-24649;817886;100;20170114;https://www.jardiland.com/plantes/arbres-et-arbustes-d-ornement/arbres-et-arbustes/deutzia/33160-deutzia-gracilis.html
33160-16898;586816;100;20170114;https://www.jardiland.com/plantes/arbres-et-arbustes-d-ornement/arbres-et-arbustes/deutzia/33160-deutzia-gracilis.html
33145-24253;741535;100;20170114;https://www.jardiland.com/plantes/arbres-et-arbustes-d-ornement/arbres-et-arbustes/cotoneaster/33145-cotoneaster-de-franchet.html
33145-16744;586104;100;20170114;https://www.jardiland.com/plantes/arbres-et-arbustes-d-ornement/arbres-et-arbustes/cotoneaster/33145-cotoneaster-de-franchet.html
33130-16685;585769;100;20170114;https://www.jardiland.com/plantes/arbres-et-arbustes-d-ornement/arbres-et-arbustes/cornouiller/33130-cornouiller-du-japon.html
33137-16696;585853;100;20170114;https://www.jardiland.com/plantes/arbres-et-arbustes-d-ornement/arbres-et-arbustes/cornouiller/33137-cornouiller-a-bois-jaune-flaviramea.html
33079-16291;582887;100;20170114;https://www.jardiland.com/plantes/arbres-et-arbustes-d-ornement/arbres-et-arbustes/charme/33079-charme-commun.html
33075-21703;654277;100;20170114;https://www.jardiland.com/plantes/arbres-et-arbustes-d-ornement/arbres-et-arbustes/ceanothe/33075-ceanothus-thyrsiflorus-skylark.html
33051-15853;582976;100;20170114;https://www.jardiland.com/plantes/arbres-et-arbustes-d-ornement/arbres-et-arbustes/caryopteris/33051-caryopteris-heavenly-blue.html
33603-42447;1018298;100;20170114;https://www.jardiland.com/plantes/arbres-et-arbustes-d-ornement/arbres-et-arbustes/pyracantha/33603-buisson-ardent-orange-glow.html
32965-16048;579993;100;20170114;https://www.jardiland.com/plantes/arbres-et-arbustes-d-ornement/arbres-et-arbustes/aucuba/32965-aucuba-japonica-crotonifolia.html
32924-15834;578608;100;20170114;https://www.jardiland.com/plantes/arbres-et-arbustes-d-ornement/arbres-et-arbustes/abelia/32924-abelia-x-grandiflora-confettir-conti-pbr.html
32931-30532;975446;100;20170114;https://www.jardiland.com/plantes/arbres-et-arbustes-d-ornement/arbres-et-arbustes/abelia/32931-abelia-x-grandiflora-kaleidoscope.html
