ID_WEB;ID_JDN;CODEMAG;DATE_ASPI;URLPRODUIT
32886-29449;942926;93;20170113;https://www.jardiland.com/maison-deco/epicerie-fine/epicerie-salee/aperitif/32886-pan-tostado.html
32886-29448;942925;93;20170113;https://www.jardiland.com/maison-deco/epicerie-fine/epicerie-salee/aperitif/32886-pan-tostado.html
36829-36829;1432350;93;20170113;https://www.jardiland.com/maison-deco/mobilier-d-interieur/36829-table-2-tabouret-en-mosaique-et-metal-loren-gris.html
3304-3304;1414076;93;20170113;https://www.jardiland.com/maison-deco/objets-de-decoration/autres-objets-de-decoration/autres-objets-de-decoration/3304-ourson-en-peluche-en-combinaison-rose.html
3358-3358;1414627;93;20170113;https://www.jardiland.com/maison-deco/objets-de-decoration/autres-objets-de-decoration/autres-objets-de-decoration/3358-decoration-hibou-enneige-grand-modele.html
58494-58494;1454333;93;20170113;https://www.jardiland.com/maison-deco/objets-de-decoration/rangement-boites-et-paniers/coffret-et-boite-de-rangement/58494-vide-poche-en-forme-de-feuille-25-5-18-2-5-cm.html
58530-58530;1453877;93;20170113;https://www.jardiland.com/maison-deco/objets-de-decoration/coussins-et-plaids/plaid/58530-plaid-sherpa.html
1131-1131;1256049;93;20170113;https://www.jardiland.com/maison-deco/objets-de-decoration/plantes-artificielles/plante-et-fleur/1131-saintpaulia-rose-fonce-artificiel-en-pot.html
3433-3433;1434238;93;20170113;https://www.jardiland.com/maison-deco/objets-de-decoration/plantes-artificielles/tige-fleurie/3433-roses-blanc-rose-artificielles.html
2101-2101;1353703;93;20170113;https://www.jardiland.com/maison-deco/objets-de-decoration/plantes-artificielles/tige-fleurie/2101-pavot-orange-artificiel.html
3425-3425;1434230;93;20170113;https://www.jardiland.com/maison-deco/objets-de-decoration/plantes-artificielles/tige-fleurie/3425-magnolia-blanc-artificiel.html
1843-1843;1316043;93;20170113;https://www.jardiland.com/maison-deco/objets-de-decoration/plantes-artificielles/tige-fleurie/1843-cosmos-fuchsia-artificiel.html
57867-57867;1456275;93;20170113;https://www.jardiland.com/maison-deco/objets-de-decoration/bougies-et-senteurs/bougie-non-parfumee/57867-bougie-verre-pailletee-poinsettia-blanc.html
4903-4903;660267;93;20170113;https://www.jardiland.com/animaux/oiseau-de-la-nature/alimentation/4903-melange-de-graines-seau-pour-pinsons.html
520-520;1244805;93;20170113;https://www.jardiland.com/animaux/oiseau-de-la-nature/mangeoire-et-distributeur/520-mangeoire-en-bois-petite-fleur.html
5500-5500;917069;93;20170113;https://www.jardiland.com/animaux/oiseau-de-la-nature/mangeoire-et-distributeur/5500-mangeoire-en-bois-cedar.html
40992-40992;1393027;93;20170113;https://www.jardiland.com/animaux/oiseau-de-la-nature/alimentation/40992-coffret-de-boules-de-graisse.html
32323-12860;1398628;93;20170113;https://www.jardiland.com/animaux/oiseau-de-la-nature/alimentation/32323-beurre-d-arachide.html
521-521;1244806;93;20170113;https://www.jardiland.com/animaux/oiseau-de-la-nature/abreuvoir-et-baignoire/521-abreuvoir-au-bain.html
328-328;1017584;93;20170113;https://www.jardiland.com/animaux/reptiles-et-insectes/alimentation/seche/328-tetra-reptomin-energy.html
5125-5125;742934;93;20170113;https://www.jardiland.com/animaux/oiseau/cages-volieres-et-accessoires/equipement-de-cage-et-voliere/5125-porte-biscuit.html
32299-14986;537118;93;20170113;https://www.jardiland.com/animaux/oiseau/cages-volieres-et-accessoires/equipement-de-cage-et-voliere/32299-perchoir-en-calcium.html
42190-42190;642370;93;20170113;https://www.jardiland.com/animaux/oiseau/alimentation-et-friandises/complement-nutritionnel/42190-millet-en-grappes-anjou-pour-oiseaux.html
32279-38635;538401;93;20170113;https://www.jardiland.com/animaux/oiseau/alimentation-et-friandises/alimentation-quotidienne/32279-menu-pour-tourterelle-prestige.html
2378-2378;1377922;93;20170113;https://www.jardiland.com/animaux/oiseau/alimentation-et-friandises/alimentation-quotidienne/2378-menu-complet-pour-perruche.html
32281-58710;941794;93;20170113;https://www.jardiland.com/animaux/oiseau/alimentation-et-friandises/alimentation-quotidienne/32281-melange-de-graines-pour-oiseaux-exotiques-prestige.html
42200-42200;544397;93;20170113;https://www.jardiland.com/animaux/poisson/entretien-et-soins/produit-pour-poisson/42200-sera-costapur.html
3164-3164;544428;93;20170113;https://www.jardiland.com/animaux/poisson/entretien-et-soins/produit-pour-poisson/3164-jbl-ektol-fluid.html
54440-54440;902258;93;20170113;https://www.jardiland.com/animaux/poisson/entretien-et-soins/produit-pour-poisson/54440-fish-bacter-stop-betta.html
32442-23299;702395;93;20170113;https://www.jardiland.com/animaux/poisson/entretien-et-soins/produit-pour-l-eau/32442-aqua-filter-activ.html
54446-54446;735286;93;20170113;https://www.jardiland.com/animaux/poisson/entretien-et-soins/produit-pour-poisson/54446-anti-points-blancs.html
32494-29877;957352;93;20170113;https://www.jardiland.com/animaux/poisson/materiel-chauffage-filtres-et-pompes/filtre-exterieur/32494-ventouse-crochet-x4-1.html
32494-29876;957351;93;20170113;https://www.jardiland.com/animaux/poisson/materiel-chauffage-filtres-et-pompes/filtre-exterieur/32494-ventouse-crochet-x4-1.html
32493-29878;957366;93;20170113;https://www.jardiland.com/animaux/poisson/materiel-chauffage-filtres-et-pompes/filtre-exterieur/32493-tuyau-predecoupe-2e5m.html
54467-54467;1472491;93;20170113;https://www.jardiland.com/animaux/poisson/materiel-chauffage-filtres-et-pompes/aeration/54467-tuyau-a-air-en-silicone-2a5-m.html
53406-53406;627678;93;20170113;https://www.jardiland.com/animaux/poisson/materiel-chauffage-filtres-et-pompes/chauffage/53406-thermometre-flottant-pour-aquarium.html
5174-5174;957359;93;20170113;https://www.jardiland.com/animaux/poisson/materiel-chauffage-filtres-et-pompes/chauffage/5174-thermometre-fin.html
5172-5172;957357;93;20170113;https://www.jardiland.com/animaux/poisson/materiel-chauffage-filtres-et-pompes/chauffage/5172-thermometre-electronique-interieur.html
5760-5760;957354;93;20170113;https://www.jardiland.com/animaux/poisson/materiel-chauffage-filtres-et-pompes/aeration/5760-repartiteur-2-sorties-x2-1.html
5762-5762;957356;93;20170113;https://www.jardiland.com/animaux/poisson/materiel-chauffage-filtres-et-pompes/eclairage/5762-programmateur-journalier.html
3769-3769;543867;93;20170113;https://www.jardiland.com/animaux/poisson/materiel-chauffage-filtres-et-pompes/nettoyage-aquarium/3769-jbl-gant-de-nettoyage.html
5594-5594;927409;93;20170113;https://www.jardiland.com/animaux/poisson/materiel-chauffage-filtres-et-pompes/masse-de-filtration/5594-jbl-clearmec.html
32535-29882;957378;93;20170113;https://www.jardiland.com/animaux/poisson/materiel-chauffage-filtres-et-pompes/nettoyage-aquarium/32535-epuisette-grande-maille.html
54385-54352;739270;93;20170113;https://www.jardiland.com/animaux/poisson/materiel-chauffage-filtres-et-pompes/masse-de-filtration/54385-dose-api-crystal-3-1.html
5520-5520;957344;93;20170113;https://www.jardiland.com/animaux/poisson/materiel-chauffage-filtres-et-pompes/aeration/5520-diffuseur-d-air-cylindrique-5-cm.html
5518-5518;957339;93;20170113;https://www.jardiland.com/animaux/poisson/materiel-chauffage-filtres-et-pompes/aeration/5518-diffuseur-d-air-cube-2-5-cm.html
5517-5517;957338;93;20170113;https://www.jardiland.com/animaux/poisson/materiel-chauffage-filtres-et-pompes/aeration/5517-diffuseur-d-air-boule-3-cm.html
32472-29868;957335;93;20170113;https://www.jardiland.com/animaux/poisson/materiel-chauffage-filtres-et-pompes/aeration/32472-diffuseur-d-air-barre.html
32531-15318;543748;93;20170113;https://www.jardiland.com/animaux/poisson/materiel-chauffage-filtres-et-pompes/masse-de-filtration/32531-charbon-de-filtration-actikool.html
3514-3514;537777;93;20170113;https://www.jardiland.com/animaux/poisson/materiel-chauffage-filtres-et-pompes/masse-de-filtration/3514-cartouche-charbon-pour-pompe-mcf-40-70-1.html
1065-1065;1253926;93;20170113;https://www.jardiland.com/animaux/poisson/decoration-pour-aquarium/plante-artificielle/1065-plante-rocky-coast-large.html
1631-1631;1328643;93;20170113;https://www.jardiland.com/animaux/poisson/decoration-pour-aquarium/plante-artificielle/1631-plante-artificielle-tropic-large.html
1021-1021;1328652;93;20170113;https://www.jardiland.com/animaux/poisson/decoration-pour-aquarium/plante-artificielle/1021-plante-artificielle-terracotta-pot-air-diffuser.html
1633-1633;1328645;93;20170113;https://www.jardiland.com/animaux/poisson/decoration-pour-aquarium/plante-artificielle/1633-plante-artificielle-plant-air-diffuser.html
1018-1018;1328646;93;20170113;https://www.jardiland.com/animaux/poisson/decoration-pour-aquarium/plante-artificielle/1018-plante-artificielle-lily-grass-rock.html
32419-29919;958019;93;20170113;https://www.jardiland.com/animaux/poisson/decoration-pour-aquarium/plante-artificielle/32419-plante-artificielle-jungle.html
32419-29914;958011;93;20170113;https://www.jardiland.com/animaux/poisson/decoration-pour-aquarium/plante-artificielle/32419-plante-artificielle-jungle.html
5415-5415;958029;93;20170113;https://www.jardiland.com/animaux/poisson/decoration-pour-aquarium/plante-artificielle/5415-plante-artificielle-epee-tropicale.html
1632-1632;1328644;93;20170113;https://www.jardiland.com/animaux/poisson/decoration-pour-aquarium/plante-artificielle/1632-plante-artificielle-aquaplant-rock-x-large.html
59732-59732;1018407;93;20170113;https://www.jardiland.com/animaux/poisson/decoration-pour-aquarium/decoration-d-aquarium/59732-decoration-barriere-en-bois.html
1063-1063;1253924;93;20170113;https://www.jardiland.com/animaux/poisson/decoration-pour-aquarium/plante-artificielle/1063-decor-sunny-plants.html
5218-5218;958015;93;20170113;https://www.jardiland.com/animaux/poisson/decoration-pour-aquarium/plante-artificielle/5218-decor-ruine-sur-fond-bleu.html
1238-1238;1264002;93;20170113;https://www.jardiland.com/animaux/poisson/decoration-pour-aquarium/plante-artificielle/1238-decor-pour-aquarium-massif-fleuri.html
5416-5416;958030;93;20170113;https://www.jardiland.com/animaux/poisson/decoration-pour-aquarium/plante-artificielle/5416-decor-mousse-tropicale.html
32418-29922;958028;93;20170113;https://www.jardiland.com/animaux/poisson/decoration-pour-aquarium/plante-artificielle/32418-decor-mousse-amazone-sur-fond.html
32418-29918;958018;93;20170113;https://www.jardiland.com/animaux/poisson/decoration-pour-aquarium/plante-artificielle/32418-decor-mousse-amazone-sur-fond.html
32418-29913;958010;93;20170113;https://www.jardiland.com/animaux/poisson/decoration-pour-aquarium/plante-artificielle/32418-decor-mousse-amazone-sur-fond.html
5217-5217;958007;93;20170113;https://www.jardiland.com/animaux/poisson/decoration-pour-aquarium/plante-artificielle/5217-decor-composition-ruscus.html
5776-5776;958002;93;20170113;https://www.jardiland.com/animaux/poisson/decoration-pour-aquarium/plante-artificielle/5776-decor-composition-mum-head.html
5777-5777;958004;93;20170113;https://www.jardiland.com/animaux/poisson/decoration-pour-aquarium/plante-artificielle/5777-decor-composition-epee-couleur.html
53706-53706;1409105;93;20170113;https://www.jardiland.com/animaux/poisson/decoration-pour-aquarium/decoration-d-aquarium/53706-decor-bonsai.html
32415-29921;958021;93;20170113;https://www.jardiland.com/animaux/poisson/decoration-pour-aquarium/plante-artificielle/32415-decor-bambou-plante-sur-fond.html
32415-29916;958013;93;20170113;https://www.jardiland.com/animaux/poisson/decoration-pour-aquarium/plante-artificielle/32415-decor-bambou-plante-sur-fond.html
32416-29915;958012;93;20170113;https://www.jardiland.com/animaux/poisson/decoration-pour-aquarium/plante-artificielle/32416-decor-amphore-large-sur-fond.html
1237-1237;1264000;93;20170113;https://www.jardiland.com/animaux/poisson/decoration-pour-aquarium/plante-artificielle/1237-amphore-caraibe.html
1197-1197;1263244;93;20170113;https://www.jardiland.com/animaux/poisson/aquariums/aquarium-non-equipe/1197-aquaprime-aquarium-aqua-italia.html
40878-40878;696847;93;20170113;https://www.jardiland.com/animaux/basse-cour/poulaillers-clapiers-et-accessoires/equipement/40878-oeuf-factice.html
551-551;1248683;93;20170113;https://www.jardiland.com/animaux/basse-cour/aliments/complement-nutritionnel/551-volacrine-plume-et-mue.html
50915-41464;1381852;93;20170113;https://www.jardiland.com/animaux/basse-cour/aliments/aliment-pour-volaille/50915-aliment-complet-poussin.html
50915-41333;1381853;93;20170113;https://www.jardiland.com/animaux/basse-cour/aliments/aliment-pour-volaille/50915-aliment-complet-poussin.html
50914-41335;1381856;93;20170113;https://www.jardiland.com/animaux/basse-cour/aliments/aliment-pour-volaille/50914-aliment-complet-poulet-et-poulette-croissance.html
3682-3682;543031;93;20170113;https://www.jardiland.com/animaux/chat/soins-antiparasitaires/vermifuge/3682-vermi-chat.html
50225-50225;1398787;93;20170113;https://www.jardiland.com/animaux/chat/soins-antiparasitaires/accessoires-antiparasitaires/50225-peigne-anti-puces-chat-simple-rang.html
510-510;1244219;93;20170113;https://www.jardiland.com/animaux/chat/colliers-laisses-et-harnais/laisse/510-laisse-pour-chat-hippy.html
31800-11903;1374711;93;20170113;https://www.jardiland.com/animaux/chat/colliers-laisses-et-harnais/harnais/31800-harnais-pour-chat-family.html
58004-58004;1441911;93;20170113;https://www.jardiland.com/animaux/chat/coussins-et-paniers-de-transport/coussin-et-corbeille-pour-chat/58004-corbeille-moonlight-pour-chat.html
59658-59658;542739;93;20170113;https://www.jardiland.com/animaux/chat/coussins-et-paniers-de-transport/chatiere/59658-chatiere-marron-swing-7-1.html
59659-59659;542738;93;20170113;https://www.jardiland.com/animaux/chat/coussins-et-paniers-de-transport/chatiere/59659-chatiere-blanche-swing-7-1.html
1295-1295;1288868;93;20170113;https://www.jardiland.com/animaux/chat/jeux-et-jouets/1295-tortue-mecanique.html
4939-4939;854012;93;20170113;https://www.jardiland.com/animaux/chat/jeux-et-jouets/4939-jouet-pour-chat-turbo-mousse.html
1299-1299;1288873;93;20170113;https://www.jardiland.com/animaux/chat/jeux-et-jouets/1299-jouet-pour-chat-avec-herbe-a-chat-fun-mice.html
31767-24059;733678;93;20170113;https://www.jardiland.com/animaux/chat/arbres-a-chat-et-griffoirs/arbre-a-chat/31767-griffoir-perseus.html
31767-8100;1254767;93;20170113;https://www.jardiland.com/animaux/chat/arbres-a-chat-et-griffoirs/arbre-a-chat/31767-griffoir-perseus.html
4756-4756;635743;93;20170113;https://www.jardiland.com/animaux/chat/arbres-a-chat-et-griffoirs/griffoir/4756-griffoir-en-carton-catnip.html
1175-1175;1263125;93;20170113;https://www.jardiland.com/animaux/chat/gamelles-ecuelles-et-distributeurs/accessoires/1175-filtre-de-rechange-fresh-clear.html
31764-11911;1374724;93;20170113;https://www.jardiland.com/animaux/chat/alimentation-et-friandises/friandises/31764-whiskas-sticks.html
31701-9582;1303976;93;20170113;https://www.jardiland.com/animaux/chat/alimentation-et-friandises/boite-et-sachet-fraicheur/31701-whiskas-simplement-bon.html
31684-28271;901821;93;20170113;https://www.jardiland.com/animaux/chat/alimentation-et-friandises/boite-et-sachet-fraicheur/31684-sheba-dome.html
31685-12160;1377927;93;20170113;https://www.jardiland.com/animaux/chat/alimentation-et-friandises/boite-et-sachet-fraicheur/31685-science-plan-feline-mature.html
31730-15824;578531;93;20170113;https://www.jardiland.com/animaux/chat/alimentation-et-friandises/croquette-pour-chat/31730-science-plan-feline-adult.html
56808-56808;1430616;93;20170113;https://www.jardiland.com/animaux/chat/alimentation-et-friandises/croquette-pour-chat/56808-purina-one-junior-poulet.html
46128-44145;1430584;93;20170113;https://www.jardiland.com/animaux/chat/alimentation-et-friandises/croquette-pour-chat/46128-croquette-pour-chat-sterilise-purina-one.html
32641-8032;1252481;93;20170113;https://www.jardiland.com/animaux/rongeurs-et-petits-mammiferes/hygiene-et-soins/autres-produits-d-hygiene/32641-jouet-a-ronger-tiny-natural.html
32641-8031;1252478;93;20170113;https://www.jardiland.com/animaux/rongeurs-et-petits-mammiferes/hygiene-et-soins/autres-produits-d-hygiene/32641-jouet-a-ronger-tiny-natural.html
1838-1838;1315638;93;20170113;https://www.jardiland.com/animaux/rongeurs-et-petits-mammiferes/jouets-et-exercices/roue-tube-et-autres-accessoires-de-jeux/1838-cage-pour-hamsters-retreat.html
60080-60080;1481542;93;20170113;https://www.jardiland.com/animaux/rongeurs-et-petits-mammiferes/habitats-cages-et-accessoires/cage/60080-cage-cricetti-9-pirate-pour-hamsters.html
32612-15048;539269;93;20170113;https://www.jardiland.com/animaux/rongeurs-et-petits-mammiferes/habitats-cages-et-accessoires/abreuvoir-et-gamelle/32612-biberon-sippy.html
2350-2350;1377916;93;20170113;https://www.jardiland.com/animaux/rongeurs-et-petits-mammiferes/aliments-et-friandises/alimentation-quotidienne/2350-menu-complet-degue-du-chili.html
32598-54022;1338219;93;20170113;https://www.jardiland.com/animaux/rongeurs-et-petits-mammiferes/aliments-et-friandises/friandise/32598-friandise-complete-crock-pour-lapins-et-rongeurs.html
32595-26532;849213;93;20170113;https://www.jardiland.com/animaux/rongeurs-et-petits-mammiferes/aliments-et-friandises/friandise/32595-delices-x2-1.html
32606-13292;1403890;93;20170113;https://www.jardiland.com/animaux/rongeurs-et-petits-mammiferes/aliments-et-friandises/friandise/32606-biscuit-pour-rongeur.html
32589-9887;1319279;93;20170113;https://www.jardiland.com/animaux/rongeurs-et-petits-mammiferes/aliments-et-friandises/alimentation-quotidienne/32589-aliment-complet-pour-lapin-selective.html
4919-4919;722494;93;20170113;https://www.jardiland.com/animaux/chien/soins-antiparasitaires/insecticide/4919-frontline-combo-chien-40-a-60-kg.html
32150-21822;657579;93;20170113;https://www.jardiland.com/animaux/chien/hygiene-et-soins/hygiene-et-soin/32150-protege-culotte-pour-chien.html
32147-21821;657578;93;20170113;https://www.jardiland.com/animaux/chien/hygiene-et-soins/hygiene-et-soin/32147-culotte-de-protection-pour-chien.html
32147-21820;657577;93;20170113;https://www.jardiland.com/animaux/chien/hygiene-et-soins/hygiene-et-soin/32147-culotte-de-protection-pour-chien.html
32161-12876;1398774;93;20170113;https://www.jardiland.com/animaux/chien/hygiene-et-soins/soin-de-toilettage/32161-coupe-ongles.html
32161-12875;1398773;93;20170113;https://www.jardiland.com/animaux/chien/hygiene-et-soins/soin-de-toilettage/32161-coupe-ongles.html
50835-50431;1434628;93;20170113;https://www.jardiland.com/animaux/chien/colliers-laisses-et-vetements/laisse-pour-chien/50835-laisse-nylon-xl.html
50835-50429;1434626;93;20170113;https://www.jardiland.com/animaux/chien/colliers-laisses-et-vetements/laisse-pour-chien/50835-laisse-nylon-xl.html
50835-50425;1434622;93;20170113;https://www.jardiland.com/animaux/chien/colliers-laisses-et-vetements/laisse-pour-chien/50835-laisse-nylon-xl.html
3020-3020;1403727;93;20170113;https://www.jardiland.com/animaux/chien/jeux-et-jouets/autres-jouets/3020-pate-kong-stuff-n-paste-puppy-treat.html
3021-3021;1403728;93;20170113;https://www.jardiland.com/animaux/chien/jeux-et-jouets/autres-jouets/3021-pate-de-foie-pour-chien-stuff-n-paste-liver.html
46742-46742;1338348;93;20170113;https://www.jardiland.com/animaux/chien/jeux-et-jouets/autres-jouets/46742-os-de-jambon-gout-porc-pour-chien.html
32207-13030;1401216;93;20170113;https://www.jardiland.com/animaux/chien/jeux-et-jouets/jouet-en-caoutchouc-et-latex/32207-balle-grinz-pour-chien-taille-large.html
32218-23531;716322;93;20170113;https://www.jardiland.com/animaux/chien/niches-couchage-et-transport/corbeille/32218-corbeille-siesta-deluxe-2-1.html
32220-23528;716317;93;20170113;https://www.jardiland.com/animaux/chien/niches-couchage-et-transport/corbeille/32220-corbeille-pour-chien-siesta-deluxe-8-1.html
64655-64655;1464444;93;20170113;https://www.jardiland.com/animaux/chien/gamelles-ecuelles-et-distributeurs/gamelle-et-ecuelle/64655-gamelle-melaminee-gris-pour-chiens-350-ml.html
40948-40948;1313197;93;20170113;https://www.jardiland.com/animaux/chien/gamelles-ecuelles-et-distributeurs/distributeur-d-eau-et-croquette/40948-distributeur-2-en-1-eau-croquettes.html
31893-15817;578488;93;20170113;https://www.jardiland.com/animaux/chien/alimentation-et-friandises/croquette-pour-chien/31893-science-plan-canine-oral-care.html
31920-6690;1016850;93;20170113;https://www.jardiland.com/animaux/chien/alimentation-et-friandises/croquette-pour-chien/31920-royal-canin-mini-starter-mother-babydog.html
31919-6689;1016845;93;20170113;https://www.jardiland.com/animaux/chien/alimentation-et-friandises/croquette-pour-chien/31919-royal-canin-maxi-junior-active.html
31904-41458;1300228;93;20170113;https://www.jardiland.com/animaux/chien/alimentation-et-friandises/croquette-pour-chien/31904-royal-canin-maxi-junior.html
31917-41422;539479;93;20170113;https://www.jardiland.com/animaux/chien/alimentation-et-friandises/croquette-pour-chien/31917-royal-canin-giant-adult.html
2555-2555;1393674;93;20170113;https://www.jardiland.com/animaux/chien/alimentation-et-friandises/croquette-pour-chien/2555-purina-dog-chow-adult-large-breed.html
31974-10430;1347692;93;20170113;https://www.jardiland.com/animaux/chien/alimentation-et-friandises/croquette-pour-chien/31974-proplan-dog-duo-delice-poulet.html
31990-6737;1209694;93;20170113;https://www.jardiland.com/animaux/chien/alimentation-et-friandises/os-a-macher/31990-os-presses.html
31995-25669;824584;93;20170113;https://www.jardiland.com/animaux/chien/alimentation-et-friandises/os-a-macher/31995-os-presse-a-gout-25-cm.html
31995-25668;824583;93;20170113;https://www.jardiland.com/animaux/chien/alimentation-et-friandises/os-a-macher/31995-os-presse-a-gout-25-cm.html
31994-25666;824581;93;20170113;https://www.jardiland.com/animaux/chien/alimentation-et-friandises/os-a-macher/31994-os-presse-a-gout-20-cm.html
31994-25665;824580;93;20170113;https://www.jardiland.com/animaux/chien/alimentation-et-friandises/os-a-macher/31994-os-presse-a-gout-20-cm.html
31996-25664;824579;93;20170113;https://www.jardiland.com/animaux/chien/alimentation-et-friandises/os-a-macher/31996-os-presse-a-gout-15-cm.html
31996-25663;824578;93;20170113;https://www.jardiland.com/animaux/chien/alimentation-et-friandises/os-a-macher/31996-os-presse-a-gout-15-cm.html
31996-25662;824577;93;20170113;https://www.jardiland.com/animaux/chien/alimentation-et-friandises/os-a-macher/31996-os-presse-a-gout-15-cm.html
31997-25660;824575;93;20170113;https://www.jardiland.com/animaux/chien/alimentation-et-friandises/os-a-macher/31997-os-presse-a-gout-x2-10-cm.html
31997-25659;824574;93;20170113;https://www.jardiland.com/animaux/chien/alimentation-et-friandises/os-a-macher/31997-os-presse-a-gout-x2-10-cm.html
31984-7072;1209687;93;20170113;https://www.jardiland.com/animaux/chien/alimentation-et-friandises/friandise-bucco-dentaire/31984-os-au-fluor.html
31982-15096;539791;93;20170113;https://www.jardiland.com/animaux/chien/alimentation-et-friandises/friandise-bucco-dentaire/31982-friandises-dentastix-chien-moyen.html
31982-11859;1374135;93;20170113;https://www.jardiland.com/animaux/chien/alimentation-et-friandises/friandise-bucco-dentaire/31982-friandises-dentastix-chien-moyen.html
40939-40939;1427537;93;20170113;https://www.jardiland.com/animaux/chien/alimentation-et-friandises/biscuit/40939-friandise-pour-chien-dog-choc-poulet-100-g.html
31864-12659;1393669;93;20170113;https://www.jardiland.com/animaux/chien/alimentation-et-friandises/croquette-pour-chien/31864-dog-chow-active-poulet-riz.html
31985-28805;921012;93;20170113;https://www.jardiland.com/animaux/chien/alimentation-et-friandises/friandise-bucco-dentaire/31985-dental-delights-8-in-1-1.html
31985-28749;921011;93;20170113;https://www.jardiland.com/animaux/chien/alimentation-et-friandises/friandise-bucco-dentaire/31985-dental-delights-8-in-1-1.html
31980-44143;1430590;93;20170113;https://www.jardiland.com/animaux/chien/alimentation-et-friandises/croquette-pour-chien/31980-croquettes-proplan-dog-small-et-mini-adulte-optihealth.html
54409-55863;1452965;93;20170113;https://www.jardiland.com/animaux/chien/alimentation-et-friandises/croquette-pour-chien/54409-croquettes-pour-chiens-sterilises-au-poulet.html
54413-54209;1430570;93;20170113;https://www.jardiland.com/animaux/chien/alimentation-et-friandises/croquette-pour-chien/54413-croquettes-pour-chiens-adultes-robustes-poulet.html
31915-41512;992150;93;20170113;https://www.jardiland.com/animaux/chien/alimentation-et-friandises/croquette-pour-chien/31915-croquettes-breed-health-nutrition-berger-allemand-adult.html
1528-1528;1307274;93;20170113;https://www.jardiland.com/animaux/chien/alimentation-et-friandises/biscuit/1528-biscuits-8in1-grills-chicken-style.html
31943-7106;1210501;93;20170113;https://www.jardiland.com/animaux/chien/alimentation-et-friandises/croquette-pour-chien/31943-aliment-complet-chien-moyenne-et-grande-taille.html
7106-7106;1210501;93;20170113;https://www.jardiland.com/animaux/chien/alimentation-et-friandises/croquette-pour-chien/7106-aliment-complet-chien-moyenne-et-grande-taille.html
51499-51119;1441866;93;20170113;https://www.jardiland.com/animaux/chien/alimentation-et-friandises/os-a-macher/51499-8in1-delights-twisted-sticks-x10-1.html
51536-51536;1441917;93;20170113;https://www.jardiland.com/animaux/chien/alimentation-et-friandises/friandise-bucco-dentaire/51536-8in1-delights-twist-sticks-dental-x10-1.html
4883-4883;698227;93;20170113;https://www.jardiland.com/amenagement-du-jardin/bassins-et-jardin-aquatique/alimentation/4883-tetra-pond-sterlet-sticks.html
31237-20869;639827;93;20170113;https://www.jardiland.com/amenagement-du-jardin/bassins-et-jardin-aquatique/alimentation/31237-tetra-pond-goldmix.html
31258-22643;690209;93;20170113;https://www.jardiland.com/amenagement-du-jardin/bassins-et-jardin-aquatique/materiel/31258-pompe-pondovario.html
31252-59836;971511;93;20170113;https://www.jardiland.com/amenagement-du-jardin/bassins-et-jardin-aquatique/bassins/31252-bache-en-caoutchouc.html
31252-59835;876620;93;20170113;https://www.jardiland.com/amenagement-du-jardin/bassins-et-jardin-aquatique/bassins/31252-bache-en-caoutchouc.html
31157-14342;1441130;93;20170113;https://www.jardiland.com/amenagement-du-jardin/abris-de-jardin-serres-et-rangements/rangement-de-jardin/31157-coffre-de-rangement.html
53577-53577;545444;93;20170113;https://www.jardiland.com/amenagement-du-jardin/loisirs-plein-air/piscines/53577-reactifs-cleph-dpd-2x18-pilules.html
39-39;1013675;93;20170113;https://www.jardiland.com/amenagement-du-jardin/decorations/statues-et-figurines/39-statue-moine-assis-priant-h-30-cm.html
38-38;1013674;93;20170113;https://www.jardiland.com/amenagement-du-jardin/decorations/statues-et-figurines/38-statue-de-bassin-moine-priant.html
1169-1169;1261047;93;20170113;https://www.jardiland.com/amenagement-du-jardin/decorations/statues-et-figurines/1169-statue-de-bassin-buste-bouddha-h-31-cm.html
37-37;1013669;93;20170113;https://www.jardiland.com/amenagement-du-jardin/decorations/statues-et-figurines/37-statue-bouddha-assis-meditation-he-60-cm.html
1452-1452;1302635;93;20170113;https://www.jardiland.com/amenagement-du-jardin/decorations/statues-et-figurines/1452-paon-decoratif.html
40-40;1013701;93;20170113;https://www.jardiland.com/amenagement-du-jardin/decorations/statues-et-figurines/40-bouddha-assis-appel-a-la-terre-ha30-cm.html
4445-4445;572684;93;20170113;https://www.jardiland.com/amenagement-du-jardin/pots-bacs-jardinieres-et-supports/tuteurs-et-supports-de-plante/tuteur/4445-tuteur-colonne-obelisque.html
31641-11032;1360442;93;20170113;https://www.jardiland.com/amenagement-du-jardin/pots-bacs-jardinieres-et-supports/tuteurs-et-supports-de-plante/support-pour-pot-et-balconniere/31641-support-de-jardiniere-reglable.html
31644-15596;572462;93;20170113;https://www.jardiland.com/amenagement-du-jardin/pots-bacs-jardinieres-et-supports/tuteurs-et-supports-de-plante/support-pour-pot-et-balconniere/31644-potence-en-fer.html
31628-15640;572651;93;20170113;https://www.jardiland.com/amenagement-du-jardin/pots-bacs-jardinieres-et-supports/tuteurs-et-supports-de-plante/balconniere-et-suspension/31628-garniture-coco-pour-corbeille.html
31629-15681;573027;93;20170113;https://www.jardiland.com/amenagement-du-jardin/pots-bacs-jardinieres-et-supports/tuteurs-et-supports-de-plante/balconniere-et-suspension/31629-corbeille-suspendue-en-osier-naturel.html
31629-15680;573026;93;20170113;https://www.jardiland.com/amenagement-du-jardin/pots-bacs-jardinieres-et-supports/tuteurs-et-supports-de-plante/balconniere-et-suspension/31629-corbeille-suspendue-en-osier-naturel.html
36733-36733;571389;93;20170113;https://www.jardiland.com/amenagement-du-jardin/pots-bacs-jardinieres-et-supports/autres-pots-et-jardinieres/pot-et-jardiniere-en-pierre/36733-balconniere-marbree.html
31440-10561;1350338;93;20170113;https://www.jardiland.com/amenagement-du-jardin/pots-bacs-jardinieres-et-supports/en-email/31440-vase-droit-bilbao-en-email.html
31427-6749;1016980;93;20170113;https://www.jardiland.com/amenagement-du-jardin/pots-bacs-jardinieres-et-supports/en-email/31427-soucoupe-en-email-glacis.html
31481-13412;1404108;93;20170113;https://www.jardiland.com/amenagement-du-jardin/pots-bacs-jardinieres-et-supports/en-email/31481-pot-roseau-en-email.html
31430-8370;1291547;93;20170113;https://www.jardiland.com/amenagement-du-jardin/pots-bacs-jardinieres-et-supports/en-email/31430-pot-en-email-dallas.html
31580-15505;568455;93;20170113;https://www.jardiland.com/amenagement-du-jardin/pots-bacs-jardinieres-et-supports/en-terre-cuite/31580-soucoupe-en-terre-cuite.html
31580-15503;568453;93;20170113;https://www.jardiland.com/amenagement-du-jardin/pots-bacs-jardinieres-et-supports/en-terre-cuite/31580-soucoupe-en-terre-cuite.html
1355-1355;1289362;93;20170113;https://www.jardiland.com/amenagement-du-jardin/pots-bacs-jardinieres-et-supports/en-terre-cuite/1355-pot-en-terre-cuite-basalt-oo-21-x-ho-25-1.html
1370-1370;1292384;93;20170113;https://www.jardiland.com/amenagement-du-jardin/pots-bacs-jardinieres-et-supports/en-terre-cuite/1370-jardiniere-en-terre-cuite-contemporaine.html
1364-1364;1292371;93;20170113;https://www.jardiland.com/amenagement-du-jardin/pots-bacs-jardinieres-et-supports/en-terre-cuite/1364-cuvier-en-terre-cuite-45-cm.html
31577-15517;568484;93;20170113;https://www.jardiland.com/amenagement-du-jardin/pots-bacs-jardinieres-et-supports/en-terre-cuite/31577-coupe-sur-pied-en-terre-cuite.html
31570-11120;1360536;93;20170113;https://www.jardiland.com/amenagement-du-jardin/pots-bacs-jardinieres-et-supports/en-plastique/31570-soucoupe-en-plastique-romeo.html
31572-14273;1433689;93;20170113;https://www.jardiland.com/amenagement-du-jardin/pots-bacs-jardinieres-et-supports/en-plastique/31572-soucoupe-en-plastique-romeo.html
31572-14272;1433688;93;20170113;https://www.jardiland.com/amenagement-du-jardin/pots-bacs-jardinieres-et-supports/en-plastique/31572-soucoupe-en-plastique-romeo.html
31572-14270;1433686;93;20170113;https://www.jardiland.com/amenagement-du-jardin/pots-bacs-jardinieres-et-supports/en-plastique/31572-soucoupe-en-plastique-romeo.html
31572-11205;1360603;93;20170113;https://www.jardiland.com/amenagement-du-jardin/pots-bacs-jardinieres-et-supports/en-plastique/31572-soucoupe-en-plastique-romeo.html
31572-11147;1360565;93;20170113;https://www.jardiland.com/amenagement-du-jardin/pots-bacs-jardinieres-et-supports/en-plastique/31572-soucoupe-en-plastique-romeo.html
31523-11032;1360442;93;20170113;https://www.jardiland.com/amenagement-du-jardin/pots-bacs-jardinieres-et-supports/en-plastique/31523-soucoupe-en-plastique-prisca.html
31523-11030;1360440;93;20170113;https://www.jardiland.com/amenagement-du-jardin/pots-bacs-jardinieres-et-supports/en-plastique/31523-soucoupe-en-plastique-prisca.html
31523-11029;1360439;93;20170113;https://www.jardiland.com/amenagement-du-jardin/pots-bacs-jardinieres-et-supports/en-plastique/31523-soucoupe-en-plastique-prisca.html
31549-11105;1360520;93;20170113;https://www.jardiland.com/amenagement-du-jardin/pots-bacs-jardinieres-et-supports/en-plastique/31549-pot-romeo.html
31549-11089;1360504;93;20170113;https://www.jardiland.com/amenagement-du-jardin/pots-bacs-jardinieres-et-supports/en-plastique/31549-pot-romeo.html
31549-11083;1360498;93;20170113;https://www.jardiland.com/amenagement-du-jardin/pots-bacs-jardinieres-et-supports/en-plastique/31549-pot-romeo.html
31522-11018;1360428;93;20170113;https://www.jardiland.com/amenagement-du-jardin/pots-bacs-jardinieres-et-supports/en-plastique/31522-jardiniere-en-plastique-prisca.html
31574-22833;689623;93;20170113;https://www.jardiland.com/amenagement-du-jardin/pots-bacs-jardinieres-et-supports/en-plastique/31574-crochet-de-suspension.html
31574-11219;1360620;93;20170113;https://www.jardiland.com/amenagement-du-jardin/pots-bacs-jardinieres-et-supports/en-plastique/31574-crochet-de-suspension.html
52462-52417;802738;93;20170113;https://www.jardiland.com/amenagement-du-jardin/amenagement/dalles-galets-et-pas-japonais/galet-et-gravier/52462-granules-decoratifs.html
21562-52422;976445;93;20170113;https://www.jardiland.com/amenagement-du-jardin/amenagement/dalles-galets-et-pas-japonais/galet-et-gravier/21562-galets-decoratifs-zen.html
21562-30570;976444;93;20170113;https://www.jardiland.com/amenagement-du-jardin/amenagement/dalles-galets-et-pas-japonais/galet-et-gravier/21562-galets-decoratifs-zen.html
52482-52423;1402673;93;20170113;https://www.jardiland.com/amenagement-du-jardin/amenagement/dalles-galets-et-pas-japonais/dalle/52482-dalle-en-bois-exotique.html
31202-15553;571892;93;20170113;https://www.jardiland.com/amenagement-du-jardin/amenagement/occultations/31202-maille-carree-balconet-05-1.html
31196-39646;802772;93;20170113;https://www.jardiland.com/amenagement-du-jardin/amenagement/occultations/31196-haie-artificielle-campovert.html
2074-2074;1352023;93;20170113;https://www.jardiland.com/amenagement-du-jardin/barbecues-cuisine-exterieur/autres/accessoires-de-barbecue/2074-plancha-en-fonte-emaillee-genesis.html
31220-15365;545052;93;20170113;https://www.jardiland.com/amenagement-du-jardin/barbecues-cuisine-exterieur/autres/accessoires-de-barbecue/31220-housse-standard-pour-barbecue.html
5082-5082;730566;93;20170113;https://www.jardiland.com/amenagement-du-jardin/barbecues-cuisine-exterieur/autres/accessoires-de-barbecue/5082-housse-de-luxe-q300-3000-1.html
42123-42123;1352009;93;20170113;https://www.jardiland.com/amenagement-du-jardin/barbecues-cuisine-exterieur/autres/accessoires-de-barbecue/42123-chariot-pour-barbecue-deluxe-weber-q-2000-1.html
31230-9259;1317505;93;20170113;https://www.jardiland.com/amenagement-du-jardin/barbecues-cuisine-exterieur/autres/combustible/31230-charbon-de-bois-express.html
1855-1855;1317506;93;20170113;https://www.jardiland.com/amenagement-du-jardin/barbecues-cuisine-exterieur/autres/combustible/1855-briquettes-de-charbon-de-bois.html
42116-42116;1352027;93;20170113;https://www.jardiland.com/amenagement-du-jardin/barbecues-cuisine-exterieur/a-gaz/42116-barbecue-a-gaz-weber-q-3200-1.html
111-111;1002321;93;20170113;https://www.jardiland.com/amenagement-du-jardin/eclairage-et-chauffage-d-exterieur/bougies-d-exterieur/111-bougie-en-verre-avec-citronnelle.html
31406-62754;965493;93;20170113;https://www.jardiland.com/amenagement-du-jardin/parasols-tonnelles-et-voiles-d-ombrage/parasols-et-accessoires/parasol-en-metal/31406-parasol-aluminium-deporte.html
31321-10648;1350702;93;20170113;https://www.jardiland.com/amenagement-du-jardin/mobilier-de-jardin/accessoires-coussins-et-entretien/coussin/31321-polochon.html
1489-1489;1305474;93;20170113;https://www.jardiland.com/jardinage/bricolage-droguerie/tapis/1489-tapis-sunshine.html
5180-5180;975896;93;20170113;https://www.jardiland.com/jardinage/bricolage-droguerie/tapis/5180-tapis-de-cuisine.html
1487-1487;1305458;93;20170113;https://www.jardiland.com/jardinage/bricolage-droguerie/tapis/1487-tapis-anti-poussiere-marjoriaz.html
48402-48402;1316483;93;20170113;https://www.jardiland.com/jardinage/bricolage-droguerie/outillage/quincaillerie-et-fixation/48402-support-bloque-manche.html
41052-41052;1316481;93;20170113;https://www.jardiland.com/jardinage/bricolage-droguerie/outillage/quincaillerie-et-fixation/41052-support-3-blocs-manches-2-crochets.html
53756-53756;1392864;93;20170113;https://www.jardiland.com/jardinage/bricolage-droguerie/insecticides-menagers/insecticide-volant-et-rampant/53756-spray-insectes-rampants.html
48401-48401;1316484;93;20170113;https://www.jardiland.com/jardinage/bricolage-droguerie/outillage/quincaillerie-et-fixation/48401-range-outil-a-manche-ou-balai.html
36773-36773;577948;93;20170113;https://www.jardiland.com/jardinage/bricolage-droguerie/insecticides-menagers/insecticide-volant-et-rampant/36773-gel-appat-cafard.html
41060-41060;1377150;93;20170113;https://www.jardiland.com/jardinage/bricolage-droguerie/outillage/quincaillerie-et-fixation/41060-crochet-de-rangement-plafond.html
41061-41061;1377151;93;20170113;https://www.jardiland.com/jardinage/bricolage-droguerie/outillage/quincaillerie-et-fixation/41061-crochet-a-vis.html
58083-58083;1373935;93;20170113;https://www.jardiland.com/jardinage/semis-protections-et-accessoires-de-jardinage/appareils-de-mesure/thermometre/58083-thermometre-pour-l-exterieur.html
2469-2469;1384401;93;20170113;https://www.jardiland.com/jardinage/semis-protections-et-accessoires-de-jardinage/appareils-de-mesure/barometre/2469-thermometre-barometre-hygrometre-chrome.html
41085-41085;877268;93;20170113;https://www.jardiland.com/jardinage/semis-protections-et-accessoires-de-jardinage/tuteurs-ficelles-et-accessoires/epouvantaile-effaroucheur/41085-cordeau-de-jardin-pic-ligne.html
32821-42872;610051;93;20170113;https://www.jardiland.com/jardinage/semis-protections-et-accessoires-de-jardinage/voiles-d-hivernage-et-protections/protection-d-hivernage/32821-voile-hivernage-hivertex.html
42343-42343;697034;93;20170113;https://www.jardiland.com/jardinage/semis-protections-et-accessoires-de-jardinage/voiles-d-hivernage-et-protections/accessoires-de-plasticulture/42343-manchons-anti-rongeurs-treex.html
42337-42337;604103;93;20170113;https://www.jardiland.com/jardinage/semis-protections-et-accessoires-de-jardinage/accessoires-de-semis/autres-accessoires-de-semis/42337-patins-aerateurs-de-pelouse.html
5446-5446;878881;93;20170113;https://www.jardiland.com/jardinage/arrosage/arrosage-goutte-a-goutte/5446-tuyau-microporeux-20-m-5-m-gratuit.html
41037-41037;803280;93;20170113;https://www.jardiland.com/jardinage/arrosage/tuyaux-devidoirs-lances-et-pistolets/raccord/41037-raccord-adaptateur-20x27-1.html
41033-41033;801982;93;20170113;https://www.jardiland.com/jardinage/arrosage/tuyaux-devidoirs-lances-et-pistolets/pistolet/41033-lance-multijet-reglable-premium.html
4896-4896;659144;93;20170113;https://www.jardiland.com/jardinage/arrosage/tuyaux-devidoirs-lances-et-pistolets/pistolet/4896-lance-d-arrosage-multijets-comfort.html
42236-42236;573682;93;20170113;https://www.jardiland.com/jardinage/arrosage/tuyaux-devidoirs-lances-et-pistolets/devidoir/42236-devidoir-jupiter-70-m-en-metal.html
54696-54696;576409;93;20170113;https://www.jardiland.com/jardinage/arrosage/arrosoirs/54696-arrosoir-donna-2-l.html
5210-5210;955714;93;20170113;https://www.jardiland.com/jardinage/outils-a-moteur/autres-outils-a-moteur/accessoires/5210-tetes-completes-pour-coupe-bordures-rlt4025-1.html
4374-4374;574403;93;20170113;https://www.jardiland.com/jardinage/outils-a-moteur/autres-outils-a-moteur/accessoires/4374-rondelles-d-accouplement-de-lame-41-46-51cm.html
41062-41062;576639;93;20170113;https://www.jardiland.com/jardinage/outils-a-moteur/autres-outils-a-moteur/pompe-electrique/41062-pompe-immergee-7000-classic.html
5246-5246;805278;93;20170113;https://www.jardiland.com/jardinage/outils-a-moteur/autres-outils-a-moteur/accessoires/5246-lame-pour-tondeuse-n34m.html
54625-54625;1248520;93;20170113;https://www.jardiland.com/jardinage/outils-et-materiel-du-jardinier/outils-de-taille/secateur/54625-secateur-leger-pg-12-f.html
57795-57795;577089;93;20170113;https://www.jardiland.com/jardinage/outils-et-materiel-du-jardinier/outils-de-taille/secateur/57795-secateur-de-jardin-19-cm.html
4664-4664;577030;93;20170113;https://www.jardiland.com/jardinage/outils-et-materiel-du-jardinier/outils-de-taille/accessoires/4664-pierre-d-affutage.html
41073-41073;874329;93;20170113;https://www.jardiland.com/jardinage/outils-et-materiel-du-jardinier/outils-de-taille/bucheronnage/41073-hachette-awax-novagrip.html
54686-54686;660806;93;20170113;https://www.jardiland.com/jardinage/outils-et-materiel-du-jardinier/outils-de-taille/fauchaison/54686-faux-a-brousailles.html
42305-42305;1379198;93;20170113;https://www.jardiland.com/jardinage/outils-et-materiel-du-jardinier/outils-de-taille/outil-de-taille/42305-elagueur-coupe-franche-os750-1.html
54627-54627;1009631;93;20170113;https://www.jardiland.com/jardinage/outils-et-materiel-du-jardinier/outils-de-taille/outil-de-taille/54627-ebrancheur-professionnel-80-cm.html
54456-54456;577095;93;20170113;https://www.jardiland.com/jardinage/outils-et-materiel-du-jardinier/outils-de-taille/outil-de-taille/54456-ebrancheur-coupe-tirante.html
56538-56538;660810;93;20170113;https://www.jardiland.com/jardinage/outils-et-materiel-du-jardinier/outils-de-taille/fauchaison/56538-croissant-1-taillant.html
36788-36788;576339;93;20170113;https://www.jardiland.com/jardinage/outils-et-materiel-du-jardinier/outils-de-taille/fauchaison/36788-cisaille-a-gazon-heritage.html
57793-57793;577102;93;20170113;https://www.jardiland.com/jardinage/outils-et-materiel-du-jardinier/outils-de-taille/fauchaison/57793-cisaille-a-gazon.html
41079-41079;1013973;93;20170113;https://www.jardiland.com/jardinage/outils-et-materiel-du-jardinier/petits-outils-a-main/transplantoir/41079-transplantoir-tri-matiere.html
4471-4471;573878;93;20170113;https://www.jardiland.com/jardinage/outils-et-materiel-du-jardinier/petits-outils-a-main/serfouette/4471-serfouette-a-fleurs-panne-et-langue-manche-en-bois.html
36793-36793;574317;93;20170113;https://www.jardiland.com/jardinage/outils-et-materiel-du-jardinier/petits-outils-a-main/serfouette/36793-petite-serfouette-de-3-dents-1-panne.html
42322-42322;1314907;93;20170113;https://www.jardiland.com/jardinage/outils-et-materiel-du-jardinier/petits-outils-a-main/pelle/42322-pelle-a-terreau.html
36783-36783;574352;93;20170113;https://www.jardiland.com/jardinage/outils-et-materiel-du-jardinier/grands-outils-de-jardin/autres-grands-outils/36783-sarcleuse-lame-oscillante-multi-star.html
36781-36781;573921;93;20170113;https://www.jardiland.com/jardinage/outils-et-materiel-du-jardinier/grands-outils-de-jardin/autres-grands-outils/36781-ratissoire-a-tirer.html
36784-36784;574345;93;20170113;https://www.jardiland.com/jardinage/outils-et-materiel-du-jardinier/grands-outils-de-jardin/balai-et-rateau/36784-rateau-a-arc-multi-star.html
4614-4614;576359;93;20170113;https://www.jardiland.com/jardinage/outils-et-materiel-du-jardinier/grands-outils-de-jardin/bechee-louchet-et-pelle/4614-pelle-ronde-trempee.html
32758-38651;574386;93;20170113;https://www.jardiland.com/jardinage/outils-et-materiel-du-jardinier/grands-outils-de-jardin/emmanchement-automatique/32758-manche-multi-star-wolf.html
32758-38650;574385;93;20170113;https://www.jardiland.com/jardinage/outils-et-materiel-du-jardinier/grands-outils-de-jardin/emmanchement-automatique/32758-manche-multi-star-wolf.html
52503-52503;573909;93;20170113;https://www.jardiland.com/jardinage/outils-et-materiel-du-jardinier/grands-outils-de-jardin/manche-pour-outil/52503-manche-a-balai-cantonnier.html
54701-54701;573716;93;20170113;https://www.jardiland.com/jardinage/outils-et-materiel-du-jardinier/grands-outils-de-jardin/bechee-louchet-et-pelle/54701-loucher-senlis-poli-novagrip-bequille-tournee.html
59708-59708;1314912;93;20170113;https://www.jardiland.com/jardinage/outils-et-materiel-du-jardinier/grands-outils-de-jardin/autres-grands-outils/59708-griffe-rotative.html
52502-52502;573939;93;20170113;https://www.jardiland.com/jardinage/outils-et-materiel-du-jardinier/grands-outils-de-jardin/balai-et-rateau/52502-balai-a-gazon-plastique.html
3-3;1014273;93;20170113;https://www.jardiland.com/jardinage/entretien-et-traitements/pulverisateurs/pulverisateur-a-pression/3-pulverisateur-7-l.html
51524-51524;887469;93;20170113;https://www.jardiland.com/jardinage/entretien-et-traitements/pulverisateurs/accessoires-de-pulverisation/51524-lance-telescopique-xl-230-cm.html
53324-53324;974246;93;20170113;https://www.jardiland.com/jardinage/entretien-et-traitements/traitements-des-plantes-et-lutte-bio/lutte-contre-les-insectes/53324-recharge-piege-a-pheromone-carpocapse-pommes-et-poires.html
53326-53326;974243;93;20170113;https://www.jardiland.com/jardinage/entretien-et-traitements/traitements-des-plantes-et-lutte-bio/lutte-contre-les-insectes/53326-piege-a-pheromones-carpocapse-prunes-et-quetsches.html
53325-53325;974244;93;20170113;https://www.jardiland.com/jardinage/entretien-et-traitements/traitements-des-plantes-et-lutte-bio/lutte-contre-les-insectes/53325-piege-a-pheromones-carpocapse-pommee-poire.html
56761-56761;1444438;93;20170113;https://www.jardiland.com/jardinage/entretien-et-traitements/engrais/engrais-universel/56761-engrais-universel-granule-5kg.html
56757-56757;1444443;93;20170113;https://www.jardiland.com/jardinage/entretien-et-traitements/engrais/engrais-pour-fruits-et-legumes/56757-engrais-tomates-et-legumes-d-ete-800g.html
32784-53222;657588;93;20170113;https://www.jardiland.com/jardinage/entretien-et-traitements/engrais/engrais-pour-plantes-d-interieur/32784-engrais-liquide-plantes-d-interieur.html
32778-53131;1373574;93;20170113;https://www.jardiland.com/jardinage/entretien-et-traitements/engrais/engrais-pour-arbres-et-fleurs-du-jardin/32778-engrais-complet-double-actions.html
48308-48308;577253;93;20170113;https://www.jardiland.com/jardinage/entretien-et-traitements/anti-nuisibles-pieges-et-repulsifs/lutte-contre-les-rats-souris-taupes-et-rongeurs/48308-tapette-a-souris-bois-godet-clou-x2-1.html
48307-48307;577255;93;20170113;https://www.jardiland.com/jardinage/entretien-et-traitements/anti-nuisibles-pieges-et-repulsifs/lutte-contre-les-rats-souris-taupes-et-rongeurs/48307-tapette-a-rat-bois-godet-clou-x1-1.html
32688-53000;1210792;93;20170113;https://www.jardiland.com/jardinage/entretien-et-traitements/anti-nuisibles-pieges-et-repulsifs/lutte-contre-les-rats-souris-taupes-et-rongeurs/32688-recharge-pour-detaupeur.html
48310-48310;577249;93;20170113;https://www.jardiland.com/jardinage/entretien-et-traitements/anti-nuisibles-pieges-et-repulsifs/lutte-contre-les-rats-souris-taupes-et-rongeurs/48310-piege-a-taupes-tube.html
53879-53879;1014170;93;20170113;https://www.jardiland.com/jardinage/entretien-et-traitements/anti-nuisibles-pieges-et-repulsifs/lutte-contre-les-rats-souris-taupes-et-rongeurs/53879-nasse-a-rat.html
48304-48304;577261;93;20170113;https://www.jardiland.com/jardinage/entretien-et-traitements/anti-nuisibles-pieges-et-repulsifs/lutte-contre-les-rats-souris-taupes-et-rongeurs/48304-nasse-a-rat.html
48403-48403;1314728;93;20170113;https://www.jardiland.com/jardinage/paillage-et-amendement/paillage/autres-paillages/48403-plaquettes-de-pin-maritime.html
48405-48405;1313943;93;20170113;https://www.jardiland.com/jardinage/paillage-et-amendement/paillage/billes-d-argile/48405-perles-d-argile-8-16-mm.html
48446-48446;1017856;93;20170113;https://www.jardiland.com/jardinage/paillage-et-amendement/paillage/autres-paillages/48446-paille-de-chanvre-du-maraicher-naturenr.html
48445-48445;1017859;93;20170113;https://www.jardiland.com/jardinage/paillage-et-amendement/paillage/ecorce/48445-paillage-d-ecorces-aqua-controlr-naturenr.html
48277-48277;877853;93;20170113;https://www.jardiland.com/jardinage/paillage-et-amendement/paillage/ecorce/48277-ecorces-paysage-avec-liber-20-40mm.html
48205-47374;577935;93;20170113;https://www.jardiland.com/jardinage/paillage-et-amendement/paillage/ecorce/48205-ecorces-de-pin.html
15415-43186;884417;93;20170113;https://www.jardiland.com/jardinage/terreau/terreau-pour-jardin-et-potager/terreau-pour-plantes-de-terre-de-bruyere/15415-veritable-terre-de-bruyere-forestiere.html
2257-2257;1372584;93;20170113;https://www.jardiland.com/jardinage/terreau/terreau-pour-jardin-et-potager/terreau-pour-agrumes/2257-terreau-pro-agrumes-et-plantes-mediterraneennes.html
4691-4691;577355;93;20170113;https://www.jardiland.com/jardinage/terreau/terreau/terreau-de-plantation/4691-terreau-plantation.html
32827-39624;808275;93;20170113;https://www.jardiland.com/jardinage/terreau/terreau-pour-jardin-et-potager/terreau-pour-agrumes/32827-terreau-agrumes-et-plantes-mediterraneennes.html
59462-59462;556461;93;20170113;https://www.jardiland.com/plantes/sapins-de-noel/supports-pieds-et-accessoires-de-sapin/59462-support-pour-sapin-de-noel-buche-o-60-mm.html
58877-58877;1329317;93;20170113;https://www.jardiland.com/plantes/sapins-de-noel/sapins-artificiels/sapin-artificiel-vert/58877-sapin-tuscan-spruce-230-cm.html
37678-37678;1414269;93;20170113;https://www.jardiland.com/plantes/sapins-de-noel/sapins-artificiels/sapin-artificiel-en-fibre-optique/37678-sapin-led-et-fibre-optique-anime-he-180-cm.html
59349-59585;665357;93;20170113;https://www.jardiland.com/plantes/sapins-de-noel/sapins-de-noel-nordmann-fraser-nobilis/sapin-de-noel-en-faux-conteneur/59349-sapin-de-noel-nordmann-en-faux-conteneur.html
59349-59479;578703;93;20170113;https://www.jardiland.com/plantes/sapins-de-noel/sapins-de-noel-nordmann-fraser-nobilis/sapin-de-noel-en-faux-conteneur/59349-sapin-de-noel-nordmann-en-faux-conteneur.html
59349-59008;578700;93;20170113;https://www.jardiland.com/plantes/sapins-de-noel/sapins-de-noel-nordmann-fraser-nobilis/sapin-de-noel-en-faux-conteneur/59349-sapin-de-noel-nordmann-en-faux-conteneur.html
59303-59011;578706;93;20170113;https://www.jardiland.com/plantes/sapins-de-noel/sapins-de-noel-nordmann-fraser-nobilis/sapin-de-noel-coupe/59303-sapin-de-noel-nordmann-coupe.html
59303-59009;578699;93;20170113;https://www.jardiland.com/plantes/sapins-de-noel/sapins-de-noel-nordmann-fraser-nobilis/sapin-de-noel-coupe/59303-sapin-de-noel-nordmann-coupe.html
59620-59597;665168;93;20170113;https://www.jardiland.com/plantes/sapins-de-noel/sapins-de-noel-floques/59620-sapin-de-noel-epicea-commun-floque.html
59620-59515;1019480;93;20170113;https://www.jardiland.com/plantes/sapins-de-noel/sapins-de-noel-floques/59620-sapin-de-noel-epicea-commun-floque.html
59620-59513;1019482;93;20170113;https://www.jardiland.com/plantes/sapins-de-noel/sapins-de-noel-floques/59620-sapin-de-noel-epicea-commun-floque.html
59620-59503;1019481;93;20170113;https://www.jardiland.com/plantes/sapins-de-noel/sapins-de-noel-floques/59620-sapin-de-noel-epicea-commun-floque.html
59362-59538;595492;93;20170113;https://www.jardiland.com/plantes/sapins-de-noel/sapins-de-noel-epicea/sapin-de-noel-epicea-en-faux-conteneur/59362-sapin-de-noel-epicea-commun-en-faux-conteneur.html
37671-37671;707069;93;20170113;https://www.jardiland.com/plantes/sapins-de-noel/sapins-artificiels/sapin-artificiel-blanc/37671-sapin-artificiel-icelandic-185-cm.html
37677-37677;1414268;93;20170113;https://www.jardiland.com/plantes/sapins-de-noel/sapins-artificiels/sapin-artificiel-en-fibre-optique/37677-sapin-artificiel-en-fibre-optique-anime-he-150-cm.html
35589-28603;917724;93;20170113;https://www.jardiland.com/plantes/plantes-d-interieur/bonsais/ficus/35589-ficus-ginseng.html
35589-23338;705334;93;20170113;https://www.jardiland.com/plantes/plantes-d-interieur/bonsais/ficus/35589-ficus-ginseng.html
35589-20822;633838;93;20170113;https://www.jardiland.com/plantes/plantes-d-interieur/bonsais/ficus/35589-ficus-ginseng.html
35666-51339;635177;93;20170113;https://www.jardiland.com/plantes/plantes-d-interieur/cactus-et-plantes-grasses/sansevieria/35666-sansevieria-trifasciata-laurentii.html
35666-25736;840438;93;20170113;https://www.jardiland.com/plantes/plantes-d-interieur/cactus-et-plantes-grasses/sansevieria/35666-sansevieria-trifasciata-laurentii.html
35650-29098;927219;93;20170113;https://www.jardiland.com/plantes/plantes-d-interieur/cactus-et-plantes-grasses/haworthia/35650-haworthia-fasciata.html
36125-23877;724558;93;20170113;https://www.jardiland.com/plantes/plantes-d-interieur/plantes-vertes/zamioculcas/36125-zamioculcas-zamiifolia.html
36125-20386;633303;93;20170113;https://www.jardiland.com/plantes/plantes-d-interieur/plantes-vertes/zamioculcas/36125-zamioculcas-zamiifolia.html
36124-14764;1450070;93;20170113;https://www.jardiland.com/plantes/plantes-d-interieur/plantes-vertes/yucca/36124-yucca-elephantipes.html
36118-20356;631814;93;20170113;https://www.jardiland.com/plantes/plantes-d-interieur/plantes-vertes/tradescantia/36118-tradescantia-pour-suspension.html
36098-20922;634602;93;20170113;https://www.jardiland.com/plantes/plantes-d-interieur/plantes-vertes/schefflera/36098-schefflera-arboricola-charlotte.html
36066-43813;704447;93;20170113;https://www.jardiland.com/plantes/plantes-d-interieur/plantes-vertes/nolina-beaucarnea/36066-pied-d-elephant.html
36066-23985;732504;93;20170113;https://www.jardiland.com/plantes/plantes-d-interieur/plantes-vertes/nolina-beaucarnea/36066-pied-d-elephant.html
36060-20685;632942;93;20170113;https://www.jardiland.com/plantes/plantes-d-interieur/plantes-vertes/nephrolepis/36060-nephrolepis-exaltata-bostoniensis-mini-plante.html
36059-23490;715403;93;20170113;https://www.jardiland.com/plantes/plantes-d-interieur/plantes-vertes/nephrolepis/36059-nephrolepis-exaltata-bostoniensis.html
36045-40046;880613;93;20170113;https://www.jardiland.com/plantes/plantes-d-interieur/plantes-vertes/kentia/36045-kentia-de-foster.html
36571-20296;631790;93;20170113;https://www.jardiland.com/plantes/plantes-d-interieur/plantes-vertes/herbe-a-chat/36571-herbe-a-chat.html
36041-40424;980178;93;20170113;https://www.jardiland.com/plantes/plantes-d-interieur/plantes-vertes/helxine/36041-helxine-soleirolii-soleirolia.html
36041-23235;699396;93;20170113;https://www.jardiland.com/plantes/plantes-d-interieur/plantes-vertes/helxine/36041-helxine-soleirolii-soleirolia.html
36037-23433;712192;93;20170113;https://www.jardiland.com/plantes/plantes-d-interieur/plantes-vertes/hedera/36037-hedera-panache-mini-plante.html
36024-37694;1002611;93;20170113;https://www.jardiland.com/plantes/plantes-d-interieur/plantes-vertes/fittonia/36024-fittonia-mini-plante.html
36024-20865;635396;93;20170113;https://www.jardiland.com/plantes/plantes-d-interieur/plantes-vertes/fittonia/36024-fittonia-mini-plante.html
35994-40219;945372;93;20170113;https://www.jardiland.com/plantes/plantes-d-interieur/plantes-vertes/ficus/35994-ficus-benjamina-danielle.html
35852-10233;1344333;93;20170113;https://www.jardiland.com/plantes/plantes-d-interieur/plantes-vertes/aralia-dizygotheca-fatsia/35852-fatsia-japonica.html
35968-27830;895136;93;20170113;https://www.jardiland.com/plantes/plantes-d-interieur/plantes-vertes/dracaena/35968-dracaena-massangeana.html
35953-29811;956201;93;20170113;https://www.jardiland.com/plantes/plantes-d-interieur/plantes-vertes/cyperus/35953-cyperus-alternifolius.html
35950-27413;873934;93;20170113;https://www.jardiland.com/plantes/plantes-d-interieur/plantes-vertes/cycas/35950-cycas-du-japon.html
35950-8092;1263101;93;20170113;https://www.jardiland.com/plantes/plantes-d-interieur/plantes-vertes/cycas/35950-cycas-du-japon.html
35949-10265;1344820;93;20170113;https://www.jardiland.com/plantes/plantes-d-interieur/plantes-vertes/croton/35949-croton-petra-codiaeum-mini-plante.html
35917-22187;668662;93;20170113;https://www.jardiland.com/plantes/plantes-d-interieur/plantes-vertes/calathea/35917-calathea-zebrina.html
35867-43228;927927;93;20170113;https://www.jardiland.com/plantes/plantes-d-interieur/plantes-vertes/asplenium/35867-asplenium-nidus-mini-plante.html
35860-22542;679002;93;20170113;https://www.jardiland.com/plantes/plantes-d-interieur/plantes-vertes/asparagus/35860-asparagus-setaceus-plumosus-mini-plante.html
35862-55638;1264777;93;20170113;https://www.jardiland.com/plantes/plantes-d-interieur/plantes-vertes/asparagus/35862-asparagus-setaceus-plumosus.html
35861-27217;873178;93;20170113;https://www.jardiland.com/plantes/plantes-d-interieur/plantes-vertes/asparagus/35861-asparagus-densiflorus-sprengeri.html
35861-20382;631899;93;20170113;https://www.jardiland.com/plantes/plantes-d-interieur/plantes-vertes/asparagus/35861-asparagus-densiflorus-sprengeri.html
35856-21903;659799;93;20170113;https://www.jardiland.com/plantes/plantes-d-interieur/plantes-vertes/areca/35856-areca-lutescens-mini-plante.html
35896-22702;686506;93;20170113;https://www.jardiland.com/plantes/plantes-d-interieur/plantes-vertes/autres-plantes-vertes/35896-ardisia-crenata.html
35704-37798;1210302;93;20170113;https://www.jardiland.com/plantes/plantes-d-interieur/orchidees/phalaenopsis/35704-orchidee-phalaenopsis-grandiflora.html
35704-29984;960902;93;20170113;https://www.jardiland.com/plantes/plantes-d-interieur/orchidees/phalaenopsis/35704-orchidee-phalaenopsis-grandiflora.html
35704-29804;955968;93;20170113;https://www.jardiland.com/plantes/plantes-d-interieur/orchidees/phalaenopsis/35704-orchidee-phalaenopsis-grandiflora.html
35692-54334;830203;93;20170113;https://www.jardiland.com/plantes/plantes-d-interieur/orchidees/miltonia/35692-orchidee-miltonia.html
35834-23028;693870;93;20170113;https://www.jardiland.com/plantes/plantes-d-interieur/plantes-fleuries/spathiphyllum/35834-spathiphyllum-chopin-mini-plante.html
35822-23835;723349;93;20170113;https://www.jardiland.com/plantes/plantes-d-interieur/plantes-fleuries/rosier-miniature/35822-rosier-miniature.html
35826-20937;634743;93;20170113;https://www.jardiland.com/plantes/plantes-d-interieur/plantes-fleuries/rosier-miniature/35826-rosier-kordanar-mini-plante.html
62696-62668;878119;93;20170113;https://www.jardiland.com/plantes/plantes-d-interieur/plantes-fleuries/poinsettia/62696-poinsettia-paillete.html
35816-8629;1281731;93;20170113;https://www.jardiland.com/plantes/plantes-d-interieur/plantes-fleuries/poinsettia/35816-poinsettia-princettia.html
35815-20332;631731;93;20170113;https://www.jardiland.com/plantes/plantes-d-interieur/plantes-fleuries/nertera/35815-nertera-depressa-mini-plante.html
48186-48034;741752;93;20170113;https://www.jardiland.com/plantes/plantes-d-interieur/plantes-fleuries/lis/48186-lys-oriental.html
40744-38370;1416365;93;20170113;https://www.jardiland.com/plantes/plantes-d-interieur/plantes-fleuries/hortensia/40744-hortensia-rouge-mini-plante.html
35787-22781;688340;93;20170113;https://www.jardiland.com/plantes/plantes-d-interieur/plantes-fleuries/guzmania/35787-guzmania-mini-plante.html
35776-46886;1450431;93;20170113;https://www.jardiland.com/plantes/plantes-d-interieur/plantes-fleuries/cyclamen/35776-cyclamen-a-grandes-fleurs-mini-plante.html
35752-62629;1211034;93;20170113;https://www.jardiland.com/plantes/plantes-d-interieur/plantes-fleuries/azalee/35752-azalee-d-interieur.html
35752-39406;690974;93;20170113;https://www.jardiland.com/plantes/plantes-d-interieur/plantes-fleuries/azalee/35752-azalee-d-interieur.html
35752-22823;689223;93;20170113;https://www.jardiland.com/plantes/plantes-d-interieur/plantes-fleuries/azalee/35752-azalee-d-interieur.html
35752-22819;689205;93;20170113;https://www.jardiland.com/plantes/plantes-d-interieur/plantes-fleuries/azalee/35752-azalee-d-interieur.html
35752-22390;675971;93;20170113;https://www.jardiland.com/plantes/plantes-d-interieur/plantes-fleuries/azalee/35752-azalee-d-interieur.html
35752-22079;662054;93;20170113;https://www.jardiland.com/plantes/plantes-d-interieur/plantes-fleuries/azalee/35752-azalee-d-interieur.html
35752-20575;632549;93;20170113;https://www.jardiland.com/plantes/plantes-d-interieur/plantes-fleuries/azalee/35752-azalee-d-interieur.html
35752-6600;1015594;93;20170113;https://www.jardiland.com/plantes/plantes-d-interieur/plantes-fleuries/azalee/35752-azalee-d-interieur.html
35752-6286;1015113;93;20170113;https://www.jardiland.com/plantes/plantes-d-interieur/plantes-fleuries/azalee/35752-azalee-d-interieur.html
35752-6285;1015112;93;20170113;https://www.jardiland.com/plantes/plantes-d-interieur/plantes-fleuries/azalee/35752-azalee-d-interieur.html
35741-28412;906514;93;20170113;https://www.jardiland.com/plantes/plantes-d-interieur/plantes-fleuries/anthurium/35741-anthurium-white-championr.html
35740-6384;1010899;93;20170113;https://www.jardiland.com/plantes/plantes-d-interieur/plantes-fleuries/anthurium/35740-anthurium-rose.html
35729-29251;933549;93;20170113;https://www.jardiland.com/plantes/plantes-d-interieur/plantes-fleuries/anthurium/35729-anthurium-pink-champion.html
35727-28093;906621;93;20170113;https://www.jardiland.com/plantes/plantes-d-interieur/plantes-fleuries/amaryllis/35727-amaryllis-blanche.html
53818-53818;1254068;93;20170113;https://www.jardiland.com/plantes/graines-et-gazon/gazon-et-prairies-fleuries/prairie-fleurie/53818-prairie-fleurie-pied-de-mur.html
40722-38554;566190;93;20170113;https://www.jardiland.com/plantes/graines-et-gazon/gazon-et-prairies-fleuries/gazon-pour-terrain-sec/40722-gazon-terrain-sec.html
36879-36879;566193;93;20170113;https://www.jardiland.com/plantes/graines-et-gazon/gazon-et-prairies-fleuries/autres-gazons/36879-gazon-suisse.html
40724-38611;566154;93;20170113;https://www.jardiland.com/plantes/graines-et-gazon/gazon-et-prairies-fleuries/gazon-rustique/40724-gazon-rustique.html
40724-38610;566151;93;20170113;https://www.jardiland.com/plantes/graines-et-gazon/gazon-et-prairies-fleuries/gazon-rustique/40724-gazon-rustique.html
40724-38609;566150;93;20170113;https://www.jardiland.com/plantes/graines-et-gazon/gazon-et-prairies-fleuries/gazon-rustique/40724-gazon-rustique.html
40716-38398;566221;93;20170113;https://www.jardiland.com/plantes/graines-et-gazon/gazon-et-prairies-fleuries/gazon-anglais/40716-gazon-anglais-label-rouge.html
36923-36923;1313487;93;20170113;https://www.jardiland.com/plantes/graines-et-gazon/graines-ludiques-et-kits/potageres/36923-pratic-salad-mesclun-nordic.html
36926-36926;1313502;93;20170113;https://www.jardiland.com/plantes/graines-et-gazon/graines-ludiques-et-kits/potageres/36926-pratic-salad-laitue-rouge.html
4325-4325;565875;93;20170113;https://www.jardiland.com/plantes/graines-et-gazon/graines-de-fleurs/fleurs-annuelles/4325-zinnia-fleur-de-chrysantheme.html
4009-4009;565083;93;20170113;https://www.jardiland.com/plantes/graines-et-gazon/graines-de-fleurs/fleurs-annuelles/4009-statice-sinuata-variee.html
36895-36895;1251812;93;20170113;https://www.jardiland.com/plantes/graines-et-gazon/graines-de-fleurs/melange-mixte/36895-melange-multicolore-grand-jardin.html
36893-36893;1251660;93;20170113;https://www.jardiland.com/plantes/graines-et-gazon/graines-de-fleurs/melange-mixte/36893-melange-jardin-medieval-grand-jardin.html
1083-1083;1254497;93;20170113;https://www.jardiland.com/plantes/graines-et-gazon/graines-de-fleurs/melange-mixte/1083-melange-couvrant.html
42365-42365;1310989;93;20170113;https://www.jardiland.com/plantes/graines-et-gazon/graines-de-fleurs/fleurs-annuelles/42365-lobelia-monsoon.html
54460-54460;874198;93;20170113;https://www.jardiland.com/plantes/graines-et-gazon/graines-de-fleurs/fleurs-annuelles/54460-ipomee-light-blue-star.html
4049-4049;877719;93;20170113;https://www.jardiland.com/plantes/graines-et-gazon/graines-de-fleurs/fleurs-annuelles/4049-geranium-orange-hybride-f1-1.html
36892-36892;1252056;93;20170113;https://www.jardiland.com/plantes/graines-et-gazon/graines-de-fleurs/melange-mixte/36892-fleurs-pour-papillons-en-melange-grands-massifs.html
136-136;1016365;93;20170113;https://www.jardiland.com/plantes/graines-et-gazon/graines-de-fleurs/fleurs-vivaces/136-achillee-millefeuille.html
4999-4999;682080;93;20170113;https://www.jardiland.com/plantes/graines-et-gazon/graines-potageres-et-aromatiques/tomates-piments-poivrons-aubergines/4999-tomate-saint-pierre.html
53476-53476;564829;93;20170113;https://www.jardiland.com/plantes/graines-et-gazon/graines-potageres-et-aromatiques/salades/53476-roquette-sauvage.html
53876-53876;1016381;93;20170113;https://www.jardiland.com/plantes/graines-et-gazon/graines-potageres-et-aromatiques/autres-graines-aromatiques/53876-romarin-officinal.html
53566-53566;564690;93;20170113;https://www.jardiland.com/plantes/graines-et-gazon/graines-potageres-et-aromatiques/autres-graines-potageres/53566-rhubarbe-victoria.html
52517-52517;564237;93;20170113;https://www.jardiland.com/plantes/graines-et-gazon/graines-potageres-et-aromatiques/radis-navets-carottes-et-autres-racines/52517-radis-rose-d-hiver-de-chine.html
53806-53806;1254538;93;20170113;https://www.jardiland.com/plantes/graines-et-gazon/graines-potageres-et-aromatiques/radis-navets-carottes-et-autres-racines/53806-radis-kiva.html
53477-53477;564827;93;20170113;https://www.jardiland.com/plantes/graines-et-gazon/graines-potageres-et-aromatiques/radis-navets-carottes-et-autres-racines/53477-radis-japonais-april-cross-hybride-f1-1.html
52519-52519;564232;93;20170113;https://www.jardiland.com/plantes/graines-et-gazon/graines-potageres-et-aromatiques/radis-navets-carottes-et-autres-racines/52519-radis-flamboyant-4-1.html
53857-53857;1016413;93;20170113;https://www.jardiland.com/plantes/graines-et-gazon/graines-potageres-et-aromatiques/radis-navets-carottes-et-autres-racines/53857-radis-flamboyant-3-format-economique.html
4974-4974;682028;93;20170113;https://www.jardiland.com/plantes/graines-et-gazon/graines-potageres-et-aromatiques/courges-melons/4974-potiron-rouge-vif-d-etampes.html
53478-53478;564688;93;20170113;https://www.jardiland.com/plantes/graines-et-gazon/graines-potageres-et-aromatiques/courges-melons/53478-potiron-giraumon-turban.html
53511-53511;564205;93;20170113;https://www.jardiland.com/plantes/graines-et-gazon/graines-potageres-et-aromatiques/tomates-piments-poivrons-aubergines/53511-poivron-doux-tres-long-des-landes.html
53432-53432;566008;93;20170113;https://www.jardiland.com/plantes/graines-et-gazon/graines-potageres-et-aromatiques/pois/53432-pois-telephone-a-rames.html
53431-53431;566009;93;20170113;https://www.jardiland.com/plantes/graines-et-gazon/graines-potageres-et-aromatiques/pois/53431-pois-petit-provencal.html
53434-53434;566005;93;20170113;https://www.jardiland.com/plantes/graines-et-gazon/graines-potageres-et-aromatiques/pois/53434-pois-express-a-longue-cosse.html
4916-4916;682067;93;20170113;https://www.jardiland.com/plantes/graines-et-gazon/graines-potageres-et-aromatiques/poireaux/4916-poireau-monstrueux-de-carentan-2-1.html
53858-53858;1016411;93;20170113;https://www.jardiland.com/plantes/graines-et-gazon/graines-potageres-et-aromatiques/poireaux/53858-poireau-bleu-de-solaise-format-economique.html
4878-4878;682061;93;20170113;https://www.jardiland.com/plantes/graines-et-gazon/graines-potageres-et-aromatiques/oignons/4878-oignon-jaune-paille-des-vertus.html
4872-4872;682053;93;20170113;https://www.jardiland.com/plantes/graines-et-gazon/graines-potageres-et-aromatiques/salades/4872-mache-verte-a-coeur-plein-3-1.html
52893-52893;1016405;93;20170113;https://www.jardiland.com/plantes/graines-et-gazon/graines-potageres-et-aromatiques/salades/52893-mache-coquille-de-louviers-format-economique.html
53530-53530;564160;93;20170113;https://www.jardiland.com/plantes/graines-et-gazon/graines-potageres-et-aromatiques/salades/53530-laitue-rougette-du-midi.html
53494-53494;564457;93;20170113;https://www.jardiland.com/plantes/graines-et-gazon/graines-potageres-et-aromatiques/salades/53494-laitue-gotte-jaune-d-or.html
53472-53472;564841;93;20170113;https://www.jardiland.com/plantes/graines-et-gazon/graines-potageres-et-aromatiques/salades/53472-laitue-batavia-sanguine.html
5005-5005;682089;93;20170113;https://www.jardiland.com/plantes/graines-et-gazon/graines-potageres-et-aromatiques/haricots/5005-haricot-nain-filet-mangetout-sonate-150-g.html
46415-46415;695383;93;20170113;https://www.jardiland.com/plantes/graines-et-gazon/graines-potageres-et-aromatiques/salades/46415-cresson-alenois-commun.html
4976-4976;682033;93;20170113;https://www.jardiland.com/plantes/graines-et-gazon/graines-potageres-et-aromatiques/courges-melons/4976-courgette-verte-non-coureuse-d-italie.html
53489-53489;564618;93;20170113;https://www.jardiland.com/plantes/graines-et-gazon/graines-potageres-et-aromatiques/courges-melons/53489-courge-galeuse-d-eysines.html
53546-53546;564122;93;20170113;https://www.jardiland.com/plantes/graines-et-gazon/graines-potageres-et-aromatiques/courges-melons/53546-cornichon-vert-petit-de-paris.html
53547-53547;564118;93;20170113;https://www.jardiland.com/plantes/graines-et-gazon/graines-potageres-et-aromatiques/radis-navets-carottes-et-autres-racines/53547-chou-rave-blanc-hatif-de-vienne.html
4971-4971;682025;93;20170113;https://www.jardiland.com/plantes/graines-et-gazon/graines-potageres-et-aromatiques/choux/4971-chou-fleur-boule-de-neige.html
46222-46222;682022;93;20170113;https://www.jardiland.com/plantes/graines-et-gazon/graines-potageres-et-aromatiques/choux/46222-chou-rouge-tete-noire-3-1.html
743-743;1251755;93;20170113;https://www.jardiland.com/plantes/graines-et-gazon/graines-potageres-et-aromatiques/salades/743-chicoree-witloof-turbo-hybride-f1-1.html
53373-53373;846815;93;20170113;https://www.jardiland.com/plantes/graines-et-gazon/graines-potageres-et-aromatiques/salades/53373-chicoree-witloof-de-bruxelles.html
53865-53865;1016399;93;20170113;https://www.jardiland.com/plantes/graines-et-gazon/graines-potageres-et-aromatiques/salades/53865-chicoree-witloof-bruxelles-format-economique.html
53779-53779;1313483;93;20170113;https://www.jardiland.com/plantes/graines-et-gazon/graines-potageres-et-aromatiques/salades/53779-chicoree-scarole-maruchka.html
53561-53561;564082;93;20170113;https://www.jardiland.com/plantes/graines-et-gazon/graines-potageres-et-aromatiques/salades/53561-chicoree-frisee-tres-fine-maraichere.html
46224-46224;682011;93;20170113;https://www.jardiland.com/plantes/graines-et-gazon/graines-potageres-et-aromatiques/salades/46224-chicoree-frisee-fine-de-louviers.html
53562-53562;564079;93;20170113;https://www.jardiland.com/plantes/graines-et-gazon/graines-potageres-et-aromatiques/salades/53562-chicoree-frisee-de-ruffec.html
4960-4960;682007;93;20170113;https://www.jardiland.com/plantes/graines-et-gazon/graines-potageres-et-aromatiques/radis-navets-carottes-et-autres-racines/4960-celeri-rave-geant-de-prague.html
4956-4956;682003;93;20170113;https://www.jardiland.com/plantes/graines-et-gazon/graines-potageres-et-aromatiques/radis-navets-carottes-et-autres-racines/4956-carotte-touchon.html
53496-53496;564453;93;20170113;https://www.jardiland.com/plantes/graines-et-gazon/graines-potageres-et-aromatiques/radis-navets-carottes-et-autres-racines/53496-carotte-bolero-hybride-f1-1.html
53480-53480;564667;93;20170113;https://www.jardiland.com/plantes/graines-et-gazon/graines-potageres-et-aromatiques/autres-graines-aromatiques/53480-camomille.html
36962-36962;564041;93;20170113;https://www.jardiland.com/plantes/graines-et-gazon/graines-potageres-et-aromatiques/autres-graines-aromatiques/36962-bourrache-officinale.html
4386-4386;682001;93;20170113;https://www.jardiland.com/plantes/graines-et-gazon/graines-potageres-et-aromatiques/radis-navets-carottes-et-autres-racines/4386-betterave-de-detoit-amelioree-2-1.html
53572-53572;564040;93;20170113;https://www.jardiland.com/plantes/graines-et-gazon/graines-potageres-et-aromatiques/basilic/53572-basilic-pourpre.html
4384-4384;681999;93;20170113;https://www.jardiland.com/plantes/graines-et-gazon/graines-potageres-et-aromatiques/basilic/4384-basilic-fin-vert.html
53481-53481;564666;93;20170113;https://www.jardiland.com/plantes/graines-et-gazon/graines-potageres-et-aromatiques/basilic/53481-basilic-citron.html
4777-4777;683003;93;20170113;https://www.jardiland.com/plantes/graines-et-gazon/graines-potageres-et-aromatiques/tomates-piments-poivrons-aubergines/4777-aubergine-violette-de-barbentane.html
41903-26075;837429;93;20170113;https://www.jardiland.com/plantes/bulbes-et-pommes-de-terre/bulbes-potagers-oignons-ail/echalote/41903-echalote-longor.html
58785-58785;1470863;93;20170113;https://www.jardiland.com/plantes/bulbes-et-pommes-de-terre/bulbes-a-fleurs/jacinthe/58785-jacinthes-d-orient-en-melange.html
56616-56616;1470851;93;20170113;https://www.jardiland.com/plantes/bulbes-et-pommes-de-terre/bulbes-a-fleurs/dahlia/56616-iris-de-hollande-en-melange.html
56619-56619;1470848;93;20170113;https://www.jardiland.com/plantes/bulbes-et-pommes-de-terre/bulbes-a-fleurs/iris/56619-iris-de-hollande-blanc.html
56625-56625;1470842;93;20170113;https://www.jardiland.com/plantes/bulbes-et-pommes-de-terre/bulbes-a-fleurs/freesia/56625-freesias-doubles-en-melange.html
36549-30318;971596;93;20170113;https://www.jardiland.com/plantes/potager-et-verger/fruitiers/vigne/36549-vigne-chasselas-rose.html
46085-21185;641886;93;20170113;https://www.jardiland.com/plantes/potager-et-verger/fruitiers/prunier/46085-prunier-mirabelle-de-nancy.html
46085-18736;597606;93;20170113;https://www.jardiland.com/plantes/potager-et-verger/fruitiers/prunier/46085-prunier-mirabelle-de-nancy.html
36524-18067;593801;93;20170113;https://www.jardiland.com/plantes/potager-et-verger/fruitiers/noisetier/36524-noisetier-merveille-de-bollwiller.html
36523-18063;593792;93;20170113;https://www.jardiland.com/plantes/potager-et-verger/fruitiers/noisetier/36523-noisetier-longue-d-espagne.html
41987-47817;886306;93;20170113;https://www.jardiland.com/plantes/potager-et-verger/fruitiers/autres-fruitiers/41987-neflier-d-allemagne.html
42016-27623;877276;93;20170113;https://www.jardiland.com/plantes/potager-et-verger/fruitiers/nashi/42016-nashi.html
36501-25275;814800;93;20170113;https://www.jardiland.com/plantes/potager-et-verger/fruitiers/mure/36501-mure-framboise-tayberry.html
34523-6162;1010240;93;20170113;https://www.jardiland.com/plantes/potager-et-verger/fruitiers/kumquat/34523-kumquat-kucli.html
36473-17052;588409;93;20170113;https://www.jardiland.com/plantes/potager-et-verger/fruitiers/groseillier-a-grappes/36473-groseillier-a-grappes-versailles-blanche.html
36467-47130;588373;93;20170113;https://www.jardiland.com/plantes/potager-et-verger/fruitiers/groseillier-a-grappes/36467-groseillier-a-grappes-junifer-rouge.html
36466-30187;969779;93;20170113;https://www.jardiland.com/plantes/potager-et-verger/fruitiers/groseillier-a-grappes/36466-groseillier-a-grappes-jonkheer-van-tets-rouge.html
36465-19781;609360;93;20170113;https://www.jardiland.com/plantes/potager-et-verger/fruitiers/groseillier-a-grappes/36465-groseillier-a-grappes-gloire-des-sablons-rose.html
36449-20255;626834;93;20170113;https://www.jardiland.com/plantes/potager-et-verger/fruitiers/framboisier/36449-framboisier-blizzy-autumn-bliss.html
36443-20258;626840;93;20170113;https://www.jardiland.com/plantes/potager-et-verger/fruitiers/framboisier/36443-framboisier-zeva.html
36446-25515;821144;93;20170113;https://www.jardiland.com/plantes/potager-et-verger/fruitiers/framboisier/36446-framboisier-sumor.html
36454-20256;626835;93;20170113;https://www.jardiland.com/plantes/potager-et-verger/fruitiers/framboisier/36454-framboisier-heritage.html
36451-17182;588016;93;20170113;https://www.jardiland.com/plantes/potager-et-verger/fruitiers/framboisier/36451-framboisier-fallgold.html
42013-17153;587897;93;20170113;https://www.jardiland.com/plantes/potager-et-verger/fruitiers/figuier/42013-figuier-rouge-de-bordeaux.html
34517-16583;584870;93;20170113;https://www.jardiland.com/plantes/potager-et-verger/fruitiers/citronnier/34517-citronnier-des-quatre-saisons.html
41588-23612;719217;93;20170113;https://www.jardiland.com/plantes/potager-et-verger/fruitiers/citronnier/41588-citronnier.html
34511-14073;1426933;93;20170113;https://www.jardiland.com/plantes/potager-et-verger/fruitiers/autres-fruitiers/34511-citron-caviar.html
34511-13735;1410586;93;20170113;https://www.jardiland.com/plantes/potager-et-verger/fruitiers/autres-fruitiers/34511-citron-caviar.html
41990-16466;583770;93;20170113;https://www.jardiland.com/plantes/potager-et-verger/fruitiers/cerisier/41990-cerisier-bigarreau-reverchon.html
42002-16459;583753;93;20170113;https://www.jardiland.com/plantes/potager-et-verger/fruitiers/cerisier/42002-cerisier-bigarreau-napoleon.html
42000-30034;980459;93;20170113;https://www.jardiland.com/plantes/potager-et-verger/fruitiers/cerisier/42000-cerisier-bigarreau-burlat-hatif.html
36413-23491;715406;93;20170113;https://www.jardiland.com/plantes/potager-et-verger/fruitiers/cassissier/36413-cassissier-boskoop-giant.html
36413-19749;609228;93;20170113;https://www.jardiland.com/plantes/potager-et-verger/fruitiers/cassissier/36413-cassissier-boskoop-giant.html
36416-16331;583018;93;20170113;https://www.jardiland.com/plantes/potager-et-verger/fruitiers/cassissier/36416-cassissier-andega.html
36406-9905;1319603;93;20170113;https://www.jardiland.com/plantes/potager-et-verger/fruitiers/autres-fruitiers/36406-airelle-rouge-red-candy.html
36407-28985;925000;93;20170113;https://www.jardiland.com/plantes/potager-et-verger/fruitiers/autres-fruitiers/36407-airelle-rouge.html
36491-25274;814694;93;20170113;https://www.jardiland.com/plantes/potager-et-verger/fruitiers/kiwi/36491-actinidia-deliciosa-male.html
36490-15992;579564;93;20170113;https://www.jardiland.com/plantes/potager-et-verger/fruitiers/kiwi/36490-actinidia-deliciosa-femelle.html
36496-45174;904033;93;20170113;https://www.jardiland.com/plantes/potager-et-verger/fruitiers/kiwi/36496-actinidia-deliciosa.html
36497-57569;992849;93;20170113;https://www.jardiland.com/plantes/potager-et-verger/fruitiers/kiwi/36497-actinidia-arguta-issai-autofertile.html
36497-9401;1312263;93;20170113;https://www.jardiland.com/plantes/potager-et-verger/fruitiers/kiwi/36497-actinidia-arguta-issai-autofertile.html
41979-30703;977564;93;20170113;https://www.jardiland.com/plantes/potager-et-verger/fruitiers/abricotier/41979-abricotier-bergeron.html
33375-49716;636732;93;20170113;https://www.jardiland.com/plantes/potager-et-verger/plantes-aromatiques/lavande/33375-lavande-grosso.html
34024-10045;1331263;93;20170113;https://www.jardiland.com/plantes/arbres-et-arbustes-d-ornement/coniferes/pin/34024-pin-de-montagne.html
33954-24521;750346;93;20170113;https://www.jardiland.com/plantes/arbres-et-arbustes-d-ornement/coniferes/epicea/33954-epicea-glauca-conica.html
33953-60315;928958;93;20170113;https://www.jardiland.com/plantes/arbres-et-arbustes-d-ornement/coniferes/epicea/33953-epicea-glauca-alberta-globe.html
33913-16532;584380;93;20170113;https://www.jardiland.com/plantes/arbres-et-arbustes-d-ornement/coniferes/chamaecyparis/33913-chamaecyparis-obtusa-aurora.html
33922-38713;584079;93;20170113;https://www.jardiland.com/plantes/arbres-et-arbustes-d-ornement/coniferes/chamaecyparis/33922-chamaecyparis-lawsoniana-columnaris.html
33886-42577;1338034;93;20170113;https://www.jardiland.com/plantes/arbres-et-arbustes-d-ornement/coniferes/araucaria/33886-araucaria-araucana.html
33798-27719;879247;93;20170113;https://www.jardiland.com/plantes/arbres-et-arbustes-d-ornement/bambous/fargesia/33798-bambou-fargesia-murieliae-rufa.html
33799-59083;1228436;93;20170113;https://www.jardiland.com/plantes/arbres-et-arbustes-d-ornement/bambous/fargesia/33799-bambou-fargesia-angustissima.html
33809-43467;1462272;93;20170113;https://www.jardiland.com/plantes/arbres-et-arbustes-d-ornement/bambous/fargesia/33809-bambou-fargesia.html
33882-43465;1285460;93;20170113;https://www.jardiland.com/plantes/arbres-et-arbustes-d-ornement/buis-et-topiaires/troene-en-topiaire/33882-troene-du-yunnan.html
33880-42903;626551;93;20170113;https://www.jardiland.com/plantes/arbres-et-arbustes-d-ornement/buis-et-topiaires/photinia-en-topiaire/33880-photinia-x-fraseri-red-robin.html
58299-58288;1437999;93;20170113;https://www.jardiland.com/plantes/arbres-et-arbustes-d-ornement/buis-et-topiaires/houx-en-topiaire/58299-houx-crenele-dark-greenr.html
33866-24477;749379;93;20170113;https://www.jardiland.com/plantes/arbres-et-arbustes-d-ornement/buis-et-topiaires/hibiscus-en-topiaire/33866-hibiscus-syriacus-oiseau-bleu.html
34470-7508;1232409;93;20170113;https://www.jardiland.com/plantes/arbres-et-arbustes-d-ornement/plantes-grimpantes/lierre/34470-lierre-commun-glacier.html
34472-7061;1232293;93;20170113;https://www.jardiland.com/plantes/arbres-et-arbustes-d-ornement/plantes-grimpantes/lierre/34472-lierre-kolibri.html
34462-7506;1232401;93;20170113;https://www.jardiland.com/plantes/arbres-et-arbustes-d-ornement/plantes-grimpantes/lierre/34462-lierre-gloire-de-marengo.html
34455-8568;1280078;93;20170113;https://www.jardiland.com/plantes/arbres-et-arbustes-d-ornement/plantes-grimpantes/jasmin/34455-jasmin-stephanense.html
34446-7498;1232304;93;20170113;https://www.jardiland.com/plantes/arbres-et-arbustes-d-ornement/plantes-grimpantes/glycine/34446-glycine-de-chine.html
34439-8110;1255532;93;20170113;https://www.jardiland.com/plantes/arbres-et-arbustes-d-ornement/plantes-grimpantes/glycine/34439-glycine-multijuga.html
34433-14284;1435522;93;20170113;https://www.jardiland.com/plantes/arbres-et-arbustes-d-ornement/plantes-grimpantes/glycine/34433-glycine-longwood-purple.html
34444-47602;884764;93;20170113;https://www.jardiland.com/plantes/arbres-et-arbustes-d-ornement/plantes-grimpantes/glycine/34444-glycine-amethyst-falls.html
34388-23439;712722;93;20170113;https://www.jardiland.com/plantes/arbres-et-arbustes-d-ornement/plantes-grimpantes/clematite/34388-clematite.html
34357-10811;1363312;93;20170113;https://www.jardiland.com/plantes/arbres-et-arbustes-d-ornement/plantes-grimpantes/chevrefeuille/34357-chevrefeuille-du-japon-mint-crisp-pbr.html
34367-7494;1232297;93;20170113;https://www.jardiland.com/plantes/arbres-et-arbustes-d-ornement/plantes-grimpantes/chevrefeuille/34367-chevrefeuille-du-japon-halliana.html
34366-31007;995256;93;20170113;https://www.jardiland.com/plantes/arbres-et-arbustes-d-ornement/plantes-grimpantes/chevrefeuille/34366-chevrefeuille-de-chine.html
34370-7509;1232414;93;20170113;https://www.jardiland.com/plantes/arbres-et-arbustes-d-ornement/plantes-grimpantes/chevrefeuille/34370-chevrefeuille-capriliar-ever.html
34362-7495;1232299;93;20170113;https://www.jardiland.com/plantes/arbres-et-arbustes-d-ornement/plantes-grimpantes/chevrefeuille/34362-chevrefeuille-goldflame.html
34362-7447;1232262;93;20170113;https://www.jardiland.com/plantes/arbres-et-arbustes-d-ornement/plantes-grimpantes/chevrefeuille/34362-chevrefeuille-goldflame.html
34361-17689;592044;93;20170113;https://www.jardiland.com/plantes/arbres-et-arbustes-d-ornement/plantes-grimpantes/chevrefeuille/34361-chevrefeuille-dropmore-scarlet.html
34349-28476;910593;93;20170113;https://www.jardiland.com/plantes/arbres-et-arbustes-d-ornement/plantes-grimpantes/bignone/34349-bignone-mme-galen.html
34349-7058;1232266;93;20170113;https://www.jardiland.com/plantes/arbres-et-arbustes-d-ornement/plantes-grimpantes/bignone/34349-bignone-mme-galen.html
41886-26323;844087;93;20170113;https://www.jardiland.com/plantes/arbres-et-arbustes-d-ornement/rosiers/rosiers-tiges-pleureurs/41886-rosier-paris-d-yves-st-laurentr-meivamo-grandes-fleurs.html
41772-21205;643863;93;20170113;https://www.jardiland.com/plantes/arbres-et-arbustes-d-ornement/rosiers/rosiers-buissons/41772-rosier-yellowhammer-polyantha.html
41669-21352;643836;93;20170113;https://www.jardiland.com/plantes/arbres-et-arbustes-d-ornement/rosiers/rosiers-buissons/41669-rosier-jupiter-grandes-fleurs.html
34975-7876;1248536;93;20170113;https://www.jardiland.com/plantes/arbres-et-arbustes-d-ornement/rosiers/rosiers-grimpants/34975-rosier-goldfinch-ancien.html
34295-18925;599643;93;20170113;https://www.jardiland.com/plantes/arbres-et-arbustes-d-ornement/plantes-de-terre-de-bruyere/rhododendron/34295-rhododendron-yakushimanum-rose.html
34320-21383;644724;93;20170113;https://www.jardiland.com/plantes/arbres-et-arbustes-d-ornement/plantes-de-terre-de-bruyere/rhododendron/34320-rhododendron-hybride.html
34326-7976;1251017;93;20170113;https://www.jardiland.com/plantes/arbres-et-arbustes-d-ornement/plantes-de-terre-de-bruyere/rhododendron/34326-rhododendron-graziella-ponticum.html
34258-17695;592602;93;20170113;https://www.jardiland.com/plantes/arbres-et-arbustes-d-ornement/plantes-de-terre-de-bruyere/magnolia/34258-magnolia-stellata.html
41579-25926;831642;93;20170113;https://www.jardiland.com/plantes/arbres-et-arbustes-d-ornement/plantes-de-terre-de-bruyere/magnolia/41579-magnolia-grandiflora.html
34232-17762;591626;93;20170113;https://www.jardiland.com/plantes/arbres-et-arbustes-d-ornement/plantes-de-terre-de-bruyere/leucothoe/34232-leucothoe.html
34170-17090;589295;93;20170113;https://www.jardiland.com/plantes/arbres-et-arbustes-d-ornement/plantes-de-terre-de-bruyere/hortensia/34170-hortensia-renate-steiniger.html
34168-39108;636282;93;20170113;https://www.jardiland.com/plantes/arbres-et-arbustes-d-ornement/plantes-de-terre-de-bruyere/hortensia/34168-hortensia-freudenstein.html
34123-55965;1468647;93;20170113;https://www.jardiland.com/plantes/arbres-et-arbustes-d-ornement/plantes-de-terre-de-bruyere/erable-du-japon/34123-erable-du-japon-jerre-schwartz.html
41568-27757;890168;93;20170113;https://www.jardiland.com/plantes/arbres-et-arbustes-d-ornement/plantes-de-terre-de-bruyere/erable-du-japon/41568-erable-de-japon-garnet.html
34090-9824;1315915;93;20170113;https://www.jardiland.com/plantes/arbres-et-arbustes-d-ornement/plantes-de-terre-de-bruyere/bois-joli-daphne/34090-daphne-x-transatlantica-eternal-fragrance.html
34101-21181;641304;93;20170113;https://www.jardiland.com/plantes/arbres-et-arbustes-d-ornement/plantes-de-terre-de-bruyere/camelia/34101-camelia-du-japon.html
34109-16263;582701;93;20170113;https://www.jardiland.com/plantes/arbres-et-arbustes-d-ornement/plantes-de-terre-de-bruyere/camelia/34109-camelia-d-automne.html
34096-9860;1318152;93;20170113;https://www.jardiland.com/plantes/arbres-et-arbustes-d-ornement/plantes-de-terre-de-bruyere/camelia/34096-camelia-dr-king.html
34076-44695;580685;93;20170113;https://www.jardiland.com/plantes/arbres-et-arbustes-d-ornement/plantes-de-terre-de-bruyere/azalee/34076-azalea-mollis.html
34072-16083;580522;93;20170113;https://www.jardiland.com/plantes/arbres-et-arbustes-d-ornement/plantes-de-terre-de-bruyere/azalee/34072-azalea-japonica-rose.html
34834-43190;891555;93;20170113;https://www.jardiland.com/plantes/arbres-et-arbustes-d-ornement/plantes-mediterraneennes/palmiers/34834-yucca-rostrata.html
34844-26808;864909;93;20170113;https://www.jardiland.com/plantes/arbres-et-arbustes-d-ornement/plantes-mediterraneennes/palmiers/34844-phormium-golden-ray.html
40607-39252;647617;93;20170113;https://www.jardiland.com/plantes/arbres-et-arbustes-d-ornement/plantes-mediterraneennes/autres-plantes-mediterraneennes/40607-pandorea-jasminoides-variegata.html
34846-7347;1226431;93;20170113;https://www.jardiland.com/plantes/arbres-et-arbustes-d-ornement/plantes-mediterraneennes/palmiers/34846-palmier-nain-bleu-cerifera.html
34794-42962;665822;93;20170113;https://www.jardiland.com/plantes/arbres-et-arbustes-d-ornement/plantes-mediterraneennes/palmiers/34794-palmier-dattier-des-canaries.html
34678-60879;811646;93;20170113;https://www.jardiland.com/plantes/arbres-et-arbustes-d-ornement/plantes-mediterraneennes/autres-plantes-mediterraneennes/34678-myrte-de-tarente.html
34550-11744;1378638;93;20170113;https://www.jardiland.com/plantes/arbres-et-arbustes-d-ornement/plantes-mediterraneennes/autres-plantes-mediterraneennes/34550-mimosa-d-hiver-le-gaulois.html
34666-17612;591194;93;20170113;https://www.jardiland.com/plantes/arbres-et-arbustes-d-ornement/plantes-mediterraneennes/autres-plantes-mediterraneennes/34666-lilas-des-indes-yang-tser.html
34663-7624;1238937;93;20170113;https://www.jardiland.com/plantes/arbres-et-arbustes-d-ornement/plantes-mediterraneennes/autres-plantes-mediterraneennes/34663-lilas-des-indes-saint-emilionr.html
34655-17665;590906;93;20170113;https://www.jardiland.com/plantes/arbres-et-arbustes-d-ornement/plantes-mediterraneennes/autres-plantes-mediterraneennes/34655-lilas-des-indes-petit-canaille-blancr.html
34657-24462;748962;93;20170113;https://www.jardiland.com/plantes/arbres-et-arbustes-d-ornement/plantes-mediterraneennes/autres-plantes-mediterraneennes/34657-lilas-des-indes-perigord-pourprer.html
34656-17671;590931;93;20170113;https://www.jardiland.com/plantes/arbres-et-arbustes-d-ornement/plantes-mediterraneennes/autres-plantes-mediterraneennes/34656-lilas-des-indes-pecharmantr.html
34654-17658;590864;93;20170113;https://www.jardiland.com/plantes/arbres-et-arbustes-d-ornement/plantes-mediterraneennes/autres-plantes-mediterraneennes/34654-lilas-des-indes-monbazillacr.html
34659-17677;590973;93;20170113;https://www.jardiland.com/plantes/arbres-et-arbustes-d-ornement/plantes-mediterraneennes/autres-plantes-mediterraneennes/34659-lilas-des-indes-red-imperator-r.html
34671-25481;821793;93;20170113;https://www.jardiland.com/plantes/arbres-et-arbustes-d-ornement/plantes-mediterraneennes/autres-plantes-mediterraneennes/34671-laurier-sauce.html
34671-25265;814407;93;20170113;https://www.jardiland.com/plantes/arbres-et-arbustes-d-ornement/plantes-mediterraneennes/autres-plantes-mediterraneennes/34671-laurier-sauce.html
34619-22358;675720;93;20170113;https://www.jardiland.com/plantes/arbres-et-arbustes-d-ornement/plantes-mediterraneennes/autres-plantes-mediterraneennes/34619-grevillea-juniperina.html
34607-16618;587347;93;20170113;https://www.jardiland.com/plantes/arbres-et-arbustes-d-ornement/plantes-mediterraneennes/autres-plantes-mediterraneennes/34607-eucalyptus-gunnii.html
34745-28019;889822;93;20170113;https://www.jardiland.com/plantes/arbres-et-arbustes-d-ornement/plantes-mediterraneennes/autres-plantes-mediterraneennes/34745-bougainvillier-varie.html
34610-22949;692842;93;20170113;https://www.jardiland.com/plantes/arbres-et-arbustes-d-ornement/plantes-mediterraneennes/autres-plantes-mediterraneennes/34610-aralia-du-japon.html
34556-11298;1363416;93;20170113;https://www.jardiland.com/plantes/arbres-et-arbustes-d-ornement/plantes-mediterraneennes/autres-plantes-mediterraneennes/34556-albizia-ombrellar.html
34738-53016;1239337;93;20170113;https://www.jardiland.com/plantes/arbres-et-arbustes-d-ornement/plantes-mediterraneennes/autres-plantes-mediterraneennes/34738-albizia-summer-chocolate.html
33731-11619;1370407;93;20170113;https://www.jardiland.com/plantes/arbres-et-arbustes-d-ornement/arbres-et-arbustes/viburnum/33731-viburnum-tinus-lisaroser.html
32992-31101;998522;93;20170113;https://www.jardiland.com/plantes/arbres-et-arbustes-d-ornement/arbres-et-arbustes/autres-arbres-et-arbustes/32992-sorbaria-sorbifolia-sem-pbr.html
41545-18949;599954;93;20170113;https://www.jardiland.com/plantes/arbres-et-arbustes-d-ornement/arbres-et-arbustes/saule/41545-saule-pleureur-chrysocoma.html
33640-42683;1405221;93;20170113;https://www.jardiland.com/plantes/arbres-et-arbustes-d-ornement/arbres-et-arbustes/saule/33640-saule-marsault-pleureur-pendula-kilmarnock.html
33642-29703;953382;93;20170113;https://www.jardiland.com/plantes/arbres-et-arbustes-d-ornement/arbres-et-arbustes/saule/33642-salix-integra-flamingo-pbr.html
62917-26308;856549;93;20170113;https://www.jardiland.com/plantes/arbres-et-arbustes-d-ornement/arbres-et-arbustes/autres-arbres-et-arbustes/62917-salix-grahamii.html
33625-19003;599941;93;20170113;https://www.jardiland.com/plantes/arbres-et-arbustes-d-ornement/arbres-et-arbustes/saule/33625-salix-elaeagnos-angustifolia-rosmarinifolia.html
33298-25410;818013;93;20170113;https://www.jardiland.com/plantes/arbres-et-arbustes-d-ornement/arbres-et-arbustes/groseillier-a-fleurs/33298-ribes-sanguineum-king-edward-vii.html
33600-38424;1419382;93;20170113;https://www.jardiland.com/plantes/arbres-et-arbustes-d-ornement/arbres-et-arbustes/prunus/33600-prunus-persica.html
33361-23009;693587;93;20170113;https://www.jardiland.com/plantes/arbres-et-arbustes-d-ornement/arbres-et-arbustes/laurier-palme/33361-prunus-laurocerasus-caucasica.html
33361-18771;597808;93;20170113;https://www.jardiland.com/plantes/arbres-et-arbustes-d-ornement/arbres-et-arbustes/laurier-palme/33361-prunus-laurocerasus-caucasica.html
33359-28059;892165;93;20170113;https://www.jardiland.com/plantes/arbres-et-arbustes-d-ornement/arbres-et-arbustes/laurier-palme/33359-prunus-laurocerasus.html
33556-23858;731020;93;20170113;https://www.jardiland.com/plantes/arbres-et-arbustes-d-ornement/arbres-et-arbustes/potentille/33556-potentilla-fruticosa-goldfinger.html
33544-23353;707393;93;20170113;https://www.jardiland.com/plantes/arbres-et-arbustes-d-ornement/arbres-et-arbustes/pommier-d-ornement/33544-pommier-d-ornement-perpetur-evereste-pbr.html
33521-30713;977928;93;20170113;https://www.jardiland.com/plantes/arbres-et-arbustes-d-ornement/arbres-et-arbustes/photinia/33521-photinia-x-fraseri-pink-marbler-cassini.html
33648-25476;821448;93;20170113;https://www.jardiland.com/plantes/arbres-et-arbustes-d-ornement/arbres-et-arbustes/seringat/33648-philadelphus-coronarius.html
33654-25636;824017;93;20170113;https://www.jardiland.com/plantes/arbres-et-arbustes-d-ornement/arbres-et-arbustes/seringat/33654-philadelphus-virginal.html
41546-18202;594773;93;20170113;https://www.jardiland.com/plantes/arbres-et-arbustes-d-ornement/arbres-et-arbustes/seringat/41546-philadelphus-belle-etoile.html
33488-55123;584740;93;20170113;https://www.jardiland.com/plantes/arbres-et-arbustes-d-ornement/arbres-et-arbustes/oranger-du-mexique/33488-oranger-du-mexique.html
33488-16577;584754;93;20170113;https://www.jardiland.com/plantes/arbres-et-arbustes-d-ornement/arbres-et-arbustes/oranger-du-mexique/33488-oranger-du-mexique.html
33457-20203;626522;93;20170113;https://www.jardiland.com/plantes/arbres-et-arbustes-d-ornement/arbres-et-arbustes/mahonia/33457-mahonia-x-media-charity.html
33454-12886;1398917;93;20170113;https://www.jardiland.com/plantes/arbres-et-arbustes-d-ornement/arbres-et-arbustes/mahonia/33454-mahonia-soft-caress.html
33446-23799;723073;93;20170113;https://www.jardiland.com/plantes/arbres-et-arbustes-d-ornement/arbres-et-arbustes/lonicera/33446-lonicera-nitida.html
41537-17817;591870;93;20170113;https://www.jardiland.com/plantes/arbres-et-arbustes-d-ornement/arbres-et-arbustes/liquidambar/41537-liquidambar-manon.html
33711-60981;814429;93;20170113;https://www.jardiland.com/plantes/arbres-et-arbustes-d-ornement/arbres-et-arbustes/troene/33711-ligustrum-ovalifolium-argenteum.html
40574-39839;847601;93;20170113;https://www.jardiland.com/plantes/arbres-et-arbustes-d-ornement/arbres-et-arbustes/troene/40574-ligustrum-japonicum-silver-star.html
33405-17758;591545;93;20170113;https://www.jardiland.com/plantes/arbres-et-arbustes-d-ornement/arbres-et-arbustes/lavatere/33405-lavatera-barnsley.html
41531-18536;597856;93;20170113;https://www.jardiland.com/plantes/arbres-et-arbustes-d-ornement/arbres-et-arbustes/laurier-palme/41531-laurier-du-portugal-angustifolia.html
33356-17572;590524;93;20170113;https://www.jardiland.com/plantes/arbres-et-arbustes-d-ornement/arbres-et-arbustes/kolkwitzia/33356-kolkwitzia-amabilis-pink-cloud.html
33347-30775;981082;93;20170113;https://www.jardiland.com/plantes/arbres-et-arbustes-d-ornement/arbres-et-arbustes/houx/33347-ilex-aquifolium-alaska.html
33320-39875;837786;93;20170113;https://www.jardiland.com/plantes/arbres-et-arbustes-d-ornement/arbres-et-arbustes/hibiscus/33320-hibiscus-syriacus-china-chiffon.html
33313-38572;1443045;93;20170113;https://www.jardiland.com/plantes/arbres-et-arbustes-d-ornement/arbres-et-arbustes/hetre/33313-hetre-pourpre-purpurea.html
33261-17114;587626;93;20170113;https://www.jardiland.com/plantes/arbres-et-arbustes-d-ornement/arbres-et-arbustes/fusain/33261-euonymus-japonicus-president-gauthier.html
33245-24363;745589;93;20170113;https://www.jardiland.com/plantes/arbres-et-arbustes-d-ornement/arbres-et-arbustes/fusain/33245-euonymus-fortunei-emerald-gaiety.html
33241-44704;1416385;93;20170113;https://www.jardiland.com/plantes/arbres-et-arbustes-d-ornement/arbres-et-arbustes/fusain/33241-euonymus-europaeus-red-cascade.html
33215-25507;819961;93;20170113;https://www.jardiland.com/plantes/arbres-et-arbustes-d-ornement/arbres-et-arbustes/escallonia/33215-escallonia-rubra-var-macrantha.html
41526-21341;643493;93;20170113;https://www.jardiland.com/plantes/arbres-et-arbustes-d-ornement/arbres-et-arbustes/escallonia/41526-escallonia-laevis.html
33216-17011;587212;93;20170113;https://www.jardiland.com/plantes/arbres-et-arbustes-d-ornement/arbres-et-arbustes/escallonia/33216-escallonia-apple-blossom.html
33197-42797;579440;93;20170113;https://www.jardiland.com/plantes/arbres-et-arbustes-d-ornement/arbres-et-arbustes/erable/33197-erable-platane-pourpre-crimson-king.html
33185-15953;579137;93;20170113;https://www.jardiland.com/plantes/arbres-et-arbustes-d-ornement/arbres-et-arbustes/erable/33185-erable-negundo-flamingo.html
33148-16767;586154;93;20170113;https://www.jardiland.com/plantes/arbres-et-arbustes-d-ornement/arbres-et-arbustes/cotoneaster/33148-cotoneaster-laiteux.html
33145-21746;654599;93;20170113;https://www.jardiland.com/plantes/arbres-et-arbustes-d-ornement/arbres-et-arbustes/cotoneaster/33145-cotoneaster-de-franchet.html
33155-26557;864349;93;20170113;https://www.jardiland.com/plantes/arbres-et-arbustes-d-ornement/arbres-et-arbustes/cotoneaster/33155-cotoneaster-atropurpureus-variegatus.html
33059-39538;735917;93;20170113;https://www.jardiland.com/plantes/arbres-et-arbustes-d-ornement/arbres-et-arbustes/ceanothe/33059-ceanothus-thyrsiflorus-el-dorado.html
43394-43106;826605;93;20170113;https://www.jardiland.com/plantes/arbres-et-arbustes-d-ornement/arbres-et-arbustes/ceanothe/43394-ceanothe.html
33050-24102;735501;93;20170113;https://www.jardiland.com/plantes/arbres-et-arbustes-d-ornement/arbres-et-arbustes/caryopteris/33050-caryopteris-grand-bleur-inoveris.html
33042-16191;581875;93;20170113;https://www.jardiland.com/plantes/arbres-et-arbustes-d-ornement/arbres-et-arbustes/callicarpa/33042-callicarpe-de-bodinier-profusion.html
33038-27637;877429;93;20170113;https://www.jardiland.com/plantes/arbres-et-arbustes-d-ornement/arbres-et-arbustes/buddleia/33038-buddleja-davidii-adonis-blue-adokeep-pbr.html
33030-16129;581376;93;20170113;https://www.jardiland.com/plantes/arbres-et-arbustes-d-ornement/arbres-et-arbustes/buddleia/33030-buddleja-davidii-empire-blue.html
33007-16093;581018;93;20170113;https://www.jardiland.com/plantes/arbres-et-arbustes-d-ornement/arbres-et-arbustes/berberis/33007-berberis-x-ottawensis-auricoma.html
32954-16405;583644;93;20170113;https://www.jardiland.com/plantes/arbres-et-arbustes-d-ornement/arbres-et-arbustes/arbre-de-judee/32954-arbre-de-judee.html
32945-21387;644753;93;20170113;https://www.jardiland.com/plantes/arbres-et-arbustes-d-ornement/arbres-et-arbustes/arbre-aux-faisans/32945-arbre-aux-faisans-golden-lanterns.html
32936-25255;814362;93;20170113;https://www.jardiland.com/plantes/arbres-et-arbustes-d-ornement/arbres-et-arbustes/amelanchier/32936-amelanchier-de-lamarck.html
32936-24716;803868;93;20170113;https://www.jardiland.com/plantes/arbres-et-arbustes-d-ornement/arbres-et-arbustes/amelanchier/32936-amelanchier-de-lamarck.html
32925-23815;731264;93;20170113;https://www.jardiland.com/plantes/arbres-et-arbustes-d-ornement/arbres-et-arbustes/abelia/32925-abelia-x-grandiflora-hopleys-pbr.html
32930-23271;701241;93;20170113;https://www.jardiland.com/plantes/arbres-et-arbustes-d-ornement/arbres-et-arbustes/abelia/32930-abelia-x-edward-goucher.html
