ID_WEB;ID_JDN;CODEMAG;DATE_ASPI;URLPRODUIT
67598-67598;1477637;193;20170126;https://www.jardiland.com/maison-deco/beaute-bien-tre/accessoires/coffret/67598-duo-mini-bqt-brins-noir-rose-orange-can.html
81454-78269;857156;193;20170126;https://www.jardiland.com/maison-deco/beaute-bien-tre/cosmetiques/savon/81454-savon-pur-vegetal.html
81454-78267;857153;193;20170126;https://www.jardiland.com/maison-deco/beaute-bien-tre/cosmetiques/savon/81454-savon-pur-vegetal.html
81454-78265;857160;193;20170126;https://www.jardiland.com/maison-deco/beaute-bien-tre/cosmetiques/savon/81454-savon-pur-vegetal.html
81454-78259;857144;193;20170126;https://www.jardiland.com/maison-deco/beaute-bien-tre/cosmetiques/savon/81454-savon-pur-vegetal.html
81454-73260;1443271;193;20170126;https://www.jardiland.com/maison-deco/beaute-bien-tre/cosmetiques/savon/81454-savon-pur-vegetal.html
81454-73259;1443269;193;20170126;https://www.jardiland.com/maison-deco/beaute-bien-tre/cosmetiques/savon/81454-savon-pur-vegetal.html
81454-73257;1443264;193;20170126;https://www.jardiland.com/maison-deco/beaute-bien-tre/cosmetiques/savon/81454-savon-pur-vegetal.html
81454-73247;1443261;193;20170126;https://www.jardiland.com/maison-deco/beaute-bien-tre/cosmetiques/savon/81454-savon-pur-vegetal.html
81454-72424;1407914;193;20170126;https://www.jardiland.com/maison-deco/beaute-bien-tre/cosmetiques/savon/81454-savon-pur-vegetal.html
82520-73348;1441028;193;20170126;https://www.jardiland.com/maison-deco/epicerie-fine/epicerie-sucree/confiserie/82520-sachet-mini-nougat-200g.html
82520-73347;1441027;193;20170126;https://www.jardiland.com/maison-deco/epicerie-fine/epicerie-sucree/confiserie/82520-sachet-mini-nougat-200g.html
82520-73346;1441026;193;20170126;https://www.jardiland.com/maison-deco/epicerie-fine/epicerie-sucree/confiserie/82520-sachet-mini-nougat-200g.html
82520-73345;1441022;193;20170126;https://www.jardiland.com/maison-deco/epicerie-fine/epicerie-sucree/confiserie/82520-sachet-mini-nougat-200g.html
82519-73343;1440995;193;20170126;https://www.jardiland.com/maison-deco/epicerie-fine/epicerie-sucree/confiserie/82519-part-de-nougat-tendre-120g.html
82519-73342;1440994;193;20170126;https://www.jardiland.com/maison-deco/epicerie-fine/epicerie-sucree/confiserie/82519-part-de-nougat-tendre-120g.html
82519-73341;1440980;193;20170126;https://www.jardiland.com/maison-deco/epicerie-fine/epicerie-sucree/confiserie/82519-part-de-nougat-tendre-120g.html
68894-68894;1436113;193;20170126;https://www.jardiland.com/maison-deco/epicerie-fine/epicerie-sucree/confiserie/68894-canne-sucre-d-orge-fraise-28g-seau-28g.html
69676-69676;1432052;193;20170126;https://www.jardiland.com/maison-deco/art-de-la-table/linge-de-table/set-de-table/69676-set-de-table-orange-33x48cm.html
69677-69677;1432051;193;20170126;https://www.jardiland.com/maison-deco/art-de-la-table/linge-de-table/set-de-table/69677-set-de-table-gris-33x48cm.html
52813-52813;1383651;193;20170126;https://www.jardiland.com/maison-deco/art-de-la-table/vaisselle/plat-de-service/52813-plat-a-cake-poule-paille.html
52570-52570;1456686;193;20170126;https://www.jardiland.com/maison-deco/art-de-la-table/vaisselle/autres/52570-cave-a-saucisson-en-hetre-laguiole.html
81305-72824;1454268;193;20170126;https://www.jardiland.com/maison-deco/art-de-la-table/vaisselle/assiette/81305-assiette-plate-piko-d27cm.html
81302-72825;1454271;193;20170126;https://www.jardiland.com/maison-deco/art-de-la-table/vaisselle/assiette/81302-assiette-dessert-piko-d21cm.html
82030-74221;1293870;193;20170126;https://www.jardiland.com/maison-deco/cache-pot-d-interieur/a-reserve-d-eau/fibre/82030-pot-trio-claire-d26-h14-1.html
82030-74219;1293867;193;20170126;https://www.jardiland.com/maison-deco/cache-pot-d-interieur/a-reserve-d-eau/fibre/82030-pot-trio-claire-d26-h14-1.html
82030-74217;1293865;193;20170126;https://www.jardiland.com/maison-deco/cache-pot-d-interieur/a-reserve-d-eau/fibre/82030-pot-trio-claire-d26-h14-1.html
81701-73701;1014358;193;20170126;https://www.jardiland.com/maison-deco/cache-pot-d-interieur/a-reserve-d-eau/fibre/81701-pot-claire.html
81701-73700;1014357;193;20170126;https://www.jardiland.com/maison-deco/cache-pot-d-interieur/a-reserve-d-eau/fibre/81701-pot-claire.html
81701-73696;1014326;193;20170126;https://www.jardiland.com/maison-deco/cache-pot-d-interieur/a-reserve-d-eau/fibre/81701-pot-claire.html
69060-69060;1433162;193;20170126;https://www.jardiland.com/maison-deco/cache-pot-d-interieur/cache-pot-simple/contenant-en-metal/69060-seau-en-zinc-vert-et-blanc-2ast.html
70656-70656;1386071;193;20170126;https://www.jardiland.com/maison-deco/cache-pot-d-interieur/cache-pot-simple/pot-special-bonsai/70656-scpe-pot-bonzai-rectangle-bleu-l9xl5cm.html
70652-70652;1386084;193;20170126;https://www.jardiland.com/maison-deco/cache-pot-d-interieur/cache-pot-simple/pot-special-bonsai/70652-scpe-pot-bonzai-ovale-noir-l9xl5cm.html
69046-69046;1433179;193;20170126;https://www.jardiland.com/maison-deco/cache-pot-d-interieur/cache-pot-simple/contenant-en-metal/69046-pots-zinc-x3-s-plateau-corail-36x10x10cm.html
82154-72743;1375603;193;20170126;https://www.jardiland.com/maison-deco/cache-pot-d-interieur/cache-pot-simple/pot-special-orchidee-et-accessoires/82154-pot-rond-lidy-orchidee-d14-5xh12cm.html
82179-73699;1014341;193;20170126;https://www.jardiland.com/maison-deco/cache-pot-d-interieur/cache-pot-simple/pot-special-orchidee-et-accessoires/82179-pot-orchidee-d13-h14-1.html
69829-69829;1409950;193;20170126;https://www.jardiland.com/maison-deco/cache-pot-d-interieur/cache-pot-simple/contenant-en-metal/69829-pot-en-zinc-d10x13cm.html
82096-74551;1471879;193;20170126;https://www.jardiland.com/maison-deco/cache-pot-d-interieur/cache-pot-simple/pot-special-orchidee-et-accessoires/82096-cp-orchidee-d12-5-h15cm.html
82075-76341;1471899;193;20170126;https://www.jardiland.com/maison-deco/cache-pot-d-interieur/cache-pot-simple/zinc/82075-cache-pot-zinc.html
82075-74563;1471900;193;20170126;https://www.jardiland.com/maison-deco/cache-pot-d-interieur/cache-pot-simple/zinc/82075-cache-pot-zinc.html
70479-70479;1395513;193;20170126;https://www.jardiland.com/maison-deco/cache-pot-d-interieur/cache-pot-simple/vannerie/70479-cache-pot-clair-carre-jacinthe-38x38x32-1.html
70481-70481;1395511;193;20170126;https://www.jardiland.com/maison-deco/cache-pot-d-interieur/cache-pot-simple/vannerie/70481-cache-pot-clair-carre-jacinthe-26x26x21-1.html
70459-70459;1395533;193;20170126;https://www.jardiland.com/maison-deco/cache-pot-d-interieur/cache-pot-simple/vannerie/70459-cache-pot-bambou-rond-d29-x-h31-1.html
70460-70460;1395532;193;20170126;https://www.jardiland.com/maison-deco/cache-pot-d-interieur/cache-pot-simple/vannerie/70460-cache-pot-bambou-rond-d24-x-h25-1.html
70456-70456;1395537;193;20170126;https://www.jardiland.com/maison-deco/cache-pot-d-interieur/cache-pot-simple/vannerie/70456-cache-pot-bambou-rectangulaire-35x35x14-1.html
70457-70457;1395536;193;20170126;https://www.jardiland.com/maison-deco/cache-pot-d-interieur/cache-pot-simple/vannerie/70457-cache-pot-bambou-rectangulaire-27x27x11-1.html
70463-70463;1395529;193;20170126;https://www.jardiland.com/maison-deco/cache-pot-d-interieur/cache-pot-simple/vannerie/70463-cache-pot-bambou-carre-d26x26-1.html
69068-69068;1433154;193;20170126;https://www.jardiland.com/maison-deco/cache-pot-d-interieur/cache-pot-simple/contenant-en-metal/69068-arrosoir-en-zinc-26x17x16cm.html
67656-67656;1474578;193;20170126;https://www.jardiland.com/maison-deco/cache-pot-d-interieur/cache-pot-simple/ceramique/67656-a4-pot-pdq-nessa-h6-5d7-terra-taupe.html
41161-41161;1306253;193;20170126;https://www.jardiland.com/maison-deco/hygiene-de-la-maison/41161-savon-noir-mou.html
70700-70700;1378800;193;20170126;https://www.jardiland.com/maison-deco/hygiene-de-la-maison/70700-savon-d-ecole-200gr.html
68184-68184;1464101;193;20170126;https://www.jardiland.com/maison-deco/librairie-papeterie/librairie/livre-jardin/68184-jardinez-avec-la-lune-2017-1.html
68678-68678;1449879;193;20170126;https://www.jardiland.com/maison-deco/librairie-papeterie/papeterie/carte/68678-cartes-dbl-artisan.html
81255-72809;1453761;193;20170126;https://www.jardiland.com/maison-deco/mobilier-d-interieur/81255-canape-2-places-p82x-l131-x-h95-1.html
68376-68376;1458370;193;20170126;https://www.jardiland.com/maison-deco/objets-de-decoration/autres-objets-de-decoration/paillasson-et-tapis/68376-tapis-imprime-marguerites.html
56695-56695;1469553;193;20170126;https://www.jardiland.com/maison-deco/objets-de-decoration/autres-objets-de-decoration/paillasson-et-tapis/56695-tapic-mosaique-en-caoutchouc-recycle.html
69138-69138;1433045;193;20170126;https://www.jardiland.com/maison-deco/objets-de-decoration/autres-objets-de-decoration/autres-objets-de-decoration/69138-pot-a-suspendre-jaune-d17x17cm.html
69107-69107;1433106;193;20170126;https://www.jardiland.com/maison-deco/objets-de-decoration/autres-objets-de-decoration/autres-objets-de-decoration/69107-pomme-fibre-orange-d-20-h-22-cm.html
69108-69108;1433105;193;20170126;https://www.jardiland.com/maison-deco/objets-de-decoration/autres-objets-de-decoration/autres-objets-de-decoration/69108-pomme-fibre-orange-d-25-5-h-27-cm.html
69106-69106;1433107;193;20170126;https://www.jardiland.com/maison-deco/objets-de-decoration/autres-objets-de-decoration/autres-objets-de-decoration/69106-pomme-fibre-orange-d-15-h-17-cm.html
70501-70501;1395413;193;20170126;https://www.jardiland.com/maison-deco/objets-de-decoration/autres-objets-de-decoration/autres-objets-de-decoration/70501-pomme-blanche-en-fibre-25-5x27-1.html
70497-70497;1395422;193;20170126;https://www.jardiland.com/maison-deco/objets-de-decoration/autres-objets-de-decoration/autres-objets-de-decoration/70497-pomme-blanche-en-fibre-20x22-1.html
70516-70516;1395346;193;20170126;https://www.jardiland.com/maison-deco/objets-de-decoration/autres-objets-de-decoration/autres-objets-de-decoration/70516-plateau-4-pots-en-terre-cuite-23x23x7-1.html
69092-69092;1433126;193;20170126;https://www.jardiland.com/maison-deco/objets-de-decoration/autres-objets-de-decoration/panier/69092-paniere-rotin-ractangulaire-30x22x8-1.html
70447-70447;1395593;193;20170126;https://www.jardiland.com/maison-deco/objets-de-decoration/autres-objets-de-decoration/panier/70447-paniere-ronde-en-jacinthe-d33-x-h22-1.html
70448-70448;1395592;193;20170126;https://www.jardiland.com/maison-deco/objets-de-decoration/autres-objets-de-decoration/panier/70448-paniere-ronde-en-jacinthe-d28-x-h19-1.html
69095-69095;1433120;193;20170126;https://www.jardiland.com/maison-deco/objets-de-decoration/autres-objets-de-decoration/autres-objets-de-decoration/69095-paniere-metal-a-suspendre-37x15x27cm.html
69126-69126;1433085;193;20170126;https://www.jardiland.com/maison-deco/objets-de-decoration/autres-objets-de-decoration/autres-objets-de-decoration/69126-panier-a-supendre-x3-25x140cm.html
71873-71873;1271496;193;20170126;https://www.jardiland.com/maison-deco/objets-de-decoration/autres-objets-de-decoration/autres-objets-de-decoration/71873-oiseaux-12cm-sur-tige-modele-1-1.html
70143-70143;1408804;193;20170126;https://www.jardiland.com/maison-deco/objets-de-decoration/autres-objets-de-decoration/autres-objets-de-decoration/70143-jardiniere-bois-barriere-mod2-1.html
66801-66801;552013;193;20170126;https://www.jardiland.com/maison-deco/objets-de-decoration/autres-objets-de-decoration/panier/66801-corbeille-osier-brut-30cm.html
71099-71099;1347278;193;20170126;https://www.jardiland.com/maison-deco/objets-de-decoration/autres-objets-de-decoration/panier/71099-corb-rect-os-gris-l17-1.html
69164-69164;1432774;193;20170126;https://www.jardiland.com/maison-deco/objets-de-decoration/autres-objets-de-decoration/panier/69164-corb-ass-ecl-gris-jute-t3-1.html
69165-69165;1432773;193;20170126;https://www.jardiland.com/maison-deco/objets-de-decoration/autres-objets-de-decoration/panier/69165-corb-ass-ecl-gris-jute-t2-1.html
69166-69166;1432772;193;20170126;https://www.jardiland.com/maison-deco/objets-de-decoration/autres-objets-de-decoration/panier/69166-corb-ass-ecl-gris-jute-t1-1.html
71092-71092;1347629;193;20170126;https://www.jardiland.com/maison-deco/objets-de-decoration/autres-objets-de-decoration/panier/71092-corb-2a-rde-os-gris-d12-1.html
69339-69339;1429135;193;20170126;https://www.jardiland.com/maison-deco/objets-de-decoration/autres-objets-de-decoration/autres-objets-de-decoration/69339-cloche-verre-socle-gris-12-5x12-5x23-5-1.html
64530-64530;1276765;193;20170126;https://www.jardiland.com/maison-deco/objets-de-decoration/autres-objets-de-decoration/autres-objets-de-decoration/64530-bougie-mica-bleu-petrole-15-cm.html
58546-58546;1453817;193;20170126;https://www.jardiland.com/maison-deco/objets-de-decoration/figurines-et-peluches/figurine/58546-hibou-en-ciment-21-2145-5-cm.html
70493-70493;1395427;193;20170126;https://www.jardiland.com/maison-deco/objets-de-decoration/figurines-et-peluches/figurine/70493-bain-d-oiseau-sur-pied-22x35-5-1.html
51040-51040;1416596;193;20170126;https://www.jardiland.com/maison-deco/objets-de-decoration/rangement-boites-et-paniers/boite-fantaisie/51040-plat-a-olives-pirogue-picholine-multicolore.html
68001-68001;1471735;193;20170126;https://www.jardiland.com/maison-deco/objets-de-decoration/rangement-boites-et-paniers/coffret-et-boite-de-rangement/68001-parapluie-spots-navy.html
70558-70558;1393976;193;20170126;https://www.jardiland.com/maison-deco/objets-de-decoration/rangement-boites-et-paniers/coffret-et-boite-de-rangement/70558-panier-pommes-de-terre-gris.html
69145-69145;1433031;193;20170126;https://www.jardiland.com/maison-deco/objets-de-decoration/rangement-boites-et-paniers/coffret-et-boite-de-rangement/69145-panier-grillage-orange-d36-x-h29cm.html
70128-70128;1408825;193;20170126;https://www.jardiland.com/maison-deco/objets-de-decoration/rangement-boites-et-paniers/coffret-et-boite-de-rangement/70128-panier-grillage-noir-45x35x28-5cm.html
69477-69477;1417083;193;20170126;https://www.jardiland.com/maison-deco/objets-de-decoration/coussins-et-plaids/plaid/69477-tablier-botanicae.html
69476-69476;1417084;193;20170126;https://www.jardiland.com/maison-deco/objets-de-decoration/coussins-et-plaids/plaid/69476-gants-botanicae.html
71901-71901;1221831;193;20170126;https://www.jardiland.com/maison-deco/objets-de-decoration/plantes-artificielles/plante-et-fleur/71901-succulente-pot-zinc-ast-4-var.html
67674-67674;1474379;193;20170126;https://www.jardiland.com/maison-deco/objets-de-decoration/plantes-artificielles/tige-fleurie/67674-split-philodendron-feuille-84-cm-vert.html
71900-71900;1221835;193;20170126;https://www.jardiland.com/maison-deco/objets-de-decoration/plantes-artificielles/bouquet-et-composition/71900-sapin-edel-botte-3br-de-4-brins-vert.html
68554-68554;1454814;193;20170126;https://www.jardiland.com/maison-deco/objets-de-decoration/plantes-artificielles/tige-fleurie/68554-rose-fuchsia-60cm.html
65626-65626;919036;193;20170126;https://www.jardiland.com/maison-deco/objets-de-decoration/plantes-artificielles/tige-fleurie/65626-pommier-fleur-rose-blanc-83cm.html
65625-65625;919037;193;20170126;https://www.jardiland.com/maison-deco/objets-de-decoration/plantes-artificielles/tige-fleurie/65625-pommier-fleur-blanc-83cm.html
68515-68515;1454856;193;20170126;https://www.jardiland.com/maison-deco/objets-de-decoration/plantes-artificielles/plante-et-fleur/68515-phalaeno-blanc-glacee-pot-argent-35-cm.html
67678-67678;1474375;193;20170126;https://www.jardiland.com/maison-deco/objets-de-decoration/plantes-artificielles/tige-fleurie/67678-pavot-3-fleurs-orange-48-cm.html
68572-68572;1454796;193;20170126;https://www.jardiland.com/maison-deco/objets-de-decoration/plantes-artificielles/tige-fleurie/68572-orchidee-phalaeno-glace-creme-75cm.html
67681-67681;1474372;193;20170126;https://www.jardiland.com/maison-deco/objets-de-decoration/plantes-artificielles/tige-fleurie/67681-nenuphar-sur-tige-rose-74-cm.html
67667-67667;1474386;193;20170126;https://www.jardiland.com/maison-deco/objets-de-decoration/plantes-artificielles/plante-et-fleur/67667-mini-phalaeno-en-pot-rose-creme-25-cm.html
67668-67668;1474385;193;20170126;https://www.jardiland.com/maison-deco/objets-de-decoration/plantes-artificielles/plante-et-fleur/67668-mini-phalaeno-en-pot-creme-25-cm.html
70530-70530;1394864;193;20170126;https://www.jardiland.com/maison-deco/objets-de-decoration/plantes-artificielles/bouquet-et-composition/70530-mini-orchidee-coupe-asst-clrs-18cm.html
68534-68534;1454834;193;20170126;https://www.jardiland.com/maison-deco/objets-de-decoration/plantes-artificielles/plante-et-fleur/68534-magnolia-compo-vase-blanc-creme-25-cm.html
67683-67683;1474370;193;20170126;https://www.jardiland.com/maison-deco/objets-de-decoration/plantes-artificielles/tige-fleurie/67683-magnolia-branche-4-fleurs-creme-100-cm.html
69652-69652;1434063;193;20170126;https://www.jardiland.com/maison-deco/objets-de-decoration/plantes-artificielles/tige-fleurie/69652-lysianthus-tige-2fl-1bt-fuchsia-69cm.html
69654-69654;1434061;193;20170126;https://www.jardiland.com/maison-deco/objets-de-decoration/plantes-artificielles/tige-fleurie/69654-lysianthus-tige-2fl-1bt-creme-69cm.html
70529-70529;1394866;193;20170126;https://www.jardiland.com/maison-deco/objets-de-decoration/plantes-artificielles/tige-fleurie/70529-lys-x2-orange-84-cm.html
68538-68538;1454830;193;20170126;https://www.jardiland.com/maison-deco/objets-de-decoration/plantes-artificielles/tige-fleurie/68538-gypsophile-fleur-blanche-67-cm.html
67686-67686;1474367;193;20170126;https://www.jardiland.com/maison-deco/objets-de-decoration/plantes-artificielles/bouquet-et-composition/67686-fleur-pecher-chaton-saule-botte-rose-43c.html
67685-67685;1474368;193;20170126;https://www.jardiland.com/maison-deco/objets-de-decoration/plantes-artificielles/bouquet-et-composition/67685-fleur-pecher-chaton-saule-botte-creme-43-1.html
67673-67673;1474380;193;20170126;https://www.jardiland.com/maison-deco/objets-de-decoration/plantes-artificielles/tige-fleurie/67673-feuille-palmier-brche-105-cm.html
68535-68535;1454833;193;20170126;https://www.jardiland.com/maison-deco/objets-de-decoration/plantes-artificielles/plante-et-fleur/68535-buis-boule-vert-14-cm.html
3417-3417;1434222;193;20170126;https://www.jardiland.com/maison-deco/objets-de-decoration/plantes-artificielles/tige-fleurie/3417-branche-de-fleurs-de-cerisiers-blanches-artificielle.html
70665-70665;1382986;193;20170126;https://www.jardiland.com/maison-deco/objets-de-decoration/plantes-artificielles/tige-fleurie/70665-bambou-50cm.html
72068-72068;1003607;193;20170126;https://www.jardiland.com/maison-deco/objets-de-decoration/plantes-artificielles/plante-et-fleur/72068-bambou-150cm-canne-noire-pot.html
71198-71198;1328024;193;20170126;https://www.jardiland.com/maison-deco/objets-de-decoration/vases-coupes-et-accessoires/pot-et-coupe/71198-vase-vince-verre-h55d28-transp.html
70561-70561;1393581;193;20170126;https://www.jardiland.com/maison-deco/objets-de-decoration/vases-coupes-et-accessoires/pot-et-coupe/70561-vase-opale-fuseau-13x21-8cm.html
70562-70562;1393580;193;20170126;https://www.jardiland.com/maison-deco/objets-de-decoration/vases-coupes-et-accessoires/pot-et-coupe/70562-vase-opale-fuseau-12-5x31-7cm.html
69130-69130;1433072;193;20170126;https://www.jardiland.com/maison-deco/objets-de-decoration/vases-coupes-et-accessoires/pot-et-coupe/69130-vase-medicis-noir-26x35cm.html
69129-69129;1433073;193;20170126;https://www.jardiland.com/maison-deco/objets-de-decoration/vases-coupes-et-accessoires/pot-et-coupe/69129-vase-medicis-noir-19x25cm.html
70446-70446;1395596;193;20170126;https://www.jardiland.com/maison-deco/objets-de-decoration/vases-coupes-et-accessoires/pot-et-coupe/70446-vase-medicis-noir-12x15-1.html
69873-69873;1409873;193;20170126;https://www.jardiland.com/maison-deco/objets-de-decoration/vases-coupes-et-accessoires/pot-et-coupe/69873-vase-gris-clair-25x25cm.html
69872-69872;1409874;193;20170126;https://www.jardiland.com/maison-deco/objets-de-decoration/vases-coupes-et-accessoires/pot-et-coupe/69872-vase-gris-clair-15x41cm.html
69887-69887;1409859;193;20170126;https://www.jardiland.com/maison-deco/objets-de-decoration/vases-coupes-et-accessoires/pot-et-coupe/69887-vase-ceramique-motif-marron-d19-5x31cm.html
68170-68170;1464757;193;20170126;https://www.jardiland.com/maison-deco/objets-de-decoration/vases-coupes-et-accessoires/accessoires-de-composition-florale/68170-vache-s-pique-40cm.html
70512-70512;1395366;193;20170126;https://www.jardiland.com/maison-deco/objets-de-decoration/vases-coupes-et-accessoires/pot-et-coupe/70512-pot-interieur-en-fibre-vert-d34-x-h61-1.html
70513-70513;1395355;193;20170126;https://www.jardiland.com/maison-deco/objets-de-decoration/vases-coupes-et-accessoires/pot-et-coupe/70513-pot-interieur-en-fibre-vert-d20-x-h30-1.html
70441-70441;1395625;193;20170126;https://www.jardiland.com/maison-deco/objets-de-decoration/vases-coupes-et-accessoires/pot-et-coupe/70441-pot-interieur-en-fibre-blanc-d34-x-h61-1.html
69161-69161;1433009;193;20170126;https://www.jardiland.com/maison-deco/objets-de-decoration/vases-coupes-et-accessoires/pot-et-coupe/69161-pot-fibre-orange-20x36cm.html
70882-70882;1395431;193;20170126;https://www.jardiland.com/maison-deco/objets-de-decoration/vases-coupes-et-accessoires/pot-et-coupe/70882-pot-en-ceramique-losange-pot-14x14x14-1.html
66048-66048;840976;193;20170126;https://www.jardiland.com/maison-deco/objets-de-decoration/vases-coupes-et-accessoires/accessoires-de-composition-florale/66048-pinholder-x5-1.html
82256-78687;835217;193;20170126;https://www.jardiland.com/maison-deco/objets-de-decoration/vases-coupes-et-accessoires/accessoires-de-composition-florale/82256-papillon-7cm-x3pcs.html
82224-78696;835203;193;20170126;https://www.jardiland.com/maison-deco/objets-de-decoration/vases-coupes-et-accessoires/accessoires-de-composition-florale/82224-oiseaux-clip-6cm-3ass.html
82224-74144;1361583;193;20170126;https://www.jardiland.com/maison-deco/objets-de-decoration/vases-coupes-et-accessoires/accessoires-de-composition-florale/82224-oiseaux-clip-6cm-3ass.html
70566-70566;1393510;193;20170126;https://www.jardiland.com/maison-deco/objets-de-decoration/vases-coupes-et-accessoires/pot-et-coupe/70566-nid-en-verre-11x24cm.html
68169-68169;1464758;193;20170126;https://www.jardiland.com/maison-deco/objets-de-decoration/vases-coupes-et-accessoires/accessoires-de-composition-florale/68169-mouton-s-pique-h38cm.html
82205-74145;1361841;193;20170126;https://www.jardiland.com/maison-deco/objets-de-decoration/vases-coupes-et-accessoires/sable-perle-d-eau-et-galet/82205-liquide-color-150ml.html
68167-68167;1464760;193;20170126;https://www.jardiland.com/maison-deco/objets-de-decoration/vases-coupes-et-accessoires/accessoires-de-composition-florale/68167-grenouille-s-pique-h40cm-x.html
66036-66036;845662;193;20170126;https://www.jardiland.com/maison-deco/objets-de-decoration/vases-coupes-et-accessoires/accessoires-de-composition-florale/66036-gomme-adhesive.html
70791-70791;1361062;193;20170126;https://www.jardiland.com/maison-deco/objets-de-decoration/vases-coupes-et-accessoires/accessoires-de-composition-florale/70791-fil-de-fer-0-8x400mm-30pcs-laque-vert.html
71944-71944;1021987;193;20170126;https://www.jardiland.com/maison-deco/objets-de-decoration/vases-coupes-et-accessoires/accessoires-de-composition-florale/71944-coupe-tout-h15cm.html
69334-69334;1429141;193;20170126;https://www.jardiland.com/maison-deco/objets-de-decoration/vases-coupes-et-accessoires/pot-et-coupe/69334-cloche-verre-sur-pied-20x20x24cm.html
70891-70891;1393553;193;20170126;https://www.jardiland.com/maison-deco/objets-de-decoration/vases-coupes-et-accessoires/pot-et-coupe/70891-cloche-ronde-en-verre-sur-plateau.html
81378-77175;1462382;193;20170126;https://www.jardiland.com/maison-deco/objets-de-decoration/bougies-et-senteurs/parfum-d-ambiance-diffuseur-a-froid/81378-recharge-250-ml.html
81858-72526;1405007;193;20170126;https://www.jardiland.com/maison-deco/objets-de-decoration/bougies-et-senteurs/diffuseur-de-parfum-et-recharge/81858-lampe-quadri.html
81858-72459;1405008;193;20170126;https://www.jardiland.com/maison-deco/objets-de-decoration/bougies-et-senteurs/diffuseur-de-parfum-et-recharge/81858-lampe-quadri.html
81462-80471;932813;193;20170126;https://www.jardiland.com/maison-deco/objets-de-decoration/bougies-et-senteurs/diffuseur-de-parfum-et-recharge/81462-huile-parfumee-15ml.html
81462-80453;932818;193;20170126;https://www.jardiland.com/maison-deco/objets-de-decoration/bougies-et-senteurs/diffuseur-de-parfum-et-recharge/81462-huile-parfumee-15ml.html
81462-80449;932842;193;20170126;https://www.jardiland.com/maison-deco/objets-de-decoration/bougies-et-senteurs/diffuseur-de-parfum-et-recharge/81462-huile-parfumee-15ml.html
81462-80448;932837;193;20170126;https://www.jardiland.com/maison-deco/objets-de-decoration/bougies-et-senteurs/diffuseur-de-parfum-et-recharge/81462-huile-parfumee-15ml.html
81462-80447;932830;193;20170126;https://www.jardiland.com/maison-deco/objets-de-decoration/bougies-et-senteurs/diffuseur-de-parfum-et-recharge/81462-huile-parfumee-15ml.html
81462-80446;932823;193;20170126;https://www.jardiland.com/maison-deco/objets-de-decoration/bougies-et-senteurs/diffuseur-de-parfum-et-recharge/81462-huile-parfumee-15ml.html
81462-80445;932822;193;20170126;https://www.jardiland.com/maison-deco/objets-de-decoration/bougies-et-senteurs/diffuseur-de-parfum-et-recharge/81462-huile-parfumee-15ml.html
81462-73250;1443248;193;20170126;https://www.jardiland.com/maison-deco/objets-de-decoration/bougies-et-senteurs/diffuseur-de-parfum-et-recharge/81462-huile-parfumee-15ml.html
82066-72417;1406430;193;20170126;https://www.jardiland.com/maison-deco/objets-de-decoration/bougies-et-senteurs/parfum-d-ambiance-diffuseur-a-froid/82066-goatier-bul-200ml.html
81386-73525;1236475;193;20170126;https://www.jardiland.com/maison-deco/objets-de-decoration/bougies-et-senteurs/parfum-d-ambiance-diffuseur-a-froid/81386-diffuseur-encrier-rotin.html
83481-79434;1486027;193;20170126;https://www.jardiland.com/maison-deco/objets-de-decoration/bougies-et-senteurs/parfum-d-ambiance-diffuseur-a-froid/83481-coffret-de-6-capsules-de-cire.html
83481-79433;1486028;193;20170126;https://www.jardiland.com/maison-deco/objets-de-decoration/bougies-et-senteurs/parfum-d-ambiance-diffuseur-a-froid/83481-coffret-de-6-capsules-de-cire.html
83481-79432;1486029;193;20170126;https://www.jardiland.com/maison-deco/objets-de-decoration/bougies-et-senteurs/parfum-d-ambiance-diffuseur-a-froid/83481-coffret-de-6-capsules-de-cire.html
83481-79389;1486024;193;20170126;https://www.jardiland.com/maison-deco/objets-de-decoration/bougies-et-senteurs/parfum-d-ambiance-diffuseur-a-froid/83481-coffret-de-6-capsules-de-cire.html
83481-79374;1486026;193;20170126;https://www.jardiland.com/maison-deco/objets-de-decoration/bougies-et-senteurs/parfum-d-ambiance-diffuseur-a-froid/83481-coffret-de-6-capsules-de-cire.html
81456-73533;1236393;193;20170126;https://www.jardiland.com/maison-deco/objets-de-decoration/bougies-et-senteurs/parfum-pour-le-linge/81456-brume-d-oreiller.html
68714-68714;1443428;193;20170126;https://www.jardiland.com/maison-deco/objets-de-decoration/bougies-et-senteurs/diffuseur-de-parfum-et-recharge/68714-bruleur-porcelaine-bleu-jaune.html
70254-70254;1402883;193;20170126;https://www.jardiland.com/maison-deco/objets-de-decoration/bougies-et-senteurs/parfum-d-ambiance-diffuseur-a-froid/70254-bouquet-parfume-cube-zeste-de-verveine.html
82198-72358;1391718;193;20170126;https://www.jardiland.com/maison-deco/objets-de-decoration/bougies-et-senteurs/bougie-non-parfumee/82198-bougie-cylindrique-70-100-1.html
81381-73548;1236516;193;20170126;https://www.jardiland.com/maison-deco/objets-de-decoration/bougies-et-senteurs/bougie-parfumee/81381-bougie-boite-alu.html
81624-72964;1457041;193;20170126;https://www.jardiland.com/maison-deco/objets-de-decoration/bougies-et-senteurs/bougie-non-parfumee/81624-bgie-cyl-metal-d60-h110cm.html
81624-72963;1457040;193;20170126;https://www.jardiland.com/maison-deco/objets-de-decoration/bougies-et-senteurs/bougie-non-parfumee/81624-bgie-cyl-metal-d60-h110cm.html
81627-72966;1457055;193;20170126;https://www.jardiland.com/maison-deco/objets-de-decoration/bougies-et-senteurs/bougie-non-parfumee/81627-bgie-cyl-metal-d50-h80cm.html
81627-72965;1457054;193;20170126;https://www.jardiland.com/maison-deco/objets-de-decoration/bougies-et-senteurs/bougie-non-parfumee/81627-bgie-cyl-metal-d50-h80cm.html
68491-68491;1455069;193;20170126;https://www.jardiland.com/maison-deco/objets-de-decoration/bougeoirs-photophores-et-lanternes/bougeoir-et-photophore-deco/68491-set-de-3-photophores-3-ast.html
70123-70123;1408830;193;20170126;https://www.jardiland.com/maison-deco/objets-de-decoration/bougeoirs-photophores-et-lanternes/bougeoir-et-photophore-deco/70123-plateau-rond-avec-photophore-24x24x12cm.html
69811-69811;1409977;193;20170126;https://www.jardiland.com/maison-deco/objets-de-decoration/bougeoirs-photophores-et-lanternes/bougeoir-et-photophore-deco/69811-photophore-verre-socle-bois-15x17cm.html
70112-70112;1408844;193;20170126;https://www.jardiland.com/maison-deco/objets-de-decoration/bougeoirs-photophores-et-lanternes/bougeoir-et-photophore-deco/70112-photophore-arbre-metal-noir-40x36x58cm.html
70121-70121;1408832;193;20170126;https://www.jardiland.com/maison-deco/objets-de-decoration/bougeoirs-photophores-et-lanternes/lanterne/70121-lanterne-mm-29x29x40cm.html
69086-69086;1433133;193;20170126;https://www.jardiland.com/maison-deco/objets-de-decoration/bougeoirs-photophores-et-lanternes/lanterne/69086-lanterne-metal-noir-d30-x-h20cm.html
70115-70115;1408841;193;20170126;https://www.jardiland.com/maison-deco/objets-de-decoration/bougeoirs-photophores-et-lanternes/lanterne/70115-lanterne-metal-cuivre-24x24x28cm.html
69200-69200;1432418;193;20170126;https://www.jardiland.com/maison-deco/objets-de-decoration/bougeoirs-photophores-et-lanternes/lanterne/69200-lanterne-carree-en-verre-20x20x34-3cm.html
67638-67638;1475397;193;20170126;https://www.jardiland.com/animaux/oiseau-de-la-nature/mangeoire-et-distributeur/67638-station-d-alimentation-pour-oiseaux.html
67647-67647;1475387;193;20170126;https://www.jardiland.com/animaux/oiseau-de-la-nature/nichoir/67647-nichoir-pour-oiseaux-sauvages-h-24-cm.html
67646-67646;1475388;193;20170126;https://www.jardiland.com/animaux/oiseau-de-la-nature/nichoir/67646-nichoir-entrees-multiples-pour-oiseaux-sauvages.html
67645-67645;1475389;193;20170126;https://www.jardiland.com/animaux/oiseau-de-la-nature/nichoir/67645-nichoir-a-oiseaux.html
67641-67641;1475393;193;20170126;https://www.jardiland.com/animaux/oiseau-de-la-nature/mangeoire-et-distributeur/67641-mangeoires-a-oiseaux-bleu.html
67642-67642;1475392;193;20170126;https://www.jardiland.com/animaux/oiseau-de-la-nature/mangeoire-et-distributeur/67642-mangeoire-a-oiseaux-vert.html
57743-62880;1398661;193;20170126;https://www.jardiland.com/animaux/oiseau-de-la-nature/mangeoire-et-distributeur/57743-distributeur-de-graines-flip-top.html
5662-5662;929378;193;20170126;https://www.jardiland.com/animaux/oiseau-de-la-nature/mangeoire-et-distributeur/5662-distributeur-tournesol-200-g.html
67474-67474;1478922;193;20170126;https://www.jardiland.com/animaux/reptiles-et-insectes/soins-et-entretien/sable-et-substrat/67474-ex-t-substrat-rain-forest-26-4l.html
67196-67196;1486409;193;20170126;https://www.jardiland.com/animaux/reptiles-et-insectes/terrariums-et-accessoires/decoration-de-terrarium/67196-habba-hut-naturel-m.html
81734-73126;1455307;193;20170126;https://www.jardiland.com/animaux/reptiles-et-insectes/alimentation/boite-et-lyophilisee/81734-sera-reptil-pro-herbivor.html
67191-67191;1486414;193;20170126;https://www.jardiland.com/animaux/reptiles-et-insectes/alimentation/complement-nutritionnel/67191-bloc-tortue-terrestre-xxl.html
67187-67187;1486418;193;20170126;https://www.jardiland.com/animaux/reptiles-et-insectes/alimentation/complement-nutritionnel/67187-bloc-cricket-12-8g.html
67192-67192;1486413;193;20170126;https://www.jardiland.com/animaux/reptiles-et-insectes/alimentation/complement-nutritionnel/67192-bloc-calcium-dr-turtl.html
67138-67138;1487292;193;20170126;https://www.jardiland.com/animaux/oiseau/hygiene-et-soins/soin-de-l-animal/67138-pou-net-oiseaux-de-cage-100ml.html
68899-68899;1435357;193;20170126;https://www.jardiland.com/animaux/oiseau/hygiene-et-soins/soin-de-l-animal/68899-os-de-seiche-x2-avec-support.html
67136-67136;1487319;193;20170126;https://www.jardiland.com/animaux/oiseau/cages-volieres-et-accessoires/voliere/67136-voliere-arabesque-camille-taupe-55cm.html
81917-72495;1402302;193;20170126;https://www.jardiland.com/animaux/oiseau/cages-volieres-et-accessoires/equipement-de-cage-et-voliere/81917-perchoir-droit-tyrol.html
81917-72486;1402303;193;20170126;https://www.jardiland.com/animaux/oiseau/cages-volieres-et-accessoires/equipement-de-cage-et-voliere/81917-perchoir-droit-tyrol.html
67531-67531;1478146;193;20170126;https://www.jardiland.com/animaux/oiseau/cages-volieres-et-accessoires/equipement-de-cage-et-voliere/67531-jouet-mikado-pako-bec-tyrol-25cm.html
67274-67274;1483641;193;20170126;https://www.jardiland.com/animaux/oiseau/cages-volieres-et-accessoires/equipement-de-cage-et-voliere/67274-echelle-corde-cuir.html
81924-72529;1402934;193;20170126;https://www.jardiland.com/animaux/oiseau/cages-volieres-et-accessoires/equipement-de-cage-et-voliere/81924-echelle-bois-et-corde.html
81924-72528;1402933;193;20170126;https://www.jardiland.com/animaux/oiseau/cages-volieres-et-accessoires/equipement-de-cage-et-voliere/81924-echelle-bois-et-corde.html
82397-75058;1468974;193;20170126;https://www.jardiland.com/animaux/oiseau/cages-volieres-et-accessoires/voliere/82397-cage-arabesque-jeanne.html
68382-68382;1457281;193;20170126;https://www.jardiland.com/animaux/oiseau/cages-volieres-et-accessoires/equipement-de-cage-et-voliere/68382-balle-tetines-24cm.html
67127-67127;1487733;193;20170126;https://www.jardiland.com/animaux/oiseau/cages-volieres-et-accessoires/equipement-de-cage-et-voliere/67127-balancoire-roue-bois-corde.html
67275-67275;1483634;193;20170126;https://www.jardiland.com/animaux/oiseau/cages-volieres-et-accessoires/equipement-de-cage-et-voliere/67275-balancoire-bois-cadre-fer.html
68811-68811;1439347;193;20170126;https://www.jardiland.com/animaux/oiseau/alimentation-et-friandises/friandise/68811-prest-sp-perroquets-exotic-light750g.html
66869-66869;538537;193;20170126;https://www.jardiland.com/animaux/oiseau/alimentation-et-friandises/complement-nutritionnel/66869-orlux-gold-patee-colorante-250g.html
82541-73370;1440836;193;20170126;https://www.jardiland.com/animaux/oiseau/alimentation-et-friandises/friandise/82541-crunchy-stick-perruche.html
82541-73362;1440837;193;20170126;https://www.jardiland.com/animaux/oiseau/alimentation-et-friandises/friandise/82541-crunchy-stick-perruche.html
82541-73361;1440838;193;20170126;https://www.jardiland.com/animaux/oiseau/alimentation-et-friandises/friandise/82541-crunchy-stick-perruche.html
82540-73363;1440834;193;20170126;https://www.jardiland.com/animaux/oiseau/alimentation-et-friandises/friandise/82540-crunchy-stick-perroquet.html
82540-73360;1440833;193;20170126;https://www.jardiland.com/animaux/oiseau/alimentation-et-friandises/friandise/82540-crunchy-stick-perroquet.html
82538-73366;1440830;193;20170126;https://www.jardiland.com/animaux/oiseau/alimentation-et-friandises/friandise/82538-crunchy-stick-grande-perruche.html
82538-73365;1440831;193;20170126;https://www.jardiland.com/animaux/oiseau/alimentation-et-friandises/friandise/82538-crunchy-stick-grande-perruche.html
82536-73368;1440827;193;20170126;https://www.jardiland.com/animaux/oiseau/alimentation-et-friandises/friandise/82536-crunchy-stick-exotique.html
82536-73367;1440828;193;20170126;https://www.jardiland.com/animaux/oiseau/alimentation-et-friandises/friandise/82536-crunchy-stick-exotique.html
82522-73369;1440825;193;20170126;https://www.jardiland.com/animaux/oiseau/alimentation-et-friandises/friandise/82522-crunchy-stick-canari.html
82522-73364;1440823;193;20170126;https://www.jardiland.com/animaux/oiseau/alimentation-et-friandises/friandise/82522-crunchy-stick-canari.html
82522-73356;1440824;193;20170126;https://www.jardiland.com/animaux/oiseau/alimentation-et-friandises/friandise/82522-crunchy-stick-canari.html
67135-67135;1487413;193;20170126;https://www.jardiland.com/animaux/oiseau/alimentation-et-friandises/friandise/67135-crunchy-cake-x12-miel-fruits.html
81657-75652;1483563;193;20170126;https://www.jardiland.com/animaux/oiseau/alimentation-et-friandises/friandise/81657-crunchy-cake-oiseau-x6-1.html
81657-75650;1483565;193;20170126;https://www.jardiland.com/animaux/oiseau/alimentation-et-friandises/friandise/81657-crunchy-cake-oiseau-x6-1.html
67544-67544;1478029;193;20170126;https://www.jardiland.com/animaux/poisson/entretien-et-soins/produit-pour-plante/67544-proflora-biorech-2-1.html
67270-67270;1484387;193;20170126;https://www.jardiland.com/animaux/poisson/entretien-et-soins/produit-pour-l-eau/67270-jbl-starter-kit.html
67516-67516;1478445;193;20170126;https://www.jardiland.com/animaux/poisson/materiel-chauffage-filtres-et-pompes/nettoyage-aquarium/67516-rapidcleaner-brosse-nettoyage.html
67514-67514;1478448;193;20170126;https://www.jardiland.com/animaux/poisson/materiel-chauffage-filtres-et-pompes/nettoyage-aquarium/67514-port-lame-rapidcleaner.html
81621-73026;1457277;193;20170126;https://www.jardiland.com/animaux/poisson/materiel-chauffage-filtres-et-pompes/aeration/81621-new-rena-air.html
81621-73025;1457276;193;20170126;https://www.jardiland.com/animaux/poisson/materiel-chauffage-filtres-et-pompes/aeration/81621-new-rena-air.html
81621-73024;1457275;193;20170126;https://www.jardiland.com/animaux/poisson/materiel-chauffage-filtres-et-pompes/aeration/81621-new-rena-air.html
68880-68880;1436811;193;20170126;https://www.jardiland.com/animaux/poisson/materiel-chauffage-filtres-et-pompes/masse-de-filtration/68880-mousse-90-120-30ppi.html
82830-75472;1481080;193;20170126;https://www.jardiland.com/animaux/poisson/materiel-chauffage-filtres-et-pompes/filtre-exterieur/82830-jard-tuyau-predecoupe-2-5m.html
82830-75470;1481079;193;20170126;https://www.jardiland.com/animaux/poisson/materiel-chauffage-filtres-et-pompes/filtre-exterieur/82830-jard-tuyau-predecoupe-2-5m.html
67605-67605;1476253;193;20170126;https://www.jardiland.com/animaux/poisson/materiel-chauffage-filtres-et-pompes/chauffage/67605-jard-thermometre-digital-exterieur.html
67549-67549;1477960;193;20170126;https://www.jardiland.com/animaux/poisson/materiel-chauffage-filtres-et-pompes/aeration/67549-jard-repartiteur-2-sorties-x2-1.html
82478-75894;1475826;193;20170126;https://www.jardiland.com/animaux/poisson/materiel-chauffage-filtres-et-pompes/aeration/82478-jard-diffuseur-d-air-barre.html
82481-75892;1475829;193;20170126;https://www.jardiland.com/animaux/poisson/materiel-chauffage-filtres-et-pompes/aeration/82481-jard-diffuseur-d-air-3cm.html
82481-75886;1475828;193;20170126;https://www.jardiland.com/animaux/poisson/materiel-chauffage-filtres-et-pompes/aeration/82481-jard-diffuseur-d-air-3cm.html
68886-68886;1436801;193;20170126;https://www.jardiland.com/animaux/poisson/materiel-chauffage-filtres-et-pompes/masse-de-filtration/68886-crystal-20-x6-1.html
67502-67502;1478531;193;20170126;https://www.jardiland.com/animaux/poisson/decoration-pour-aquarium/decor-naturel/67502-racine-mangrove-tgm.html
81339-72806;1453027;193;20170126;https://www.jardiland.com/animaux/poisson/decoration-pour-aquarium/sable-et-autres-graviers/81339-quartz-fluo-pour-aquarium-1-kg.html
81339-72805;1453026;193;20170126;https://www.jardiland.com/animaux/poisson/decoration-pour-aquarium/sable-et-autres-graviers/81339-quartz-fluo-pour-aquarium-1-kg.html
81339-72804;1453023;193;20170126;https://www.jardiland.com/animaux/poisson/decoration-pour-aquarium/sable-et-autres-graviers/81339-quartz-fluo-pour-aquarium-1-kg.html
81339-72801;1453025;193;20170126;https://www.jardiland.com/animaux/poisson/decoration-pour-aquarium/sable-et-autres-graviers/81339-quartz-fluo-pour-aquarium-1-kg.html
67560-67560;1477810;193;20170126;https://www.jardiland.com/animaux/poisson/decoration-pour-aquarium/plante-artificielle/67560-massif-rond-colore-jaune.html
70209-70209;1407979;193;20170126;https://www.jardiland.com/animaux/poisson/decoration-pour-aquarium/plante-artificielle/70209-massif-mm-mauve.html
68171-68171;1464644;193;20170126;https://www.jardiland.com/animaux/poisson/decoration-pour-aquarium/decor-naturel/68171-mangrove-naturelle-xl.html
68258-68258;1463834;193;20170126;https://www.jardiland.com/animaux/poisson/decoration-pour-aquarium/decoration-d-aquarium/68258-liana-sm-75cm.html
68210-68210;1463835;193;20170126;https://www.jardiland.com/animaux/poisson/decoration-pour-aquarium/decoration-d-aquarium/68210-liana-ml-115cm.html
81331-72803;1453015;193;20170126;https://www.jardiland.com/animaux/poisson/decoration-pour-aquarium/sable-et-autres-graviers/81331-jard-quartz-deco-1kg.html
72039-72039;1014825;193;20170126;https://www.jardiland.com/animaux/poisson/decoration-pour-aquarium/plante-artificielle/72039-feuillage-mm-2-brins-bambou.html
68209-68209;1463836;193;20170126;https://www.jardiland.com/animaux/poisson/decoration-pour-aquarium/decoration-d-aquarium/68209-decor-puerto-venecia-l.html
2181-2181;1365614;193;20170126;https://www.jardiland.com/animaux/poisson/decoration-pour-aquarium/plante-artificielle/2181-decor-pour-aquarium-algue-epee-pierre-rose.html
67552-67552;1477828;193;20170126;https://www.jardiland.com/animaux/poisson/decoration-pour-aquarium/plante-artificielle/67552-decor-fluo.html
67551-67551;1477829;193;20170126;https://www.jardiland.com/animaux/poisson/decoration-pour-aquarium/plante-artificielle/67551-decor-ecrevisse.html
68377-68377;1457781;193;20170126;https://www.jardiland.com/animaux/poisson/aquariums/aquarium-pour-poisson-d-eau-chaude/68377-tetra-starter-line-led-54l.html
66221-66221;734731;193;20170126;https://www.jardiland.com/animaux/basse-cour/poulaillers-clapiers-et-accessoires/equipement/66221-support-de-lampe-chauffante-avec-protection.html
31802-15211;542909;193;20170126;https://www.jardiland.com/animaux/chat/colliers-laisses-et-harnais/laisse/31802-laisse-pour-chat-tete-de-chat.html
82588-73437;1245970;193;20170126;https://www.jardiland.com/animaux/chat/colliers-laisses-et-harnais/laisse/82588-laisse-chat-basic-line-nylon-1-20m.html
82588-73413;1245961;193;20170126;https://www.jardiland.com/animaux/chat/colliers-laisses-et-harnais/laisse/82588-laisse-chat-basic-line-nylon-1-20m.html
82588-73394;1245870;193;20170126;https://www.jardiland.com/animaux/chat/colliers-laisses-et-harnais/laisse/82588-laisse-chat-basic-line-nylon-1-20m.html
82586-81155;970137;193;20170126;https://www.jardiland.com/animaux/chat/colliers-laisses-et-harnais/collier/82586-collier-chat-original.html
82330-72301;1401236;193;20170126;https://www.jardiland.com/animaux/chat/colliers-laisses-et-harnais/collier/82330-collier-chat-night.html
81830-76536;1465559;193;20170126;https://www.jardiland.com/animaux/chat/colliers-laisses-et-harnais/collier/81830-collier-chat-ladycat-30cm.html
82329-72290;1401232;193;20170126;https://www.jardiland.com/animaux/chat/colliers-laisses-et-harnais/collier/82329-collier-chat-kiddy.html
82585-81156;970136;193;20170126;https://www.jardiland.com/animaux/chat/colliers-laisses-et-harnais/collier/82585-collier-chat-fantaisie.html
67506-67506;1478483;193;20170126;https://www.jardiland.com/animaux/chat/jeux-et-jouets/67506-pointeur-laser-pour-chat-tyrol.html
69473-69473;1418531;193;20170126;https://www.jardiland.com/animaux/chat/jeux-et-jouets/69473-canne-a-peche-rumy-55-cm.html
68378-68378;1457712;193;20170126;https://www.jardiland.com/animaux/chat/jeux-et-jouets/68378-bobine-de-laine-balle.html
83482-79348;1485910;193;20170126;https://www.jardiland.com/animaux/chat/arbres-a-chat-et-griffoirs/griffoir/83482-tapis-griffoir-poisson-wouapy-55x31cm.html
82466-73338;1440191;193;20170126;https://www.jardiland.com/animaux/chat/arbres-a-chat-et-griffoirs/griffoir/82466-griffoir-en-carton-49x22x8cm.html
82468-73358;1440194;193;20170126;https://www.jardiland.com/animaux/chat/arbres-a-chat-et-griffoirs/griffoir/82468-griffoir-en-carton-46x22x20cm.html
82468-73357;1440193;193;20170126;https://www.jardiland.com/animaux/chat/arbres-a-chat-et-griffoirs/griffoir/82468-griffoir-en-carton-46x22x20cm.html
67279-67279;1482557;193;20170126;https://www.jardiland.com/animaux/chat/arbres-a-chat-et-griffoirs/arbre-a-chat/67279-arbre-a-chat-gloria-anthracite-109cm.html
69470-69470;1418908;193;20170126;https://www.jardiland.com/animaux/chat/hygiene-soins-et-litieres/soins-pour-chat/69470-feliway-recharge-48ml.html
62895-62858;1439155;193;20170126;https://www.jardiland.com/animaux/chat/alimentation-et-friandises/boite-et-sachet-fraicheur/62895-schesir-patee-pour-chats-70-g.html
32642-41392;1419042;193;20170126;https://www.jardiland.com/animaux/rongeurs-et-petits-mammiferes/hygiene-et-soins/autres-produits-d-hygiene/32642-vitamine-c.html
82905-73163;1437836;193;20170126;https://www.jardiland.com/animaux/rongeurs-et-petits-mammiferes/jouets-et-exercices/roue-tube-et-autres-accessoires-de-jeux/82905-balle-avec-clochette.html
68900-68900;1435238;193;20170126;https://www.jardiland.com/animaux/rongeurs-et-petits-mammiferes/habitats-cages-et-accessoires/cage/68900-cage-billy-metro.html
82793-74377;1319277;193;20170126;https://www.jardiland.com/animaux/rongeurs-et-petits-mammiferes/aliments-et-friandises/alimentation-quotidienne/82793-selective-cochon-d-inde.html
82833-75807;1481464;193;20170126;https://www.jardiland.com/animaux/rongeurs-et-petits-mammiferes/aliments-et-friandises/alimentation-quotidienne/82833-cuni-complete-junior.html
67952-67952;1472492;193;20170126;https://www.jardiland.com/animaux/chien/soins-antiparasitaires/accessoires-antiparasitaires/67952-peigne-plastique-a-puce.html
67400-67400;1480553;193;20170126;https://www.jardiland.com/animaux/chien/soins-antiparasitaires/insectifuge/67400-e-shampooing-2-en-1-anti-demange-250ml.html
67251-67251;1486158;193;20170126;https://www.jardiland.com/animaux/chien/hygiene-et-soins/hygiene-et-soin/67251-solipat-coussinet-120ml.html
1024-1024;1336281;193;20170126;https://www.jardiland.com/animaux/chien/hygiene-et-soins/soin-de-toilettage/1024-shampooing-anti-odeurs-pour-chien.html
81809-73551;1263241;193;20170126;https://www.jardiland.com/animaux/chien/hygiene-et-soins/soin-de-toilettage/81809-shampoing-poil-long-2-en-1-canisc.html
82417-76320;1476164;193;20170126;https://www.jardiland.com/animaux/chien/hygiene-et-soins/hygiene-et-soin/82417-prozym-rf2-sticks.html
82417-76165;1476163;193;20170126;https://www.jardiland.com/animaux/chien/hygiene-et-soins/hygiene-et-soin/82417-prozym-rf2-sticks.html
82417-76081;1476165;193;20170126;https://www.jardiland.com/animaux/chien/hygiene-et-soins/hygiene-et-soin/82417-prozym-rf2-sticks.html
67611-67611;1476191;193;20170126;https://www.jardiland.com/animaux/chien/hygiene-et-soins/hygiene-et-soin/67611-douxo-calm-soin-mousse-200ml.html
67613-67613;1476179;193;20170126;https://www.jardiland.com/animaux/chien/hygiene-et-soins/hygiene-et-soin/67613-diarsanyl-seringue-24ml.html
67526-67526;1478164;193;20170126;https://www.jardiland.com/animaux/chien/hygiene-et-soins/hygiene-et-soin/67526-dentifrice-en-poudre-70g.html
82805-74424;1327527;193;20170126;https://www.jardiland.com/animaux/chien/hygiene-et-soins/hygiene-et-soin/82805-culotte-chien-d-d-modele-brave.html
82805-74403;1327524;193;20170126;https://www.jardiland.com/animaux/chien/hygiene-et-soins/hygiene-et-soin/82805-culotte-chien-d-d-modele-brave.html
82805-74394;1327526;193;20170126;https://www.jardiland.com/animaux/chien/hygiene-et-soins/hygiene-et-soin/82805-culotte-chien-d-d-modele-brave.html
68148-68148;1467271;193;20170126;https://www.jardiland.com/animaux/chien/hygiene-et-soins/soin-de-toilettage/68148-coupe-ongle-large.html
67250-67250;1486161;193;20170126;https://www.jardiland.com/animaux/chien/hygiene-et-soins/hygiene-et-soin/67250-carbodote-suspension-buvable-100ml.html
68138-68138;1467887;193;20170126;https://www.jardiland.com/animaux/chien/hygiene-et-soins/soin-de-toilettage/68138-brosse-pneumatique-l.html
68136-68136;1467889;193;20170126;https://www.jardiland.com/animaux/chien/hygiene-et-soins/soin-de-toilettage/68136-brosse-plastique-douce-small.html
82546-76239;1478375;193;20170126;https://www.jardiland.com/animaux/chien/hygiene-et-soins/hygiene-et-soin/82546-batonnets-ouates-bamboo-sticks-x30-1.html
65623-65623;919929;193;20170126;https://www.jardiland.com/animaux/chien/colliers-laisses-et-vetements/accessoires/65623-recharge-bonton.html
81692-78748;838671;193;20170126;https://www.jardiland.com/animaux/chien/colliers-laisses-et-vetements/accessoires/81692-museliere-halti.html
81692-78746;838673;193;20170126;https://www.jardiland.com/animaux/chien/colliers-laisses-et-vetements/accessoires/81692-museliere-halti.html
81692-73261;1443511;193;20170126;https://www.jardiland.com/animaux/chien/colliers-laisses-et-vetements/accessoires/81692-museliere-halti.html
32083-57317;1444306;193;20170126;https://www.jardiland.com/animaux/chien/colliers-laisses-et-vetements/laisse-pour-chien/32083-laisse-pour-chien-pois-xs.html
32083-47022;1443666;193;20170126;https://www.jardiland.com/animaux/chien/colliers-laisses-et-vetements/laisse-pour-chien/32083-laisse-pour-chien-pois-xs.html
32083-14688;1443665;193;20170126;https://www.jardiland.com/animaux/chien/colliers-laisses-et-vetements/laisse-pour-chien/32083-laisse-pour-chien-pois-xs.html
32083-11702;1372219;193;20170126;https://www.jardiland.com/animaux/chien/colliers-laisses-et-vetements/laisse-pour-chien/32083-laisse-pour-chien-pois-xs.html
82375-72548;1371959;193;20170126;https://www.jardiland.com/animaux/chien/colliers-laisses-et-vetements/laisse-pour-chien/82375-laisse-metal-forte-corde-wouapy.html
82375-72547;1371957;193;20170126;https://www.jardiland.com/animaux/chien/colliers-laisses-et-vetements/laisse-pour-chien/82375-laisse-metal-forte-corde-wouapy.html
62909-8002;1256775;193;20170126;https://www.jardiland.com/animaux/chien/colliers-laisses-et-vetements/laisse-pour-chien/62909-laisse-confort-nylon.html
62909-7995;1256754;193;20170126;https://www.jardiland.com/animaux/chien/colliers-laisses-et-vetements/laisse-pour-chien/62909-laisse-confort-nylon.html
62909-7994;1256753;193;20170126;https://www.jardiland.com/animaux/chien/colliers-laisses-et-vetements/laisse-pour-chien/62909-laisse-confort-nylon.html
62914-79677;1486715;193;20170126;https://www.jardiland.com/animaux/chien/colliers-laisses-et-vetements/laisse-pour-chien/62914-laisse-amortisseur.html
54388-55846;1434696;193;20170126;https://www.jardiland.com/animaux/chien/colliers-laisses-et-vetements/harnais/54388-harnais-nylon-reglable.html
54387-56073;1434679;193;20170126;https://www.jardiland.com/animaux/chien/colliers-laisses-et-vetements/harnais/54387-harnais-nylon-reglable.html
62906-11715;1372237;193;20170126;https://www.jardiland.com/animaux/chien/colliers-laisses-et-vetements/harnais/62906-harnais-nylon-pois.html
62906-11713;1372234;193;20170126;https://www.jardiland.com/animaux/chien/colliers-laisses-et-vetements/harnais/62906-harnais-nylon-pois.html
82649-73295;1443690;193;20170126;https://www.jardiland.com/animaux/chien/colliers-laisses-et-vetements/harnais/82649-harnais-baudrier-confort.html
82649-73275;1443699;193;20170126;https://www.jardiland.com/animaux/chien/colliers-laisses-et-vetements/harnais/82649-harnais-baudrier-confort.html
82649-73272;1443696;193;20170126;https://www.jardiland.com/animaux/chien/colliers-laisses-et-vetements/harnais/82649-harnais-baudrier-confort.html
82649-73271;1443695;193;20170126;https://www.jardiland.com/animaux/chien/colliers-laisses-et-vetements/harnais/82649-harnais-baudrier-confort.html
82594-73463;1245953;193;20170126;https://www.jardiland.com/animaux/chien/colliers-laisses-et-vetements/harnais/82594-harnais-basic-line-nylon.html
82594-73422;1245949;193;20170126;https://www.jardiland.com/animaux/chien/colliers-laisses-et-vetements/harnais/82594-harnais-basic-line-nylon.html
56458-55641;1256136;193;20170126;https://www.jardiland.com/animaux/chien/colliers-laisses-et-vetements/collier-pour-chien/56458-collier-pour-chien-un-chien-dans-la-ville.html
83498-79739;1486772;193;20170126;https://www.jardiland.com/animaux/chien/colliers-laisses-et-vetements/collier-pour-chien/83498-collier-nylon-reglable.html
83498-79715;1486770;193;20170126;https://www.jardiland.com/animaux/chien/colliers-laisses-et-vetements/collier-pour-chien/83498-collier-nylon-reglable.html
83584-79603;1486657;193;20170126;https://www.jardiland.com/animaux/chien/colliers-laisses-et-vetements/collier-pour-chien/83584-collier-nylon-reglable.html
62918-54654;1443669;193;20170126;https://www.jardiland.com/animaux/chien/colliers-laisses-et-vetements/collier-pour-chien/62918-collier-nylon-pois.html
62918-52344;1443668;193;20170126;https://www.jardiland.com/animaux/chien/colliers-laisses-et-vetements/collier-pour-chien/62918-collier-nylon-pois.html
62918-14690;1443670;193;20170126;https://www.jardiland.com/animaux/chien/colliers-laisses-et-vetements/collier-pour-chien/62918-collier-nylon-pois.html
81765-80668;901345;193;20170126;https://www.jardiland.com/animaux/chien/colliers-laisses-et-vetements/collier-pour-chien/81765-collier-metal-etrangleur-simple.html
81765-80659;901346;193;20170126;https://www.jardiland.com/animaux/chien/colliers-laisses-et-vetements/collier-pour-chien/81765-collier-metal-etrangleur-simple.html
81765-78583;739593;193;20170126;https://www.jardiland.com/animaux/chien/colliers-laisses-et-vetements/collier-pour-chien/81765-collier-metal-etrangleur-simple.html
81765-78566;739594;193;20170126;https://www.jardiland.com/animaux/chien/colliers-laisses-et-vetements/collier-pour-chien/81765-collier-metal-etrangleur-simple.html
81765-78565;739595;193;20170126;https://www.jardiland.com/animaux/chien/colliers-laisses-et-vetements/collier-pour-chien/81765-collier-metal-etrangleur-simple.html
81207-73475;1231461;193;20170126;https://www.jardiland.com/animaux/chien/colliers-laisses-et-vetements/collier-pour-chien/81207-collier-luxe-fantaisie-theme.html
81207-73466;1231487;193;20170126;https://www.jardiland.com/animaux/chien/colliers-laisses-et-vetements/collier-pour-chien/81207-collier-luxe-fantaisie-theme.html
81207-73465;1231486;193;20170126;https://www.jardiland.com/animaux/chien/colliers-laisses-et-vetements/collier-pour-chien/81207-collier-luxe-fantaisie-theme.html
81785-81157;970129;193;20170126;https://www.jardiland.com/animaux/chien/colliers-laisses-et-vetements/collier-pour-chien/81785-collier-etrangleur-metal.html
81761-80342;541579;193;20170126;https://www.jardiland.com/animaux/chien/colliers-laisses-et-vetements/collier-pour-chien/81761-collier-chaine-torquatus-metal.html
81761-80340;541578;193;20170126;https://www.jardiland.com/animaux/chien/colliers-laisses-et-vetements/collier-pour-chien/81761-collier-chaine-torquatus-metal.html
81767-80658;901347;193;20170126;https://www.jardiland.com/animaux/chien/colliers-laisses-et-vetements/collier-pour-chien/81767-collier-chaine-berger.html
81767-79397;1486468;193;20170126;https://www.jardiland.com/animaux/chien/colliers-laisses-et-vetements/collier-pour-chien/81767-collier-chaine-berger.html
81767-78564;739596;193;20170126;https://www.jardiland.com/animaux/chien/colliers-laisses-et-vetements/collier-pour-chien/81767-collier-chaine-berger.html
81767-78563;739597;193;20170126;https://www.jardiland.com/animaux/chien/colliers-laisses-et-vetements/collier-pour-chien/81767-collier-chaine-berger.html
81767-78562;739598;193;20170126;https://www.jardiland.com/animaux/chien/colliers-laisses-et-vetements/collier-pour-chien/81767-collier-chaine-berger.html
81764-78567;739602;193;20170126;https://www.jardiland.com/animaux/chien/colliers-laisses-et-vetements/collier-pour-chien/81764-col-chai-1-2-etrangleur-2-rang.html
81764-78561;739599;193;20170126;https://www.jardiland.com/animaux/chien/colliers-laisses-et-vetements/collier-pour-chien/81764-col-chai-1-2-etrangleur-2-rang.html
81764-78559;739601;193;20170126;https://www.jardiland.com/animaux/chien/colliers-laisses-et-vetements/collier-pour-chien/81764-col-chai-1-2-etrangleur-2-rang.html
81764-78552;739600;193;20170126;https://www.jardiland.com/animaux/chien/colliers-laisses-et-vetements/collier-pour-chien/81764-col-chai-1-2-etrangleur-2-rang.html
68216-68216;1485193;193;20170126;https://www.jardiland.com/animaux/chien/colliers-laisses-et-vetements/accessoires/68216-clicker-de-dressage-pour-chien.html
83495-79748;1486492;193;20170126;https://www.jardiland.com/animaux/chien/colliers-laisses-et-vetements/collier-pour-chien/83495-accouple-nylon.html
83495-79746;1486494;193;20170126;https://www.jardiland.com/animaux/chien/colliers-laisses-et-vetements/collier-pour-chien/83495-accouple-nylon.html
83495-79745;1486495;193;20170126;https://www.jardiland.com/animaux/chien/colliers-laisses-et-vetements/collier-pour-chien/83495-accouple-nylon.html
83579-79676;1486704;193;20170126;https://www.jardiland.com/animaux/chien/colliers-laisses-et-vetements/collier-pour-chien/83579-accouple-chaine.html
67261-67261;1484906;193;20170126;https://www.jardiland.com/animaux/chien/jeux-et-jouets/autres-jouets/67261-pointeur-laser-chien-2in1-spot.html
82552-76236;1478394;193;20170126;https://www.jardiland.com/animaux/chien/jeux-et-jouets/autres-jouets/82552-kong-marathon-replac-chews-euro.html
82552-76226;1478395;193;20170126;https://www.jardiland.com/animaux/chien/jeux-et-jouets/autres-jouets/82552-kong-marathon-replac-chews-euro.html
82548-76238;1478388;193;20170126;https://www.jardiland.com/animaux/chien/jeux-et-jouets/autres-jouets/82548-kong-marathon-bone-european.html
82548-76237;1478389;193;20170126;https://www.jardiland.com/animaux/chien/jeux-et-jouets/autres-jouets/82548-kong-marathon-bone-european.html
81641-75764;1483776;193;20170126;https://www.jardiland.com/animaux/chien/jeux-et-jouets/autres-jouets/81641-jouet-tpr-tetine-pop.html
81641-75763;1483777;193;20170126;https://www.jardiland.com/animaux/chien/jeux-et-jouets/autres-jouets/81641-jouet-tpr-tetine-pop.html
81639-75766;1483773;193;20170126;https://www.jardiland.com/animaux/chien/jeux-et-jouets/autres-jouets/81639-jouet-tpr-os-pop.html
81637-75741;1483760;193;20170126;https://www.jardiland.com/animaux/chien/jeux-et-jouets/peluche/81637-jouet-peluche-rope-circus-pour-chiens.html
81637-75740;1483761;193;20170126;https://www.jardiland.com/animaux/chien/jeux-et-jouets/peluche/81637-jouet-peluche-rope-circus-pour-chiens.html
70419-70419;1395918;193;20170126;https://www.jardiland.com/animaux/chien/jeux-et-jouets/corde/70419-corde-task-force-s.html
68180-68180;1464410;193;20170126;https://www.jardiland.com/animaux/chien/niches-couchage-et-transport/coussin-et-matelas/68180-matelas-dehoussable-bleu-85x55x8cm.html
68182-68182;1464408;193;20170126;https://www.jardiland.com/animaux/chien/niches-couchage-et-transport/coussin-et-matelas/68182-matelas-dehoussable-bleu-70x45x6cm.html
68173-68173;1464422;193;20170126;https://www.jardiland.com/animaux/chien/niches-couchage-et-transport/coussin-et-matelas/68173-matelas-bimatiere-ecossais-marron70x45x6-1.html
82612-79356;1485194;193;20170126;https://www.jardiland.com/animaux/chien/niches-couchage-et-transport/corbeille/82612-corbeille-snooze.html
82612-79355;1485195;193;20170126;https://www.jardiland.com/animaux/chien/niches-couchage-et-transport/corbeille/82612-corbeille-snooze.html
82612-76217;1478596;193;20170126;https://www.jardiland.com/animaux/chien/niches-couchage-et-transport/corbeille/82612-corbeille-snooze.html
65030-65009;1485052;193;20170126;https://www.jardiland.com/animaux/chien/alimentation-et-friandises/biscuit/65030-petits-fourres-au-saumon-et-aux-algues-400-g.html
65030-64990;1485055;193;20170126;https://www.jardiland.com/animaux/chien/alimentation-et-friandises/biscuit/65030-petits-fourres-au-saumon-et-aux-algues-400-g.html
68820-68820;1438871;193;20170126;https://www.jardiland.com/animaux/chien/alimentation-et-friandises/biscuit/68820-pedigree-sa-recompense-bouchee-moel-130g.html
31990-7064;1209676;193;20170126;https://www.jardiland.com/animaux/chien/alimentation-et-friandises/os-a-macher/31990-os-presses.html
70618-70618;1390051;193;20170126;https://www.jardiland.com/animaux/chien/alimentation-et-friandises/friandise-bucco-dentaire/70618-greenies-regular-x6-mini-pack-170g.html
65029-65008;1485045;193;20170126;https://www.jardiland.com/animaux/chien/alimentation-et-friandises/biscuit/65029-friandises-macarons-pour-chiens.html
65029-65007;1485044;193;20170126;https://www.jardiland.com/animaux/chien/alimentation-et-friandises/biscuit/65029-friandises-macarons-pour-chiens.html
83505-79550;1486143;193;20170126;https://www.jardiland.com/animaux/chien/alimentation-et-friandises/os-a-macher/83505-feedeez-os-presse.html
82284-75390;1469342;193;20170126;https://www.jardiland.com/animaux/chien/alimentation-et-friandises/biscuit/82284-feedeez-oreilles-porc.html
82296-72254;1400954;193;20170126;https://www.jardiland.com/animaux/chien/alimentation-et-friandises/croquette-pour-chien/82296-canine-perfect-weight-adult-medium.html
67957-67957;1472314;193;20170126;https://www.jardiland.com/animaux/chien/alimentation-et-friandises/os-a-macher/67957-ava-os-noue-11cm-x2-1.html
68318-68318;1460778;193;20170126;https://www.jardiland.com/animaux/chien/alimentation-et-friandises/biscuit/68318-ava-batonnets-tors-7-8mm-x25-1.html
81802-78459;803070;193;20170126;https://www.jardiland.com/amenagement-du-jardin/bassins-et-jardin-aquatique/materiel/81802-epuisette-rectangulaire.html
60092-60092;1462308;193;20170126;https://www.jardiland.com/amenagement-du-jardin/abris-de-jardin-serres-et-rangements/serres/accessoires-de-serre/60092-jardiniere-vegtrug-poppy-noir.html
70267-70267;1401101;193;20170126;https://www.jardiland.com/amenagement-du-jardin/loisirs-plein-air/jouets/70267-poule.html
69398-69398;1427240;193;20170126;https://www.jardiland.com/amenagement-du-jardin/loisirs-plein-air/jouets/69398-grenouille-equatoriale-verte.html
66272-66272;697528;193;20170126;https://www.jardiland.com/amenagement-du-jardin/pots-bacs-jardinieres-et-supports/tuteurs-et-supports-de-plante/tuteur/66272-anneau-central-1-3-cercle-60cm-metal-vt.html
69183-69183;1432646;193;20170126;https://www.jardiland.com/amenagement-du-jardin/pots-bacs-jardinieres-et-supports/autres-pots-et-jardinieres/pot-et-jardiniere-en-pierre/69183-pot-terracotta-finition-antique-52x70cm.html
69181-69181;1432648;193;20170126;https://www.jardiland.com/amenagement-du-jardin/pots-bacs-jardinieres-et-supports/autres-pots-et-jardinieres/pot-et-jardiniere-en-pierre/69181-pot-terracotta-finition-antique-42x28cm.html
2096-2096;1352502;193;20170126;https://www.jardiland.com/amenagement-du-jardin/pots-bacs-jardinieres-et-supports/en-email/2096-suspension-metis.html
70757-70757;1367934;193;20170126;https://www.jardiland.com/amenagement-du-jardin/pots-bacs-jardinieres-et-supports/en-fibre/70757-vase-boule-strie-noir-17-litres.html
68019-68019;1471215;193;20170126;https://www.jardiland.com/amenagement-du-jardin/pots-bacs-jardinieres-et-supports/en-fibre/68019-pot-rectangulaire-strie-noir-74-litres.html
68020-68020;1471214;193;20170126;https://www.jardiland.com/amenagement-du-jardin/pots-bacs-jardinieres-et-supports/en-fibre/68020-pot-rectangulaire-strie-noir-39-litres.html
68021-68021;1471213;193;20170126;https://www.jardiland.com/amenagement-du-jardin/pots-bacs-jardinieres-et-supports/en-fibre/68021-pot-rectangulaire-strie-ivoire-74-litres.html
68022-68022;1471212;193;20170126;https://www.jardiland.com/amenagement-du-jardin/pots-bacs-jardinieres-et-supports/en-fibre/68022-pot-rectangulaire-strie-ivoire-39-litres.html
69770-69770;1415397;193;20170126;https://www.jardiland.com/amenagement-du-jardin/pots-bacs-jardinieres-et-supports/en-fibre/69770-pot-oeuf-strie-noir-14-litres.html
82786-73235;1430012;193;20170126;https://www.jardiland.com/amenagement-du-jardin/pots-bacs-jardinieres-et-supports/en-plastique/82786-soucoupe-jard-granromeo.html
31525-7579;1236645;193;20170126;https://www.jardiland.com/amenagement-du-jardin/pots-bacs-jardinieres-et-supports/en-plastique/31525-pot-rotomoule-cubo.html
31563-10372;1349139;193;20170126;https://www.jardiland.com/amenagement-du-jardin/pots-bacs-jardinieres-et-supports/en-plastique/31563-pot-rond-vasija-en-resine-de-polyethylene.html
48907-48802;1403131;193;20170126;https://www.jardiland.com/amenagement-du-jardin/pots-bacs-jardinieres-et-supports/en-plastique/48907-pot-modulable-tokyo-grosfillex-o-50-cm.html
48904-48785;1403114;193;20170126;https://www.jardiland.com/amenagement-du-jardin/pots-bacs-jardinieres-et-supports/en-plastique/48904-pot-modulable-tokyo-grosfillex-o-20-cm.html
82758-75373;1469459;193;20170126;https://www.jardiland.com/amenagement-du-jardin/pots-bacs-jardinieres-et-supports/en-plastique/82758-jardiniere-romeo.html
82758-75370;1469457;193;20170126;https://www.jardiland.com/amenagement-du-jardin/pots-bacs-jardinieres-et-supports/en-plastique/82758-jardiniere-romeo.html
82758-75369;1469462;193;20170126;https://www.jardiland.com/amenagement-du-jardin/pots-bacs-jardinieres-et-supports/en-plastique/82758-jardiniere-romeo.html
31524-6801;1017929;193;20170126;https://www.jardiland.com/amenagement-du-jardin/pots-bacs-jardinieres-et-supports/en-plastique/31524-jardiniere-jardinera-en-resine-de-polyethylene.html
31522-11009;1360419;193;20170126;https://www.jardiland.com/amenagement-du-jardin/pots-bacs-jardinieres-et-supports/en-plastique/31522-jardiniere-en-plastique-prisca.html
69301-69301;1430904;193;20170126;https://www.jardiland.com/amenagement-du-jardin/barbecues-cuisine-exterieur/autres/accessoires-de-barbecue/69301-plancha-pour-texas-carex.html
71176-71176;1333072;193;20170126;https://www.jardiland.com/amenagement-du-jardin/barbecues-cuisine-exterieur/autres/accessoires-de-barbecue/71176-pierre-a-pizza-goumet.html
69366-69366;1428944;193;20170126;https://www.jardiland.com/amenagement-du-jardin/barbecues-cuisine-exterieur/autres/accessoires-de-barbecue/69366-housse-pop-up-pour-plancha-60-1.html
70257-70257;1402675;193;20170126;https://www.jardiland.com/amenagement-du-jardin/barbecues-cuisine-exterieur/autres/accessoires-de-barbecue/70257-housse-maxi-bronco.html
70389-70389;1396481;193;20170126;https://www.jardiland.com/amenagement-du-jardin/barbecues-cuisine-exterieur/autres/accessoires-de-barbecue/70389-housse-luxe-pour-spirit-3-bruleurs.html
69294-69294;1430913;193;20170126;https://www.jardiland.com/amenagement-du-jardin/barbecues-cuisine-exterieur/autres/accessoires-de-barbecue/69294-grille-double-6-hamburgers.html
69278-69278;1430929;193;20170126;https://www.jardiland.com/amenagement-du-jardin/barbecues-cuisine-exterieur/autres/accessoires-de-barbecue/69278-fourchette-inox-44-cm-manche-soft-touch.html
69304-69304;1430864;193;20170126;https://www.jardiland.com/amenagement-du-jardin/barbecues-cuisine-exterieur/autres/combustible/69304-allume-feu-enflammettes-fsc-x20-estival.html
69305-69305;1430863;193;20170126;https://www.jardiland.com/amenagement-du-jardin/barbecues-cuisine-exterieur/autres/combustible/69305-65-allum-geantes-fsc-tube-deco-estival.html
36617-36617;1396479;193;20170126;https://www.jardiland.com/amenagement-du-jardin/barbecues-cuisine-exterieur/a-gaz/36617-barbecue-a-gaz-spirit-premium-s320-gbs-inox.html
65257-65257;965070;193;20170126;https://www.jardiland.com/amenagement-du-jardin/eclairage-et-chauffage-d-exterieur/eclairage-solaire/65257-lanterne-ronde-solaire-ass-ext-dia20cm.html
68920-68920;1434276;193;20170126;https://www.jardiland.com/amenagement-du-jardin/eclairage-et-chauffage-d-exterieur/eclairage-solaire/68920-guirlande-led-bocal-70cm-15l.html
31339-12737;1395116;193;20170126;https://www.jardiland.com/amenagement-du-jardin/mobilier-de-jardin/bains-de-soleil-et-hamacs/hamac/31339-hamac-a-barres-simple-fruta.html
31359-15483;566621;193;20170126;https://www.jardiland.com/amenagement-du-jardin/mobilier-de-jardin/salon-de-jardin/mobilier-pliant/31359-table-rectangulaire-bistro.html
68149-68149;1466871;193;20170126;https://www.jardiland.com/jardinage/semis-protections-et-accessoires-de-jardinage/voiles-d-hivernage-et-protections/accessoires-de-plasticulture/68149-12-clips-de-fixation.html
4473-4473;573880;193;20170126;https://www.jardiland.com/jardinage/outils-et-materiel-du-jardinier/petits-outils-a-main/griffe/4473-griffe-a-fleurs-manche-en-bois.html
68724-68724;1442657;193;20170126;https://www.jardiland.com/jardinage/entretien-et-traitements/traitements-des-plantes-et-lutte-bio/autres-traitements/68724-blanc-arboricole-liquide-3l-uab.html
67599-67599;1477622;193;20170126;https://www.jardiland.com/jardinage/entretien-et-traitements/traitements-des-plantes-et-lutte-bio/lutte-contre-les-insectes/67599-araignees-rges-et-jnes-fruitiers-5x2-5g.html
81417-72788;1379416;193;20170126;https://www.jardiland.com/jardinage/entretien-et-traitements/desherbants/autres-desherbants/81417-devitalisant-de-souches.html
82724-74482;1312758;193;20170126;https://www.jardiland.com/jardinage/entretien-et-traitements/desherbants/desherbant-total/82724-desherbant-radicalr.html
68726-68726;1442647;193;20170126;https://www.jardiland.com/jardinage/entretien-et-traitements/anti-nuisibles-pieges-et-repulsifs/lutte-contre-les-rats-souris-taupes-et-rongeurs/68726-rat-souris-cereale-decortiquee-200g.html
42332-42332;1362849;193;20170126;https://www.jardiland.com/jardinage/paillage-et-amendement/amendement/fumier/42332-fertilisant-granule-au-fumier-avicole-et-bovin.html
82836-76042;1474997;193;20170126;https://www.jardiland.com/plantes/sapins-de-noel/sapins-de-noel-floques/82836-picea-pungens-super-blue.html
