ID_WEB;ID_JDN;CODEMAG;DATE_ASPI;URLPRODUIT
67598-67598;1477637;237;20170201;https://www.jardiland.com/maison-deco/beaute-bien-tre/accessoires/coffret/67598-duo-mini-bqt-brins-noir-rose-orange-can.html
381-381;1209550;237;20170201;https://www.jardiland.com/maison-deco/epicerie-fine/epicerie-sucree/confiserie/381-seau-d-oursons-guimauve-enrobes-de-chocolat.html
82520-73346;1441026;237;20170201;https://www.jardiland.com/maison-deco/epicerie-fine/epicerie-sucree/confiserie/82520-sachet-mini-nougat-200g.html
82519-73343;1440995;237;20170201;https://www.jardiland.com/maison-deco/epicerie-fine/epicerie-sucree/confiserie/82519-part-de-nougat-tendre-120g.html
82519-73342;1440994;237;20170201;https://www.jardiland.com/maison-deco/epicerie-fine/epicerie-sucree/confiserie/82519-part-de-nougat-tendre-120g.html
82519-73341;1440980;237;20170201;https://www.jardiland.com/maison-deco/epicerie-fine/epicerie-sucree/confiserie/82519-part-de-nougat-tendre-120g.html
3390-3390;1426964;237;20170201;https://www.jardiland.com/maison-deco/epicerie-fine/epicerie-sucree/confiserie/3390-guimauve-sur-pic-en-forme-de-fruit.html
82030-74220;1293869;237;20170201;https://www.jardiland.com/maison-deco/cache-pot-d-interieur/a-reserve-d-eau/fibre/82030-pot-trio-claire-d26-h14-1.html
82030-74218;1293866;237;20170201;https://www.jardiland.com/maison-deco/cache-pot-d-interieur/a-reserve-d-eau/fibre/82030-pot-trio-claire-d26-h14-1.html
82169-72742;1375602;237;20170201;https://www.jardiland.com/maison-deco/cache-pot-d-interieur/cache-pot-simple/ceramique/82169-pot-rond-lidy.html
82171-72740;1375598;237;20170201;https://www.jardiland.com/maison-deco/cache-pot-d-interieur/cache-pot-simple/ceramique/82171-pot-rond-era.html
82179-73699;1014341;237;20170201;https://www.jardiland.com/maison-deco/cache-pot-d-interieur/cache-pot-simple/pot-special-orchidee-et-accessoires/82179-pot-orchidee-d13-h14-1.html
81843-74657;1471271;237;20170201;https://www.jardiland.com/maison-deco/cache-pot-d-interieur/cache-pot-simple/cache-pot-aimante/81843-pot-aimante-k-basic-line-cube-6cm.html
81843-74650;1471270;237;20170201;https://www.jardiland.com/maison-deco/cache-pot-d-interieur/cache-pot-simple/cache-pot-aimante/81843-pot-aimante-k-basic-line-cube-6cm.html
81843-74648;1471272;237;20170201;https://www.jardiland.com/maison-deco/cache-pot-d-interieur/cache-pot-simple/cache-pot-aimante/81843-pot-aimante-k-basic-line-cube-6cm.html
81843-74647;1471273;237;20170201;https://www.jardiland.com/maison-deco/cache-pot-d-interieur/cache-pot-simple/cache-pot-aimante/81843-pot-aimante-k-basic-line-cube-6cm.html
81843-74645;1471275;237;20170201;https://www.jardiland.com/maison-deco/cache-pot-d-interieur/cache-pot-simple/cache-pot-aimante/81843-pot-aimante-k-basic-line-cube-6cm.html
82769-73190;1428134;237;20170201;https://www.jardiland.com/maison-deco/cache-pot-d-interieur/cache-pot-simple/cache-pot-aimante/82769-pot-aimante-k-basic-line-boule-6cm.html
82028-73999;1349848;237;20170201;https://www.jardiland.com/maison-deco/cache-pot-d-interieur/cache-pot-simple/cache-pot-aimante/82028-plaque-met-avec-2-tillandsia-3-5-cm.html
82001-73187;1428131;237;20170201;https://www.jardiland.com/maison-deco/cache-pot-d-interieur/cache-pot-simple/cache-pot-aimante/82001-jardiniere-aimantee-kalamitica-12cm.html
5489-5489;911922;237;20170201;https://www.jardiland.com/maison-deco/cheminee/accessoires-de-cheminee/accessoires/5489-soufflet-de-cheminee-en-pin-blanc-ceruse-terre.html
68376-68376;1458370;237;20170201;https://www.jardiland.com/maison-deco/objets-de-decoration/autres-objets-de-decoration/paillasson-et-tapis/68376-tapis-imprime-marguerites.html
68579-68579;1454789;237;20170201;https://www.jardiland.com/maison-deco/objets-de-decoration/autres-objets-de-decoration/fruit-et-legume-artificiel/68579-pomme-mini-en-grappe-marsala-3-5-cm.html
68578-68578;1454790;237;20170201;https://www.jardiland.com/maison-deco/objets-de-decoration/autres-objets-de-decoration/fruit-et-legume-artificiel/68578-pomme-couleur-marsala-6-5-cm-12-288-1.html
68701-68701;1443615;237;20170201;https://www.jardiland.com/maison-deco/objets-de-decoration/autres-objets-de-decoration/mobile-carillon/68701-pluviometre-animaux-savane-1-1.html
68702-68702;1443611;237;20170201;https://www.jardiland.com/maison-deco/objets-de-decoration/autres-objets-de-decoration/mobile-carillon/68702-pluviometre-animaux-jungle-2-1.html
68708-68708;1443594;237;20170201;https://www.jardiland.com/maison-deco/objets-de-decoration/autres-objets-de-decoration/mobile-carillon/68708-carillon-animaux-savane-2-1.html
36843-36843;1333854;237;20170201;https://www.jardiland.com/maison-deco/objets-de-decoration/figurines-et-peluches/peluche/36843-ours-en-peluche-avec-gants-et-bonnet-d-aviateur-h-20-cm.html
69234-69234;1432086;237;20170201;https://www.jardiland.com/maison-deco/objets-de-decoration/figurines-et-peluches/figurine/69234-oiseau-fil-tisse-18x4-5x11cm.html
67948-67948;1472917;237;20170201;https://www.jardiland.com/maison-deco/objets-de-decoration/rangement-boites-et-paniers/boite-fantaisie/67948-repose-cuillere-saveur-bonheur.html
50084-50084;1456340;237;20170201;https://www.jardiland.com/maison-deco/objets-de-decoration/rangement-boites-et-paniers/boite-fantaisie/50084-porte-papiers-voiture-mode-beige-bleu.html
67949-67949;1472903;237;20170201;https://www.jardiland.com/maison-deco/objets-de-decoration/rangement-boites-et-paniers/boite-fantaisie/67949-porte-eponge-bob-saveur-bonheur.html
51054-51054;1400942;237;20170201;https://www.jardiland.com/maison-deco/objets-de-decoration/rangement-boites-et-paniers/boite-fantaisie/51054-porte-cles-opat-on-est-la-gris.html
70558-70558;1393976;237;20170201;https://www.jardiland.com/maison-deco/objets-de-decoration/rangement-boites-et-paniers/coffret-et-boite-de-rangement/70558-panier-pommes-de-terre-gris.html
68554-68554;1454814;237;20170201;https://www.jardiland.com/maison-deco/objets-de-decoration/plantes-artificielles/tige-fleurie/68554-rose-fuchsia-60cm.html
68541-68541;1454827;237;20170201;https://www.jardiland.com/maison-deco/objets-de-decoration/plantes-artificielles/tige-fleurie/68541-renoncule-fuchsia-45-cm.html
68568-68568;1454800;237;20170201;https://www.jardiland.com/maison-deco/objets-de-decoration/plantes-artificielles/tige-fleurie/68568-pompon-branche-vert-brun-80cm.html
71158-71158;1336448;237;20170201;https://www.jardiland.com/maison-deco/objets-de-decoration/plantes-artificielles/tige-fleurie/71158-pensee-feuille-65cm-or.html
67677-67677;1474376;237;20170201;https://www.jardiland.com/maison-deco/objets-de-decoration/plantes-artificielles/tige-fleurie/67677-myosotis-branche-pourpre-78-cm.html
70529-70529;1394866;237;20170201;https://www.jardiland.com/maison-deco/objets-de-decoration/plantes-artificielles/tige-fleurie/70529-lys-x2-orange-84-cm.html
68546-68546;1454822;237;20170201;https://www.jardiland.com/maison-deco/objets-de-decoration/plantes-artificielles/tige-fleurie/68546-eucalyptus-argent-71cm.html
70665-70665;1382986;237;20170201;https://www.jardiland.com/maison-deco/objets-de-decoration/plantes-artificielles/tige-fleurie/70665-bambou-50cm.html
70566-70566;1393510;237;20170201;https://www.jardiland.com/maison-deco/objets-de-decoration/vases-coupes-et-accessoires/pot-et-coupe/70566-nid-en-verre-11x24cm.html
66036-66036;845662;237;20170201;https://www.jardiland.com/maison-deco/objets-de-decoration/vases-coupes-et-accessoires/accessoires-de-composition-florale/66036-gomme-adhesive.html
83516-79514;1484408;237;20170201;https://www.jardiland.com/maison-deco/objets-de-decoration/bougies-et-senteurs/bougie-parfumee/83516-peche-gourmande.html
83516-79507;1484407;237;20170201;https://www.jardiland.com/maison-deco/objets-de-decoration/bougies-et-senteurs/bougie-parfumee/83516-peche-gourmande.html
83516-79505;1484409;237;20170201;https://www.jardiland.com/maison-deco/objets-de-decoration/bougies-et-senteurs/bougie-parfumee/83516-peche-gourmande.html
83516-79504;1484410;237;20170201;https://www.jardiland.com/maison-deco/objets-de-decoration/bougies-et-senteurs/bougie-parfumee/83516-peche-gourmande.html
83516-79503;1484411;237;20170201;https://www.jardiland.com/maison-deco/objets-de-decoration/bougies-et-senteurs/bougie-parfumee/83516-peche-gourmande.html
83516-79502;1484412;237;20170201;https://www.jardiland.com/maison-deco/objets-de-decoration/bougies-et-senteurs/bougie-parfumee/83516-peche-gourmande.html
83514-79527;1484460;237;20170201;https://www.jardiland.com/maison-deco/objets-de-decoration/bougies-et-senteurs/parfum-d-ambiance-diffuseur-a-froid/83514-diffuseur-car-ultimate.html
83504-79464;1484422;237;20170201;https://www.jardiland.com/maison-deco/objets-de-decoration/bougies-et-senteurs/bougie-parfumee/83504-cocktail-fruit-de-la-passion.html
83504-79463;1484423;237;20170201;https://www.jardiland.com/maison-deco/objets-de-decoration/bougies-et-senteurs/bougie-parfumee/83504-cocktail-fruit-de-la-passion.html
83504-79462;1484424;237;20170201;https://www.jardiland.com/maison-deco/objets-de-decoration/bougies-et-senteurs/bougie-parfumee/83504-cocktail-fruit-de-la-passion.html
70254-70254;1402883;237;20170201;https://www.jardiland.com/maison-deco/objets-de-decoration/bougies-et-senteurs/parfum-d-ambiance-diffuseur-a-froid/70254-bouquet-parfume-cube-zeste-de-verveine.html
81431-72934;1449139;237;20170201;https://www.jardiland.com/maison-deco/objets-de-decoration/bougies-et-senteurs/bougie-parfumee/81431-bougie-noix-de-coco-noire.html
81431-72913;1449141;237;20170201;https://www.jardiland.com/maison-deco/objets-de-decoration/bougies-et-senteurs/bougie-parfumee/81431-bougie-noix-de-coco-noire.html
81256-72917;1449184;237;20170201;https://www.jardiland.com/maison-deco/objets-de-decoration/bougies-et-senteurs/bougie-parfumee/81256-bougie-marshmallow-grilles.html
81256-72916;1449185;237;20170201;https://www.jardiland.com/maison-deco/objets-de-decoration/bougies-et-senteurs/bougie-parfumee/81256-bougie-marshmallow-grilles.html
81402-72937;1449127;237;20170201;https://www.jardiland.com/maison-deco/objets-de-decoration/bougies-et-senteurs/bougie-parfumee/81402-bougie-glace-d-ete.html
81172-72949;1449105;237;20170201;https://www.jardiland.com/maison-deco/objets-de-decoration/bougies-et-senteurs/bougie-parfumee/81172-bougie-framboise-rouge.html
32327-14467;1440435;237;20170201;https://www.jardiland.com/animaux/oiseau-de-la-nature/alimentation/32327-cylindre-de-graisse-pour-oiseaux.html
67481-67481;1478915;237;20170201;https://www.jardiland.com/animaux/reptiles-et-insectes/soins-et-entretien/sable-et-substrat/67481-ext-substrat-forest-bark-26-4l.html
67474-67474;1478922;237;20170201;https://www.jardiland.com/animaux/reptiles-et-insectes/soins-et-entretien/sable-et-substrat/67474-ex-t-substrat-rain-forest-26-4l.html
67483-67483;1478913;237;20170201;https://www.jardiland.com/animaux/reptiles-et-insectes/soins-et-entretien/sable-et-substrat/67483-ex-t-substrat-forest-bark-4-4l.html
67497-67497;1478571;237;20170201;https://www.jardiland.com/animaux/reptiles-et-insectes/terrariums-et-accessoires/decoration-de-terrarium/67497-et-cholla-cactus-skeleton-l.html
32543-24630;796390;237;20170201;https://www.jardiland.com/animaux/reptiles-et-insectes/alimentation/boite-et-lyophilisee/32543-jbl-nourriture-tortue.html
68899-68899;1435357;237;20170201;https://www.jardiland.com/animaux/oiseau/hygiene-et-soins/soin-de-l-animal/68899-os-de-seiche-x2-avec-support.html
66869-66869;538537;237;20170201;https://www.jardiland.com/animaux/oiseau/alimentation-et-friandises/complement-nutritionnel/66869-orlux-gold-patee-colorante-250g.html
82541-73370;1440836;237;20170201;https://www.jardiland.com/animaux/oiseau/alimentation-et-friandises/friandise/82541-crunchy-stick-perruche.html
82541-73361;1440838;237;20170201;https://www.jardiland.com/animaux/oiseau/alimentation-et-friandises/friandise/82541-crunchy-stick-perruche.html
82540-73363;1440834;237;20170201;https://www.jardiland.com/animaux/oiseau/alimentation-et-friandises/friandise/82540-crunchy-stick-perroquet.html
82540-73360;1440833;237;20170201;https://www.jardiland.com/animaux/oiseau/alimentation-et-friandises/friandise/82540-crunchy-stick-perroquet.html
82538-73366;1440830;237;20170201;https://www.jardiland.com/animaux/oiseau/alimentation-et-friandises/friandise/82538-crunchy-stick-grande-perruche.html
82538-73365;1440831;237;20170201;https://www.jardiland.com/animaux/oiseau/alimentation-et-friandises/friandise/82538-crunchy-stick-grande-perruche.html
82536-73368;1440827;237;20170201;https://www.jardiland.com/animaux/oiseau/alimentation-et-friandises/friandise/82536-crunchy-stick-exotique.html
82536-73367;1440828;237;20170201;https://www.jardiland.com/animaux/oiseau/alimentation-et-friandises/friandise/82536-crunchy-stick-exotique.html
82522-73369;1440825;237;20170201;https://www.jardiland.com/animaux/oiseau/alimentation-et-friandises/friandise/82522-crunchy-stick-canari.html
82522-73364;1440823;237;20170201;https://www.jardiland.com/animaux/oiseau/alimentation-et-friandises/friandise/82522-crunchy-stick-canari.html
82522-73356;1440824;237;20170201;https://www.jardiland.com/animaux/oiseau/alimentation-et-friandises/friandise/82522-crunchy-stick-canari.html
67135-67135;1487413;237;20170201;https://www.jardiland.com/animaux/oiseau/alimentation-et-friandises/friandise/67135-crunchy-cake-x12-miel-fruits.html
32460-15342;544419;237;20170201;https://www.jardiland.com/animaux/poisson/entretien-et-soins/produit-pour-poisson/32460-tetra-general-tonic.html
60060-60060;544298;237;20170201;https://www.jardiland.com/animaux/poisson/entretien-et-soins/produit-pour-plante/60060-sera-florenette-a.html
68267-68267;1463242;237;20170201;https://www.jardiland.com/animaux/poisson/materiel-chauffage-filtres-et-pompes/aeration/68267-ventouses-tuyau-a-air-x4-1.html
68269-68269;1463240;237;20170201;https://www.jardiland.com/animaux/poisson/materiel-chauffage-filtres-et-pompes/aeration/68269-tuyau-a-air-cristal-2-5m.html
68266-68266;1463243;237;20170201;https://www.jardiland.com/animaux/poisson/materiel-chauffage-filtres-et-pompes/chauffage/68266-thermometre-de-precision.html
68880-68880;1436811;237;20170201;https://www.jardiland.com/animaux/poisson/materiel-chauffage-filtres-et-pompes/masse-de-filtration/68880-mousse-90-120-30ppi.html
82830-75472;1481080;237;20170201;https://www.jardiland.com/animaux/poisson/materiel-chauffage-filtres-et-pompes/filtre-exterieur/82830-jard-tuyau-predecoupe-2-5m.html
67312-67312;1481081;237;20170201;https://www.jardiland.com/animaux/poisson/materiel-chauffage-filtres-et-pompes/aeration/67312-jard-tuyau-aeration-3m.html
67605-67605;1476253;237;20170201;https://www.jardiland.com/animaux/poisson/materiel-chauffage-filtres-et-pompes/chauffage/67605-jard-thermometre-digital-exterieur.html
67548-67548;1477965;237;20170201;https://www.jardiland.com/animaux/poisson/materiel-chauffage-filtres-et-pompes/nettoyage-aquarium/67548-jard-siphon.html
67549-67549;1477960;237;20170201;https://www.jardiland.com/animaux/poisson/materiel-chauffage-filtres-et-pompes/aeration/67549-jard-repartiteur-2-sorties-x2-1.html
67941-67941;1473550;237;20170201;https://www.jardiland.com/animaux/poisson/materiel-chauffage-filtres-et-pompes/nettoyage-aquarium/67941-jard-epuisette-ronde-10cm.html
82766-74970;1473541;237;20170201;https://www.jardiland.com/animaux/poisson/materiel-chauffage-filtres-et-pompes/nettoyage-aquarium/82766-jard-epuisette-maille-fine.html
82766-74969;1473543;237;20170201;https://www.jardiland.com/animaux/poisson/materiel-chauffage-filtres-et-pompes/nettoyage-aquarium/82766-jard-epuisette-maille-fine.html
82481-75892;1475829;237;20170201;https://www.jardiland.com/animaux/poisson/materiel-chauffage-filtres-et-pompes/aeration/82481-jard-diffuseur-d-air-3cm.html
82481-75886;1475828;237;20170201;https://www.jardiland.com/animaux/poisson/materiel-chauffage-filtres-et-pompes/aeration/82481-jard-diffuseur-d-air-3cm.html
67606-67606;1476251;237;20170201;https://www.jardiland.com/animaux/poisson/materiel-chauffage-filtres-et-pompes/nettoyage-aquarium/67606-jard-aspirateur-a-piles.html
68886-68886;1436801;237;20170201;https://www.jardiland.com/animaux/poisson/materiel-chauffage-filtres-et-pompes/masse-de-filtration/68886-crystal-20-x6-1.html
32531-15318;543748;237;20170201;https://www.jardiland.com/animaux/poisson/materiel-chauffage-filtres-et-pompes/masse-de-filtration/32531-charbon-de-filtration-actikool.html
81339-72810;1453022;237;20170201;https://www.jardiland.com/animaux/poisson/decoration-pour-aquarium/sable-et-autres-graviers/81339-quartz-fluo-pour-aquarium-1-kg.html
81339-72805;1453026;237;20170201;https://www.jardiland.com/animaux/poisson/decoration-pour-aquarium/sable-et-autres-graviers/81339-quartz-fluo-pour-aquarium-1-kg.html
81339-72804;1453023;237;20170201;https://www.jardiland.com/animaux/poisson/decoration-pour-aquarium/sable-et-autres-graviers/81339-quartz-fluo-pour-aquarium-1-kg.html
81339-72801;1453025;237;20170201;https://www.jardiland.com/animaux/poisson/decoration-pour-aquarium/sable-et-autres-graviers/81339-quartz-fluo-pour-aquarium-1-kg.html
70209-70209;1407979;237;20170201;https://www.jardiland.com/animaux/poisson/decoration-pour-aquarium/plante-artificielle/70209-massif-mm-mauve.html
67561-67561;1477809;237;20170201;https://www.jardiland.com/animaux/poisson/decoration-pour-aquarium/plante-artificielle/67561-herbe-verte-ass.html
53684-53684;1438163;237;20170201;https://www.jardiland.com/animaux/poisson/decoration-pour-aquarium/decoration-d-aquarium/53684-decor-navire-a-voile.html
67552-67552;1477828;237;20170201;https://www.jardiland.com/animaux/poisson/decoration-pour-aquarium/plante-artificielle/67552-decor-fluo.html
67558-67558;1477816;237;20170201;https://www.jardiland.com/animaux/poisson/decoration-pour-aquarium/plante-artificielle/67558-bambou-display.html
67567-67567;1477800;237;20170201;https://www.jardiland.com/animaux/poisson/decoration-pour-aquarium/plante-artificielle/67567-algue-epee-pierre-assorti.html
65034-65011;1487307;237;20170201;https://www.jardiland.com/animaux/poisson/aquariums/aquarium-pour-poisson-d-eau-chaude/65034-aquarium-led-confort-60-1.html
65031-78987;1487298;237;20170201;https://www.jardiland.com/animaux/poisson/aquariums/aquarium-pour-poisson-d-eau-froide/65031-aquarium-inwa-start40-pack-pur.html
82604-76229;1478544;237;20170201;https://www.jardiland.com/animaux/poisson/aquariums/aquarium-decoratif/82604-aquarium-flex.html
82604-76228;1478545;237;20170201;https://www.jardiland.com/animaux/poisson/aquariums/aquarium-decoratif/82604-aquarium-flex.html
32386-41382;1405450;237;20170201;https://www.jardiland.com/animaux/poisson/aquariums/aquarium-pour-poisson-d-eau-chaude/32386-aquarium-aquadream-led-60-1.html
31833-9810;1315053;237;20170201;https://www.jardiland.com/animaux/chat/soins-antiparasitaires/insecticide/31833-advantage-40-pour-chat.html
58003-58003;1441912;237;20170201;https://www.jardiland.com/animaux/chat/coussins-et-paniers-de-transport/coussin-et-corbeille-pour-chat/58003-igloo-moonlight-pour-chat.html
67506-67506;1478483;237;20170201;https://www.jardiland.com/animaux/chat/jeux-et-jouets/67506-pointeur-laser-pour-chat-tyrol.html
67507-67507;1478480;237;20170201;https://www.jardiland.com/animaux/chat/jeux-et-jouets/67507-phospho-balls-cat-toy-x2-1.html
82466-73338;1440191;237;20170201;https://www.jardiland.com/animaux/chat/arbres-a-chat-et-griffoirs/griffoir/82466-griffoir-en-carton-49x22x8cm.html
82466-73308;1440190;237;20170201;https://www.jardiland.com/animaux/chat/arbres-a-chat-et-griffoirs/griffoir/82466-griffoir-en-carton-49x22x8cm.html
69470-69470;1418908;237;20170201;https://www.jardiland.com/animaux/chat/hygiene-soins-et-litieres/soins-pour-chat/69470-feliway-recharge-48ml.html
68666-68666;1453145;237;20170201;https://www.jardiland.com/animaux/chat/hygiene-soins-et-litieres/litiere/68666-catsan-litiere-agglomerante-5l-750ml.html
70152-70152;1408380;237;20170201;https://www.jardiland.com/animaux/chat/alimentation-et-friandises/boite-et-sachet-fraicheur/70152-whiskas-plaisir-des-babines-48x85g.html
62908-74375;1318616;237;20170201;https://www.jardiland.com/animaux/chat/alimentation-et-friandises/boite-et-sachet-fraicheur/62908-sterilised-cat-sachet-repas-85g.html
62908-74374;1318615;237;20170201;https://www.jardiland.com/animaux/chat/alimentation-et-friandises/boite-et-sachet-fraicheur/62908-sterilised-cat-sachet-repas-85g.html
62895-62858;1439155;237;20170201;https://www.jardiland.com/animaux/chat/alimentation-et-friandises/boite-et-sachet-fraicheur/62895-schesir-patee-pour-chats-70-g.html
31711-15199;542532;237;20170201;https://www.jardiland.com/animaux/chat/alimentation-et-friandises/croquette-pour-chat/31711-proplan-cat-house-cat.html
83479-79430;1486035;237;20170201;https://www.jardiland.com/animaux/chat/alimentation-et-friandises/croquette-pour-chat/83479-perfect-fit-sterilise-senior.html
83478-79429;1486037;237;20170201;https://www.jardiland.com/animaux/chat/alimentation-et-friandises/croquette-pour-chat/83478-perfect-fit-sterilise-adulte.html
83478-79427;1486039;237;20170201;https://www.jardiland.com/animaux/chat/alimentation-et-friandises/croquette-pour-chat/83478-perfect-fit-sterilise-adulte.html
83478-79420;1486038;237;20170201;https://www.jardiland.com/animaux/chat/alimentation-et-friandises/croquette-pour-chat/83478-perfect-fit-sterilise-adulte.html
83480-79431;1486033;237;20170201;https://www.jardiland.com/animaux/chat/alimentation-et-friandises/croquette-pour-chat/83480-perfect-fit-chaton.html
70151-70151;1408756;237;20170201;https://www.jardiland.com/animaux/chat/alimentation-et-friandises/boite-et-sachet-fraicheur/70151-kitten-sachet-dinde-et-poulet-12x85g.html
59649-59649;868527;237;20170201;https://www.jardiland.com/animaux/rongeurs-et-petits-mammiferes/hygiene-et-soins/soin-de-toilettage/59649-shampooing-pour-lapin.html
53588-53588;539176;237;20170201;https://www.jardiland.com/animaux/rongeurs-et-petits-mammiferes/jouets-et-exercices/roue-tube-et-autres-accessoires-de-jeux/53588-tunnel-courbe-4810-1.html
5792-5792;970723;237;20170201;https://www.jardiland.com/animaux/rongeurs-et-petits-mammiferes/habitats-cages-et-accessoires/cage/5792-cage-lapin-nero-3-deluxe.html
82398-75057;1468976;237;20170201;https://www.jardiland.com/animaux/rongeurs-et-petits-mammiferes/habitats-cages-et-accessoires/cage/82398-cage-indoor-pour-hamster.html
82398-75056;1468977;237;20170201;https://www.jardiland.com/animaux/rongeurs-et-petits-mammiferes/habitats-cages-et-accessoires/cage/82398-cage-indoor-pour-hamster.html
5280-5280;972186;237;20170201;https://www.jardiland.com/animaux/rongeurs-et-petits-mammiferes/habitats-cages-et-accessoires/cage/5280-cage-cochons-d-inde-nero-2-deluxe.html
67400-67400;1480553;237;20170201;https://www.jardiland.com/animaux/chien/soins-antiparasitaires/insectifuge/67400-e-shampooing-2-en-1-anti-demange-250ml.html
82417-76320;1476164;237;20170201;https://www.jardiland.com/animaux/chien/hygiene-et-soins/hygiene-et-soin/82417-prozym-rf2-sticks.html
82417-76165;1476163;237;20170201;https://www.jardiland.com/animaux/chien/hygiene-et-soins/hygiene-et-soin/82417-prozym-rf2-sticks.html
82417-76081;1476165;237;20170201;https://www.jardiland.com/animaux/chien/hygiene-et-soins/hygiene-et-soin/82417-prozym-rf2-sticks.html
82805-74434;1327525;237;20170201;https://www.jardiland.com/animaux/chien/hygiene-et-soins/hygiene-et-soin/82805-culotte-chien-d-d-modele-brave.html
82805-74425;1327528;237;20170201;https://www.jardiland.com/animaux/chien/hygiene-et-soins/hygiene-et-soin/82805-culotte-chien-d-d-modele-brave.html
82805-74403;1327524;237;20170201;https://www.jardiland.com/animaux/chien/hygiene-et-soins/hygiene-et-soin/82805-culotte-chien-d-d-modele-brave.html
82805-74394;1327526;237;20170201;https://www.jardiland.com/animaux/chien/hygiene-et-soins/hygiene-et-soin/82805-culotte-chien-d-d-modele-brave.html
68138-68138;1467887;237;20170201;https://www.jardiland.com/animaux/chien/hygiene-et-soins/soin-de-toilettage/68138-brosse-pneumatique-l.html
32127-27162;868538;237;20170201;https://www.jardiland.com/animaux/chien/education/tapis-educateur-et-repulsif/32127-tapis-educateur-x-6-1.html
32067-28085;904211;237;20170201;https://www.jardiland.com/animaux/chien/colliers-laisses-et-vetements/laisse-pour-chien/32067-laisse-pour-chien-choco.html
46041-80351;541638;237;20170201;https://www.jardiland.com/animaux/chien/colliers-laisses-et-vetements/laisse-pour-chien/46041-laisse-pour-chien-avec-bord-arrondi.html
46041-52343;926801;237;20170201;https://www.jardiland.com/animaux/chien/colliers-laisses-et-vetements/laisse-pour-chien/46041-laisse-pour-chien-avec-bord-arrondi.html
46041-44469;541639;237;20170201;https://www.jardiland.com/animaux/chien/colliers-laisses-et-vetements/laisse-pour-chien/46041-laisse-pour-chien-avec-bord-arrondi.html
46041-39525;739455;237;20170201;https://www.jardiland.com/animaux/chien/colliers-laisses-et-vetements/laisse-pour-chien/46041-laisse-pour-chien-avec-bord-arrondi.html
62909-78604;739411;237;20170201;https://www.jardiland.com/animaux/chien/colliers-laisses-et-vetements/laisse-pour-chien/62909-laisse-confort-nylon.html
62909-78595;739413;237;20170201;https://www.jardiland.com/animaux/chien/colliers-laisses-et-vetements/laisse-pour-chien/62909-laisse-confort-nylon.html
62909-78594;739415;237;20170201;https://www.jardiland.com/animaux/chien/colliers-laisses-et-vetements/laisse-pour-chien/62909-laisse-confort-nylon.html
62909-78591;739409;237;20170201;https://www.jardiland.com/animaux/chien/colliers-laisses-et-vetements/laisse-pour-chien/62909-laisse-confort-nylon.html
62909-73277;1443722;237;20170201;https://www.jardiland.com/animaux/chien/colliers-laisses-et-vetements/laisse-pour-chien/62909-laisse-confort-nylon.html
62909-8002;1256775;237;20170201;https://www.jardiland.com/animaux/chien/colliers-laisses-et-vetements/laisse-pour-chien/62909-laisse-confort-nylon.html
62909-7995;1256754;237;20170201;https://www.jardiland.com/animaux/chien/colliers-laisses-et-vetements/laisse-pour-chien/62909-laisse-confort-nylon.html
62909-7994;1256753;237;20170201;https://www.jardiland.com/animaux/chien/colliers-laisses-et-vetements/laisse-pour-chien/62909-laisse-confort-nylon.html
32012-15132;540850;237;20170201;https://www.jardiland.com/animaux/chien/colliers-laisses-et-vetements/collier-pour-chien/32012-collier-pour-chien-avec-bord-arrondi.html
83584-77641;739371;237;20170201;https://www.jardiland.com/animaux/chien/colliers-laisses-et-vetements/collier-pour-chien/83584-collier-nylon-reglable.html
83584-77640;739372;237;20170201;https://www.jardiland.com/animaux/chien/colliers-laisses-et-vetements/collier-pour-chien/83584-collier-nylon-reglable.html
83584-77639;739373;237;20170201;https://www.jardiland.com/animaux/chien/colliers-laisses-et-vetements/collier-pour-chien/83584-collier-nylon-reglable.html
83584-77638;739374;237;20170201;https://www.jardiland.com/animaux/chien/colliers-laisses-et-vetements/collier-pour-chien/83584-collier-nylon-reglable.html
83584-77637;739375;237;20170201;https://www.jardiland.com/animaux/chien/colliers-laisses-et-vetements/collier-pour-chien/83584-collier-nylon-reglable.html
83584-77633;739368;237;20170201;https://www.jardiland.com/animaux/chien/colliers-laisses-et-vetements/collier-pour-chien/83584-collier-nylon-reglable.html
83584-77620;739370;237;20170201;https://www.jardiland.com/animaux/chien/colliers-laisses-et-vetements/collier-pour-chien/83584-collier-nylon-reglable.html
83584-77618;739369;237;20170201;https://www.jardiland.com/animaux/chien/colliers-laisses-et-vetements/collier-pour-chien/83584-collier-nylon-reglable.html
83584-77616;739365;237;20170201;https://www.jardiland.com/animaux/chien/colliers-laisses-et-vetements/collier-pour-chien/83584-collier-nylon-reglable.html
83584-77615;739366;237;20170201;https://www.jardiland.com/animaux/chien/colliers-laisses-et-vetements/collier-pour-chien/83584-collier-nylon-reglable.html
83584-77614;739367;237;20170201;https://www.jardiland.com/animaux/chien/colliers-laisses-et-vetements/collier-pour-chien/83584-collier-nylon-reglable.html
54386-56071;1434630;237;20170201;https://www.jardiland.com/animaux/chien/colliers-laisses-et-vetements/collier-pour-chien/54386-collier-nylon.html
81765-78583;739593;237;20170201;https://www.jardiland.com/animaux/chien/colliers-laisses-et-vetements/collier-pour-chien/81765-collier-metal-etrangleur-simple.html
81765-78566;739594;237;20170201;https://www.jardiland.com/animaux/chien/colliers-laisses-et-vetements/collier-pour-chien/81765-collier-metal-etrangleur-simple.html
81761-80342;541579;237;20170201;https://www.jardiland.com/animaux/chien/colliers-laisses-et-vetements/collier-pour-chien/81761-collier-chaine-torquatus-metal.html
81761-80340;541578;237;20170201;https://www.jardiland.com/animaux/chien/colliers-laisses-et-vetements/collier-pour-chien/81761-collier-chaine-torquatus-metal.html
81767-80658;901347;237;20170201;https://www.jardiland.com/animaux/chien/colliers-laisses-et-vetements/collier-pour-chien/81767-collier-chaine-berger.html
81767-78564;739596;237;20170201;https://www.jardiland.com/animaux/chien/colliers-laisses-et-vetements/collier-pour-chien/81767-collier-chaine-berger.html
81767-78563;739597;237;20170201;https://www.jardiland.com/animaux/chien/colliers-laisses-et-vetements/collier-pour-chien/81767-collier-chaine-berger.html
81767-78562;739598;237;20170201;https://www.jardiland.com/animaux/chien/colliers-laisses-et-vetements/collier-pour-chien/81767-collier-chaine-berger.html
81764-78567;739602;237;20170201;https://www.jardiland.com/animaux/chien/colliers-laisses-et-vetements/collier-pour-chien/81764-col-chai-1-2-etrangleur-2-rang.html
81764-78561;739599;237;20170201;https://www.jardiland.com/animaux/chien/colliers-laisses-et-vetements/collier-pour-chien/81764-col-chai-1-2-etrangleur-2-rang.html
81764-78559;739601;237;20170201;https://www.jardiland.com/animaux/chien/colliers-laisses-et-vetements/collier-pour-chien/81764-col-chai-1-2-etrangleur-2-rang.html
81764-78557;739603;237;20170201;https://www.jardiland.com/animaux/chien/colliers-laisses-et-vetements/collier-pour-chien/81764-col-chai-1-2-etrangleur-2-rang.html
81764-78552;739600;237;20170201;https://www.jardiland.com/animaux/chien/colliers-laisses-et-vetements/collier-pour-chien/81764-col-chai-1-2-etrangleur-2-rang.html
83579-78555;739605;237;20170201;https://www.jardiland.com/animaux/chien/colliers-laisses-et-vetements/collier-pour-chien/83579-accouple-chaine.html
1959-1959;1338345;237;20170201;https://www.jardiland.com/animaux/chien/jeux-et-jouets/autres-jouets/1959-jouet-pour-chien-cuisse-de-poulet.html
70419-70419;1395918;237;20170201;https://www.jardiland.com/animaux/chien/jeux-et-jouets/corde/70419-corde-task-force-s.html
32206-13024;1401209;237;20170201;https://www.jardiland.com/animaux/chien/jeux-et-jouets/jouet-en-caoutchouc-et-latex/32206-balle-grinz-pour-chien-taille-moyen.html
82393-72258;1398871;237;20170201;https://www.jardiland.com/animaux/chien/niches-couchage-et-transport/coussin-et-matelas/82393-relax-candy-rouge.html
32231-12749;1395901;237;20170201;https://www.jardiland.com/animaux/chien/niches-couchage-et-transport/niche/32231-niche-en-bois.html
68173-68173;1464422;237;20170201;https://www.jardiland.com/animaux/chien/niches-couchage-et-transport/coussin-et-matelas/68173-matelas-bimatiere-ecossais-marron70x45x6-1.html
82816-73133;1438977;237;20170201;https://www.jardiland.com/animaux/chien/niches-couchage-et-transport/corbeille/82816-corbeille-tissu-fleur-framboise.html
82809-73169;1438654;237;20170201;https://www.jardiland.com/animaux/chien/gamelles-ecuelles-et-distributeurs/gamelle-et-ecuelle/82809-gamelle-plastique.html
82822-73171;1438671;237;20170201;https://www.jardiland.com/animaux/chien/gamelles-ecuelles-et-distributeurs/distributeur-d-eau-et-croquette/82822-distrib-2en1-3-5l.html
82822-73167;1438673;237;20170201;https://www.jardiland.com/animaux/chien/gamelles-ecuelles-et-distributeurs/distributeur-d-eau-et-croquette/82822-distrib-2en1-3-5l.html
2556-2556;1393675;237;20170201;https://www.jardiland.com/animaux/chien/alimentation-et-friandises/croquette-pour-chien/2556-purina-dog-chow-puppy-large-breed.html
65030-65009;1485052;237;20170201;https://www.jardiland.com/animaux/chien/alimentation-et-friandises/biscuit/65030-petits-fourres-au-saumon-et-aux-algues-400-g.html
65030-64990;1485055;237;20170201;https://www.jardiland.com/animaux/chien/alimentation-et-friandises/biscuit/65030-petits-fourres-au-saumon-et-aux-algues-400-g.html
31952-9580;1303970;237;20170201;https://www.jardiland.com/animaux/chien/alimentation-et-friandises/croquette-pour-chien/31952-pedigree-vital-protection-junior.html
31951-41414;1435577;237;20170201;https://www.jardiland.com/animaux/chien/alimentation-et-friandises/croquette-pour-chien/31951-pedigree-vital-protection-adulte.html
70618-70618;1390051;237;20170201;https://www.jardiland.com/animaux/chien/alimentation-et-friandises/friandise-bucco-dentaire/70618-greenies-regular-x6-mini-pack-170g.html
65029-65008;1485045;237;20170201;https://www.jardiland.com/animaux/chien/alimentation-et-friandises/biscuit/65029-friandises-macarons-pour-chiens.html
65029-65007;1485044;237;20170201;https://www.jardiland.com/animaux/chien/alimentation-et-friandises/biscuit/65029-friandises-macarons-pour-chiens.html
83505-79550;1486143;237;20170201;https://www.jardiland.com/animaux/chien/alimentation-et-friandises/os-a-macher/83505-feedeez-os-presse.html
46080-44461;537302;237;20170201;https://www.jardiland.com/animaux/chien/alimentation-et-friandises/croquette-pour-chien/46080-eukanuba-adult-maintenance-moyenne-race.html
56507-56054;1430575;237;20170201;https://www.jardiland.com/animaux/chien/alimentation-et-friandises/croquette-pour-chien/56507-croquettes-pro-plan-duo-delice-adulte.html
56507-56052;1430577;237;20170201;https://www.jardiland.com/animaux/chien/alimentation-et-friandises/croquette-pour-chien/56507-croquettes-pro-plan-duo-delice-adulte.html
56507-56042;1430579;237;20170201;https://www.jardiland.com/animaux/chien/alimentation-et-friandises/croquette-pour-chien/56507-croquettes-pro-plan-duo-delice-adulte.html
82296-72254;1400954;237;20170201;https://www.jardiland.com/animaux/chien/alimentation-et-friandises/croquette-pour-chien/82296-canine-perfect-weight-adult-medium.html
67957-67957;1472314;237;20170201;https://www.jardiland.com/animaux/chien/alimentation-et-friandises/os-a-macher/67957-ava-os-noue-11cm-x2-1.html
68318-68318;1460778;237;20170201;https://www.jardiland.com/animaux/chien/alimentation-et-friandises/biscuit/68318-ava-batonnets-tors-7-8mm-x25-1.html
81801-77889;640025;237;20170201;https://www.jardiland.com/amenagement-du-jardin/bassins-et-jardin-aquatique/materiel/81801-tuyau-annele.html
66612-66612;639977;237;20170201;https://www.jardiland.com/amenagement-du-jardin/bassins-et-jardin-aquatique/bassins/66612-lot-bassin-start1000-1.html
51522-51522;924885;237;20170201;https://www.jardiland.com/amenagement-du-jardin/abris-de-jardin-serres-et-rangements/serres/grande-serre/51522-serre-venus-5000-1.html
363-363;1208199;237;20170201;https://www.jardiland.com/amenagement-du-jardin/loisirs-plein-air/jouets/363-figurine-kangourou-et-son-bebe.html
40841-40841;1313636;237;20170201;https://www.jardiland.com/amenagement-du-jardin/loisirs-plein-air/jeux-de-plein-air/40841-cabane-pour-enfant-campanule.html
66460-66460;573304;237;20170201;https://www.jardiland.com/amenagement-du-jardin/decorations/autres-decorations/66460-bassin-a-oiseaux-tulipe.html
68755-68755;1441233;237;20170201;https://www.jardiland.com/amenagement-du-jardin/decorations/statues-et-figurines/68755-poule-metal-37cm.html
65482-65482;929003;237;20170201;https://www.jardiland.com/amenagement-du-jardin/pots-bacs-jardinieres-et-supports/tuteurs-et-supports-de-plante/pergola-arche-et-arceau/65482-rose-arch-vert-120x40x231cm.html
66271-66271;697606;237;20170201;https://www.jardiland.com/amenagement-du-jardin/pots-bacs-jardinieres-et-supports/tuteurs-et-supports-de-plante/accessoires-de-fixation/66271-coupleur-6-trous-resine-vert.html
71010-71010;1350639;237;20170201;https://www.jardiland.com/amenagement-du-jardin/pots-bacs-jardinieres-et-supports/autres-pots-et-jardinieres/pot-et-jardiniere-en-pierre/71010-jardiniere-paloma-j30-1.html
82786-75386;1469475;237;20170201;https://www.jardiland.com/amenagement-du-jardin/pots-bacs-jardinieres-et-supports/en-plastique/82786-soucoupe-jard-granromeo.html
82786-73235;1430012;237;20170201;https://www.jardiland.com/amenagement-du-jardin/pots-bacs-jardinieres-et-supports/en-plastique/82786-soucoupe-jard-granromeo.html
31557-9151;1292125;237;20170201;https://www.jardiland.com/amenagement-du-jardin/pots-bacs-jardinieres-et-supports/en-plastique/31557-soucoupe-en-plastique-samba.html
82758-75373;1469459;237;20170201;https://www.jardiland.com/amenagement-du-jardin/pots-bacs-jardinieres-et-supports/en-plastique/82758-jardiniere-romeo.html
82758-75370;1469457;237;20170201;https://www.jardiland.com/amenagement-du-jardin/pots-bacs-jardinieres-et-supports/en-plastique/82758-jardiniere-romeo.html
82758-75369;1469462;237;20170201;https://www.jardiland.com/amenagement-du-jardin/pots-bacs-jardinieres-et-supports/en-plastique/82758-jardiniere-romeo.html
82767-75383;1469471;237;20170201;https://www.jardiland.com/amenagement-du-jardin/pots-bacs-jardinieres-et-supports/en-plastique/82767-jardiniere-granromeo.html
31574-11219;1360620;237;20170201;https://www.jardiland.com/amenagement-du-jardin/pots-bacs-jardinieres-et-supports/en-plastique/31574-crochet-de-suspension.html
31205-52221;1247723;237;20170201;https://www.jardiland.com/amenagement-du-jardin/amenagement/occultations/31205-brise-vue-ombrag-haie.html
68124-68124;1469800;237;20170201;https://www.jardiland.com/amenagement-du-jardin/barbecues-cuisine-exterieur/autres/accessoires-de-barbecue/68124-poele-pour-chataignes.html
70388-70388;1396483;237;20170201;https://www.jardiland.com/amenagement-du-jardin/barbecues-cuisine-exterieur/autres/accessoires-de-barbecue/70388-housse-luxe-pour-bbq-performer-original.html
2699-2699;1397144;237;20170201;https://www.jardiland.com/amenagement-du-jardin/mobilier-de-jardin/mobilier-enfant/salon-complet/2699-table-de-pique-nique-pour-enfant.html
36694-36694;1432322;237;20170201;https://www.jardiland.com/amenagement-du-jardin/mobilier-de-jardin/salon-de-jardin/salon-en-metal/36694-salon-de-jardin-lotus-set-de-6-pieces.html
42301-42301;901419;237;20170201;https://www.jardiland.com/jardinage/outils-et-materiel-du-jardinier/outils-de-taille/fauchaison/42301-croissant.html
36789-36789;895311;237;20170201;https://www.jardiland.com/jardinage/outils-et-materiel-du-jardinier/outils-de-taille/fauchaison/36789-cisaille-a-gazon-a-lame-fixes.html
5660-5660;928942;237;20170201;https://www.jardiland.com/jardinage/outils-et-materiel-du-jardinier/petits-outils-a-main/autres-petits-outils/5660-couteau-desherbeur.html
36786-36786;923000;237;20170201;https://www.jardiland.com/jardinage/outils-et-materiel-du-jardinier/grands-outils-de-jardin/binette-houe-et-serfouette/36786-binette-duo-pro.html
65782-65782;877389;237;20170201;https://www.jardiland.com/jardinage/entretien-et-traitements/traitements-des-plantes-et-lutte-bio/lutte-contre-les-maladies/65782-anti-pourritures-8x1-25g.html
81417-72788;1379416;237;20170201;https://www.jardiland.com/jardinage/entretien-et-traitements/desherbants/autres-desherbants/81417-devitalisant-de-souches.html
82724-74482;1312758;237;20170201;https://www.jardiland.com/jardinage/entretien-et-traitements/desherbants/desherbant-total/82724-desherbant-radicalr.html
67272-67272;1483994;237;20170201;https://www.jardiland.com/jardinage/entretien-et-traitements/engrais/engrais-matieres-premieres/67272-activateur-de-compost-1-5-klg.html
68133-68133;1469004;237;20170201;https://www.jardiland.com/jardinage/paillage-et-amendement/paillage/autres-paillages/68133-sphaigne-5l.html
4692-4692;577368;237;20170201;https://www.jardiland.com/jardinage/paillage-et-amendement/amendement/fumier/4692-fumier-de-ferme.html
82836-76042;1474997;237;20170201;https://www.jardiland.com/plantes/sapins-de-noel/sapins-de-noel-floques/82836-picea-pungens-super-blue.html
8565-8565;1280008;237;20170201;https://www.jardiland.com/plantes/plantes-artificielles/plantes-artificielles/tige-fleurie/8565-caryopteris-sterling-silver-lissilv.html
35666-39385;691225;237;20170201;https://www.jardiland.com/plantes/plantes-d-interieur/cactus-et-plantes-grasses/sansevieria/35666-sansevieria-trifasciata-laurentii.html
83355-78950;1488071;237;20170201;https://www.jardiland.com/plantes/plantes-d-interieur/plantes-vertes/tradescantia/83355-tradescantia-violet-hill.html
35892-43254;944029;237;20170201;https://www.jardiland.com/plantes/plantes-d-interieur/plantes-vertes/autres-plantes-vertes/35892-phlebodium-aureum-mini-plante.html
36068-20993;635498;237;20170201;https://www.jardiland.com/plantes/plantes-d-interieur/plantes-vertes/pachira/36068-pachira-aquatica.html
36571-39167;634886;237;20170201;https://www.jardiland.com/plantes/plantes-d-interieur/plantes-vertes/herbe-a-chat/36571-herbe-a-chat.html
36571-20296;631790;237;20170201;https://www.jardiland.com/plantes/plantes-d-interieur/plantes-vertes/herbe-a-chat/36571-herbe-a-chat.html
53817-53817;1254082;237;20170201;https://www.jardiland.com/plantes/graines-et-gazon/gazon-et-prairies-fleuries/prairie-fleurie/53817-prairie-fleurie-jachere-sensation.html
40726-38047;1312771;237;20170201;https://www.jardiland.com/plantes/graines-et-gazon/gazon-et-prairies-fleuries/gazon-rustique/40726-gazon-grands-espaces.html
46458-46458;639256;237;20170201;https://www.jardiland.com/plantes/graines-et-gazon/graines-potageres-et-aromatiques/oignons/46458-oignon-blanc-elody.html
35315-6244;1008741;237;20170201;https://www.jardiland.com/plantes/bulbes-et-pommes-de-terre/bulbes-a-fleurs/pivoine/35315-pivoine-blanche.html
35032-26641;855422;237;20170201;https://www.jardiland.com/plantes/bulbes-et-pommes-de-terre/bulbes-a-fleurs/autres-bulbes-a-fleurs/35032-agapanthe-bleu.html
35073-7007;1020682;237;20170201;https://www.jardiland.com/plantes/bulbes-et-pommes-de-terre/bulbes-a-fleurs/autres-bulbes-a-fleurs/35073-agapanthe-blanc.html
42091-18626;597156;237;20170201;https://www.jardiland.com/plantes/potager-et-verger/fruitiers/pommier/42091-pommier-harmonier-delorina.html
34535-55195;592827;237;20170201;https://www.jardiland.com/plantes/potager-et-verger/fruitiers/mandarinier/34535-mandarinier.html
36473-22765;687695;237;20170201;https://www.jardiland.com/plantes/potager-et-verger/fruitiers/groseillier-a-grappes/36473-groseillier-a-grappes-versailles-blanche.html
36465-17081;588361;237;20170201;https://www.jardiland.com/plantes/potager-et-verger/fruitiers/groseillier-a-grappes/36465-groseillier-a-grappes-gloire-des-sablons-rose.html
36456-20257;626836;237;20170201;https://www.jardiland.com/plantes/potager-et-verger/fruitiers/framboisier/36456-framboisier-malling-promise.html
33982-17532;590245;237;20170201;https://www.jardiland.com/plantes/arbres-et-arbustes-d-ornement/coniferes/genevrier/33982-juniperus-x-pfitzeriana-mint-julep.html
33982-17208;590246;237;20170201;https://www.jardiland.com/plantes/arbres-et-arbustes-d-ornement/coniferes/genevrier/33982-juniperus-x-pfitzeriana-mint-julep.html
33976-6426;1012531;237;20170201;https://www.jardiland.com/plantes/arbres-et-arbustes-d-ornement/coniferes/genevrier/33976-juniperus-horizontalis-andorra-compact.html
33913-16532;584380;237;20170201;https://www.jardiland.com/plantes/arbres-et-arbustes-d-ornement/coniferes/chamaecyparis/33913-chamaecyparis-obtusa-aurora.html
33922-16216;584084;237;20170201;https://www.jardiland.com/plantes/arbres-et-arbustes-d-ornement/coniferes/chamaecyparis/33922-chamaecyparis-lawsoniana-columnaris.html
33847-27331;883948;237;20170201;https://www.jardiland.com/plantes/arbres-et-arbustes-d-ornement/buis-et-topiaires/buis/33847-buis-commun.html
33849-43096;821323;237;20170201;https://www.jardiland.com/plantes/arbres-et-arbustes-d-ornement/buis-et-topiaires/buis/33849-buis-suffruticosa.html
33842-42803;581576;237;20170201;https://www.jardiland.com/plantes/arbres-et-arbustes-d-ornement/buis-et-topiaires/buis/33842-buis-arborescens.html
34434-11530;1374939;237;20170201;https://www.jardiland.com/plantes/arbres-et-arbustes-d-ornement/plantes-grimpantes/glycine/34434-glycine-amethyst-falls.html
82446-76287;1476265;237;20170201;https://www.jardiland.com/plantes/arbres-et-arbustes-d-ornement/plantes-grimpantes/bignone/82446-campsis-tagl-orangeade.html
41670-60160;607872;237;20170201;https://www.jardiland.com/plantes/arbres-et-arbustes-d-ornement/rosiers/rosiers-buissons/41670-rosier-mister-lincoln-grandes-fleurs.html
34207-17466;589611;237;20170201;https://www.jardiland.com/plantes/arbres-et-arbustes-d-ornement/plantes-de-terre-de-bruyere/hortensia/34207-hortensia-a-feuilles-de-chene.html
34173-21079;636284;237;20170201;https://www.jardiland.com/plantes/arbres-et-arbustes-d-ornement/plantes-de-terre-de-bruyere/hortensia/34173-hortensia-king-george-vii-romance.html
34168-39108;636282;237;20170201;https://www.jardiland.com/plantes/arbres-et-arbustes-d-ornement/plantes-de-terre-de-bruyere/hortensia/34168-hortensia-freudenstein.html
41567-49906;670287;237;20170201;https://www.jardiland.com/plantes/arbres-et-arbustes-d-ornement/plantes-de-terre-de-bruyere/erable-du-japon/41567-erable-du-japon.html
57260-58895;1472188;237;20170201;https://www.jardiland.com/plantes/arbres-et-arbustes-d-ornement/plantes-de-terre-de-bruyere/nandina/57260-bambou-sacre-twilight.html
41593-25098;824052;237;20170201;https://www.jardiland.com/plantes/arbres-et-arbustes-d-ornement/plantes-mediterraneennes/autres-plantes-mediterraneennes/41593-pittosporum-tenuifolium-variegatum.html
34604-16650;585518;237;20170201;https://www.jardiland.com/plantes/arbres-et-arbustes-d-ornement/plantes-mediterraneennes/autres-plantes-mediterraneennes/34604-liseron-de-turquie.html
34545-7762;1245284;237;20170201;https://www.jardiland.com/plantes/arbres-et-arbustes-d-ornement/plantes-mediterraneennes/autres-plantes-mediterraneennes/34545-bignone-a-vrilles.html
33758-7459;1240229;237;20170201;https://www.jardiland.com/plantes/arbres-et-arbustes-d-ornement/arbres-et-arbustes/viburnum/33758-viburnum-plicatum-shasta.html
32995-12231;1388569;237;20170201;https://www.jardiland.com/plantes/arbres-et-arbustes-d-ornement/arbres-et-arbustes/autres-arbres-et-arbustes/32995-sinocalycanthus-sinensis.html
33580-22356;675689;237;20170201;https://www.jardiland.com/plantes/arbres-et-arbustes-d-ornement/arbres-et-arbustes/prunus/33580-prunus-incisa-kojo-no-nai.html
33524-12245;1381567;237;20170201;https://www.jardiland.com/plantes/arbres-et-arbustes-d-ornement/arbres-et-arbustes/physocarpe/33524-physocarpus-opulifolius-diable-d-orr-mindia.html
33406-55168;591552;237;20170201;https://www.jardiland.com/plantes/arbres-et-arbustes-d-ornement/arbres-et-arbustes/lavatere/33406-lavatera-bredon-springs.html
33405-42939;644167;237;20170201;https://www.jardiland.com/plantes/arbres-et-arbustes-d-ornement/arbres-et-arbustes/lavatere/33405-lavatera-barnsley.html
41531-18536;597856;237;20170201;https://www.jardiland.com/plantes/arbres-et-arbustes-d-ornement/arbres-et-arbustes/laurier-palme/41531-laurier-du-portugal-angustifolia.html
33317-25593;822438;237;20170201;https://www.jardiland.com/plantes/arbres-et-arbustes-d-ornement/arbres-et-arbustes/hetre/33317-hetre-commun.html
33214-25506;819958;237;20170201;https://www.jardiland.com/plantes/arbres-et-arbustes-d-ornement/arbres-et-arbustes/escallonia/33214-escallonia-iveyi.html
33190-27331;883948;237;20170201;https://www.jardiland.com/plantes/arbres-et-arbustes-d-ornement/arbres-et-arbustes/erable/33190-erable-champetre.html
33130-10040;1331186;237;20170201;https://www.jardiland.com/plantes/arbres-et-arbustes-d-ornement/arbres-et-arbustes/cornouiller/33130-cornouiller-du-japon.html
33093-18879;598322;237;20170201;https://www.jardiland.com/plantes/arbres-et-arbustes-d-ornement/arbres-et-arbustes/chene/33093-chene-vert-truffier.html
33075-23322;703641;237;20170201;https://www.jardiland.com/plantes/arbres-et-arbustes-d-ornement/arbres-et-arbustes/ceanothe/33075-ceanothus-thyrsiflorus-skylark.html
33036-16142;581443;237;20170201;https://www.jardiland.com/plantes/arbres-et-arbustes-d-ornement/arbres-et-arbustes/buddleia/33036-buddleja-davidii-white-bouquet.html
33012-28945;924279;237;20170201;https://www.jardiland.com/plantes/arbres-et-arbustes-d-ornement/arbres-et-arbustes/berberis/33012-berberis-thunbergii-harlequin.html
