ID_WEB;ID_JDN;CODEMAG;DATE_ASPI;URLPRODUIT
67598-67598;1477637;10;20170130;https://www.jardiland.com/maison-deco/beaute-bien-tre/accessoires/coffret/67598-duo-mini-bqt-brins-noir-rose-orange-can.html
81454-78269;857156;10;20170130;https://www.jardiland.com/maison-deco/beaute-bien-tre/cosmetiques/savon/81454-savon-pur-vegetal.html
81454-78265;857160;10;20170130;https://www.jardiland.com/maison-deco/beaute-bien-tre/cosmetiques/savon/81454-savon-pur-vegetal.html
81454-78259;857144;10;20170130;https://www.jardiland.com/maison-deco/beaute-bien-tre/cosmetiques/savon/81454-savon-pur-vegetal.html
81454-73260;1443271;10;20170130;https://www.jardiland.com/maison-deco/beaute-bien-tre/cosmetiques/savon/81454-savon-pur-vegetal.html
81454-73259;1443269;10;20170130;https://www.jardiland.com/maison-deco/beaute-bien-tre/cosmetiques/savon/81454-savon-pur-vegetal.html
81454-72424;1407914;10;20170130;https://www.jardiland.com/maison-deco/beaute-bien-tre/cosmetiques/savon/81454-savon-pur-vegetal.html
82520-73346;1441026;10;20170130;https://www.jardiland.com/maison-deco/epicerie-fine/epicerie-sucree/confiserie/82520-sachet-mini-nougat-200g.html
81305-72824;1454268;10;20170130;https://www.jardiland.com/maison-deco/art-de-la-table/vaisselle/assiette/81305-assiette-plate-piko-d27cm.html
81302-72825;1454271;10;20170130;https://www.jardiland.com/maison-deco/art-de-la-table/vaisselle/assiette/81302-assiette-dessert-piko-d21cm.html
70656-70656;1386071;10;20170130;https://www.jardiland.com/maison-deco/cache-pot-d-interieur/cache-pot-simple/pot-special-bonsai/70656-scpe-pot-bonzai-rectangle-bleu-l9xl5cm.html
70657-70657;1386062;10;20170130;https://www.jardiland.com/maison-deco/cache-pot-d-interieur/cache-pot-simple/pot-special-bonsai/70657-scpe-pot-bonzai-rectangle-bleu-l15xl11cm.html
70652-70652;1386084;10;20170130;https://www.jardiland.com/maison-deco/cache-pot-d-interieur/cache-pot-simple/pot-special-bonsai/70652-scpe-pot-bonzai-ovale-noir-l9xl5cm.html
82154-72746;1375610;10;20170130;https://www.jardiland.com/maison-deco/cache-pot-d-interieur/cache-pot-simple/pot-special-orchidee-et-accessoires/82154-pot-rond-lidy-orchidee-d14-5xh12cm.html
82154-72743;1375603;10;20170130;https://www.jardiland.com/maison-deco/cache-pot-d-interieur/cache-pot-simple/pot-special-orchidee-et-accessoires/82154-pot-rond-lidy-orchidee-d14-5xh12cm.html
71794-71794;1233006;10;20170130;https://www.jardiland.com/maison-deco/cache-pot-d-interieur/cache-pot-simple/pot-special-bonsai/71794-pot-bonzai-rectangle-21x12x8-vert.html
71795-71795;1232999;10;20170130;https://www.jardiland.com/maison-deco/cache-pot-d-interieur/cache-pot-simple/pot-special-bonsai/71795-pot-bonzai-rectangle-21x12x8-noir.html
81843-74657;1471271;10;20170130;https://www.jardiland.com/maison-deco/cache-pot-d-interieur/cache-pot-simple/cache-pot-aimante/81843-pot-aimante-k-basic-line-cube-6cm.html
81843-74650;1471270;10;20170130;https://www.jardiland.com/maison-deco/cache-pot-d-interieur/cache-pot-simple/cache-pot-aimante/81843-pot-aimante-k-basic-line-cube-6cm.html
81843-74648;1471272;10;20170130;https://www.jardiland.com/maison-deco/cache-pot-d-interieur/cache-pot-simple/cache-pot-aimante/81843-pot-aimante-k-basic-line-cube-6cm.html
81843-74647;1471273;10;20170130;https://www.jardiland.com/maison-deco/cache-pot-d-interieur/cache-pot-simple/cache-pot-aimante/81843-pot-aimante-k-basic-line-cube-6cm.html
81843-74646;1471274;10;20170130;https://www.jardiland.com/maison-deco/cache-pot-d-interieur/cache-pot-simple/cache-pot-aimante/81843-pot-aimante-k-basic-line-cube-6cm.html
81843-74645;1471275;10;20170130;https://www.jardiland.com/maison-deco/cache-pot-d-interieur/cache-pot-simple/cache-pot-aimante/81843-pot-aimante-k-basic-line-cube-6cm.html
82769-73191;1428135;10;20170130;https://www.jardiland.com/maison-deco/cache-pot-d-interieur/cache-pot-simple/cache-pot-aimante/82769-pot-aimante-k-basic-line-boule-6cm.html
82769-73190;1428134;10;20170130;https://www.jardiland.com/maison-deco/cache-pot-d-interieur/cache-pot-simple/cache-pot-aimante/82769-pot-aimante-k-basic-line-boule-6cm.html
82769-73182;1428142;10;20170130;https://www.jardiland.com/maison-deco/cache-pot-d-interieur/cache-pot-simple/cache-pot-aimante/82769-pot-aimante-k-basic-line-boule-6cm.html
70556-70556;1394041;10;20170130;https://www.jardiland.com/maison-deco/cache-pot-d-interieur/cache-pot-simple/cache-pot-aimante/70556-plaque-14x70-cm-argent-sans-socle.html
82096-74551;1471879;10;20170130;https://www.jardiland.com/maison-deco/cache-pot-d-interieur/cache-pot-simple/pot-special-orchidee-et-accessoires/82096-cp-orchidee-d12-5-h15cm.html
82075-74563;1471900;10;20170130;https://www.jardiland.com/maison-deco/cache-pot-d-interieur/cache-pot-simple/zinc/82075-cache-pot-zinc.html
81950-73199;1418970;10;20170130;https://www.jardiland.com/maison-deco/cache-pot-d-interieur/cache-pot-simple/ceramique/81950-cache-pot-lisse-d10-5-h9cm.html
81950-72716;1418967;10;20170130;https://www.jardiland.com/maison-deco/cache-pot-d-interieur/cache-pot-simple/ceramique/81950-cache-pot-lisse-d10-5-h9cm.html
70479-70479;1395513;10;20170130;https://www.jardiland.com/maison-deco/cache-pot-d-interieur/cache-pot-simple/vannerie/70479-cache-pot-clair-carre-jacinthe-38x38x32-1.html
70456-70456;1395537;10;20170130;https://www.jardiland.com/maison-deco/cache-pot-d-interieur/cache-pot-simple/vannerie/70456-cache-pot-bambou-rectangulaire-35x35x14-1.html
70457-70457;1395536;10;20170130;https://www.jardiland.com/maison-deco/cache-pot-d-interieur/cache-pot-simple/vannerie/70457-cache-pot-bambou-rectangulaire-27x27x11-1.html
70463-70463;1395529;10;20170130;https://www.jardiland.com/maison-deco/cache-pot-d-interieur/cache-pot-simple/vannerie/70463-cache-pot-bambou-carre-d26x26-1.html
67656-67656;1474578;10;20170130;https://www.jardiland.com/maison-deco/cache-pot-d-interieur/cache-pot-simple/ceramique/67656-a4-pot-pdq-nessa-h6-5d7-terra-taupe.html
69415-69415;1423320;10;20170130;https://www.jardiland.com/maison-deco/librairie-papeterie/librairie/livre-jardin/69415-taille-des-arbres-fruitiers.html
69417-69417;1423316;10;20170130;https://www.jardiland.com/maison-deco/librairie-papeterie/librairie/livre-jardin/69417-roses-les-meilleures-varietes.html
68354-68354;1459147;10;20170130;https://www.jardiland.com/maison-deco/librairie-papeterie/librairie/livre-jardin/68354-pivoines.html
68345-68345;1459157;10;20170130;https://www.jardiland.com/maison-deco/librairie-papeterie/librairie/livre-jardin/68345-le-potager-perpetuel.html
71555-71555;1265482;10;20170130;https://www.jardiland.com/maison-deco/librairie-papeterie/librairie/livre-jardin/71555-le-potager-au-naturel.html
68870-68870;1437440;10;20170130;https://www.jardiland.com/maison-deco/librairie-papeterie/librairie/livre-jardin/68870-l-ikebana-pas-a-pas.html
68184-68184;1464101;10;20170130;https://www.jardiland.com/maison-deco/librairie-papeterie/librairie/livre-jardin/68184-jardinez-avec-la-lune-2017-1.html
68353-68353;1459148;10;20170130;https://www.jardiland.com/maison-deco/librairie-papeterie/librairie/livre-jardin/68353-histoire-des-jardins.html
68352-68352;1459149;10;20170130;https://www.jardiland.com/maison-deco/librairie-papeterie/librairie/livre-jardin/68352-guide-de-la-couleur-au-jardin.html
68364-68364;1459136;10;20170130;https://www.jardiland.com/maison-deco/librairie-papeterie/librairie/livre-jardin/68364-esprit-debrouille.html
68868-68868;1437442;10;20170130;https://www.jardiland.com/maison-deco/librairie-papeterie/librairie/livre-jardin/68868-abeilles-sauvages.html
68656-68656;1453773;10;20170130;https://www.jardiland.com/maison-deco/mobilier-d-interieur/68656-table-d-appoint-antique-40x40x35-1.html
81255-72809;1453761;10;20170130;https://www.jardiland.com/maison-deco/mobilier-d-interieur/81255-canape-2-places-p82x-l131-x-h95-1.html
69171-69171;1432736;10;20170130;https://www.jardiland.com/maison-deco/objets-de-decoration/autres-objets-de-decoration/autres-objets-de-decoration/69171-vase-hurricane-25cm-transparent.html
69170-69170;1432738;10;20170130;https://www.jardiland.com/maison-deco/objets-de-decoration/autres-objets-de-decoration/autres-objets-de-decoration/69170-vase-frances-26cm-transparent.html
69177-69177;1432714;10;20170130;https://www.jardiland.com/maison-deco/objets-de-decoration/autres-objets-de-decoration/autres-objets-de-decoration/69177-vase-bouteille-rioja-50cm-vert-pomme.html
69139-69139;1433044;10;20170130;https://www.jardiland.com/maison-deco/objets-de-decoration/autres-objets-de-decoration/autres-objets-de-decoration/69139-pot-a-suspendre-orange-d17x17cm.html
69138-69138;1433045;10;20170130;https://www.jardiland.com/maison-deco/objets-de-decoration/autres-objets-de-decoration/autres-objets-de-decoration/69138-pot-a-suspendre-jaune-d17x17cm.html
69106-69106;1433107;10;20170130;https://www.jardiland.com/maison-deco/objets-de-decoration/autres-objets-de-decoration/autres-objets-de-decoration/69106-pomme-fibre-orange-d-15-h-17-cm.html
70497-70497;1395422;10;20170130;https://www.jardiland.com/maison-deco/objets-de-decoration/autres-objets-de-decoration/autres-objets-de-decoration/70497-pomme-blanche-en-fibre-20x22-1.html
69838-69838;1409937;10;20170130;https://www.jardiland.com/maison-deco/objets-de-decoration/autres-objets-de-decoration/plateau-et-serviteur/69838-plateau-en-bois-avec-metal-pm.html
69837-69837;1409938;10;20170130;https://www.jardiland.com/maison-deco/objets-de-decoration/autres-objets-de-decoration/plateau-et-serviteur/69837-plateau-en-bois-avec-metal-gm.html
70491-70491;1395488;10;20170130;https://www.jardiland.com/maison-deco/objets-de-decoration/autres-objets-de-decoration/panier/70491-paniere-rose-avec-poignee-35x49-1.html
70877-70877;1395487;10;20170130;https://www.jardiland.com/maison-deco/objets-de-decoration/autres-objets-de-decoration/panier/70877-paniere-rose-avec-poignee-31x43-1.html
70447-70447;1395593;10;20170130;https://www.jardiland.com/maison-deco/objets-de-decoration/autres-objets-de-decoration/panier/70447-paniere-ronde-en-jacinthe-d33-x-h22-1.html
70448-70448;1395592;10;20170130;https://www.jardiland.com/maison-deco/objets-de-decoration/autres-objets-de-decoration/panier/70448-paniere-ronde-en-jacinthe-d28-x-h19-1.html
70502-70502;1395381;10;20170130;https://www.jardiland.com/maison-deco/objets-de-decoration/autres-objets-de-decoration/panier/70502-paniere-ronde-avec-ardoise-42x48-1.html
70487-70487;1395493;10;20170130;https://www.jardiland.com/maison-deco/objets-de-decoration/autres-objets-de-decoration/panier/70487-paniere-jaune-avec-poignee-35x49-1.html
70449-70449;1395590;10;20170130;https://www.jardiland.com/maison-deco/objets-de-decoration/autres-objets-de-decoration/panier/70449-paniere-en-jacinthe-bicolore-60x37x31-1.html
70450-70450;1395589;10;20170130;https://www.jardiland.com/maison-deco/objets-de-decoration/autres-objets-de-decoration/panier/70450-paniere-en-jacinthe-bicolore-53x33x28-1.html
69126-69126;1433085;10;20170130;https://www.jardiland.com/maison-deco/objets-de-decoration/autres-objets-de-decoration/autres-objets-de-decoration/69126-panier-a-supendre-x3-25x140cm.html
69124-69124;1433087;10;20170130;https://www.jardiland.com/maison-deco/objets-de-decoration/autres-objets-de-decoration/autres-objets-de-decoration/69124-jardiniere-rect-a-suspendre-30x15x76cm.html
70203-70203;1408186;10;20170130;https://www.jardiland.com/maison-deco/objets-de-decoration/autres-objets-de-decoration/autres-objets-de-decoration/70203-cloche-verre-socle-ciment-22x22x22-5cm.html
64533-64533;1276731;10;20170130;https://www.jardiland.com/maison-deco/objets-de-decoration/autres-objets-de-decoration/autres-objets-de-decoration/64533-bougie-mica-vert-clair-10-cm.html
69141-69141;1433042;10;20170130;https://www.jardiland.com/maison-deco/objets-de-decoration/autres-objets-de-decoration/autres-objets-de-decoration/69141-bain-a-oiseau-ceramique-vert-35x8cm.html
70467-70467;1395525;10;20170130;https://www.jardiland.com/maison-deco/objets-de-decoration/figurines-et-peluches/figurine/70467-oiseau-blanc-en-fibre-36x19x24-1.html
69748-69748;1416672;10;20170130;https://www.jardiland.com/maison-deco/objets-de-decoration/rangement-boites-et-paniers/boite-fantaisie/69748-set-de-table-succulent.html
70128-70128;1408825;10;20170130;https://www.jardiland.com/maison-deco/objets-de-decoration/rangement-boites-et-paniers/coffret-et-boite-de-rangement/70128-panier-grillage-noir-45x35x28-5cm.html
69477-69477;1417083;10;20170130;https://www.jardiland.com/maison-deco/objets-de-decoration/coussins-et-plaids/plaid/69477-tablier-botanicae.html
69476-69476;1417084;10;20170130;https://www.jardiland.com/maison-deco/objets-de-decoration/coussins-et-plaids/plaid/69476-gants-botanicae.html
69803-69803;1413973;10;20170130;https://www.jardiland.com/maison-deco/objets-de-decoration/coussins-et-plaids/plaid/69803-chaussette-noel-3ast.html
71901-71901;1221831;10;20170130;https://www.jardiland.com/maison-deco/objets-de-decoration/plantes-artificielles/plante-et-fleur/71901-succulente-pot-zinc-ast-4-var.html
71900-71900;1221835;10;20170130;https://www.jardiland.com/maison-deco/objets-de-decoration/plantes-artificielles/bouquet-et-composition/71900-sapin-edel-botte-3br-de-4-brins-vert.html
70524-70524;1395209;10;20170130;https://www.jardiland.com/maison-deco/objets-de-decoration/plantes-artificielles/plante-et-fleur/70524-rosier-h40d26-rouge-en-pot-stan-gris.html
68554-68554;1454814;10;20170130;https://www.jardiland.com/maison-deco/objets-de-decoration/plantes-artificielles/tige-fleurie/68554-rose-fuchsia-60cm.html
66041-66041;843189;10;20170130;https://www.jardiland.com/maison-deco/objets-de-decoration/plantes-artificielles/funeraire/66041-primevere-piquet-57cm.html
71902-71902;1221784;10;20170130;https://www.jardiland.com/maison-deco/objets-de-decoration/plantes-artificielles/bouquet-et-composition/71902-pivoine-bouquet-35cm-lavande.html
68515-68515;1454856;10;20170130;https://www.jardiland.com/maison-deco/objets-de-decoration/plantes-artificielles/plante-et-fleur/68515-phalaeno-blanc-glacee-pot-argent-35-cm.html
70530-70530;1394864;10;20170130;https://www.jardiland.com/maison-deco/objets-de-decoration/plantes-artificielles/bouquet-et-composition/70530-mini-orchidee-coupe-asst-clrs-18cm.html
68576-68576;1454792;10;20170130;https://www.jardiland.com/maison-deco/objets-de-decoration/plantes-artificielles/plante-et-fleur/68576-cedre-guirlande-argent-scintill-180-cm.html
68535-68535;1454833;10;20170130;https://www.jardiland.com/maison-deco/objets-de-decoration/plantes-artificielles/plante-et-fleur/68535-buis-boule-vert-14-cm.html
68536-68536;1454832;10;20170130;https://www.jardiland.com/maison-deco/objets-de-decoration/plantes-artificielles/tige-fleurie/68536-banane-feuille-43-cm.html
70665-70665;1382986;10;20170130;https://www.jardiland.com/maison-deco/objets-de-decoration/plantes-artificielles/tige-fleurie/70665-bambou-50cm.html
923-923;1328245;10;20170130;https://www.jardiland.com/maison-deco/objets-de-decoration/plantes-artificielles/plante-et-fleur/923-aloe-vera-artificiel-en-pot-14-cm.html
70561-70561;1393581;10;20170130;https://www.jardiland.com/maison-deco/objets-de-decoration/vases-coupes-et-accessoires/pot-et-coupe/70561-vase-opale-fuseau-13x21-8cm.html
70562-70562;1393580;10;20170130;https://www.jardiland.com/maison-deco/objets-de-decoration/vases-coupes-et-accessoires/pot-et-coupe/70562-vase-opale-fuseau-12-5x31-7cm.html
70454-70454;1395566;10;20170130;https://www.jardiland.com/maison-deco/objets-de-decoration/vases-coupes-et-accessoires/pot-et-coupe/70454-vase-en-ceramique-18x40-1.html
69127-69127;1433075;10;20170130;https://www.jardiland.com/maison-deco/objets-de-decoration/vases-coupes-et-accessoires/pot-et-coupe/69127-vase-ceramique-2ast-8-5x15cm.html
69778-69778;1415083;10;20170130;https://www.jardiland.com/maison-deco/objets-de-decoration/vases-coupes-et-accessoires/vase-et-coupe-en-verre/69778-vase-carafe-colonial-4l.html
69880-69880;1409866;10;20170130;https://www.jardiland.com/maison-deco/objets-de-decoration/vases-coupes-et-accessoires/pot-et-coupe/69880-soliflore-rond-en-ceramique-d6x15cm.html
66589-66589;845704;10;20170130;https://www.jardiland.com/maison-deco/objets-de-decoration/vases-coupes-et-accessoires/accessoires-de-composition-florale/66589-raphia-aubergine-50g.html
66048-66048;840976;10;20170130;https://www.jardiland.com/maison-deco/objets-de-decoration/vases-coupes-et-accessoires/accessoires-de-composition-florale/66048-pinholder-x5-1.html
82256-78695;835214;10;20170130;https://www.jardiland.com/maison-deco/objets-de-decoration/vases-coupes-et-accessoires/accessoires-de-composition-florale/82256-papillon-7cm-x3pcs.html
82256-78694;835216;10;20170130;https://www.jardiland.com/maison-deco/objets-de-decoration/vases-coupes-et-accessoires/accessoires-de-composition-florale/82256-papillon-7cm-x3pcs.html
82256-78693;835218;10;20170130;https://www.jardiland.com/maison-deco/objets-de-decoration/vases-coupes-et-accessoires/accessoires-de-composition-florale/82256-papillon-7cm-x3pcs.html
82224-78696;835203;10;20170130;https://www.jardiland.com/maison-deco/objets-de-decoration/vases-coupes-et-accessoires/accessoires-de-composition-florale/82224-oiseaux-clip-6cm-3ass.html
82224-74144;1361583;10;20170130;https://www.jardiland.com/maison-deco/objets-de-decoration/vases-coupes-et-accessoires/accessoires-de-composition-florale/82224-oiseaux-clip-6cm-3ass.html
82224-73859;1211306;10;20170130;https://www.jardiland.com/maison-deco/objets-de-decoration/vases-coupes-et-accessoires/accessoires-de-composition-florale/82224-oiseaux-clip-6cm-3ass.html
69876-69876;1409870;10;20170130;https://www.jardiland.com/maison-deco/objets-de-decoration/vases-coupes-et-accessoires/pot-et-coupe/69876-long-vase-gris-f-en-ceramique-d10x41cm.html
82205-74145;1361841;10;20170130;https://www.jardiland.com/maison-deco/objets-de-decoration/vases-coupes-et-accessoires/sable-perle-d-eau-et-galet/82205-liquide-color-150ml.html
71206-71206;1327707;10;20170130;https://www.jardiland.com/maison-deco/objets-de-decoration/vases-coupes-et-accessoires/accessoires-de-composition-florale/71206-lichen-mica-naturelle-50gr.html
82247-78327;899175;10;20170130;https://www.jardiland.com/maison-deco/objets-de-decoration/vases-coupes-et-accessoires/accessoires-de-composition-florale/82247-hobby-brique-20x10-2x7-7cm.html
82247-78320;899204;10;20170130;https://www.jardiland.com/maison-deco/objets-de-decoration/vases-coupes-et-accessoires/accessoires-de-composition-florale/82247-hobby-brique-20x10-2x7-7cm.html
82247-73991;1021982;10;20170130;https://www.jardiland.com/maison-deco/objets-de-decoration/vases-coupes-et-accessoires/accessoires-de-composition-florale/82247-hobby-brique-20x10-2x7-7cm.html
66036-66036;845662;10;20170130;https://www.jardiland.com/maison-deco/objets-de-decoration/vases-coupes-et-accessoires/accessoires-de-composition-florale/66036-gomme-adhesive.html
71944-71944;1021987;10;20170130;https://www.jardiland.com/maison-deco/objets-de-decoration/vases-coupes-et-accessoires/accessoires-de-composition-florale/71944-coupe-tout-h15cm.html
66055-66055;834905;10;20170130;https://www.jardiland.com/maison-deco/objets-de-decoration/vases-coupes-et-accessoires/accessoires-de-composition-florale/66055-coupe-sandwich-26x12cm-vert.html
66268-66268;701390;10;20170130;https://www.jardiland.com/maison-deco/objets-de-decoration/vases-coupes-et-accessoires/accessoires-de-composition-florale/66268-coupe-sandwich-26x12-blanc.html
70782-70782;1361876;10;20170130;https://www.jardiland.com/maison-deco/objets-de-decoration/vases-coupes-et-accessoires/accessoires-de-composition-florale/70782-4-ronds-mouillable-d8-h5cm-vert.html
68715-68715;1443407;10;20170130;https://www.jardiland.com/maison-deco/objets-de-decoration/bougies-et-senteurs/parfum-d-ambiance-diffuseur-a-froid/68715-scentchips-depliant-recettes-fr.html
81378-77175;1462382;10;20170130;https://www.jardiland.com/maison-deco/objets-de-decoration/bougies-et-senteurs/parfum-d-ambiance-diffuseur-a-froid/81378-recharge-250-ml.html
81301-75457;1479855;10;20170130;https://www.jardiland.com/maison-deco/objets-de-decoration/bougies-et-senteurs/parfum-d-ambiance-diffuseur-a-froid/81301-pampille-platre-solo-coeur.html
81301-75447;1479862;10;20170130;https://www.jardiland.com/maison-deco/objets-de-decoration/bougies-et-senteurs/parfum-d-ambiance-diffuseur-a-froid/81301-pampille-platre-solo-coeur.html
82427-73263;1441707;10;20170130;https://www.jardiland.com/maison-deco/objets-de-decoration/bougies-et-senteurs/diffuseur-de-parfum-et-recharge/82427-lampe-perle.html
67590-67590;1477645;10;20170130;https://www.jardiland.com/maison-deco/objets-de-decoration/bougies-et-senteurs/diffuseur-de-parfum-et-recharge/67590-lampe-passion-rouge.html
81462-80468;932820;10;20170130;https://www.jardiland.com/maison-deco/objets-de-decoration/bougies-et-senteurs/diffuseur-de-parfum-et-recharge/81462-huile-parfumee-15ml.html
81462-80448;932837;10;20170130;https://www.jardiland.com/maison-deco/objets-de-decoration/bougies-et-senteurs/diffuseur-de-parfum-et-recharge/81462-huile-parfumee-15ml.html
81462-73255;1443256;10;20170130;https://www.jardiland.com/maison-deco/objets-de-decoration/bougies-et-senteurs/diffuseur-de-parfum-et-recharge/81462-huile-parfumee-15ml.html
81462-73253;1443253;10;20170130;https://www.jardiland.com/maison-deco/objets-de-decoration/bougies-et-senteurs/diffuseur-de-parfum-et-recharge/81462-huile-parfumee-15ml.html
81462-73252;1443252;10;20170130;https://www.jardiland.com/maison-deco/objets-de-decoration/bougies-et-senteurs/diffuseur-de-parfum-et-recharge/81462-huile-parfumee-15ml.html
82066-72417;1406430;10;20170130;https://www.jardiland.com/maison-deco/objets-de-decoration/bougies-et-senteurs/parfum-d-ambiance-diffuseur-a-froid/82066-goatier-bul-200ml.html
81347-75461;1479850;10;20170130;https://www.jardiland.com/maison-deco/objets-de-decoration/bougies-et-senteurs/parfum-d-ambiance-diffuseur-a-froid/81347-diffuseur-parfum-ambiance-100-ml-rotin.html
81347-75460;1479851;10;20170130;https://www.jardiland.com/maison-deco/objets-de-decoration/bougies-et-senteurs/parfum-d-ambiance-diffuseur-a-froid/81347-diffuseur-parfum-ambiance-100-ml-rotin.html
81347-75459;1479852;10;20170130;https://www.jardiland.com/maison-deco/objets-de-decoration/bougies-et-senteurs/parfum-d-ambiance-diffuseur-a-froid/81347-diffuseur-parfum-ambiance-100-ml-rotin.html
81347-75458;1479853;10;20170130;https://www.jardiland.com/maison-deco/objets-de-decoration/bougies-et-senteurs/parfum-d-ambiance-diffuseur-a-froid/81347-diffuseur-parfum-ambiance-100-ml-rotin.html
83481-79434;1486027;10;20170130;https://www.jardiland.com/maison-deco/objets-de-decoration/bougies-et-senteurs/parfum-d-ambiance-diffuseur-a-froid/83481-coffret-de-6-capsules-de-cire.html
83481-79433;1486028;10;20170130;https://www.jardiland.com/maison-deco/objets-de-decoration/bougies-et-senteurs/parfum-d-ambiance-diffuseur-a-froid/83481-coffret-de-6-capsules-de-cire.html
83481-79432;1486029;10;20170130;https://www.jardiland.com/maison-deco/objets-de-decoration/bougies-et-senteurs/parfum-d-ambiance-diffuseur-a-froid/83481-coffret-de-6-capsules-de-cire.html
83481-79389;1486024;10;20170130;https://www.jardiland.com/maison-deco/objets-de-decoration/bougies-et-senteurs/parfum-d-ambiance-diffuseur-a-froid/83481-coffret-de-6-capsules-de-cire.html
83481-79374;1486026;10;20170130;https://www.jardiland.com/maison-deco/objets-de-decoration/bougies-et-senteurs/parfum-d-ambiance-diffuseur-a-froid/83481-coffret-de-6-capsules-de-cire.html
82097-72435;1408576;10;20170130;https://www.jardiland.com/maison-deco/objets-de-decoration/bougies-et-senteurs/diffuseur-de-parfum-et-recharge/82097-coffret-bingo.html
81456-73533;1236393;10;20170130;https://www.jardiland.com/maison-deco/objets-de-decoration/bougies-et-senteurs/parfum-pour-le-linge/81456-brume-d-oreiller.html
70254-70254;1402883;10;20170130;https://www.jardiland.com/maison-deco/objets-de-decoration/bougies-et-senteurs/parfum-d-ambiance-diffuseur-a-froid/70254-bouquet-parfume-cube-zeste-de-verveine.html
81344-74720;1471683;10;20170130;https://www.jardiland.com/maison-deco/objets-de-decoration/bougies-et-senteurs/support-et-accessoires/81344-bougie-platinum-fade.html
81431-72934;1449139;10;20170130;https://www.jardiland.com/maison-deco/objets-de-decoration/bougies-et-senteurs/bougie-parfumee/81431-bougie-noix-de-coco-noire.html
81431-72913;1449141;10;20170130;https://www.jardiland.com/maison-deco/objets-de-decoration/bougies-et-senteurs/bougie-parfumee/81431-bougie-noix-de-coco-noire.html
81402-72937;1449127;10;20170130;https://www.jardiland.com/maison-deco/objets-de-decoration/bougies-et-senteurs/bougie-parfumee/81402-bougie-glace-d-ete.html
81172-72949;1449105;10;20170130;https://www.jardiland.com/maison-deco/objets-de-decoration/bougies-et-senteurs/bougie-parfumee/81172-bougie-framboise-rouge.html
82198-72358;1391718;10;20170130;https://www.jardiland.com/maison-deco/objets-de-decoration/bougies-et-senteurs/bougie-non-parfumee/82198-bougie-cylindrique-70-100-1.html
81624-72964;1457041;10;20170130;https://www.jardiland.com/maison-deco/objets-de-decoration/bougies-et-senteurs/bougie-non-parfumee/81624-bgie-cyl-metal-d60-h110cm.html
81624-72963;1457040;10;20170130;https://www.jardiland.com/maison-deco/objets-de-decoration/bougies-et-senteurs/bougie-non-parfumee/81624-bgie-cyl-metal-d60-h110cm.html
81627-72966;1457055;10;20170130;https://www.jardiland.com/maison-deco/objets-de-decoration/bougies-et-senteurs/bougie-non-parfumee/81627-bgie-cyl-metal-d50-h80cm.html
68491-68491;1455069;10;20170130;https://www.jardiland.com/maison-deco/objets-de-decoration/bougeoirs-photophores-et-lanternes/bougeoir-et-photophore-deco/68491-set-de-3-photophores-3-ast.html
70123-70123;1408830;10;20170130;https://www.jardiland.com/maison-deco/objets-de-decoration/bougeoirs-photophores-et-lanternes/bougeoir-et-photophore-deco/70123-plateau-rond-avec-photophore-24x24x12cm.html
69811-69811;1409977;10;20170130;https://www.jardiland.com/maison-deco/objets-de-decoration/bougeoirs-photophores-et-lanternes/bougeoir-et-photophore-deco/69811-photophore-verre-socle-bois-15x17cm.html
70136-70136;1408815;10;20170130;https://www.jardiland.com/maison-deco/objets-de-decoration/bougeoirs-photophores-et-lanternes/bougeoir-et-photophore-deco/70136-photophore-blanc-motif-etoile-2ast.html
70112-70112;1408844;10;20170130;https://www.jardiland.com/maison-deco/objets-de-decoration/bougeoirs-photophores-et-lanternes/bougeoir-et-photophore-deco/70112-photophore-arbre-metal-noir-40x36x58cm.html
70115-70115;1408841;10;20170130;https://www.jardiland.com/maison-deco/objets-de-decoration/bougeoirs-photophores-et-lanternes/lanterne/70115-lanterne-metal-cuivre-24x24x28cm.html
69200-69200;1432418;10;20170130;https://www.jardiland.com/maison-deco/objets-de-decoration/bougeoirs-photophores-et-lanternes/lanterne/69200-lanterne-carree-en-verre-20x20x34-3cm.html
69214-69214;1432393;10;20170130;https://www.jardiland.com/maison-deco/objets-de-decoration/bougeoirs-photophores-et-lanternes/bougeoir-et-photophore-deco/69214-bougeoir-papillon-noir-8-5x8-5x10cm.html
67638-67638;1475397;10;20170130;https://www.jardiland.com/animaux/oiseau-de-la-nature/mangeoire-et-distributeur/67638-station-d-alimentation-pour-oiseaux.html
67647-67647;1475387;10;20170130;https://www.jardiland.com/animaux/oiseau-de-la-nature/nichoir/67647-nichoir-pour-oiseaux-sauvages-h-24-cm.html
67640-67640;1475394;10;20170130;https://www.jardiland.com/animaux/oiseau-de-la-nature/nichoir/67640-nichoir-nature.html
67646-67646;1475388;10;20170130;https://www.jardiland.com/animaux/oiseau-de-la-nature/nichoir/67646-nichoir-entrees-multiples-pour-oiseaux-sauvages.html
67645-67645;1475389;10;20170130;https://www.jardiland.com/animaux/oiseau-de-la-nature/nichoir/67645-nichoir-a-oiseaux.html
67641-67641;1475393;10;20170130;https://www.jardiland.com/animaux/oiseau-de-la-nature/mangeoire-et-distributeur/67641-mangeoires-a-oiseaux-bleu.html
67644-67644;1475390;10;20170130;https://www.jardiland.com/animaux/oiseau-de-la-nature/mangeoire-et-distributeur/67644-mangeoire-pour-graines-rustique-h-18-cm.html
67642-67642;1475392;10;20170130;https://www.jardiland.com/animaux/oiseau-de-la-nature/mangeoire-et-distributeur/67642-mangeoire-a-oiseaux-vert.html
57743-62880;1398661;10;20170130;https://www.jardiland.com/animaux/oiseau-de-la-nature/mangeoire-et-distributeur/57743-distributeur-de-graines-flip-top.html
81734-73126;1455307;10;20170130;https://www.jardiland.com/animaux/reptiles-et-insectes/alimentation/boite-et-lyophilisee/81734-sera-reptil-pro-herbivor.html
81682-77089;1457815;10;20170130;https://www.jardiland.com/animaux/reptiles-et-insectes/alimentation/boite-et-lyophilisee/81682-sera-reptil-pro-carnivor.html
81789-77585;737348;10;20170130;https://www.jardiland.com/animaux/reptiles-et-insectes/alimentation/boite-et-lyophilisee/81789-nourriture-sauterelles-sauvages.html
81789-77584;737349;10;20170130;https://www.jardiland.com/animaux/reptiles-et-insectes/alimentation/boite-et-lyophilisee/81789-nourriture-sauterelles-sauvages.html
67191-67191;1486414;10;20170130;https://www.jardiland.com/animaux/reptiles-et-insectes/alimentation/complement-nutritionnel/67191-bloc-tortue-terrestre-xxl.html
67192-67192;1486413;10;20170130;https://www.jardiland.com/animaux/reptiles-et-insectes/alimentation/complement-nutritionnel/67192-bloc-calcium-dr-turtl.html
67138-67138;1487292;10;20170130;https://www.jardiland.com/animaux/oiseau/hygiene-et-soins/soin-de-l-animal/67138-pou-net-oiseaux-de-cage-100ml.html
68899-68899;1435357;10;20170130;https://www.jardiland.com/animaux/oiseau/hygiene-et-soins/soin-de-l-animal/68899-os-de-seiche-x2-avec-support.html
81917-72495;1402302;10;20170130;https://www.jardiland.com/animaux/oiseau/cages-volieres-et-accessoires/equipement-de-cage-et-voliere/81917-perchoir-droit-tyrol.html
81917-72486;1402303;10;20170130;https://www.jardiland.com/animaux/oiseau/cages-volieres-et-accessoires/equipement-de-cage-et-voliere/81917-perchoir-droit-tyrol.html
81924-72529;1402934;10;20170130;https://www.jardiland.com/animaux/oiseau/cages-volieres-et-accessoires/equipement-de-cage-et-voliere/81924-echelle-bois-et-corde.html
82679-76158;1477975;10;20170130;https://www.jardiland.com/animaux/oiseau/cages-volieres-et-accessoires/cage/82679-cage-oiseau-primo-40-twilight.html
82679-76136;1477976;10;20170130;https://www.jardiland.com/animaux/oiseau/cages-volieres-et-accessoires/cage/82679-cage-oiseau-primo-40-twilight.html
68879-68879;1436950;10;20170130;https://www.jardiland.com/animaux/oiseau/cages-volieres-et-accessoires/cage/68879-cage-camille-30-1.html
82404-75059;1468972;10;20170130;https://www.jardiland.com/animaux/oiseau/cages-volieres-et-accessoires/cage/82404-cage-arabesque-leonie.html
82397-75058;1468974;10;20170130;https://www.jardiland.com/animaux/oiseau/cages-volieres-et-accessoires/voliere/82397-cage-arabesque-jeanne.html
5064-5064;701419;10;20170130;https://www.jardiland.com/animaux/oiseau/cages-volieres-et-accessoires/cage/5064-cage-a-oiseaux-family-6-1.html
68382-68382;1457281;10;20170130;https://www.jardiland.com/animaux/oiseau/cages-volieres-et-accessoires/equipement-de-cage-et-voliere/68382-balle-tetines-24cm.html
68811-68811;1439347;10;20170130;https://www.jardiland.com/animaux/oiseau/alimentation-et-friandises/friandise/68811-prest-sp-perroquets-exotic-light750g.html
66869-66869;538537;10;20170130;https://www.jardiland.com/animaux/oiseau/alimentation-et-friandises/complement-nutritionnel/66869-orlux-gold-patee-colorante-250g.html
82541-73370;1440836;10;20170130;https://www.jardiland.com/animaux/oiseau/alimentation-et-friandises/friandise/82541-crunchy-stick-perruche.html
82541-73362;1440837;10;20170130;https://www.jardiland.com/animaux/oiseau/alimentation-et-friandises/friandise/82541-crunchy-stick-perruche.html
82541-73361;1440838;10;20170130;https://www.jardiland.com/animaux/oiseau/alimentation-et-friandises/friandise/82541-crunchy-stick-perruche.html
82540-73363;1440834;10;20170130;https://www.jardiland.com/animaux/oiseau/alimentation-et-friandises/friandise/82540-crunchy-stick-perroquet.html
82540-73360;1440833;10;20170130;https://www.jardiland.com/animaux/oiseau/alimentation-et-friandises/friandise/82540-crunchy-stick-perroquet.html
82538-73366;1440830;10;20170130;https://www.jardiland.com/animaux/oiseau/alimentation-et-friandises/friandise/82538-crunchy-stick-grande-perruche.html
82538-73365;1440831;10;20170130;https://www.jardiland.com/animaux/oiseau/alimentation-et-friandises/friandise/82538-crunchy-stick-grande-perruche.html
82536-73368;1440827;10;20170130;https://www.jardiland.com/animaux/oiseau/alimentation-et-friandises/friandise/82536-crunchy-stick-exotique.html
82536-73367;1440828;10;20170130;https://www.jardiland.com/animaux/oiseau/alimentation-et-friandises/friandise/82536-crunchy-stick-exotique.html
82522-73369;1440825;10;20170130;https://www.jardiland.com/animaux/oiseau/alimentation-et-friandises/friandise/82522-crunchy-stick-canari.html
82522-73364;1440823;10;20170130;https://www.jardiland.com/animaux/oiseau/alimentation-et-friandises/friandise/82522-crunchy-stick-canari.html
82522-73356;1440824;10;20170130;https://www.jardiland.com/animaux/oiseau/alimentation-et-friandises/friandise/82522-crunchy-stick-canari.html
81657-75652;1483563;10;20170130;https://www.jardiland.com/animaux/oiseau/alimentation-et-friandises/friandise/81657-crunchy-cake-oiseau-x6-1.html
81657-75651;1483564;10;20170130;https://www.jardiland.com/animaux/oiseau/alimentation-et-friandises/friandise/81657-crunchy-cake-oiseau-x6-1.html
81657-75650;1483565;10;20170130;https://www.jardiland.com/animaux/oiseau/alimentation-et-friandises/friandise/81657-crunchy-cake-oiseau-x6-1.html
67270-67270;1484387;10;20170130;https://www.jardiland.com/animaux/poisson/entretien-et-soins/produit-pour-l-eau/67270-jbl-starter-kit.html
68269-68269;1463240;10;20170130;https://www.jardiland.com/animaux/poisson/materiel-chauffage-filtres-et-pompes/aeration/68269-tuyau-a-air-cristal-2-5m.html
67516-67516;1478445;10;20170130;https://www.jardiland.com/animaux/poisson/materiel-chauffage-filtres-et-pompes/nettoyage-aquarium/67516-rapidcleaner-brosse-nettoyage.html
67514-67514;1478448;10;20170130;https://www.jardiland.com/animaux/poisson/materiel-chauffage-filtres-et-pompes/nettoyage-aquarium/67514-port-lame-rapidcleaner.html
68891-68891;1436795;10;20170130;https://www.jardiland.com/animaux/poisson/materiel-chauffage-filtres-et-pompes/filtre-interieur/68891-new-rena-superclean-20-1.html
81621-73026;1457277;10;20170130;https://www.jardiland.com/animaux/poisson/materiel-chauffage-filtres-et-pompes/aeration/81621-new-rena-air.html
81621-73025;1457276;10;20170130;https://www.jardiland.com/animaux/poisson/materiel-chauffage-filtres-et-pompes/aeration/81621-new-rena-air.html
81621-73024;1457275;10;20170130;https://www.jardiland.com/animaux/poisson/materiel-chauffage-filtres-et-pompes/aeration/81621-new-rena-air.html
68880-68880;1436811;10;20170130;https://www.jardiland.com/animaux/poisson/materiel-chauffage-filtres-et-pompes/masse-de-filtration/68880-mousse-90-120-30ppi.html
5594-5594;927409;10;20170130;https://www.jardiland.com/animaux/poisson/materiel-chauffage-filtres-et-pompes/masse-de-filtration/5594-jbl-clearmec.html
82830-75472;1481080;10;20170130;https://www.jardiland.com/animaux/poisson/materiel-chauffage-filtres-et-pompes/filtre-exterieur/82830-jard-tuyau-predecoupe-2-5m.html
82830-75470;1481079;10;20170130;https://www.jardiland.com/animaux/poisson/materiel-chauffage-filtres-et-pompes/filtre-exterieur/82830-jard-tuyau-predecoupe-2-5m.html
67312-67312;1481081;10;20170130;https://www.jardiland.com/animaux/poisson/materiel-chauffage-filtres-et-pompes/aeration/67312-jard-tuyau-aeration-3m.html
67605-67605;1476253;10;20170130;https://www.jardiland.com/animaux/poisson/materiel-chauffage-filtres-et-pompes/chauffage/67605-jard-thermometre-digital-exterieur.html
67548-67548;1477965;10;20170130;https://www.jardiland.com/animaux/poisson/materiel-chauffage-filtres-et-pompes/nettoyage-aquarium/67548-jard-siphon.html
67549-67549;1477960;10;20170130;https://www.jardiland.com/animaux/poisson/materiel-chauffage-filtres-et-pompes/aeration/67549-jard-repartiteur-2-sorties-x2-1.html
82766-74970;1473541;10;20170130;https://www.jardiland.com/animaux/poisson/materiel-chauffage-filtres-et-pompes/nettoyage-aquarium/82766-jard-epuisette-maille-fine.html
82481-75892;1475829;10;20170130;https://www.jardiland.com/animaux/poisson/materiel-chauffage-filtres-et-pompes/aeration/82481-jard-diffuseur-d-air-3cm.html
82481-75886;1475828;10;20170130;https://www.jardiland.com/animaux/poisson/materiel-chauffage-filtres-et-pompes/aeration/82481-jard-diffuseur-d-air-3cm.html
67606-67606;1476251;10;20170130;https://www.jardiland.com/animaux/poisson/materiel-chauffage-filtres-et-pompes/nettoyage-aquarium/67606-jard-aspirateur-a-piles.html
68886-68886;1436801;10;20170130;https://www.jardiland.com/animaux/poisson/materiel-chauffage-filtres-et-pompes/masse-de-filtration/68886-crystal-20-x6-1.html
81339-72810;1453022;10;20170130;https://www.jardiland.com/animaux/poisson/decoration-pour-aquarium/sable-et-autres-graviers/81339-quartz-fluo-pour-aquarium-1-kg.html
81339-72805;1453026;10;20170130;https://www.jardiland.com/animaux/poisson/decoration-pour-aquarium/sable-et-autres-graviers/81339-quartz-fluo-pour-aquarium-1-kg.html
81339-72804;1453023;10;20170130;https://www.jardiland.com/animaux/poisson/decoration-pour-aquarium/sable-et-autres-graviers/81339-quartz-fluo-pour-aquarium-1-kg.html
81339-72801;1453025;10;20170130;https://www.jardiland.com/animaux/poisson/decoration-pour-aquarium/sable-et-autres-graviers/81339-quartz-fluo-pour-aquarium-1-kg.html
32432-27122;867705;10;20170130;https://www.jardiland.com/animaux/poisson/decoration-pour-aquarium/sable-et-autres-graviers/32432-quartz-3-litres.html
67560-67560;1477810;10;20170130;https://www.jardiland.com/animaux/poisson/decoration-pour-aquarium/plante-artificielle/67560-massif-rond-colore-jaune.html
70209-70209;1407979;10;20170130;https://www.jardiland.com/animaux/poisson/decoration-pour-aquarium/plante-artificielle/70209-massif-mm-mauve.html
68171-68171;1464644;10;20170130;https://www.jardiland.com/animaux/poisson/decoration-pour-aquarium/decor-naturel/68171-mangrove-naturelle-xl.html
68258-68258;1463834;10;20170130;https://www.jardiland.com/animaux/poisson/decoration-pour-aquarium/decoration-d-aquarium/68258-liana-sm-75cm.html
68210-68210;1463835;10;20170130;https://www.jardiland.com/animaux/poisson/decoration-pour-aquarium/decoration-d-aquarium/68210-liana-ml-115cm.html
81331-72803;1453015;10;20170130;https://www.jardiland.com/animaux/poisson/decoration-pour-aquarium/sable-et-autres-graviers/81331-jard-quartz-deco-1kg.html
67562-67562;1477808;10;20170130;https://www.jardiland.com/animaux/poisson/decoration-pour-aquarium/plante-artificielle/67562-herbe-mm-ass.html
72039-72039;1014825;10;20170130;https://www.jardiland.com/animaux/poisson/decoration-pour-aquarium/plante-artificielle/72039-feuillage-mm-2-brins-bambou.html
68207-68207;1463838;10;20170130;https://www.jardiland.com/animaux/poisson/decoration-pour-aquarium/decoration-d-aquarium/68207-decor-treasure-case-l.html
68977-68977;1463805;10;20170130;https://www.jardiland.com/animaux/poisson/decoration-pour-aquarium/decoration-d-aquarium/68977-decor-sailor-ship-2-1.html
68978-68978;1463804;10;20170130;https://www.jardiland.com/animaux/poisson/decoration-pour-aquarium/decoration-d-aquarium/68978-decor-sailor-ship-1-1.html
1309-1309;1304936;10;20170130;https://www.jardiland.com/animaux/poisson/decoration-pour-aquarium/decoration-d-aquarium/1309-decor-pour-aquarium-zen-garden.html
68262-68262;1463830;10;20170130;https://www.jardiland.com/animaux/poisson/decoration-pour-aquarium/decoration-d-aquarium/68262-decor-pirate-skull-head-crack.html
68263-68263;1463829;10;20170130;https://www.jardiland.com/animaux/poisson/decoration-pour-aquarium/decoration-d-aquarium/68263-decor-pirate-skull-eye-patch.html
68968-68968;1463816;10;20170130;https://www.jardiland.com/animaux/poisson/decoration-pour-aquarium/decoration-d-aquarium/68968-decor-lady-liberty-small.html
68265-68265;1463817;10;20170130;https://www.jardiland.com/animaux/poisson/decoration-pour-aquarium/decoration-d-aquarium/68265-decor-lady-liberty-large.html
67552-67552;1477828;10;20170130;https://www.jardiland.com/animaux/poisson/decoration-pour-aquarium/plante-artificielle/67552-decor-fluo.html
67551-67551;1477829;10;20170130;https://www.jardiland.com/animaux/poisson/decoration-pour-aquarium/plante-artificielle/67551-decor-ecrevisse.html
68208-68208;1463837;10;20170130;https://www.jardiland.com/animaux/poisson/decoration-pour-aquarium/decoration-d-aquarium/68208-decor-diver-s.html
68187-68187;1463864;10;20170130;https://www.jardiland.com/animaux/poisson/decoration-pour-aquarium/decoration-d-aquarium/68187-decor-crocodile-head-s.html
68196-68196;1463853;10;20170130;https://www.jardiland.com/animaux/poisson/decoration-pour-aquarium/decor-enfant/68196-decor-coral-module-m2-1.html
68259-68259;1463833;10;20170130;https://www.jardiland.com/animaux/poisson/decoration-pour-aquarium/decoration-d-aquarium/68259-decor-carabao-skull-xs.html
68971-68971;1463813;10;20170130;https://www.jardiland.com/animaux/poisson/decoration-pour-aquarium/decoration-d-aquarium/68971-decor-buddha-medium.html
68203-68203;1463843;10;20170130;https://www.jardiland.com/animaux/poisson/decoration-pour-aquarium/decoration-d-aquarium/68203-decor-angkor-wat.html
68636-68636;1453945;10;20170130;https://www.jardiland.com/animaux/poisson/decoration-pour-aquarium/plante-artificielle/68636-decor-algue-mm-assortis.html
67557-67557;1477820;10;20170130;https://www.jardiland.com/animaux/poisson/decoration-pour-aquarium/plante-artificielle/67557-buisson-fleur-blanc.html
68637-68637;1453943;10;20170130;https://www.jardiland.com/animaux/poisson/decoration-pour-aquarium/plante-artificielle/68637-arbre-tgm-assortis.html
68377-68377;1457781;10;20170130;https://www.jardiland.com/animaux/poisson/aquariums/aquarium-pour-poisson-d-eau-chaude/68377-tetra-starter-line-led-54l.html
81365-75502;1480246;10;20170130;https://www.jardiland.com/animaux/poisson/aquariums/aquarium-decoratif/81365-tetra-betta-projector.html
67126-67126;1487813;10;20170130;https://www.jardiland.com/animaux/poisson/aquariums/aquarium-pour-poisson-d-eau-froide/67126-kit-nanolife-kidz-blanc-35-1.html
65034-65011;1487307;10;20170130;https://www.jardiland.com/animaux/poisson/aquariums/aquarium-pour-poisson-d-eau-chaude/65034-aquarium-led-confort-60-1.html
65031-78987;1487298;10;20170130;https://www.jardiland.com/animaux/poisson/aquariums/aquarium-pour-poisson-d-eau-froide/65031-aquarium-inwa-start40-pack-pur.html
32365-8129;1256378;10;20170130;https://www.jardiland.com/animaux/poisson/alimentation/pour-poisson-d-eau-froide/32365-api-japan-goldfish-granules.html
52608-52608;1448422;10;20170130;https://www.jardiland.com/animaux/basse-cour/poulaillers-clapiers-et-accessoires/mangeoire-et-abreuvoir/52608-mangeoire-volailles-lineaire-pvc.html
81916-76505;1465573;10;20170130;https://www.jardiland.com/animaux/chat/colliers-laisses-et-harnais/laisse/81916-laisse-chat-sardine-1m.html
81916-76503;1465574;10;20170130;https://www.jardiland.com/animaux/chat/colliers-laisses-et-harnais/laisse/81916-laisse-chat-sardine-1m.html
81916-76486;1465575;10;20170130;https://www.jardiland.com/animaux/chat/colliers-laisses-et-harnais/laisse/81916-laisse-chat-sardine-1m.html
81826-76502;1465563;10;20170130;https://www.jardiland.com/animaux/chat/colliers-laisses-et-harnais/laisse/81826-laisse-chat-ladycat-1m.html
81826-76501;1465562;10;20170130;https://www.jardiland.com/animaux/chat/colliers-laisses-et-harnais/laisse/81826-laisse-chat-ladycat-1m.html
81826-76500;1465561;10;20170130;https://www.jardiland.com/animaux/chat/colliers-laisses-et-harnais/laisse/81826-laisse-chat-ladycat-1m.html
82339-72294;1401265;10;20170130;https://www.jardiland.com/animaux/chat/colliers-laisses-et-harnais/harnais/82339-harnais-laisse-reflecto.html
82337-72297;1401261;10;20170130;https://www.jardiland.com/animaux/chat/colliers-laisses-et-harnais/harnais/82337-harnais-laisse-chat-kiddy.html
82337-72296;1401262;10;20170130;https://www.jardiland.com/animaux/chat/colliers-laisses-et-harnais/harnais/82337-harnais-laisse-chat-kiddy.html
81914-76489;1465579;10;20170130;https://www.jardiland.com/animaux/chat/colliers-laisses-et-harnais/harnais/81914-harnais-chat-sardine-10mm.html
81914-76488;1465578;10;20170130;https://www.jardiland.com/animaux/chat/colliers-laisses-et-harnais/harnais/81914-harnais-chat-sardine-10mm.html
81923-76510;1465565;10;20170130;https://www.jardiland.com/animaux/chat/colliers-laisses-et-harnais/harnais/81923-harnais-chat-ladycat-10mm.html
81923-76506;1465567;10;20170130;https://www.jardiland.com/animaux/chat/colliers-laisses-et-harnais/harnais/81923-harnais-chat-ladycat-10mm.html
82336-72308;1401250;10;20170130;https://www.jardiland.com/animaux/chat/colliers-laisses-et-harnais/collier/82336-collier-chat-reflecto.html
81830-76594;1465558;10;20170130;https://www.jardiland.com/animaux/chat/colliers-laisses-et-harnais/collier/81830-collier-chat-ladycat-30cm.html
81830-76593;1465557;10;20170130;https://www.jardiland.com/animaux/chat/colliers-laisses-et-harnais/collier/81830-collier-chat-ladycat-30cm.html
82275-72287;1401228;10;20170130;https://www.jardiland.com/animaux/chat/colliers-laisses-et-harnais/collier/82275-collier-chat-fancycat.html
82592-73383;1245703;10;20170130;https://www.jardiland.com/animaux/chat/colliers-laisses-et-harnais/collier/82592-collier-chat-elastic.html
82602-73639;1253598;10;20170130;https://www.jardiland.com/animaux/chat/colliers-laisses-et-harnais/collier/82602-collier-chat-basic-line-nylon.html
70536-70536;1394709;10;20170130;https://www.jardiland.com/animaux/chat/coussins-et-paniers-de-transport/coussin-et-corbeille-pour-chat/70536-bucket-deluxe-theme-40x25-cm.html
67506-67506;1478483;10;20170130;https://www.jardiland.com/animaux/chat/jeux-et-jouets/67506-pointeur-laser-pour-chat-tyrol.html
67634-67634;1475535;10;20170130;https://www.jardiland.com/animaux/chat/jeux-et-jouets/67634-jouet-mad-cap-stand-up-mouse.html
67633-67633;1475536;10;20170130;https://www.jardiland.com/animaux/chat/jeux-et-jouets/67633-jouet-mad-cap-frog-fly.html
67635-67635;1475534;10;20170130;https://www.jardiland.com/animaux/chat/jeux-et-jouets/67635-jouet-jingle-and-roll.html
69473-69473;1418531;10;20170130;https://www.jardiland.com/animaux/chat/jeux-et-jouets/69473-canne-a-peche-rumy-55-cm.html
68782-68782;1440201;10;20170130;https://www.jardiland.com/animaux/chat/jeux-et-jouets/68782-canne-a-peche-40cm.html
68378-68378;1457712;10;20170130;https://www.jardiland.com/animaux/chat/jeux-et-jouets/68378-bobine-de-laine-balle.html
83482-79348;1485910;10;20170130;https://www.jardiland.com/animaux/chat/arbres-a-chat-et-griffoirs/griffoir/83482-tapis-griffoir-poisson-wouapy-55x31cm.html
83482-79347;1485911;10;20170130;https://www.jardiland.com/animaux/chat/arbres-a-chat-et-griffoirs/griffoir/83482-tapis-griffoir-poisson-wouapy-55x31cm.html
82466-73338;1440191;10;20170130;https://www.jardiland.com/animaux/chat/arbres-a-chat-et-griffoirs/griffoir/82466-griffoir-en-carton-49x22x8cm.html
82466-73308;1440190;10;20170130;https://www.jardiland.com/animaux/chat/arbres-a-chat-et-griffoirs/griffoir/82466-griffoir-en-carton-49x22x8cm.html
82468-73358;1440194;10;20170130;https://www.jardiland.com/animaux/chat/arbres-a-chat-et-griffoirs/griffoir/82468-griffoir-en-carton-46x22x20cm.html
82468-73357;1440193;10;20170130;https://www.jardiland.com/animaux/chat/arbres-a-chat-et-griffoirs/griffoir/82468-griffoir-en-carton-46x22x20cm.html
82753-74878;1473416;10;20170130;https://www.jardiland.com/animaux/chat/arbres-a-chat-et-griffoirs/arbre-a-chat/82753-arbre-a-chat-adelaide.html
67628-67628;1475667;10;20170130;https://www.jardiland.com/animaux/chat/hygiene-soins-et-litieres/soin-de-toilettage/67628-shampoing-aux-extraits-de-bouleau-250ml.html
46098-44157;1437312;10;20170130;https://www.jardiland.com/animaux/chat/hygiene-soins-et-litieres/bac-a-litiere-et-maison-de-toilette/46098-maison-de-toilette-nestor-twilight.html
1178-1178;1282123;10;20170130;https://www.jardiland.com/animaux/chat/hygiene-soins-et-litieres/bac-a-litiere-et-maison-de-toilette/1178-maison-de-toilette-catsline-nature.html
69470-69470;1418908;10;20170130;https://www.jardiland.com/animaux/chat/hygiene-soins-et-litieres/soins-pour-chat/69470-feliway-recharge-48ml.html
81170-73161;1438355;10;20170130;https://www.jardiland.com/animaux/chat/hygiene-soins-et-litieres/soins-pour-chat/81170-bogadent-plaque-stop-chips-cat-50g.html
81279-73162;1438356;10;20170130;https://www.jardiland.com/animaux/chat/hygiene-soins-et-litieres/soins-pour-chat/81279-bogadent-dental-enzyme-chips-cat-50g.html
68773-68773;1440605;10;20170130;https://www.jardiland.com/animaux/chat/alimentation-et-friandises/boite-et-sachet-fraicheur/68773-wet-kitten-instinctive-sauce-6x85g-promo.html
62908-74375;1318616;10;20170130;https://www.jardiland.com/animaux/chat/alimentation-et-friandises/boite-et-sachet-fraicheur/62908-sterilised-cat-sachet-repas-85g.html
62908-74374;1318615;10;20170130;https://www.jardiland.com/animaux/chat/alimentation-et-friandises/boite-et-sachet-fraicheur/62908-sterilised-cat-sachet-repas-85g.html
62895-62858;1439155;10;20170130;https://www.jardiland.com/animaux/chat/alimentation-et-friandises/boite-et-sachet-fraicheur/62895-schesir-patee-pour-chats-70-g.html
31704-41395;1424803;10;20170130;https://www.jardiland.com/animaux/chat/alimentation-et-friandises/croquette-pour-chat/31704-friskies-chat.html
82905-73163;1437836;10;20170130;https://www.jardiland.com/animaux/rongeurs-et-petits-mammiferes/jouets-et-exercices/roue-tube-et-autres-accessoires-de-jeux/82905-balle-avec-clochette.html
68900-68900;1435238;10;20170130;https://www.jardiland.com/animaux/rongeurs-et-petits-mammiferes/habitats-cages-et-accessoires/cage/68900-cage-billy-metro.html
82793-74377;1319277;10;20170130;https://www.jardiland.com/animaux/rongeurs-et-petits-mammiferes/aliments-et-friandises/alimentation-quotidienne/82793-selective-cochon-d-inde.html
82833-75808;1481463;10;20170130;https://www.jardiland.com/animaux/rongeurs-et-petits-mammiferes/aliments-et-friandises/alimentation-quotidienne/82833-cuni-complete-junior.html
82833-75807;1481464;10;20170130;https://www.jardiland.com/animaux/rongeurs-et-petits-mammiferes/aliments-et-friandises/alimentation-quotidienne/82833-cuni-complete-junior.html
82747-74794;1474197;10;20170130;https://www.jardiland.com/animaux/rongeurs-et-petits-mammiferes/aliments-et-friandises/friandise/82747-crunchy-pearls-45g.html
82747-74788;1474195;10;20170130;https://www.jardiland.com/animaux/rongeurs-et-petits-mammiferes/aliments-et-friandises/friandise/82747-crunchy-pearls-45g.html
58005-58005;1441559;10;20170130;https://www.jardiland.com/animaux/chien/soins-antiparasitaires/antiparasitaire-pour-l-habitat/58005-spray-insectifuge-de-l-habitat.html
67952-67952;1472492;10;20170130;https://www.jardiland.com/animaux/chien/soins-antiparasitaires/accessoires-antiparasitaires/67952-peigne-plastique-a-puce.html
67625-67625;1475842;10;20170130;https://www.jardiland.com/animaux/chien/hygiene-et-soins/soin-de-toilettage/67625-slicker-metal-medium.html
67629-67629;1475666;10;20170130;https://www.jardiland.com/animaux/chien/hygiene-et-soins/soin-de-toilettage/67629-shampoing-huile-d-amande-douce-250ml.html
70289-70289;1398797;10;20170130;https://www.jardiland.com/animaux/chien/hygiene-et-soins/soin-de-toilettage/70289-jd-brosse-de-massage.html
67526-67526;1478164;10;20170130;https://www.jardiland.com/animaux/chien/hygiene-et-soins/hygiene-et-soin/67526-dentifrice-en-poudre-70g.html
68136-68136;1467889;10;20170130;https://www.jardiland.com/animaux/chien/hygiene-et-soins/soin-de-toilettage/68136-brosse-plastique-douce-small.html
65623-65623;919929;10;20170130;https://www.jardiland.com/animaux/chien/colliers-laisses-et-vetements/accessoires/65623-recharge-bonton.html
81692-78748;838671;10;20170130;https://www.jardiland.com/animaux/chien/colliers-laisses-et-vetements/accessoires/81692-museliere-halti.html
81692-78746;838673;10;20170130;https://www.jardiland.com/animaux/chien/colliers-laisses-et-vetements/accessoires/81692-museliere-halti.html
81692-73261;1443511;10;20170130;https://www.jardiland.com/animaux/chien/colliers-laisses-et-vetements/accessoires/81692-museliere-halti.html
50833-50546;1434705;10;20170130;https://www.jardiland.com/animaux/chien/colliers-laisses-et-vetements/laisse-pour-chien/50833-laisse-nylon-corde-lasso.html
81311-76811;1460838;10;20170130;https://www.jardiland.com/animaux/chien/colliers-laisses-et-vetements/harnais/81311-harnais-julius-k9-1.html
83584-77642;739379;10;20170130;https://www.jardiland.com/animaux/chien/colliers-laisses-et-vetements/collier-pour-chien/83584-collier-nylon-reglable.html
83584-77639;739373;10;20170130;https://www.jardiland.com/animaux/chien/colliers-laisses-et-vetements/collier-pour-chien/83584-collier-nylon-reglable.html
83584-77629;739383;10;20170130;https://www.jardiland.com/animaux/chien/colliers-laisses-et-vetements/collier-pour-chien/83584-collier-nylon-reglable.html
83584-77628;739377;10;20170130;https://www.jardiland.com/animaux/chien/colliers-laisses-et-vetements/collier-pour-chien/83584-collier-nylon-reglable.html
83584-77618;739369;10;20170130;https://www.jardiland.com/animaux/chien/colliers-laisses-et-vetements/collier-pour-chien/83584-collier-nylon-reglable.html
83584-77614;739367;10;20170130;https://www.jardiland.com/animaux/chien/colliers-laisses-et-vetements/collier-pour-chien/83584-collier-nylon-reglable.html
54386-56071;1434630;10;20170130;https://www.jardiland.com/animaux/chien/colliers-laisses-et-vetements/collier-pour-chien/54386-collier-nylon.html
81765-80668;901345;10;20170130;https://www.jardiland.com/animaux/chien/colliers-laisses-et-vetements/collier-pour-chien/81765-collier-metal-etrangleur-simple.html
32041-12230;1380437;10;20170130;https://www.jardiland.com/animaux/chien/colliers-laisses-et-vetements/collier-pour-chien/32041-collier-lumineux-pour-chien-s.html
32043-12255;1380443;10;20170130;https://www.jardiland.com/animaux/chien/colliers-laisses-et-vetements/collier-pour-chien/32043-collier-lumineux-pour-chien-l.html
81785-81157;970129;10;20170130;https://www.jardiland.com/animaux/chien/colliers-laisses-et-vetements/collier-pour-chien/81785-collier-etrangleur-metal.html
68293-68293;1462427;10;20170130;https://www.jardiland.com/animaux/chien/jeux-et-jouets/jouet-en-caoutchouc-et-latex/68293-rugby-bumper-10-cm.html
67261-67261;1484906;10;20170130;https://www.jardiland.com/animaux/chien/jeux-et-jouets/autres-jouets/67261-pointeur-laser-chien-2in1-spot.html
82548-76238;1478388;10;20170130;https://www.jardiland.com/animaux/chien/jeux-et-jouets/autres-jouets/82548-kong-marathon-bone-european.html
81641-75764;1483776;10;20170130;https://www.jardiland.com/animaux/chien/jeux-et-jouets/autres-jouets/81641-jouet-tpr-tetine-pop.html
68182-68182;1464408;10;20170130;https://www.jardiland.com/animaux/chien/niches-couchage-et-transport/coussin-et-matelas/68182-matelas-dehoussable-bleu-70x45x6cm.html
68172-68172;1464424;10;20170130;https://www.jardiland.com/animaux/chien/niches-couchage-et-transport/coussin-et-matelas/68172-matelas-bimatiere-ecossais-marron85x55x8-1.html
68173-68173;1464422;10;20170130;https://www.jardiland.com/animaux/chien/niches-couchage-et-transport/coussin-et-matelas/68173-matelas-bimatiere-ecossais-marron70x45x6-1.html
68734-68734;1442039;10;20170130;https://www.jardiland.com/animaux/chien/niches-couchage-et-transport/tapis/68734-igloo-peluche.html
82612-79356;1485194;10;20170130;https://www.jardiland.com/animaux/chien/niches-couchage-et-transport/corbeille/82612-corbeille-snooze.html
82612-76217;1478596;10;20170130;https://www.jardiland.com/animaux/chien/niches-couchage-et-transport/corbeille/82612-corbeille-snooze.html
50903-41355;1402296;10;20170130;https://www.jardiland.com/animaux/chien/niches-couchage-et-transport/corbeille/50903-corbeille-pour-chien-petra.html
65030-65009;1485052;10;20170130;https://www.jardiland.com/animaux/chien/alimentation-et-friandises/biscuit/65030-petits-fourres-au-saumon-et-aux-algues-400-g.html
65030-64990;1485055;10;20170130;https://www.jardiland.com/animaux/chien/alimentation-et-friandises/biscuit/65030-petits-fourres-au-saumon-et-aux-algues-400-g.html
68820-68820;1438871;10;20170130;https://www.jardiland.com/animaux/chien/alimentation-et-friandises/biscuit/68820-pedigree-sa-recompense-bouchee-moel-130g.html
31990-7077;1209703;10;20170130;https://www.jardiland.com/animaux/chien/alimentation-et-friandises/os-a-macher/31990-os-presses.html
31990-7064;1209676;10;20170130;https://www.jardiland.com/animaux/chien/alimentation-et-friandises/os-a-macher/31990-os-presses.html
31984-7075;1209698;10;20170130;https://www.jardiland.com/animaux/chien/alimentation-et-friandises/friandise-bucco-dentaire/31984-os-au-fluor.html
70618-70618;1390051;10;20170130;https://www.jardiland.com/animaux/chien/alimentation-et-friandises/friandise-bucco-dentaire/70618-greenies-regular-x6-mini-pack-170g.html
65029-65008;1485045;10;20170130;https://www.jardiland.com/animaux/chien/alimentation-et-friandises/biscuit/65029-friandises-macarons-pour-chiens.html
65029-65007;1485044;10;20170130;https://www.jardiland.com/animaux/chien/alimentation-et-friandises/biscuit/65029-friandises-macarons-pour-chiens.html
82663-76126;1478196;10;20170130;https://www.jardiland.com/animaux/chien/alimentation-et-friandises/os-a-macher/82663-friandise-mini-bones-150-g.html
83505-79550;1486143;10;20170130;https://www.jardiland.com/animaux/chien/alimentation-et-friandises/os-a-macher/83505-feedeez-os-presse.html
82284-75390;1469342;10;20170130;https://www.jardiland.com/animaux/chien/alimentation-et-friandises/biscuit/82284-feedeez-oreilles-porc.html
293-293;1017118;10;20170130;https://www.jardiland.com/animaux/chien/alimentation-et-friandises/biscuit/293-biscuits-pour-chien.html
67957-67957;1472314;10;20170130;https://www.jardiland.com/animaux/chien/alimentation-et-friandises/os-a-macher/67957-ava-os-noue-11cm-x2-1.html
68318-68318;1460778;10;20170130;https://www.jardiland.com/animaux/chien/alimentation-et-friandises/biscuit/68318-ava-batonnets-tors-7-8mm-x25-1.html
81801-77889;640025;10;20170130;https://www.jardiland.com/amenagement-du-jardin/bassins-et-jardin-aquatique/materiel/81801-tuyau-annele.html
68741-68741;1441353;10;20170130;https://www.jardiland.com/amenagement-du-jardin/decorations/statues-et-figurines/68741-tete-bouddha-ton-patine-he-42-cm.html
71982-71982;1017553;10;20170130;https://www.jardiland.com/amenagement-du-jardin/decorations/statues-et-figurines/71982-chien-dans-pot-13-7-x-13-4-x-12-3cm.html
70855-70855;1354605;10;20170130;https://www.jardiland.com/amenagement-du-jardin/decorations/statues-et-figurines/70855-bebe-phoque-22-cm.html
66157-66157;800459;10;20170130;https://www.jardiland.com/amenagement-du-jardin/pots-bacs-jardinieres-et-supports/tuteurs-et-supports-de-plante/support-pour-pot-et-balconniere/66157-support-pot-tete-lion-marron-27x14x16-1.html
65699-65699;911267;10;20170130;https://www.jardiland.com/amenagement-du-jardin/pots-bacs-jardinieres-et-supports/autres-pots-et-jardinieres/pot-et-jardiniere-en-metal/65699-pot-carre-zinc-vert-24-x24x24-1.html
65697-65697;911270;10;20170130;https://www.jardiland.com/amenagement-du-jardin/pots-bacs-jardinieres-et-supports/autres-pots-et-jardinieres/pot-et-jardiniere-en-metal/65697-pot-carre-zinc-bleu-24-x24x24-1.html
81479-80902;972824;10;20170130;https://www.jardiland.com/amenagement-du-jardin/pots-bacs-jardinieres-et-supports/en-email/81479-soucoupe-deco.html
40521-62802;1486058;10;20170130;https://www.jardiland.com/amenagement-du-jardin/pots-bacs-jardinieres-et-supports/en-email/40521-pot-en-email-pessac.html
40521-62801;1486057;10;20170130;https://www.jardiland.com/amenagement-du-jardin/pots-bacs-jardinieres-et-supports/en-email/40521-pot-en-email-pessac.html
40521-62800;1486056;10;20170130;https://www.jardiland.com/amenagement-du-jardin/pots-bacs-jardinieres-et-supports/en-email/40521-pot-en-email-pessac.html
40521-62799;1486055;10;20170130;https://www.jardiland.com/amenagement-du-jardin/pots-bacs-jardinieres-et-supports/en-email/40521-pot-en-email-pessac.html
40521-62798;1486054;10;20170130;https://www.jardiland.com/amenagement-du-jardin/pots-bacs-jardinieres-et-supports/en-email/40521-pot-en-email-pessac.html
40521-62797;1486061;10;20170130;https://www.jardiland.com/amenagement-du-jardin/pots-bacs-jardinieres-et-supports/en-email/40521-pot-en-email-pessac.html
40521-62796;1486059;10;20170130;https://www.jardiland.com/amenagement-du-jardin/pots-bacs-jardinieres-et-supports/en-email/40521-pot-en-email-pessac.html
40521-62795;1486060;10;20170130;https://www.jardiland.com/amenagement-du-jardin/pots-bacs-jardinieres-et-supports/en-email/40521-pot-en-email-pessac.html
81604-80918;972399;10;20170130;https://www.jardiland.com/amenagement-du-jardin/pots-bacs-jardinieres-et-supports/en-email/81604-blagnac-d34cm-t-cannelle.html
68019-68019;1471215;10;20170130;https://www.jardiland.com/amenagement-du-jardin/pots-bacs-jardinieres-et-supports/en-fibre/68019-pot-rectangulaire-strie-noir-74-litres.html
68021-68021;1471213;10;20170130;https://www.jardiland.com/amenagement-du-jardin/pots-bacs-jardinieres-et-supports/en-fibre/68021-pot-rectangulaire-strie-ivoire-74-litres.html
68022-68022;1471212;10;20170130;https://www.jardiland.com/amenagement-du-jardin/pots-bacs-jardinieres-et-supports/en-fibre/68022-pot-rectangulaire-strie-ivoire-39-litres.html
69770-69770;1415397;10;20170130;https://www.jardiland.com/amenagement-du-jardin/pots-bacs-jardinieres-et-supports/en-fibre/69770-pot-oeuf-strie-noir-14-litres.html
69030-69030;1433790;10;20170130;https://www.jardiland.com/amenagement-du-jardin/pots-bacs-jardinieres-et-supports/en-terre-cuite/69030-pot-blush-assorti-45-h45cm.html
82786-73235;1430012;10;20170130;https://www.jardiland.com/amenagement-du-jardin/pots-bacs-jardinieres-et-supports/en-plastique/82786-soucoupe-jard-granromeo.html
82758-75373;1469459;10;20170130;https://www.jardiland.com/amenagement-du-jardin/pots-bacs-jardinieres-et-supports/en-plastique/82758-jardiniere-romeo.html
82758-75370;1469457;10;20170130;https://www.jardiland.com/amenagement-du-jardin/pots-bacs-jardinieres-et-supports/en-plastique/82758-jardiniere-romeo.html
82758-75369;1469462;10;20170130;https://www.jardiland.com/amenagement-du-jardin/pots-bacs-jardinieres-et-supports/en-plastique/82758-jardiniere-romeo.html
66093-66093;802713;10;20170130;https://www.jardiland.com/amenagement-du-jardin/amenagement/bordures/66093-bordure-alizee-49x14x9-1.html
81714-79904;572321;10;20170130;https://www.jardiland.com/amenagement-du-jardin/amenagement/clotures-et-palissades/81714-tripl-tors-plast-vt-mail25-h50cm.html
81715-79903;572349;10;20170130;https://www.jardiland.com/amenagement-du-jardin/amenagement/clotures-et-palissades/81715-grillage-mail-carr-pla-25mm-h100cm.html
65915-65915;858235;10;20170130;https://www.jardiland.com/amenagement-du-jardin/barbecues-cuisine-exterieur/autres/accessoires-de-barbecue/65915-spatule-43-cm-manche-tourne.html
71950-71950;1018757;10;20170130;https://www.jardiland.com/amenagement-du-jardin/barbecues-cuisine-exterieur/autres/accessoires-de-barbecue/71950-set-gourmet.html
68124-68124;1469800;10;20170130;https://www.jardiland.com/amenagement-du-jardin/barbecues-cuisine-exterieur/autres/accessoires-de-barbecue/68124-poele-pour-chataignes.html
69301-69301;1430904;10;20170130;https://www.jardiland.com/amenagement-du-jardin/barbecues-cuisine-exterieur/autres/accessoires-de-barbecue/69301-plancha-pour-texas-carex.html
65916-65916;858232;10;20170130;https://www.jardiland.com/amenagement-du-jardin/barbecues-cuisine-exterieur/autres/accessoires-de-barbecue/65916-pince-a-viande-acier-chrome.html
69278-69278;1430929;10;20170130;https://www.jardiland.com/amenagement-du-jardin/barbecues-cuisine-exterieur/autres/accessoires-de-barbecue/69278-fourchette-inox-44-cm-manche-soft-touch.html
65914-65914;858236;10;20170130;https://www.jardiland.com/amenagement-du-jardin/barbecues-cuisine-exterieur/autres/accessoires-de-barbecue/65914-fourchette-43-cm-manche-tourne.html
71008-71008;1350642;10;20170130;https://www.jardiland.com/amenagement-du-jardin/barbecues-cuisine-exterieur/autres/accessoires-de-barbecue/71008-flexible-butane-propane-1-5-m.html
70698-70698;1379167;10;20170130;https://www.jardiland.com/amenagement-du-jardin/barbecues-cuisine-exterieur/autres/accessoires-de-barbecue/70698-detendeur-twiny-butane-ac-tetine-blister.html
71006-71006;1350644;10;20170130;https://www.jardiland.com/amenagement-du-jardin/barbecues-cuisine-exterieur/autres/accessoires-de-barbecue/71006-detendeur-propane.html
71007-71007;1350643;10;20170130;https://www.jardiland.com/amenagement-du-jardin/barbecues-cuisine-exterieur/autres/accessoires-de-barbecue/71007-detendeur-butane-avec-tetine.html
71005-71005;1350669;10;20170130;https://www.jardiland.com/amenagement-du-jardin/barbecues-cuisine-exterieur/autres/accessoires-de-barbecue/71005-desserte-grand-modele.html
68123-68123;1469801;10;20170130;https://www.jardiland.com/amenagement-du-jardin/barbecues-cuisine-exterieur/autres/accessoires-de-barbecue/68123-casserole-pour-pop-corn.html
66785-66785;566383;10;20170130;https://www.jardiland.com/amenagement-du-jardin/barbecues-cuisine-exterieur/autres/accessoires-de-barbecue/66785-brochette-bambou-l25-cm-x100-1.html
69758-69758;1415673;10;20170130;https://www.jardiland.com/amenagement-du-jardin/barbecues-cuisine-exterieur/autres/accessoires-de-barbecue/69758-barbecue-cleaner.html
66232-66232;728875;10;20170130;https://www.jardiland.com/amenagement-du-jardin/eclairage-et-chauffage-d-exterieur/bougies-d-exterieur/66232-spirales-anti-moustique-x10-1.html
66233-66233;728874;10;20170130;https://www.jardiland.com/amenagement-du-jardin/eclairage-et-chauffage-d-exterieur/bougies-d-exterieur/66233-spirale-citronnelle.html
70361-70361;1397151;10;20170130;https://www.jardiland.com/amenagement-du-jardin/eclairage-et-chauffage-d-exterieur/bougies-d-exterieur/70361-led-lanterne-4-col-ext-blc-chd-90cm-1l.html
68913-68913;1434294;10;20170130;https://www.jardiland.com/amenagement-du-jardin/eclairage-et-chauffage-d-exterieur/eclairage-solaire/68913-led-solaire-jardin-inox-display.html
68911-68911;1434297;10;20170130;https://www.jardiland.com/amenagement-du-jardin/eclairage-et-chauffage-d-exterieur/eclairage-solaire/68911-led-solaire-animaux-2ass-p-ext.html
70709-70709;1377073;10;20170130;https://www.jardiland.com/amenagement-du-jardin/eclairage-et-chauffage-d-exterieur/eclairage-solaire/70709-lampes-chiens.html
68920-68920;1434276;10;20170130;https://www.jardiland.com/amenagement-du-jardin/eclairage-et-chauffage-d-exterieur/eclairage-solaire/68920-guirlande-led-bocal-70cm-15l.html
70531-70531;1394843;10;20170130;https://www.jardiland.com/amenagement-du-jardin/parasols-tonnelles-et-voiles-d-ombrage/parasols-et-accessoires/parasol-en-metal/70531-parasol-rect-210x150-mat-29-32-pampelona.html
70532-70532;1394842;10;20170130;https://www.jardiland.com/amenagement-du-jardin/parasols-tonnelles-et-voiles-d-ombrage/parasols-et-accessoires/parasol-en-metal/70532-parasol-diam-240-mat-29-32-alu-pampelona.html
70295-70295;1398447;10;20170130;https://www.jardiland.com/amenagement-du-jardin/mobilier-de-jardin/accessoires-coussins-et-entretien/entretien-lasure-et-accessoires/70295-lait-protecteur-bois-5l.html
70292-70292;1398451;10;20170130;https://www.jardiland.com/amenagement-du-jardin/mobilier-de-jardin/accessoires-coussins-et-entretien/entretien-lasure-et-accessoires/70292-huile-protectrice-teck-bois-2-5l.html
36694-36694;1432322;10;20170130;https://www.jardiland.com/amenagement-du-jardin/mobilier-de-jardin/salon-de-jardin/salon-en-metal/36694-salon-de-jardin-lotus-set-de-6-pieces.html
66230-66230;730498;10;20170130;https://www.jardiland.com/amenagement-du-jardin/mobilier-de-jardin/salon-de-jardin/housse-de-protection/66230-nettoyant-teck-1-litre.html
65222-65222;967527;10;20170130;https://www.jardiland.com/amenagement-du-jardin/mobilier-de-jardin/salon-de-jardin/salon-en-bois/65222-fauteuil-a-accoudoirs-en-teck.html
70262-70262;1402275;10;20170130;https://www.jardiland.com/jardinage/bricolage-droguerie/tapis/70262-tapis-sully-70x40-1.html
67445-67445;1479740;10;20170130;https://www.jardiland.com/jardinage/bricolage-droguerie/insecticides-menagers/insecticide-volant-et-rampant/67445-aerosol-special-acariens.html
